[2026-03-02T13:36:37.446+0000] {processor.py:161} INFO - Started process (PID=97) to work on /home/airflow/.local/lib/python3.12/site-packages/airflow/example_dags/example_params_ui_tutorial.py
[2026-03-02T13:36:37.465+0000] {processor.py:830} INFO - Processing file /home/airflow/.local/lib/python3.12/site-packages/airflow/example_dags/example_params_ui_tutorial.py for tasks to queue
[2026-03-02T13:36:37.467+0000] {logging_mixin.py:188} INFO - [2026-03-02T13:36:37.467+0000] {dagbag.py:540} INFO - Filling up the DagBag from /home/airflow/.local/lib/python3.12/site-packages/airflow/example_dags/example_params_ui_tutorial.py
[2026-03-02T13:36:37.524+0000] {processor.py:840} INFO - DAG(s) 'example_params_ui_tutorial' retrieved from /home/airflow/.local/lib/python3.12/site-packages/airflow/example_dags/example_params_ui_tutorial.py
[2026-03-02T13:36:37.677+0000] {logging_mixin.py:188} INFO - [2026-03-02T13:36:37.677+0000] {dag.py:3096} INFO - Sync 1 DAGs
[2026-03-02T13:36:37.685+0000] {logging_mixin.py:188} INFO - [2026-03-02T13:36:37.685+0000] {dag.py:3954} INFO - Setting next_dagrun for example_params_ui_tutorial to None, run_after=None
[2026-03-02T13:36:37.716+0000] {processor.py:183} INFO - Processing /home/airflow/.local/lib/python3.12/site-packages/airflow/example_dags/example_params_ui_tutorial.py took 0.358 seconds
[2026-03-02T13:37:08.221+0000] {processor.py:161} INFO - Started process (PID=155) to work on /home/airflow/.local/lib/python3.12/site-packages/airflow/example_dags/example_params_ui_tutorial.py
[2026-03-02T13:37:08.222+0000] {processor.py:830} INFO - Processing file /home/airflow/.local/lib/python3.12/site-packages/airflow/example_dags/example_params_ui_tutorial.py for tasks to queue
[2026-03-02T13:37:08.223+0000] {logging_mixin.py:188} INFO - [2026-03-02T13:37:08.223+0000] {dagbag.py:540} INFO - Filling up the DagBag from /home/airflow/.local/lib/python3.12/site-packages/airflow/example_dags/example_params_ui_tutorial.py
[2026-03-02T13:37:08.229+0000] {processor.py:840} INFO - DAG(s) 'example_params_ui_tutorial' retrieved from /home/airflow/.local/lib/python3.12/site-packages/airflow/example_dags/example_params_ui_tutorial.py
[2026-03-02T13:37:08.254+0000] {logging_mixin.py:188} INFO - [2026-03-02T13:37:08.254+0000] {dag.py:3096} INFO - Sync 1 DAGs
[2026-03-02T13:37:08.259+0000] {logging_mixin.py:188} INFO - [2026-03-02T13:37:08.259+0000] {dag.py:3954} INFO - Setting next_dagrun for example_params_ui_tutorial to None, run_after=None
[2026-03-02T13:37:08.267+0000] {processor.py:183} INFO - Processing /home/airflow/.local/lib/python3.12/site-packages/airflow/example_dags/example_params_ui_tutorial.py took 0.049 seconds
[2026-03-02T13:37:41.193+0000] {processor.py:161} INFO - Started process (PID=213) to work on /home/airflow/.local/lib/python3.12/site-packages/airflow/example_dags/example_params_ui_tutorial.py
[2026-03-02T13:37:41.193+0000] {processor.py:830} INFO - Processing file /home/airflow/.local/lib/python3.12/site-packages/airflow/example_dags/example_params_ui_tutorial.py for tasks to queue
[2026-03-02T13:37:41.195+0000] {logging_mixin.py:188} INFO - [2026-03-02T13:37:41.195+0000] {dagbag.py:540} INFO - Filling up the DagBag from /home/airflow/.local/lib/python3.12/site-packages/airflow/example_dags/example_params_ui_tutorial.py
[2026-03-02T13:37:41.203+0000] {processor.py:840} INFO - DAG(s) 'example_params_ui_tutorial' retrieved from /home/airflow/.local/lib/python3.12/site-packages/airflow/example_dags/example_params_ui_tutorial.py
[2026-03-02T13:37:41.239+0000] {logging_mixin.py:188} INFO - [2026-03-02T13:37:41.239+0000] {dag.py:3096} INFO - Sync 1 DAGs
[2026-03-02T13:37:41.248+0000] {logging_mixin.py:188} INFO - [2026-03-02T13:37:41.248+0000] {dag.py:3954} INFO - Setting next_dagrun for example_params_ui_tutorial to None, run_after=None
[2026-03-02T13:37:41.263+0000] {processor.py:183} INFO - Processing /home/airflow/.local/lib/python3.12/site-packages/airflow/example_dags/example_params_ui_tutorial.py took 0.073 seconds
[2026-03-02T13:38:11.387+0000] {processor.py:161} INFO - Started process (PID=271) to work on /home/airflow/.local/lib/python3.12/site-packages/airflow/example_dags/example_params_ui_tutorial.py
[2026-03-02T13:38:11.389+0000] {processor.py:830} INFO - Processing file /home/airflow/.local/lib/python3.12/site-packages/airflow/example_dags/example_params_ui_tutorial.py for tasks to queue
[2026-03-02T13:38:11.389+0000] {logging_mixin.py:188} INFO - [2026-03-02T13:38:11.389+0000] {dagbag.py:540} INFO - Filling up the DagBag from /home/airflow/.local/lib/python3.12/site-packages/airflow/example_dags/example_params_ui_tutorial.py
[2026-03-02T13:38:11.395+0000] {processor.py:840} INFO - DAG(s) 'example_params_ui_tutorial' retrieved from /home/airflow/.local/lib/python3.12/site-packages/airflow/example_dags/example_params_ui_tutorial.py
[2026-03-02T13:38:11.420+0000] {logging_mixin.py:188} INFO - [2026-03-02T13:38:11.420+0000] {dag.py:3096} INFO - Sync 1 DAGs
[2026-03-02T13:38:11.426+0000] {logging_mixin.py:188} INFO - [2026-03-02T13:38:11.426+0000] {dag.py:3954} INFO - Setting next_dagrun for example_params_ui_tutorial to None, run_after=None
[2026-03-02T13:38:11.433+0000] {processor.py:183} INFO - Processing /home/airflow/.local/lib/python3.12/site-packages/airflow/example_dags/example_params_ui_tutorial.py took 0.049 seconds
[2026-03-02T13:38:42.143+0000] {processor.py:161} INFO - Started process (PID=329) to work on /home/airflow/.local/lib/python3.12/site-packages/airflow/example_dags/example_params_ui_tutorial.py
[2026-03-02T13:38:42.143+0000] {processor.py:830} INFO - Processing file /home/airflow/.local/lib/python3.12/site-packages/airflow/example_dags/example_params_ui_tutorial.py for tasks to queue
[2026-03-02T13:38:42.144+0000] {logging_mixin.py:188} INFO - [2026-03-02T13:38:42.144+0000] {dagbag.py:540} INFO - Filling up the DagBag from /home/airflow/.local/lib/python3.12/site-packages/airflow/example_dags/example_params_ui_tutorial.py
[2026-03-02T13:38:42.150+0000] {processor.py:840} INFO - DAG(s) 'example_params_ui_tutorial' retrieved from /home/airflow/.local/lib/python3.12/site-packages/airflow/example_dags/example_params_ui_tutorial.py
[2026-03-02T13:38:42.175+0000] {logging_mixin.py:188} INFO - [2026-03-02T13:38:42.175+0000] {dag.py:3096} INFO - Sync 1 DAGs
[2026-03-02T13:38:42.180+0000] {logging_mixin.py:188} INFO - [2026-03-02T13:38:42.180+0000] {dag.py:3954} INFO - Setting next_dagrun for example_params_ui_tutorial to None, run_after=None
[2026-03-02T13:38:42.188+0000] {processor.py:183} INFO - Processing /home/airflow/.local/lib/python3.12/site-packages/airflow/example_dags/example_params_ui_tutorial.py took 0.047 seconds
[2026-03-02T13:39:12.554+0000] {processor.py:161} INFO - Started process (PID=387) to work on /home/airflow/.local/lib/python3.12/site-packages/airflow/example_dags/example_params_ui_tutorial.py
[2026-03-02T13:39:12.555+0000] {processor.py:830} INFO - Processing file /home/airflow/.local/lib/python3.12/site-packages/airflow/example_dags/example_params_ui_tutorial.py for tasks to queue
[2026-03-02T13:39:12.556+0000] {logging_mixin.py:188} INFO - [2026-03-02T13:39:12.556+0000] {dagbag.py:540} INFO - Filling up the DagBag from /home/airflow/.local/lib/python3.12/site-packages/airflow/example_dags/example_params_ui_tutorial.py
[2026-03-02T13:39:12.562+0000] {processor.py:840} INFO - DAG(s) 'example_params_ui_tutorial' retrieved from /home/airflow/.local/lib/python3.12/site-packages/airflow/example_dags/example_params_ui_tutorial.py
[2026-03-02T13:39:12.587+0000] {logging_mixin.py:188} INFO - [2026-03-02T13:39:12.587+0000] {dag.py:3096} INFO - Sync 1 DAGs
[2026-03-02T13:39:12.592+0000] {logging_mixin.py:188} INFO - [2026-03-02T13:39:12.592+0000] {dag.py:3954} INFO - Setting next_dagrun for example_params_ui_tutorial to None, run_after=None
[2026-03-02T13:39:12.599+0000] {processor.py:183} INFO - Processing /home/airflow/.local/lib/python3.12/site-packages/airflow/example_dags/example_params_ui_tutorial.py took 0.047 seconds
[2026-03-02T13:39:43.052+0000] {processor.py:161} INFO - Started process (PID=445) to work on /home/airflow/.local/lib/python3.12/site-packages/airflow/example_dags/example_params_ui_tutorial.py
[2026-03-02T13:39:43.053+0000] {processor.py:830} INFO - Processing file /home/airflow/.local/lib/python3.12/site-packages/airflow/example_dags/example_params_ui_tutorial.py for tasks to queue
[2026-03-02T13:39:43.054+0000] {logging_mixin.py:188} INFO - [2026-03-02T13:39:43.054+0000] {dagbag.py:540} INFO - Filling up the DagBag from /home/airflow/.local/lib/python3.12/site-packages/airflow/example_dags/example_params_ui_tutorial.py
[2026-03-02T13:39:43.061+0000] {processor.py:840} INFO - DAG(s) 'example_params_ui_tutorial' retrieved from /home/airflow/.local/lib/python3.12/site-packages/airflow/example_dags/example_params_ui_tutorial.py
[2026-03-02T13:39:43.083+0000] {logging_mixin.py:188} INFO - [2026-03-02T13:39:43.083+0000] {dag.py:3096} INFO - Sync 1 DAGs
[2026-03-02T13:39:43.090+0000] {logging_mixin.py:188} INFO - [2026-03-02T13:39:43.089+0000] {dag.py:3954} INFO - Setting next_dagrun for example_params_ui_tutorial to None, run_after=None
[2026-03-02T13:39:43.097+0000] {processor.py:183} INFO - Processing /home/airflow/.local/lib/python3.12/site-packages/airflow/example_dags/example_params_ui_tutorial.py took 0.048 seconds
[2026-03-02T13:40:13.379+0000] {processor.py:161} INFO - Started process (PID=503) to work on /home/airflow/.local/lib/python3.12/site-packages/airflow/example_dags/example_params_ui_tutorial.py
[2026-03-02T13:40:13.382+0000] {processor.py:830} INFO - Processing file /home/airflow/.local/lib/python3.12/site-packages/airflow/example_dags/example_params_ui_tutorial.py for tasks to queue
[2026-03-02T13:40:13.383+0000] {logging_mixin.py:188} INFO - [2026-03-02T13:40:13.383+0000] {dagbag.py:540} INFO - Filling up the DagBag from /home/airflow/.local/lib/python3.12/site-packages/airflow/example_dags/example_params_ui_tutorial.py
[2026-03-02T13:40:13.389+0000] {processor.py:840} INFO - DAG(s) 'example_params_ui_tutorial' retrieved from /home/airflow/.local/lib/python3.12/site-packages/airflow/example_dags/example_params_ui_tutorial.py
[2026-03-02T13:40:13.408+0000] {logging_mixin.py:188} INFO - [2026-03-02T13:40:13.408+0000] {dag.py:3096} INFO - Sync 1 DAGs
[2026-03-02T13:40:13.414+0000] {logging_mixin.py:188} INFO - [2026-03-02T13:40:13.414+0000] {dag.py:3954} INFO - Setting next_dagrun for example_params_ui_tutorial to None, run_after=None
[2026-03-02T13:40:13.421+0000] {processor.py:183} INFO - Processing /home/airflow/.local/lib/python3.12/site-packages/airflow/example_dags/example_params_ui_tutorial.py took 0.044 seconds
[2026-03-02T13:40:43.741+0000] {processor.py:161} INFO - Started process (PID=561) to work on /home/airflow/.local/lib/python3.12/site-packages/airflow/example_dags/example_params_ui_tutorial.py
[2026-03-02T13:40:43.742+0000] {processor.py:830} INFO - Processing file /home/airflow/.local/lib/python3.12/site-packages/airflow/example_dags/example_params_ui_tutorial.py for tasks to queue
[2026-03-02T13:40:43.746+0000] {logging_mixin.py:188} INFO - [2026-03-02T13:40:43.746+0000] {dagbag.py:540} INFO - Filling up the DagBag from /home/airflow/.local/lib/python3.12/site-packages/airflow/example_dags/example_params_ui_tutorial.py
[2026-03-02T13:40:43.751+0000] {processor.py:840} INFO - DAG(s) 'example_params_ui_tutorial' retrieved from /home/airflow/.local/lib/python3.12/site-packages/airflow/example_dags/example_params_ui_tutorial.py
[2026-03-02T13:40:43.773+0000] {logging_mixin.py:188} INFO - [2026-03-02T13:40:43.773+0000] {dag.py:3096} INFO - Sync 1 DAGs
[2026-03-02T13:40:43.778+0000] {logging_mixin.py:188} INFO - [2026-03-02T13:40:43.778+0000] {dag.py:3954} INFO - Setting next_dagrun for example_params_ui_tutorial to None, run_after=None
[2026-03-02T13:40:43.788+0000] {processor.py:183} INFO - Processing /home/airflow/.local/lib/python3.12/site-packages/airflow/example_dags/example_params_ui_tutorial.py took 0.049 seconds
[2026-03-02T13:41:14.236+0000] {processor.py:161} INFO - Started process (PID=619) to work on /home/airflow/.local/lib/python3.12/site-packages/airflow/example_dags/example_params_ui_tutorial.py
[2026-03-02T13:41:14.237+0000] {processor.py:830} INFO - Processing file /home/airflow/.local/lib/python3.12/site-packages/airflow/example_dags/example_params_ui_tutorial.py for tasks to queue
[2026-03-02T13:41:14.237+0000] {logging_mixin.py:188} INFO - [2026-03-02T13:41:14.237+0000] {dagbag.py:540} INFO - Filling up the DagBag from /home/airflow/.local/lib/python3.12/site-packages/airflow/example_dags/example_params_ui_tutorial.py
[2026-03-02T13:41:14.244+0000] {processor.py:840} INFO - DAG(s) 'example_params_ui_tutorial' retrieved from /home/airflow/.local/lib/python3.12/site-packages/airflow/example_dags/example_params_ui_tutorial.py
[2026-03-02T13:41:14.266+0000] {logging_mixin.py:188} INFO - [2026-03-02T13:41:14.266+0000] {dag.py:3096} INFO - Sync 1 DAGs
[2026-03-02T13:41:14.271+0000] {logging_mixin.py:188} INFO - [2026-03-02T13:41:14.271+0000] {dag.py:3954} INFO - Setting next_dagrun for example_params_ui_tutorial to None, run_after=None
[2026-03-02T13:41:14.278+0000] {processor.py:183} INFO - Processing /home/airflow/.local/lib/python3.12/site-packages/airflow/example_dags/example_params_ui_tutorial.py took 0.044 seconds
[2026-03-02T13:41:44.595+0000] {processor.py:161} INFO - Started process (PID=677) to work on /home/airflow/.local/lib/python3.12/site-packages/airflow/example_dags/example_params_ui_tutorial.py
[2026-03-02T13:41:44.595+0000] {processor.py:830} INFO - Processing file /home/airflow/.local/lib/python3.12/site-packages/airflow/example_dags/example_params_ui_tutorial.py for tasks to queue
[2026-03-02T13:41:44.598+0000] {logging_mixin.py:188} INFO - [2026-03-02T13:41:44.597+0000] {dagbag.py:540} INFO - Filling up the DagBag from /home/airflow/.local/lib/python3.12/site-packages/airflow/example_dags/example_params_ui_tutorial.py
[2026-03-02T13:41:44.604+0000] {processor.py:840} INFO - DAG(s) 'example_params_ui_tutorial' retrieved from /home/airflow/.local/lib/python3.12/site-packages/airflow/example_dags/example_params_ui_tutorial.py
[2026-03-02T13:41:44.626+0000] {logging_mixin.py:188} INFO - [2026-03-02T13:41:44.626+0000] {dag.py:3096} INFO - Sync 1 DAGs
[2026-03-02T13:41:44.633+0000] {logging_mixin.py:188} INFO - [2026-03-02T13:41:44.633+0000] {dag.py:3954} INFO - Setting next_dagrun for example_params_ui_tutorial to None, run_after=None
[2026-03-02T13:41:44.642+0000] {processor.py:183} INFO - Processing /home/airflow/.local/lib/python3.12/site-packages/airflow/example_dags/example_params_ui_tutorial.py took 0.050 seconds
[2026-03-02T13:42:14.991+0000] {processor.py:161} INFO - Started process (PID=735) to work on /home/airflow/.local/lib/python3.12/site-packages/airflow/example_dags/example_params_ui_tutorial.py
[2026-03-02T13:42:14.992+0000] {processor.py:830} INFO - Processing file /home/airflow/.local/lib/python3.12/site-packages/airflow/example_dags/example_params_ui_tutorial.py for tasks to queue
[2026-03-02T13:42:14.993+0000] {logging_mixin.py:188} INFO - [2026-03-02T13:42:14.992+0000] {dagbag.py:540} INFO - Filling up the DagBag from /home/airflow/.local/lib/python3.12/site-packages/airflow/example_dags/example_params_ui_tutorial.py
[2026-03-02T13:42:14.999+0000] {processor.py:840} INFO - DAG(s) 'example_params_ui_tutorial' retrieved from /home/airflow/.local/lib/python3.12/site-packages/airflow/example_dags/example_params_ui_tutorial.py
[2026-03-02T13:42:15.020+0000] {logging_mixin.py:188} INFO - [2026-03-02T13:42:15.020+0000] {dag.py:3096} INFO - Sync 1 DAGs
[2026-03-02T13:42:15.024+0000] {logging_mixin.py:188} INFO - [2026-03-02T13:42:15.024+0000] {dag.py:3954} INFO - Setting next_dagrun for example_params_ui_tutorial to None, run_after=None
[2026-03-02T13:42:15.032+0000] {processor.py:183} INFO - Processing /home/airflow/.local/lib/python3.12/site-packages/airflow/example_dags/example_params_ui_tutorial.py took 0.043 seconds
[2026-03-02T13:42:45.497+0000] {processor.py:161} INFO - Started process (PID=793) to work on /home/airflow/.local/lib/python3.12/site-packages/airflow/example_dags/example_params_ui_tutorial.py
[2026-03-02T13:42:45.497+0000] {processor.py:830} INFO - Processing file /home/airflow/.local/lib/python3.12/site-packages/airflow/example_dags/example_params_ui_tutorial.py for tasks to queue
[2026-03-02T13:42:45.498+0000] {logging_mixin.py:188} INFO - [2026-03-02T13:42:45.498+0000] {dagbag.py:540} INFO - Filling up the DagBag from /home/airflow/.local/lib/python3.12/site-packages/airflow/example_dags/example_params_ui_tutorial.py
[2026-03-02T13:42:45.503+0000] {processor.py:840} INFO - DAG(s) 'example_params_ui_tutorial' retrieved from /home/airflow/.local/lib/python3.12/site-packages/airflow/example_dags/example_params_ui_tutorial.py
[2026-03-02T13:42:45.521+0000] {logging_mixin.py:188} INFO - [2026-03-02T13:42:45.521+0000] {dag.py:3096} INFO - Sync 1 DAGs
[2026-03-02T13:42:45.525+0000] {logging_mixin.py:188} INFO - [2026-03-02T13:42:45.525+0000] {dag.py:3954} INFO - Setting next_dagrun for example_params_ui_tutorial to None, run_after=None
[2026-03-02T13:42:45.532+0000] {processor.py:183} INFO - Processing /home/airflow/.local/lib/python3.12/site-packages/airflow/example_dags/example_params_ui_tutorial.py took 0.037 seconds
[2026-03-02T13:43:16.347+0000] {processor.py:161} INFO - Started process (PID=851) to work on /home/airflow/.local/lib/python3.12/site-packages/airflow/example_dags/example_params_ui_tutorial.py
[2026-03-02T13:43:16.348+0000] {processor.py:830} INFO - Processing file /home/airflow/.local/lib/python3.12/site-packages/airflow/example_dags/example_params_ui_tutorial.py for tasks to queue
[2026-03-02T13:43:16.349+0000] {logging_mixin.py:188} INFO - [2026-03-02T13:43:16.349+0000] {dagbag.py:540} INFO - Filling up the DagBag from /home/airflow/.local/lib/python3.12/site-packages/airflow/example_dags/example_params_ui_tutorial.py
[2026-03-02T13:43:16.354+0000] {processor.py:840} INFO - DAG(s) 'example_params_ui_tutorial' retrieved from /home/airflow/.local/lib/python3.12/site-packages/airflow/example_dags/example_params_ui_tutorial.py
[2026-03-02T13:43:16.378+0000] {logging_mixin.py:188} INFO - [2026-03-02T13:43:16.378+0000] {dag.py:3096} INFO - Sync 1 DAGs
[2026-03-02T13:43:16.383+0000] {logging_mixin.py:188} INFO - [2026-03-02T13:43:16.383+0000] {dag.py:3954} INFO - Setting next_dagrun for example_params_ui_tutorial to None, run_after=None
[2026-03-02T13:43:16.390+0000] {processor.py:183} INFO - Processing /home/airflow/.local/lib/python3.12/site-packages/airflow/example_dags/example_params_ui_tutorial.py took 0.045 seconds
[2026-03-02T13:43:47.819+0000] {processor.py:161} INFO - Started process (PID=909) to work on /home/airflow/.local/lib/python3.12/site-packages/airflow/example_dags/example_params_ui_tutorial.py
[2026-03-02T13:43:47.819+0000] {processor.py:830} INFO - Processing file /home/airflow/.local/lib/python3.12/site-packages/airflow/example_dags/example_params_ui_tutorial.py for tasks to queue
[2026-03-02T13:43:47.820+0000] {logging_mixin.py:188} INFO - [2026-03-02T13:43:47.820+0000] {dagbag.py:540} INFO - Filling up the DagBag from /home/airflow/.local/lib/python3.12/site-packages/airflow/example_dags/example_params_ui_tutorial.py
[2026-03-02T13:43:47.827+0000] {processor.py:840} INFO - DAG(s) 'example_params_ui_tutorial' retrieved from /home/airflow/.local/lib/python3.12/site-packages/airflow/example_dags/example_params_ui_tutorial.py
[2026-03-02T13:43:47.858+0000] {logging_mixin.py:188} INFO - [2026-03-02T13:43:47.858+0000] {dag.py:3096} INFO - Sync 1 DAGs
[2026-03-02T13:43:47.867+0000] {logging_mixin.py:188} INFO - [2026-03-02T13:43:47.867+0000] {dag.py:3954} INFO - Setting next_dagrun for example_params_ui_tutorial to None, run_after=None
[2026-03-02T13:43:47.879+0000] {processor.py:183} INFO - Processing /home/airflow/.local/lib/python3.12/site-packages/airflow/example_dags/example_params_ui_tutorial.py took 0.067 seconds
[2026-03-02T13:44:18.606+0000] {processor.py:161} INFO - Started process (PID=967) to work on /home/airflow/.local/lib/python3.12/site-packages/airflow/example_dags/example_params_ui_tutorial.py
[2026-03-02T13:44:18.607+0000] {processor.py:830} INFO - Processing file /home/airflow/.local/lib/python3.12/site-packages/airflow/example_dags/example_params_ui_tutorial.py for tasks to queue
[2026-03-02T13:44:18.608+0000] {logging_mixin.py:188} INFO - [2026-03-02T13:44:18.607+0000] {dagbag.py:540} INFO - Filling up the DagBag from /home/airflow/.local/lib/python3.12/site-packages/airflow/example_dags/example_params_ui_tutorial.py
[2026-03-02T13:44:18.614+0000] {processor.py:840} INFO - DAG(s) 'example_params_ui_tutorial' retrieved from /home/airflow/.local/lib/python3.12/site-packages/airflow/example_dags/example_params_ui_tutorial.py
[2026-03-02T13:44:18.639+0000] {logging_mixin.py:188} INFO - [2026-03-02T13:44:18.639+0000] {dag.py:3096} INFO - Sync 1 DAGs
[2026-03-02T13:44:18.645+0000] {logging_mixin.py:188} INFO - [2026-03-02T13:44:18.645+0000] {dag.py:3954} INFO - Setting next_dagrun for example_params_ui_tutorial to None, run_after=None
[2026-03-02T13:44:18.654+0000] {processor.py:183} INFO - Processing /home/airflow/.local/lib/python3.12/site-packages/airflow/example_dags/example_params_ui_tutorial.py took 0.051 seconds
[2026-03-02T13:44:49.352+0000] {processor.py:161} INFO - Started process (PID=1024) to work on /home/airflow/.local/lib/python3.12/site-packages/airflow/example_dags/example_params_ui_tutorial.py
[2026-03-02T13:44:49.352+0000] {processor.py:830} INFO - Processing file /home/airflow/.local/lib/python3.12/site-packages/airflow/example_dags/example_params_ui_tutorial.py for tasks to queue
[2026-03-02T13:44:49.353+0000] {logging_mixin.py:188} INFO - [2026-03-02T13:44:49.353+0000] {dagbag.py:540} INFO - Filling up the DagBag from /home/airflow/.local/lib/python3.12/site-packages/airflow/example_dags/example_params_ui_tutorial.py
[2026-03-02T13:44:49.358+0000] {processor.py:840} INFO - DAG(s) 'example_params_ui_tutorial' retrieved from /home/airflow/.local/lib/python3.12/site-packages/airflow/example_dags/example_params_ui_tutorial.py
[2026-03-02T13:44:49.389+0000] {logging_mixin.py:188} INFO - [2026-03-02T13:44:49.389+0000] {dag.py:3096} INFO - Sync 1 DAGs
[2026-03-02T13:44:49.399+0000] {logging_mixin.py:188} INFO - [2026-03-02T13:44:49.399+0000] {dag.py:3954} INFO - Setting next_dagrun for example_params_ui_tutorial to None, run_after=None
[2026-03-02T13:44:49.498+0000] {processor.py:183} INFO - Processing /home/airflow/.local/lib/python3.12/site-packages/airflow/example_dags/example_params_ui_tutorial.py took 0.149 seconds
[2026-03-02T13:45:20.383+0000] {processor.py:161} INFO - Started process (PID=1082) to work on /home/airflow/.local/lib/python3.12/site-packages/airflow/example_dags/example_params_ui_tutorial.py
[2026-03-02T13:45:20.384+0000] {processor.py:830} INFO - Processing file /home/airflow/.local/lib/python3.12/site-packages/airflow/example_dags/example_params_ui_tutorial.py for tasks to queue
[2026-03-02T13:45:20.385+0000] {logging_mixin.py:188} INFO - [2026-03-02T13:45:20.385+0000] {dagbag.py:540} INFO - Filling up the DagBag from /home/airflow/.local/lib/python3.12/site-packages/airflow/example_dags/example_params_ui_tutorial.py
[2026-03-02T13:45:20.391+0000] {processor.py:840} INFO - DAG(s) 'example_params_ui_tutorial' retrieved from /home/airflow/.local/lib/python3.12/site-packages/airflow/example_dags/example_params_ui_tutorial.py
[2026-03-02T13:45:20.412+0000] {logging_mixin.py:188} INFO - [2026-03-02T13:45:20.412+0000] {dag.py:3096} INFO - Sync 1 DAGs
[2026-03-02T13:45:20.417+0000] {logging_mixin.py:188} INFO - [2026-03-02T13:45:20.417+0000] {dag.py:3954} INFO - Setting next_dagrun for example_params_ui_tutorial to None, run_after=None
[2026-03-02T13:45:20.424+0000] {processor.py:183} INFO - Processing /home/airflow/.local/lib/python3.12/site-packages/airflow/example_dags/example_params_ui_tutorial.py took 0.044 seconds
[2026-03-02T13:45:51.387+0000] {processor.py:161} INFO - Started process (PID=1140) to work on /home/airflow/.local/lib/python3.12/site-packages/airflow/example_dags/example_params_ui_tutorial.py
[2026-03-02T13:45:51.387+0000] {processor.py:830} INFO - Processing file /home/airflow/.local/lib/python3.12/site-packages/airflow/example_dags/example_params_ui_tutorial.py for tasks to queue
[2026-03-02T13:45:51.388+0000] {logging_mixin.py:188} INFO - [2026-03-02T13:45:51.388+0000] {dagbag.py:540} INFO - Filling up the DagBag from /home/airflow/.local/lib/python3.12/site-packages/airflow/example_dags/example_params_ui_tutorial.py
[2026-03-02T13:45:51.393+0000] {processor.py:840} INFO - DAG(s) 'example_params_ui_tutorial' retrieved from /home/airflow/.local/lib/python3.12/site-packages/airflow/example_dags/example_params_ui_tutorial.py
[2026-03-02T13:45:51.416+0000] {logging_mixin.py:188} INFO - [2026-03-02T13:45:51.416+0000] {dag.py:3096} INFO - Sync 1 DAGs
[2026-03-02T13:45:51.422+0000] {logging_mixin.py:188} INFO - [2026-03-02T13:45:51.421+0000] {dag.py:3954} INFO - Setting next_dagrun for example_params_ui_tutorial to None, run_after=None
[2026-03-02T13:45:51.431+0000] {processor.py:183} INFO - Processing /home/airflow/.local/lib/python3.12/site-packages/airflow/example_dags/example_params_ui_tutorial.py took 0.047 seconds
[2026-03-02T13:46:22.633+0000] {processor.py:161} INFO - Started process (PID=1198) to work on /home/airflow/.local/lib/python3.12/site-packages/airflow/example_dags/example_params_ui_tutorial.py
[2026-03-02T13:46:22.633+0000] {processor.py:830} INFO - Processing file /home/airflow/.local/lib/python3.12/site-packages/airflow/example_dags/example_params_ui_tutorial.py for tasks to queue
[2026-03-02T13:46:22.634+0000] {logging_mixin.py:188} INFO - [2026-03-02T13:46:22.633+0000] {dagbag.py:540} INFO - Filling up the DagBag from /home/airflow/.local/lib/python3.12/site-packages/airflow/example_dags/example_params_ui_tutorial.py
[2026-03-02T13:46:22.638+0000] {processor.py:840} INFO - DAG(s) 'example_params_ui_tutorial' retrieved from /home/airflow/.local/lib/python3.12/site-packages/airflow/example_dags/example_params_ui_tutorial.py
[2026-03-02T13:46:22.661+0000] {logging_mixin.py:188} INFO - [2026-03-02T13:46:22.661+0000] {dag.py:3096} INFO - Sync 1 DAGs
[2026-03-02T13:46:22.666+0000] {logging_mixin.py:188} INFO - [2026-03-02T13:46:22.666+0000] {dag.py:3954} INFO - Setting next_dagrun for example_params_ui_tutorial to None, run_after=None
[2026-03-02T13:46:22.672+0000] {processor.py:183} INFO - Processing /home/airflow/.local/lib/python3.12/site-packages/airflow/example_dags/example_params_ui_tutorial.py took 0.042 seconds
[2026-03-02T13:46:52.862+0000] {processor.py:161} INFO - Started process (PID=1256) to work on /home/airflow/.local/lib/python3.12/site-packages/airflow/example_dags/example_params_ui_tutorial.py
[2026-03-02T13:46:52.862+0000] {processor.py:830} INFO - Processing file /home/airflow/.local/lib/python3.12/site-packages/airflow/example_dags/example_params_ui_tutorial.py for tasks to queue
[2026-03-02T13:46:52.864+0000] {logging_mixin.py:188} INFO - [2026-03-02T13:46:52.864+0000] {dagbag.py:540} INFO - Filling up the DagBag from /home/airflow/.local/lib/python3.12/site-packages/airflow/example_dags/example_params_ui_tutorial.py
[2026-03-02T13:46:52.872+0000] {processor.py:840} INFO - DAG(s) 'example_params_ui_tutorial' retrieved from /home/airflow/.local/lib/python3.12/site-packages/airflow/example_dags/example_params_ui_tutorial.py
[2026-03-02T13:46:52.898+0000] {logging_mixin.py:188} INFO - [2026-03-02T13:46:52.897+0000] {dag.py:3096} INFO - Sync 1 DAGs
[2026-03-02T13:46:52.904+0000] {logging_mixin.py:188} INFO - [2026-03-02T13:46:52.903+0000] {dag.py:3954} INFO - Setting next_dagrun for example_params_ui_tutorial to None, run_after=None
[2026-03-02T13:46:52.912+0000] {processor.py:183} INFO - Processing /home/airflow/.local/lib/python3.12/site-packages/airflow/example_dags/example_params_ui_tutorial.py took 0.055 seconds
[2026-03-02T13:47:23.305+0000] {processor.py:161} INFO - Started process (PID=1314) to work on /home/airflow/.local/lib/python3.12/site-packages/airflow/example_dags/example_params_ui_tutorial.py
[2026-03-02T13:47:23.309+0000] {processor.py:830} INFO - Processing file /home/airflow/.local/lib/python3.12/site-packages/airflow/example_dags/example_params_ui_tutorial.py for tasks to queue
[2026-03-02T13:47:23.309+0000] {logging_mixin.py:188} INFO - [2026-03-02T13:47:23.309+0000] {dagbag.py:540} INFO - Filling up the DagBag from /home/airflow/.local/lib/python3.12/site-packages/airflow/example_dags/example_params_ui_tutorial.py
[2026-03-02T13:47:23.314+0000] {processor.py:840} INFO - DAG(s) 'example_params_ui_tutorial' retrieved from /home/airflow/.local/lib/python3.12/site-packages/airflow/example_dags/example_params_ui_tutorial.py
[2026-03-02T13:47:23.345+0000] {logging_mixin.py:188} INFO - [2026-03-02T13:47:23.345+0000] {dag.py:3096} INFO - Sync 1 DAGs
[2026-03-02T13:47:23.350+0000] {logging_mixin.py:188} INFO - [2026-03-02T13:47:23.350+0000] {dag.py:3954} INFO - Setting next_dagrun for example_params_ui_tutorial to None, run_after=None
[2026-03-02T13:47:23.358+0000] {processor.py:183} INFO - Processing /home/airflow/.local/lib/python3.12/site-packages/airflow/example_dags/example_params_ui_tutorial.py took 0.056 seconds
[2026-03-02T13:47:53.930+0000] {processor.py:161} INFO - Started process (PID=1372) to work on /home/airflow/.local/lib/python3.12/site-packages/airflow/example_dags/example_params_ui_tutorial.py
[2026-03-02T13:47:53.931+0000] {processor.py:830} INFO - Processing file /home/airflow/.local/lib/python3.12/site-packages/airflow/example_dags/example_params_ui_tutorial.py for tasks to queue
[2026-03-02T13:47:53.932+0000] {logging_mixin.py:188} INFO - [2026-03-02T13:47:53.931+0000] {dagbag.py:540} INFO - Filling up the DagBag from /home/airflow/.local/lib/python3.12/site-packages/airflow/example_dags/example_params_ui_tutorial.py
[2026-03-02T13:47:53.937+0000] {processor.py:840} INFO - DAG(s) 'example_params_ui_tutorial' retrieved from /home/airflow/.local/lib/python3.12/site-packages/airflow/example_dags/example_params_ui_tutorial.py
[2026-03-02T13:47:53.965+0000] {logging_mixin.py:188} INFO - [2026-03-02T13:47:53.965+0000] {dag.py:3096} INFO - Sync 1 DAGs
[2026-03-02T13:47:53.970+0000] {logging_mixin.py:188} INFO - [2026-03-02T13:47:53.970+0000] {dag.py:3954} INFO - Setting next_dagrun for example_params_ui_tutorial to None, run_after=None
[2026-03-02T13:47:53.977+0000] {processor.py:183} INFO - Processing /home/airflow/.local/lib/python3.12/site-packages/airflow/example_dags/example_params_ui_tutorial.py took 0.049 seconds
[2026-03-02T13:48:24.060+0000] {processor.py:161} INFO - Started process (PID=1430) to work on /home/airflow/.local/lib/python3.12/site-packages/airflow/example_dags/example_params_ui_tutorial.py
[2026-03-02T13:48:24.061+0000] {processor.py:830} INFO - Processing file /home/airflow/.local/lib/python3.12/site-packages/airflow/example_dags/example_params_ui_tutorial.py for tasks to queue
[2026-03-02T13:48:24.062+0000] {logging_mixin.py:188} INFO - [2026-03-02T13:48:24.062+0000] {dagbag.py:540} INFO - Filling up the DagBag from /home/airflow/.local/lib/python3.12/site-packages/airflow/example_dags/example_params_ui_tutorial.py
[2026-03-02T13:48:24.069+0000] {processor.py:840} INFO - DAG(s) 'example_params_ui_tutorial' retrieved from /home/airflow/.local/lib/python3.12/site-packages/airflow/example_dags/example_params_ui_tutorial.py
[2026-03-02T13:48:24.103+0000] {logging_mixin.py:188} INFO - [2026-03-02T13:48:24.103+0000] {dag.py:3096} INFO - Sync 1 DAGs
[2026-03-02T13:48:24.111+0000] {logging_mixin.py:188} INFO - [2026-03-02T13:48:24.111+0000] {dag.py:3954} INFO - Setting next_dagrun for example_params_ui_tutorial to None, run_after=None
[2026-03-02T13:48:24.124+0000] {processor.py:183} INFO - Processing /home/airflow/.local/lib/python3.12/site-packages/airflow/example_dags/example_params_ui_tutorial.py took 0.066 seconds
[2026-03-02T13:48:54.616+0000] {processor.py:161} INFO - Started process (PID=1488) to work on /home/airflow/.local/lib/python3.12/site-packages/airflow/example_dags/example_params_ui_tutorial.py
[2026-03-02T13:48:54.618+0000] {processor.py:830} INFO - Processing file /home/airflow/.local/lib/python3.12/site-packages/airflow/example_dags/example_params_ui_tutorial.py for tasks to queue
[2026-03-02T13:48:54.620+0000] {logging_mixin.py:188} INFO - [2026-03-02T13:48:54.620+0000] {dagbag.py:540} INFO - Filling up the DagBag from /home/airflow/.local/lib/python3.12/site-packages/airflow/example_dags/example_params_ui_tutorial.py
[2026-03-02T13:48:54.628+0000] {processor.py:840} INFO - DAG(s) 'example_params_ui_tutorial' retrieved from /home/airflow/.local/lib/python3.12/site-packages/airflow/example_dags/example_params_ui_tutorial.py
[2026-03-02T13:48:54.658+0000] {logging_mixin.py:188} INFO - [2026-03-02T13:48:54.658+0000] {dag.py:3096} INFO - Sync 1 DAGs
[2026-03-02T13:48:54.665+0000] {logging_mixin.py:188} INFO - [2026-03-02T13:48:54.665+0000] {dag.py:3954} INFO - Setting next_dagrun for example_params_ui_tutorial to None, run_after=None
[2026-03-02T13:48:54.672+0000] {processor.py:183} INFO - Processing /home/airflow/.local/lib/python3.12/site-packages/airflow/example_dags/example_params_ui_tutorial.py took 0.060 seconds
[2026-03-02T13:49:25.042+0000] {processor.py:161} INFO - Started process (PID=1546) to work on /home/airflow/.local/lib/python3.12/site-packages/airflow/example_dags/example_params_ui_tutorial.py
[2026-03-02T13:49:25.042+0000] {processor.py:830} INFO - Processing file /home/airflow/.local/lib/python3.12/site-packages/airflow/example_dags/example_params_ui_tutorial.py for tasks to queue
[2026-03-02T13:49:25.043+0000] {logging_mixin.py:188} INFO - [2026-03-02T13:49:25.043+0000] {dagbag.py:540} INFO - Filling up the DagBag from /home/airflow/.local/lib/python3.12/site-packages/airflow/example_dags/example_params_ui_tutorial.py
[2026-03-02T13:49:25.048+0000] {processor.py:840} INFO - DAG(s) 'example_params_ui_tutorial' retrieved from /home/airflow/.local/lib/python3.12/site-packages/airflow/example_dags/example_params_ui_tutorial.py
[2026-03-02T13:49:25.072+0000] {logging_mixin.py:188} INFO - [2026-03-02T13:49:25.072+0000] {dag.py:3096} INFO - Sync 1 DAGs
[2026-03-02T13:49:25.078+0000] {logging_mixin.py:188} INFO - [2026-03-02T13:49:25.078+0000] {dag.py:3954} INFO - Setting next_dagrun for example_params_ui_tutorial to None, run_after=None
[2026-03-02T13:49:25.089+0000] {processor.py:183} INFO - Processing /home/airflow/.local/lib/python3.12/site-packages/airflow/example_dags/example_params_ui_tutorial.py took 0.050 seconds
[2026-03-02T13:49:55.590+0000] {processor.py:161} INFO - Started process (PID=1604) to work on /home/airflow/.local/lib/python3.12/site-packages/airflow/example_dags/example_params_ui_tutorial.py
[2026-03-02T13:49:55.590+0000] {processor.py:830} INFO - Processing file /home/airflow/.local/lib/python3.12/site-packages/airflow/example_dags/example_params_ui_tutorial.py for tasks to queue
[2026-03-02T13:49:55.593+0000] {logging_mixin.py:188} INFO - [2026-03-02T13:49:55.593+0000] {dagbag.py:540} INFO - Filling up the DagBag from /home/airflow/.local/lib/python3.12/site-packages/airflow/example_dags/example_params_ui_tutorial.py
[2026-03-02T13:49:55.601+0000] {processor.py:840} INFO - DAG(s) 'example_params_ui_tutorial' retrieved from /home/airflow/.local/lib/python3.12/site-packages/airflow/example_dags/example_params_ui_tutorial.py
[2026-03-02T13:49:55.626+0000] {logging_mixin.py:188} INFO - [2026-03-02T13:49:55.626+0000] {dag.py:3096} INFO - Sync 1 DAGs
[2026-03-02T13:49:55.641+0000] {logging_mixin.py:188} INFO - [2026-03-02T13:49:55.640+0000] {dag.py:3954} INFO - Setting next_dagrun for example_params_ui_tutorial to None, run_after=None
[2026-03-02T13:49:55.660+0000] {processor.py:183} INFO - Processing /home/airflow/.local/lib/python3.12/site-packages/airflow/example_dags/example_params_ui_tutorial.py took 0.074 seconds
[2026-03-02T13:50:25.775+0000] {processor.py:161} INFO - Started process (PID=1662) to work on /home/airflow/.local/lib/python3.12/site-packages/airflow/example_dags/example_params_ui_tutorial.py
[2026-03-02T13:50:25.776+0000] {processor.py:830} INFO - Processing file /home/airflow/.local/lib/python3.12/site-packages/airflow/example_dags/example_params_ui_tutorial.py for tasks to queue
[2026-03-02T13:50:25.777+0000] {logging_mixin.py:188} INFO - [2026-03-02T13:50:25.777+0000] {dagbag.py:540} INFO - Filling up the DagBag from /home/airflow/.local/lib/python3.12/site-packages/airflow/example_dags/example_params_ui_tutorial.py
[2026-03-02T13:50:25.783+0000] {processor.py:840} INFO - DAG(s) 'example_params_ui_tutorial' retrieved from /home/airflow/.local/lib/python3.12/site-packages/airflow/example_dags/example_params_ui_tutorial.py
[2026-03-02T13:50:25.806+0000] {logging_mixin.py:188} INFO - [2026-03-02T13:50:25.806+0000] {dag.py:3096} INFO - Sync 1 DAGs
[2026-03-02T13:50:25.815+0000] {logging_mixin.py:188} INFO - [2026-03-02T13:50:25.815+0000] {dag.py:3954} INFO - Setting next_dagrun for example_params_ui_tutorial to None, run_after=None
[2026-03-02T13:50:25.826+0000] {processor.py:183} INFO - Processing /home/airflow/.local/lib/python3.12/site-packages/airflow/example_dags/example_params_ui_tutorial.py took 0.053 seconds
[2026-03-02T13:50:56.719+0000] {processor.py:161} INFO - Started process (PID=1720) to work on /home/airflow/.local/lib/python3.12/site-packages/airflow/example_dags/example_params_ui_tutorial.py
[2026-03-02T13:50:56.721+0000] {processor.py:830} INFO - Processing file /home/airflow/.local/lib/python3.12/site-packages/airflow/example_dags/example_params_ui_tutorial.py for tasks to queue
[2026-03-02T13:50:56.723+0000] {logging_mixin.py:188} INFO - [2026-03-02T13:50:56.723+0000] {dagbag.py:540} INFO - Filling up the DagBag from /home/airflow/.local/lib/python3.12/site-packages/airflow/example_dags/example_params_ui_tutorial.py
[2026-03-02T13:50:56.732+0000] {processor.py:840} INFO - DAG(s) 'example_params_ui_tutorial' retrieved from /home/airflow/.local/lib/python3.12/site-packages/airflow/example_dags/example_params_ui_tutorial.py
[2026-03-02T13:50:56.769+0000] {logging_mixin.py:188} INFO - [2026-03-02T13:50:56.769+0000] {dag.py:3096} INFO - Sync 1 DAGs
[2026-03-02T13:50:56.775+0000] {logging_mixin.py:188} INFO - [2026-03-02T13:50:56.775+0000] {dag.py:3954} INFO - Setting next_dagrun for example_params_ui_tutorial to None, run_after=None
[2026-03-02T13:50:56.783+0000] {processor.py:183} INFO - Processing /home/airflow/.local/lib/python3.12/site-packages/airflow/example_dags/example_params_ui_tutorial.py took 0.067 seconds
[2026-03-02T13:51:27.486+0000] {processor.py:161} INFO - Started process (PID=1778) to work on /home/airflow/.local/lib/python3.12/site-packages/airflow/example_dags/example_params_ui_tutorial.py
[2026-03-02T13:51:27.487+0000] {processor.py:830} INFO - Processing file /home/airflow/.local/lib/python3.12/site-packages/airflow/example_dags/example_params_ui_tutorial.py for tasks to queue
[2026-03-02T13:51:27.488+0000] {logging_mixin.py:188} INFO - [2026-03-02T13:51:27.488+0000] {dagbag.py:540} INFO - Filling up the DagBag from /home/airflow/.local/lib/python3.12/site-packages/airflow/example_dags/example_params_ui_tutorial.py
[2026-03-02T13:51:27.494+0000] {processor.py:840} INFO - DAG(s) 'example_params_ui_tutorial' retrieved from /home/airflow/.local/lib/python3.12/site-packages/airflow/example_dags/example_params_ui_tutorial.py
[2026-03-02T13:51:27.523+0000] {logging_mixin.py:188} INFO - [2026-03-02T13:51:27.523+0000] {dag.py:3096} INFO - Sync 1 DAGs
[2026-03-02T13:51:27.528+0000] {logging_mixin.py:188} INFO - [2026-03-02T13:51:27.528+0000] {dag.py:3954} INFO - Setting next_dagrun for example_params_ui_tutorial to None, run_after=None
[2026-03-02T13:51:27.540+0000] {processor.py:183} INFO - Processing /home/airflow/.local/lib/python3.12/site-packages/airflow/example_dags/example_params_ui_tutorial.py took 0.058 seconds
[2026-03-02T13:51:58.223+0000] {processor.py:161} INFO - Started process (PID=1836) to work on /home/airflow/.local/lib/python3.12/site-packages/airflow/example_dags/example_params_ui_tutorial.py
[2026-03-02T13:51:58.224+0000] {processor.py:830} INFO - Processing file /home/airflow/.local/lib/python3.12/site-packages/airflow/example_dags/example_params_ui_tutorial.py for tasks to queue
[2026-03-02T13:51:58.225+0000] {logging_mixin.py:188} INFO - [2026-03-02T13:51:58.225+0000] {dagbag.py:540} INFO - Filling up the DagBag from /home/airflow/.local/lib/python3.12/site-packages/airflow/example_dags/example_params_ui_tutorial.py
[2026-03-02T13:51:58.231+0000] {processor.py:840} INFO - DAG(s) 'example_params_ui_tutorial' retrieved from /home/airflow/.local/lib/python3.12/site-packages/airflow/example_dags/example_params_ui_tutorial.py
[2026-03-02T13:51:58.253+0000] {logging_mixin.py:188} INFO - [2026-03-02T13:51:58.253+0000] {dag.py:3096} INFO - Sync 1 DAGs
[2026-03-02T13:51:58.260+0000] {logging_mixin.py:188} INFO - [2026-03-02T13:51:58.260+0000] {dag.py:3954} INFO - Setting next_dagrun for example_params_ui_tutorial to None, run_after=None
[2026-03-02T13:51:58.266+0000] {processor.py:183} INFO - Processing /home/airflow/.local/lib/python3.12/site-packages/airflow/example_dags/example_params_ui_tutorial.py took 0.045 seconds
[2026-03-02T13:52:28.854+0000] {processor.py:161} INFO - Started process (PID=1894) to work on /home/airflow/.local/lib/python3.12/site-packages/airflow/example_dags/example_params_ui_tutorial.py
[2026-03-02T13:52:28.858+0000] {processor.py:830} INFO - Processing file /home/airflow/.local/lib/python3.12/site-packages/airflow/example_dags/example_params_ui_tutorial.py for tasks to queue
[2026-03-02T13:52:28.859+0000] {logging_mixin.py:188} INFO - [2026-03-02T13:52:28.859+0000] {dagbag.py:540} INFO - Filling up the DagBag from /home/airflow/.local/lib/python3.12/site-packages/airflow/example_dags/example_params_ui_tutorial.py
[2026-03-02T13:52:28.864+0000] {processor.py:840} INFO - DAG(s) 'example_params_ui_tutorial' retrieved from /home/airflow/.local/lib/python3.12/site-packages/airflow/example_dags/example_params_ui_tutorial.py
[2026-03-02T13:52:28.886+0000] {logging_mixin.py:188} INFO - [2026-03-02T13:52:28.885+0000] {dag.py:3096} INFO - Sync 1 DAGs
[2026-03-02T13:52:28.891+0000] {logging_mixin.py:188} INFO - [2026-03-02T13:52:28.891+0000] {dag.py:3954} INFO - Setting next_dagrun for example_params_ui_tutorial to None, run_after=None
[2026-03-02T13:52:28.898+0000] {processor.py:183} INFO - Processing /home/airflow/.local/lib/python3.12/site-packages/airflow/example_dags/example_params_ui_tutorial.py took 0.047 seconds
[2026-03-02T13:52:59.765+0000] {processor.py:161} INFO - Started process (PID=1952) to work on /home/airflow/.local/lib/python3.12/site-packages/airflow/example_dags/example_params_ui_tutorial.py
[2026-03-02T13:52:59.765+0000] {processor.py:830} INFO - Processing file /home/airflow/.local/lib/python3.12/site-packages/airflow/example_dags/example_params_ui_tutorial.py for tasks to queue
[2026-03-02T13:52:59.766+0000] {logging_mixin.py:188} INFO - [2026-03-02T13:52:59.766+0000] {dagbag.py:540} INFO - Filling up the DagBag from /home/airflow/.local/lib/python3.12/site-packages/airflow/example_dags/example_params_ui_tutorial.py
[2026-03-02T13:52:59.772+0000] {processor.py:840} INFO - DAG(s) 'example_params_ui_tutorial' retrieved from /home/airflow/.local/lib/python3.12/site-packages/airflow/example_dags/example_params_ui_tutorial.py
[2026-03-02T13:52:59.796+0000] {logging_mixin.py:188} INFO - [2026-03-02T13:52:59.796+0000] {dag.py:3096} INFO - Sync 1 DAGs
[2026-03-02T13:52:59.801+0000] {logging_mixin.py:188} INFO - [2026-03-02T13:52:59.801+0000] {dag.py:3954} INFO - Setting next_dagrun for example_params_ui_tutorial to None, run_after=None
[2026-03-02T13:52:59.808+0000] {processor.py:183} INFO - Processing /home/airflow/.local/lib/python3.12/site-packages/airflow/example_dags/example_params_ui_tutorial.py took 0.046 seconds
[2026-03-02T13:53:30.938+0000] {processor.py:161} INFO - Started process (PID=2010) to work on /home/airflow/.local/lib/python3.12/site-packages/airflow/example_dags/example_params_ui_tutorial.py
[2026-03-02T13:53:30.939+0000] {processor.py:830} INFO - Processing file /home/airflow/.local/lib/python3.12/site-packages/airflow/example_dags/example_params_ui_tutorial.py for tasks to queue
[2026-03-02T13:53:30.940+0000] {logging_mixin.py:188} INFO - [2026-03-02T13:53:30.939+0000] {dagbag.py:540} INFO - Filling up the DagBag from /home/airflow/.local/lib/python3.12/site-packages/airflow/example_dags/example_params_ui_tutorial.py
[2026-03-02T13:53:30.946+0000] {processor.py:840} INFO - DAG(s) 'example_params_ui_tutorial' retrieved from /home/airflow/.local/lib/python3.12/site-packages/airflow/example_dags/example_params_ui_tutorial.py
[2026-03-02T13:53:30.972+0000] {logging_mixin.py:188} INFO - [2026-03-02T13:53:30.972+0000] {dag.py:3096} INFO - Sync 1 DAGs
[2026-03-02T13:53:30.978+0000] {logging_mixin.py:188} INFO - [2026-03-02T13:53:30.978+0000] {dag.py:3954} INFO - Setting next_dagrun for example_params_ui_tutorial to None, run_after=None
[2026-03-02T13:53:30.985+0000] {processor.py:183} INFO - Processing /home/airflow/.local/lib/python3.12/site-packages/airflow/example_dags/example_params_ui_tutorial.py took 0.051 seconds
[2026-03-02T13:54:01.745+0000] {processor.py:161} INFO - Started process (PID=2068) to work on /home/airflow/.local/lib/python3.12/site-packages/airflow/example_dags/example_params_ui_tutorial.py
[2026-03-02T13:54:01.745+0000] {processor.py:830} INFO - Processing file /home/airflow/.local/lib/python3.12/site-packages/airflow/example_dags/example_params_ui_tutorial.py for tasks to queue
[2026-03-02T13:54:01.746+0000] {logging_mixin.py:188} INFO - [2026-03-02T13:54:01.746+0000] {dagbag.py:540} INFO - Filling up the DagBag from /home/airflow/.local/lib/python3.12/site-packages/airflow/example_dags/example_params_ui_tutorial.py
[2026-03-02T13:54:01.752+0000] {processor.py:840} INFO - DAG(s) 'example_params_ui_tutorial' retrieved from /home/airflow/.local/lib/python3.12/site-packages/airflow/example_dags/example_params_ui_tutorial.py
[2026-03-02T13:54:01.785+0000] {logging_mixin.py:188} INFO - [2026-03-02T13:54:01.784+0000] {dag.py:3096} INFO - Sync 1 DAGs
[2026-03-02T13:54:01.790+0000] {logging_mixin.py:188} INFO - [2026-03-02T13:54:01.790+0000] {dag.py:3954} INFO - Setting next_dagrun for example_params_ui_tutorial to None, run_after=None
[2026-03-02T13:54:01.797+0000] {processor.py:183} INFO - Processing /home/airflow/.local/lib/python3.12/site-packages/airflow/example_dags/example_params_ui_tutorial.py took 0.057 seconds
[2026-03-02T13:54:32.444+0000] {processor.py:161} INFO - Started process (PID=2126) to work on /home/airflow/.local/lib/python3.12/site-packages/airflow/example_dags/example_params_ui_tutorial.py
[2026-03-02T13:54:32.445+0000] {processor.py:830} INFO - Processing file /home/airflow/.local/lib/python3.12/site-packages/airflow/example_dags/example_params_ui_tutorial.py for tasks to queue
[2026-03-02T13:54:32.445+0000] {logging_mixin.py:188} INFO - [2026-03-02T13:54:32.445+0000] {dagbag.py:540} INFO - Filling up the DagBag from /home/airflow/.local/lib/python3.12/site-packages/airflow/example_dags/example_params_ui_tutorial.py
[2026-03-02T13:54:32.451+0000] {processor.py:840} INFO - DAG(s) 'example_params_ui_tutorial' retrieved from /home/airflow/.local/lib/python3.12/site-packages/airflow/example_dags/example_params_ui_tutorial.py
[2026-03-02T13:54:32.481+0000] {logging_mixin.py:188} INFO - [2026-03-02T13:54:32.480+0000] {dag.py:3096} INFO - Sync 1 DAGs
[2026-03-02T13:54:32.487+0000] {logging_mixin.py:188} INFO - [2026-03-02T13:54:32.487+0000] {dag.py:3954} INFO - Setting next_dagrun for example_params_ui_tutorial to None, run_after=None
[2026-03-02T13:54:32.496+0000] {processor.py:183} INFO - Processing /home/airflow/.local/lib/python3.12/site-packages/airflow/example_dags/example_params_ui_tutorial.py took 0.054 seconds
[2026-03-02T13:55:22.994+0000] {processor.py:161} INFO - Started process (PID=2190) to work on /home/airflow/.local/lib/python3.12/site-packages/airflow/example_dags/example_params_ui_tutorial.py
[2026-03-02T13:55:22.996+0000] {processor.py:830} INFO - Processing file /home/airflow/.local/lib/python3.12/site-packages/airflow/example_dags/example_params_ui_tutorial.py for tasks to queue
[2026-03-02T13:55:22.997+0000] {logging_mixin.py:188} INFO - [2026-03-02T13:55:22.997+0000] {dagbag.py:540} INFO - Filling up the DagBag from /home/airflow/.local/lib/python3.12/site-packages/airflow/example_dags/example_params_ui_tutorial.py
[2026-03-02T13:55:23.009+0000] {processor.py:840} INFO - DAG(s) 'example_params_ui_tutorial' retrieved from /home/airflow/.local/lib/python3.12/site-packages/airflow/example_dags/example_params_ui_tutorial.py
[2026-03-02T13:55:23.097+0000] {logging_mixin.py:188} INFO - [2026-03-02T13:55:23.097+0000] {dag.py:3096} INFO - Sync 1 DAGs
[2026-03-02T13:55:23.111+0000] {logging_mixin.py:188} INFO - [2026-03-02T13:55:23.111+0000] {dag.py:3954} INFO - Setting next_dagrun for example_params_ui_tutorial to None, run_after=None
[2026-03-02T13:55:23.158+0000] {processor.py:183} INFO - Processing /home/airflow/.local/lib/python3.12/site-packages/airflow/example_dags/example_params_ui_tutorial.py took 0.170 seconds
[2026-03-02T13:55:53.210+0000] {processor.py:161} INFO - Started process (PID=2249) to work on /home/airflow/.local/lib/python3.12/site-packages/airflow/example_dags/example_params_ui_tutorial.py
[2026-03-02T13:55:53.212+0000] {processor.py:830} INFO - Processing file /home/airflow/.local/lib/python3.12/site-packages/airflow/example_dags/example_params_ui_tutorial.py for tasks to queue
[2026-03-02T13:55:53.214+0000] {logging_mixin.py:188} INFO - [2026-03-02T13:55:53.213+0000] {dagbag.py:540} INFO - Filling up the DagBag from /home/airflow/.local/lib/python3.12/site-packages/airflow/example_dags/example_params_ui_tutorial.py
[2026-03-02T13:55:53.227+0000] {processor.py:840} INFO - DAG(s) 'example_params_ui_tutorial' retrieved from /home/airflow/.local/lib/python3.12/site-packages/airflow/example_dags/example_params_ui_tutorial.py
[2026-03-02T13:55:53.254+0000] {logging_mixin.py:188} INFO - [2026-03-02T13:55:53.254+0000] {dag.py:3096} INFO - Sync 1 DAGs
[2026-03-02T13:55:53.260+0000] {logging_mixin.py:188} INFO - [2026-03-02T13:55:53.260+0000] {dag.py:3954} INFO - Setting next_dagrun for example_params_ui_tutorial to None, run_after=None
[2026-03-02T13:55:53.268+0000] {processor.py:183} INFO - Processing /home/airflow/.local/lib/python3.12/site-packages/airflow/example_dags/example_params_ui_tutorial.py took 0.061 seconds
