[2026-03-02T13:36:37.867+0000] {processor.py:161} INFO - Started process (PID=98) to work on /home/airflow/.local/lib/python3.12/site-packages/airflow/example_dags/example_sensors.py
[2026-03-02T13:36:37.873+0000] {processor.py:830} INFO - Processing file /home/airflow/.local/lib/python3.12/site-packages/airflow/example_dags/example_sensors.py for tasks to queue
[2026-03-02T13:36:37.875+0000] {logging_mixin.py:188} INFO - [2026-03-02T13:36:37.875+0000] {dagbag.py:540} INFO - Filling up the DagBag from /home/airflow/.local/lib/python3.12/site-packages/airflow/example_dags/example_sensors.py
[2026-03-02T13:36:37.885+0000] {processor.py:840} INFO - DAG(s) 'example_sensors' retrieved from /home/airflow/.local/lib/python3.12/site-packages/airflow/example_dags/example_sensors.py
[2026-03-02T13:36:37.973+0000] {logging_mixin.py:188} INFO - [2026-03-02T13:36:37.972+0000] {dag.py:3096} INFO - Sync 1 DAGs
[2026-03-02T13:36:37.985+0000] {logging_mixin.py:188} INFO - [2026-03-02T13:36:37.984+0000] {dag.py:3954} INFO - Setting next_dagrun for example_sensors to None, run_after=None
[2026-03-02T13:36:38.016+0000] {processor.py:183} INFO - Processing /home/airflow/.local/lib/python3.12/site-packages/airflow/example_dags/example_sensors.py took 0.157 seconds
[2026-03-02T13:37:08.240+0000] {processor.py:161} INFO - Started process (PID=156) to work on /home/airflow/.local/lib/python3.12/site-packages/airflow/example_dags/example_sensors.py
[2026-03-02T13:37:08.241+0000] {processor.py:830} INFO - Processing file /home/airflow/.local/lib/python3.12/site-packages/airflow/example_dags/example_sensors.py for tasks to queue
[2026-03-02T13:37:08.241+0000] {logging_mixin.py:188} INFO - [2026-03-02T13:37:08.241+0000] {dagbag.py:540} INFO - Filling up the DagBag from /home/airflow/.local/lib/python3.12/site-packages/airflow/example_dags/example_sensors.py
[2026-03-02T13:37:08.246+0000] {processor.py:840} INFO - DAG(s) 'example_sensors' retrieved from /home/airflow/.local/lib/python3.12/site-packages/airflow/example_dags/example_sensors.py
[2026-03-02T13:37:08.262+0000] {logging_mixin.py:188} INFO - [2026-03-02T13:37:08.262+0000] {dag.py:3096} INFO - Sync 1 DAGs
[2026-03-02T13:37:08.268+0000] {logging_mixin.py:188} INFO - [2026-03-02T13:37:08.268+0000] {dag.py:3954} INFO - Setting next_dagrun for example_sensors to None, run_after=None
[2026-03-02T13:37:08.278+0000] {processor.py:183} INFO - Processing /home/airflow/.local/lib/python3.12/site-packages/airflow/example_dags/example_sensors.py took 0.040 seconds
[2026-03-02T13:37:41.281+0000] {processor.py:161} INFO - Started process (PID=214) to work on /home/airflow/.local/lib/python3.12/site-packages/airflow/example_dags/example_sensors.py
[2026-03-02T13:37:41.284+0000] {processor.py:830} INFO - Processing file /home/airflow/.local/lib/python3.12/site-packages/airflow/example_dags/example_sensors.py for tasks to queue
[2026-03-02T13:37:41.286+0000] {logging_mixin.py:188} INFO - [2026-03-02T13:37:41.286+0000] {dagbag.py:540} INFO - Filling up the DagBag from /home/airflow/.local/lib/python3.12/site-packages/airflow/example_dags/example_sensors.py
[2026-03-02T13:37:41.293+0000] {processor.py:840} INFO - DAG(s) 'example_sensors' retrieved from /home/airflow/.local/lib/python3.12/site-packages/airflow/example_dags/example_sensors.py
[2026-03-02T13:37:41.312+0000] {logging_mixin.py:188} INFO - [2026-03-02T13:37:41.312+0000] {dag.py:3096} INFO - Sync 1 DAGs
[2026-03-02T13:37:41.321+0000] {logging_mixin.py:188} INFO - [2026-03-02T13:37:41.321+0000] {dag.py:3954} INFO - Setting next_dagrun for example_sensors to None, run_after=None
[2026-03-02T13:37:41.337+0000] {processor.py:183} INFO - Processing /home/airflow/.local/lib/python3.12/site-packages/airflow/example_dags/example_sensors.py took 0.060 seconds
[2026-03-02T13:38:11.409+0000] {processor.py:161} INFO - Started process (PID=272) to work on /home/airflow/.local/lib/python3.12/site-packages/airflow/example_dags/example_sensors.py
[2026-03-02T13:38:11.410+0000] {processor.py:830} INFO - Processing file /home/airflow/.local/lib/python3.12/site-packages/airflow/example_dags/example_sensors.py for tasks to queue
[2026-03-02T13:38:11.410+0000] {logging_mixin.py:188} INFO - [2026-03-02T13:38:11.410+0000] {dagbag.py:540} INFO - Filling up the DagBag from /home/airflow/.local/lib/python3.12/site-packages/airflow/example_dags/example_sensors.py
[2026-03-02T13:38:11.415+0000] {processor.py:840} INFO - DAG(s) 'example_sensors' retrieved from /home/airflow/.local/lib/python3.12/site-packages/airflow/example_dags/example_sensors.py
[2026-03-02T13:38:11.427+0000] {logging_mixin.py:188} INFO - [2026-03-02T13:38:11.427+0000] {dag.py:3096} INFO - Sync 1 DAGs
[2026-03-02T13:38:11.432+0000] {logging_mixin.py:188} INFO - [2026-03-02T13:38:11.432+0000] {dag.py:3954} INFO - Setting next_dagrun for example_sensors to None, run_after=None
[2026-03-02T13:38:11.439+0000] {processor.py:183} INFO - Processing /home/airflow/.local/lib/python3.12/site-packages/airflow/example_dags/example_sensors.py took 0.033 seconds
[2026-03-02T13:38:42.162+0000] {processor.py:161} INFO - Started process (PID=330) to work on /home/airflow/.local/lib/python3.12/site-packages/airflow/example_dags/example_sensors.py
[2026-03-02T13:38:42.163+0000] {processor.py:830} INFO - Processing file /home/airflow/.local/lib/python3.12/site-packages/airflow/example_dags/example_sensors.py for tasks to queue
[2026-03-02T13:38:42.163+0000] {logging_mixin.py:188} INFO - [2026-03-02T13:38:42.163+0000] {dagbag.py:540} INFO - Filling up the DagBag from /home/airflow/.local/lib/python3.12/site-packages/airflow/example_dags/example_sensors.py
[2026-03-02T13:38:42.167+0000] {processor.py:840} INFO - DAG(s) 'example_sensors' retrieved from /home/airflow/.local/lib/python3.12/site-packages/airflow/example_dags/example_sensors.py
[2026-03-02T13:38:42.179+0000] {logging_mixin.py:188} INFO - [2026-03-02T13:38:42.179+0000] {dag.py:3096} INFO - Sync 1 DAGs
[2026-03-02T13:38:42.186+0000] {logging_mixin.py:188} INFO - [2026-03-02T13:38:42.186+0000] {dag.py:3954} INFO - Setting next_dagrun for example_sensors to None, run_after=None
[2026-03-02T13:38:42.193+0000] {processor.py:183} INFO - Processing /home/airflow/.local/lib/python3.12/site-packages/airflow/example_dags/example_sensors.py took 0.034 seconds
[2026-03-02T13:39:12.573+0000] {processor.py:161} INFO - Started process (PID=388) to work on /home/airflow/.local/lib/python3.12/site-packages/airflow/example_dags/example_sensors.py
[2026-03-02T13:39:12.573+0000] {processor.py:830} INFO - Processing file /home/airflow/.local/lib/python3.12/site-packages/airflow/example_dags/example_sensors.py for tasks to queue
[2026-03-02T13:39:12.574+0000] {logging_mixin.py:188} INFO - [2026-03-02T13:39:12.574+0000] {dagbag.py:540} INFO - Filling up the DagBag from /home/airflow/.local/lib/python3.12/site-packages/airflow/example_dags/example_sensors.py
[2026-03-02T13:39:12.578+0000] {processor.py:840} INFO - DAG(s) 'example_sensors' retrieved from /home/airflow/.local/lib/python3.12/site-packages/airflow/example_dags/example_sensors.py
[2026-03-02T13:39:12.589+0000] {logging_mixin.py:188} INFO - [2026-03-02T13:39:12.589+0000] {dag.py:3096} INFO - Sync 1 DAGs
[2026-03-02T13:39:12.595+0000] {logging_mixin.py:188} INFO - [2026-03-02T13:39:12.595+0000] {dag.py:3954} INFO - Setting next_dagrun for example_sensors to None, run_after=None
[2026-03-02T13:39:12.601+0000] {processor.py:183} INFO - Processing /home/airflow/.local/lib/python3.12/site-packages/airflow/example_dags/example_sensors.py took 0.031 seconds
[2026-03-02T13:39:43.078+0000] {processor.py:161} INFO - Started process (PID=446) to work on /home/airflow/.local/lib/python3.12/site-packages/airflow/example_dags/example_sensors.py
[2026-03-02T13:39:43.078+0000] {processor.py:830} INFO - Processing file /home/airflow/.local/lib/python3.12/site-packages/airflow/example_dags/example_sensors.py for tasks to queue
[2026-03-02T13:39:43.079+0000] {logging_mixin.py:188} INFO - [2026-03-02T13:39:43.078+0000] {dagbag.py:540} INFO - Filling up the DagBag from /home/airflow/.local/lib/python3.12/site-packages/airflow/example_dags/example_sensors.py
[2026-03-02T13:39:43.082+0000] {processor.py:840} INFO - DAG(s) 'example_sensors' retrieved from /home/airflow/.local/lib/python3.12/site-packages/airflow/example_dags/example_sensors.py
[2026-03-02T13:39:43.094+0000] {logging_mixin.py:188} INFO - [2026-03-02T13:39:43.094+0000] {dag.py:3096} INFO - Sync 1 DAGs
[2026-03-02T13:39:43.099+0000] {logging_mixin.py:188} INFO - [2026-03-02T13:39:43.099+0000] {dag.py:3954} INFO - Setting next_dagrun for example_sensors to None, run_after=None
[2026-03-02T13:39:43.109+0000] {processor.py:183} INFO - Processing /home/airflow/.local/lib/python3.12/site-packages/airflow/example_dags/example_sensors.py took 0.034 seconds
[2026-03-02T13:40:13.404+0000] {processor.py:161} INFO - Started process (PID=504) to work on /home/airflow/.local/lib/python3.12/site-packages/airflow/example_dags/example_sensors.py
[2026-03-02T13:40:13.405+0000] {processor.py:830} INFO - Processing file /home/airflow/.local/lib/python3.12/site-packages/airflow/example_dags/example_sensors.py for tasks to queue
[2026-03-02T13:40:13.405+0000] {logging_mixin.py:188} INFO - [2026-03-02T13:40:13.405+0000] {dagbag.py:540} INFO - Filling up the DagBag from /home/airflow/.local/lib/python3.12/site-packages/airflow/example_dags/example_sensors.py
[2026-03-02T13:40:13.409+0000] {processor.py:840} INFO - DAG(s) 'example_sensors' retrieved from /home/airflow/.local/lib/python3.12/site-packages/airflow/example_dags/example_sensors.py
[2026-03-02T13:40:13.419+0000] {logging_mixin.py:188} INFO - [2026-03-02T13:40:13.419+0000] {dag.py:3096} INFO - Sync 1 DAGs
[2026-03-02T13:40:13.424+0000] {logging_mixin.py:188} INFO - [2026-03-02T13:40:13.424+0000] {dag.py:3954} INFO - Setting next_dagrun for example_sensors to None, run_after=None
[2026-03-02T13:40:13.434+0000] {processor.py:183} INFO - Processing /home/airflow/.local/lib/python3.12/site-packages/airflow/example_dags/example_sensors.py took 0.032 seconds
[2026-03-02T13:40:43.777+0000] {processor.py:161} INFO - Started process (PID=562) to work on /home/airflow/.local/lib/python3.12/site-packages/airflow/example_dags/example_sensors.py
[2026-03-02T13:40:43.777+0000] {processor.py:830} INFO - Processing file /home/airflow/.local/lib/python3.12/site-packages/airflow/example_dags/example_sensors.py for tasks to queue
[2026-03-02T13:40:43.778+0000] {logging_mixin.py:188} INFO - [2026-03-02T13:40:43.778+0000] {dagbag.py:540} INFO - Filling up the DagBag from /home/airflow/.local/lib/python3.12/site-packages/airflow/example_dags/example_sensors.py
[2026-03-02T13:40:43.781+0000] {processor.py:840} INFO - DAG(s) 'example_sensors' retrieved from /home/airflow/.local/lib/python3.12/site-packages/airflow/example_dags/example_sensors.py
[2026-03-02T13:40:43.791+0000] {logging_mixin.py:188} INFO - [2026-03-02T13:40:43.791+0000] {dag.py:3096} INFO - Sync 1 DAGs
[2026-03-02T13:40:43.796+0000] {logging_mixin.py:188} INFO - [2026-03-02T13:40:43.796+0000] {dag.py:3954} INFO - Setting next_dagrun for example_sensors to None, run_after=None
[2026-03-02T13:40:43.806+0000] {processor.py:183} INFO - Processing /home/airflow/.local/lib/python3.12/site-packages/airflow/example_dags/example_sensors.py took 0.031 seconds
[2026-03-02T13:41:14.269+0000] {processor.py:161} INFO - Started process (PID=620) to work on /home/airflow/.local/lib/python3.12/site-packages/airflow/example_dags/example_sensors.py
[2026-03-02T13:41:14.269+0000] {processor.py:830} INFO - Processing file /home/airflow/.local/lib/python3.12/site-packages/airflow/example_dags/example_sensors.py for tasks to queue
[2026-03-02T13:41:14.270+0000] {logging_mixin.py:188} INFO - [2026-03-02T13:41:14.270+0000] {dagbag.py:540} INFO - Filling up the DagBag from /home/airflow/.local/lib/python3.12/site-packages/airflow/example_dags/example_sensors.py
[2026-03-02T13:41:14.274+0000] {processor.py:840} INFO - DAG(s) 'example_sensors' retrieved from /home/airflow/.local/lib/python3.12/site-packages/airflow/example_dags/example_sensors.py
[2026-03-02T13:41:14.284+0000] {logging_mixin.py:188} INFO - [2026-03-02T13:41:14.284+0000] {dag.py:3096} INFO - Sync 1 DAGs
[2026-03-02T13:41:14.289+0000] {logging_mixin.py:188} INFO - [2026-03-02T13:41:14.289+0000] {dag.py:3954} INFO - Setting next_dagrun for example_sensors to None, run_after=None
[2026-03-02T13:41:14.296+0000] {processor.py:183} INFO - Processing /home/airflow/.local/lib/python3.12/site-packages/airflow/example_dags/example_sensors.py took 0.031 seconds
[2026-03-02T13:41:44.632+0000] {processor.py:161} INFO - Started process (PID=678) to work on /home/airflow/.local/lib/python3.12/site-packages/airflow/example_dags/example_sensors.py
[2026-03-02T13:41:44.632+0000] {processor.py:830} INFO - Processing file /home/airflow/.local/lib/python3.12/site-packages/airflow/example_dags/example_sensors.py for tasks to queue
[2026-03-02T13:41:44.633+0000] {logging_mixin.py:188} INFO - [2026-03-02T13:41:44.633+0000] {dagbag.py:540} INFO - Filling up the DagBag from /home/airflow/.local/lib/python3.12/site-packages/airflow/example_dags/example_sensors.py
[2026-03-02T13:41:44.638+0000] {processor.py:840} INFO - DAG(s) 'example_sensors' retrieved from /home/airflow/.local/lib/python3.12/site-packages/airflow/example_dags/example_sensors.py
[2026-03-02T13:41:44.650+0000] {logging_mixin.py:188} INFO - [2026-03-02T13:41:44.650+0000] {dag.py:3096} INFO - Sync 1 DAGs
[2026-03-02T13:41:44.655+0000] {logging_mixin.py:188} INFO - [2026-03-02T13:41:44.655+0000] {dag.py:3954} INFO - Setting next_dagrun for example_sensors to None, run_after=None
[2026-03-02T13:41:44.664+0000] {processor.py:183} INFO - Processing /home/airflow/.local/lib/python3.12/site-packages/airflow/example_dags/example_sensors.py took 0.035 seconds
[2026-03-02T13:42:14.995+0000] {processor.py:161} INFO - Started process (PID=736) to work on /home/airflow/.local/lib/python3.12/site-packages/airflow/example_dags/example_sensors.py
[2026-03-02T13:42:14.997+0000] {processor.py:830} INFO - Processing file /home/airflow/.local/lib/python3.12/site-packages/airflow/example_dags/example_sensors.py for tasks to queue
[2026-03-02T13:42:14.998+0000] {logging_mixin.py:188} INFO - [2026-03-02T13:42:14.998+0000] {dagbag.py:540} INFO - Filling up the DagBag from /home/airflow/.local/lib/python3.12/site-packages/airflow/example_dags/example_sensors.py
[2026-03-02T13:42:15.003+0000] {processor.py:840} INFO - DAG(s) 'example_sensors' retrieved from /home/airflow/.local/lib/python3.12/site-packages/airflow/example_dags/example_sensors.py
[2026-03-02T13:42:15.014+0000] {logging_mixin.py:188} INFO - [2026-03-02T13:42:15.014+0000] {dag.py:3096} INFO - Sync 1 DAGs
[2026-03-02T13:42:15.019+0000] {logging_mixin.py:188} INFO - [2026-03-02T13:42:15.019+0000] {dag.py:3954} INFO - Setting next_dagrun for example_sensors to None, run_after=None
[2026-03-02T13:42:15.026+0000] {processor.py:183} INFO - Processing /home/airflow/.local/lib/python3.12/site-packages/airflow/example_dags/example_sensors.py took 0.034 seconds
[2026-03-02T13:42:45.534+0000] {processor.py:161} INFO - Started process (PID=794) to work on /home/airflow/.local/lib/python3.12/site-packages/airflow/example_dags/example_sensors.py
[2026-03-02T13:42:45.535+0000] {processor.py:830} INFO - Processing file /home/airflow/.local/lib/python3.12/site-packages/airflow/example_dags/example_sensors.py for tasks to queue
[2026-03-02T13:42:45.535+0000] {logging_mixin.py:188} INFO - [2026-03-02T13:42:45.535+0000] {dagbag.py:540} INFO - Filling up the DagBag from /home/airflow/.local/lib/python3.12/site-packages/airflow/example_dags/example_sensors.py
[2026-03-02T13:42:45.539+0000] {processor.py:840} INFO - DAG(s) 'example_sensors' retrieved from /home/airflow/.local/lib/python3.12/site-packages/airflow/example_dags/example_sensors.py
[2026-03-02T13:42:45.548+0000] {logging_mixin.py:188} INFO - [2026-03-02T13:42:45.548+0000] {dag.py:3096} INFO - Sync 1 DAGs
[2026-03-02T13:42:45.553+0000] {logging_mixin.py:188} INFO - [2026-03-02T13:42:45.553+0000] {dag.py:3954} INFO - Setting next_dagrun for example_sensors to None, run_after=None
[2026-03-02T13:42:45.559+0000] {processor.py:183} INFO - Processing /home/airflow/.local/lib/python3.12/site-packages/airflow/example_dags/example_sensors.py took 0.028 seconds
[2026-03-02T13:43:16.366+0000] {processor.py:161} INFO - Started process (PID=852) to work on /home/airflow/.local/lib/python3.12/site-packages/airflow/example_dags/example_sensors.py
[2026-03-02T13:43:16.366+0000] {processor.py:830} INFO - Processing file /home/airflow/.local/lib/python3.12/site-packages/airflow/example_dags/example_sensors.py for tasks to queue
[2026-03-02T13:43:16.367+0000] {logging_mixin.py:188} INFO - [2026-03-02T13:43:16.367+0000] {dagbag.py:540} INFO - Filling up the DagBag from /home/airflow/.local/lib/python3.12/site-packages/airflow/example_dags/example_sensors.py
[2026-03-02T13:43:16.371+0000] {processor.py:840} INFO - DAG(s) 'example_sensors' retrieved from /home/airflow/.local/lib/python3.12/site-packages/airflow/example_dags/example_sensors.py
[2026-03-02T13:43:16.381+0000] {logging_mixin.py:188} INFO - [2026-03-02T13:43:16.381+0000] {dag.py:3096} INFO - Sync 1 DAGs
[2026-03-02T13:43:16.385+0000] {logging_mixin.py:188} INFO - [2026-03-02T13:43:16.385+0000] {dag.py:3954} INFO - Setting next_dagrun for example_sensors to None, run_after=None
[2026-03-02T13:43:16.391+0000] {processor.py:183} INFO - Processing /home/airflow/.local/lib/python3.12/site-packages/airflow/example_dags/example_sensors.py took 0.028 seconds
[2026-03-02T13:43:47.903+0000] {processor.py:161} INFO - Started process (PID=910) to work on /home/airflow/.local/lib/python3.12/site-packages/airflow/example_dags/example_sensors.py
[2026-03-02T13:43:47.903+0000] {processor.py:830} INFO - Processing file /home/airflow/.local/lib/python3.12/site-packages/airflow/example_dags/example_sensors.py for tasks to queue
[2026-03-02T13:43:47.905+0000] {logging_mixin.py:188} INFO - [2026-03-02T13:43:47.904+0000] {dagbag.py:540} INFO - Filling up the DagBag from /home/airflow/.local/lib/python3.12/site-packages/airflow/example_dags/example_sensors.py
[2026-03-02T13:43:47.910+0000] {processor.py:840} INFO - DAG(s) 'example_sensors' retrieved from /home/airflow/.local/lib/python3.12/site-packages/airflow/example_dags/example_sensors.py
[2026-03-02T13:43:47.930+0000] {logging_mixin.py:188} INFO - [2026-03-02T13:43:47.930+0000] {dag.py:3096} INFO - Sync 1 DAGs
[2026-03-02T13:43:47.945+0000] {logging_mixin.py:188} INFO - [2026-03-02T13:43:47.945+0000] {dag.py:3954} INFO - Setting next_dagrun for example_sensors to None, run_after=None
[2026-03-02T13:43:47.966+0000] {processor.py:183} INFO - Processing /home/airflow/.local/lib/python3.12/site-packages/airflow/example_dags/example_sensors.py took 0.068 seconds
[2026-03-02T13:44:18.669+0000] {processor.py:161} INFO - Started process (PID=968) to work on /home/airflow/.local/lib/python3.12/site-packages/airflow/example_dags/example_sensors.py
[2026-03-02T13:44:18.669+0000] {processor.py:830} INFO - Processing file /home/airflow/.local/lib/python3.12/site-packages/airflow/example_dags/example_sensors.py for tasks to queue
[2026-03-02T13:44:18.670+0000] {logging_mixin.py:188} INFO - [2026-03-02T13:44:18.670+0000] {dagbag.py:540} INFO - Filling up the DagBag from /home/airflow/.local/lib/python3.12/site-packages/airflow/example_dags/example_sensors.py
[2026-03-02T13:44:18.675+0000] {processor.py:840} INFO - DAG(s) 'example_sensors' retrieved from /home/airflow/.local/lib/python3.12/site-packages/airflow/example_dags/example_sensors.py
[2026-03-02T13:44:18.686+0000] {logging_mixin.py:188} INFO - [2026-03-02T13:44:18.686+0000] {dag.py:3096} INFO - Sync 1 DAGs
[2026-03-02T13:44:18.692+0000] {logging_mixin.py:188} INFO - [2026-03-02T13:44:18.692+0000] {dag.py:3954} INFO - Setting next_dagrun for example_sensors to None, run_after=None
[2026-03-02T13:44:18.701+0000] {processor.py:183} INFO - Processing /home/airflow/.local/lib/python3.12/site-packages/airflow/example_dags/example_sensors.py took 0.035 seconds
[2026-03-02T13:44:49.511+0000] {processor.py:161} INFO - Started process (PID=1025) to work on /home/airflow/.local/lib/python3.12/site-packages/airflow/example_dags/example_sensors.py
[2026-03-02T13:44:49.511+0000] {processor.py:830} INFO - Processing file /home/airflow/.local/lib/python3.12/site-packages/airflow/example_dags/example_sensors.py for tasks to queue
[2026-03-02T13:44:49.512+0000] {logging_mixin.py:188} INFO - [2026-03-02T13:44:49.512+0000] {dagbag.py:540} INFO - Filling up the DagBag from /home/airflow/.local/lib/python3.12/site-packages/airflow/example_dags/example_sensors.py
[2026-03-02T13:44:49.516+0000] {processor.py:840} INFO - DAG(s) 'example_sensors' retrieved from /home/airflow/.local/lib/python3.12/site-packages/airflow/example_dags/example_sensors.py
[2026-03-02T13:44:49.528+0000] {logging_mixin.py:188} INFO - [2026-03-02T13:44:49.528+0000] {dag.py:3096} INFO - Sync 1 DAGs
[2026-03-02T13:44:49.532+0000] {logging_mixin.py:188} INFO - [2026-03-02T13:44:49.532+0000] {dag.py:3954} INFO - Setting next_dagrun for example_sensors to None, run_after=None
[2026-03-02T13:44:49.609+0000] {processor.py:183} INFO - Processing /home/airflow/.local/lib/python3.12/site-packages/airflow/example_dags/example_sensors.py took 0.101 seconds
[2026-03-02T13:45:20.402+0000] {processor.py:161} INFO - Started process (PID=1083) to work on /home/airflow/.local/lib/python3.12/site-packages/airflow/example_dags/example_sensors.py
[2026-03-02T13:45:20.402+0000] {processor.py:830} INFO - Processing file /home/airflow/.local/lib/python3.12/site-packages/airflow/example_dags/example_sensors.py for tasks to queue
[2026-03-02T13:45:20.403+0000] {logging_mixin.py:188} INFO - [2026-03-02T13:45:20.403+0000] {dagbag.py:540} INFO - Filling up the DagBag from /home/airflow/.local/lib/python3.12/site-packages/airflow/example_dags/example_sensors.py
[2026-03-02T13:45:20.407+0000] {processor.py:840} INFO - DAG(s) 'example_sensors' retrieved from /home/airflow/.local/lib/python3.12/site-packages/airflow/example_dags/example_sensors.py
[2026-03-02T13:45:20.418+0000] {logging_mixin.py:188} INFO - [2026-03-02T13:45:20.417+0000] {dag.py:3096} INFO - Sync 1 DAGs
[2026-03-02T13:45:20.423+0000] {logging_mixin.py:188} INFO - [2026-03-02T13:45:20.422+0000] {dag.py:3954} INFO - Setting next_dagrun for example_sensors to None, run_after=None
[2026-03-02T13:45:20.433+0000] {processor.py:183} INFO - Processing /home/airflow/.local/lib/python3.12/site-packages/airflow/example_dags/example_sensors.py took 0.034 seconds
[2026-03-02T13:45:51.429+0000] {processor.py:161} INFO - Started process (PID=1141) to work on /home/airflow/.local/lib/python3.12/site-packages/airflow/example_dags/example_sensors.py
[2026-03-02T13:45:51.430+0000] {processor.py:830} INFO - Processing file /home/airflow/.local/lib/python3.12/site-packages/airflow/example_dags/example_sensors.py for tasks to queue
[2026-03-02T13:45:51.431+0000] {logging_mixin.py:188} INFO - [2026-03-02T13:45:51.430+0000] {dagbag.py:540} INFO - Filling up the DagBag from /home/airflow/.local/lib/python3.12/site-packages/airflow/example_dags/example_sensors.py
[2026-03-02T13:45:51.435+0000] {processor.py:840} INFO - DAG(s) 'example_sensors' retrieved from /home/airflow/.local/lib/python3.12/site-packages/airflow/example_dags/example_sensors.py
[2026-03-02T13:45:51.449+0000] {logging_mixin.py:188} INFO - [2026-03-02T13:45:51.449+0000] {dag.py:3096} INFO - Sync 1 DAGs
[2026-03-02T13:45:51.454+0000] {logging_mixin.py:188} INFO - [2026-03-02T13:45:51.453+0000] {dag.py:3954} INFO - Setting next_dagrun for example_sensors to None, run_after=None
[2026-03-02T13:45:51.461+0000] {processor.py:183} INFO - Processing /home/airflow/.local/lib/python3.12/site-packages/airflow/example_dags/example_sensors.py took 0.036 seconds
[2026-03-02T13:46:22.635+0000] {processor.py:161} INFO - Started process (PID=1199) to work on /home/airflow/.local/lib/python3.12/site-packages/airflow/example_dags/example_sensors.py
[2026-03-02T13:46:22.639+0000] {processor.py:830} INFO - Processing file /home/airflow/.local/lib/python3.12/site-packages/airflow/example_dags/example_sensors.py for tasks to queue
[2026-03-02T13:46:22.640+0000] {logging_mixin.py:188} INFO - [2026-03-02T13:46:22.640+0000] {dagbag.py:540} INFO - Filling up the DagBag from /home/airflow/.local/lib/python3.12/site-packages/airflow/example_dags/example_sensors.py
[2026-03-02T13:46:22.644+0000] {processor.py:840} INFO - DAG(s) 'example_sensors' retrieved from /home/airflow/.local/lib/python3.12/site-packages/airflow/example_dags/example_sensors.py
[2026-03-02T13:46:22.657+0000] {logging_mixin.py:188} INFO - [2026-03-02T13:46:22.657+0000] {dag.py:3096} INFO - Sync 1 DAGs
[2026-03-02T13:46:22.662+0000] {logging_mixin.py:188} INFO - [2026-03-02T13:46:22.662+0000] {dag.py:3954} INFO - Setting next_dagrun for example_sensors to None, run_after=None
[2026-03-02T13:46:22.672+0000] {processor.py:183} INFO - Processing /home/airflow/.local/lib/python3.12/site-packages/airflow/example_dags/example_sensors.py took 0.039 seconds
[2026-03-02T13:46:52.885+0000] {processor.py:161} INFO - Started process (PID=1257) to work on /home/airflow/.local/lib/python3.12/site-packages/airflow/example_dags/example_sensors.py
[2026-03-02T13:46:52.888+0000] {processor.py:830} INFO - Processing file /home/airflow/.local/lib/python3.12/site-packages/airflow/example_dags/example_sensors.py for tasks to queue
[2026-03-02T13:46:52.889+0000] {logging_mixin.py:188} INFO - [2026-03-02T13:46:52.889+0000] {dagbag.py:540} INFO - Filling up the DagBag from /home/airflow/.local/lib/python3.12/site-packages/airflow/example_dags/example_sensors.py
[2026-03-02T13:46:52.893+0000] {processor.py:840} INFO - DAG(s) 'example_sensors' retrieved from /home/airflow/.local/lib/python3.12/site-packages/airflow/example_dags/example_sensors.py
[2026-03-02T13:46:52.906+0000] {logging_mixin.py:188} INFO - [2026-03-02T13:46:52.906+0000] {dag.py:3096} INFO - Sync 1 DAGs
[2026-03-02T13:46:52.913+0000] {logging_mixin.py:188} INFO - [2026-03-02T13:46:52.913+0000] {dag.py:3954} INFO - Setting next_dagrun for example_sensors to None, run_after=None
[2026-03-02T13:46:52.921+0000] {processor.py:183} INFO - Processing /home/airflow/.local/lib/python3.12/site-packages/airflow/example_dags/example_sensors.py took 0.040 seconds
[2026-03-02T13:47:23.364+0000] {processor.py:161} INFO - Started process (PID=1315) to work on /home/airflow/.local/lib/python3.12/site-packages/airflow/example_dags/example_sensors.py
[2026-03-02T13:47:23.364+0000] {processor.py:830} INFO - Processing file /home/airflow/.local/lib/python3.12/site-packages/airflow/example_dags/example_sensors.py for tasks to queue
[2026-03-02T13:47:23.365+0000] {logging_mixin.py:188} INFO - [2026-03-02T13:47:23.365+0000] {dagbag.py:540} INFO - Filling up the DagBag from /home/airflow/.local/lib/python3.12/site-packages/airflow/example_dags/example_sensors.py
[2026-03-02T13:47:23.369+0000] {processor.py:840} INFO - DAG(s) 'example_sensors' retrieved from /home/airflow/.local/lib/python3.12/site-packages/airflow/example_dags/example_sensors.py
[2026-03-02T13:47:23.386+0000] {logging_mixin.py:188} INFO - [2026-03-02T13:47:23.386+0000] {dag.py:3096} INFO - Sync 1 DAGs
[2026-03-02T13:47:23.391+0000] {logging_mixin.py:188} INFO - [2026-03-02T13:47:23.391+0000] {dag.py:3954} INFO - Setting next_dagrun for example_sensors to None, run_after=None
[2026-03-02T13:47:23.398+0000] {processor.py:183} INFO - Processing /home/airflow/.local/lib/python3.12/site-packages/airflow/example_dags/example_sensors.py took 0.037 seconds
[2026-03-02T13:47:53.982+0000] {processor.py:161} INFO - Started process (PID=1373) to work on /home/airflow/.local/lib/python3.12/site-packages/airflow/example_dags/example_sensors.py
[2026-03-02T13:47:53.983+0000] {processor.py:830} INFO - Processing file /home/airflow/.local/lib/python3.12/site-packages/airflow/example_dags/example_sensors.py for tasks to queue
[2026-03-02T13:47:53.983+0000] {logging_mixin.py:188} INFO - [2026-03-02T13:47:53.983+0000] {dagbag.py:540} INFO - Filling up the DagBag from /home/airflow/.local/lib/python3.12/site-packages/airflow/example_dags/example_sensors.py
[2026-03-02T13:47:53.987+0000] {processor.py:840} INFO - DAG(s) 'example_sensors' retrieved from /home/airflow/.local/lib/python3.12/site-packages/airflow/example_dags/example_sensors.py
[2026-03-02T13:47:54.000+0000] {logging_mixin.py:188} INFO - [2026-03-02T13:47:53.998+0000] {dag.py:3096} INFO - Sync 1 DAGs
[2026-03-02T13:47:54.007+0000] {logging_mixin.py:188} INFO - [2026-03-02T13:47:54.006+0000] {dag.py:3954} INFO - Setting next_dagrun for example_sensors to None, run_after=None
[2026-03-02T13:47:54.019+0000] {processor.py:183} INFO - Processing /home/airflow/.local/lib/python3.12/site-packages/airflow/example_dags/example_sensors.py took 0.039 seconds
[2026-03-02T13:48:24.139+0000] {processor.py:161} INFO - Started process (PID=1431) to work on /home/airflow/.local/lib/python3.12/site-packages/airflow/example_dags/example_sensors.py
[2026-03-02T13:48:24.140+0000] {processor.py:830} INFO - Processing file /home/airflow/.local/lib/python3.12/site-packages/airflow/example_dags/example_sensors.py for tasks to queue
[2026-03-02T13:48:24.141+0000] {logging_mixin.py:188} INFO - [2026-03-02T13:48:24.141+0000] {dagbag.py:540} INFO - Filling up the DagBag from /home/airflow/.local/lib/python3.12/site-packages/airflow/example_dags/example_sensors.py
[2026-03-02T13:48:24.145+0000] {processor.py:840} INFO - DAG(s) 'example_sensors' retrieved from /home/airflow/.local/lib/python3.12/site-packages/airflow/example_dags/example_sensors.py
[2026-03-02T13:48:24.158+0000] {logging_mixin.py:188} INFO - [2026-03-02T13:48:24.158+0000] {dag.py:3096} INFO - Sync 1 DAGs
[2026-03-02T13:48:24.164+0000] {logging_mixin.py:188} INFO - [2026-03-02T13:48:24.164+0000] {dag.py:3954} INFO - Setting next_dagrun for example_sensors to None, run_after=None
[2026-03-02T13:48:24.176+0000] {processor.py:183} INFO - Processing /home/airflow/.local/lib/python3.12/site-packages/airflow/example_dags/example_sensors.py took 0.040 seconds
[2026-03-02T13:48:54.647+0000] {processor.py:161} INFO - Started process (PID=1489) to work on /home/airflow/.local/lib/python3.12/site-packages/airflow/example_dags/example_sensors.py
[2026-03-02T13:48:54.648+0000] {processor.py:830} INFO - Processing file /home/airflow/.local/lib/python3.12/site-packages/airflow/example_dags/example_sensors.py for tasks to queue
[2026-03-02T13:48:54.649+0000] {logging_mixin.py:188} INFO - [2026-03-02T13:48:54.649+0000] {dagbag.py:540} INFO - Filling up the DagBag from /home/airflow/.local/lib/python3.12/site-packages/airflow/example_dags/example_sensors.py
[2026-03-02T13:48:54.654+0000] {processor.py:840} INFO - DAG(s) 'example_sensors' retrieved from /home/airflow/.local/lib/python3.12/site-packages/airflow/example_dags/example_sensors.py
[2026-03-02T13:48:54.665+0000] {logging_mixin.py:188} INFO - [2026-03-02T13:48:54.665+0000] {dag.py:3096} INFO - Sync 1 DAGs
[2026-03-02T13:48:54.672+0000] {logging_mixin.py:188} INFO - [2026-03-02T13:48:54.671+0000] {dag.py:3954} INFO - Setting next_dagrun for example_sensors to None, run_after=None
[2026-03-02T13:48:54.679+0000] {processor.py:183} INFO - Processing /home/airflow/.local/lib/python3.12/site-packages/airflow/example_dags/example_sensors.py took 0.035 seconds
[2026-03-02T13:49:25.051+0000] {processor.py:161} INFO - Started process (PID=1547) to work on /home/airflow/.local/lib/python3.12/site-packages/airflow/example_dags/example_sensors.py
[2026-03-02T13:49:25.051+0000] {processor.py:830} INFO - Processing file /home/airflow/.local/lib/python3.12/site-packages/airflow/example_dags/example_sensors.py for tasks to queue
[2026-03-02T13:49:25.053+0000] {logging_mixin.py:188} INFO - [2026-03-02T13:49:25.053+0000] {dagbag.py:540} INFO - Filling up the DagBag from /home/airflow/.local/lib/python3.12/site-packages/airflow/example_dags/example_sensors.py
[2026-03-02T13:49:25.059+0000] {processor.py:840} INFO - DAG(s) 'example_sensors' retrieved from /home/airflow/.local/lib/python3.12/site-packages/airflow/example_dags/example_sensors.py
[2026-03-02T13:49:25.076+0000] {logging_mixin.py:188} INFO - [2026-03-02T13:49:25.076+0000] {dag.py:3096} INFO - Sync 1 DAGs
[2026-03-02T13:49:25.081+0000] {logging_mixin.py:188} INFO - [2026-03-02T13:49:25.081+0000] {dag.py:3954} INFO - Setting next_dagrun for example_sensors to None, run_after=None
[2026-03-02T13:49:25.092+0000] {processor.py:183} INFO - Processing /home/airflow/.local/lib/python3.12/site-packages/airflow/example_dags/example_sensors.py took 0.044 seconds
[2026-03-02T13:49:55.607+0000] {processor.py:161} INFO - Started process (PID=1605) to work on /home/airflow/.local/lib/python3.12/site-packages/airflow/example_dags/example_sensors.py
[2026-03-02T13:49:55.613+0000] {processor.py:830} INFO - Processing file /home/airflow/.local/lib/python3.12/site-packages/airflow/example_dags/example_sensors.py for tasks to queue
[2026-03-02T13:49:55.614+0000] {logging_mixin.py:188} INFO - [2026-03-02T13:49:55.613+0000] {dagbag.py:540} INFO - Filling up the DagBag from /home/airflow/.local/lib/python3.12/site-packages/airflow/example_dags/example_sensors.py
[2026-03-02T13:49:55.618+0000] {processor.py:840} INFO - DAG(s) 'example_sensors' retrieved from /home/airflow/.local/lib/python3.12/site-packages/airflow/example_dags/example_sensors.py
[2026-03-02T13:49:55.634+0000] {logging_mixin.py:188} INFO - [2026-03-02T13:49:55.634+0000] {dag.py:3096} INFO - Sync 1 DAGs
[2026-03-02T13:49:55.643+0000] {logging_mixin.py:188} INFO - [2026-03-02T13:49:55.643+0000] {dag.py:3954} INFO - Setting next_dagrun for example_sensors to None, run_after=None
[2026-03-02T13:49:55.656+0000] {processor.py:183} INFO - Processing /home/airflow/.local/lib/python3.12/site-packages/airflow/example_dags/example_sensors.py took 0.052 seconds
[2026-03-02T13:50:25.795+0000] {processor.py:161} INFO - Started process (PID=1663) to work on /home/airflow/.local/lib/python3.12/site-packages/airflow/example_dags/example_sensors.py
[2026-03-02T13:50:25.796+0000] {processor.py:830} INFO - Processing file /home/airflow/.local/lib/python3.12/site-packages/airflow/example_dags/example_sensors.py for tasks to queue
[2026-03-02T13:50:25.798+0000] {logging_mixin.py:188} INFO - [2026-03-02T13:50:25.798+0000] {dagbag.py:540} INFO - Filling up the DagBag from /home/airflow/.local/lib/python3.12/site-packages/airflow/example_dags/example_sensors.py
[2026-03-02T13:50:25.803+0000] {processor.py:840} INFO - DAG(s) 'example_sensors' retrieved from /home/airflow/.local/lib/python3.12/site-packages/airflow/example_dags/example_sensors.py
[2026-03-02T13:50:25.818+0000] {logging_mixin.py:188} INFO - [2026-03-02T13:50:25.818+0000] {dag.py:3096} INFO - Sync 1 DAGs
[2026-03-02T13:50:25.824+0000] {logging_mixin.py:188} INFO - [2026-03-02T13:50:25.823+0000] {dag.py:3954} INFO - Setting next_dagrun for example_sensors to None, run_after=None
[2026-03-02T13:50:25.832+0000] {processor.py:183} INFO - Processing /home/airflow/.local/lib/python3.12/site-packages/airflow/example_dags/example_sensors.py took 0.040 seconds
[2026-03-02T13:50:56.770+0000] {processor.py:161} INFO - Started process (PID=1721) to work on /home/airflow/.local/lib/python3.12/site-packages/airflow/example_dags/example_sensors.py
[2026-03-02T13:50:56.773+0000] {processor.py:830} INFO - Processing file /home/airflow/.local/lib/python3.12/site-packages/airflow/example_dags/example_sensors.py for tasks to queue
[2026-03-02T13:50:56.775+0000] {logging_mixin.py:188} INFO - [2026-03-02T13:50:56.774+0000] {dagbag.py:540} INFO - Filling up the DagBag from /home/airflow/.local/lib/python3.12/site-packages/airflow/example_dags/example_sensors.py
[2026-03-02T13:50:56.779+0000] {processor.py:840} INFO - DAG(s) 'example_sensors' retrieved from /home/airflow/.local/lib/python3.12/site-packages/airflow/example_dags/example_sensors.py
[2026-03-02T13:50:56.790+0000] {logging_mixin.py:188} INFO - [2026-03-02T13:50:56.790+0000] {dag.py:3096} INFO - Sync 1 DAGs
[2026-03-02T13:50:56.795+0000] {logging_mixin.py:188} INFO - [2026-03-02T13:50:56.795+0000] {dag.py:3954} INFO - Setting next_dagrun for example_sensors to None, run_after=None
[2026-03-02T13:50:56.808+0000] {processor.py:183} INFO - Processing /home/airflow/.local/lib/python3.12/site-packages/airflow/example_dags/example_sensors.py took 0.040 seconds
[2026-03-02T13:51:27.532+0000] {processor.py:161} INFO - Started process (PID=1779) to work on /home/airflow/.local/lib/python3.12/site-packages/airflow/example_dags/example_sensors.py
[2026-03-02T13:51:27.533+0000] {processor.py:830} INFO - Processing file /home/airflow/.local/lib/python3.12/site-packages/airflow/example_dags/example_sensors.py for tasks to queue
[2026-03-02T13:51:27.534+0000] {logging_mixin.py:188} INFO - [2026-03-02T13:51:27.534+0000] {dagbag.py:540} INFO - Filling up the DagBag from /home/airflow/.local/lib/python3.12/site-packages/airflow/example_dags/example_sensors.py
[2026-03-02T13:51:27.539+0000] {processor.py:840} INFO - DAG(s) 'example_sensors' retrieved from /home/airflow/.local/lib/python3.12/site-packages/airflow/example_dags/example_sensors.py
[2026-03-02T13:51:27.553+0000] {logging_mixin.py:188} INFO - [2026-03-02T13:51:27.553+0000] {dag.py:3096} INFO - Sync 1 DAGs
[2026-03-02T13:51:27.559+0000] {logging_mixin.py:188} INFO - [2026-03-02T13:51:27.559+0000] {dag.py:3954} INFO - Setting next_dagrun for example_sensors to None, run_after=None
[2026-03-02T13:51:27.566+0000] {processor.py:183} INFO - Processing /home/airflow/.local/lib/python3.12/site-packages/airflow/example_dags/example_sensors.py took 0.037 seconds
[2026-03-02T13:51:58.266+0000] {processor.py:161} INFO - Started process (PID=1837) to work on /home/airflow/.local/lib/python3.12/site-packages/airflow/example_dags/example_sensors.py
[2026-03-02T13:51:58.269+0000] {processor.py:830} INFO - Processing file /home/airflow/.local/lib/python3.12/site-packages/airflow/example_dags/example_sensors.py for tasks to queue
[2026-03-02T13:51:58.270+0000] {logging_mixin.py:188} INFO - [2026-03-02T13:51:58.270+0000] {dagbag.py:540} INFO - Filling up the DagBag from /home/airflow/.local/lib/python3.12/site-packages/airflow/example_dags/example_sensors.py
[2026-03-02T13:51:58.277+0000] {processor.py:840} INFO - DAG(s) 'example_sensors' retrieved from /home/airflow/.local/lib/python3.12/site-packages/airflow/example_dags/example_sensors.py
[2026-03-02T13:51:58.288+0000] {logging_mixin.py:188} INFO - [2026-03-02T13:51:58.288+0000] {dag.py:3096} INFO - Sync 1 DAGs
[2026-03-02T13:51:58.293+0000] {logging_mixin.py:188} INFO - [2026-03-02T13:51:58.293+0000] {dag.py:3954} INFO - Setting next_dagrun for example_sensors to None, run_after=None
[2026-03-02T13:51:58.300+0000] {processor.py:183} INFO - Processing /home/airflow/.local/lib/python3.12/site-packages/airflow/example_dags/example_sensors.py took 0.036 seconds
[2026-03-02T13:52:28.888+0000] {processor.py:161} INFO - Started process (PID=1895) to work on /home/airflow/.local/lib/python3.12/site-packages/airflow/example_dags/example_sensors.py
[2026-03-02T13:52:28.889+0000] {processor.py:830} INFO - Processing file /home/airflow/.local/lib/python3.12/site-packages/airflow/example_dags/example_sensors.py for tasks to queue
[2026-03-02T13:52:28.891+0000] {logging_mixin.py:188} INFO - [2026-03-02T13:52:28.891+0000] {dagbag.py:540} INFO - Filling up the DagBag from /home/airflow/.local/lib/python3.12/site-packages/airflow/example_dags/example_sensors.py
[2026-03-02T13:52:28.895+0000] {processor.py:840} INFO - DAG(s) 'example_sensors' retrieved from /home/airflow/.local/lib/python3.12/site-packages/airflow/example_dags/example_sensors.py
[2026-03-02T13:52:28.906+0000] {logging_mixin.py:188} INFO - [2026-03-02T13:52:28.905+0000] {dag.py:3096} INFO - Sync 1 DAGs
[2026-03-02T13:52:28.911+0000] {logging_mixin.py:188} INFO - [2026-03-02T13:52:28.911+0000] {dag.py:3954} INFO - Setting next_dagrun for example_sensors to None, run_after=None
[2026-03-02T13:52:28.919+0000] {processor.py:183} INFO - Processing /home/airflow/.local/lib/python3.12/site-packages/airflow/example_dags/example_sensors.py took 0.035 seconds
[2026-03-02T13:52:59.785+0000] {processor.py:161} INFO - Started process (PID=1953) to work on /home/airflow/.local/lib/python3.12/site-packages/airflow/example_dags/example_sensors.py
[2026-03-02T13:52:59.786+0000] {processor.py:830} INFO - Processing file /home/airflow/.local/lib/python3.12/site-packages/airflow/example_dags/example_sensors.py for tasks to queue
[2026-03-02T13:52:59.786+0000] {logging_mixin.py:188} INFO - [2026-03-02T13:52:59.786+0000] {dagbag.py:540} INFO - Filling up the DagBag from /home/airflow/.local/lib/python3.12/site-packages/airflow/example_dags/example_sensors.py
[2026-03-02T13:52:59.790+0000] {processor.py:840} INFO - DAG(s) 'example_sensors' retrieved from /home/airflow/.local/lib/python3.12/site-packages/airflow/example_dags/example_sensors.py
[2026-03-02T13:52:59.803+0000] {logging_mixin.py:188} INFO - [2026-03-02T13:52:59.803+0000] {dag.py:3096} INFO - Sync 1 DAGs
[2026-03-02T13:52:59.809+0000] {logging_mixin.py:188} INFO - [2026-03-02T13:52:59.809+0000] {dag.py:3954} INFO - Setting next_dagrun for example_sensors to None, run_after=None
[2026-03-02T13:52:59.817+0000] {processor.py:183} INFO - Processing /home/airflow/.local/lib/python3.12/site-packages/airflow/example_dags/example_sensors.py took 0.034 seconds
[2026-03-02T13:53:30.962+0000] {processor.py:161} INFO - Started process (PID=2011) to work on /home/airflow/.local/lib/python3.12/site-packages/airflow/example_dags/example_sensors.py
[2026-03-02T13:53:30.963+0000] {processor.py:830} INFO - Processing file /home/airflow/.local/lib/python3.12/site-packages/airflow/example_dags/example_sensors.py for tasks to queue
[2026-03-02T13:53:30.967+0000] {logging_mixin.py:188} INFO - [2026-03-02T13:53:30.967+0000] {dagbag.py:540} INFO - Filling up the DagBag from /home/airflow/.local/lib/python3.12/site-packages/airflow/example_dags/example_sensors.py
[2026-03-02T13:53:30.972+0000] {processor.py:840} INFO - DAG(s) 'example_sensors' retrieved from /home/airflow/.local/lib/python3.12/site-packages/airflow/example_dags/example_sensors.py
[2026-03-02T13:53:30.986+0000] {logging_mixin.py:188} INFO - [2026-03-02T13:53:30.986+0000] {dag.py:3096} INFO - Sync 1 DAGs
[2026-03-02T13:53:30.995+0000] {logging_mixin.py:188} INFO - [2026-03-02T13:53:30.994+0000] {dag.py:3954} INFO - Setting next_dagrun for example_sensors to None, run_after=None
[2026-03-02T13:53:31.003+0000] {processor.py:183} INFO - Processing /home/airflow/.local/lib/python3.12/site-packages/airflow/example_dags/example_sensors.py took 0.044 seconds
[2026-03-02T13:54:01.777+0000] {processor.py:161} INFO - Started process (PID=2069) to work on /home/airflow/.local/lib/python3.12/site-packages/airflow/example_dags/example_sensors.py
[2026-03-02T13:54:01.779+0000] {processor.py:830} INFO - Processing file /home/airflow/.local/lib/python3.12/site-packages/airflow/example_dags/example_sensors.py for tasks to queue
[2026-03-02T13:54:01.780+0000] {logging_mixin.py:188} INFO - [2026-03-02T13:54:01.780+0000] {dagbag.py:540} INFO - Filling up the DagBag from /home/airflow/.local/lib/python3.12/site-packages/airflow/example_dags/example_sensors.py
[2026-03-02T13:54:01.785+0000] {processor.py:840} INFO - DAG(s) 'example_sensors' retrieved from /home/airflow/.local/lib/python3.12/site-packages/airflow/example_dags/example_sensors.py
[2026-03-02T13:54:01.797+0000] {logging_mixin.py:188} INFO - [2026-03-02T13:54:01.797+0000] {dag.py:3096} INFO - Sync 1 DAGs
[2026-03-02T13:54:01.804+0000] {logging_mixin.py:188} INFO - [2026-03-02T13:54:01.803+0000] {dag.py:3954} INFO - Setting next_dagrun for example_sensors to None, run_after=None
[2026-03-02T13:54:01.815+0000] {processor.py:183} INFO - Processing /home/airflow/.local/lib/python3.12/site-packages/airflow/example_dags/example_sensors.py took 0.041 seconds
[2026-03-02T13:54:32.462+0000] {processor.py:161} INFO - Started process (PID=2127) to work on /home/airflow/.local/lib/python3.12/site-packages/airflow/example_dags/example_sensors.py
[2026-03-02T13:54:32.463+0000] {processor.py:830} INFO - Processing file /home/airflow/.local/lib/python3.12/site-packages/airflow/example_dags/example_sensors.py for tasks to queue
[2026-03-02T13:54:32.464+0000] {logging_mixin.py:188} INFO - [2026-03-02T13:54:32.464+0000] {dagbag.py:540} INFO - Filling up the DagBag from /home/airflow/.local/lib/python3.12/site-packages/airflow/example_dags/example_sensors.py
[2026-03-02T13:54:32.469+0000] {processor.py:840} INFO - DAG(s) 'example_sensors' retrieved from /home/airflow/.local/lib/python3.12/site-packages/airflow/example_dags/example_sensors.py
[2026-03-02T13:54:32.481+0000] {logging_mixin.py:188} INFO - [2026-03-02T13:54:32.481+0000] {dag.py:3096} INFO - Sync 1 DAGs
[2026-03-02T13:54:32.488+0000] {logging_mixin.py:188} INFO - [2026-03-02T13:54:32.488+0000] {dag.py:3954} INFO - Setting next_dagrun for example_sensors to None, run_after=None
[2026-03-02T13:54:32.496+0000] {processor.py:183} INFO - Processing /home/airflow/.local/lib/python3.12/site-packages/airflow/example_dags/example_sensors.py took 0.036 seconds
[2026-03-02T13:55:23.008+0000] {processor.py:161} INFO - Started process (PID=2191) to work on /home/airflow/.local/lib/python3.12/site-packages/airflow/example_dags/example_sensors.py
[2026-03-02T13:55:23.012+0000] {processor.py:830} INFO - Processing file /home/airflow/.local/lib/python3.12/site-packages/airflow/example_dags/example_sensors.py for tasks to queue
[2026-03-02T13:55:23.015+0000] {logging_mixin.py:188} INFO - [2026-03-02T13:55:23.014+0000] {dagbag.py:540} INFO - Filling up the DagBag from /home/airflow/.local/lib/python3.12/site-packages/airflow/example_dags/example_sensors.py
[2026-03-02T13:55:23.026+0000] {processor.py:840} INFO - DAG(s) 'example_sensors' retrieved from /home/airflow/.local/lib/python3.12/site-packages/airflow/example_dags/example_sensors.py
[2026-03-02T13:55:23.073+0000] {logging_mixin.py:188} INFO - [2026-03-02T13:55:23.073+0000] {dag.py:3096} INFO - Sync 1 DAGs
[2026-03-02T13:55:23.093+0000] {logging_mixin.py:188} INFO - [2026-03-02T13:55:23.092+0000] {dag.py:3954} INFO - Setting next_dagrun for example_sensors to None, run_after=None
[2026-03-02T13:55:23.135+0000] {processor.py:183} INFO - Processing /home/airflow/.local/lib/python3.12/site-packages/airflow/example_dags/example_sensors.py took 0.131 seconds
[2026-03-02T13:55:53.174+0000] {processor.py:161} INFO - Started process (PID=2248) to work on /home/airflow/.local/lib/python3.12/site-packages/airflow/example_dags/example_sensors.py
[2026-03-02T13:55:53.176+0000] {processor.py:830} INFO - Processing file /home/airflow/.local/lib/python3.12/site-packages/airflow/example_dags/example_sensors.py for tasks to queue
[2026-03-02T13:55:53.177+0000] {logging_mixin.py:188} INFO - [2026-03-02T13:55:53.177+0000] {dagbag.py:540} INFO - Filling up the DagBag from /home/airflow/.local/lib/python3.12/site-packages/airflow/example_dags/example_sensors.py
[2026-03-02T13:55:53.183+0000] {processor.py:840} INFO - DAG(s) 'example_sensors' retrieved from /home/airflow/.local/lib/python3.12/site-packages/airflow/example_dags/example_sensors.py
[2026-03-02T13:55:53.202+0000] {logging_mixin.py:188} INFO - [2026-03-02T13:55:53.202+0000] {dag.py:3096} INFO - Sync 1 DAGs
[2026-03-02T13:55:53.210+0000] {logging_mixin.py:188} INFO - [2026-03-02T13:55:53.210+0000] {dag.py:3954} INFO - Setting next_dagrun for example_sensors to None, run_after=None
[2026-03-02T13:55:53.221+0000] {processor.py:183} INFO - Processing /home/airflow/.local/lib/python3.12/site-packages/airflow/example_dags/example_sensors.py took 0.050 seconds
