[2026-03-02T13:36:36.354+0000] {processor.py:161} INFO - Started process (PID=89) to work on /home/airflow/.local/lib/python3.12/site-packages/airflow/example_dags/example_subdag_operator.py
[2026-03-02T13:36:36.354+0000] {processor.py:830} INFO - Processing file /home/airflow/.local/lib/python3.12/site-packages/airflow/example_dags/example_subdag_operator.py for tasks to queue
[2026-03-02T13:36:36.355+0000] {logging_mixin.py:188} INFO - [2026-03-02T13:36:36.355+0000] {dagbag.py:540} INFO - Filling up the DagBag from /home/airflow/.local/lib/python3.12/site-packages/airflow/example_dags/example_subdag_operator.py
[2026-03-02T13:36:36.422+0000] {processor.py:840} INFO - DAG(s) 'example_subdag_operator.section-1', 'example_subdag_operator.section-2', 'example_subdag_operator' retrieved from /home/airflow/.local/lib/python3.12/site-packages/airflow/example_dags/example_subdag_operator.py
[2026-03-02T13:36:36.589+0000] {logging_mixin.py:188} INFO - [2026-03-02T13:36:36.589+0000] {dag.py:3096} INFO - Sync 3 DAGs
[2026-03-02T13:36:36.635+0000] {logging_mixin.py:188} INFO - [2026-03-02T13:36:36.635+0000] {dag.py:3954} INFO - Setting next_dagrun for example_subdag_operator to 2022-01-01 00:00:00+00:00, run_after=2022-01-01 00:00:00+00:00
[2026-03-02T13:36:36.637+0000] {logging_mixin.py:188} INFO - [2026-03-02T13:36:36.637+0000] {dag.py:3954} INFO - Setting next_dagrun for example_subdag_operator.section-1 to None, run_after=None
[2026-03-02T13:36:36.637+0000] {logging_mixin.py:188} INFO - [2026-03-02T13:36:36.637+0000] {dag.py:3954} INFO - Setting next_dagrun for example_subdag_operator.section-2 to None, run_after=None
[2026-03-02T13:36:36.660+0000] {logging_mixin.py:188} INFO - [2026-03-02T13:36:36.660+0000] {dag.py:3096} INFO - Sync 2 DAGs
[2026-03-02T13:36:36.662+0000] {logging_mixin.py:188} INFO - [2026-03-02T13:36:36.662+0000] {dag.py:3954} INFO - Setting next_dagrun for example_subdag_operator.section-1 to None, run_after=None
[2026-03-02T13:36:36.662+0000] {logging_mixin.py:188} INFO - [2026-03-02T13:36:36.662+0000] {dag.py:3954} INFO - Setting next_dagrun for example_subdag_operator.section-2 to None, run_after=None
[2026-03-02T13:36:36.689+0000] {processor.py:183} INFO - Processing /home/airflow/.local/lib/python3.12/site-packages/airflow/example_dags/example_subdag_operator.py took 0.338 seconds
[2026-03-02T13:37:06.937+0000] {processor.py:161} INFO - Started process (PID=147) to work on /home/airflow/.local/lib/python3.12/site-packages/airflow/example_dags/example_subdag_operator.py
[2026-03-02T13:37:06.938+0000] {processor.py:830} INFO - Processing file /home/airflow/.local/lib/python3.12/site-packages/airflow/example_dags/example_subdag_operator.py for tasks to queue
[2026-03-02T13:37:06.940+0000] {logging_mixin.py:188} INFO - [2026-03-02T13:37:06.940+0000] {dagbag.py:540} INFO - Filling up the DagBag from /home/airflow/.local/lib/python3.12/site-packages/airflow/example_dags/example_subdag_operator.py
[2026-03-02T13:37:06.951+0000] {processor.py:840} INFO - DAG(s) 'example_subdag_operator.section-1', 'example_subdag_operator.section-2', 'example_subdag_operator' retrieved from /home/airflow/.local/lib/python3.12/site-packages/airflow/example_dags/example_subdag_operator.py
[2026-03-02T13:37:06.957+0000] {logging_mixin.py:188} INFO - [2026-03-02T13:37:06.957+0000] {dag.py:3096} INFO - Sync 3 DAGs
[2026-03-02T13:37:06.969+0000] {logging_mixin.py:188} INFO - [2026-03-02T13:37:06.969+0000] {dag.py:3954} INFO - Setting next_dagrun for example_subdag_operator to 2022-01-01 00:00:00+00:00, run_after=2022-01-01 00:00:00+00:00
[2026-03-02T13:37:06.971+0000] {logging_mixin.py:188} INFO - [2026-03-02T13:37:06.971+0000] {dag.py:3954} INFO - Setting next_dagrun for example_subdag_operator.section-1 to None, run_after=None
[2026-03-02T13:37:06.971+0000] {logging_mixin.py:188} INFO - [2026-03-02T13:37:06.971+0000] {dag.py:3954} INFO - Setting next_dagrun for example_subdag_operator.section-2 to None, run_after=None
[2026-03-02T13:37:06.974+0000] {logging_mixin.py:188} INFO - [2026-03-02T13:37:06.974+0000] {dag.py:3096} INFO - Sync 2 DAGs
[2026-03-02T13:37:06.977+0000] {logging_mixin.py:188} INFO - [2026-03-02T13:37:06.977+0000] {dag.py:3954} INFO - Setting next_dagrun for example_subdag_operator.section-1 to None, run_after=None
[2026-03-02T13:37:06.978+0000] {logging_mixin.py:188} INFO - [2026-03-02T13:37:06.978+0000] {dag.py:3954} INFO - Setting next_dagrun for example_subdag_operator.section-2 to None, run_after=None
[2026-03-02T13:37:06.988+0000] {processor.py:183} INFO - Processing /home/airflow/.local/lib/python3.12/site-packages/airflow/example_dags/example_subdag_operator.py took 0.053 seconds
[2026-03-02T13:37:39.771+0000] {processor.py:161} INFO - Started process (PID=205) to work on /home/airflow/.local/lib/python3.12/site-packages/airflow/example_dags/example_subdag_operator.py
[2026-03-02T13:37:39.775+0000] {processor.py:830} INFO - Processing file /home/airflow/.local/lib/python3.12/site-packages/airflow/example_dags/example_subdag_operator.py for tasks to queue
[2026-03-02T13:37:39.799+0000] {logging_mixin.py:188} INFO - [2026-03-02T13:37:39.798+0000] {dagbag.py:540} INFO - Filling up the DagBag from /home/airflow/.local/lib/python3.12/site-packages/airflow/example_dags/example_subdag_operator.py
[2026-03-02T13:37:40.052+0000] {processor.py:840} INFO - DAG(s) 'example_subdag_operator.section-1', 'example_subdag_operator.section-2', 'example_subdag_operator' retrieved from /home/airflow/.local/lib/python3.12/site-packages/airflow/example_dags/example_subdag_operator.py
[2026-03-02T13:37:40.151+0000] {logging_mixin.py:188} INFO - [2026-03-02T13:37:40.149+0000] {dag.py:3096} INFO - Sync 3 DAGs
[2026-03-02T13:37:40.269+0000] {logging_mixin.py:188} INFO - [2026-03-02T13:37:40.269+0000] {dag.py:3954} INFO - Setting next_dagrun for example_subdag_operator to 2022-01-01 00:00:00+00:00, run_after=2022-01-01 00:00:00+00:00
[2026-03-02T13:37:40.279+0000] {logging_mixin.py:188} INFO - [2026-03-02T13:37:40.278+0000] {dag.py:3954} INFO - Setting next_dagrun for example_subdag_operator.section-1 to None, run_after=None
[2026-03-02T13:37:40.284+0000] {logging_mixin.py:188} INFO - [2026-03-02T13:37:40.284+0000] {dag.py:3954} INFO - Setting next_dagrun for example_subdag_operator.section-2 to None, run_after=None
[2026-03-02T13:37:40.303+0000] {logging_mixin.py:188} INFO - [2026-03-02T13:37:40.302+0000] {dag.py:3096} INFO - Sync 2 DAGs
[2026-03-02T13:37:40.326+0000] {logging_mixin.py:188} INFO - [2026-03-02T13:37:40.325+0000] {dag.py:3954} INFO - Setting next_dagrun for example_subdag_operator.section-1 to None, run_after=None
[2026-03-02T13:37:40.333+0000] {logging_mixin.py:188} INFO - [2026-03-02T13:37:40.331+0000] {dag.py:3954} INFO - Setting next_dagrun for example_subdag_operator.section-2 to None, run_after=None
[2026-03-02T13:37:40.393+0000] {processor.py:183} INFO - Processing /home/airflow/.local/lib/python3.12/site-packages/airflow/example_dags/example_subdag_operator.py took 0.634 seconds
[2026-03-02T13:38:11.024+0000] {processor.py:161} INFO - Started process (PID=263) to work on /home/airflow/.local/lib/python3.12/site-packages/airflow/example_dags/example_subdag_operator.py
[2026-03-02T13:38:11.025+0000] {processor.py:830} INFO - Processing file /home/airflow/.local/lib/python3.12/site-packages/airflow/example_dags/example_subdag_operator.py for tasks to queue
[2026-03-02T13:38:11.027+0000] {logging_mixin.py:188} INFO - [2026-03-02T13:38:11.027+0000] {dagbag.py:540} INFO - Filling up the DagBag from /home/airflow/.local/lib/python3.12/site-packages/airflow/example_dags/example_subdag_operator.py
[2026-03-02T13:38:11.057+0000] {processor.py:840} INFO - DAG(s) 'example_subdag_operator.section-1', 'example_subdag_operator.section-2', 'example_subdag_operator' retrieved from /home/airflow/.local/lib/python3.12/site-packages/airflow/example_dags/example_subdag_operator.py
[2026-03-02T13:38:11.070+0000] {logging_mixin.py:188} INFO - [2026-03-02T13:38:11.069+0000] {dag.py:3096} INFO - Sync 3 DAGs
[2026-03-02T13:38:11.082+0000] {logging_mixin.py:188} INFO - [2026-03-02T13:38:11.082+0000] {dag.py:3954} INFO - Setting next_dagrun for example_subdag_operator to 2022-01-01 00:00:00+00:00, run_after=2022-01-01 00:00:00+00:00
[2026-03-02T13:38:11.084+0000] {logging_mixin.py:188} INFO - [2026-03-02T13:38:11.084+0000] {dag.py:3954} INFO - Setting next_dagrun for example_subdag_operator.section-1 to None, run_after=None
[2026-03-02T13:38:11.084+0000] {logging_mixin.py:188} INFO - [2026-03-02T13:38:11.084+0000] {dag.py:3954} INFO - Setting next_dagrun for example_subdag_operator.section-2 to None, run_after=None
[2026-03-02T13:38:11.094+0000] {logging_mixin.py:188} INFO - [2026-03-02T13:38:11.094+0000] {dag.py:3096} INFO - Sync 2 DAGs
[2026-03-02T13:38:11.099+0000] {logging_mixin.py:188} INFO - [2026-03-02T13:38:11.099+0000] {dag.py:3954} INFO - Setting next_dagrun for example_subdag_operator.section-1 to None, run_after=None
[2026-03-02T13:38:11.099+0000] {logging_mixin.py:188} INFO - [2026-03-02T13:38:11.099+0000] {dag.py:3954} INFO - Setting next_dagrun for example_subdag_operator.section-2 to None, run_after=None
[2026-03-02T13:38:11.105+0000] {processor.py:183} INFO - Processing /home/airflow/.local/lib/python3.12/site-packages/airflow/example_dags/example_subdag_operator.py took 0.087 seconds
[2026-03-02T13:38:41.937+0000] {processor.py:161} INFO - Started process (PID=321) to work on /home/airflow/.local/lib/python3.12/site-packages/airflow/example_dags/example_subdag_operator.py
[2026-03-02T13:38:41.938+0000] {processor.py:830} INFO - Processing file /home/airflow/.local/lib/python3.12/site-packages/airflow/example_dags/example_subdag_operator.py for tasks to queue
[2026-03-02T13:38:41.939+0000] {logging_mixin.py:188} INFO - [2026-03-02T13:38:41.939+0000] {dagbag.py:540} INFO - Filling up the DagBag from /home/airflow/.local/lib/python3.12/site-packages/airflow/example_dags/example_subdag_operator.py
[2026-03-02T13:38:41.950+0000] {processor.py:840} INFO - DAG(s) 'example_subdag_operator.section-1', 'example_subdag_operator.section-2', 'example_subdag_operator' retrieved from /home/airflow/.local/lib/python3.12/site-packages/airflow/example_dags/example_subdag_operator.py
[2026-03-02T13:38:41.956+0000] {logging_mixin.py:188} INFO - [2026-03-02T13:38:41.956+0000] {dag.py:3096} INFO - Sync 3 DAGs
[2026-03-02T13:38:41.965+0000] {logging_mixin.py:188} INFO - [2026-03-02T13:38:41.965+0000] {dag.py:3954} INFO - Setting next_dagrun for example_subdag_operator to 2022-01-01 00:00:00+00:00, run_after=2022-01-01 00:00:00+00:00
[2026-03-02T13:38:41.967+0000] {logging_mixin.py:188} INFO - [2026-03-02T13:38:41.967+0000] {dag.py:3954} INFO - Setting next_dagrun for example_subdag_operator.section-1 to None, run_after=None
[2026-03-02T13:38:41.967+0000] {logging_mixin.py:188} INFO - [2026-03-02T13:38:41.967+0000] {dag.py:3954} INFO - Setting next_dagrun for example_subdag_operator.section-2 to None, run_after=None
[2026-03-02T13:38:41.970+0000] {logging_mixin.py:188} INFO - [2026-03-02T13:38:41.970+0000] {dag.py:3096} INFO - Sync 2 DAGs
[2026-03-02T13:38:41.972+0000] {logging_mixin.py:188} INFO - [2026-03-02T13:38:41.972+0000] {dag.py:3954} INFO - Setting next_dagrun for example_subdag_operator.section-1 to None, run_after=None
[2026-03-02T13:38:41.972+0000] {logging_mixin.py:188} INFO - [2026-03-02T13:38:41.972+0000] {dag.py:3954} INFO - Setting next_dagrun for example_subdag_operator.section-2 to None, run_after=None
[2026-03-02T13:38:41.976+0000] {processor.py:183} INFO - Processing /home/airflow/.local/lib/python3.12/site-packages/airflow/example_dags/example_subdag_operator.py took 0.041 seconds
[2026-03-02T13:39:12.341+0000] {processor.py:161} INFO - Started process (PID=379) to work on /home/airflow/.local/lib/python3.12/site-packages/airflow/example_dags/example_subdag_operator.py
[2026-03-02T13:39:12.342+0000] {processor.py:830} INFO - Processing file /home/airflow/.local/lib/python3.12/site-packages/airflow/example_dags/example_subdag_operator.py for tasks to queue
[2026-03-02T13:39:12.343+0000] {logging_mixin.py:188} INFO - [2026-03-02T13:39:12.343+0000] {dagbag.py:540} INFO - Filling up the DagBag from /home/airflow/.local/lib/python3.12/site-packages/airflow/example_dags/example_subdag_operator.py
[2026-03-02T13:39:12.359+0000] {processor.py:840} INFO - DAG(s) 'example_subdag_operator.section-1', 'example_subdag_operator.section-2', 'example_subdag_operator' retrieved from /home/airflow/.local/lib/python3.12/site-packages/airflow/example_dags/example_subdag_operator.py
[2026-03-02T13:39:12.365+0000] {logging_mixin.py:188} INFO - [2026-03-02T13:39:12.365+0000] {dag.py:3096} INFO - Sync 3 DAGs
[2026-03-02T13:39:12.376+0000] {logging_mixin.py:188} INFO - [2026-03-02T13:39:12.376+0000] {dag.py:3954} INFO - Setting next_dagrun for example_subdag_operator to 2022-01-01 00:00:00+00:00, run_after=2022-01-01 00:00:00+00:00
[2026-03-02T13:39:12.378+0000] {logging_mixin.py:188} INFO - [2026-03-02T13:39:12.378+0000] {dag.py:3954} INFO - Setting next_dagrun for example_subdag_operator.section-1 to None, run_after=None
[2026-03-02T13:39:12.378+0000] {logging_mixin.py:188} INFO - [2026-03-02T13:39:12.378+0000] {dag.py:3954} INFO - Setting next_dagrun for example_subdag_operator.section-2 to None, run_after=None
[2026-03-02T13:39:12.382+0000] {logging_mixin.py:188} INFO - [2026-03-02T13:39:12.381+0000] {dag.py:3096} INFO - Sync 2 DAGs
[2026-03-02T13:39:12.384+0000] {logging_mixin.py:188} INFO - [2026-03-02T13:39:12.384+0000] {dag.py:3954} INFO - Setting next_dagrun for example_subdag_operator.section-1 to None, run_after=None
[2026-03-02T13:39:12.384+0000] {logging_mixin.py:188} INFO - [2026-03-02T13:39:12.384+0000] {dag.py:3954} INFO - Setting next_dagrun for example_subdag_operator.section-2 to None, run_after=None
[2026-03-02T13:39:12.388+0000] {processor.py:183} INFO - Processing /home/airflow/.local/lib/python3.12/site-packages/airflow/example_dags/example_subdag_operator.py took 0.052 seconds
[2026-03-02T13:39:42.846+0000] {processor.py:161} INFO - Started process (PID=437) to work on /home/airflow/.local/lib/python3.12/site-packages/airflow/example_dags/example_subdag_operator.py
[2026-03-02T13:39:42.847+0000] {processor.py:830} INFO - Processing file /home/airflow/.local/lib/python3.12/site-packages/airflow/example_dags/example_subdag_operator.py for tasks to queue
[2026-03-02T13:39:42.848+0000] {logging_mixin.py:188} INFO - [2026-03-02T13:39:42.848+0000] {dagbag.py:540} INFO - Filling up the DagBag from /home/airflow/.local/lib/python3.12/site-packages/airflow/example_dags/example_subdag_operator.py
[2026-03-02T13:39:42.861+0000] {processor.py:840} INFO - DAG(s) 'example_subdag_operator.section-1', 'example_subdag_operator.section-2', 'example_subdag_operator' retrieved from /home/airflow/.local/lib/python3.12/site-packages/airflow/example_dags/example_subdag_operator.py
[2026-03-02T13:39:42.867+0000] {logging_mixin.py:188} INFO - [2026-03-02T13:39:42.867+0000] {dag.py:3096} INFO - Sync 3 DAGs
[2026-03-02T13:39:42.876+0000] {logging_mixin.py:188} INFO - [2026-03-02T13:39:42.876+0000] {dag.py:3954} INFO - Setting next_dagrun for example_subdag_operator to 2022-01-01 00:00:00+00:00, run_after=2022-01-01 00:00:00+00:00
[2026-03-02T13:39:42.877+0000] {logging_mixin.py:188} INFO - [2026-03-02T13:39:42.877+0000] {dag.py:3954} INFO - Setting next_dagrun for example_subdag_operator.section-1 to None, run_after=None
[2026-03-02T13:39:42.878+0000] {logging_mixin.py:188} INFO - [2026-03-02T13:39:42.878+0000] {dag.py:3954} INFO - Setting next_dagrun for example_subdag_operator.section-2 to None, run_after=None
[2026-03-02T13:39:42.881+0000] {logging_mixin.py:188} INFO - [2026-03-02T13:39:42.881+0000] {dag.py:3096} INFO - Sync 2 DAGs
[2026-03-02T13:39:42.883+0000] {logging_mixin.py:188} INFO - [2026-03-02T13:39:42.883+0000] {dag.py:3954} INFO - Setting next_dagrun for example_subdag_operator.section-1 to None, run_after=None
[2026-03-02T13:39:42.883+0000] {logging_mixin.py:188} INFO - [2026-03-02T13:39:42.883+0000] {dag.py:3954} INFO - Setting next_dagrun for example_subdag_operator.section-2 to None, run_after=None
[2026-03-02T13:39:42.888+0000] {processor.py:183} INFO - Processing /home/airflow/.local/lib/python3.12/site-packages/airflow/example_dags/example_subdag_operator.py took 0.046 seconds
[2026-03-02T13:40:13.203+0000] {processor.py:161} INFO - Started process (PID=495) to work on /home/airflow/.local/lib/python3.12/site-packages/airflow/example_dags/example_subdag_operator.py
[2026-03-02T13:40:13.206+0000] {processor.py:830} INFO - Processing file /home/airflow/.local/lib/python3.12/site-packages/airflow/example_dags/example_subdag_operator.py for tasks to queue
[2026-03-02T13:40:13.207+0000] {logging_mixin.py:188} INFO - [2026-03-02T13:40:13.206+0000] {dagbag.py:540} INFO - Filling up the DagBag from /home/airflow/.local/lib/python3.12/site-packages/airflow/example_dags/example_subdag_operator.py
[2026-03-02T13:40:13.217+0000] {processor.py:840} INFO - DAG(s) 'example_subdag_operator.section-1', 'example_subdag_operator.section-2', 'example_subdag_operator' retrieved from /home/airflow/.local/lib/python3.12/site-packages/airflow/example_dags/example_subdag_operator.py
[2026-03-02T13:40:13.223+0000] {logging_mixin.py:188} INFO - [2026-03-02T13:40:13.223+0000] {dag.py:3096} INFO - Sync 3 DAGs
[2026-03-02T13:40:13.232+0000] {logging_mixin.py:188} INFO - [2026-03-02T13:40:13.232+0000] {dag.py:3954} INFO - Setting next_dagrun for example_subdag_operator to 2022-01-01 00:00:00+00:00, run_after=2022-01-01 00:00:00+00:00
[2026-03-02T13:40:13.234+0000] {logging_mixin.py:188} INFO - [2026-03-02T13:40:13.234+0000] {dag.py:3954} INFO - Setting next_dagrun for example_subdag_operator.section-1 to None, run_after=None
[2026-03-02T13:40:13.236+0000] {logging_mixin.py:188} INFO - [2026-03-02T13:40:13.236+0000] {dag.py:3954} INFO - Setting next_dagrun for example_subdag_operator.section-2 to None, run_after=None
[2026-03-02T13:40:13.242+0000] {logging_mixin.py:188} INFO - [2026-03-02T13:40:13.242+0000] {dag.py:3096} INFO - Sync 2 DAGs
[2026-03-02T13:40:13.245+0000] {logging_mixin.py:188} INFO - [2026-03-02T13:40:13.245+0000] {dag.py:3954} INFO - Setting next_dagrun for example_subdag_operator.section-1 to None, run_after=None
[2026-03-02T13:40:13.245+0000] {logging_mixin.py:188} INFO - [2026-03-02T13:40:13.245+0000] {dag.py:3954} INFO - Setting next_dagrun for example_subdag_operator.section-2 to None, run_after=None
[2026-03-02T13:40:13.249+0000] {processor.py:183} INFO - Processing /home/airflow/.local/lib/python3.12/site-packages/airflow/example_dags/example_subdag_operator.py took 0.050 seconds
[2026-03-02T13:40:43.575+0000] {processor.py:161} INFO - Started process (PID=553) to work on /home/airflow/.local/lib/python3.12/site-packages/airflow/example_dags/example_subdag_operator.py
[2026-03-02T13:40:43.575+0000] {processor.py:830} INFO - Processing file /home/airflow/.local/lib/python3.12/site-packages/airflow/example_dags/example_subdag_operator.py for tasks to queue
[2026-03-02T13:40:43.576+0000] {logging_mixin.py:188} INFO - [2026-03-02T13:40:43.576+0000] {dagbag.py:540} INFO - Filling up the DagBag from /home/airflow/.local/lib/python3.12/site-packages/airflow/example_dags/example_subdag_operator.py
[2026-03-02T13:40:43.586+0000] {processor.py:840} INFO - DAG(s) 'example_subdag_operator.section-1', 'example_subdag_operator.section-2', 'example_subdag_operator' retrieved from /home/airflow/.local/lib/python3.12/site-packages/airflow/example_dags/example_subdag_operator.py
[2026-03-02T13:40:43.591+0000] {logging_mixin.py:188} INFO - [2026-03-02T13:40:43.591+0000] {dag.py:3096} INFO - Sync 3 DAGs
[2026-03-02T13:40:43.599+0000] {logging_mixin.py:188} INFO - [2026-03-02T13:40:43.599+0000] {dag.py:3954} INFO - Setting next_dagrun for example_subdag_operator to 2022-01-01 00:00:00+00:00, run_after=2022-01-01 00:00:00+00:00
[2026-03-02T13:40:43.600+0000] {logging_mixin.py:188} INFO - [2026-03-02T13:40:43.600+0000] {dag.py:3954} INFO - Setting next_dagrun for example_subdag_operator.section-1 to None, run_after=None
[2026-03-02T13:40:43.601+0000] {logging_mixin.py:188} INFO - [2026-03-02T13:40:43.601+0000] {dag.py:3954} INFO - Setting next_dagrun for example_subdag_operator.section-2 to None, run_after=None
[2026-03-02T13:40:43.603+0000] {logging_mixin.py:188} INFO - [2026-03-02T13:40:43.603+0000] {dag.py:3096} INFO - Sync 2 DAGs
[2026-03-02T13:40:43.605+0000] {logging_mixin.py:188} INFO - [2026-03-02T13:40:43.605+0000] {dag.py:3954} INFO - Setting next_dagrun for example_subdag_operator.section-1 to None, run_after=None
[2026-03-02T13:40:43.605+0000] {logging_mixin.py:188} INFO - [2026-03-02T13:40:43.605+0000] {dag.py:3954} INFO - Setting next_dagrun for example_subdag_operator.section-2 to None, run_after=None
[2026-03-02T13:40:43.608+0000] {processor.py:183} INFO - Processing /home/airflow/.local/lib/python3.12/site-packages/airflow/example_dags/example_subdag_operator.py took 0.036 seconds
[2026-03-02T13:41:14.041+0000] {processor.py:161} INFO - Started process (PID=611) to work on /home/airflow/.local/lib/python3.12/site-packages/airflow/example_dags/example_subdag_operator.py
[2026-03-02T13:41:14.042+0000] {processor.py:830} INFO - Processing file /home/airflow/.local/lib/python3.12/site-packages/airflow/example_dags/example_subdag_operator.py for tasks to queue
[2026-03-02T13:41:14.043+0000] {logging_mixin.py:188} INFO - [2026-03-02T13:41:14.043+0000] {dagbag.py:540} INFO - Filling up the DagBag from /home/airflow/.local/lib/python3.12/site-packages/airflow/example_dags/example_subdag_operator.py
[2026-03-02T13:41:14.057+0000] {processor.py:840} INFO - DAG(s) 'example_subdag_operator.section-1', 'example_subdag_operator.section-2', 'example_subdag_operator' retrieved from /home/airflow/.local/lib/python3.12/site-packages/airflow/example_dags/example_subdag_operator.py
[2026-03-02T13:41:14.064+0000] {logging_mixin.py:188} INFO - [2026-03-02T13:41:14.064+0000] {dag.py:3096} INFO - Sync 3 DAGs
[2026-03-02T13:41:14.074+0000] {logging_mixin.py:188} INFO - [2026-03-02T13:41:14.074+0000] {dag.py:3954} INFO - Setting next_dagrun for example_subdag_operator to 2022-01-01 00:00:00+00:00, run_after=2022-01-01 00:00:00+00:00
[2026-03-02T13:41:14.077+0000] {logging_mixin.py:188} INFO - [2026-03-02T13:41:14.076+0000] {dag.py:3954} INFO - Setting next_dagrun for example_subdag_operator.section-1 to None, run_after=None
[2026-03-02T13:41:14.077+0000] {logging_mixin.py:188} INFO - [2026-03-02T13:41:14.077+0000] {dag.py:3954} INFO - Setting next_dagrun for example_subdag_operator.section-2 to None, run_after=None
[2026-03-02T13:41:14.080+0000] {logging_mixin.py:188} INFO - [2026-03-02T13:41:14.080+0000] {dag.py:3096} INFO - Sync 2 DAGs
[2026-03-02T13:41:14.082+0000] {logging_mixin.py:188} INFO - [2026-03-02T13:41:14.082+0000] {dag.py:3954} INFO - Setting next_dagrun for example_subdag_operator.section-1 to None, run_after=None
[2026-03-02T13:41:14.083+0000] {logging_mixin.py:188} INFO - [2026-03-02T13:41:14.083+0000] {dag.py:3954} INFO - Setting next_dagrun for example_subdag_operator.section-2 to None, run_after=None
[2026-03-02T13:41:14.086+0000] {processor.py:183} INFO - Processing /home/airflow/.local/lib/python3.12/site-packages/airflow/example_dags/example_subdag_operator.py took 0.050 seconds
[2026-03-02T13:41:44.368+0000] {processor.py:161} INFO - Started process (PID=669) to work on /home/airflow/.local/lib/python3.12/site-packages/airflow/example_dags/example_subdag_operator.py
[2026-03-02T13:41:44.368+0000] {processor.py:830} INFO - Processing file /home/airflow/.local/lib/python3.12/site-packages/airflow/example_dags/example_subdag_operator.py for tasks to queue
[2026-03-02T13:41:44.369+0000] {logging_mixin.py:188} INFO - [2026-03-02T13:41:44.369+0000] {dagbag.py:540} INFO - Filling up the DagBag from /home/airflow/.local/lib/python3.12/site-packages/airflow/example_dags/example_subdag_operator.py
[2026-03-02T13:41:44.387+0000] {processor.py:840} INFO - DAG(s) 'example_subdag_operator.section-1', 'example_subdag_operator.section-2', 'example_subdag_operator' retrieved from /home/airflow/.local/lib/python3.12/site-packages/airflow/example_dags/example_subdag_operator.py
[2026-03-02T13:41:44.395+0000] {logging_mixin.py:188} INFO - [2026-03-02T13:41:44.395+0000] {dag.py:3096} INFO - Sync 3 DAGs
[2026-03-02T13:41:44.404+0000] {logging_mixin.py:188} INFO - [2026-03-02T13:41:44.404+0000] {dag.py:3954} INFO - Setting next_dagrun for example_subdag_operator to 2022-01-01 00:00:00+00:00, run_after=2022-01-01 00:00:00+00:00
[2026-03-02T13:41:44.405+0000] {logging_mixin.py:188} INFO - [2026-03-02T13:41:44.405+0000] {dag.py:3954} INFO - Setting next_dagrun for example_subdag_operator.section-1 to None, run_after=None
[2026-03-02T13:41:44.406+0000] {logging_mixin.py:188} INFO - [2026-03-02T13:41:44.406+0000] {dag.py:3954} INFO - Setting next_dagrun for example_subdag_operator.section-2 to None, run_after=None
[2026-03-02T13:41:44.409+0000] {logging_mixin.py:188} INFO - [2026-03-02T13:41:44.409+0000] {dag.py:3096} INFO - Sync 2 DAGs
[2026-03-02T13:41:44.411+0000] {logging_mixin.py:188} INFO - [2026-03-02T13:41:44.411+0000] {dag.py:3954} INFO - Setting next_dagrun for example_subdag_operator.section-1 to None, run_after=None
[2026-03-02T13:41:44.411+0000] {logging_mixin.py:188} INFO - [2026-03-02T13:41:44.411+0000] {dag.py:3954} INFO - Setting next_dagrun for example_subdag_operator.section-2 to None, run_after=None
[2026-03-02T13:41:44.419+0000] {processor.py:183} INFO - Processing /home/airflow/.local/lib/python3.12/site-packages/airflow/example_dags/example_subdag_operator.py took 0.054 seconds
[2026-03-02T13:42:14.718+0000] {processor.py:161} INFO - Started process (PID=727) to work on /home/airflow/.local/lib/python3.12/site-packages/airflow/example_dags/example_subdag_operator.py
[2026-03-02T13:42:14.718+0000] {processor.py:830} INFO - Processing file /home/airflow/.local/lib/python3.12/site-packages/airflow/example_dags/example_subdag_operator.py for tasks to queue
[2026-03-02T13:42:14.719+0000] {logging_mixin.py:188} INFO - [2026-03-02T13:42:14.719+0000] {dagbag.py:540} INFO - Filling up the DagBag from /home/airflow/.local/lib/python3.12/site-packages/airflow/example_dags/example_subdag_operator.py
[2026-03-02T13:42:14.733+0000] {processor.py:840} INFO - DAG(s) 'example_subdag_operator.section-1', 'example_subdag_operator.section-2', 'example_subdag_operator' retrieved from /home/airflow/.local/lib/python3.12/site-packages/airflow/example_dags/example_subdag_operator.py
[2026-03-02T13:42:14.741+0000] {logging_mixin.py:188} INFO - [2026-03-02T13:42:14.741+0000] {dag.py:3096} INFO - Sync 3 DAGs
[2026-03-02T13:42:14.764+0000] {logging_mixin.py:188} INFO - [2026-03-02T13:42:14.764+0000] {dag.py:3954} INFO - Setting next_dagrun for example_subdag_operator to 2022-01-01 00:00:00+00:00, run_after=2022-01-01 00:00:00+00:00
[2026-03-02T13:42:14.771+0000] {logging_mixin.py:188} INFO - [2026-03-02T13:42:14.768+0000] {dag.py:3954} INFO - Setting next_dagrun for example_subdag_operator.section-1 to None, run_after=None
[2026-03-02T13:42:14.773+0000] {logging_mixin.py:188} INFO - [2026-03-02T13:42:14.773+0000] {dag.py:3954} INFO - Setting next_dagrun for example_subdag_operator.section-2 to None, run_after=None
[2026-03-02T13:42:14.776+0000] {logging_mixin.py:188} INFO - [2026-03-02T13:42:14.776+0000] {dag.py:3096} INFO - Sync 2 DAGs
[2026-03-02T13:42:14.779+0000] {logging_mixin.py:188} INFO - [2026-03-02T13:42:14.779+0000] {dag.py:3954} INFO - Setting next_dagrun for example_subdag_operator.section-1 to None, run_after=None
[2026-03-02T13:42:14.779+0000] {logging_mixin.py:188} INFO - [2026-03-02T13:42:14.779+0000] {dag.py:3954} INFO - Setting next_dagrun for example_subdag_operator.section-2 to None, run_after=None
[2026-03-02T13:42:14.784+0000] {processor.py:183} INFO - Processing /home/airflow/.local/lib/python3.12/site-packages/airflow/example_dags/example_subdag_operator.py took 0.069 seconds
[2026-03-02T13:42:45.177+0000] {processor.py:161} INFO - Started process (PID=785) to work on /home/airflow/.local/lib/python3.12/site-packages/airflow/example_dags/example_subdag_operator.py
[2026-03-02T13:42:45.178+0000] {processor.py:830} INFO - Processing file /home/airflow/.local/lib/python3.12/site-packages/airflow/example_dags/example_subdag_operator.py for tasks to queue
[2026-03-02T13:42:45.179+0000] {logging_mixin.py:188} INFO - [2026-03-02T13:42:45.179+0000] {dagbag.py:540} INFO - Filling up the DagBag from /home/airflow/.local/lib/python3.12/site-packages/airflow/example_dags/example_subdag_operator.py
[2026-03-02T13:42:45.191+0000] {processor.py:840} INFO - DAG(s) 'example_subdag_operator.section-1', 'example_subdag_operator.section-2', 'example_subdag_operator' retrieved from /home/airflow/.local/lib/python3.12/site-packages/airflow/example_dags/example_subdag_operator.py
[2026-03-02T13:42:45.198+0000] {logging_mixin.py:188} INFO - [2026-03-02T13:42:45.198+0000] {dag.py:3096} INFO - Sync 3 DAGs
[2026-03-02T13:42:45.207+0000] {logging_mixin.py:188} INFO - [2026-03-02T13:42:45.207+0000] {dag.py:3954} INFO - Setting next_dagrun for example_subdag_operator to 2022-01-01 00:00:00+00:00, run_after=2022-01-01 00:00:00+00:00
[2026-03-02T13:42:45.209+0000] {logging_mixin.py:188} INFO - [2026-03-02T13:42:45.209+0000] {dag.py:3954} INFO - Setting next_dagrun for example_subdag_operator.section-1 to None, run_after=None
[2026-03-02T13:42:45.209+0000] {logging_mixin.py:188} INFO - [2026-03-02T13:42:45.209+0000] {dag.py:3954} INFO - Setting next_dagrun for example_subdag_operator.section-2 to None, run_after=None
[2026-03-02T13:42:45.213+0000] {logging_mixin.py:188} INFO - [2026-03-02T13:42:45.213+0000] {dag.py:3096} INFO - Sync 2 DAGs
[2026-03-02T13:42:45.216+0000] {logging_mixin.py:188} INFO - [2026-03-02T13:42:45.216+0000] {dag.py:3954} INFO - Setting next_dagrun for example_subdag_operator.section-1 to None, run_after=None
[2026-03-02T13:42:45.216+0000] {logging_mixin.py:188} INFO - [2026-03-02T13:42:45.216+0000] {dag.py:3954} INFO - Setting next_dagrun for example_subdag_operator.section-2 to None, run_after=None
[2026-03-02T13:42:45.223+0000] {processor.py:183} INFO - Processing /home/airflow/.local/lib/python3.12/site-packages/airflow/example_dags/example_subdag_operator.py took 0.048 seconds
[2026-03-02T13:43:15.867+0000] {processor.py:161} INFO - Started process (PID=843) to work on /home/airflow/.local/lib/python3.12/site-packages/airflow/example_dags/example_subdag_operator.py
[2026-03-02T13:43:15.868+0000] {processor.py:830} INFO - Processing file /home/airflow/.local/lib/python3.12/site-packages/airflow/example_dags/example_subdag_operator.py for tasks to queue
[2026-03-02T13:43:15.868+0000] {logging_mixin.py:188} INFO - [2026-03-02T13:43:15.868+0000] {dagbag.py:540} INFO - Filling up the DagBag from /home/airflow/.local/lib/python3.12/site-packages/airflow/example_dags/example_subdag_operator.py
[2026-03-02T13:43:15.879+0000] {processor.py:840} INFO - DAG(s) 'example_subdag_operator.section-1', 'example_subdag_operator.section-2', 'example_subdag_operator' retrieved from /home/airflow/.local/lib/python3.12/site-packages/airflow/example_dags/example_subdag_operator.py
[2026-03-02T13:43:15.885+0000] {logging_mixin.py:188} INFO - [2026-03-02T13:43:15.885+0000] {dag.py:3096} INFO - Sync 3 DAGs
[2026-03-02T13:43:15.894+0000] {logging_mixin.py:188} INFO - [2026-03-02T13:43:15.894+0000] {dag.py:3954} INFO - Setting next_dagrun for example_subdag_operator to 2022-01-01 00:00:00+00:00, run_after=2022-01-01 00:00:00+00:00
[2026-03-02T13:43:15.896+0000] {logging_mixin.py:188} INFO - [2026-03-02T13:43:15.896+0000] {dag.py:3954} INFO - Setting next_dagrun for example_subdag_operator.section-1 to None, run_after=None
[2026-03-02T13:43:15.896+0000] {logging_mixin.py:188} INFO - [2026-03-02T13:43:15.896+0000] {dag.py:3954} INFO - Setting next_dagrun for example_subdag_operator.section-2 to None, run_after=None
[2026-03-02T13:43:15.899+0000] {logging_mixin.py:188} INFO - [2026-03-02T13:43:15.899+0000] {dag.py:3096} INFO - Sync 2 DAGs
[2026-03-02T13:43:16.094+0000] {logging_mixin.py:188} INFO - [2026-03-02T13:43:16.094+0000] {dag.py:3954} INFO - Setting next_dagrun for example_subdag_operator.section-1 to None, run_after=None
[2026-03-02T13:43:16.094+0000] {logging_mixin.py:188} INFO - [2026-03-02T13:43:16.094+0000] {dag.py:3954} INFO - Setting next_dagrun for example_subdag_operator.section-2 to None, run_after=None
[2026-03-02T13:43:16.099+0000] {processor.py:183} INFO - Processing /home/airflow/.local/lib/python3.12/site-packages/airflow/example_dags/example_subdag_operator.py took 0.234 seconds
[2026-03-02T13:43:46.415+0000] {processor.py:161} INFO - Started process (PID=901) to work on /home/airflow/.local/lib/python3.12/site-packages/airflow/example_dags/example_subdag_operator.py
[2026-03-02T13:43:46.416+0000] {processor.py:830} INFO - Processing file /home/airflow/.local/lib/python3.12/site-packages/airflow/example_dags/example_subdag_operator.py for tasks to queue
[2026-03-02T13:43:46.418+0000] {logging_mixin.py:188} INFO - [2026-03-02T13:43:46.417+0000] {dagbag.py:540} INFO - Filling up the DagBag from /home/airflow/.local/lib/python3.12/site-packages/airflow/example_dags/example_subdag_operator.py
[2026-03-02T13:43:46.450+0000] {processor.py:840} INFO - DAG(s) 'example_subdag_operator.section-1', 'example_subdag_operator.section-2', 'example_subdag_operator' retrieved from /home/airflow/.local/lib/python3.12/site-packages/airflow/example_dags/example_subdag_operator.py
[2026-03-02T13:43:46.467+0000] {logging_mixin.py:188} INFO - [2026-03-02T13:43:46.467+0000] {dag.py:3096} INFO - Sync 3 DAGs
[2026-03-02T13:43:46.483+0000] {logging_mixin.py:188} INFO - [2026-03-02T13:43:46.482+0000] {dag.py:3954} INFO - Setting next_dagrun for example_subdag_operator to 2022-01-01 00:00:00+00:00, run_after=2022-01-01 00:00:00+00:00
[2026-03-02T13:43:46.485+0000] {logging_mixin.py:188} INFO - [2026-03-02T13:43:46.485+0000] {dag.py:3954} INFO - Setting next_dagrun for example_subdag_operator.section-1 to None, run_after=None
[2026-03-02T13:43:46.486+0000] {logging_mixin.py:188} INFO - [2026-03-02T13:43:46.486+0000] {dag.py:3954} INFO - Setting next_dagrun for example_subdag_operator.section-2 to None, run_after=None
[2026-03-02T13:43:46.490+0000] {logging_mixin.py:188} INFO - [2026-03-02T13:43:46.490+0000] {dag.py:3096} INFO - Sync 2 DAGs
[2026-03-02T13:43:46.838+0000] {logging_mixin.py:188} INFO - [2026-03-02T13:43:46.838+0000] {dag.py:3954} INFO - Setting next_dagrun for example_subdag_operator.section-1 to None, run_after=None
[2026-03-02T13:43:46.841+0000] {logging_mixin.py:188} INFO - [2026-03-02T13:43:46.841+0000] {dag.py:3954} INFO - Setting next_dagrun for example_subdag_operator.section-2 to None, run_after=None
[2026-03-02T13:43:46.846+0000] {processor.py:183} INFO - Processing /home/airflow/.local/lib/python3.12/site-packages/airflow/example_dags/example_subdag_operator.py took 0.435 seconds
[2026-03-02T13:44:16.885+0000] {processor.py:161} INFO - Started process (PID=958) to work on /home/airflow/.local/lib/python3.12/site-packages/airflow/example_dags/example_subdag_operator.py
[2026-03-02T13:44:16.885+0000] {processor.py:830} INFO - Processing file /home/airflow/.local/lib/python3.12/site-packages/airflow/example_dags/example_subdag_operator.py for tasks to queue
[2026-03-02T13:44:16.886+0000] {logging_mixin.py:188} INFO - [2026-03-02T13:44:16.886+0000] {dagbag.py:540} INFO - Filling up the DagBag from /home/airflow/.local/lib/python3.12/site-packages/airflow/example_dags/example_subdag_operator.py
[2026-03-02T13:44:16.897+0000] {processor.py:840} INFO - DAG(s) 'example_subdag_operator.section-1', 'example_subdag_operator.section-2', 'example_subdag_operator' retrieved from /home/airflow/.local/lib/python3.12/site-packages/airflow/example_dags/example_subdag_operator.py
[2026-03-02T13:44:16.904+0000] {logging_mixin.py:188} INFO - [2026-03-02T13:44:16.904+0000] {dag.py:3096} INFO - Sync 3 DAGs
[2026-03-02T13:44:16.913+0000] {logging_mixin.py:188} INFO - [2026-03-02T13:44:16.913+0000] {dag.py:3954} INFO - Setting next_dagrun for example_subdag_operator to 2022-01-01 00:00:00+00:00, run_after=2022-01-01 00:00:00+00:00
[2026-03-02T13:44:16.915+0000] {logging_mixin.py:188} INFO - [2026-03-02T13:44:16.915+0000] {dag.py:3954} INFO - Setting next_dagrun for example_subdag_operator.section-1 to None, run_after=None
[2026-03-02T13:44:16.915+0000] {logging_mixin.py:188} INFO - [2026-03-02T13:44:16.915+0000] {dag.py:3954} INFO - Setting next_dagrun for example_subdag_operator.section-2 to None, run_after=None
[2026-03-02T13:44:16.918+0000] {logging_mixin.py:188} INFO - [2026-03-02T13:44:16.918+0000] {dag.py:3096} INFO - Sync 2 DAGs
[2026-03-02T13:44:16.921+0000] {logging_mixin.py:188} INFO - [2026-03-02T13:44:16.921+0000] {dag.py:3954} INFO - Setting next_dagrun for example_subdag_operator.section-1 to None, run_after=None
[2026-03-02T13:44:16.921+0000] {logging_mixin.py:188} INFO - [2026-03-02T13:44:16.921+0000] {dag.py:3954} INFO - Setting next_dagrun for example_subdag_operator.section-2 to None, run_after=None
[2026-03-02T13:44:16.925+0000] {processor.py:183} INFO - Processing /home/airflow/.local/lib/python3.12/site-packages/airflow/example_dags/example_subdag_operator.py took 0.045 seconds
[2026-03-02T13:44:47.874+0000] {processor.py:161} INFO - Started process (PID=1015) to work on /home/airflow/.local/lib/python3.12/site-packages/airflow/example_dags/example_subdag_operator.py
[2026-03-02T13:44:47.875+0000] {processor.py:830} INFO - Processing file /home/airflow/.local/lib/python3.12/site-packages/airflow/example_dags/example_subdag_operator.py for tasks to queue
[2026-03-02T13:44:47.875+0000] {logging_mixin.py:188} INFO - [2026-03-02T13:44:47.875+0000] {dagbag.py:540} INFO - Filling up the DagBag from /home/airflow/.local/lib/python3.12/site-packages/airflow/example_dags/example_subdag_operator.py
[2026-03-02T13:44:47.886+0000] {processor.py:840} INFO - DAG(s) 'example_subdag_operator.section-1', 'example_subdag_operator.section-2', 'example_subdag_operator' retrieved from /home/airflow/.local/lib/python3.12/site-packages/airflow/example_dags/example_subdag_operator.py
[2026-03-02T13:44:47.891+0000] {logging_mixin.py:188} INFO - [2026-03-02T13:44:47.891+0000] {dag.py:3096} INFO - Sync 3 DAGs
[2026-03-02T13:44:47.901+0000] {logging_mixin.py:188} INFO - [2026-03-02T13:44:47.901+0000] {dag.py:3954} INFO - Setting next_dagrun for example_subdag_operator to 2022-01-01 00:00:00+00:00, run_after=2022-01-01 00:00:00+00:00
[2026-03-02T13:44:47.902+0000] {logging_mixin.py:188} INFO - [2026-03-02T13:44:47.902+0000] {dag.py:3954} INFO - Setting next_dagrun for example_subdag_operator.section-1 to None, run_after=None
[2026-03-02T13:44:47.903+0000] {logging_mixin.py:188} INFO - [2026-03-02T13:44:47.903+0000] {dag.py:3954} INFO - Setting next_dagrun for example_subdag_operator.section-2 to None, run_after=None
[2026-03-02T13:44:47.905+0000] {logging_mixin.py:188} INFO - [2026-03-02T13:44:47.905+0000] {dag.py:3096} INFO - Sync 2 DAGs
[2026-03-02T13:44:47.907+0000] {logging_mixin.py:188} INFO - [2026-03-02T13:44:47.907+0000] {dag.py:3954} INFO - Setting next_dagrun for example_subdag_operator.section-1 to None, run_after=None
[2026-03-02T13:44:47.907+0000] {logging_mixin.py:188} INFO - [2026-03-02T13:44:47.907+0000] {dag.py:3954} INFO - Setting next_dagrun for example_subdag_operator.section-2 to None, run_after=None
[2026-03-02T13:44:47.911+0000] {processor.py:183} INFO - Processing /home/airflow/.local/lib/python3.12/site-packages/airflow/example_dags/example_subdag_operator.py took 0.040 seconds
[2026-03-02T13:45:18.048+0000] {processor.py:161} INFO - Started process (PID=1073) to work on /home/airflow/.local/lib/python3.12/site-packages/airflow/example_dags/example_subdag_operator.py
[2026-03-02T13:45:18.049+0000] {processor.py:830} INFO - Processing file /home/airflow/.local/lib/python3.12/site-packages/airflow/example_dags/example_subdag_operator.py for tasks to queue
[2026-03-02T13:45:18.050+0000] {logging_mixin.py:188} INFO - [2026-03-02T13:45:18.049+0000] {dagbag.py:540} INFO - Filling up the DagBag from /home/airflow/.local/lib/python3.12/site-packages/airflow/example_dags/example_subdag_operator.py
[2026-03-02T13:45:18.061+0000] {processor.py:840} INFO - DAG(s) 'example_subdag_operator.section-1', 'example_subdag_operator.section-2', 'example_subdag_operator' retrieved from /home/airflow/.local/lib/python3.12/site-packages/airflow/example_dags/example_subdag_operator.py
[2026-03-02T13:45:18.067+0000] {logging_mixin.py:188} INFO - [2026-03-02T13:45:18.067+0000] {dag.py:3096} INFO - Sync 3 DAGs
[2026-03-02T13:45:18.075+0000] {logging_mixin.py:188} INFO - [2026-03-02T13:45:18.075+0000] {dag.py:3954} INFO - Setting next_dagrun for example_subdag_operator to 2022-01-01 00:00:00+00:00, run_after=2022-01-01 00:00:00+00:00
[2026-03-02T13:45:18.076+0000] {logging_mixin.py:188} INFO - [2026-03-02T13:45:18.076+0000] {dag.py:3954} INFO - Setting next_dagrun for example_subdag_operator.section-1 to None, run_after=None
[2026-03-02T13:45:18.077+0000] {logging_mixin.py:188} INFO - [2026-03-02T13:45:18.077+0000] {dag.py:3954} INFO - Setting next_dagrun for example_subdag_operator.section-2 to None, run_after=None
[2026-03-02T13:45:18.079+0000] {logging_mixin.py:188} INFO - [2026-03-02T13:45:18.079+0000] {dag.py:3096} INFO - Sync 2 DAGs
[2026-03-02T13:45:18.081+0000] {logging_mixin.py:188} INFO - [2026-03-02T13:45:18.081+0000] {dag.py:3954} INFO - Setting next_dagrun for example_subdag_operator.section-1 to None, run_after=None
[2026-03-02T13:45:18.081+0000] {logging_mixin.py:188} INFO - [2026-03-02T13:45:18.081+0000] {dag.py:3954} INFO - Setting next_dagrun for example_subdag_operator.section-2 to None, run_after=None
[2026-03-02T13:45:18.085+0000] {processor.py:183} INFO - Processing /home/airflow/.local/lib/python3.12/site-packages/airflow/example_dags/example_subdag_operator.py took 0.040 seconds
[2026-03-02T13:45:49.009+0000] {processor.py:161} INFO - Started process (PID=1131) to work on /home/airflow/.local/lib/python3.12/site-packages/airflow/example_dags/example_subdag_operator.py
[2026-03-02T13:45:49.010+0000] {processor.py:830} INFO - Processing file /home/airflow/.local/lib/python3.12/site-packages/airflow/example_dags/example_subdag_operator.py for tasks to queue
[2026-03-02T13:45:49.011+0000] {logging_mixin.py:188} INFO - [2026-03-02T13:45:49.010+0000] {dagbag.py:540} INFO - Filling up the DagBag from /home/airflow/.local/lib/python3.12/site-packages/airflow/example_dags/example_subdag_operator.py
[2026-03-02T13:45:49.025+0000] {processor.py:840} INFO - DAG(s) 'example_subdag_operator.section-1', 'example_subdag_operator.section-2', 'example_subdag_operator' retrieved from /home/airflow/.local/lib/python3.12/site-packages/airflow/example_dags/example_subdag_operator.py
[2026-03-02T13:45:49.036+0000] {logging_mixin.py:188} INFO - [2026-03-02T13:45:49.035+0000] {dag.py:3096} INFO - Sync 3 DAGs
[2026-03-02T13:45:49.049+0000] {logging_mixin.py:188} INFO - [2026-03-02T13:45:49.049+0000] {dag.py:3954} INFO - Setting next_dagrun for example_subdag_operator to 2022-01-01 00:00:00+00:00, run_after=2022-01-01 00:00:00+00:00
[2026-03-02T13:45:49.051+0000] {logging_mixin.py:188} INFO - [2026-03-02T13:45:49.051+0000] {dag.py:3954} INFO - Setting next_dagrun for example_subdag_operator.section-1 to None, run_after=None
[2026-03-02T13:45:49.051+0000] {logging_mixin.py:188} INFO - [2026-03-02T13:45:49.051+0000] {dag.py:3954} INFO - Setting next_dagrun for example_subdag_operator.section-2 to None, run_after=None
[2026-03-02T13:45:49.054+0000] {logging_mixin.py:188} INFO - [2026-03-02T13:45:49.054+0000] {dag.py:3096} INFO - Sync 2 DAGs
[2026-03-02T13:45:49.056+0000] {logging_mixin.py:188} INFO - [2026-03-02T13:45:49.056+0000] {dag.py:3954} INFO - Setting next_dagrun for example_subdag_operator.section-1 to None, run_after=None
[2026-03-02T13:45:49.056+0000] {logging_mixin.py:188} INFO - [2026-03-02T13:45:49.056+0000] {dag.py:3954} INFO - Setting next_dagrun for example_subdag_operator.section-2 to None, run_after=None
[2026-03-02T13:45:49.060+0000] {processor.py:183} INFO - Processing /home/airflow/.local/lib/python3.12/site-packages/airflow/example_dags/example_subdag_operator.py took 0.054 seconds
[2026-03-02T13:46:19.988+0000] {processor.py:161} INFO - Started process (PID=1189) to work on /home/airflow/.local/lib/python3.12/site-packages/airflow/example_dags/example_subdag_operator.py
[2026-03-02T13:46:19.988+0000] {processor.py:830} INFO - Processing file /home/airflow/.local/lib/python3.12/site-packages/airflow/example_dags/example_subdag_operator.py for tasks to queue
[2026-03-02T13:46:19.989+0000] {logging_mixin.py:188} INFO - [2026-03-02T13:46:19.989+0000] {dagbag.py:540} INFO - Filling up the DagBag from /home/airflow/.local/lib/python3.12/site-packages/airflow/example_dags/example_subdag_operator.py
[2026-03-02T13:46:19.999+0000] {processor.py:840} INFO - DAG(s) 'example_subdag_operator.section-1', 'example_subdag_operator.section-2', 'example_subdag_operator' retrieved from /home/airflow/.local/lib/python3.12/site-packages/airflow/example_dags/example_subdag_operator.py
[2026-03-02T13:46:20.004+0000] {logging_mixin.py:188} INFO - [2026-03-02T13:46:20.004+0000] {dag.py:3096} INFO - Sync 3 DAGs
[2026-03-02T13:46:20.011+0000] {logging_mixin.py:188} INFO - [2026-03-02T13:46:20.011+0000] {dag.py:3954} INFO - Setting next_dagrun for example_subdag_operator to 2022-01-01 00:00:00+00:00, run_after=2022-01-01 00:00:00+00:00
[2026-03-02T13:46:20.013+0000] {logging_mixin.py:188} INFO - [2026-03-02T13:46:20.012+0000] {dag.py:3954} INFO - Setting next_dagrun for example_subdag_operator.section-1 to None, run_after=None
[2026-03-02T13:46:20.013+0000] {logging_mixin.py:188} INFO - [2026-03-02T13:46:20.013+0000] {dag.py:3954} INFO - Setting next_dagrun for example_subdag_operator.section-2 to None, run_after=None
[2026-03-02T13:46:20.016+0000] {logging_mixin.py:188} INFO - [2026-03-02T13:46:20.016+0000] {dag.py:3096} INFO - Sync 2 DAGs
[2026-03-02T13:46:20.017+0000] {logging_mixin.py:188} INFO - [2026-03-02T13:46:20.017+0000] {dag.py:3954} INFO - Setting next_dagrun for example_subdag_operator.section-1 to None, run_after=None
[2026-03-02T13:46:20.017+0000] {logging_mixin.py:188} INFO - [2026-03-02T13:46:20.017+0000] {dag.py:3954} INFO - Setting next_dagrun for example_subdag_operator.section-2 to None, run_after=None
[2026-03-02T13:46:20.022+0000] {processor.py:183} INFO - Processing /home/airflow/.local/lib/python3.12/site-packages/airflow/example_dags/example_subdag_operator.py took 0.038 seconds
[2026-03-02T13:46:50.341+0000] {processor.py:161} INFO - Started process (PID=1247) to work on /home/airflow/.local/lib/python3.12/site-packages/airflow/example_dags/example_subdag_operator.py
[2026-03-02T13:46:50.342+0000] {processor.py:830} INFO - Processing file /home/airflow/.local/lib/python3.12/site-packages/airflow/example_dags/example_subdag_operator.py for tasks to queue
[2026-03-02T13:46:50.343+0000] {logging_mixin.py:188} INFO - [2026-03-02T13:46:50.343+0000] {dagbag.py:540} INFO - Filling up the DagBag from /home/airflow/.local/lib/python3.12/site-packages/airflow/example_dags/example_subdag_operator.py
[2026-03-02T13:46:50.358+0000] {processor.py:840} INFO - DAG(s) 'example_subdag_operator.section-1', 'example_subdag_operator.section-2', 'example_subdag_operator' retrieved from /home/airflow/.local/lib/python3.12/site-packages/airflow/example_dags/example_subdag_operator.py
[2026-03-02T13:46:50.365+0000] {logging_mixin.py:188} INFO - [2026-03-02T13:46:50.365+0000] {dag.py:3096} INFO - Sync 3 DAGs
[2026-03-02T13:46:50.376+0000] {logging_mixin.py:188} INFO - [2026-03-02T13:46:50.376+0000] {dag.py:3954} INFO - Setting next_dagrun for example_subdag_operator to 2022-01-01 00:00:00+00:00, run_after=2022-01-01 00:00:00+00:00
[2026-03-02T13:46:50.378+0000] {logging_mixin.py:188} INFO - [2026-03-02T13:46:50.378+0000] {dag.py:3954} INFO - Setting next_dagrun for example_subdag_operator.section-1 to None, run_after=None
[2026-03-02T13:46:50.378+0000] {logging_mixin.py:188} INFO - [2026-03-02T13:46:50.378+0000] {dag.py:3954} INFO - Setting next_dagrun for example_subdag_operator.section-2 to None, run_after=None
[2026-03-02T13:46:50.382+0000] {logging_mixin.py:188} INFO - [2026-03-02T13:46:50.382+0000] {dag.py:3096} INFO - Sync 2 DAGs
[2026-03-02T13:46:50.384+0000] {logging_mixin.py:188} INFO - [2026-03-02T13:46:50.384+0000] {dag.py:3954} INFO - Setting next_dagrun for example_subdag_operator.section-1 to None, run_after=None
[2026-03-02T13:46:50.384+0000] {logging_mixin.py:188} INFO - [2026-03-02T13:46:50.384+0000] {dag.py:3954} INFO - Setting next_dagrun for example_subdag_operator.section-2 to None, run_after=None
[2026-03-02T13:46:50.389+0000] {processor.py:183} INFO - Processing /home/airflow/.local/lib/python3.12/site-packages/airflow/example_dags/example_subdag_operator.py took 0.053 seconds
[2026-03-02T13:47:20.928+0000] {processor.py:161} INFO - Started process (PID=1305) to work on /home/airflow/.local/lib/python3.12/site-packages/airflow/example_dags/example_subdag_operator.py
[2026-03-02T13:47:20.928+0000] {processor.py:830} INFO - Processing file /home/airflow/.local/lib/python3.12/site-packages/airflow/example_dags/example_subdag_operator.py for tasks to queue
[2026-03-02T13:47:20.929+0000] {logging_mixin.py:188} INFO - [2026-03-02T13:47:20.929+0000] {dagbag.py:540} INFO - Filling up the DagBag from /home/airflow/.local/lib/python3.12/site-packages/airflow/example_dags/example_subdag_operator.py
[2026-03-02T13:47:20.945+0000] {processor.py:840} INFO - DAG(s) 'example_subdag_operator.section-1', 'example_subdag_operator.section-2', 'example_subdag_operator' retrieved from /home/airflow/.local/lib/python3.12/site-packages/airflow/example_dags/example_subdag_operator.py
[2026-03-02T13:47:20.954+0000] {logging_mixin.py:188} INFO - [2026-03-02T13:47:20.953+0000] {dag.py:3096} INFO - Sync 3 DAGs
[2026-03-02T13:47:20.963+0000] {logging_mixin.py:188} INFO - [2026-03-02T13:47:20.963+0000] {dag.py:3954} INFO - Setting next_dagrun for example_subdag_operator to 2022-01-01 00:00:00+00:00, run_after=2022-01-01 00:00:00+00:00
[2026-03-02T13:47:20.965+0000] {logging_mixin.py:188} INFO - [2026-03-02T13:47:20.965+0000] {dag.py:3954} INFO - Setting next_dagrun for example_subdag_operator.section-1 to None, run_after=None
[2026-03-02T13:47:20.965+0000] {logging_mixin.py:188} INFO - [2026-03-02T13:47:20.965+0000] {dag.py:3954} INFO - Setting next_dagrun for example_subdag_operator.section-2 to None, run_after=None
[2026-03-02T13:47:20.968+0000] {logging_mixin.py:188} INFO - [2026-03-02T13:47:20.968+0000] {dag.py:3096} INFO - Sync 2 DAGs
[2026-03-02T13:47:20.970+0000] {logging_mixin.py:188} INFO - [2026-03-02T13:47:20.970+0000] {dag.py:3954} INFO - Setting next_dagrun for example_subdag_operator.section-1 to None, run_after=None
[2026-03-02T13:47:20.970+0000] {logging_mixin.py:188} INFO - [2026-03-02T13:47:20.970+0000] {dag.py:3954} INFO - Setting next_dagrun for example_subdag_operator.section-2 to None, run_after=None
[2026-03-02T13:47:20.974+0000] {processor.py:183} INFO - Processing /home/airflow/.local/lib/python3.12/site-packages/airflow/example_dags/example_subdag_operator.py took 0.050 seconds
[2026-03-02T13:47:51.610+0000] {processor.py:161} INFO - Started process (PID=1363) to work on /home/airflow/.local/lib/python3.12/site-packages/airflow/example_dags/example_subdag_operator.py
[2026-03-02T13:47:51.611+0000] {processor.py:830} INFO - Processing file /home/airflow/.local/lib/python3.12/site-packages/airflow/example_dags/example_subdag_operator.py for tasks to queue
[2026-03-02T13:47:51.612+0000] {logging_mixin.py:188} INFO - [2026-03-02T13:47:51.612+0000] {dagbag.py:540} INFO - Filling up the DagBag from /home/airflow/.local/lib/python3.12/site-packages/airflow/example_dags/example_subdag_operator.py
[2026-03-02T13:47:51.622+0000] {processor.py:840} INFO - DAG(s) 'example_subdag_operator.section-1', 'example_subdag_operator.section-2', 'example_subdag_operator' retrieved from /home/airflow/.local/lib/python3.12/site-packages/airflow/example_dags/example_subdag_operator.py
[2026-03-02T13:47:51.628+0000] {logging_mixin.py:188} INFO - [2026-03-02T13:47:51.628+0000] {dag.py:3096} INFO - Sync 3 DAGs
[2026-03-02T13:47:51.637+0000] {logging_mixin.py:188} INFO - [2026-03-02T13:47:51.636+0000] {dag.py:3954} INFO - Setting next_dagrun for example_subdag_operator to 2022-01-01 00:00:00+00:00, run_after=2022-01-01 00:00:00+00:00
[2026-03-02T13:47:51.638+0000] {logging_mixin.py:188} INFO - [2026-03-02T13:47:51.638+0000] {dag.py:3954} INFO - Setting next_dagrun for example_subdag_operator.section-1 to None, run_after=None
[2026-03-02T13:47:51.639+0000] {logging_mixin.py:188} INFO - [2026-03-02T13:47:51.638+0000] {dag.py:3954} INFO - Setting next_dagrun for example_subdag_operator.section-2 to None, run_after=None
[2026-03-02T13:47:51.641+0000] {logging_mixin.py:188} INFO - [2026-03-02T13:47:51.641+0000] {dag.py:3096} INFO - Sync 2 DAGs
[2026-03-02T13:47:51.643+0000] {logging_mixin.py:188} INFO - [2026-03-02T13:47:51.643+0000] {dag.py:3954} INFO - Setting next_dagrun for example_subdag_operator.section-1 to None, run_after=None
[2026-03-02T13:47:51.643+0000] {logging_mixin.py:188} INFO - [2026-03-02T13:47:51.643+0000] {dag.py:3954} INFO - Setting next_dagrun for example_subdag_operator.section-2 to None, run_after=None
[2026-03-02T13:47:51.647+0000] {processor.py:183} INFO - Processing /home/airflow/.local/lib/python3.12/site-packages/airflow/example_dags/example_subdag_operator.py took 0.041 seconds
[2026-03-02T13:48:21.694+0000] {processor.py:161} INFO - Started process (PID=1421) to work on /home/airflow/.local/lib/python3.12/site-packages/airflow/example_dags/example_subdag_operator.py
[2026-03-02T13:48:21.695+0000] {processor.py:830} INFO - Processing file /home/airflow/.local/lib/python3.12/site-packages/airflow/example_dags/example_subdag_operator.py for tasks to queue
[2026-03-02T13:48:21.697+0000] {logging_mixin.py:188} INFO - [2026-03-02T13:48:21.697+0000] {dagbag.py:540} INFO - Filling up the DagBag from /home/airflow/.local/lib/python3.12/site-packages/airflow/example_dags/example_subdag_operator.py
[2026-03-02T13:48:21.711+0000] {processor.py:840} INFO - DAG(s) 'example_subdag_operator.section-1', 'example_subdag_operator.section-2', 'example_subdag_operator' retrieved from /home/airflow/.local/lib/python3.12/site-packages/airflow/example_dags/example_subdag_operator.py
[2026-03-02T13:48:21.718+0000] {logging_mixin.py:188} INFO - [2026-03-02T13:48:21.718+0000] {dag.py:3096} INFO - Sync 3 DAGs
[2026-03-02T13:48:21.735+0000] {logging_mixin.py:188} INFO - [2026-03-02T13:48:21.735+0000] {dag.py:3954} INFO - Setting next_dagrun for example_subdag_operator to 2022-01-01 00:00:00+00:00, run_after=2022-01-01 00:00:00+00:00
[2026-03-02T13:48:21.738+0000] {logging_mixin.py:188} INFO - [2026-03-02T13:48:21.737+0000] {dag.py:3954} INFO - Setting next_dagrun for example_subdag_operator.section-1 to None, run_after=None
[2026-03-02T13:48:21.739+0000] {logging_mixin.py:188} INFO - [2026-03-02T13:48:21.739+0000] {dag.py:3954} INFO - Setting next_dagrun for example_subdag_operator.section-2 to None, run_after=None
[2026-03-02T13:48:21.743+0000] {logging_mixin.py:188} INFO - [2026-03-02T13:48:21.743+0000] {dag.py:3096} INFO - Sync 2 DAGs
[2026-03-02T13:48:21.747+0000] {logging_mixin.py:188} INFO - [2026-03-02T13:48:21.747+0000] {dag.py:3954} INFO - Setting next_dagrun for example_subdag_operator.section-1 to None, run_after=None
[2026-03-02T13:48:21.747+0000] {logging_mixin.py:188} INFO - [2026-03-02T13:48:21.747+0000] {dag.py:3954} INFO - Setting next_dagrun for example_subdag_operator.section-2 to None, run_after=None
[2026-03-02T13:48:21.754+0000] {processor.py:183} INFO - Processing /home/airflow/.local/lib/python3.12/site-packages/airflow/example_dags/example_subdag_operator.py took 0.066 seconds
[2026-03-02T13:48:52.281+0000] {processor.py:161} INFO - Started process (PID=1479) to work on /home/airflow/.local/lib/python3.12/site-packages/airflow/example_dags/example_subdag_operator.py
[2026-03-02T13:48:52.282+0000] {processor.py:830} INFO - Processing file /home/airflow/.local/lib/python3.12/site-packages/airflow/example_dags/example_subdag_operator.py for tasks to queue
[2026-03-02T13:48:52.283+0000] {logging_mixin.py:188} INFO - [2026-03-02T13:48:52.283+0000] {dagbag.py:540} INFO - Filling up the DagBag from /home/airflow/.local/lib/python3.12/site-packages/airflow/example_dags/example_subdag_operator.py
[2026-03-02T13:48:52.337+0000] {processor.py:840} INFO - DAG(s) 'example_subdag_operator.section-1', 'example_subdag_operator.section-2', 'example_subdag_operator' retrieved from /home/airflow/.local/lib/python3.12/site-packages/airflow/example_dags/example_subdag_operator.py
[2026-03-02T13:48:52.347+0000] {logging_mixin.py:188} INFO - [2026-03-02T13:48:52.346+0000] {dag.py:3096} INFO - Sync 3 DAGs
[2026-03-02T13:48:52.365+0000] {logging_mixin.py:188} INFO - [2026-03-02T13:48:52.365+0000] {dag.py:3954} INFO - Setting next_dagrun for example_subdag_operator to 2022-01-01 00:00:00+00:00, run_after=2022-01-01 00:00:00+00:00
[2026-03-02T13:48:52.369+0000] {logging_mixin.py:188} INFO - [2026-03-02T13:48:52.369+0000] {dag.py:3954} INFO - Setting next_dagrun for example_subdag_operator.section-1 to None, run_after=None
[2026-03-02T13:48:52.370+0000] {logging_mixin.py:188} INFO - [2026-03-02T13:48:52.370+0000] {dag.py:3954} INFO - Setting next_dagrun for example_subdag_operator.section-2 to None, run_after=None
[2026-03-02T13:48:52.376+0000] {logging_mixin.py:188} INFO - [2026-03-02T13:48:52.376+0000] {dag.py:3096} INFO - Sync 2 DAGs
[2026-03-02T13:48:52.379+0000] {logging_mixin.py:188} INFO - [2026-03-02T13:48:52.378+0000] {dag.py:3954} INFO - Setting next_dagrun for example_subdag_operator.section-1 to None, run_after=None
[2026-03-02T13:48:52.379+0000] {logging_mixin.py:188} INFO - [2026-03-02T13:48:52.379+0000] {dag.py:3954} INFO - Setting next_dagrun for example_subdag_operator.section-2 to None, run_after=None
[2026-03-02T13:48:52.386+0000] {processor.py:183} INFO - Processing /home/airflow/.local/lib/python3.12/site-packages/airflow/example_dags/example_subdag_operator.py took 0.110 seconds
[2026-03-02T13:49:22.692+0000] {processor.py:161} INFO - Started process (PID=1537) to work on /home/airflow/.local/lib/python3.12/site-packages/airflow/example_dags/example_subdag_operator.py
[2026-03-02T13:49:22.693+0000] {processor.py:830} INFO - Processing file /home/airflow/.local/lib/python3.12/site-packages/airflow/example_dags/example_subdag_operator.py for tasks to queue
[2026-03-02T13:49:22.694+0000] {logging_mixin.py:188} INFO - [2026-03-02T13:49:22.693+0000] {dagbag.py:540} INFO - Filling up the DagBag from /home/airflow/.local/lib/python3.12/site-packages/airflow/example_dags/example_subdag_operator.py
[2026-03-02T13:49:22.706+0000] {processor.py:840} INFO - DAG(s) 'example_subdag_operator.section-1', 'example_subdag_operator.section-2', 'example_subdag_operator' retrieved from /home/airflow/.local/lib/python3.12/site-packages/airflow/example_dags/example_subdag_operator.py
[2026-03-02T13:49:22.713+0000] {logging_mixin.py:188} INFO - [2026-03-02T13:49:22.713+0000] {dag.py:3096} INFO - Sync 3 DAGs
[2026-03-02T13:49:22.722+0000] {logging_mixin.py:188} INFO - [2026-03-02T13:49:22.722+0000] {dag.py:3954} INFO - Setting next_dagrun for example_subdag_operator to 2022-01-01 00:00:00+00:00, run_after=2022-01-01 00:00:00+00:00
[2026-03-02T13:49:22.723+0000] {logging_mixin.py:188} INFO - [2026-03-02T13:49:22.723+0000] {dag.py:3954} INFO - Setting next_dagrun for example_subdag_operator.section-1 to None, run_after=None
[2026-03-02T13:49:22.724+0000] {logging_mixin.py:188} INFO - [2026-03-02T13:49:22.724+0000] {dag.py:3954} INFO - Setting next_dagrun for example_subdag_operator.section-2 to None, run_after=None
[2026-03-02T13:49:22.726+0000] {logging_mixin.py:188} INFO - [2026-03-02T13:49:22.726+0000] {dag.py:3096} INFO - Sync 2 DAGs
[2026-03-02T13:49:22.729+0000] {logging_mixin.py:188} INFO - [2026-03-02T13:49:22.729+0000] {dag.py:3954} INFO - Setting next_dagrun for example_subdag_operator.section-1 to None, run_after=None
[2026-03-02T13:49:22.729+0000] {logging_mixin.py:188} INFO - [2026-03-02T13:49:22.729+0000] {dag.py:3954} INFO - Setting next_dagrun for example_subdag_operator.section-2 to None, run_after=None
[2026-03-02T13:49:22.733+0000] {processor.py:183} INFO - Processing /home/airflow/.local/lib/python3.12/site-packages/airflow/example_dags/example_subdag_operator.py took 0.045 seconds
[2026-03-02T13:49:53.126+0000] {processor.py:161} INFO - Started process (PID=1595) to work on /home/airflow/.local/lib/python3.12/site-packages/airflow/example_dags/example_subdag_operator.py
[2026-03-02T13:49:53.127+0000] {processor.py:830} INFO - Processing file /home/airflow/.local/lib/python3.12/site-packages/airflow/example_dags/example_subdag_operator.py for tasks to queue
[2026-03-02T13:49:53.129+0000] {logging_mixin.py:188} INFO - [2026-03-02T13:49:53.129+0000] {dagbag.py:540} INFO - Filling up the DagBag from /home/airflow/.local/lib/python3.12/site-packages/airflow/example_dags/example_subdag_operator.py
[2026-03-02T13:49:53.154+0000] {processor.py:840} INFO - DAG(s) 'example_subdag_operator.section-1', 'example_subdag_operator.section-2', 'example_subdag_operator' retrieved from /home/airflow/.local/lib/python3.12/site-packages/airflow/example_dags/example_subdag_operator.py
[2026-03-02T13:49:53.166+0000] {logging_mixin.py:188} INFO - [2026-03-02T13:49:53.165+0000] {dag.py:3096} INFO - Sync 3 DAGs
[2026-03-02T13:49:53.182+0000] {logging_mixin.py:188} INFO - [2026-03-02T13:49:53.182+0000] {dag.py:3954} INFO - Setting next_dagrun for example_subdag_operator to 2022-01-01 00:00:00+00:00, run_after=2022-01-01 00:00:00+00:00
[2026-03-02T13:49:53.184+0000] {logging_mixin.py:188} INFO - [2026-03-02T13:49:53.184+0000] {dag.py:3954} INFO - Setting next_dagrun for example_subdag_operator.section-1 to None, run_after=None
[2026-03-02T13:49:53.185+0000] {logging_mixin.py:188} INFO - [2026-03-02T13:49:53.185+0000] {dag.py:3954} INFO - Setting next_dagrun for example_subdag_operator.section-2 to None, run_after=None
[2026-03-02T13:49:53.189+0000] {logging_mixin.py:188} INFO - [2026-03-02T13:49:53.189+0000] {dag.py:3096} INFO - Sync 2 DAGs
[2026-03-02T13:49:53.192+0000] {logging_mixin.py:188} INFO - [2026-03-02T13:49:53.191+0000] {dag.py:3954} INFO - Setting next_dagrun for example_subdag_operator.section-1 to None, run_after=None
[2026-03-02T13:49:53.192+0000] {logging_mixin.py:188} INFO - [2026-03-02T13:49:53.192+0000] {dag.py:3954} INFO - Setting next_dagrun for example_subdag_operator.section-2 to None, run_after=None
[2026-03-02T13:49:53.197+0000] {processor.py:183} INFO - Processing /home/airflow/.local/lib/python3.12/site-packages/airflow/example_dags/example_subdag_operator.py took 0.077 seconds
[2026-03-02T13:50:23.433+0000] {processor.py:161} INFO - Started process (PID=1653) to work on /home/airflow/.local/lib/python3.12/site-packages/airflow/example_dags/example_subdag_operator.py
[2026-03-02T13:50:23.434+0000] {processor.py:830} INFO - Processing file /home/airflow/.local/lib/python3.12/site-packages/airflow/example_dags/example_subdag_operator.py for tasks to queue
[2026-03-02T13:50:23.435+0000] {logging_mixin.py:188} INFO - [2026-03-02T13:50:23.435+0000] {dagbag.py:540} INFO - Filling up the DagBag from /home/airflow/.local/lib/python3.12/site-packages/airflow/example_dags/example_subdag_operator.py
[2026-03-02T13:50:23.445+0000] {processor.py:840} INFO - DAG(s) 'example_subdag_operator.section-1', 'example_subdag_operator.section-2', 'example_subdag_operator' retrieved from /home/airflow/.local/lib/python3.12/site-packages/airflow/example_dags/example_subdag_operator.py
[2026-03-02T13:50:23.451+0000] {logging_mixin.py:188} INFO - [2026-03-02T13:50:23.451+0000] {dag.py:3096} INFO - Sync 3 DAGs
[2026-03-02T13:50:23.460+0000] {logging_mixin.py:188} INFO - [2026-03-02T13:50:23.459+0000] {dag.py:3954} INFO - Setting next_dagrun for example_subdag_operator to 2022-01-01 00:00:00+00:00, run_after=2022-01-01 00:00:00+00:00
[2026-03-02T13:50:23.461+0000] {logging_mixin.py:188} INFO - [2026-03-02T13:50:23.461+0000] {dag.py:3954} INFO - Setting next_dagrun for example_subdag_operator.section-1 to None, run_after=None
[2026-03-02T13:50:23.461+0000] {logging_mixin.py:188} INFO - [2026-03-02T13:50:23.461+0000] {dag.py:3954} INFO - Setting next_dagrun for example_subdag_operator.section-2 to None, run_after=None
[2026-03-02T13:50:23.464+0000] {logging_mixin.py:188} INFO - [2026-03-02T13:50:23.464+0000] {dag.py:3096} INFO - Sync 2 DAGs
[2026-03-02T13:50:23.466+0000] {logging_mixin.py:188} INFO - [2026-03-02T13:50:23.466+0000] {dag.py:3954} INFO - Setting next_dagrun for example_subdag_operator.section-1 to None, run_after=None
[2026-03-02T13:50:23.467+0000] {logging_mixin.py:188} INFO - [2026-03-02T13:50:23.467+0000] {dag.py:3954} INFO - Setting next_dagrun for example_subdag_operator.section-2 to None, run_after=None
[2026-03-02T13:50:23.470+0000] {processor.py:183} INFO - Processing /home/airflow/.local/lib/python3.12/site-packages/airflow/example_dags/example_subdag_operator.py took 0.040 seconds
[2026-03-02T13:50:54.251+0000] {processor.py:161} INFO - Started process (PID=1711) to work on /home/airflow/.local/lib/python3.12/site-packages/airflow/example_dags/example_subdag_operator.py
[2026-03-02T13:50:54.251+0000] {processor.py:830} INFO - Processing file /home/airflow/.local/lib/python3.12/site-packages/airflow/example_dags/example_subdag_operator.py for tasks to queue
[2026-03-02T13:50:54.252+0000] {logging_mixin.py:188} INFO - [2026-03-02T13:50:54.252+0000] {dagbag.py:540} INFO - Filling up the DagBag from /home/airflow/.local/lib/python3.12/site-packages/airflow/example_dags/example_subdag_operator.py
[2026-03-02T13:50:54.262+0000] {processor.py:840} INFO - DAG(s) 'example_subdag_operator.section-1', 'example_subdag_operator.section-2', 'example_subdag_operator' retrieved from /home/airflow/.local/lib/python3.12/site-packages/airflow/example_dags/example_subdag_operator.py
[2026-03-02T13:50:54.268+0000] {logging_mixin.py:188} INFO - [2026-03-02T13:50:54.268+0000] {dag.py:3096} INFO - Sync 3 DAGs
[2026-03-02T13:50:54.276+0000] {logging_mixin.py:188} INFO - [2026-03-02T13:50:54.276+0000] {dag.py:3954} INFO - Setting next_dagrun for example_subdag_operator to 2022-01-01 00:00:00+00:00, run_after=2022-01-01 00:00:00+00:00
[2026-03-02T13:50:54.277+0000] {logging_mixin.py:188} INFO - [2026-03-02T13:50:54.277+0000] {dag.py:3954} INFO - Setting next_dagrun for example_subdag_operator.section-1 to None, run_after=None
[2026-03-02T13:50:54.278+0000] {logging_mixin.py:188} INFO - [2026-03-02T13:50:54.278+0000] {dag.py:3954} INFO - Setting next_dagrun for example_subdag_operator.section-2 to None, run_after=None
[2026-03-02T13:50:54.280+0000] {logging_mixin.py:188} INFO - [2026-03-02T13:50:54.280+0000] {dag.py:3096} INFO - Sync 2 DAGs
[2026-03-02T13:50:54.282+0000] {logging_mixin.py:188} INFO - [2026-03-02T13:50:54.282+0000] {dag.py:3954} INFO - Setting next_dagrun for example_subdag_operator.section-1 to None, run_after=None
[2026-03-02T13:50:54.283+0000] {logging_mixin.py:188} INFO - [2026-03-02T13:50:54.282+0000] {dag.py:3954} INFO - Setting next_dagrun for example_subdag_operator.section-2 to None, run_after=None
[2026-03-02T13:50:54.286+0000] {processor.py:183} INFO - Processing /home/airflow/.local/lib/python3.12/site-packages/airflow/example_dags/example_subdag_operator.py took 0.040 seconds
[2026-03-02T13:51:25.033+0000] {processor.py:161} INFO - Started process (PID=1769) to work on /home/airflow/.local/lib/python3.12/site-packages/airflow/example_dags/example_subdag_operator.py
[2026-03-02T13:51:25.035+0000] {processor.py:830} INFO - Processing file /home/airflow/.local/lib/python3.12/site-packages/airflow/example_dags/example_subdag_operator.py for tasks to queue
[2026-03-02T13:51:25.039+0000] {logging_mixin.py:188} INFO - [2026-03-02T13:51:25.038+0000] {dagbag.py:540} INFO - Filling up the DagBag from /home/airflow/.local/lib/python3.12/site-packages/airflow/example_dags/example_subdag_operator.py
[2026-03-02T13:51:25.079+0000] {processor.py:840} INFO - DAG(s) 'example_subdag_operator.section-1', 'example_subdag_operator.section-2', 'example_subdag_operator' retrieved from /home/airflow/.local/lib/python3.12/site-packages/airflow/example_dags/example_subdag_operator.py
[2026-03-02T13:51:25.093+0000] {logging_mixin.py:188} INFO - [2026-03-02T13:51:25.093+0000] {dag.py:3096} INFO - Sync 3 DAGs
[2026-03-02T13:51:25.119+0000] {logging_mixin.py:188} INFO - [2026-03-02T13:51:25.119+0000] {dag.py:3954} INFO - Setting next_dagrun for example_subdag_operator to 2022-01-01 00:00:00+00:00, run_after=2022-01-01 00:00:00+00:00
[2026-03-02T13:51:25.123+0000] {logging_mixin.py:188} INFO - [2026-03-02T13:51:25.122+0000] {dag.py:3954} INFO - Setting next_dagrun for example_subdag_operator.section-1 to None, run_after=None
[2026-03-02T13:51:25.123+0000] {logging_mixin.py:188} INFO - [2026-03-02T13:51:25.123+0000] {dag.py:3954} INFO - Setting next_dagrun for example_subdag_operator.section-2 to None, run_after=None
[2026-03-02T13:51:25.130+0000] {logging_mixin.py:188} INFO - [2026-03-02T13:51:25.130+0000] {dag.py:3096} INFO - Sync 2 DAGs
[2026-03-02T13:51:25.134+0000] {logging_mixin.py:188} INFO - [2026-03-02T13:51:25.133+0000] {dag.py:3954} INFO - Setting next_dagrun for example_subdag_operator.section-1 to None, run_after=None
[2026-03-02T13:51:25.134+0000] {logging_mixin.py:188} INFO - [2026-03-02T13:51:25.134+0000] {dag.py:3954} INFO - Setting next_dagrun for example_subdag_operator.section-2 to None, run_after=None
[2026-03-02T13:51:25.142+0000] {processor.py:183} INFO - Processing /home/airflow/.local/lib/python3.12/site-packages/airflow/example_dags/example_subdag_operator.py took 0.124 seconds
[2026-03-02T13:51:55.754+0000] {processor.py:161} INFO - Started process (PID=1827) to work on /home/airflow/.local/lib/python3.12/site-packages/airflow/example_dags/example_subdag_operator.py
[2026-03-02T13:51:55.755+0000] {processor.py:830} INFO - Processing file /home/airflow/.local/lib/python3.12/site-packages/airflow/example_dags/example_subdag_operator.py for tasks to queue
[2026-03-02T13:51:55.757+0000] {logging_mixin.py:188} INFO - [2026-03-02T13:51:55.757+0000] {dagbag.py:540} INFO - Filling up the DagBag from /home/airflow/.local/lib/python3.12/site-packages/airflow/example_dags/example_subdag_operator.py
[2026-03-02T13:51:55.775+0000] {processor.py:840} INFO - DAG(s) 'example_subdag_operator.section-1', 'example_subdag_operator.section-2', 'example_subdag_operator' retrieved from /home/airflow/.local/lib/python3.12/site-packages/airflow/example_dags/example_subdag_operator.py
[2026-03-02T13:51:55.785+0000] {logging_mixin.py:188} INFO - [2026-03-02T13:51:55.784+0000] {dag.py:3096} INFO - Sync 3 DAGs
[2026-03-02T13:51:55.797+0000] {logging_mixin.py:188} INFO - [2026-03-02T13:51:55.797+0000] {dag.py:3954} INFO - Setting next_dagrun for example_subdag_operator to 2022-01-01 00:00:00+00:00, run_after=2022-01-01 00:00:00+00:00
[2026-03-02T13:51:55.799+0000] {logging_mixin.py:188} INFO - [2026-03-02T13:51:55.799+0000] {dag.py:3954} INFO - Setting next_dagrun for example_subdag_operator.section-1 to None, run_after=None
[2026-03-02T13:51:55.799+0000] {logging_mixin.py:188} INFO - [2026-03-02T13:51:55.799+0000] {dag.py:3954} INFO - Setting next_dagrun for example_subdag_operator.section-2 to None, run_after=None
[2026-03-02T13:51:55.803+0000] {logging_mixin.py:188} INFO - [2026-03-02T13:51:55.803+0000] {dag.py:3096} INFO - Sync 2 DAGs
[2026-03-02T13:51:55.805+0000] {logging_mixin.py:188} INFO - [2026-03-02T13:51:55.805+0000] {dag.py:3954} INFO - Setting next_dagrun for example_subdag_operator.section-1 to None, run_after=None
[2026-03-02T13:51:55.806+0000] {logging_mixin.py:188} INFO - [2026-03-02T13:51:55.806+0000] {dag.py:3954} INFO - Setting next_dagrun for example_subdag_operator.section-2 to None, run_after=None
[2026-03-02T13:51:55.811+0000] {processor.py:183} INFO - Processing /home/airflow/.local/lib/python3.12/site-packages/airflow/example_dags/example_subdag_operator.py took 0.061 seconds
[2026-03-02T13:52:26.493+0000] {processor.py:161} INFO - Started process (PID=1885) to work on /home/airflow/.local/lib/python3.12/site-packages/airflow/example_dags/example_subdag_operator.py
[2026-03-02T13:52:26.494+0000] {processor.py:830} INFO - Processing file /home/airflow/.local/lib/python3.12/site-packages/airflow/example_dags/example_subdag_operator.py for tasks to queue
[2026-03-02T13:52:26.495+0000] {logging_mixin.py:188} INFO - [2026-03-02T13:52:26.495+0000] {dagbag.py:540} INFO - Filling up the DagBag from /home/airflow/.local/lib/python3.12/site-packages/airflow/example_dags/example_subdag_operator.py
[2026-03-02T13:52:26.508+0000] {processor.py:840} INFO - DAG(s) 'example_subdag_operator.section-1', 'example_subdag_operator.section-2', 'example_subdag_operator' retrieved from /home/airflow/.local/lib/python3.12/site-packages/airflow/example_dags/example_subdag_operator.py
[2026-03-02T13:52:26.516+0000] {logging_mixin.py:188} INFO - [2026-03-02T13:52:26.516+0000] {dag.py:3096} INFO - Sync 3 DAGs
[2026-03-02T13:52:26.525+0000] {logging_mixin.py:188} INFO - [2026-03-02T13:52:26.525+0000] {dag.py:3954} INFO - Setting next_dagrun for example_subdag_operator to 2022-01-01 00:00:00+00:00, run_after=2022-01-01 00:00:00+00:00
[2026-03-02T13:52:26.526+0000] {logging_mixin.py:188} INFO - [2026-03-02T13:52:26.526+0000] {dag.py:3954} INFO - Setting next_dagrun for example_subdag_operator.section-1 to None, run_after=None
[2026-03-02T13:52:26.527+0000] {logging_mixin.py:188} INFO - [2026-03-02T13:52:26.527+0000] {dag.py:3954} INFO - Setting next_dagrun for example_subdag_operator.section-2 to None, run_after=None
[2026-03-02T13:52:26.530+0000] {logging_mixin.py:188} INFO - [2026-03-02T13:52:26.529+0000] {dag.py:3096} INFO - Sync 2 DAGs
[2026-03-02T13:52:26.531+0000] {logging_mixin.py:188} INFO - [2026-03-02T13:52:26.531+0000] {dag.py:3954} INFO - Setting next_dagrun for example_subdag_operator.section-1 to None, run_after=None
[2026-03-02T13:52:26.532+0000] {logging_mixin.py:188} INFO - [2026-03-02T13:52:26.531+0000] {dag.py:3954} INFO - Setting next_dagrun for example_subdag_operator.section-2 to None, run_after=None
[2026-03-02T13:52:26.535+0000] {processor.py:183} INFO - Processing /home/airflow/.local/lib/python3.12/site-packages/airflow/example_dags/example_subdag_operator.py took 0.045 seconds
[2026-03-02T13:52:57.412+0000] {processor.py:161} INFO - Started process (PID=1943) to work on /home/airflow/.local/lib/python3.12/site-packages/airflow/example_dags/example_subdag_operator.py
[2026-03-02T13:52:57.413+0000] {processor.py:830} INFO - Processing file /home/airflow/.local/lib/python3.12/site-packages/airflow/example_dags/example_subdag_operator.py for tasks to queue
[2026-03-02T13:52:57.414+0000] {logging_mixin.py:188} INFO - [2026-03-02T13:52:57.414+0000] {dagbag.py:540} INFO - Filling up the DagBag from /home/airflow/.local/lib/python3.12/site-packages/airflow/example_dags/example_subdag_operator.py
[2026-03-02T13:52:57.429+0000] {processor.py:840} INFO - DAG(s) 'example_subdag_operator.section-1', 'example_subdag_operator.section-2', 'example_subdag_operator' retrieved from /home/airflow/.local/lib/python3.12/site-packages/airflow/example_dags/example_subdag_operator.py
[2026-03-02T13:52:57.435+0000] {logging_mixin.py:188} INFO - [2026-03-02T13:52:57.435+0000] {dag.py:3096} INFO - Sync 3 DAGs
[2026-03-02T13:52:57.446+0000] {logging_mixin.py:188} INFO - [2026-03-02T13:52:57.446+0000] {dag.py:3954} INFO - Setting next_dagrun for example_subdag_operator to 2022-01-01 00:00:00+00:00, run_after=2022-01-01 00:00:00+00:00
[2026-03-02T13:52:57.448+0000] {logging_mixin.py:188} INFO - [2026-03-02T13:52:57.448+0000] {dag.py:3954} INFO - Setting next_dagrun for example_subdag_operator.section-1 to None, run_after=None
[2026-03-02T13:52:57.449+0000] {logging_mixin.py:188} INFO - [2026-03-02T13:52:57.449+0000] {dag.py:3954} INFO - Setting next_dagrun for example_subdag_operator.section-2 to None, run_after=None
[2026-03-02T13:52:57.453+0000] {logging_mixin.py:188} INFO - [2026-03-02T13:52:57.453+0000] {dag.py:3096} INFO - Sync 2 DAGs
[2026-03-02T13:52:57.457+0000] {logging_mixin.py:188} INFO - [2026-03-02T13:52:57.457+0000] {dag.py:3954} INFO - Setting next_dagrun for example_subdag_operator.section-1 to None, run_after=None
[2026-03-02T13:52:57.458+0000] {logging_mixin.py:188} INFO - [2026-03-02T13:52:57.457+0000] {dag.py:3954} INFO - Setting next_dagrun for example_subdag_operator.section-2 to None, run_after=None
[2026-03-02T13:52:57.463+0000] {processor.py:183} INFO - Processing /home/airflow/.local/lib/python3.12/site-packages/airflow/example_dags/example_subdag_operator.py took 0.055 seconds
[2026-03-02T13:53:28.304+0000] {processor.py:161} INFO - Started process (PID=2001) to work on /home/airflow/.local/lib/python3.12/site-packages/airflow/example_dags/example_subdag_operator.py
[2026-03-02T13:53:28.309+0000] {processor.py:830} INFO - Processing file /home/airflow/.local/lib/python3.12/site-packages/airflow/example_dags/example_subdag_operator.py for tasks to queue
[2026-03-02T13:53:28.313+0000] {logging_mixin.py:188} INFO - [2026-03-02T13:53:28.313+0000] {dagbag.py:540} INFO - Filling up the DagBag from /home/airflow/.local/lib/python3.12/site-packages/airflow/example_dags/example_subdag_operator.py
[2026-03-02T13:53:28.349+0000] {processor.py:840} INFO - DAG(s) 'example_subdag_operator.section-1', 'example_subdag_operator.section-2', 'example_subdag_operator' retrieved from /home/airflow/.local/lib/python3.12/site-packages/airflow/example_dags/example_subdag_operator.py
[2026-03-02T13:53:28.362+0000] {logging_mixin.py:188} INFO - [2026-03-02T13:53:28.362+0000] {dag.py:3096} INFO - Sync 3 DAGs
[2026-03-02T13:53:28.387+0000] {logging_mixin.py:188} INFO - [2026-03-02T13:53:28.386+0000] {dag.py:3954} INFO - Setting next_dagrun for example_subdag_operator to 2022-01-01 00:00:00+00:00, run_after=2022-01-01 00:00:00+00:00
[2026-03-02T13:53:28.389+0000] {logging_mixin.py:188} INFO - [2026-03-02T13:53:28.389+0000] {dag.py:3954} INFO - Setting next_dagrun for example_subdag_operator.section-1 to None, run_after=None
[2026-03-02T13:53:28.390+0000] {logging_mixin.py:188} INFO - [2026-03-02T13:53:28.390+0000] {dag.py:3954} INFO - Setting next_dagrun for example_subdag_operator.section-2 to None, run_after=None
[2026-03-02T13:53:28.397+0000] {logging_mixin.py:188} INFO - [2026-03-02T13:53:28.397+0000] {dag.py:3096} INFO - Sync 2 DAGs
[2026-03-02T13:53:28.401+0000] {logging_mixin.py:188} INFO - [2026-03-02T13:53:28.401+0000] {dag.py:3954} INFO - Setting next_dagrun for example_subdag_operator.section-1 to None, run_after=None
[2026-03-02T13:53:28.401+0000] {logging_mixin.py:188} INFO - [2026-03-02T13:53:28.401+0000] {dag.py:3954} INFO - Setting next_dagrun for example_subdag_operator.section-2 to None, run_after=None
[2026-03-02T13:53:28.410+0000] {processor.py:183} INFO - Processing /home/airflow/.local/lib/python3.12/site-packages/airflow/example_dags/example_subdag_operator.py took 0.119 seconds
[2026-03-02T13:53:59.428+0000] {processor.py:161} INFO - Started process (PID=2059) to work on /home/airflow/.local/lib/python3.12/site-packages/airflow/example_dags/example_subdag_operator.py
[2026-03-02T13:53:59.429+0000] {processor.py:830} INFO - Processing file /home/airflow/.local/lib/python3.12/site-packages/airflow/example_dags/example_subdag_operator.py for tasks to queue
[2026-03-02T13:53:59.431+0000] {logging_mixin.py:188} INFO - [2026-03-02T13:53:59.430+0000] {dagbag.py:540} INFO - Filling up the DagBag from /home/airflow/.local/lib/python3.12/site-packages/airflow/example_dags/example_subdag_operator.py
[2026-03-02T13:53:59.448+0000] {processor.py:840} INFO - DAG(s) 'example_subdag_operator.section-1', 'example_subdag_operator.section-2', 'example_subdag_operator' retrieved from /home/airflow/.local/lib/python3.12/site-packages/airflow/example_dags/example_subdag_operator.py
[2026-03-02T13:53:59.456+0000] {logging_mixin.py:188} INFO - [2026-03-02T13:53:59.456+0000] {dag.py:3096} INFO - Sync 3 DAGs
[2026-03-02T13:53:59.467+0000] {logging_mixin.py:188} INFO - [2026-03-02T13:53:59.467+0000] {dag.py:3954} INFO - Setting next_dagrun for example_subdag_operator to 2022-01-01 00:00:00+00:00, run_after=2022-01-01 00:00:00+00:00
[2026-03-02T13:53:59.469+0000] {logging_mixin.py:188} INFO - [2026-03-02T13:53:59.469+0000] {dag.py:3954} INFO - Setting next_dagrun for example_subdag_operator.section-1 to None, run_after=None
[2026-03-02T13:53:59.470+0000] {logging_mixin.py:188} INFO - [2026-03-02T13:53:59.469+0000] {dag.py:3954} INFO - Setting next_dagrun for example_subdag_operator.section-2 to None, run_after=None
[2026-03-02T13:53:59.473+0000] {logging_mixin.py:188} INFO - [2026-03-02T13:53:59.473+0000] {dag.py:3096} INFO - Sync 2 DAGs
[2026-03-02T13:53:59.475+0000] {logging_mixin.py:188} INFO - [2026-03-02T13:53:59.475+0000] {dag.py:3954} INFO - Setting next_dagrun for example_subdag_operator.section-1 to None, run_after=None
[2026-03-02T13:53:59.475+0000] {logging_mixin.py:188} INFO - [2026-03-02T13:53:59.475+0000] {dag.py:3954} INFO - Setting next_dagrun for example_subdag_operator.section-2 to None, run_after=None
[2026-03-02T13:53:59.479+0000] {processor.py:183} INFO - Processing /home/airflow/.local/lib/python3.12/site-packages/airflow/example_dags/example_subdag_operator.py took 0.057 seconds
[2026-03-02T13:54:29.990+0000] {processor.py:161} INFO - Started process (PID=2117) to work on /home/airflow/.local/lib/python3.12/site-packages/airflow/example_dags/example_subdag_operator.py
[2026-03-02T13:54:29.993+0000] {processor.py:830} INFO - Processing file /home/airflow/.local/lib/python3.12/site-packages/airflow/example_dags/example_subdag_operator.py for tasks to queue
[2026-03-02T13:54:29.996+0000] {logging_mixin.py:188} INFO - [2026-03-02T13:54:29.995+0000] {dagbag.py:540} INFO - Filling up the DagBag from /home/airflow/.local/lib/python3.12/site-packages/airflow/example_dags/example_subdag_operator.py
[2026-03-02T13:54:30.028+0000] {processor.py:840} INFO - DAG(s) 'example_subdag_operator.section-1', 'example_subdag_operator.section-2', 'example_subdag_operator' retrieved from /home/airflow/.local/lib/python3.12/site-packages/airflow/example_dags/example_subdag_operator.py
[2026-03-02T13:54:30.080+0000] {logging_mixin.py:188} INFO - [2026-03-02T13:54:30.080+0000] {dag.py:3096} INFO - Sync 3 DAGs
[2026-03-02T13:54:30.096+0000] {logging_mixin.py:188} INFO - [2026-03-02T13:54:30.095+0000] {dag.py:3954} INFO - Setting next_dagrun for example_subdag_operator to 2022-01-01 00:00:00+00:00, run_after=2022-01-01 00:00:00+00:00
[2026-03-02T13:54:30.100+0000] {logging_mixin.py:188} INFO - [2026-03-02T13:54:30.100+0000] {dag.py:3954} INFO - Setting next_dagrun for example_subdag_operator.section-1 to None, run_after=None
[2026-03-02T13:54:30.103+0000] {logging_mixin.py:188} INFO - [2026-03-02T13:54:30.103+0000] {dag.py:3954} INFO - Setting next_dagrun for example_subdag_operator.section-2 to None, run_after=None
[2026-03-02T13:54:30.107+0000] {logging_mixin.py:188} INFO - [2026-03-02T13:54:30.107+0000] {dag.py:3096} INFO - Sync 2 DAGs
[2026-03-02T13:54:30.110+0000] {logging_mixin.py:188} INFO - [2026-03-02T13:54:30.110+0000] {dag.py:3954} INFO - Setting next_dagrun for example_subdag_operator.section-1 to None, run_after=None
[2026-03-02T13:54:30.110+0000] {logging_mixin.py:188} INFO - [2026-03-02T13:54:30.110+0000] {dag.py:3954} INFO - Setting next_dagrun for example_subdag_operator.section-2 to None, run_after=None
[2026-03-02T13:54:30.116+0000] {processor.py:183} INFO - Processing /home/airflow/.local/lib/python3.12/site-packages/airflow/example_dags/example_subdag_operator.py took 0.133 seconds
[2026-03-02T13:55:22.169+0000] {processor.py:161} INFO - Started process (PID=2182) to work on /home/airflow/.local/lib/python3.12/site-packages/airflow/example_dags/example_subdag_operator.py
[2026-03-02T13:55:22.172+0000] {processor.py:830} INFO - Processing file /home/airflow/.local/lib/python3.12/site-packages/airflow/example_dags/example_subdag_operator.py for tasks to queue
[2026-03-02T13:55:22.173+0000] {logging_mixin.py:188} INFO - [2026-03-02T13:55:22.173+0000] {dagbag.py:540} INFO - Filling up the DagBag from /home/airflow/.local/lib/python3.12/site-packages/airflow/example_dags/example_subdag_operator.py
[2026-03-02T13:55:22.200+0000] {processor.py:840} INFO - DAG(s) 'example_subdag_operator.section-1', 'example_subdag_operator.section-2', 'example_subdag_operator' retrieved from /home/airflow/.local/lib/python3.12/site-packages/airflow/example_dags/example_subdag_operator.py
[2026-03-02T13:55:22.215+0000] {logging_mixin.py:188} INFO - [2026-03-02T13:55:22.215+0000] {dag.py:3096} INFO - Sync 3 DAGs
[2026-03-02T13:55:22.249+0000] {logging_mixin.py:188} INFO - [2026-03-02T13:55:22.248+0000] {dag.py:3954} INFO - Setting next_dagrun for example_subdag_operator to 2022-01-01 00:00:00+00:00, run_after=2022-01-01 00:00:00+00:00
[2026-03-02T13:55:22.253+0000] {logging_mixin.py:188} INFO - [2026-03-02T13:55:22.253+0000] {dag.py:3954} INFO - Setting next_dagrun for example_subdag_operator.section-1 to None, run_after=None
[2026-03-02T13:55:22.254+0000] {logging_mixin.py:188} INFO - [2026-03-02T13:55:22.254+0000] {dag.py:3954} INFO - Setting next_dagrun for example_subdag_operator.section-2 to None, run_after=None
[2026-03-02T13:55:22.265+0000] {logging_mixin.py:188} INFO - [2026-03-02T13:55:22.264+0000] {dag.py:3096} INFO - Sync 2 DAGs
[2026-03-02T13:55:22.273+0000] {logging_mixin.py:188} INFO - [2026-03-02T13:55:22.273+0000] {dag.py:3954} INFO - Setting next_dagrun for example_subdag_operator.section-1 to None, run_after=None
[2026-03-02T13:55:22.274+0000] {logging_mixin.py:188} INFO - [2026-03-02T13:55:22.274+0000] {dag.py:3954} INFO - Setting next_dagrun for example_subdag_operator.section-2 to None, run_after=None
[2026-03-02T13:55:22.289+0000] {processor.py:183} INFO - Processing /home/airflow/.local/lib/python3.12/site-packages/airflow/example_dags/example_subdag_operator.py took 0.125 seconds
[2026-03-02T13:55:52.772+0000] {processor.py:161} INFO - Started process (PID=2240) to work on /home/airflow/.local/lib/python3.12/site-packages/airflow/example_dags/example_subdag_operator.py
[2026-03-02T13:55:52.773+0000] {processor.py:830} INFO - Processing file /home/airflow/.local/lib/python3.12/site-packages/airflow/example_dags/example_subdag_operator.py for tasks to queue
[2026-03-02T13:55:52.775+0000] {logging_mixin.py:188} INFO - [2026-03-02T13:55:52.774+0000] {dagbag.py:540} INFO - Filling up the DagBag from /home/airflow/.local/lib/python3.12/site-packages/airflow/example_dags/example_subdag_operator.py
[2026-03-02T13:55:52.802+0000] {processor.py:840} INFO - DAG(s) 'example_subdag_operator.section-1', 'example_subdag_operator.section-2', 'example_subdag_operator' retrieved from /home/airflow/.local/lib/python3.12/site-packages/airflow/example_dags/example_subdag_operator.py
[2026-03-02T13:55:52.836+0000] {logging_mixin.py:188} INFO - [2026-03-02T13:55:52.835+0000] {dag.py:3096} INFO - Sync 3 DAGs
[2026-03-02T13:55:52.882+0000] {logging_mixin.py:188} INFO - [2026-03-02T13:55:52.882+0000] {dag.py:3954} INFO - Setting next_dagrun for example_subdag_operator to 2022-01-01 00:00:00+00:00, run_after=2022-01-01 00:00:00+00:00
[2026-03-02T13:55:52.885+0000] {logging_mixin.py:188} INFO - [2026-03-02T13:55:52.885+0000] {dag.py:3954} INFO - Setting next_dagrun for example_subdag_operator.section-1 to None, run_after=None
[2026-03-02T13:55:52.886+0000] {logging_mixin.py:188} INFO - [2026-03-02T13:55:52.886+0000] {dag.py:3954} INFO - Setting next_dagrun for example_subdag_operator.section-2 to None, run_after=None
[2026-03-02T13:55:52.890+0000] {logging_mixin.py:188} INFO - [2026-03-02T13:55:52.889+0000] {dag.py:3096} INFO - Sync 2 DAGs
[2026-03-02T13:55:52.893+0000] {logging_mixin.py:188} INFO - [2026-03-02T13:55:52.893+0000] {dag.py:3954} INFO - Setting next_dagrun for example_subdag_operator.section-1 to None, run_after=None
[2026-03-02T13:55:52.895+0000] {logging_mixin.py:188} INFO - [2026-03-02T13:55:52.895+0000] {dag.py:3954} INFO - Setting next_dagrun for example_subdag_operator.section-2 to None, run_after=None
[2026-03-02T13:55:52.900+0000] {processor.py:183} INFO - Processing /home/airflow/.local/lib/python3.12/site-packages/airflow/example_dags/example_subdag_operator.py took 0.131 seconds
