[2026-03-02T13:36:31.583+0000] {processor.py:161} INFO - Started process (PID=78) to work on /home/airflow/.local/lib/python3.12/site-packages/airflow/example_dags/example_task_group_decorator.py
[2026-03-02T13:36:31.595+0000] {processor.py:830} INFO - Processing file /home/airflow/.local/lib/python3.12/site-packages/airflow/example_dags/example_task_group_decorator.py for tasks to queue
[2026-03-02T13:36:31.608+0000] {logging_mixin.py:188} INFO - [2026-03-02T13:36:31.608+0000] {dagbag.py:540} INFO - Filling up the DagBag from /home/airflow/.local/lib/python3.12/site-packages/airflow/example_dags/example_task_group_decorator.py
[2026-03-02T13:36:31.634+0000] {processor.py:840} INFO - DAG(s) 'example_task_group_decorator' retrieved from /home/airflow/.local/lib/python3.12/site-packages/airflow/example_dags/example_task_group_decorator.py
[2026-03-02T13:36:34.629+0000] {logging_mixin.py:188} INFO - [2026-03-02T13:36:34.628+0000] {dag.py:3096} INFO - Sync 1 DAGs
[2026-03-02T13:36:34.711+0000] {logging_mixin.py:188} INFO - [2026-03-02T13:36:34.711+0000] {dag.py:3954} INFO - Setting next_dagrun for example_task_group_decorator to 2026-03-01 00:00:00+00:00, run_after=2026-03-02 00:00:00+00:00
[2026-03-02T13:36:34.735+0000] {processor.py:183} INFO - Processing /home/airflow/.local/lib/python3.12/site-packages/airflow/example_dags/example_task_group_decorator.py took 3.155 seconds
[2026-03-02T13:37:05.537+0000] {processor.py:161} INFO - Started process (PID=136) to work on /home/airflow/.local/lib/python3.12/site-packages/airflow/example_dags/example_task_group_decorator.py
[2026-03-02T13:37:05.538+0000] {processor.py:830} INFO - Processing file /home/airflow/.local/lib/python3.12/site-packages/airflow/example_dags/example_task_group_decorator.py for tasks to queue
[2026-03-02T13:37:05.541+0000] {logging_mixin.py:188} INFO - [2026-03-02T13:37:05.540+0000] {dagbag.py:540} INFO - Filling up the DagBag from /home/airflow/.local/lib/python3.12/site-packages/airflow/example_dags/example_task_group_decorator.py
[2026-03-02T13:37:05.554+0000] {processor.py:840} INFO - DAG(s) 'example_task_group_decorator' retrieved from /home/airflow/.local/lib/python3.12/site-packages/airflow/example_dags/example_task_group_decorator.py
[2026-03-02T13:37:05.573+0000] {logging_mixin.py:188} INFO - [2026-03-02T13:37:05.573+0000] {dag.py:3096} INFO - Sync 1 DAGs
[2026-03-02T13:37:05.589+0000] {logging_mixin.py:188} INFO - [2026-03-02T13:37:05.588+0000] {dag.py:3954} INFO - Setting next_dagrun for example_task_group_decorator to 2026-03-01 00:00:00+00:00, run_after=2026-03-02 00:00:00+00:00
[2026-03-02T13:37:05.600+0000] {processor.py:183} INFO - Processing /home/airflow/.local/lib/python3.12/site-packages/airflow/example_dags/example_task_group_decorator.py took 0.071 seconds
[2026-03-02T13:37:36.338+0000] {processor.py:161} INFO - Started process (PID=194) to work on /home/airflow/.local/lib/python3.12/site-packages/airflow/example_dags/example_task_group_decorator.py
[2026-03-02T13:37:36.344+0000] {processor.py:830} INFO - Processing file /home/airflow/.local/lib/python3.12/site-packages/airflow/example_dags/example_task_group_decorator.py for tasks to queue
[2026-03-02T13:37:36.348+0000] {logging_mixin.py:188} INFO - [2026-03-02T13:37:36.347+0000] {dagbag.py:540} INFO - Filling up the DagBag from /home/airflow/.local/lib/python3.12/site-packages/airflow/example_dags/example_task_group_decorator.py
[2026-03-02T13:37:36.383+0000] {processor.py:840} INFO - DAG(s) 'example_task_group_decorator' retrieved from /home/airflow/.local/lib/python3.12/site-packages/airflow/example_dags/example_task_group_decorator.py
[2026-03-02T13:37:36.430+0000] {logging_mixin.py:188} INFO - [2026-03-02T13:37:36.429+0000] {dag.py:3096} INFO - Sync 1 DAGs
[2026-03-02T13:37:36.527+0000] {logging_mixin.py:188} INFO - [2026-03-02T13:37:36.527+0000] {dag.py:3954} INFO - Setting next_dagrun for example_task_group_decorator to 2026-03-01 00:00:00+00:00, run_after=2026-03-02 00:00:00+00:00
[2026-03-02T13:37:36.559+0000] {processor.py:183} INFO - Processing /home/airflow/.local/lib/python3.12/site-packages/airflow/example_dags/example_task_group_decorator.py took 0.228 seconds
[2026-03-02T13:38:06.639+0000] {processor.py:161} INFO - Started process (PID=252) to work on /home/airflow/.local/lib/python3.12/site-packages/airflow/example_dags/example_task_group_decorator.py
[2026-03-02T13:38:06.640+0000] {processor.py:830} INFO - Processing file /home/airflow/.local/lib/python3.12/site-packages/airflow/example_dags/example_task_group_decorator.py for tasks to queue
[2026-03-02T13:38:06.642+0000] {logging_mixin.py:188} INFO - [2026-03-02T13:38:06.642+0000] {dagbag.py:540} INFO - Filling up the DagBag from /home/airflow/.local/lib/python3.12/site-packages/airflow/example_dags/example_task_group_decorator.py
[2026-03-02T13:38:06.656+0000] {processor.py:840} INFO - DAG(s) 'example_task_group_decorator' retrieved from /home/airflow/.local/lib/python3.12/site-packages/airflow/example_dags/example_task_group_decorator.py
[2026-03-02T13:38:06.676+0000] {logging_mixin.py:188} INFO - [2026-03-02T13:38:06.675+0000] {dag.py:3096} INFO - Sync 1 DAGs
[2026-03-02T13:38:06.692+0000] {logging_mixin.py:188} INFO - [2026-03-02T13:38:06.692+0000] {dag.py:3954} INFO - Setting next_dagrun for example_task_group_decorator to 2026-03-01 00:00:00+00:00, run_after=2026-03-02 00:00:00+00:00
[2026-03-02T13:38:06.702+0000] {processor.py:183} INFO - Processing /home/airflow/.local/lib/python3.12/site-packages/airflow/example_dags/example_task_group_decorator.py took 0.069 seconds
[2026-03-02T13:38:37.604+0000] {processor.py:161} INFO - Started process (PID=310) to work on /home/airflow/.local/lib/python3.12/site-packages/airflow/example_dags/example_task_group_decorator.py
[2026-03-02T13:38:37.606+0000] {processor.py:830} INFO - Processing file /home/airflow/.local/lib/python3.12/site-packages/airflow/example_dags/example_task_group_decorator.py for tasks to queue
[2026-03-02T13:38:37.607+0000] {logging_mixin.py:188} INFO - [2026-03-02T13:38:37.607+0000] {dagbag.py:540} INFO - Filling up the DagBag from /home/airflow/.local/lib/python3.12/site-packages/airflow/example_dags/example_task_group_decorator.py
[2026-03-02T13:38:37.613+0000] {processor.py:840} INFO - DAG(s) 'example_task_group_decorator' retrieved from /home/airflow/.local/lib/python3.12/site-packages/airflow/example_dags/example_task_group_decorator.py
[2026-03-02T13:38:37.624+0000] {logging_mixin.py:188} INFO - [2026-03-02T13:38:37.624+0000] {dag.py:3096} INFO - Sync 1 DAGs
[2026-03-02T13:38:37.632+0000] {logging_mixin.py:188} INFO - [2026-03-02T13:38:37.632+0000] {dag.py:3954} INFO - Setting next_dagrun for example_task_group_decorator to 2026-03-01 00:00:00+00:00, run_after=2026-03-02 00:00:00+00:00
[2026-03-02T13:38:37.639+0000] {processor.py:183} INFO - Processing /home/airflow/.local/lib/python3.12/site-packages/airflow/example_dags/example_task_group_decorator.py took 0.039 seconds
[2026-03-02T13:39:08.028+0000] {processor.py:161} INFO - Started process (PID=368) to work on /home/airflow/.local/lib/python3.12/site-packages/airflow/example_dags/example_task_group_decorator.py
[2026-03-02T13:39:08.030+0000] {processor.py:830} INFO - Processing file /home/airflow/.local/lib/python3.12/site-packages/airflow/example_dags/example_task_group_decorator.py for tasks to queue
[2026-03-02T13:39:08.031+0000] {logging_mixin.py:188} INFO - [2026-03-02T13:39:08.031+0000] {dagbag.py:540} INFO - Filling up the DagBag from /home/airflow/.local/lib/python3.12/site-packages/airflow/example_dags/example_task_group_decorator.py
[2026-03-02T13:39:08.037+0000] {processor.py:840} INFO - DAG(s) 'example_task_group_decorator' retrieved from /home/airflow/.local/lib/python3.12/site-packages/airflow/example_dags/example_task_group_decorator.py
[2026-03-02T13:39:08.047+0000] {logging_mixin.py:188} INFO - [2026-03-02T13:39:08.047+0000] {dag.py:3096} INFO - Sync 1 DAGs
[2026-03-02T13:39:08.055+0000] {logging_mixin.py:188} INFO - [2026-03-02T13:39:08.055+0000] {dag.py:3954} INFO - Setting next_dagrun for example_task_group_decorator to 2026-03-01 00:00:00+00:00, run_after=2026-03-02 00:00:00+00:00
[2026-03-02T13:39:08.061+0000] {processor.py:183} INFO - Processing /home/airflow/.local/lib/python3.12/site-packages/airflow/example_dags/example_task_group_decorator.py took 0.039 seconds
[2026-03-02T13:39:38.442+0000] {processor.py:161} INFO - Started process (PID=426) to work on /home/airflow/.local/lib/python3.12/site-packages/airflow/example_dags/example_task_group_decorator.py
[2026-03-02T13:39:38.443+0000] {processor.py:830} INFO - Processing file /home/airflow/.local/lib/python3.12/site-packages/airflow/example_dags/example_task_group_decorator.py for tasks to queue
[2026-03-02T13:39:38.445+0000] {logging_mixin.py:188} INFO - [2026-03-02T13:39:38.444+0000] {dagbag.py:540} INFO - Filling up the DagBag from /home/airflow/.local/lib/python3.12/site-packages/airflow/example_dags/example_task_group_decorator.py
[2026-03-02T13:39:38.452+0000] {processor.py:840} INFO - DAG(s) 'example_task_group_decorator' retrieved from /home/airflow/.local/lib/python3.12/site-packages/airflow/example_dags/example_task_group_decorator.py
[2026-03-02T13:39:38.466+0000] {logging_mixin.py:188} INFO - [2026-03-02T13:39:38.466+0000] {dag.py:3096} INFO - Sync 1 DAGs
[2026-03-02T13:39:38.479+0000] {logging_mixin.py:188} INFO - [2026-03-02T13:39:38.479+0000] {dag.py:3954} INFO - Setting next_dagrun for example_task_group_decorator to 2026-03-01 00:00:00+00:00, run_after=2026-03-02 00:00:00+00:00
[2026-03-02T13:39:38.487+0000] {processor.py:183} INFO - Processing /home/airflow/.local/lib/python3.12/site-packages/airflow/example_dags/example_task_group_decorator.py took 0.049 seconds
[2026-03-02T13:40:08.953+0000] {processor.py:161} INFO - Started process (PID=484) to work on /home/airflow/.local/lib/python3.12/site-packages/airflow/example_dags/example_task_group_decorator.py
[2026-03-02T13:40:08.953+0000] {processor.py:830} INFO - Processing file /home/airflow/.local/lib/python3.12/site-packages/airflow/example_dags/example_task_group_decorator.py for tasks to queue
[2026-03-02T13:40:08.954+0000] {logging_mixin.py:188} INFO - [2026-03-02T13:40:08.954+0000] {dagbag.py:540} INFO - Filling up the DagBag from /home/airflow/.local/lib/python3.12/site-packages/airflow/example_dags/example_task_group_decorator.py
[2026-03-02T13:40:08.960+0000] {processor.py:840} INFO - DAG(s) 'example_task_group_decorator' retrieved from /home/airflow/.local/lib/python3.12/site-packages/airflow/example_dags/example_task_group_decorator.py
[2026-03-02T13:40:08.970+0000] {logging_mixin.py:188} INFO - [2026-03-02T13:40:08.970+0000] {dag.py:3096} INFO - Sync 1 DAGs
[2026-03-02T13:40:08.977+0000] {logging_mixin.py:188} INFO - [2026-03-02T13:40:08.977+0000] {dag.py:3954} INFO - Setting next_dagrun for example_task_group_decorator to 2026-03-01 00:00:00+00:00, run_after=2026-03-02 00:00:00+00:00
[2026-03-02T13:40:08.983+0000] {processor.py:183} INFO - Processing /home/airflow/.local/lib/python3.12/site-packages/airflow/example_dags/example_task_group_decorator.py took 0.033 seconds
[2026-03-02T13:40:39.232+0000] {processor.py:161} INFO - Started process (PID=542) to work on /home/airflow/.local/lib/python3.12/site-packages/airflow/example_dags/example_task_group_decorator.py
[2026-03-02T13:40:39.233+0000] {processor.py:830} INFO - Processing file /home/airflow/.local/lib/python3.12/site-packages/airflow/example_dags/example_task_group_decorator.py for tasks to queue
[2026-03-02T13:40:39.233+0000] {logging_mixin.py:188} INFO - [2026-03-02T13:40:39.233+0000] {dagbag.py:540} INFO - Filling up the DagBag from /home/airflow/.local/lib/python3.12/site-packages/airflow/example_dags/example_task_group_decorator.py
[2026-03-02T13:40:39.239+0000] {processor.py:840} INFO - DAG(s) 'example_task_group_decorator' retrieved from /home/airflow/.local/lib/python3.12/site-packages/airflow/example_dags/example_task_group_decorator.py
[2026-03-02T13:40:39.250+0000] {logging_mixin.py:188} INFO - [2026-03-02T13:40:39.250+0000] {dag.py:3096} INFO - Sync 1 DAGs
[2026-03-02T13:40:39.257+0000] {logging_mixin.py:188} INFO - [2026-03-02T13:40:39.257+0000] {dag.py:3954} INFO - Setting next_dagrun for example_task_group_decorator to 2026-03-01 00:00:00+00:00, run_after=2026-03-02 00:00:00+00:00
[2026-03-02T13:40:39.264+0000] {processor.py:183} INFO - Processing /home/airflow/.local/lib/python3.12/site-packages/airflow/example_dags/example_task_group_decorator.py took 0.035 seconds
[2026-03-02T13:41:09.709+0000] {processor.py:161} INFO - Started process (PID=600) to work on /home/airflow/.local/lib/python3.12/site-packages/airflow/example_dags/example_task_group_decorator.py
[2026-03-02T13:41:09.710+0000] {processor.py:830} INFO - Processing file /home/airflow/.local/lib/python3.12/site-packages/airflow/example_dags/example_task_group_decorator.py for tasks to queue
[2026-03-02T13:41:09.711+0000] {logging_mixin.py:188} INFO - [2026-03-02T13:41:09.711+0000] {dagbag.py:540} INFO - Filling up the DagBag from /home/airflow/.local/lib/python3.12/site-packages/airflow/example_dags/example_task_group_decorator.py
[2026-03-02T13:41:09.719+0000] {processor.py:840} INFO - DAG(s) 'example_task_group_decorator' retrieved from /home/airflow/.local/lib/python3.12/site-packages/airflow/example_dags/example_task_group_decorator.py
[2026-03-02T13:41:09.740+0000] {logging_mixin.py:188} INFO - [2026-03-02T13:41:09.740+0000] {dag.py:3096} INFO - Sync 1 DAGs
[2026-03-02T13:41:09.751+0000] {logging_mixin.py:188} INFO - [2026-03-02T13:41:09.751+0000] {dag.py:3954} INFO - Setting next_dagrun for example_task_group_decorator to 2026-03-01 00:00:00+00:00, run_after=2026-03-02 00:00:00+00:00
[2026-03-02T13:41:09.760+0000] {processor.py:183} INFO - Processing /home/airflow/.local/lib/python3.12/site-packages/airflow/example_dags/example_task_group_decorator.py took 0.054 seconds
[2026-03-02T13:41:40.678+0000] {processor.py:161} INFO - Started process (PID=658) to work on /home/airflow/.local/lib/python3.12/site-packages/airflow/example_dags/example_task_group_decorator.py
[2026-03-02T13:41:40.680+0000] {processor.py:830} INFO - Processing file /home/airflow/.local/lib/python3.12/site-packages/airflow/example_dags/example_task_group_decorator.py for tasks to queue
[2026-03-02T13:41:40.683+0000] {logging_mixin.py:188} INFO - [2026-03-02T13:41:40.682+0000] {dagbag.py:540} INFO - Filling up the DagBag from /home/airflow/.local/lib/python3.12/site-packages/airflow/example_dags/example_task_group_decorator.py
[2026-03-02T13:41:40.698+0000] {processor.py:840} INFO - DAG(s) 'example_task_group_decorator' retrieved from /home/airflow/.local/lib/python3.12/site-packages/airflow/example_dags/example_task_group_decorator.py
[2026-03-02T13:41:40.724+0000] {logging_mixin.py:188} INFO - [2026-03-02T13:41:40.723+0000] {dag.py:3096} INFO - Sync 1 DAGs
[2026-03-02T13:41:40.744+0000] {logging_mixin.py:188} INFO - [2026-03-02T13:41:40.744+0000] {dag.py:3954} INFO - Setting next_dagrun for example_task_group_decorator to 2026-03-01 00:00:00+00:00, run_after=2026-03-02 00:00:00+00:00
[2026-03-02T13:41:40.763+0000] {processor.py:183} INFO - Processing /home/airflow/.local/lib/python3.12/site-packages/airflow/example_dags/example_task_group_decorator.py took 0.097 seconds
[2026-03-02T13:42:10.905+0000] {processor.py:161} INFO - Started process (PID=716) to work on /home/airflow/.local/lib/python3.12/site-packages/airflow/example_dags/example_task_group_decorator.py
[2026-03-02T13:42:10.906+0000] {processor.py:830} INFO - Processing file /home/airflow/.local/lib/python3.12/site-packages/airflow/example_dags/example_task_group_decorator.py for tasks to queue
[2026-03-02T13:42:10.914+0000] {logging_mixin.py:188} INFO - [2026-03-02T13:42:10.913+0000] {dagbag.py:540} INFO - Filling up the DagBag from /home/airflow/.local/lib/python3.12/site-packages/airflow/example_dags/example_task_group_decorator.py
[2026-03-02T13:42:10.927+0000] {processor.py:840} INFO - DAG(s) 'example_task_group_decorator' retrieved from /home/airflow/.local/lib/python3.12/site-packages/airflow/example_dags/example_task_group_decorator.py
[2026-03-02T13:42:10.953+0000] {logging_mixin.py:188} INFO - [2026-03-02T13:42:10.953+0000] {dag.py:3096} INFO - Sync 1 DAGs
[2026-03-02T13:42:10.971+0000] {logging_mixin.py:188} INFO - [2026-03-02T13:42:10.971+0000] {dag.py:3954} INFO - Setting next_dagrun for example_task_group_decorator to 2026-03-01 00:00:00+00:00, run_after=2026-03-02 00:00:00+00:00
[2026-03-02T13:42:11.018+0000] {processor.py:183} INFO - Processing /home/airflow/.local/lib/python3.12/site-packages/airflow/example_dags/example_task_group_decorator.py took 0.121 seconds
[2026-03-02T13:42:41.879+0000] {processor.py:161} INFO - Started process (PID=774) to work on /home/airflow/.local/lib/python3.12/site-packages/airflow/example_dags/example_task_group_decorator.py
[2026-03-02T13:42:41.880+0000] {processor.py:830} INFO - Processing file /home/airflow/.local/lib/python3.12/site-packages/airflow/example_dags/example_task_group_decorator.py for tasks to queue
[2026-03-02T13:42:41.881+0000] {logging_mixin.py:188} INFO - [2026-03-02T13:42:41.881+0000] {dagbag.py:540} INFO - Filling up the DagBag from /home/airflow/.local/lib/python3.12/site-packages/airflow/example_dags/example_task_group_decorator.py
[2026-03-02T13:42:41.889+0000] {processor.py:840} INFO - DAG(s) 'example_task_group_decorator' retrieved from /home/airflow/.local/lib/python3.12/site-packages/airflow/example_dags/example_task_group_decorator.py
[2026-03-02T13:42:41.904+0000] {logging_mixin.py:188} INFO - [2026-03-02T13:42:41.904+0000] {dag.py:3096} INFO - Sync 1 DAGs
[2026-03-02T13:42:41.917+0000] {logging_mixin.py:188} INFO - [2026-03-02T13:42:41.916+0000] {dag.py:3954} INFO - Setting next_dagrun for example_task_group_decorator to 2026-03-01 00:00:00+00:00, run_after=2026-03-02 00:00:00+00:00
[2026-03-02T13:42:41.929+0000] {processor.py:183} INFO - Processing /home/airflow/.local/lib/python3.12/site-packages/airflow/example_dags/example_task_group_decorator.py took 0.054 seconds
[2026-03-02T13:43:12.433+0000] {processor.py:161} INFO - Started process (PID=832) to work on /home/airflow/.local/lib/python3.12/site-packages/airflow/example_dags/example_task_group_decorator.py
[2026-03-02T13:43:12.434+0000] {processor.py:830} INFO - Processing file /home/airflow/.local/lib/python3.12/site-packages/airflow/example_dags/example_task_group_decorator.py for tasks to queue
[2026-03-02T13:43:12.437+0000] {logging_mixin.py:188} INFO - [2026-03-02T13:43:12.436+0000] {dagbag.py:540} INFO - Filling up the DagBag from /home/airflow/.local/lib/python3.12/site-packages/airflow/example_dags/example_task_group_decorator.py
[2026-03-02T13:43:12.464+0000] {processor.py:840} INFO - DAG(s) 'example_task_group_decorator' retrieved from /home/airflow/.local/lib/python3.12/site-packages/airflow/example_dags/example_task_group_decorator.py
[2026-03-02T13:43:12.489+0000] {logging_mixin.py:188} INFO - [2026-03-02T13:43:12.488+0000] {dag.py:3096} INFO - Sync 1 DAGs
[2026-03-02T13:43:12.504+0000] {logging_mixin.py:188} INFO - [2026-03-02T13:43:12.504+0000] {dag.py:3954} INFO - Setting next_dagrun for example_task_group_decorator to 2026-03-01 00:00:00+00:00, run_after=2026-03-02 00:00:00+00:00
[2026-03-02T13:43:12.517+0000] {processor.py:183} INFO - Processing /home/airflow/.local/lib/python3.12/site-packages/airflow/example_dags/example_task_group_decorator.py took 0.096 seconds
[2026-03-02T13:43:42.712+0000] {processor.py:161} INFO - Started process (PID=890) to work on /home/airflow/.local/lib/python3.12/site-packages/airflow/example_dags/example_task_group_decorator.py
[2026-03-02T13:43:42.712+0000] {processor.py:830} INFO - Processing file /home/airflow/.local/lib/python3.12/site-packages/airflow/example_dags/example_task_group_decorator.py for tasks to queue
[2026-03-02T13:43:42.715+0000] {logging_mixin.py:188} INFO - [2026-03-02T13:43:42.715+0000] {dagbag.py:540} INFO - Filling up the DagBag from /home/airflow/.local/lib/python3.12/site-packages/airflow/example_dags/example_task_group_decorator.py
[2026-03-02T13:43:42.737+0000] {processor.py:840} INFO - DAG(s) 'example_task_group_decorator' retrieved from /home/airflow/.local/lib/python3.12/site-packages/airflow/example_dags/example_task_group_decorator.py
[2026-03-02T13:43:42.772+0000] {logging_mixin.py:188} INFO - [2026-03-02T13:43:42.772+0000] {dag.py:3096} INFO - Sync 1 DAGs
[2026-03-02T13:43:42.811+0000] {logging_mixin.py:188} INFO - [2026-03-02T13:43:42.810+0000] {dag.py:3954} INFO - Setting next_dagrun for example_task_group_decorator to 2026-03-01 00:00:00+00:00, run_after=2026-03-02 00:00:00+00:00
[2026-03-02T13:43:42.853+0000] {processor.py:183} INFO - Processing /home/airflow/.local/lib/python3.12/site-packages/airflow/example_dags/example_task_group_decorator.py took 0.153 seconds
[2026-03-02T13:44:13.606+0000] {processor.py:161} INFO - Started process (PID=948) to work on /home/airflow/.local/lib/python3.12/site-packages/airflow/example_dags/example_task_group_decorator.py
[2026-03-02T13:44:13.606+0000] {processor.py:830} INFO - Processing file /home/airflow/.local/lib/python3.12/site-packages/airflow/example_dags/example_task_group_decorator.py for tasks to queue
[2026-03-02T13:44:13.608+0000] {logging_mixin.py:188} INFO - [2026-03-02T13:44:13.608+0000] {dagbag.py:540} INFO - Filling up the DagBag from /home/airflow/.local/lib/python3.12/site-packages/airflow/example_dags/example_task_group_decorator.py
[2026-03-02T13:44:13.619+0000] {processor.py:840} INFO - DAG(s) 'example_task_group_decorator' retrieved from /home/airflow/.local/lib/python3.12/site-packages/airflow/example_dags/example_task_group_decorator.py
[2026-03-02T13:44:13.633+0000] {logging_mixin.py:188} INFO - [2026-03-02T13:44:13.633+0000] {dag.py:3096} INFO - Sync 1 DAGs
[2026-03-02T13:44:13.645+0000] {logging_mixin.py:188} INFO - [2026-03-02T13:44:13.645+0000] {dag.py:3954} INFO - Setting next_dagrun for example_task_group_decorator to 2026-03-01 00:00:00+00:00, run_after=2026-03-02 00:00:00+00:00
[2026-03-02T13:44:13.654+0000] {processor.py:183} INFO - Processing /home/airflow/.local/lib/python3.12/site-packages/airflow/example_dags/example_task_group_decorator.py took 0.055 seconds
[2026-03-02T13:44:44.635+0000] {processor.py:161} INFO - Started process (PID=1005) to work on /home/airflow/.local/lib/python3.12/site-packages/airflow/example_dags/example_task_group_decorator.py
[2026-03-02T13:44:44.636+0000] {processor.py:830} INFO - Processing file /home/airflow/.local/lib/python3.12/site-packages/airflow/example_dags/example_task_group_decorator.py for tasks to queue
[2026-03-02T13:44:44.638+0000] {logging_mixin.py:188} INFO - [2026-03-02T13:44:44.637+0000] {dagbag.py:540} INFO - Filling up the DagBag from /home/airflow/.local/lib/python3.12/site-packages/airflow/example_dags/example_task_group_decorator.py
[2026-03-02T13:44:44.646+0000] {processor.py:840} INFO - DAG(s) 'example_task_group_decorator' retrieved from /home/airflow/.local/lib/python3.12/site-packages/airflow/example_dags/example_task_group_decorator.py
[2026-03-02T13:44:44.660+0000] {logging_mixin.py:188} INFO - [2026-03-02T13:44:44.660+0000] {dag.py:3096} INFO - Sync 1 DAGs
[2026-03-02T13:44:44.670+0000] {logging_mixin.py:188} INFO - [2026-03-02T13:44:44.670+0000] {dag.py:3954} INFO - Setting next_dagrun for example_task_group_decorator to 2026-03-01 00:00:00+00:00, run_after=2026-03-02 00:00:00+00:00
[2026-03-02T13:44:44.679+0000] {processor.py:183} INFO - Processing /home/airflow/.local/lib/python3.12/site-packages/airflow/example_dags/example_task_group_decorator.py took 0.049 seconds
[2026-03-02T13:45:14.738+0000] {processor.py:161} INFO - Started process (PID=1063) to work on /home/airflow/.local/lib/python3.12/site-packages/airflow/example_dags/example_task_group_decorator.py
[2026-03-02T13:45:14.739+0000] {processor.py:830} INFO - Processing file /home/airflow/.local/lib/python3.12/site-packages/airflow/example_dags/example_task_group_decorator.py for tasks to queue
[2026-03-02T13:45:14.741+0000] {logging_mixin.py:188} INFO - [2026-03-02T13:45:14.740+0000] {dagbag.py:540} INFO - Filling up the DagBag from /home/airflow/.local/lib/python3.12/site-packages/airflow/example_dags/example_task_group_decorator.py
[2026-03-02T13:45:14.754+0000] {processor.py:840} INFO - DAG(s) 'example_task_group_decorator' retrieved from /home/airflow/.local/lib/python3.12/site-packages/airflow/example_dags/example_task_group_decorator.py
[2026-03-02T13:45:14.771+0000] {logging_mixin.py:188} INFO - [2026-03-02T13:45:14.771+0000] {dag.py:3096} INFO - Sync 1 DAGs
[2026-03-02T13:45:14.798+0000] {logging_mixin.py:188} INFO - [2026-03-02T13:45:14.798+0000] {dag.py:3954} INFO - Setting next_dagrun for example_task_group_decorator to 2026-03-01 00:00:00+00:00, run_after=2026-03-02 00:00:00+00:00
[2026-03-02T13:45:14.814+0000] {processor.py:183} INFO - Processing /home/airflow/.local/lib/python3.12/site-packages/airflow/example_dags/example_task_group_decorator.py took 0.083 seconds
[2026-03-02T13:45:45.681+0000] {processor.py:161} INFO - Started process (PID=1121) to work on /home/airflow/.local/lib/python3.12/site-packages/airflow/example_dags/example_task_group_decorator.py
[2026-03-02T13:45:45.681+0000] {processor.py:830} INFO - Processing file /home/airflow/.local/lib/python3.12/site-packages/airflow/example_dags/example_task_group_decorator.py for tasks to queue
[2026-03-02T13:45:45.683+0000] {logging_mixin.py:188} INFO - [2026-03-02T13:45:45.682+0000] {dagbag.py:540} INFO - Filling up the DagBag from /home/airflow/.local/lib/python3.12/site-packages/airflow/example_dags/example_task_group_decorator.py
[2026-03-02T13:45:45.692+0000] {processor.py:840} INFO - DAG(s) 'example_task_group_decorator' retrieved from /home/airflow/.local/lib/python3.12/site-packages/airflow/example_dags/example_task_group_decorator.py
[2026-03-02T13:45:45.711+0000] {logging_mixin.py:188} INFO - [2026-03-02T13:45:45.711+0000] {dag.py:3096} INFO - Sync 1 DAGs
[2026-03-02T13:45:45.729+0000] {logging_mixin.py:188} INFO - [2026-03-02T13:45:45.729+0000] {dag.py:3954} INFO - Setting next_dagrun for example_task_group_decorator to 2026-03-01 00:00:00+00:00, run_after=2026-03-02 00:00:00+00:00
[2026-03-02T13:45:45.739+0000] {processor.py:183} INFO - Processing /home/airflow/.local/lib/python3.12/site-packages/airflow/example_dags/example_task_group_decorator.py took 0.066 seconds
[2026-03-02T13:46:16.420+0000] {processor.py:161} INFO - Started process (PID=1179) to work on /home/airflow/.local/lib/python3.12/site-packages/airflow/example_dags/example_task_group_decorator.py
[2026-03-02T13:46:16.421+0000] {processor.py:830} INFO - Processing file /home/airflow/.local/lib/python3.12/site-packages/airflow/example_dags/example_task_group_decorator.py for tasks to queue
[2026-03-02T13:46:16.422+0000] {logging_mixin.py:188} INFO - [2026-03-02T13:46:16.422+0000] {dagbag.py:540} INFO - Filling up the DagBag from /home/airflow/.local/lib/python3.12/site-packages/airflow/example_dags/example_task_group_decorator.py
[2026-03-02T13:46:16.432+0000] {processor.py:840} INFO - DAG(s) 'example_task_group_decorator' retrieved from /home/airflow/.local/lib/python3.12/site-packages/airflow/example_dags/example_task_group_decorator.py
[2026-03-02T13:46:16.555+0000] {logging_mixin.py:188} INFO - [2026-03-02T13:46:16.555+0000] {dag.py:3096} INFO - Sync 1 DAGs
[2026-03-02T13:46:16.563+0000] {logging_mixin.py:188} INFO - [2026-03-02T13:46:16.563+0000] {dag.py:3954} INFO - Setting next_dagrun for example_task_group_decorator to 2026-03-01 00:00:00+00:00, run_after=2026-03-02 00:00:00+00:00
[2026-03-02T13:46:16.572+0000] {processor.py:183} INFO - Processing /home/airflow/.local/lib/python3.12/site-packages/airflow/example_dags/example_task_group_decorator.py took 0.157 seconds
[2026-03-02T13:46:46.831+0000] {processor.py:161} INFO - Started process (PID=1237) to work on /home/airflow/.local/lib/python3.12/site-packages/airflow/example_dags/example_task_group_decorator.py
[2026-03-02T13:46:46.836+0000] {processor.py:830} INFO - Processing file /home/airflow/.local/lib/python3.12/site-packages/airflow/example_dags/example_task_group_decorator.py for tasks to queue
[2026-03-02T13:46:46.837+0000] {logging_mixin.py:188} INFO - [2026-03-02T13:46:46.837+0000] {dagbag.py:540} INFO - Filling up the DagBag from /home/airflow/.local/lib/python3.12/site-packages/airflow/example_dags/example_task_group_decorator.py
[2026-03-02T13:46:46.850+0000] {processor.py:840} INFO - DAG(s) 'example_task_group_decorator' retrieved from /home/airflow/.local/lib/python3.12/site-packages/airflow/example_dags/example_task_group_decorator.py
[2026-03-02T13:46:46.883+0000] {logging_mixin.py:188} INFO - [2026-03-02T13:46:46.883+0000] {dag.py:3096} INFO - Sync 1 DAGs
[2026-03-02T13:46:46.961+0000] {logging_mixin.py:188} INFO - [2026-03-02T13:46:46.960+0000] {dag.py:3954} INFO - Setting next_dagrun for example_task_group_decorator to 2026-03-01 00:00:00+00:00, run_after=2026-03-02 00:00:00+00:00
[2026-03-02T13:46:46.981+0000] {processor.py:183} INFO - Processing /home/airflow/.local/lib/python3.12/site-packages/airflow/example_dags/example_task_group_decorator.py took 0.158 seconds
[2026-03-02T13:47:17.405+0000] {processor.py:161} INFO - Started process (PID=1295) to work on /home/airflow/.local/lib/python3.12/site-packages/airflow/example_dags/example_task_group_decorator.py
[2026-03-02T13:47:17.413+0000] {processor.py:830} INFO - Processing file /home/airflow/.local/lib/python3.12/site-packages/airflow/example_dags/example_task_group_decorator.py for tasks to queue
[2026-03-02T13:47:17.419+0000] {logging_mixin.py:188} INFO - [2026-03-02T13:47:17.419+0000] {dagbag.py:540} INFO - Filling up the DagBag from /home/airflow/.local/lib/python3.12/site-packages/airflow/example_dags/example_task_group_decorator.py
[2026-03-02T13:47:17.442+0000] {processor.py:840} INFO - DAG(s) 'example_task_group_decorator' retrieved from /home/airflow/.local/lib/python3.12/site-packages/airflow/example_dags/example_task_group_decorator.py
[2026-03-02T13:47:17.502+0000] {logging_mixin.py:188} INFO - [2026-03-02T13:47:17.500+0000] {dag.py:3096} INFO - Sync 1 DAGs
[2026-03-02T13:47:17.536+0000] {logging_mixin.py:188} INFO - [2026-03-02T13:47:17.536+0000] {dag.py:3954} INFO - Setting next_dagrun for example_task_group_decorator to 2026-03-01 00:00:00+00:00, run_after=2026-03-02 00:00:00+00:00
[2026-03-02T13:47:17.569+0000] {processor.py:183} INFO - Processing /home/airflow/.local/lib/python3.12/site-packages/airflow/example_dags/example_task_group_decorator.py took 0.189 seconds
[2026-03-02T13:47:48.229+0000] {processor.py:161} INFO - Started process (PID=1353) to work on /home/airflow/.local/lib/python3.12/site-packages/airflow/example_dags/example_task_group_decorator.py
[2026-03-02T13:47:48.230+0000] {processor.py:830} INFO - Processing file /home/airflow/.local/lib/python3.12/site-packages/airflow/example_dags/example_task_group_decorator.py for tasks to queue
[2026-03-02T13:47:48.231+0000] {logging_mixin.py:188} INFO - [2026-03-02T13:47:48.231+0000] {dagbag.py:540} INFO - Filling up the DagBag from /home/airflow/.local/lib/python3.12/site-packages/airflow/example_dags/example_task_group_decorator.py
[2026-03-02T13:47:48.244+0000] {processor.py:840} INFO - DAG(s) 'example_task_group_decorator' retrieved from /home/airflow/.local/lib/python3.12/site-packages/airflow/example_dags/example_task_group_decorator.py
[2026-03-02T13:47:48.261+0000] {logging_mixin.py:188} INFO - [2026-03-02T13:47:48.261+0000] {dag.py:3096} INFO - Sync 1 DAGs
[2026-03-02T13:47:48.277+0000] {logging_mixin.py:188} INFO - [2026-03-02T13:47:48.277+0000] {dag.py:3954} INFO - Setting next_dagrun for example_task_group_decorator to 2026-03-01 00:00:00+00:00, run_after=2026-03-02 00:00:00+00:00
[2026-03-02T13:47:48.287+0000] {processor.py:183} INFO - Processing /home/airflow/.local/lib/python3.12/site-packages/airflow/example_dags/example_task_group_decorator.py took 0.062 seconds
[2026-03-02T13:48:18.316+0000] {processor.py:161} INFO - Started process (PID=1411) to work on /home/airflow/.local/lib/python3.12/site-packages/airflow/example_dags/example_task_group_decorator.py
[2026-03-02T13:48:18.316+0000] {processor.py:830} INFO - Processing file /home/airflow/.local/lib/python3.12/site-packages/airflow/example_dags/example_task_group_decorator.py for tasks to queue
[2026-03-02T13:48:18.317+0000] {logging_mixin.py:188} INFO - [2026-03-02T13:48:18.317+0000] {dagbag.py:540} INFO - Filling up the DagBag from /home/airflow/.local/lib/python3.12/site-packages/airflow/example_dags/example_task_group_decorator.py
[2026-03-02T13:48:18.329+0000] {processor.py:840} INFO - DAG(s) 'example_task_group_decorator' retrieved from /home/airflow/.local/lib/python3.12/site-packages/airflow/example_dags/example_task_group_decorator.py
[2026-03-02T13:48:18.362+0000] {logging_mixin.py:188} INFO - [2026-03-02T13:48:18.362+0000] {dag.py:3096} INFO - Sync 1 DAGs
[2026-03-02T13:48:18.385+0000] {logging_mixin.py:188} INFO - [2026-03-02T13:48:18.385+0000] {dag.py:3954} INFO - Setting next_dagrun for example_task_group_decorator to 2026-03-01 00:00:00+00:00, run_after=2026-03-02 00:00:00+00:00
[2026-03-02T13:48:18.406+0000] {processor.py:183} INFO - Processing /home/airflow/.local/lib/python3.12/site-packages/airflow/example_dags/example_task_group_decorator.py took 0.095 seconds
[2026-03-02T13:48:49.614+0000] {processor.py:161} INFO - Started process (PID=1469) to work on /home/airflow/.local/lib/python3.12/site-packages/airflow/example_dags/example_task_group_decorator.py
[2026-03-02T13:48:49.618+0000] {processor.py:830} INFO - Processing file /home/airflow/.local/lib/python3.12/site-packages/airflow/example_dags/example_task_group_decorator.py for tasks to queue
[2026-03-02T13:48:49.628+0000] {logging_mixin.py:188} INFO - [2026-03-02T13:48:49.628+0000] {dagbag.py:540} INFO - Filling up the DagBag from /home/airflow/.local/lib/python3.12/site-packages/airflow/example_dags/example_task_group_decorator.py
[2026-03-02T13:48:49.695+0000] {processor.py:840} INFO - DAG(s) 'example_task_group_decorator' retrieved from /home/airflow/.local/lib/python3.12/site-packages/airflow/example_dags/example_task_group_decorator.py
[2026-03-02T13:48:49.790+0000] {logging_mixin.py:188} INFO - [2026-03-02T13:48:49.789+0000] {dag.py:3096} INFO - Sync 1 DAGs
[2026-03-02T13:48:49.844+0000] {logging_mixin.py:188} INFO - [2026-03-02T13:48:49.843+0000] {dag.py:3954} INFO - Setting next_dagrun for example_task_group_decorator to 2026-03-01 00:00:00+00:00, run_after=2026-03-02 00:00:00+00:00
[2026-03-02T13:48:49.917+0000] {processor.py:183} INFO - Processing /home/airflow/.local/lib/python3.12/site-packages/airflow/example_dags/example_task_group_decorator.py took 0.358 seconds
[2026-03-02T13:49:20.297+0000] {processor.py:161} INFO - Started process (PID=1527) to work on /home/airflow/.local/lib/python3.12/site-packages/airflow/example_dags/example_task_group_decorator.py
[2026-03-02T13:49:20.298+0000] {processor.py:830} INFO - Processing file /home/airflow/.local/lib/python3.12/site-packages/airflow/example_dags/example_task_group_decorator.py for tasks to queue
[2026-03-02T13:49:20.300+0000] {logging_mixin.py:188} INFO - [2026-03-02T13:49:20.300+0000] {dagbag.py:540} INFO - Filling up the DagBag from /home/airflow/.local/lib/python3.12/site-packages/airflow/example_dags/example_task_group_decorator.py
[2026-03-02T13:49:20.313+0000] {processor.py:840} INFO - DAG(s) 'example_task_group_decorator' retrieved from /home/airflow/.local/lib/python3.12/site-packages/airflow/example_dags/example_task_group_decorator.py
[2026-03-02T13:49:20.332+0000] {logging_mixin.py:188} INFO - [2026-03-02T13:49:20.332+0000] {dag.py:3096} INFO - Sync 1 DAGs
[2026-03-02T13:49:20.349+0000] {logging_mixin.py:188} INFO - [2026-03-02T13:49:20.348+0000] {dag.py:3954} INFO - Setting next_dagrun for example_task_group_decorator to 2026-03-01 00:00:00+00:00, run_after=2026-03-02 00:00:00+00:00
[2026-03-02T13:49:20.360+0000] {processor.py:183} INFO - Processing /home/airflow/.local/lib/python3.12/site-packages/airflow/example_dags/example_task_group_decorator.py took 0.071 seconds
[2026-03-02T13:49:50.794+0000] {processor.py:161} INFO - Started process (PID=1585) to work on /home/airflow/.local/lib/python3.12/site-packages/airflow/example_dags/example_task_group_decorator.py
[2026-03-02T13:49:50.797+0000] {processor.py:830} INFO - Processing file /home/airflow/.local/lib/python3.12/site-packages/airflow/example_dags/example_task_group_decorator.py for tasks to queue
[2026-03-02T13:49:50.799+0000] {logging_mixin.py:188} INFO - [2026-03-02T13:49:50.798+0000] {dagbag.py:540} INFO - Filling up the DagBag from /home/airflow/.local/lib/python3.12/site-packages/airflow/example_dags/example_task_group_decorator.py
[2026-03-02T13:49:50.811+0000] {processor.py:840} INFO - DAG(s) 'example_task_group_decorator' retrieved from /home/airflow/.local/lib/python3.12/site-packages/airflow/example_dags/example_task_group_decorator.py
[2026-03-02T13:49:50.834+0000] {logging_mixin.py:188} INFO - [2026-03-02T13:49:50.834+0000] {dag.py:3096} INFO - Sync 1 DAGs
[2026-03-02T13:49:50.850+0000] {logging_mixin.py:188} INFO - [2026-03-02T13:49:50.850+0000] {dag.py:3954} INFO - Setting next_dagrun for example_task_group_decorator to 2026-03-01 00:00:00+00:00, run_after=2026-03-02 00:00:00+00:00
[2026-03-02T13:49:50.860+0000] {processor.py:183} INFO - Processing /home/airflow/.local/lib/python3.12/site-packages/airflow/example_dags/example_task_group_decorator.py took 0.071 seconds
[2026-03-02T13:50:21.166+0000] {processor.py:161} INFO - Started process (PID=1643) to work on /home/airflow/.local/lib/python3.12/site-packages/airflow/example_dags/example_task_group_decorator.py
[2026-03-02T13:50:21.167+0000] {processor.py:830} INFO - Processing file /home/airflow/.local/lib/python3.12/site-packages/airflow/example_dags/example_task_group_decorator.py for tasks to queue
[2026-03-02T13:50:21.169+0000] {logging_mixin.py:188} INFO - [2026-03-02T13:50:21.169+0000] {dagbag.py:540} INFO - Filling up the DagBag from /home/airflow/.local/lib/python3.12/site-packages/airflow/example_dags/example_task_group_decorator.py
[2026-03-02T13:50:21.181+0000] {processor.py:840} INFO - DAG(s) 'example_task_group_decorator' retrieved from /home/airflow/.local/lib/python3.12/site-packages/airflow/example_dags/example_task_group_decorator.py
[2026-03-02T13:50:21.196+0000] {logging_mixin.py:188} INFO - [2026-03-02T13:50:21.196+0000] {dag.py:3096} INFO - Sync 1 DAGs
[2026-03-02T13:50:21.206+0000] {logging_mixin.py:188} INFO - [2026-03-02T13:50:21.206+0000] {dag.py:3954} INFO - Setting next_dagrun for example_task_group_decorator to 2026-03-01 00:00:00+00:00, run_after=2026-03-02 00:00:00+00:00
[2026-03-02T13:50:21.218+0000] {processor.py:183} INFO - Processing /home/airflow/.local/lib/python3.12/site-packages/airflow/example_dags/example_task_group_decorator.py took 0.056 seconds
[2026-03-02T13:50:51.888+0000] {processor.py:161} INFO - Started process (PID=1701) to work on /home/airflow/.local/lib/python3.12/site-packages/airflow/example_dags/example_task_group_decorator.py
[2026-03-02T13:50:51.889+0000] {processor.py:830} INFO - Processing file /home/airflow/.local/lib/python3.12/site-packages/airflow/example_dags/example_task_group_decorator.py for tasks to queue
[2026-03-02T13:50:51.891+0000] {logging_mixin.py:188} INFO - [2026-03-02T13:50:51.890+0000] {dagbag.py:540} INFO - Filling up the DagBag from /home/airflow/.local/lib/python3.12/site-packages/airflow/example_dags/example_task_group_decorator.py
[2026-03-02T13:50:51.902+0000] {processor.py:840} INFO - DAG(s) 'example_task_group_decorator' retrieved from /home/airflow/.local/lib/python3.12/site-packages/airflow/example_dags/example_task_group_decorator.py
[2026-03-02T13:50:51.921+0000] {logging_mixin.py:188} INFO - [2026-03-02T13:50:51.921+0000] {dag.py:3096} INFO - Sync 1 DAGs
[2026-03-02T13:50:51.938+0000] {logging_mixin.py:188} INFO - [2026-03-02T13:50:51.938+0000] {dag.py:3954} INFO - Setting next_dagrun for example_task_group_decorator to 2026-03-01 00:00:00+00:00, run_after=2026-03-02 00:00:00+00:00
[2026-03-02T13:50:51.953+0000] {processor.py:183} INFO - Processing /home/airflow/.local/lib/python3.12/site-packages/airflow/example_dags/example_task_group_decorator.py took 0.070 seconds
[2026-03-02T13:51:22.182+0000] {processor.py:161} INFO - Started process (PID=1759) to work on /home/airflow/.local/lib/python3.12/site-packages/airflow/example_dags/example_task_group_decorator.py
[2026-03-02T13:51:22.183+0000] {processor.py:830} INFO - Processing file /home/airflow/.local/lib/python3.12/site-packages/airflow/example_dags/example_task_group_decorator.py for tasks to queue
[2026-03-02T13:51:22.184+0000] {logging_mixin.py:188} INFO - [2026-03-02T13:51:22.184+0000] {dagbag.py:540} INFO - Filling up the DagBag from /home/airflow/.local/lib/python3.12/site-packages/airflow/example_dags/example_task_group_decorator.py
[2026-03-02T13:51:22.194+0000] {processor.py:840} INFO - DAG(s) 'example_task_group_decorator' retrieved from /home/airflow/.local/lib/python3.12/site-packages/airflow/example_dags/example_task_group_decorator.py
[2026-03-02T13:51:22.267+0000] {logging_mixin.py:188} INFO - [2026-03-02T13:51:22.267+0000] {dag.py:3096} INFO - Sync 1 DAGs
[2026-03-02T13:51:22.293+0000] {logging_mixin.py:188} INFO - [2026-03-02T13:51:22.293+0000] {dag.py:3954} INFO - Setting next_dagrun for example_task_group_decorator to 2026-03-01 00:00:00+00:00, run_after=2026-03-02 00:00:00+00:00
[2026-03-02T13:51:22.305+0000] {processor.py:183} INFO - Processing /home/airflow/.local/lib/python3.12/site-packages/airflow/example_dags/example_task_group_decorator.py took 0.129 seconds
[2026-03-02T13:51:53.279+0000] {processor.py:161} INFO - Started process (PID=1817) to work on /home/airflow/.local/lib/python3.12/site-packages/airflow/example_dags/example_task_group_decorator.py
[2026-03-02T13:51:53.280+0000] {processor.py:830} INFO - Processing file /home/airflow/.local/lib/python3.12/site-packages/airflow/example_dags/example_task_group_decorator.py for tasks to queue
[2026-03-02T13:51:53.282+0000] {logging_mixin.py:188} INFO - [2026-03-02T13:51:53.282+0000] {dagbag.py:540} INFO - Filling up the DagBag from /home/airflow/.local/lib/python3.12/site-packages/airflow/example_dags/example_task_group_decorator.py
[2026-03-02T13:51:53.291+0000] {processor.py:840} INFO - DAG(s) 'example_task_group_decorator' retrieved from /home/airflow/.local/lib/python3.12/site-packages/airflow/example_dags/example_task_group_decorator.py
[2026-03-02T13:51:53.310+0000] {logging_mixin.py:188} INFO - [2026-03-02T13:51:53.310+0000] {dag.py:3096} INFO - Sync 1 DAGs
[2026-03-02T13:51:53.325+0000] {logging_mixin.py:188} INFO - [2026-03-02T13:51:53.325+0000] {dag.py:3954} INFO - Setting next_dagrun for example_task_group_decorator to 2026-03-01 00:00:00+00:00, run_after=2026-03-02 00:00:00+00:00
[2026-03-02T13:51:53.334+0000] {processor.py:183} INFO - Processing /home/airflow/.local/lib/python3.12/site-packages/airflow/example_dags/example_task_group_decorator.py took 0.064 seconds
[2026-03-02T13:52:24.104+0000] {processor.py:161} INFO - Started process (PID=1875) to work on /home/airflow/.local/lib/python3.12/site-packages/airflow/example_dags/example_task_group_decorator.py
[2026-03-02T13:52:24.105+0000] {processor.py:830} INFO - Processing file /home/airflow/.local/lib/python3.12/site-packages/airflow/example_dags/example_task_group_decorator.py for tasks to queue
[2026-03-02T13:52:24.106+0000] {logging_mixin.py:188} INFO - [2026-03-02T13:52:24.106+0000] {dagbag.py:540} INFO - Filling up the DagBag from /home/airflow/.local/lib/python3.12/site-packages/airflow/example_dags/example_task_group_decorator.py
[2026-03-02T13:52:24.115+0000] {processor.py:840} INFO - DAG(s) 'example_task_group_decorator' retrieved from /home/airflow/.local/lib/python3.12/site-packages/airflow/example_dags/example_task_group_decorator.py
[2026-03-02T13:52:24.135+0000] {logging_mixin.py:188} INFO - [2026-03-02T13:52:24.134+0000] {dag.py:3096} INFO - Sync 1 DAGs
[2026-03-02T13:52:24.148+0000] {logging_mixin.py:188} INFO - [2026-03-02T13:52:24.148+0000] {dag.py:3954} INFO - Setting next_dagrun for example_task_group_decorator to 2026-03-01 00:00:00+00:00, run_after=2026-03-02 00:00:00+00:00
[2026-03-02T13:52:24.159+0000] {processor.py:183} INFO - Processing /home/airflow/.local/lib/python3.12/site-packages/airflow/example_dags/example_task_group_decorator.py took 0.058 seconds
[2026-03-02T13:52:55.099+0000] {processor.py:161} INFO - Started process (PID=1933) to work on /home/airflow/.local/lib/python3.12/site-packages/airflow/example_dags/example_task_group_decorator.py
[2026-03-02T13:52:55.100+0000] {processor.py:830} INFO - Processing file /home/airflow/.local/lib/python3.12/site-packages/airflow/example_dags/example_task_group_decorator.py for tasks to queue
[2026-03-02T13:52:55.101+0000] {logging_mixin.py:188} INFO - [2026-03-02T13:52:55.101+0000] {dagbag.py:540} INFO - Filling up the DagBag from /home/airflow/.local/lib/python3.12/site-packages/airflow/example_dags/example_task_group_decorator.py
[2026-03-02T13:52:55.114+0000] {processor.py:840} INFO - DAG(s) 'example_task_group_decorator' retrieved from /home/airflow/.local/lib/python3.12/site-packages/airflow/example_dags/example_task_group_decorator.py
[2026-03-02T13:52:55.128+0000] {logging_mixin.py:188} INFO - [2026-03-02T13:52:55.127+0000] {dag.py:3096} INFO - Sync 1 DAGs
[2026-03-02T13:52:55.139+0000] {logging_mixin.py:188} INFO - [2026-03-02T13:52:55.139+0000] {dag.py:3954} INFO - Setting next_dagrun for example_task_group_decorator to 2026-03-01 00:00:00+00:00, run_after=2026-03-02 00:00:00+00:00
[2026-03-02T13:52:55.151+0000] {processor.py:183} INFO - Processing /home/airflow/.local/lib/python3.12/site-packages/airflow/example_dags/example_task_group_decorator.py took 0.059 seconds
[2026-03-02T13:53:25.584+0000] {processor.py:161} INFO - Started process (PID=1991) to work on /home/airflow/.local/lib/python3.12/site-packages/airflow/example_dags/example_task_group_decorator.py
[2026-03-02T13:53:25.585+0000] {processor.py:830} INFO - Processing file /home/airflow/.local/lib/python3.12/site-packages/airflow/example_dags/example_task_group_decorator.py for tasks to queue
[2026-03-02T13:53:25.586+0000] {logging_mixin.py:188} INFO - [2026-03-02T13:53:25.586+0000] {dagbag.py:540} INFO - Filling up the DagBag from /home/airflow/.local/lib/python3.12/site-packages/airflow/example_dags/example_task_group_decorator.py
[2026-03-02T13:53:25.600+0000] {processor.py:840} INFO - DAG(s) 'example_task_group_decorator' retrieved from /home/airflow/.local/lib/python3.12/site-packages/airflow/example_dags/example_task_group_decorator.py
[2026-03-02T13:53:25.617+0000] {logging_mixin.py:188} INFO - [2026-03-02T13:53:25.617+0000] {dag.py:3096} INFO - Sync 1 DAGs
[2026-03-02T13:53:25.640+0000] {logging_mixin.py:188} INFO - [2026-03-02T13:53:25.640+0000] {dag.py:3954} INFO - Setting next_dagrun for example_task_group_decorator to 2026-03-01 00:00:00+00:00, run_after=2026-03-02 00:00:00+00:00
[2026-03-02T13:53:25.651+0000] {processor.py:183} INFO - Processing /home/airflow/.local/lib/python3.12/site-packages/airflow/example_dags/example_task_group_decorator.py took 0.073 seconds
[2026-03-02T13:53:56.043+0000] {processor.py:161} INFO - Started process (PID=2049) to work on /home/airflow/.local/lib/python3.12/site-packages/airflow/example_dags/example_task_group_decorator.py
[2026-03-02T13:53:56.046+0000] {processor.py:830} INFO - Processing file /home/airflow/.local/lib/python3.12/site-packages/airflow/example_dags/example_task_group_decorator.py for tasks to queue
[2026-03-02T13:53:56.047+0000] {logging_mixin.py:188} INFO - [2026-03-02T13:53:56.047+0000] {dagbag.py:540} INFO - Filling up the DagBag from /home/airflow/.local/lib/python3.12/site-packages/airflow/example_dags/example_task_group_decorator.py
[2026-03-02T13:53:56.054+0000] {processor.py:840} INFO - DAG(s) 'example_task_group_decorator' retrieved from /home/airflow/.local/lib/python3.12/site-packages/airflow/example_dags/example_task_group_decorator.py
[2026-03-02T13:53:56.064+0000] {logging_mixin.py:188} INFO - [2026-03-02T13:53:56.064+0000] {dag.py:3096} INFO - Sync 1 DAGs
[2026-03-02T13:53:56.075+0000] {logging_mixin.py:188} INFO - [2026-03-02T13:53:56.075+0000] {dag.py:3954} INFO - Setting next_dagrun for example_task_group_decorator to 2026-03-01 00:00:00+00:00, run_after=2026-03-02 00:00:00+00:00
[2026-03-02T13:53:56.082+0000] {processor.py:183} INFO - Processing /home/airflow/.local/lib/python3.12/site-packages/airflow/example_dags/example_task_group_decorator.py took 0.043 seconds
[2026-03-02T13:54:26.210+0000] {processor.py:161} INFO - Started process (PID=2107) to work on /home/airflow/.local/lib/python3.12/site-packages/airflow/example_dags/example_task_group_decorator.py
[2026-03-02T13:54:26.211+0000] {processor.py:830} INFO - Processing file /home/airflow/.local/lib/python3.12/site-packages/airflow/example_dags/example_task_group_decorator.py for tasks to queue
[2026-03-02T13:54:26.213+0000] {logging_mixin.py:188} INFO - [2026-03-02T13:54:26.212+0000] {dagbag.py:540} INFO - Filling up the DagBag from /home/airflow/.local/lib/python3.12/site-packages/airflow/example_dags/example_task_group_decorator.py
[2026-03-02T13:54:26.235+0000] {processor.py:840} INFO - DAG(s) 'example_task_group_decorator' retrieved from /home/airflow/.local/lib/python3.12/site-packages/airflow/example_dags/example_task_group_decorator.py
[2026-03-02T13:54:26.256+0000] {logging_mixin.py:188} INFO - [2026-03-02T13:54:26.256+0000] {dag.py:3096} INFO - Sync 1 DAGs
[2026-03-02T13:54:26.275+0000] {logging_mixin.py:188} INFO - [2026-03-02T13:54:26.274+0000] {dag.py:3954} INFO - Setting next_dagrun for example_task_group_decorator to 2026-03-01 00:00:00+00:00, run_after=2026-03-02 00:00:00+00:00
[2026-03-02T13:54:26.285+0000] {processor.py:183} INFO - Processing /home/airflow/.local/lib/python3.12/site-packages/airflow/example_dags/example_task_group_decorator.py took 0.083 seconds
[2026-03-02T13:55:04.849+0000] {processor.py:161} INFO - Started process (PID=2165) to work on /home/airflow/.local/lib/python3.12/site-packages/airflow/example_dags/example_task_group_decorator.py
[2026-03-02T13:55:04.882+0000] {processor.py:830} INFO - Processing file /home/airflow/.local/lib/python3.12/site-packages/airflow/example_dags/example_task_group_decorator.py for tasks to queue
[2026-03-02T13:55:04.906+0000] {logging_mixin.py:188} INFO - [2026-03-02T13:55:04.888+0000] {dagbag.py:540} INFO - Filling up the DagBag from /home/airflow/.local/lib/python3.12/site-packages/airflow/example_dags/example_task_group_decorator.py
[2026-03-02T13:55:05.419+0000] {processor.py:840} INFO - DAG(s) 'example_task_group_decorator' retrieved from /home/airflow/.local/lib/python3.12/site-packages/airflow/example_dags/example_task_group_decorator.py
[2026-03-02T13:55:09.591+0000] {logging_mixin.py:188} INFO - [2026-03-02T13:55:09.250+0000] {dag.py:3096} INFO - Sync 1 DAGs
[2026-03-02T13:55:13.454+0000] {logging_mixin.py:188} INFO - [2026-03-02T13:55:13.298+0000] {dag.py:3954} INFO - Setting next_dagrun for example_task_group_decorator to 2026-03-01 00:00:00+00:00, run_after=2026-03-02 00:00:00+00:00
[2026-03-02T13:55:17.654+0000] {processor.py:183} INFO - Processing /home/airflow/.local/lib/python3.12/site-packages/airflow/example_dags/example_task_group_decorator.py took 12.963 seconds
[2026-03-02T13:55:48.249+0000] {processor.py:161} INFO - Started process (PID=2223) to work on /home/airflow/.local/lib/python3.12/site-packages/airflow/example_dags/example_task_group_decorator.py
[2026-03-02T13:55:48.249+0000] {processor.py:830} INFO - Processing file /home/airflow/.local/lib/python3.12/site-packages/airflow/example_dags/example_task_group_decorator.py for tasks to queue
[2026-03-02T13:55:48.250+0000] {logging_mixin.py:188} INFO - [2026-03-02T13:55:48.250+0000] {dagbag.py:540} INFO - Filling up the DagBag from /home/airflow/.local/lib/python3.12/site-packages/airflow/example_dags/example_task_group_decorator.py
[2026-03-02T13:55:48.260+0000] {processor.py:840} INFO - DAG(s) 'example_task_group_decorator' retrieved from /home/airflow/.local/lib/python3.12/site-packages/airflow/example_dags/example_task_group_decorator.py
[2026-03-02T13:55:48.276+0000] {logging_mixin.py:188} INFO - [2026-03-02T13:55:48.276+0000] {dag.py:3096} INFO - Sync 1 DAGs
[2026-03-02T13:55:48.290+0000] {logging_mixin.py:188} INFO - [2026-03-02T13:55:48.290+0000] {dag.py:3954} INFO - Setting next_dagrun for example_task_group_decorator to 2026-03-01 00:00:00+00:00, run_after=2026-03-02 00:00:00+00:00
[2026-03-02T13:55:48.298+0000] {processor.py:183} INFO - Processing /home/airflow/.local/lib/python3.12/site-packages/airflow/example_dags/example_task_group_decorator.py took 0.053 seconds
