[2026-03-02T13:36:36.438+0000] {processor.py:161} INFO - Started process (PID=90) to work on /home/airflow/.local/lib/python3.12/site-packages/airflow/example_dags/example_branch_python_dop_operator_3.py
[2026-03-02T13:36:36.439+0000] {processor.py:830} INFO - Processing file /home/airflow/.local/lib/python3.12/site-packages/airflow/example_dags/example_branch_python_dop_operator_3.py for tasks to queue
[2026-03-02T13:36:36.442+0000] {logging_mixin.py:188} INFO - [2026-03-02T13:36:36.442+0000] {dagbag.py:540} INFO - Filling up the DagBag from /home/airflow/.local/lib/python3.12/site-packages/airflow/example_dags/example_branch_python_dop_operator_3.py
[2026-03-02T13:36:36.448+0000] {processor.py:840} INFO - DAG(s) 'example_branch_dop_operator_v3' retrieved from /home/airflow/.local/lib/python3.12/site-packages/airflow/example_dags/example_branch_python_dop_operator_3.py
[2026-03-02T13:36:36.740+0000] {logging_mixin.py:188} INFO - [2026-03-02T13:36:36.740+0000] {dag.py:3096} INFO - Sync 1 DAGs
[2026-03-02T13:36:36.776+0000] {logging_mixin.py:188} INFO - [2026-03-02T13:36:36.776+0000] {dag.py:3954} INFO - Setting next_dagrun for example_branch_dop_operator_v3 to 2026-03-02 13:35:00+00:00, run_after=2026-03-02 13:36:00+00:00
[2026-03-02T13:36:36.789+0000] {processor.py:183} INFO - Processing /home/airflow/.local/lib/python3.12/site-packages/airflow/example_dags/example_branch_python_dop_operator_3.py took 0.354 seconds
[2026-03-02T13:37:06.971+0000] {processor.py:161} INFO - Started process (PID=148) to work on /home/airflow/.local/lib/python3.12/site-packages/airflow/example_dags/example_branch_python_dop_operator_3.py
[2026-03-02T13:37:06.972+0000] {processor.py:830} INFO - Processing file /home/airflow/.local/lib/python3.12/site-packages/airflow/example_dags/example_branch_python_dop_operator_3.py for tasks to queue
[2026-03-02T13:37:06.974+0000] {logging_mixin.py:188} INFO - [2026-03-02T13:37:06.974+0000] {dagbag.py:540} INFO - Filling up the DagBag from /home/airflow/.local/lib/python3.12/site-packages/airflow/example_dags/example_branch_python_dop_operator_3.py
[2026-03-02T13:37:06.980+0000] {processor.py:840} INFO - DAG(s) 'example_branch_dop_operator_v3' retrieved from /home/airflow/.local/lib/python3.12/site-packages/airflow/example_dags/example_branch_python_dop_operator_3.py
[2026-03-02T13:37:07.025+0000] {logging_mixin.py:188} INFO - [2026-03-02T13:37:07.025+0000] {dag.py:3096} INFO - Sync 1 DAGs
[2026-03-02T13:37:07.039+0000] {logging_mixin.py:188} INFO - [2026-03-02T13:37:07.038+0000] {dag.py:3954} INFO - Setting next_dagrun for example_branch_dop_operator_v3 to 2026-03-02 13:36:00+00:00, run_after=2026-03-02 13:37:00+00:00
[2026-03-02T13:37:07.051+0000] {processor.py:183} INFO - Processing /home/airflow/.local/lib/python3.12/site-packages/airflow/example_dags/example_branch_python_dop_operator_3.py took 0.083 seconds
[2026-03-02T13:37:39.919+0000] {processor.py:161} INFO - Started process (PID=206) to work on /home/airflow/.local/lib/python3.12/site-packages/airflow/example_dags/example_branch_python_dop_operator_3.py
[2026-03-02T13:37:39.927+0000] {processor.py:830} INFO - Processing file /home/airflow/.local/lib/python3.12/site-packages/airflow/example_dags/example_branch_python_dop_operator_3.py for tasks to queue
[2026-03-02T13:37:39.939+0000] {logging_mixin.py:188} INFO - [2026-03-02T13:37:39.938+0000] {dagbag.py:540} INFO - Filling up the DagBag from /home/airflow/.local/lib/python3.12/site-packages/airflow/example_dags/example_branch_python_dop_operator_3.py
[2026-03-02T13:37:39.985+0000] {processor.py:840} INFO - DAG(s) 'example_branch_dop_operator_v3' retrieved from /home/airflow/.local/lib/python3.12/site-packages/airflow/example_dags/example_branch_python_dop_operator_3.py
[2026-03-02T13:37:40.132+0000] {logging_mixin.py:188} INFO - [2026-03-02T13:37:40.131+0000] {dag.py:3096} INFO - Sync 1 DAGs
[2026-03-02T13:37:40.274+0000] {logging_mixin.py:188} INFO - [2026-03-02T13:37:40.274+0000] {dag.py:3954} INFO - Setting next_dagrun for example_branch_dop_operator_v3 to 2026-03-02 13:36:00+00:00, run_after=2026-03-02 13:37:00+00:00
[2026-03-02T13:37:40.367+0000] {processor.py:183} INFO - Processing /home/airflow/.local/lib/python3.12/site-packages/airflow/example_dags/example_branch_python_dop_operator_3.py took 0.468 seconds
[2026-03-02T13:38:11.028+0000] {processor.py:161} INFO - Started process (PID=264) to work on /home/airflow/.local/lib/python3.12/site-packages/airflow/example_dags/example_branch_python_dop_operator_3.py
[2026-03-02T13:38:11.033+0000] {processor.py:830} INFO - Processing file /home/airflow/.local/lib/python3.12/site-packages/airflow/example_dags/example_branch_python_dop_operator_3.py for tasks to queue
[2026-03-02T13:38:11.036+0000] {logging_mixin.py:188} INFO - [2026-03-02T13:38:11.035+0000] {dagbag.py:540} INFO - Filling up the DagBag from /home/airflow/.local/lib/python3.12/site-packages/airflow/example_dags/example_branch_python_dop_operator_3.py
[2026-03-02T13:38:11.052+0000] {processor.py:840} INFO - DAG(s) 'example_branch_dop_operator_v3' retrieved from /home/airflow/.local/lib/python3.12/site-packages/airflow/example_dags/example_branch_python_dop_operator_3.py
[2026-03-02T13:38:11.071+0000] {logging_mixin.py:188} INFO - [2026-03-02T13:38:11.071+0000] {dag.py:3096} INFO - Sync 1 DAGs
[2026-03-02T13:38:11.092+0000] {logging_mixin.py:188} INFO - [2026-03-02T13:38:11.091+0000] {dag.py:3954} INFO - Setting next_dagrun for example_branch_dop_operator_v3 to 2026-03-02 13:37:00+00:00, run_after=2026-03-02 13:38:00+00:00
[2026-03-02T13:38:11.106+0000] {processor.py:183} INFO - Processing /home/airflow/.local/lib/python3.12/site-packages/airflow/example_dags/example_branch_python_dop_operator_3.py took 0.083 seconds
[2026-03-02T13:38:41.941+0000] {processor.py:161} INFO - Started process (PID=322) to work on /home/airflow/.local/lib/python3.12/site-packages/airflow/example_dags/example_branch_python_dop_operator_3.py
[2026-03-02T13:38:41.943+0000] {processor.py:830} INFO - Processing file /home/airflow/.local/lib/python3.12/site-packages/airflow/example_dags/example_branch_python_dop_operator_3.py for tasks to queue
[2026-03-02T13:38:41.944+0000] {logging_mixin.py:188} INFO - [2026-03-02T13:38:41.944+0000] {dagbag.py:540} INFO - Filling up the DagBag from /home/airflow/.local/lib/python3.12/site-packages/airflow/example_dags/example_branch_python_dop_operator_3.py
[2026-03-02T13:38:41.948+0000] {processor.py:840} INFO - DAG(s) 'example_branch_dop_operator_v3' retrieved from /home/airflow/.local/lib/python3.12/site-packages/airflow/example_dags/example_branch_python_dop_operator_3.py
[2026-03-02T13:38:41.958+0000] {logging_mixin.py:188} INFO - [2026-03-02T13:38:41.958+0000] {dag.py:3096} INFO - Sync 1 DAGs
[2026-03-02T13:38:41.969+0000] {logging_mixin.py:188} INFO - [2026-03-02T13:38:41.969+0000] {dag.py:3954} INFO - Setting next_dagrun for example_branch_dop_operator_v3 to 2026-03-02 13:37:00+00:00, run_after=2026-03-02 13:38:00+00:00
[2026-03-02T13:38:41.976+0000] {processor.py:183} INFO - Processing /home/airflow/.local/lib/python3.12/site-packages/airflow/example_dags/example_branch_python_dop_operator_3.py took 0.037 seconds
[2026-03-02T13:39:12.343+0000] {processor.py:161} INFO - Started process (PID=380) to work on /home/airflow/.local/lib/python3.12/site-packages/airflow/example_dags/example_branch_python_dop_operator_3.py
[2026-03-02T13:39:12.344+0000] {processor.py:830} INFO - Processing file /home/airflow/.local/lib/python3.12/site-packages/airflow/example_dags/example_branch_python_dop_operator_3.py for tasks to queue
[2026-03-02T13:39:12.347+0000] {logging_mixin.py:188} INFO - [2026-03-02T13:39:12.347+0000] {dagbag.py:540} INFO - Filling up the DagBag from /home/airflow/.local/lib/python3.12/site-packages/airflow/example_dags/example_branch_python_dop_operator_3.py
[2026-03-02T13:39:12.353+0000] {processor.py:840} INFO - DAG(s) 'example_branch_dop_operator_v3' retrieved from /home/airflow/.local/lib/python3.12/site-packages/airflow/example_dags/example_branch_python_dop_operator_3.py
[2026-03-02T13:39:12.364+0000] {logging_mixin.py:188} INFO - [2026-03-02T13:39:12.363+0000] {dag.py:3096} INFO - Sync 1 DAGs
[2026-03-02T13:39:12.377+0000] {logging_mixin.py:188} INFO - [2026-03-02T13:39:12.377+0000] {dag.py:3954} INFO - Setting next_dagrun for example_branch_dop_operator_v3 to 2026-03-02 13:38:00+00:00, run_after=2026-03-02 13:39:00+00:00
[2026-03-02T13:39:12.386+0000] {processor.py:183} INFO - Processing /home/airflow/.local/lib/python3.12/site-packages/airflow/example_dags/example_branch_python_dop_operator_3.py took 0.046 seconds
[2026-03-02T13:39:42.848+0000] {processor.py:161} INFO - Started process (PID=438) to work on /home/airflow/.local/lib/python3.12/site-packages/airflow/example_dags/example_branch_python_dop_operator_3.py
[2026-03-02T13:39:42.849+0000] {processor.py:830} INFO - Processing file /home/airflow/.local/lib/python3.12/site-packages/airflow/example_dags/example_branch_python_dop_operator_3.py for tasks to queue
[2026-03-02T13:39:42.850+0000] {logging_mixin.py:188} INFO - [2026-03-02T13:39:42.850+0000] {dagbag.py:540} INFO - Filling up the DagBag from /home/airflow/.local/lib/python3.12/site-packages/airflow/example_dags/example_branch_python_dop_operator_3.py
[2026-03-02T13:39:42.855+0000] {processor.py:840} INFO - DAG(s) 'example_branch_dop_operator_v3' retrieved from /home/airflow/.local/lib/python3.12/site-packages/airflow/example_dags/example_branch_python_dop_operator_3.py
[2026-03-02T13:39:42.864+0000] {logging_mixin.py:188} INFO - [2026-03-02T13:39:42.864+0000] {dag.py:3096} INFO - Sync 1 DAGs
[2026-03-02T13:39:42.876+0000] {logging_mixin.py:188} INFO - [2026-03-02T13:39:42.876+0000] {dag.py:3954} INFO - Setting next_dagrun for example_branch_dop_operator_v3 to 2026-03-02 13:38:00+00:00, run_after=2026-03-02 13:39:00+00:00
[2026-03-02T13:39:42.884+0000] {processor.py:183} INFO - Processing /home/airflow/.local/lib/python3.12/site-packages/airflow/example_dags/example_branch_python_dop_operator_3.py took 0.040 seconds
[2026-03-02T13:40:13.205+0000] {processor.py:161} INFO - Started process (PID=496) to work on /home/airflow/.local/lib/python3.12/site-packages/airflow/example_dags/example_branch_python_dop_operator_3.py
[2026-03-02T13:40:13.206+0000] {processor.py:830} INFO - Processing file /home/airflow/.local/lib/python3.12/site-packages/airflow/example_dags/example_branch_python_dop_operator_3.py for tasks to queue
[2026-03-02T13:40:13.207+0000] {logging_mixin.py:188} INFO - [2026-03-02T13:40:13.206+0000] {dagbag.py:540} INFO - Filling up the DagBag from /home/airflow/.local/lib/python3.12/site-packages/airflow/example_dags/example_branch_python_dop_operator_3.py
[2026-03-02T13:40:13.210+0000] {processor.py:840} INFO - DAG(s) 'example_branch_dop_operator_v3' retrieved from /home/airflow/.local/lib/python3.12/site-packages/airflow/example_dags/example_branch_python_dop_operator_3.py
[2026-03-02T13:40:13.218+0000] {logging_mixin.py:188} INFO - [2026-03-02T13:40:13.218+0000] {dag.py:3096} INFO - Sync 1 DAGs
[2026-03-02T13:40:13.227+0000] {logging_mixin.py:188} INFO - [2026-03-02T13:40:13.227+0000] {dag.py:3954} INFO - Setting next_dagrun for example_branch_dop_operator_v3 to 2026-03-02 13:39:00+00:00, run_after=2026-03-02 13:40:00+00:00
[2026-03-02T13:40:13.234+0000] {processor.py:183} INFO - Processing /home/airflow/.local/lib/python3.12/site-packages/airflow/example_dags/example_branch_python_dop_operator_3.py took 0.032 seconds
[2026-03-02T13:40:43.578+0000] {processor.py:161} INFO - Started process (PID=554) to work on /home/airflow/.local/lib/python3.12/site-packages/airflow/example_dags/example_branch_python_dop_operator_3.py
[2026-03-02T13:40:43.580+0000] {processor.py:830} INFO - Processing file /home/airflow/.local/lib/python3.12/site-packages/airflow/example_dags/example_branch_python_dop_operator_3.py for tasks to queue
[2026-03-02T13:40:43.580+0000] {logging_mixin.py:188} INFO - [2026-03-02T13:40:43.580+0000] {dagbag.py:540} INFO - Filling up the DagBag from /home/airflow/.local/lib/python3.12/site-packages/airflow/example_dags/example_branch_python_dop_operator_3.py
[2026-03-02T13:40:43.584+0000] {processor.py:840} INFO - DAG(s) 'example_branch_dop_operator_v3' retrieved from /home/airflow/.local/lib/python3.12/site-packages/airflow/example_dags/example_branch_python_dop_operator_3.py
[2026-03-02T13:40:43.591+0000] {logging_mixin.py:188} INFO - [2026-03-02T13:40:43.591+0000] {dag.py:3096} INFO - Sync 1 DAGs
[2026-03-02T13:40:43.600+0000] {logging_mixin.py:188} INFO - [2026-03-02T13:40:43.600+0000] {dag.py:3954} INFO - Setting next_dagrun for example_branch_dop_operator_v3 to 2026-03-02 13:39:00+00:00, run_after=2026-03-02 13:40:00+00:00
[2026-03-02T13:40:43.606+0000] {processor.py:183} INFO - Processing /home/airflow/.local/lib/python3.12/site-packages/airflow/example_dags/example_branch_python_dop_operator_3.py took 0.030 seconds
[2026-03-02T13:41:14.042+0000] {processor.py:161} INFO - Started process (PID=612) to work on /home/airflow/.local/lib/python3.12/site-packages/airflow/example_dags/example_branch_python_dop_operator_3.py
[2026-03-02T13:41:14.043+0000] {processor.py:830} INFO - Processing file /home/airflow/.local/lib/python3.12/site-packages/airflow/example_dags/example_branch_python_dop_operator_3.py for tasks to queue
[2026-03-02T13:41:14.045+0000] {logging_mixin.py:188} INFO - [2026-03-02T13:41:14.044+0000] {dagbag.py:540} INFO - Filling up the DagBag from /home/airflow/.local/lib/python3.12/site-packages/airflow/example_dags/example_branch_python_dop_operator_3.py
[2026-03-02T13:41:14.050+0000] {processor.py:840} INFO - DAG(s) 'example_branch_dop_operator_v3' retrieved from /home/airflow/.local/lib/python3.12/site-packages/airflow/example_dags/example_branch_python_dop_operator_3.py
[2026-03-02T13:41:14.060+0000] {logging_mixin.py:188} INFO - [2026-03-02T13:41:14.060+0000] {dag.py:3096} INFO - Sync 1 DAGs
[2026-03-02T13:41:14.076+0000] {logging_mixin.py:188} INFO - [2026-03-02T13:41:14.076+0000] {dag.py:3954} INFO - Setting next_dagrun for example_branch_dop_operator_v3 to 2026-03-02 13:40:00+00:00, run_after=2026-03-02 13:41:00+00:00
[2026-03-02T13:41:14.083+0000] {processor.py:183} INFO - Processing /home/airflow/.local/lib/python3.12/site-packages/airflow/example_dags/example_branch_python_dop_operator_3.py took 0.045 seconds
[2026-03-02T13:41:44.370+0000] {processor.py:161} INFO - Started process (PID=670) to work on /home/airflow/.local/lib/python3.12/site-packages/airflow/example_dags/example_branch_python_dop_operator_3.py
[2026-03-02T13:41:44.373+0000] {processor.py:830} INFO - Processing file /home/airflow/.local/lib/python3.12/site-packages/airflow/example_dags/example_branch_python_dop_operator_3.py for tasks to queue
[2026-03-02T13:41:44.375+0000] {logging_mixin.py:188} INFO - [2026-03-02T13:41:44.375+0000] {dagbag.py:540} INFO - Filling up the DagBag from /home/airflow/.local/lib/python3.12/site-packages/airflow/example_dags/example_branch_python_dop_operator_3.py
[2026-03-02T13:41:44.381+0000] {processor.py:840} INFO - DAG(s) 'example_branch_dop_operator_v3' retrieved from /home/airflow/.local/lib/python3.12/site-packages/airflow/example_dags/example_branch_python_dop_operator_3.py
[2026-03-02T13:41:44.392+0000] {logging_mixin.py:188} INFO - [2026-03-02T13:41:44.392+0000] {dag.py:3096} INFO - Sync 1 DAGs
[2026-03-02T13:41:44.402+0000] {logging_mixin.py:188} INFO - [2026-03-02T13:41:44.402+0000] {dag.py:3954} INFO - Setting next_dagrun for example_branch_dop_operator_v3 to 2026-03-02 13:40:00+00:00, run_after=2026-03-02 13:41:00+00:00
[2026-03-02T13:41:44.409+0000] {processor.py:183} INFO - Processing /home/airflow/.local/lib/python3.12/site-packages/airflow/example_dags/example_branch_python_dop_operator_3.py took 0.042 seconds
[2026-03-02T13:42:14.720+0000] {processor.py:161} INFO - Started process (PID=728) to work on /home/airflow/.local/lib/python3.12/site-packages/airflow/example_dags/example_branch_python_dop_operator_3.py
[2026-03-02T13:42:14.723+0000] {processor.py:830} INFO - Processing file /home/airflow/.local/lib/python3.12/site-packages/airflow/example_dags/example_branch_python_dop_operator_3.py for tasks to queue
[2026-03-02T13:42:14.725+0000] {logging_mixin.py:188} INFO - [2026-03-02T13:42:14.724+0000] {dagbag.py:540} INFO - Filling up the DagBag from /home/airflow/.local/lib/python3.12/site-packages/airflow/example_dags/example_branch_python_dop_operator_3.py
[2026-03-02T13:42:14.730+0000] {processor.py:840} INFO - DAG(s) 'example_branch_dop_operator_v3' retrieved from /home/airflow/.local/lib/python3.12/site-packages/airflow/example_dags/example_branch_python_dop_operator_3.py
[2026-03-02T13:42:14.742+0000] {logging_mixin.py:188} INFO - [2026-03-02T13:42:14.742+0000] {dag.py:3096} INFO - Sync 1 DAGs
[2026-03-02T13:42:14.775+0000] {logging_mixin.py:188} INFO - [2026-03-02T13:42:14.775+0000] {dag.py:3954} INFO - Setting next_dagrun for example_branch_dop_operator_v3 to 2026-03-02 13:41:00+00:00, run_after=2026-03-02 13:42:00+00:00
[2026-03-02T13:42:14.784+0000] {processor.py:183} INFO - Processing /home/airflow/.local/lib/python3.12/site-packages/airflow/example_dags/example_branch_python_dop_operator_3.py took 0.066 seconds
[2026-03-02T13:42:45.236+0000] {processor.py:161} INFO - Started process (PID=786) to work on /home/airflow/.local/lib/python3.12/site-packages/airflow/example_dags/example_branch_python_dop_operator_3.py
[2026-03-02T13:42:45.237+0000] {processor.py:830} INFO - Processing file /home/airflow/.local/lib/python3.12/site-packages/airflow/example_dags/example_branch_python_dop_operator_3.py for tasks to queue
[2026-03-02T13:42:45.239+0000] {logging_mixin.py:188} INFO - [2026-03-02T13:42:45.238+0000] {dagbag.py:540} INFO - Filling up the DagBag from /home/airflow/.local/lib/python3.12/site-packages/airflow/example_dags/example_branch_python_dop_operator_3.py
[2026-03-02T13:42:45.244+0000] {processor.py:840} INFO - DAG(s) 'example_branch_dop_operator_v3' retrieved from /home/airflow/.local/lib/python3.12/site-packages/airflow/example_dags/example_branch_python_dop_operator_3.py
[2026-03-02T13:42:45.255+0000] {logging_mixin.py:188} INFO - [2026-03-02T13:42:45.254+0000] {dag.py:3096} INFO - Sync 1 DAGs
[2026-03-02T13:42:45.267+0000] {logging_mixin.py:188} INFO - [2026-03-02T13:42:45.267+0000] {dag.py:3954} INFO - Setting next_dagrun for example_branch_dop_operator_v3 to 2026-03-02 13:41:00+00:00, run_after=2026-03-02 13:42:00+00:00
[2026-03-02T13:42:45.278+0000] {processor.py:183} INFO - Processing /home/airflow/.local/lib/python3.12/site-packages/airflow/example_dags/example_branch_python_dop_operator_3.py took 0.045 seconds
[2026-03-02T13:43:16.113+0000] {processor.py:161} INFO - Started process (PID=844) to work on /home/airflow/.local/lib/python3.12/site-packages/airflow/example_dags/example_branch_python_dop_operator_3.py
[2026-03-02T13:43:16.113+0000] {processor.py:830} INFO - Processing file /home/airflow/.local/lib/python3.12/site-packages/airflow/example_dags/example_branch_python_dop_operator_3.py for tasks to queue
[2026-03-02T13:43:16.114+0000] {logging_mixin.py:188} INFO - [2026-03-02T13:43:16.113+0000] {dagbag.py:540} INFO - Filling up the DagBag from /home/airflow/.local/lib/python3.12/site-packages/airflow/example_dags/example_branch_python_dop_operator_3.py
[2026-03-02T13:43:16.118+0000] {processor.py:840} INFO - DAG(s) 'example_branch_dop_operator_v3' retrieved from /home/airflow/.local/lib/python3.12/site-packages/airflow/example_dags/example_branch_python_dop_operator_3.py
[2026-03-02T13:43:16.133+0000] {logging_mixin.py:188} INFO - [2026-03-02T13:43:16.133+0000] {dag.py:3096} INFO - Sync 1 DAGs
[2026-03-02T13:43:16.147+0000] {logging_mixin.py:188} INFO - [2026-03-02T13:43:16.147+0000] {dag.py:3954} INFO - Setting next_dagrun for example_branch_dop_operator_v3 to 2026-03-02 13:42:00+00:00, run_after=2026-03-02 13:43:00+00:00
[2026-03-02T13:43:16.155+0000] {processor.py:183} INFO - Processing /home/airflow/.local/lib/python3.12/site-packages/airflow/example_dags/example_branch_python_dop_operator_3.py took 0.046 seconds
[2026-03-02T13:43:46.868+0000] {processor.py:161} INFO - Started process (PID=902) to work on /home/airflow/.local/lib/python3.12/site-packages/airflow/example_dags/example_branch_python_dop_operator_3.py
[2026-03-02T13:43:46.869+0000] {processor.py:830} INFO - Processing file /home/airflow/.local/lib/python3.12/site-packages/airflow/example_dags/example_branch_python_dop_operator_3.py for tasks to queue
[2026-03-02T13:43:46.870+0000] {logging_mixin.py:188} INFO - [2026-03-02T13:43:46.870+0000] {dagbag.py:540} INFO - Filling up the DagBag from /home/airflow/.local/lib/python3.12/site-packages/airflow/example_dags/example_branch_python_dop_operator_3.py
[2026-03-02T13:43:46.876+0000] {processor.py:840} INFO - DAG(s) 'example_branch_dop_operator_v3' retrieved from /home/airflow/.local/lib/python3.12/site-packages/airflow/example_dags/example_branch_python_dop_operator_3.py
[2026-03-02T13:43:46.895+0000] {logging_mixin.py:188} INFO - [2026-03-02T13:43:46.894+0000] {dag.py:3096} INFO - Sync 1 DAGs
[2026-03-02T13:43:46.919+0000] {logging_mixin.py:188} INFO - [2026-03-02T13:43:46.919+0000] {dag.py:3954} INFO - Setting next_dagrun for example_branch_dop_operator_v3 to 2026-03-02 13:42:00+00:00, run_after=2026-03-02 13:43:00+00:00
[2026-03-02T13:43:46.928+0000] {processor.py:183} INFO - Processing /home/airflow/.local/lib/python3.12/site-packages/airflow/example_dags/example_branch_python_dop_operator_3.py took 0.064 seconds
[2026-03-02T13:44:17.911+0000] {processor.py:161} INFO - Started process (PID=960) to work on /home/airflow/.local/lib/python3.12/site-packages/airflow/example_dags/example_branch_python_dop_operator_3.py
[2026-03-02T13:44:17.912+0000] {processor.py:830} INFO - Processing file /home/airflow/.local/lib/python3.12/site-packages/airflow/example_dags/example_branch_python_dop_operator_3.py for tasks to queue
[2026-03-02T13:44:17.913+0000] {logging_mixin.py:188} INFO - [2026-03-02T13:44:17.913+0000] {dagbag.py:540} INFO - Filling up the DagBag from /home/airflow/.local/lib/python3.12/site-packages/airflow/example_dags/example_branch_python_dop_operator_3.py
[2026-03-02T13:44:17.917+0000] {processor.py:840} INFO - DAG(s) 'example_branch_dop_operator_v3' retrieved from /home/airflow/.local/lib/python3.12/site-packages/airflow/example_dags/example_branch_python_dop_operator_3.py
[2026-03-02T13:44:17.928+0000] {logging_mixin.py:188} INFO - [2026-03-02T13:44:17.928+0000] {dag.py:3096} INFO - Sync 1 DAGs
[2026-03-02T13:44:17.941+0000] {logging_mixin.py:188} INFO - [2026-03-02T13:44:17.941+0000] {dag.py:3954} INFO - Setting next_dagrun for example_branch_dop_operator_v3 to 2026-03-02 13:43:00+00:00, run_after=2026-03-02 13:44:00+00:00
[2026-03-02T13:44:17.949+0000] {processor.py:183} INFO - Processing /home/airflow/.local/lib/python3.12/site-packages/airflow/example_dags/example_branch_python_dop_operator_3.py took 0.040 seconds
[2026-03-02T13:44:48.913+0000] {processor.py:161} INFO - Started process (PID=1017) to work on /home/airflow/.local/lib/python3.12/site-packages/airflow/example_dags/example_branch_python_dop_operator_3.py
[2026-03-02T13:44:48.914+0000] {processor.py:830} INFO - Processing file /home/airflow/.local/lib/python3.12/site-packages/airflow/example_dags/example_branch_python_dop_operator_3.py for tasks to queue
[2026-03-02T13:44:48.914+0000] {logging_mixin.py:188} INFO - [2026-03-02T13:44:48.914+0000] {dagbag.py:540} INFO - Filling up the DagBag from /home/airflow/.local/lib/python3.12/site-packages/airflow/example_dags/example_branch_python_dop_operator_3.py
[2026-03-02T13:44:48.920+0000] {processor.py:840} INFO - DAG(s) 'example_branch_dop_operator_v3' retrieved from /home/airflow/.local/lib/python3.12/site-packages/airflow/example_dags/example_branch_python_dop_operator_3.py
[2026-03-02T13:44:48.932+0000] {logging_mixin.py:188} INFO - [2026-03-02T13:44:48.932+0000] {dag.py:3096} INFO - Sync 1 DAGs
[2026-03-02T13:44:48.942+0000] {logging_mixin.py:188} INFO - [2026-03-02T13:44:48.942+0000] {dag.py:3954} INFO - Setting next_dagrun for example_branch_dop_operator_v3 to 2026-03-02 13:43:00+00:00, run_after=2026-03-02 13:44:00+00:00
[2026-03-02T13:44:48.950+0000] {processor.py:183} INFO - Processing /home/airflow/.local/lib/python3.12/site-packages/airflow/example_dags/example_branch_python_dop_operator_3.py took 0.039 seconds
[2026-03-02T13:45:19.059+0000] {processor.py:161} INFO - Started process (PID=1074) to work on /home/airflow/.local/lib/python3.12/site-packages/airflow/example_dags/example_branch_python_dop_operator_3.py
[2026-03-02T13:45:19.060+0000] {processor.py:830} INFO - Processing file /home/airflow/.local/lib/python3.12/site-packages/airflow/example_dags/example_branch_python_dop_operator_3.py for tasks to queue
[2026-03-02T13:45:19.061+0000] {logging_mixin.py:188} INFO - [2026-03-02T13:45:19.061+0000] {dagbag.py:540} INFO - Filling up the DagBag from /home/airflow/.local/lib/python3.12/site-packages/airflow/example_dags/example_branch_python_dop_operator_3.py
[2026-03-02T13:45:19.064+0000] {processor.py:840} INFO - DAG(s) 'example_branch_dop_operator_v3' retrieved from /home/airflow/.local/lib/python3.12/site-packages/airflow/example_dags/example_branch_python_dop_operator_3.py
[2026-03-02T13:45:19.073+0000] {logging_mixin.py:188} INFO - [2026-03-02T13:45:19.073+0000] {dag.py:3096} INFO - Sync 1 DAGs
[2026-03-02T13:45:19.082+0000] {logging_mixin.py:188} INFO - [2026-03-02T13:45:19.081+0000] {dag.py:3954} INFO - Setting next_dagrun for example_branch_dop_operator_v3 to 2026-03-02 13:44:00+00:00, run_after=2026-03-02 13:45:00+00:00
[2026-03-02T13:45:19.089+0000] {processor.py:183} INFO - Processing /home/airflow/.local/lib/python3.12/site-packages/airflow/example_dags/example_branch_python_dop_operator_3.py took 0.032 seconds
[2026-03-02T13:45:50.034+0000] {processor.py:161} INFO - Started process (PID=1132) to work on /home/airflow/.local/lib/python3.12/site-packages/airflow/example_dags/example_branch_python_dop_operator_3.py
[2026-03-02T13:45:50.034+0000] {processor.py:830} INFO - Processing file /home/airflow/.local/lib/python3.12/site-packages/airflow/example_dags/example_branch_python_dop_operator_3.py for tasks to queue
[2026-03-02T13:45:50.035+0000] {logging_mixin.py:188} INFO - [2026-03-02T13:45:50.035+0000] {dagbag.py:540} INFO - Filling up the DagBag from /home/airflow/.local/lib/python3.12/site-packages/airflow/example_dags/example_branch_python_dop_operator_3.py
[2026-03-02T13:45:50.039+0000] {processor.py:840} INFO - DAG(s) 'example_branch_dop_operator_v3' retrieved from /home/airflow/.local/lib/python3.12/site-packages/airflow/example_dags/example_branch_python_dop_operator_3.py
[2026-03-02T13:45:50.049+0000] {logging_mixin.py:188} INFO - [2026-03-02T13:45:50.049+0000] {dag.py:3096} INFO - Sync 1 DAGs
[2026-03-02T13:45:50.059+0000] {logging_mixin.py:188} INFO - [2026-03-02T13:45:50.059+0000] {dag.py:3954} INFO - Setting next_dagrun for example_branch_dop_operator_v3 to 2026-03-02 13:44:00+00:00, run_after=2026-03-02 13:45:00+00:00
[2026-03-02T13:45:50.067+0000] {processor.py:183} INFO - Processing /home/airflow/.local/lib/python3.12/site-packages/airflow/example_dags/example_branch_python_dop_operator_3.py took 0.037 seconds
[2026-03-02T13:46:21.010+0000] {processor.py:161} INFO - Started process (PID=1190) to work on /home/airflow/.local/lib/python3.12/site-packages/airflow/example_dags/example_branch_python_dop_operator_3.py
[2026-03-02T13:46:21.011+0000] {processor.py:830} INFO - Processing file /home/airflow/.local/lib/python3.12/site-packages/airflow/example_dags/example_branch_python_dop_operator_3.py for tasks to queue
[2026-03-02T13:46:21.011+0000] {logging_mixin.py:188} INFO - [2026-03-02T13:46:21.011+0000] {dagbag.py:540} INFO - Filling up the DagBag from /home/airflow/.local/lib/python3.12/site-packages/airflow/example_dags/example_branch_python_dop_operator_3.py
[2026-03-02T13:46:21.015+0000] {processor.py:840} INFO - DAG(s) 'example_branch_dop_operator_v3' retrieved from /home/airflow/.local/lib/python3.12/site-packages/airflow/example_dags/example_branch_python_dop_operator_3.py
[2026-03-02T13:46:21.024+0000] {logging_mixin.py:188} INFO - [2026-03-02T13:46:21.024+0000] {dag.py:3096} INFO - Sync 1 DAGs
[2026-03-02T13:46:21.035+0000] {logging_mixin.py:188} INFO - [2026-03-02T13:46:21.035+0000] {dag.py:3954} INFO - Setting next_dagrun for example_branch_dop_operator_v3 to 2026-03-02 13:45:00+00:00, run_after=2026-03-02 13:46:00+00:00
[2026-03-02T13:46:21.042+0000] {processor.py:183} INFO - Processing /home/airflow/.local/lib/python3.12/site-packages/airflow/example_dags/example_branch_python_dop_operator_3.py took 0.036 seconds
[2026-03-02T13:46:51.368+0000] {processor.py:161} INFO - Started process (PID=1248) to work on /home/airflow/.local/lib/python3.12/site-packages/airflow/example_dags/example_branch_python_dop_operator_3.py
[2026-03-02T13:46:51.369+0000] {processor.py:830} INFO - Processing file /home/airflow/.local/lib/python3.12/site-packages/airflow/example_dags/example_branch_python_dop_operator_3.py for tasks to queue
[2026-03-02T13:46:51.371+0000] {logging_mixin.py:188} INFO - [2026-03-02T13:46:51.370+0000] {dagbag.py:540} INFO - Filling up the DagBag from /home/airflow/.local/lib/python3.12/site-packages/airflow/example_dags/example_branch_python_dop_operator_3.py
[2026-03-02T13:46:51.380+0000] {processor.py:840} INFO - DAG(s) 'example_branch_dop_operator_v3' retrieved from /home/airflow/.local/lib/python3.12/site-packages/airflow/example_dags/example_branch_python_dop_operator_3.py
[2026-03-02T13:46:51.402+0000] {logging_mixin.py:188} INFO - [2026-03-02T13:46:51.401+0000] {dag.py:3096} INFO - Sync 1 DAGs
[2026-03-02T13:46:51.430+0000] {logging_mixin.py:188} INFO - [2026-03-02T13:46:51.430+0000] {dag.py:3954} INFO - Setting next_dagrun for example_branch_dop_operator_v3 to 2026-03-02 13:45:00+00:00, run_after=2026-03-02 13:46:00+00:00
[2026-03-02T13:46:51.484+0000] {processor.py:183} INFO - Processing /home/airflow/.local/lib/python3.12/site-packages/airflow/example_dags/example_branch_python_dop_operator_3.py took 0.122 seconds
[2026-03-02T13:47:21.955+0000] {processor.py:161} INFO - Started process (PID=1306) to work on /home/airflow/.local/lib/python3.12/site-packages/airflow/example_dags/example_branch_python_dop_operator_3.py
[2026-03-02T13:47:21.956+0000] {processor.py:830} INFO - Processing file /home/airflow/.local/lib/python3.12/site-packages/airflow/example_dags/example_branch_python_dop_operator_3.py for tasks to queue
[2026-03-02T13:47:21.957+0000] {logging_mixin.py:188} INFO - [2026-03-02T13:47:21.957+0000] {dagbag.py:540} INFO - Filling up the DagBag from /home/airflow/.local/lib/python3.12/site-packages/airflow/example_dags/example_branch_python_dop_operator_3.py
[2026-03-02T13:47:21.967+0000] {processor.py:840} INFO - DAG(s) 'example_branch_dop_operator_v3' retrieved from /home/airflow/.local/lib/python3.12/site-packages/airflow/example_dags/example_branch_python_dop_operator_3.py
[2026-03-02T13:47:21.985+0000] {logging_mixin.py:188} INFO - [2026-03-02T13:47:21.985+0000] {dag.py:3096} INFO - Sync 1 DAGs
[2026-03-02T13:47:21.999+0000] {logging_mixin.py:188} INFO - [2026-03-02T13:47:21.999+0000] {dag.py:3954} INFO - Setting next_dagrun for example_branch_dop_operator_v3 to 2026-03-02 13:46:00+00:00, run_after=2026-03-02 13:47:00+00:00
[2026-03-02T13:47:22.010+0000] {processor.py:183} INFO - Processing /home/airflow/.local/lib/python3.12/site-packages/airflow/example_dags/example_branch_python_dop_operator_3.py took 0.060 seconds
[2026-03-02T13:47:52.631+0000] {processor.py:161} INFO - Started process (PID=1364) to work on /home/airflow/.local/lib/python3.12/site-packages/airflow/example_dags/example_branch_python_dop_operator_3.py
[2026-03-02T13:47:52.632+0000] {processor.py:830} INFO - Processing file /home/airflow/.local/lib/python3.12/site-packages/airflow/example_dags/example_branch_python_dop_operator_3.py for tasks to queue
[2026-03-02T13:47:52.633+0000] {logging_mixin.py:188} INFO - [2026-03-02T13:47:52.633+0000] {dagbag.py:540} INFO - Filling up the DagBag from /home/airflow/.local/lib/python3.12/site-packages/airflow/example_dags/example_branch_python_dop_operator_3.py
[2026-03-02T13:47:52.638+0000] {processor.py:840} INFO - DAG(s) 'example_branch_dop_operator_v3' retrieved from /home/airflow/.local/lib/python3.12/site-packages/airflow/example_dags/example_branch_python_dop_operator_3.py
[2026-03-02T13:47:52.649+0000] {logging_mixin.py:188} INFO - [2026-03-02T13:47:52.649+0000] {dag.py:3096} INFO - Sync 1 DAGs
[2026-03-02T13:47:52.663+0000] {logging_mixin.py:188} INFO - [2026-03-02T13:47:52.662+0000] {dag.py:3954} INFO - Setting next_dagrun for example_branch_dop_operator_v3 to 2026-03-02 13:46:00+00:00, run_after=2026-03-02 13:47:00+00:00
[2026-03-02T13:47:52.672+0000] {processor.py:183} INFO - Processing /home/airflow/.local/lib/python3.12/site-packages/airflow/example_dags/example_branch_python_dop_operator_3.py took 0.046 seconds
[2026-03-02T13:48:22.710+0000] {processor.py:161} INFO - Started process (PID=1422) to work on /home/airflow/.local/lib/python3.12/site-packages/airflow/example_dags/example_branch_python_dop_operator_3.py
[2026-03-02T13:48:22.711+0000] {processor.py:830} INFO - Processing file /home/airflow/.local/lib/python3.12/site-packages/airflow/example_dags/example_branch_python_dop_operator_3.py for tasks to queue
[2026-03-02T13:48:22.712+0000] {logging_mixin.py:188} INFO - [2026-03-02T13:48:22.711+0000] {dagbag.py:540} INFO - Filling up the DagBag from /home/airflow/.local/lib/python3.12/site-packages/airflow/example_dags/example_branch_python_dop_operator_3.py
[2026-03-02T13:48:22.716+0000] {processor.py:840} INFO - DAG(s) 'example_branch_dop_operator_v3' retrieved from /home/airflow/.local/lib/python3.12/site-packages/airflow/example_dags/example_branch_python_dop_operator_3.py
[2026-03-02T13:48:22.730+0000] {logging_mixin.py:188} INFO - [2026-03-02T13:48:22.730+0000] {dag.py:3096} INFO - Sync 1 DAGs
[2026-03-02T13:48:22.744+0000] {logging_mixin.py:188} INFO - [2026-03-02T13:48:22.744+0000] {dag.py:3954} INFO - Setting next_dagrun for example_branch_dop_operator_v3 to 2026-03-02 13:47:00+00:00, run_after=2026-03-02 13:48:00+00:00
[2026-03-02T13:48:22.756+0000] {processor.py:183} INFO - Processing /home/airflow/.local/lib/python3.12/site-packages/airflow/example_dags/example_branch_python_dop_operator_3.py took 0.050 seconds
[2026-03-02T13:48:53.327+0000] {processor.py:161} INFO - Started process (PID=1480) to work on /home/airflow/.local/lib/python3.12/site-packages/airflow/example_dags/example_branch_python_dop_operator_3.py
[2026-03-02T13:48:53.328+0000] {processor.py:830} INFO - Processing file /home/airflow/.local/lib/python3.12/site-packages/airflow/example_dags/example_branch_python_dop_operator_3.py for tasks to queue
[2026-03-02T13:48:53.329+0000] {logging_mixin.py:188} INFO - [2026-03-02T13:48:53.329+0000] {dagbag.py:540} INFO - Filling up the DagBag from /home/airflow/.local/lib/python3.12/site-packages/airflow/example_dags/example_branch_python_dop_operator_3.py
[2026-03-02T13:48:53.334+0000] {processor.py:840} INFO - DAG(s) 'example_branch_dop_operator_v3' retrieved from /home/airflow/.local/lib/python3.12/site-packages/airflow/example_dags/example_branch_python_dop_operator_3.py
[2026-03-02T13:48:53.353+0000] {logging_mixin.py:188} INFO - [2026-03-02T13:48:53.353+0000] {dag.py:3096} INFO - Sync 1 DAGs
[2026-03-02T13:48:53.369+0000] {logging_mixin.py:188} INFO - [2026-03-02T13:48:53.369+0000] {dag.py:3954} INFO - Setting next_dagrun for example_branch_dop_operator_v3 to 2026-03-02 13:47:00+00:00, run_after=2026-03-02 13:48:00+00:00
[2026-03-02T13:48:53.381+0000] {processor.py:183} INFO - Processing /home/airflow/.local/lib/python3.12/site-packages/airflow/example_dags/example_branch_python_dop_operator_3.py took 0.057 seconds
[2026-03-02T13:49:23.728+0000] {processor.py:161} INFO - Started process (PID=1538) to work on /home/airflow/.local/lib/python3.12/site-packages/airflow/example_dags/example_branch_python_dop_operator_3.py
[2026-03-02T13:49:23.730+0000] {processor.py:830} INFO - Processing file /home/airflow/.local/lib/python3.12/site-packages/airflow/example_dags/example_branch_python_dop_operator_3.py for tasks to queue
[2026-03-02T13:49:23.732+0000] {logging_mixin.py:188} INFO - [2026-03-02T13:49:23.731+0000] {dagbag.py:540} INFO - Filling up the DagBag from /home/airflow/.local/lib/python3.12/site-packages/airflow/example_dags/example_branch_python_dop_operator_3.py
[2026-03-02T13:49:23.740+0000] {processor.py:840} INFO - DAG(s) 'example_branch_dop_operator_v3' retrieved from /home/airflow/.local/lib/python3.12/site-packages/airflow/example_dags/example_branch_python_dop_operator_3.py
[2026-03-02T13:49:23.767+0000] {logging_mixin.py:188} INFO - [2026-03-02T13:49:23.767+0000] {dag.py:3096} INFO - Sync 1 DAGs
[2026-03-02T13:49:23.797+0000] {logging_mixin.py:188} INFO - [2026-03-02T13:49:23.797+0000] {dag.py:3954} INFO - Setting next_dagrun for example_branch_dop_operator_v3 to 2026-03-02 13:48:00+00:00, run_after=2026-03-02 13:49:00+00:00
[2026-03-02T13:49:23.817+0000] {processor.py:183} INFO - Processing /home/airflow/.local/lib/python3.12/site-packages/airflow/example_dags/example_branch_python_dop_operator_3.py took 0.094 seconds
[2026-03-02T13:49:54.180+0000] {processor.py:161} INFO - Started process (PID=1596) to work on /home/airflow/.local/lib/python3.12/site-packages/airflow/example_dags/example_branch_python_dop_operator_3.py
[2026-03-02T13:49:54.181+0000] {processor.py:830} INFO - Processing file /home/airflow/.local/lib/python3.12/site-packages/airflow/example_dags/example_branch_python_dop_operator_3.py for tasks to queue
[2026-03-02T13:49:54.186+0000] {logging_mixin.py:188} INFO - [2026-03-02T13:49:54.186+0000] {dagbag.py:540} INFO - Filling up the DagBag from /home/airflow/.local/lib/python3.12/site-packages/airflow/example_dags/example_branch_python_dop_operator_3.py
[2026-03-02T13:49:54.196+0000] {processor.py:840} INFO - DAG(s) 'example_branch_dop_operator_v3' retrieved from /home/airflow/.local/lib/python3.12/site-packages/airflow/example_dags/example_branch_python_dop_operator_3.py
[2026-03-02T13:49:54.218+0000] {logging_mixin.py:188} INFO - [2026-03-02T13:49:54.218+0000] {dag.py:3096} INFO - Sync 1 DAGs
[2026-03-02T13:49:54.241+0000] {logging_mixin.py:188} INFO - [2026-03-02T13:49:54.241+0000] {dag.py:3954} INFO - Setting next_dagrun for example_branch_dop_operator_v3 to 2026-03-02 13:48:00+00:00, run_after=2026-03-02 13:49:00+00:00
[2026-03-02T13:49:54.256+0000] {processor.py:183} INFO - Processing /home/airflow/.local/lib/python3.12/site-packages/airflow/example_dags/example_branch_python_dop_operator_3.py took 0.082 seconds
[2026-03-02T13:50:24.472+0000] {processor.py:161} INFO - Started process (PID=1654) to work on /home/airflow/.local/lib/python3.12/site-packages/airflow/example_dags/example_branch_python_dop_operator_3.py
[2026-03-02T13:50:24.472+0000] {processor.py:830} INFO - Processing file /home/airflow/.local/lib/python3.12/site-packages/airflow/example_dags/example_branch_python_dop_operator_3.py for tasks to queue
[2026-03-02T13:50:24.473+0000] {logging_mixin.py:188} INFO - [2026-03-02T13:50:24.473+0000] {dagbag.py:540} INFO - Filling up the DagBag from /home/airflow/.local/lib/python3.12/site-packages/airflow/example_dags/example_branch_python_dop_operator_3.py
[2026-03-02T13:50:24.477+0000] {processor.py:840} INFO - DAG(s) 'example_branch_dop_operator_v3' retrieved from /home/airflow/.local/lib/python3.12/site-packages/airflow/example_dags/example_branch_python_dop_operator_3.py
[2026-03-02T13:50:24.489+0000] {logging_mixin.py:188} INFO - [2026-03-02T13:50:24.489+0000] {dag.py:3096} INFO - Sync 1 DAGs
[2026-03-02T13:50:24.500+0000] {logging_mixin.py:188} INFO - [2026-03-02T13:50:24.500+0000] {dag.py:3954} INFO - Setting next_dagrun for example_branch_dop_operator_v3 to 2026-03-02 13:49:00+00:00, run_after=2026-03-02 13:50:00+00:00
[2026-03-02T13:50:24.513+0000] {processor.py:183} INFO - Processing /home/airflow/.local/lib/python3.12/site-packages/airflow/example_dags/example_branch_python_dop_operator_3.py took 0.044 seconds
[2026-03-02T13:50:55.276+0000] {processor.py:161} INFO - Started process (PID=1712) to work on /home/airflow/.local/lib/python3.12/site-packages/airflow/example_dags/example_branch_python_dop_operator_3.py
[2026-03-02T13:50:55.276+0000] {processor.py:830} INFO - Processing file /home/airflow/.local/lib/python3.12/site-packages/airflow/example_dags/example_branch_python_dop_operator_3.py for tasks to queue
[2026-03-02T13:50:55.277+0000] {logging_mixin.py:188} INFO - [2026-03-02T13:50:55.277+0000] {dagbag.py:540} INFO - Filling up the DagBag from /home/airflow/.local/lib/python3.12/site-packages/airflow/example_dags/example_branch_python_dop_operator_3.py
[2026-03-02T13:50:55.282+0000] {processor.py:840} INFO - DAG(s) 'example_branch_dop_operator_v3' retrieved from /home/airflow/.local/lib/python3.12/site-packages/airflow/example_dags/example_branch_python_dop_operator_3.py
[2026-03-02T13:50:55.294+0000] {logging_mixin.py:188} INFO - [2026-03-02T13:50:55.294+0000] {dag.py:3096} INFO - Sync 1 DAGs
[2026-03-02T13:50:55.307+0000] {logging_mixin.py:188} INFO - [2026-03-02T13:50:55.307+0000] {dag.py:3954} INFO - Setting next_dagrun for example_branch_dop_operator_v3 to 2026-03-02 13:49:00+00:00, run_after=2026-03-02 13:50:00+00:00
[2026-03-02T13:50:55.320+0000] {processor.py:183} INFO - Processing /home/airflow/.local/lib/python3.12/site-packages/airflow/example_dags/example_branch_python_dop_operator_3.py took 0.048 seconds
[2026-03-02T13:51:26.050+0000] {processor.py:161} INFO - Started process (PID=1770) to work on /home/airflow/.local/lib/python3.12/site-packages/airflow/example_dags/example_branch_python_dop_operator_3.py
[2026-03-02T13:51:26.050+0000] {processor.py:830} INFO - Processing file /home/airflow/.local/lib/python3.12/site-packages/airflow/example_dags/example_branch_python_dop_operator_3.py for tasks to queue
[2026-03-02T13:51:26.051+0000] {logging_mixin.py:188} INFO - [2026-03-02T13:51:26.051+0000] {dagbag.py:540} INFO - Filling up the DagBag from /home/airflow/.local/lib/python3.12/site-packages/airflow/example_dags/example_branch_python_dop_operator_3.py
[2026-03-02T13:51:26.068+0000] {processor.py:840} INFO - DAG(s) 'example_branch_dop_operator_v3' retrieved from /home/airflow/.local/lib/python3.12/site-packages/airflow/example_dags/example_branch_python_dop_operator_3.py
[2026-03-02T13:51:26.099+0000] {logging_mixin.py:188} INFO - [2026-03-02T13:51:26.097+0000] {dag.py:3096} INFO - Sync 1 DAGs
[2026-03-02T13:51:26.117+0000] {logging_mixin.py:188} INFO - [2026-03-02T13:51:26.117+0000] {dag.py:3954} INFO - Setting next_dagrun for example_branch_dop_operator_v3 to 2026-03-02 13:50:00+00:00, run_after=2026-03-02 13:51:00+00:00
[2026-03-02T13:51:26.135+0000] {processor.py:183} INFO - Processing /home/airflow/.local/lib/python3.12/site-packages/airflow/example_dags/example_branch_python_dop_operator_3.py took 0.092 seconds
[2026-03-02T13:51:56.865+0000] {processor.py:161} INFO - Started process (PID=1828) to work on /home/airflow/.local/lib/python3.12/site-packages/airflow/example_dags/example_branch_python_dop_operator_3.py
[2026-03-02T13:51:56.865+0000] {processor.py:830} INFO - Processing file /home/airflow/.local/lib/python3.12/site-packages/airflow/example_dags/example_branch_python_dop_operator_3.py for tasks to queue
[2026-03-02T13:51:56.868+0000] {logging_mixin.py:188} INFO - [2026-03-02T13:51:56.868+0000] {dagbag.py:540} INFO - Filling up the DagBag from /home/airflow/.local/lib/python3.12/site-packages/airflow/example_dags/example_branch_python_dop_operator_3.py
[2026-03-02T13:51:56.879+0000] {processor.py:840} INFO - DAG(s) 'example_branch_dop_operator_v3' retrieved from /home/airflow/.local/lib/python3.12/site-packages/airflow/example_dags/example_branch_python_dop_operator_3.py
[2026-03-02T13:51:56.905+0000] {logging_mixin.py:188} INFO - [2026-03-02T13:51:56.904+0000] {dag.py:3096} INFO - Sync 1 DAGs
[2026-03-02T13:51:56.920+0000] {logging_mixin.py:188} INFO - [2026-03-02T13:51:56.920+0000] {dag.py:3954} INFO - Setting next_dagrun for example_branch_dop_operator_v3 to 2026-03-02 13:50:00+00:00, run_after=2026-03-02 13:51:00+00:00
[2026-03-02T13:51:56.937+0000] {processor.py:183} INFO - Processing /home/airflow/.local/lib/python3.12/site-packages/airflow/example_dags/example_branch_python_dop_operator_3.py took 0.086 seconds
[2026-03-02T13:52:27.549+0000] {processor.py:161} INFO - Started process (PID=1886) to work on /home/airflow/.local/lib/python3.12/site-packages/airflow/example_dags/example_branch_python_dop_operator_3.py
[2026-03-02T13:52:27.550+0000] {processor.py:830} INFO - Processing file /home/airflow/.local/lib/python3.12/site-packages/airflow/example_dags/example_branch_python_dop_operator_3.py for tasks to queue
[2026-03-02T13:52:27.552+0000] {logging_mixin.py:188} INFO - [2026-03-02T13:52:27.551+0000] {dagbag.py:540} INFO - Filling up the DagBag from /home/airflow/.local/lib/python3.12/site-packages/airflow/example_dags/example_branch_python_dop_operator_3.py
[2026-03-02T13:52:27.559+0000] {processor.py:840} INFO - DAG(s) 'example_branch_dop_operator_v3' retrieved from /home/airflow/.local/lib/python3.12/site-packages/airflow/example_dags/example_branch_python_dop_operator_3.py
[2026-03-02T13:52:27.571+0000] {logging_mixin.py:188} INFO - [2026-03-02T13:52:27.571+0000] {dag.py:3096} INFO - Sync 1 DAGs
[2026-03-02T13:52:27.583+0000] {logging_mixin.py:188} INFO - [2026-03-02T13:52:27.582+0000] {dag.py:3954} INFO - Setting next_dagrun for example_branch_dop_operator_v3 to 2026-03-02 13:51:00+00:00, run_after=2026-03-02 13:52:00+00:00
[2026-03-02T13:52:27.591+0000] {processor.py:183} INFO - Processing /home/airflow/.local/lib/python3.12/site-packages/airflow/example_dags/example_branch_python_dop_operator_3.py took 0.048 seconds
[2026-03-02T13:52:58.444+0000] {processor.py:161} INFO - Started process (PID=1944) to work on /home/airflow/.local/lib/python3.12/site-packages/airflow/example_dags/example_branch_python_dop_operator_3.py
[2026-03-02T13:52:58.445+0000] {processor.py:830} INFO - Processing file /home/airflow/.local/lib/python3.12/site-packages/airflow/example_dags/example_branch_python_dop_operator_3.py for tasks to queue
[2026-03-02T13:52:58.447+0000] {logging_mixin.py:188} INFO - [2026-03-02T13:52:58.447+0000] {dagbag.py:540} INFO - Filling up the DagBag from /home/airflow/.local/lib/python3.12/site-packages/airflow/example_dags/example_branch_python_dop_operator_3.py
[2026-03-02T13:52:58.453+0000] {processor.py:840} INFO - DAG(s) 'example_branch_dop_operator_v3' retrieved from /home/airflow/.local/lib/python3.12/site-packages/airflow/example_dags/example_branch_python_dop_operator_3.py
[2026-03-02T13:52:58.463+0000] {logging_mixin.py:188} INFO - [2026-03-02T13:52:58.463+0000] {dag.py:3096} INFO - Sync 1 DAGs
[2026-03-02T13:52:58.477+0000] {logging_mixin.py:188} INFO - [2026-03-02T13:52:58.477+0000] {dag.py:3954} INFO - Setting next_dagrun for example_branch_dop_operator_v3 to 2026-03-02 13:51:00+00:00, run_after=2026-03-02 13:52:00+00:00
[2026-03-02T13:52:58.485+0000] {processor.py:183} INFO - Processing /home/airflow/.local/lib/python3.12/site-packages/airflow/example_dags/example_branch_python_dop_operator_3.py took 0.045 seconds
[2026-03-02T13:53:29.338+0000] {processor.py:161} INFO - Started process (PID=2002) to work on /home/airflow/.local/lib/python3.12/site-packages/airflow/example_dags/example_branch_python_dop_operator_3.py
[2026-03-02T13:53:29.339+0000] {processor.py:830} INFO - Processing file /home/airflow/.local/lib/python3.12/site-packages/airflow/example_dags/example_branch_python_dop_operator_3.py for tasks to queue
[2026-03-02T13:53:29.342+0000] {logging_mixin.py:188} INFO - [2026-03-02T13:53:29.341+0000] {dagbag.py:540} INFO - Filling up the DagBag from /home/airflow/.local/lib/python3.12/site-packages/airflow/example_dags/example_branch_python_dop_operator_3.py
[2026-03-02T13:53:29.353+0000] {processor.py:840} INFO - DAG(s) 'example_branch_dop_operator_v3' retrieved from /home/airflow/.local/lib/python3.12/site-packages/airflow/example_dags/example_branch_python_dop_operator_3.py
[2026-03-02T13:53:29.380+0000] {logging_mixin.py:188} INFO - [2026-03-02T13:53:29.380+0000] {dag.py:3096} INFO - Sync 1 DAGs
[2026-03-02T13:53:29.404+0000] {logging_mixin.py:188} INFO - [2026-03-02T13:53:29.404+0000] {dag.py:3954} INFO - Setting next_dagrun for example_branch_dop_operator_v3 to 2026-03-02 13:52:00+00:00, run_after=2026-03-02 13:53:00+00:00
[2026-03-02T13:53:29.419+0000] {processor.py:183} INFO - Processing /home/airflow/.local/lib/python3.12/site-packages/airflow/example_dags/example_branch_python_dop_operator_3.py took 0.085 seconds
[2026-03-02T13:53:59.490+0000] {processor.py:161} INFO - Started process (PID=2060) to work on /home/airflow/.local/lib/python3.12/site-packages/airflow/example_dags/example_branch_python_dop_operator_3.py
[2026-03-02T13:53:59.491+0000] {processor.py:830} INFO - Processing file /home/airflow/.local/lib/python3.12/site-packages/airflow/example_dags/example_branch_python_dop_operator_3.py for tasks to queue
[2026-03-02T13:53:59.492+0000] {logging_mixin.py:188} INFO - [2026-03-02T13:53:59.492+0000] {dagbag.py:540} INFO - Filling up the DagBag from /home/airflow/.local/lib/python3.12/site-packages/airflow/example_dags/example_branch_python_dop_operator_3.py
[2026-03-02T13:53:59.498+0000] {processor.py:840} INFO - DAG(s) 'example_branch_dop_operator_v3' retrieved from /home/airflow/.local/lib/python3.12/site-packages/airflow/example_dags/example_branch_python_dop_operator_3.py
[2026-03-02T13:53:59.508+0000] {logging_mixin.py:188} INFO - [2026-03-02T13:53:59.508+0000] {dag.py:3096} INFO - Sync 1 DAGs
[2026-03-02T13:53:59.520+0000] {logging_mixin.py:188} INFO - [2026-03-02T13:53:59.520+0000] {dag.py:3954} INFO - Setting next_dagrun for example_branch_dop_operator_v3 to 2026-03-02 13:52:00+00:00, run_after=2026-03-02 13:53:00+00:00
[2026-03-02T13:53:59.528+0000] {processor.py:183} INFO - Processing /home/airflow/.local/lib/python3.12/site-packages/airflow/example_dags/example_branch_python_dop_operator_3.py took 0.041 seconds
[2026-03-02T13:54:29.995+0000] {processor.py:161} INFO - Started process (PID=2118) to work on /home/airflow/.local/lib/python3.12/site-packages/airflow/example_dags/example_branch_python_dop_operator_3.py
[2026-03-02T13:54:29.995+0000] {processor.py:830} INFO - Processing file /home/airflow/.local/lib/python3.12/site-packages/airflow/example_dags/example_branch_python_dop_operator_3.py for tasks to queue
[2026-03-02T13:54:29.997+0000] {logging_mixin.py:188} INFO - [2026-03-02T13:54:29.997+0000] {dagbag.py:540} INFO - Filling up the DagBag from /home/airflow/.local/lib/python3.12/site-packages/airflow/example_dags/example_branch_python_dop_operator_3.py
[2026-03-02T13:54:30.005+0000] {processor.py:840} INFO - DAG(s) 'example_branch_dop_operator_v3' retrieved from /home/airflow/.local/lib/python3.12/site-packages/airflow/example_dags/example_branch_python_dop_operator_3.py
[2026-03-02T13:54:30.026+0000] {logging_mixin.py:188} INFO - [2026-03-02T13:54:30.026+0000] {dag.py:3096} INFO - Sync 1 DAGs
[2026-03-02T13:54:30.083+0000] {logging_mixin.py:188} INFO - [2026-03-02T13:54:30.083+0000] {dag.py:3954} INFO - Setting next_dagrun for example_branch_dop_operator_v3 to 2026-03-02 13:53:00+00:00, run_after=2026-03-02 13:54:00+00:00
[2026-03-02T13:54:30.095+0000] {processor.py:183} INFO - Processing /home/airflow/.local/lib/python3.12/site-packages/airflow/example_dags/example_branch_python_dop_operator_3.py took 0.105 seconds
[2026-03-02T13:55:22.274+0000] {processor.py:161} INFO - Started process (PID=2183) to work on /home/airflow/.local/lib/python3.12/site-packages/airflow/example_dags/example_branch_python_dop_operator_3.py
[2026-03-02T13:55:22.276+0000] {processor.py:830} INFO - Processing file /home/airflow/.local/lib/python3.12/site-packages/airflow/example_dags/example_branch_python_dop_operator_3.py for tasks to queue
[2026-03-02T13:55:22.279+0000] {logging_mixin.py:188} INFO - [2026-03-02T13:55:22.279+0000] {dagbag.py:540} INFO - Filling up the DagBag from /home/airflow/.local/lib/python3.12/site-packages/airflow/example_dags/example_branch_python_dop_operator_3.py
[2026-03-02T13:55:22.288+0000] {processor.py:840} INFO - DAG(s) 'example_branch_dop_operator_v3' retrieved from /home/airflow/.local/lib/python3.12/site-packages/airflow/example_dags/example_branch_python_dop_operator_3.py
[2026-03-02T13:55:22.330+0000] {logging_mixin.py:188} INFO - [2026-03-02T13:55:22.329+0000] {dag.py:3096} INFO - Sync 1 DAGs
[2026-03-02T13:55:22.376+0000] {logging_mixin.py:188} INFO - [2026-03-02T13:55:22.376+0000] {dag.py:3954} INFO - Setting next_dagrun for example_branch_dop_operator_v3 to 2026-03-02 13:54:00+00:00, run_after=2026-03-02 13:55:00+00:00
[2026-03-02T13:55:22.431+0000] {processor.py:183} INFO - Processing /home/airflow/.local/lib/python3.12/site-packages/airflow/example_dags/example_branch_python_dop_operator_3.py took 0.164 seconds
[2026-03-02T13:55:52.851+0000] {processor.py:161} INFO - Started process (PID=2241) to work on /home/airflow/.local/lib/python3.12/site-packages/airflow/example_dags/example_branch_python_dop_operator_3.py
[2026-03-02T13:55:52.856+0000] {processor.py:830} INFO - Processing file /home/airflow/.local/lib/python3.12/site-packages/airflow/example_dags/example_branch_python_dop_operator_3.py for tasks to queue
[2026-03-02T13:55:52.871+0000] {logging_mixin.py:188} INFO - [2026-03-02T13:55:52.870+0000] {dagbag.py:540} INFO - Filling up the DagBag from /home/airflow/.local/lib/python3.12/site-packages/airflow/example_dags/example_branch_python_dop_operator_3.py
[2026-03-02T13:55:52.880+0000] {processor.py:840} INFO - DAG(s) 'example_branch_dop_operator_v3' retrieved from /home/airflow/.local/lib/python3.12/site-packages/airflow/example_dags/example_branch_python_dop_operator_3.py
[2026-03-02T13:55:52.891+0000] {logging_mixin.py:188} INFO - [2026-03-02T13:55:52.891+0000] {dag.py:3096} INFO - Sync 1 DAGs
[2026-03-02T13:55:52.904+0000] {logging_mixin.py:188} INFO - [2026-03-02T13:55:52.904+0000] {dag.py:3954} INFO - Setting next_dagrun for example_branch_dop_operator_v3 to 2026-03-02 13:54:00+00:00, run_after=2026-03-02 13:55:00+00:00
[2026-03-02T13:55:52.923+0000] {processor.py:183} INFO - Processing /home/airflow/.local/lib/python3.12/site-packages/airflow/example_dags/example_branch_python_dop_operator_3.py took 0.094 seconds
