[2026-03-02T13:36:30.376+0000] {processor.py:161} INFO - Started process (PID=67) to work on /home/airflow/.local/lib/python3.12/site-packages/airflow/example_dags/example_xcomargs.py
[2026-03-02T13:36:30.377+0000] {processor.py:830} INFO - Processing file /home/airflow/.local/lib/python3.12/site-packages/airflow/example_dags/example_xcomargs.py for tasks to queue
[2026-03-02T13:36:30.381+0000] {logging_mixin.py:188} INFO - [2026-03-02T13:36:30.380+0000] {dagbag.py:540} INFO - Filling up the DagBag from /home/airflow/.local/lib/python3.12/site-packages/airflow/example_dags/example_xcomargs.py
[2026-03-02T13:36:30.390+0000] {processor.py:840} INFO - DAG(s) 'example_xcom_args_with_operators', 'example_xcom_args' retrieved from /home/airflow/.local/lib/python3.12/site-packages/airflow/example_dags/example_xcomargs.py
[2026-03-02T13:36:30.532+0000] {logging_mixin.py:188} INFO - [2026-03-02T13:36:30.532+0000] {dag.py:3096} INFO - Sync 2 DAGs
[2026-03-02T13:36:30.540+0000] {logging_mixin.py:188} INFO - [2026-03-02T13:36:30.540+0000] {dag.py:3954} INFO - Setting next_dagrun for example_xcom_args to None, run_after=None
[2026-03-02T13:36:30.542+0000] {logging_mixin.py:188} INFO - [2026-03-02T13:36:30.542+0000] {dag.py:3954} INFO - Setting next_dagrun for example_xcom_args_with_operators to None, run_after=None
[2026-03-02T13:36:30.591+0000] {processor.py:183} INFO - Processing /home/airflow/.local/lib/python3.12/site-packages/airflow/example_dags/example_xcomargs.py took 0.219 seconds
[2026-03-02T13:37:01.246+0000] {processor.py:161} INFO - Started process (PID=125) to work on /home/airflow/.local/lib/python3.12/site-packages/airflow/example_dags/example_xcomargs.py
[2026-03-02T13:37:01.246+0000] {processor.py:830} INFO - Processing file /home/airflow/.local/lib/python3.12/site-packages/airflow/example_dags/example_xcomargs.py for tasks to queue
[2026-03-02T13:37:01.247+0000] {logging_mixin.py:188} INFO - [2026-03-02T13:37:01.247+0000] {dagbag.py:540} INFO - Filling up the DagBag from /home/airflow/.local/lib/python3.12/site-packages/airflow/example_dags/example_xcomargs.py
[2026-03-02T13:37:01.250+0000] {processor.py:840} INFO - DAG(s) 'example_xcom_args', 'example_xcom_args_with_operators' retrieved from /home/airflow/.local/lib/python3.12/site-packages/airflow/example_dags/example_xcomargs.py
[2026-03-02T13:37:01.259+0000] {logging_mixin.py:188} INFO - [2026-03-02T13:37:01.259+0000] {dag.py:3096} INFO - Sync 2 DAGs
[2026-03-02T13:37:01.264+0000] {logging_mixin.py:188} INFO - [2026-03-02T13:37:01.264+0000] {dag.py:3954} INFO - Setting next_dagrun for example_xcom_args to None, run_after=None
[2026-03-02T13:37:01.265+0000] {logging_mixin.py:188} INFO - [2026-03-02T13:37:01.265+0000] {dag.py:3954} INFO - Setting next_dagrun for example_xcom_args_with_operators to None, run_after=None
[2026-03-02T13:37:01.272+0000] {processor.py:183} INFO - Processing /home/airflow/.local/lib/python3.12/site-packages/airflow/example_dags/example_xcomargs.py took 0.028 seconds
[2026-03-02T13:37:31.703+0000] {processor.py:161} INFO - Started process (PID=183) to work on /home/airflow/.local/lib/python3.12/site-packages/airflow/example_dags/example_xcomargs.py
[2026-03-02T13:37:31.706+0000] {processor.py:830} INFO - Processing file /home/airflow/.local/lib/python3.12/site-packages/airflow/example_dags/example_xcomargs.py for tasks to queue
[2026-03-02T13:37:31.708+0000] {logging_mixin.py:188} INFO - [2026-03-02T13:37:31.708+0000] {dagbag.py:540} INFO - Filling up the DagBag from /home/airflow/.local/lib/python3.12/site-packages/airflow/example_dags/example_xcomargs.py
[2026-03-02T13:37:31.713+0000] {processor.py:840} INFO - DAG(s) 'example_xcom_args_with_operators', 'example_xcom_args' retrieved from /home/airflow/.local/lib/python3.12/site-packages/airflow/example_dags/example_xcomargs.py
[2026-03-02T13:37:31.735+0000] {logging_mixin.py:188} INFO - [2026-03-02T13:37:31.735+0000] {dag.py:3096} INFO - Sync 2 DAGs
[2026-03-02T13:37:31.743+0000] {logging_mixin.py:188} INFO - [2026-03-02T13:37:31.743+0000] {dag.py:3954} INFO - Setting next_dagrun for example_xcom_args to None, run_after=None
[2026-03-02T13:37:31.747+0000] {logging_mixin.py:188} INFO - [2026-03-02T13:37:31.747+0000] {dag.py:3954} INFO - Setting next_dagrun for example_xcom_args_with_operators to None, run_after=None
[2026-03-02T13:37:31.755+0000] {processor.py:183} INFO - Processing /home/airflow/.local/lib/python3.12/site-packages/airflow/example_dags/example_xcomargs.py took 0.060 seconds
[2026-03-02T13:38:01.850+0000] {processor.py:161} INFO - Started process (PID=241) to work on /home/airflow/.local/lib/python3.12/site-packages/airflow/example_dags/example_xcomargs.py
[2026-03-02T13:38:01.851+0000] {processor.py:830} INFO - Processing file /home/airflow/.local/lib/python3.12/site-packages/airflow/example_dags/example_xcomargs.py for tasks to queue
[2026-03-02T13:38:01.852+0000] {logging_mixin.py:188} INFO - [2026-03-02T13:38:01.852+0000] {dagbag.py:540} INFO - Filling up the DagBag from /home/airflow/.local/lib/python3.12/site-packages/airflow/example_dags/example_xcomargs.py
[2026-03-02T13:38:01.856+0000] {processor.py:840} INFO - DAG(s) 'example_xcom_args_with_operators', 'example_xcom_args' retrieved from /home/airflow/.local/lib/python3.12/site-packages/airflow/example_dags/example_xcomargs.py
[2026-03-02T13:38:01.869+0000] {logging_mixin.py:188} INFO - [2026-03-02T13:38:01.869+0000] {dag.py:3096} INFO - Sync 2 DAGs
[2026-03-02T13:38:01.876+0000] {logging_mixin.py:188} INFO - [2026-03-02T13:38:01.876+0000] {dag.py:3954} INFO - Setting next_dagrun for example_xcom_args to None, run_after=None
[2026-03-02T13:38:01.878+0000] {logging_mixin.py:188} INFO - [2026-03-02T13:38:01.878+0000] {dag.py:3954} INFO - Setting next_dagrun for example_xcom_args_with_operators to None, run_after=None
[2026-03-02T13:38:01.886+0000] {processor.py:183} INFO - Processing /home/airflow/.local/lib/python3.12/site-packages/airflow/example_dags/example_xcomargs.py took 0.040 seconds
[2026-03-02T13:38:32.263+0000] {processor.py:161} INFO - Started process (PID=299) to work on /home/airflow/.local/lib/python3.12/site-packages/airflow/example_dags/example_xcomargs.py
[2026-03-02T13:38:32.264+0000] {processor.py:830} INFO - Processing file /home/airflow/.local/lib/python3.12/site-packages/airflow/example_dags/example_xcomargs.py for tasks to queue
[2026-03-02T13:38:32.266+0000] {logging_mixin.py:188} INFO - [2026-03-02T13:38:32.265+0000] {dagbag.py:540} INFO - Filling up the DagBag from /home/airflow/.local/lib/python3.12/site-packages/airflow/example_dags/example_xcomargs.py
[2026-03-02T13:38:32.270+0000] {processor.py:840} INFO - DAG(s) 'example_xcom_args_with_operators', 'example_xcom_args' retrieved from /home/airflow/.local/lib/python3.12/site-packages/airflow/example_dags/example_xcomargs.py
[2026-03-02T13:38:32.284+0000] {logging_mixin.py:188} INFO - [2026-03-02T13:38:32.284+0000] {dag.py:3096} INFO - Sync 2 DAGs
[2026-03-02T13:38:32.292+0000] {logging_mixin.py:188} INFO - [2026-03-02T13:38:32.291+0000] {dag.py:3954} INFO - Setting next_dagrun for example_xcom_args to None, run_after=None
[2026-03-02T13:38:32.294+0000] {logging_mixin.py:188} INFO - [2026-03-02T13:38:32.294+0000] {dag.py:3954} INFO - Setting next_dagrun for example_xcom_args_with_operators to None, run_after=None
[2026-03-02T13:38:32.302+0000] {processor.py:183} INFO - Processing /home/airflow/.local/lib/python3.12/site-packages/airflow/example_dags/example_xcomargs.py took 0.043 seconds
[2026-03-02T13:39:02.704+0000] {processor.py:161} INFO - Started process (PID=357) to work on /home/airflow/.local/lib/python3.12/site-packages/airflow/example_dags/example_xcomargs.py
[2026-03-02T13:39:02.704+0000] {processor.py:830} INFO - Processing file /home/airflow/.local/lib/python3.12/site-packages/airflow/example_dags/example_xcomargs.py for tasks to queue
[2026-03-02T13:39:02.705+0000] {logging_mixin.py:188} INFO - [2026-03-02T13:39:02.705+0000] {dagbag.py:540} INFO - Filling up the DagBag from /home/airflow/.local/lib/python3.12/site-packages/airflow/example_dags/example_xcomargs.py
[2026-03-02T13:39:02.708+0000] {processor.py:840} INFO - DAG(s) 'example_xcom_args_with_operators', 'example_xcom_args' retrieved from /home/airflow/.local/lib/python3.12/site-packages/airflow/example_dags/example_xcomargs.py
[2026-03-02T13:39:02.719+0000] {logging_mixin.py:188} INFO - [2026-03-02T13:39:02.719+0000] {dag.py:3096} INFO - Sync 2 DAGs
[2026-03-02T13:39:02.724+0000] {logging_mixin.py:188} INFO - [2026-03-02T13:39:02.724+0000] {dag.py:3954} INFO - Setting next_dagrun for example_xcom_args to None, run_after=None
[2026-03-02T13:39:02.726+0000] {logging_mixin.py:188} INFO - [2026-03-02T13:39:02.726+0000] {dag.py:3954} INFO - Setting next_dagrun for example_xcom_args_with_operators to None, run_after=None
[2026-03-02T13:39:02.732+0000] {processor.py:183} INFO - Processing /home/airflow/.local/lib/python3.12/site-packages/airflow/example_dags/example_xcomargs.py took 0.030 seconds
[2026-03-02T13:39:33.174+0000] {processor.py:161} INFO - Started process (PID=415) to work on /home/airflow/.local/lib/python3.12/site-packages/airflow/example_dags/example_xcomargs.py
[2026-03-02T13:39:33.174+0000] {processor.py:830} INFO - Processing file /home/airflow/.local/lib/python3.12/site-packages/airflow/example_dags/example_xcomargs.py for tasks to queue
[2026-03-02T13:39:33.175+0000] {logging_mixin.py:188} INFO - [2026-03-02T13:39:33.175+0000] {dagbag.py:540} INFO - Filling up the DagBag from /home/airflow/.local/lib/python3.12/site-packages/airflow/example_dags/example_xcomargs.py
[2026-03-02T13:39:33.178+0000] {processor.py:840} INFO - DAG(s) 'example_xcom_args', 'example_xcom_args_with_operators' retrieved from /home/airflow/.local/lib/python3.12/site-packages/airflow/example_dags/example_xcomargs.py
[2026-03-02T13:39:33.188+0000] {logging_mixin.py:188} INFO - [2026-03-02T13:39:33.188+0000] {dag.py:3096} INFO - Sync 2 DAGs
[2026-03-02T13:39:33.193+0000] {logging_mixin.py:188} INFO - [2026-03-02T13:39:33.193+0000] {dag.py:3954} INFO - Setting next_dagrun for example_xcom_args to None, run_after=None
[2026-03-02T13:39:33.195+0000] {logging_mixin.py:188} INFO - [2026-03-02T13:39:33.195+0000] {dag.py:3954} INFO - Setting next_dagrun for example_xcom_args_with_operators to None, run_after=None
[2026-03-02T13:39:33.200+0000] {processor.py:183} INFO - Processing /home/airflow/.local/lib/python3.12/site-packages/airflow/example_dags/example_xcomargs.py took 0.028 seconds
[2026-03-02T13:40:03.636+0000] {processor.py:161} INFO - Started process (PID=473) to work on /home/airflow/.local/lib/python3.12/site-packages/airflow/example_dags/example_xcomargs.py
[2026-03-02T13:40:03.636+0000] {processor.py:830} INFO - Processing file /home/airflow/.local/lib/python3.12/site-packages/airflow/example_dags/example_xcomargs.py for tasks to queue
[2026-03-02T13:40:03.637+0000] {logging_mixin.py:188} INFO - [2026-03-02T13:40:03.637+0000] {dagbag.py:540} INFO - Filling up the DagBag from /home/airflow/.local/lib/python3.12/site-packages/airflow/example_dags/example_xcomargs.py
[2026-03-02T13:40:03.641+0000] {processor.py:840} INFO - DAG(s) 'example_xcom_args', 'example_xcom_args_with_operators' retrieved from /home/airflow/.local/lib/python3.12/site-packages/airflow/example_dags/example_xcomargs.py
[2026-03-02T13:40:03.652+0000] {logging_mixin.py:188} INFO - [2026-03-02T13:40:03.652+0000] {dag.py:3096} INFO - Sync 2 DAGs
[2026-03-02T13:40:03.657+0000] {logging_mixin.py:188} INFO - [2026-03-02T13:40:03.657+0000] {dag.py:3954} INFO - Setting next_dagrun for example_xcom_args to None, run_after=None
[2026-03-02T13:40:03.658+0000] {logging_mixin.py:188} INFO - [2026-03-02T13:40:03.658+0000] {dag.py:3954} INFO - Setting next_dagrun for example_xcom_args_with_operators to None, run_after=None
[2026-03-02T13:40:03.665+0000] {processor.py:183} INFO - Processing /home/airflow/.local/lib/python3.12/site-packages/airflow/example_dags/example_xcomargs.py took 0.032 seconds
[2026-03-02T13:40:33.936+0000] {processor.py:161} INFO - Started process (PID=531) to work on /home/airflow/.local/lib/python3.12/site-packages/airflow/example_dags/example_xcomargs.py
[2026-03-02T13:40:33.937+0000] {processor.py:830} INFO - Processing file /home/airflow/.local/lib/python3.12/site-packages/airflow/example_dags/example_xcomargs.py for tasks to queue
[2026-03-02T13:40:33.938+0000] {logging_mixin.py:188} INFO - [2026-03-02T13:40:33.938+0000] {dagbag.py:540} INFO - Filling up the DagBag from /home/airflow/.local/lib/python3.12/site-packages/airflow/example_dags/example_xcomargs.py
[2026-03-02T13:40:33.943+0000] {processor.py:840} INFO - DAG(s) 'example_xcom_args', 'example_xcom_args_with_operators' retrieved from /home/airflow/.local/lib/python3.12/site-packages/airflow/example_dags/example_xcomargs.py
[2026-03-02T13:40:33.954+0000] {logging_mixin.py:188} INFO - [2026-03-02T13:40:33.954+0000] {dag.py:3096} INFO - Sync 2 DAGs
[2026-03-02T13:40:33.960+0000] {logging_mixin.py:188} INFO - [2026-03-02T13:40:33.960+0000] {dag.py:3954} INFO - Setting next_dagrun for example_xcom_args to None, run_after=None
[2026-03-02T13:40:33.961+0000] {logging_mixin.py:188} INFO - [2026-03-02T13:40:33.961+0000] {dag.py:3954} INFO - Setting next_dagrun for example_xcom_args_with_operators to None, run_after=None
[2026-03-02T13:40:33.967+0000] {processor.py:183} INFO - Processing /home/airflow/.local/lib/python3.12/site-packages/airflow/example_dags/example_xcomargs.py took 0.033 seconds
[2026-03-02T13:41:04.323+0000] {processor.py:161} INFO - Started process (PID=589) to work on /home/airflow/.local/lib/python3.12/site-packages/airflow/example_dags/example_xcomargs.py
[2026-03-02T13:41:04.323+0000] {processor.py:830} INFO - Processing file /home/airflow/.local/lib/python3.12/site-packages/airflow/example_dags/example_xcomargs.py for tasks to queue
[2026-03-02T13:41:04.324+0000] {logging_mixin.py:188} INFO - [2026-03-02T13:41:04.324+0000] {dagbag.py:540} INFO - Filling up the DagBag from /home/airflow/.local/lib/python3.12/site-packages/airflow/example_dags/example_xcomargs.py
[2026-03-02T13:41:04.328+0000] {processor.py:840} INFO - DAG(s) 'example_xcom_args', 'example_xcom_args_with_operators' retrieved from /home/airflow/.local/lib/python3.12/site-packages/airflow/example_dags/example_xcomargs.py
[2026-03-02T13:41:04.338+0000] {logging_mixin.py:188} INFO - [2026-03-02T13:41:04.337+0000] {dag.py:3096} INFO - Sync 2 DAGs
[2026-03-02T13:41:04.342+0000] {logging_mixin.py:188} INFO - [2026-03-02T13:41:04.342+0000] {dag.py:3954} INFO - Setting next_dagrun for example_xcom_args to None, run_after=None
[2026-03-02T13:41:04.344+0000] {logging_mixin.py:188} INFO - [2026-03-02T13:41:04.344+0000] {dag.py:3954} INFO - Setting next_dagrun for example_xcom_args_with_operators to None, run_after=None
[2026-03-02T13:41:04.349+0000] {processor.py:183} INFO - Processing /home/airflow/.local/lib/python3.12/site-packages/airflow/example_dags/example_xcomargs.py took 0.029 seconds
[2026-03-02T13:41:34.991+0000] {processor.py:161} INFO - Started process (PID=647) to work on /home/airflow/.local/lib/python3.12/site-packages/airflow/example_dags/example_xcomargs.py
[2026-03-02T13:41:34.993+0000] {processor.py:830} INFO - Processing file /home/airflow/.local/lib/python3.12/site-packages/airflow/example_dags/example_xcomargs.py for tasks to queue
[2026-03-02T13:41:34.995+0000] {logging_mixin.py:188} INFO - [2026-03-02T13:41:34.994+0000] {dagbag.py:540} INFO - Filling up the DagBag from /home/airflow/.local/lib/python3.12/site-packages/airflow/example_dags/example_xcomargs.py
[2026-03-02T13:41:35.005+0000] {processor.py:840} INFO - DAG(s) 'example_xcom_args_with_operators', 'example_xcom_args' retrieved from /home/airflow/.local/lib/python3.12/site-packages/airflow/example_dags/example_xcomargs.py
[2026-03-02T13:41:35.037+0000] {logging_mixin.py:188} INFO - [2026-03-02T13:41:35.036+0000] {dag.py:3096} INFO - Sync 2 DAGs
[2026-03-02T13:41:35.046+0000] {logging_mixin.py:188} INFO - [2026-03-02T13:41:35.046+0000] {dag.py:3954} INFO - Setting next_dagrun for example_xcom_args to None, run_after=None
[2026-03-02T13:41:35.049+0000] {logging_mixin.py:188} INFO - [2026-03-02T13:41:35.049+0000] {dag.py:3954} INFO - Setting next_dagrun for example_xcom_args_with_operators to None, run_after=None
[2026-03-02T13:41:35.063+0000] {processor.py:183} INFO - Processing /home/airflow/.local/lib/python3.12/site-packages/airflow/example_dags/example_xcomargs.py took 0.084 seconds
[2026-03-02T13:42:05.346+0000] {processor.py:161} INFO - Started process (PID=705) to work on /home/airflow/.local/lib/python3.12/site-packages/airflow/example_dags/example_xcomargs.py
[2026-03-02T13:42:05.349+0000] {processor.py:830} INFO - Processing file /home/airflow/.local/lib/python3.12/site-packages/airflow/example_dags/example_xcomargs.py for tasks to queue
[2026-03-02T13:42:05.350+0000] {logging_mixin.py:188} INFO - [2026-03-02T13:42:05.349+0000] {dagbag.py:540} INFO - Filling up the DagBag from /home/airflow/.local/lib/python3.12/site-packages/airflow/example_dags/example_xcomargs.py
[2026-03-02T13:42:05.354+0000] {processor.py:840} INFO - DAG(s) 'example_xcom_args_with_operators', 'example_xcom_args' retrieved from /home/airflow/.local/lib/python3.12/site-packages/airflow/example_dags/example_xcomargs.py
[2026-03-02T13:42:05.364+0000] {logging_mixin.py:188} INFO - [2026-03-02T13:42:05.364+0000] {dag.py:3096} INFO - Sync 2 DAGs
[2026-03-02T13:42:05.369+0000] {logging_mixin.py:188} INFO - [2026-03-02T13:42:05.369+0000] {dag.py:3954} INFO - Setting next_dagrun for example_xcom_args to None, run_after=None
[2026-03-02T13:42:05.371+0000] {logging_mixin.py:188} INFO - [2026-03-02T13:42:05.371+0000] {dag.py:3954} INFO - Setting next_dagrun for example_xcom_args_with_operators to None, run_after=None
[2026-03-02T13:42:05.377+0000] {processor.py:183} INFO - Processing /home/airflow/.local/lib/python3.12/site-packages/airflow/example_dags/example_xcomargs.py took 0.033 seconds
[2026-03-02T13:42:35.539+0000] {processor.py:161} INFO - Started process (PID=763) to work on /home/airflow/.local/lib/python3.12/site-packages/airflow/example_dags/example_xcomargs.py
[2026-03-02T13:42:35.541+0000] {processor.py:830} INFO - Processing file /home/airflow/.local/lib/python3.12/site-packages/airflow/example_dags/example_xcomargs.py for tasks to queue
[2026-03-02T13:42:35.542+0000] {logging_mixin.py:188} INFO - [2026-03-02T13:42:35.542+0000] {dagbag.py:540} INFO - Filling up the DagBag from /home/airflow/.local/lib/python3.12/site-packages/airflow/example_dags/example_xcomargs.py
[2026-03-02T13:42:35.547+0000] {processor.py:840} INFO - DAG(s) 'example_xcom_args_with_operators', 'example_xcom_args' retrieved from /home/airflow/.local/lib/python3.12/site-packages/airflow/example_dags/example_xcomargs.py
[2026-03-02T13:42:35.557+0000] {logging_mixin.py:188} INFO - [2026-03-02T13:42:35.557+0000] {dag.py:3096} INFO - Sync 2 DAGs
[2026-03-02T13:42:35.563+0000] {logging_mixin.py:188} INFO - [2026-03-02T13:42:35.563+0000] {dag.py:3954} INFO - Setting next_dagrun for example_xcom_args to None, run_after=None
[2026-03-02T13:42:35.565+0000] {logging_mixin.py:188} INFO - [2026-03-02T13:42:35.565+0000] {dag.py:3954} INFO - Setting next_dagrun for example_xcom_args_with_operators to None, run_after=None
[2026-03-02T13:42:35.571+0000] {processor.py:183} INFO - Processing /home/airflow/.local/lib/python3.12/site-packages/airflow/example_dags/example_xcomargs.py took 0.034 seconds
[2026-03-02T13:43:06.022+0000] {processor.py:161} INFO - Started process (PID=821) to work on /home/airflow/.local/lib/python3.12/site-packages/airflow/example_dags/example_xcomargs.py
[2026-03-02T13:43:06.022+0000] {processor.py:830} INFO - Processing file /home/airflow/.local/lib/python3.12/site-packages/airflow/example_dags/example_xcomargs.py for tasks to queue
[2026-03-02T13:43:06.022+0000] {logging_mixin.py:188} INFO - [2026-03-02T13:43:06.022+0000] {dagbag.py:540} INFO - Filling up the DagBag from /home/airflow/.local/lib/python3.12/site-packages/airflow/example_dags/example_xcomargs.py
[2026-03-02T13:43:06.026+0000] {processor.py:840} INFO - DAG(s) 'example_xcom_args_with_operators', 'example_xcom_args' retrieved from /home/airflow/.local/lib/python3.12/site-packages/airflow/example_dags/example_xcomargs.py
[2026-03-02T13:43:06.035+0000] {logging_mixin.py:188} INFO - [2026-03-02T13:43:06.035+0000] {dag.py:3096} INFO - Sync 2 DAGs
[2026-03-02T13:43:06.040+0000] {logging_mixin.py:188} INFO - [2026-03-02T13:43:06.040+0000] {dag.py:3954} INFO - Setting next_dagrun for example_xcom_args to None, run_after=None
[2026-03-02T13:43:06.041+0000] {logging_mixin.py:188} INFO - [2026-03-02T13:43:06.041+0000] {dag.py:3954} INFO - Setting next_dagrun for example_xcom_args_with_operators to None, run_after=None
[2026-03-02T13:43:06.047+0000] {processor.py:183} INFO - Processing /home/airflow/.local/lib/python3.12/site-packages/airflow/example_dags/example_xcomargs.py took 0.027 seconds
[2026-03-02T13:43:36.278+0000] {processor.py:161} INFO - Started process (PID=879) to work on /home/airflow/.local/lib/python3.12/site-packages/airflow/example_dags/example_xcomargs.py
[2026-03-02T13:43:36.278+0000] {processor.py:830} INFO - Processing file /home/airflow/.local/lib/python3.12/site-packages/airflow/example_dags/example_xcomargs.py for tasks to queue
[2026-03-02T13:43:36.279+0000] {logging_mixin.py:188} INFO - [2026-03-02T13:43:36.279+0000] {dagbag.py:540} INFO - Filling up the DagBag from /home/airflow/.local/lib/python3.12/site-packages/airflow/example_dags/example_xcomargs.py
[2026-03-02T13:43:36.283+0000] {processor.py:840} INFO - DAG(s) 'example_xcom_args', 'example_xcom_args_with_operators' retrieved from /home/airflow/.local/lib/python3.12/site-packages/airflow/example_dags/example_xcomargs.py
[2026-03-02T13:43:36.293+0000] {logging_mixin.py:188} INFO - [2026-03-02T13:43:36.293+0000] {dag.py:3096} INFO - Sync 2 DAGs
[2026-03-02T13:43:36.299+0000] {logging_mixin.py:188} INFO - [2026-03-02T13:43:36.298+0000] {dag.py:3954} INFO - Setting next_dagrun for example_xcom_args to None, run_after=None
[2026-03-02T13:43:36.300+0000] {logging_mixin.py:188} INFO - [2026-03-02T13:43:36.300+0000] {dag.py:3954} INFO - Setting next_dagrun for example_xcom_args_with_operators to None, run_after=None
[2026-03-02T13:43:36.306+0000] {processor.py:183} INFO - Processing /home/airflow/.local/lib/python3.12/site-packages/airflow/example_dags/example_xcomargs.py took 0.031 seconds
[2026-03-02T13:44:06.875+0000] {processor.py:161} INFO - Started process (PID=937) to work on /home/airflow/.local/lib/python3.12/site-packages/airflow/example_dags/example_xcomargs.py
[2026-03-02T13:44:06.880+0000] {processor.py:830} INFO - Processing file /home/airflow/.local/lib/python3.12/site-packages/airflow/example_dags/example_xcomargs.py for tasks to queue
[2026-03-02T13:44:06.882+0000] {logging_mixin.py:188} INFO - [2026-03-02T13:44:06.882+0000] {dagbag.py:540} INFO - Filling up the DagBag from /home/airflow/.local/lib/python3.12/site-packages/airflow/example_dags/example_xcomargs.py
[2026-03-02T13:44:06.911+0000] {processor.py:840} INFO - DAG(s) 'example_xcom_args', 'example_xcom_args_with_operators' retrieved from /home/airflow/.local/lib/python3.12/site-packages/airflow/example_dags/example_xcomargs.py
[2026-03-02T13:44:06.938+0000] {logging_mixin.py:188} INFO - [2026-03-02T13:44:06.938+0000] {dag.py:3096} INFO - Sync 2 DAGs
[2026-03-02T13:44:06.950+0000] {logging_mixin.py:188} INFO - [2026-03-02T13:44:06.950+0000] {dag.py:3954} INFO - Setting next_dagrun for example_xcom_args to None, run_after=None
[2026-03-02T13:44:06.952+0000] {logging_mixin.py:188} INFO - [2026-03-02T13:44:06.952+0000] {dag.py:3954} INFO - Setting next_dagrun for example_xcom_args_with_operators to None, run_after=None
[2026-03-02T13:44:06.961+0000] {processor.py:183} INFO - Processing /home/airflow/.local/lib/python3.12/site-packages/airflow/example_dags/example_xcomargs.py took 0.092 seconds
[2026-03-02T13:44:37.252+0000] {processor.py:161} INFO - Started process (PID=994) to work on /home/airflow/.local/lib/python3.12/site-packages/airflow/example_dags/example_xcomargs.py
[2026-03-02T13:44:37.252+0000] {processor.py:830} INFO - Processing file /home/airflow/.local/lib/python3.12/site-packages/airflow/example_dags/example_xcomargs.py for tasks to queue
[2026-03-02T13:44:37.253+0000] {logging_mixin.py:188} INFO - [2026-03-02T13:44:37.253+0000] {dagbag.py:540} INFO - Filling up the DagBag from /home/airflow/.local/lib/python3.12/site-packages/airflow/example_dags/example_xcomargs.py
[2026-03-02T13:44:37.257+0000] {processor.py:840} INFO - DAG(s) 'example_xcom_args_with_operators', 'example_xcom_args' retrieved from /home/airflow/.local/lib/python3.12/site-packages/airflow/example_dags/example_xcomargs.py
[2026-03-02T13:44:37.266+0000] {logging_mixin.py:188} INFO - [2026-03-02T13:44:37.265+0000] {dag.py:3096} INFO - Sync 2 DAGs
[2026-03-02T13:44:37.271+0000] {logging_mixin.py:188} INFO - [2026-03-02T13:44:37.270+0000] {dag.py:3954} INFO - Setting next_dagrun for example_xcom_args to None, run_after=None
[2026-03-02T13:44:37.272+0000] {logging_mixin.py:188} INFO - [2026-03-02T13:44:37.272+0000] {dag.py:3954} INFO - Setting next_dagrun for example_xcom_args_with_operators to None, run_after=None
[2026-03-02T13:44:37.278+0000] {processor.py:183} INFO - Processing /home/airflow/.local/lib/python3.12/site-packages/airflow/example_dags/example_xcomargs.py took 0.028 seconds
[2026-03-02T13:45:07.333+0000] {processor.py:161} INFO - Started process (PID=1052) to work on /home/airflow/.local/lib/python3.12/site-packages/airflow/example_dags/example_xcomargs.py
[2026-03-02T13:45:07.333+0000] {processor.py:830} INFO - Processing file /home/airflow/.local/lib/python3.12/site-packages/airflow/example_dags/example_xcomargs.py for tasks to queue
[2026-03-02T13:45:07.334+0000] {logging_mixin.py:188} INFO - [2026-03-02T13:45:07.334+0000] {dagbag.py:540} INFO - Filling up the DagBag from /home/airflow/.local/lib/python3.12/site-packages/airflow/example_dags/example_xcomargs.py
[2026-03-02T13:45:07.338+0000] {processor.py:840} INFO - DAG(s) 'example_xcom_args', 'example_xcom_args_with_operators' retrieved from /home/airflow/.local/lib/python3.12/site-packages/airflow/example_dags/example_xcomargs.py
[2026-03-02T13:45:07.349+0000] {logging_mixin.py:188} INFO - [2026-03-02T13:45:07.349+0000] {dag.py:3096} INFO - Sync 2 DAGs
[2026-03-02T13:45:07.356+0000] {logging_mixin.py:188} INFO - [2026-03-02T13:45:07.356+0000] {dag.py:3954} INFO - Setting next_dagrun for example_xcom_args to None, run_after=None
[2026-03-02T13:45:07.358+0000] {logging_mixin.py:188} INFO - [2026-03-02T13:45:07.358+0000] {dag.py:3954} INFO - Setting next_dagrun for example_xcom_args_with_operators to None, run_after=None
[2026-03-02T13:45:07.364+0000] {processor.py:183} INFO - Processing /home/airflow/.local/lib/python3.12/site-packages/airflow/example_dags/example_xcomargs.py took 0.034 seconds
[2026-03-02T13:45:37.988+0000] {processor.py:161} INFO - Started process (PID=1110) to work on /home/airflow/.local/lib/python3.12/site-packages/airflow/example_dags/example_xcomargs.py
[2026-03-02T13:45:37.989+0000] {processor.py:830} INFO - Processing file /home/airflow/.local/lib/python3.12/site-packages/airflow/example_dags/example_xcomargs.py for tasks to queue
[2026-03-02T13:45:37.990+0000] {logging_mixin.py:188} INFO - [2026-03-02T13:45:37.990+0000] {dagbag.py:540} INFO - Filling up the DagBag from /home/airflow/.local/lib/python3.12/site-packages/airflow/example_dags/example_xcomargs.py
[2026-03-02T13:45:37.997+0000] {processor.py:840} INFO - DAG(s) 'example_xcom_args', 'example_xcom_args_with_operators' retrieved from /home/airflow/.local/lib/python3.12/site-packages/airflow/example_dags/example_xcomargs.py
[2026-03-02T13:45:38.015+0000] {logging_mixin.py:188} INFO - [2026-03-02T13:45:38.015+0000] {dag.py:3096} INFO - Sync 2 DAGs
[2026-03-02T13:45:38.132+0000] {logging_mixin.py:188} INFO - [2026-03-02T13:45:38.131+0000] {dag.py:3954} INFO - Setting next_dagrun for example_xcom_args to None, run_after=None
[2026-03-02T13:45:38.133+0000] {logging_mixin.py:188} INFO - [2026-03-02T13:45:38.133+0000] {dag.py:3954} INFO - Setting next_dagrun for example_xcom_args_with_operators to None, run_after=None
[2026-03-02T13:45:38.139+0000] {processor.py:183} INFO - Processing /home/airflow/.local/lib/python3.12/site-packages/airflow/example_dags/example_xcomargs.py took 0.156 seconds
[2026-03-02T13:46:08.397+0000] {processor.py:161} INFO - Started process (PID=1168) to work on /home/airflow/.local/lib/python3.12/site-packages/airflow/example_dags/example_xcomargs.py
[2026-03-02T13:46:08.397+0000] {processor.py:830} INFO - Processing file /home/airflow/.local/lib/python3.12/site-packages/airflow/example_dags/example_xcomargs.py for tasks to queue
[2026-03-02T13:46:08.398+0000] {logging_mixin.py:188} INFO - [2026-03-02T13:46:08.398+0000] {dagbag.py:540} INFO - Filling up the DagBag from /home/airflow/.local/lib/python3.12/site-packages/airflow/example_dags/example_xcomargs.py
[2026-03-02T13:46:08.401+0000] {processor.py:840} INFO - DAG(s) 'example_xcom_args_with_operators', 'example_xcom_args' retrieved from /home/airflow/.local/lib/python3.12/site-packages/airflow/example_dags/example_xcomargs.py
[2026-03-02T13:46:08.414+0000] {logging_mixin.py:188} INFO - [2026-03-02T13:46:08.414+0000] {dag.py:3096} INFO - Sync 2 DAGs
[2026-03-02T13:46:08.501+0000] {logging_mixin.py:188} INFO - [2026-03-02T13:46:08.501+0000] {dag.py:3954} INFO - Setting next_dagrun for example_xcom_args to None, run_after=None
[2026-03-02T13:46:08.503+0000] {logging_mixin.py:188} INFO - [2026-03-02T13:46:08.503+0000] {dag.py:3954} INFO - Setting next_dagrun for example_xcom_args_with_operators to None, run_after=None
[2026-03-02T13:46:08.509+0000] {processor.py:183} INFO - Processing /home/airflow/.local/lib/python3.12/site-packages/airflow/example_dags/example_xcomargs.py took 0.116 seconds
[2026-03-02T13:46:39.372+0000] {processor.py:161} INFO - Started process (PID=1226) to work on /home/airflow/.local/lib/python3.12/site-packages/airflow/example_dags/example_xcomargs.py
[2026-03-02T13:46:39.373+0000] {processor.py:830} INFO - Processing file /home/airflow/.local/lib/python3.12/site-packages/airflow/example_dags/example_xcomargs.py for tasks to queue
[2026-03-02T13:46:39.374+0000] {logging_mixin.py:188} INFO - [2026-03-02T13:46:39.374+0000] {dagbag.py:540} INFO - Filling up the DagBag from /home/airflow/.local/lib/python3.12/site-packages/airflow/example_dags/example_xcomargs.py
[2026-03-02T13:46:39.377+0000] {processor.py:840} INFO - DAG(s) 'example_xcom_args', 'example_xcom_args_with_operators' retrieved from /home/airflow/.local/lib/python3.12/site-packages/airflow/example_dags/example_xcomargs.py
[2026-03-02T13:46:39.391+0000] {logging_mixin.py:188} INFO - [2026-03-02T13:46:39.390+0000] {dag.py:3096} INFO - Sync 2 DAGs
[2026-03-02T13:46:39.400+0000] {logging_mixin.py:188} INFO - [2026-03-02T13:46:39.400+0000] {dag.py:3954} INFO - Setting next_dagrun for example_xcom_args to None, run_after=None
[2026-03-02T13:46:39.402+0000] {logging_mixin.py:188} INFO - [2026-03-02T13:46:39.402+0000] {dag.py:3954} INFO - Setting next_dagrun for example_xcom_args_with_operators to None, run_after=None
[2026-03-02T13:46:39.411+0000] {processor.py:183} INFO - Processing /home/airflow/.local/lib/python3.12/site-packages/airflow/example_dags/example_xcomargs.py took 0.041 seconds
[2026-03-02T13:47:10.365+0000] {processor.py:161} INFO - Started process (PID=1284) to work on /home/airflow/.local/lib/python3.12/site-packages/airflow/example_dags/example_xcomargs.py
[2026-03-02T13:47:10.365+0000] {processor.py:830} INFO - Processing file /home/airflow/.local/lib/python3.12/site-packages/airflow/example_dags/example_xcomargs.py for tasks to queue
[2026-03-02T13:47:10.366+0000] {logging_mixin.py:188} INFO - [2026-03-02T13:47:10.366+0000] {dagbag.py:540} INFO - Filling up the DagBag from /home/airflow/.local/lib/python3.12/site-packages/airflow/example_dags/example_xcomargs.py
[2026-03-02T13:47:10.370+0000] {processor.py:840} INFO - DAG(s) 'example_xcom_args', 'example_xcom_args_with_operators' retrieved from /home/airflow/.local/lib/python3.12/site-packages/airflow/example_dags/example_xcomargs.py
[2026-03-02T13:47:10.380+0000] {logging_mixin.py:188} INFO - [2026-03-02T13:47:10.380+0000] {dag.py:3096} INFO - Sync 2 DAGs
[2026-03-02T13:47:10.386+0000] {logging_mixin.py:188} INFO - [2026-03-02T13:47:10.386+0000] {dag.py:3954} INFO - Setting next_dagrun for example_xcom_args to None, run_after=None
[2026-03-02T13:47:10.388+0000] {logging_mixin.py:188} INFO - [2026-03-02T13:47:10.388+0000] {dag.py:3954} INFO - Setting next_dagrun for example_xcom_args_with_operators to None, run_after=None
[2026-03-02T13:47:10.395+0000] {processor.py:183} INFO - Processing /home/airflow/.local/lib/python3.12/site-packages/airflow/example_dags/example_xcomargs.py took 0.033 seconds
[2026-03-02T13:47:40.711+0000] {processor.py:161} INFO - Started process (PID=1342) to work on /home/airflow/.local/lib/python3.12/site-packages/airflow/example_dags/example_xcomargs.py
[2026-03-02T13:47:40.712+0000] {processor.py:830} INFO - Processing file /home/airflow/.local/lib/python3.12/site-packages/airflow/example_dags/example_xcomargs.py for tasks to queue
[2026-03-02T13:47:40.713+0000] {logging_mixin.py:188} INFO - [2026-03-02T13:47:40.713+0000] {dagbag.py:540} INFO - Filling up the DagBag from /home/airflow/.local/lib/python3.12/site-packages/airflow/example_dags/example_xcomargs.py
[2026-03-02T13:47:40.720+0000] {processor.py:840} INFO - DAG(s) 'example_xcom_args', 'example_xcom_args_with_operators' retrieved from /home/airflow/.local/lib/python3.12/site-packages/airflow/example_dags/example_xcomargs.py
[2026-03-02T13:47:40.742+0000] {logging_mixin.py:188} INFO - [2026-03-02T13:47:40.742+0000] {dag.py:3096} INFO - Sync 2 DAGs
[2026-03-02T13:47:40.751+0000] {logging_mixin.py:188} INFO - [2026-03-02T13:47:40.751+0000] {dag.py:3954} INFO - Setting next_dagrun for example_xcom_args to None, run_after=None
[2026-03-02T13:47:40.753+0000] {logging_mixin.py:188} INFO - [2026-03-02T13:47:40.753+0000] {dag.py:3954} INFO - Setting next_dagrun for example_xcom_args_with_operators to None, run_after=None
[2026-03-02T13:47:40.761+0000] {processor.py:183} INFO - Processing /home/airflow/.local/lib/python3.12/site-packages/airflow/example_dags/example_xcomargs.py took 0.055 seconds
[2026-03-02T13:48:10.804+0000] {processor.py:161} INFO - Started process (PID=1400) to work on /home/airflow/.local/lib/python3.12/site-packages/airflow/example_dags/example_xcomargs.py
[2026-03-02T13:48:10.804+0000] {processor.py:830} INFO - Processing file /home/airflow/.local/lib/python3.12/site-packages/airflow/example_dags/example_xcomargs.py for tasks to queue
[2026-03-02T13:48:10.805+0000] {logging_mixin.py:188} INFO - [2026-03-02T13:48:10.805+0000] {dagbag.py:540} INFO - Filling up the DagBag from /home/airflow/.local/lib/python3.12/site-packages/airflow/example_dags/example_xcomargs.py
[2026-03-02T13:48:10.809+0000] {processor.py:840} INFO - DAG(s) 'example_xcom_args_with_operators', 'example_xcom_args' retrieved from /home/airflow/.local/lib/python3.12/site-packages/airflow/example_dags/example_xcomargs.py
[2026-03-02T13:48:10.821+0000] {logging_mixin.py:188} INFO - [2026-03-02T13:48:10.821+0000] {dag.py:3096} INFO - Sync 2 DAGs
[2026-03-02T13:48:10.829+0000] {logging_mixin.py:188} INFO - [2026-03-02T13:48:10.828+0000] {dag.py:3954} INFO - Setting next_dagrun for example_xcom_args to None, run_after=None
[2026-03-02T13:48:10.831+0000] {logging_mixin.py:188} INFO - [2026-03-02T13:48:10.831+0000] {dag.py:3954} INFO - Setting next_dagrun for example_xcom_args_with_operators to None, run_after=None
[2026-03-02T13:48:10.838+0000] {processor.py:183} INFO - Processing /home/airflow/.local/lib/python3.12/site-packages/airflow/example_dags/example_xcomargs.py took 0.037 seconds
[2026-03-02T13:48:41.245+0000] {processor.py:161} INFO - Started process (PID=1458) to work on /home/airflow/.local/lib/python3.12/site-packages/airflow/example_dags/example_xcomargs.py
[2026-03-02T13:48:41.245+0000] {processor.py:830} INFO - Processing file /home/airflow/.local/lib/python3.12/site-packages/airflow/example_dags/example_xcomargs.py for tasks to queue
[2026-03-02T13:48:41.246+0000] {logging_mixin.py:188} INFO - [2026-03-02T13:48:41.246+0000] {dagbag.py:540} INFO - Filling up the DagBag from /home/airflow/.local/lib/python3.12/site-packages/airflow/example_dags/example_xcomargs.py
[2026-03-02T13:48:41.251+0000] {processor.py:840} INFO - DAG(s) 'example_xcom_args', 'example_xcom_args_with_operators' retrieved from /home/airflow/.local/lib/python3.12/site-packages/airflow/example_dags/example_xcomargs.py
[2026-03-02T13:48:41.265+0000] {logging_mixin.py:188} INFO - [2026-03-02T13:48:41.265+0000] {dag.py:3096} INFO - Sync 2 DAGs
[2026-03-02T13:48:41.273+0000] {logging_mixin.py:188} INFO - [2026-03-02T13:48:41.273+0000] {dag.py:3954} INFO - Setting next_dagrun for example_xcom_args to None, run_after=None
[2026-03-02T13:48:41.275+0000] {logging_mixin.py:188} INFO - [2026-03-02T13:48:41.275+0000] {dag.py:3954} INFO - Setting next_dagrun for example_xcom_args_with_operators to None, run_after=None
[2026-03-02T13:48:41.281+0000] {processor.py:183} INFO - Processing /home/airflow/.local/lib/python3.12/site-packages/airflow/example_dags/example_xcomargs.py took 0.040 seconds
[2026-03-02T13:49:11.455+0000] {processor.py:161} INFO - Started process (PID=1516) to work on /home/airflow/.local/lib/python3.12/site-packages/airflow/example_dags/example_xcomargs.py
[2026-03-02T13:49:11.456+0000] {processor.py:830} INFO - Processing file /home/airflow/.local/lib/python3.12/site-packages/airflow/example_dags/example_xcomargs.py for tasks to queue
[2026-03-02T13:49:11.459+0000] {logging_mixin.py:188} INFO - [2026-03-02T13:49:11.458+0000] {dagbag.py:540} INFO - Filling up the DagBag from /home/airflow/.local/lib/python3.12/site-packages/airflow/example_dags/example_xcomargs.py
[2026-03-02T13:49:11.474+0000] {processor.py:840} INFO - DAG(s) 'example_xcom_args', 'example_xcom_args_with_operators' retrieved from /home/airflow/.local/lib/python3.12/site-packages/airflow/example_dags/example_xcomargs.py
[2026-03-02T13:49:11.504+0000] {logging_mixin.py:188} INFO - [2026-03-02T13:49:11.504+0000] {dag.py:3096} INFO - Sync 2 DAGs
[2026-03-02T13:49:11.521+0000] {logging_mixin.py:188} INFO - [2026-03-02T13:49:11.521+0000] {dag.py:3954} INFO - Setting next_dagrun for example_xcom_args to None, run_after=None
[2026-03-02T13:49:11.525+0000] {logging_mixin.py:188} INFO - [2026-03-02T13:49:11.525+0000] {dag.py:3954} INFO - Setting next_dagrun for example_xcom_args_with_operators to None, run_after=None
[2026-03-02T13:49:11.533+0000] {processor.py:183} INFO - Processing /home/airflow/.local/lib/python3.12/site-packages/airflow/example_dags/example_xcomargs.py took 0.091 seconds
[2026-03-02T13:49:41.954+0000] {processor.py:161} INFO - Started process (PID=1574) to work on /home/airflow/.local/lib/python3.12/site-packages/airflow/example_dags/example_xcomargs.py
[2026-03-02T13:49:41.955+0000] {processor.py:830} INFO - Processing file /home/airflow/.local/lib/python3.12/site-packages/airflow/example_dags/example_xcomargs.py for tasks to queue
[2026-03-02T13:49:41.956+0000] {logging_mixin.py:188} INFO - [2026-03-02T13:49:41.956+0000] {dagbag.py:540} INFO - Filling up the DagBag from /home/airflow/.local/lib/python3.12/site-packages/airflow/example_dags/example_xcomargs.py
[2026-03-02T13:49:41.968+0000] {processor.py:840} INFO - DAG(s) 'example_xcom_args_with_operators', 'example_xcom_args' retrieved from /home/airflow/.local/lib/python3.12/site-packages/airflow/example_dags/example_xcomargs.py
[2026-03-02T13:49:42.002+0000] {logging_mixin.py:188} INFO - [2026-03-02T13:49:42.001+0000] {dag.py:3096} INFO - Sync 2 DAGs
[2026-03-02T13:49:42.010+0000] {logging_mixin.py:188} INFO - [2026-03-02T13:49:42.010+0000] {dag.py:3954} INFO - Setting next_dagrun for example_xcom_args to None, run_after=None
[2026-03-02T13:49:42.012+0000] {logging_mixin.py:188} INFO - [2026-03-02T13:49:42.012+0000] {dag.py:3954} INFO - Setting next_dagrun for example_xcom_args_with_operators to None, run_after=None
[2026-03-02T13:49:42.023+0000] {processor.py:183} INFO - Processing /home/airflow/.local/lib/python3.12/site-packages/airflow/example_dags/example_xcomargs.py took 0.073 seconds
[2026-03-02T13:50:12.759+0000] {processor.py:161} INFO - Started process (PID=1632) to work on /home/airflow/.local/lib/python3.12/site-packages/airflow/example_dags/example_xcomargs.py
[2026-03-02T13:50:12.760+0000] {processor.py:830} INFO - Processing file /home/airflow/.local/lib/python3.12/site-packages/airflow/example_dags/example_xcomargs.py for tasks to queue
[2026-03-02T13:50:12.760+0000] {logging_mixin.py:188} INFO - [2026-03-02T13:50:12.760+0000] {dagbag.py:540} INFO - Filling up the DagBag from /home/airflow/.local/lib/python3.12/site-packages/airflow/example_dags/example_xcomargs.py
[2026-03-02T13:50:12.765+0000] {processor.py:840} INFO - DAG(s) 'example_xcom_args', 'example_xcom_args_with_operators' retrieved from /home/airflow/.local/lib/python3.12/site-packages/airflow/example_dags/example_xcomargs.py
[2026-03-02T13:50:12.774+0000] {logging_mixin.py:188} INFO - [2026-03-02T13:50:12.774+0000] {dag.py:3096} INFO - Sync 2 DAGs
[2026-03-02T13:50:12.780+0000] {logging_mixin.py:188} INFO - [2026-03-02T13:50:12.780+0000] {dag.py:3954} INFO - Setting next_dagrun for example_xcom_args to None, run_after=None
[2026-03-02T13:50:12.782+0000] {logging_mixin.py:188} INFO - [2026-03-02T13:50:12.782+0000] {dag.py:3954} INFO - Setting next_dagrun for example_xcom_args_with_operators to None, run_after=None
[2026-03-02T13:50:12.788+0000] {processor.py:183} INFO - Processing /home/airflow/.local/lib/python3.12/site-packages/airflow/example_dags/example_xcomargs.py took 0.031 seconds
[2026-03-02T13:50:43.000+0000] {processor.py:161} INFO - Started process (PID=1690) to work on /home/airflow/.local/lib/python3.12/site-packages/airflow/example_dags/example_xcomargs.py
[2026-03-02T13:50:43.001+0000] {processor.py:830} INFO - Processing file /home/airflow/.local/lib/python3.12/site-packages/airflow/example_dags/example_xcomargs.py for tasks to queue
[2026-03-02T13:50:43.003+0000] {logging_mixin.py:188} INFO - [2026-03-02T13:50:43.002+0000] {dagbag.py:540} INFO - Filling up the DagBag from /home/airflow/.local/lib/python3.12/site-packages/airflow/example_dags/example_xcomargs.py
[2026-03-02T13:50:43.014+0000] {processor.py:840} INFO - DAG(s) 'example_xcom_args_with_operators', 'example_xcom_args' retrieved from /home/airflow/.local/lib/python3.12/site-packages/airflow/example_dags/example_xcomargs.py
[2026-03-02T13:50:43.037+0000] {logging_mixin.py:188} INFO - [2026-03-02T13:50:43.037+0000] {dag.py:3096} INFO - Sync 2 DAGs
[2026-03-02T13:50:43.043+0000] {logging_mixin.py:188} INFO - [2026-03-02T13:50:43.043+0000] {dag.py:3954} INFO - Setting next_dagrun for example_xcom_args to None, run_after=None
[2026-03-02T13:50:43.045+0000] {logging_mixin.py:188} INFO - [2026-03-02T13:50:43.045+0000] {dag.py:3954} INFO - Setting next_dagrun for example_xcom_args_with_operators to None, run_after=None
[2026-03-02T13:50:43.054+0000] {processor.py:183} INFO - Processing /home/airflow/.local/lib/python3.12/site-packages/airflow/example_dags/example_xcomargs.py took 0.064 seconds
[2026-03-02T13:51:13.103+0000] {processor.py:161} INFO - Started process (PID=1748) to work on /home/airflow/.local/lib/python3.12/site-packages/airflow/example_dags/example_xcomargs.py
[2026-03-02T13:51:13.104+0000] {processor.py:830} INFO - Processing file /home/airflow/.local/lib/python3.12/site-packages/airflow/example_dags/example_xcomargs.py for tasks to queue
[2026-03-02T13:51:13.104+0000] {logging_mixin.py:188} INFO - [2026-03-02T13:51:13.104+0000] {dagbag.py:540} INFO - Filling up the DagBag from /home/airflow/.local/lib/python3.12/site-packages/airflow/example_dags/example_xcomargs.py
[2026-03-02T13:51:13.109+0000] {processor.py:840} INFO - DAG(s) 'example_xcom_args_with_operators', 'example_xcom_args' retrieved from /home/airflow/.local/lib/python3.12/site-packages/airflow/example_dags/example_xcomargs.py
[2026-03-02T13:51:13.127+0000] {logging_mixin.py:188} INFO - [2026-03-02T13:51:13.126+0000] {dag.py:3096} INFO - Sync 2 DAGs
[2026-03-02T13:51:13.132+0000] {logging_mixin.py:188} INFO - [2026-03-02T13:51:13.132+0000] {dag.py:3954} INFO - Setting next_dagrun for example_xcom_args to None, run_after=None
[2026-03-02T13:51:13.135+0000] {logging_mixin.py:188} INFO - [2026-03-02T13:51:13.135+0000] {dag.py:3954} INFO - Setting next_dagrun for example_xcom_args_with_operators to None, run_after=None
[2026-03-02T13:51:13.141+0000] {processor.py:183} INFO - Processing /home/airflow/.local/lib/python3.12/site-packages/airflow/example_dags/example_xcomargs.py took 0.043 seconds
[2026-03-02T13:51:43.564+0000] {processor.py:161} INFO - Started process (PID=1806) to work on /home/airflow/.local/lib/python3.12/site-packages/airflow/example_dags/example_xcomargs.py
[2026-03-02T13:51:43.565+0000] {processor.py:830} INFO - Processing file /home/airflow/.local/lib/python3.12/site-packages/airflow/example_dags/example_xcomargs.py for tasks to queue
[2026-03-02T13:51:43.565+0000] {logging_mixin.py:188} INFO - [2026-03-02T13:51:43.565+0000] {dagbag.py:540} INFO - Filling up the DagBag from /home/airflow/.local/lib/python3.12/site-packages/airflow/example_dags/example_xcomargs.py
[2026-03-02T13:51:43.569+0000] {processor.py:840} INFO - DAG(s) 'example_xcom_args_with_operators', 'example_xcom_args' retrieved from /home/airflow/.local/lib/python3.12/site-packages/airflow/example_dags/example_xcomargs.py
[2026-03-02T13:51:43.579+0000] {logging_mixin.py:188} INFO - [2026-03-02T13:51:43.579+0000] {dag.py:3096} INFO - Sync 2 DAGs
[2026-03-02T13:51:43.587+0000] {logging_mixin.py:188} INFO - [2026-03-02T13:51:43.587+0000] {dag.py:3954} INFO - Setting next_dagrun for example_xcom_args to None, run_after=None
[2026-03-02T13:51:43.588+0000] {logging_mixin.py:188} INFO - [2026-03-02T13:51:43.588+0000] {dag.py:3954} INFO - Setting next_dagrun for example_xcom_args_with_operators to None, run_after=None
[2026-03-02T13:51:43.594+0000] {processor.py:183} INFO - Processing /home/airflow/.local/lib/python3.12/site-packages/airflow/example_dags/example_xcomargs.py took 0.035 seconds
[2026-03-02T13:52:13.894+0000] {processor.py:161} INFO - Started process (PID=1862) to work on /home/airflow/.local/lib/python3.12/site-packages/airflow/example_dags/example_xcomargs.py
[2026-03-02T13:52:13.894+0000] {processor.py:830} INFO - Processing file /home/airflow/.local/lib/python3.12/site-packages/airflow/example_dags/example_xcomargs.py for tasks to queue
[2026-03-02T13:52:13.895+0000] {logging_mixin.py:188} INFO - [2026-03-02T13:52:13.895+0000] {dagbag.py:540} INFO - Filling up the DagBag from /home/airflow/.local/lib/python3.12/site-packages/airflow/example_dags/example_xcomargs.py
[2026-03-02T13:52:13.899+0000] {processor.py:840} INFO - DAG(s) 'example_xcom_args', 'example_xcom_args_with_operators' retrieved from /home/airflow/.local/lib/python3.12/site-packages/airflow/example_dags/example_xcomargs.py
[2026-03-02T13:52:13.910+0000] {logging_mixin.py:188} INFO - [2026-03-02T13:52:13.910+0000] {dag.py:3096} INFO - Sync 2 DAGs
[2026-03-02T13:52:13.916+0000] {logging_mixin.py:188} INFO - [2026-03-02T13:52:13.915+0000] {dag.py:3954} INFO - Setting next_dagrun for example_xcom_args to None, run_after=None
[2026-03-02T13:52:13.917+0000] {logging_mixin.py:188} INFO - [2026-03-02T13:52:13.917+0000] {dag.py:3954} INFO - Setting next_dagrun for example_xcom_args_with_operators to None, run_after=None
[2026-03-02T13:52:13.923+0000] {processor.py:183} INFO - Processing /home/airflow/.local/lib/python3.12/site-packages/airflow/example_dags/example_xcomargs.py took 0.033 seconds
[2026-03-02T13:52:44.518+0000] {processor.py:161} INFO - Started process (PID=1920) to work on /home/airflow/.local/lib/python3.12/site-packages/airflow/example_dags/example_xcomargs.py
[2026-03-02T13:52:44.518+0000] {processor.py:830} INFO - Processing file /home/airflow/.local/lib/python3.12/site-packages/airflow/example_dags/example_xcomargs.py for tasks to queue
[2026-03-02T13:52:44.519+0000] {logging_mixin.py:188} INFO - [2026-03-02T13:52:44.519+0000] {dagbag.py:540} INFO - Filling up the DagBag from /home/airflow/.local/lib/python3.12/site-packages/airflow/example_dags/example_xcomargs.py
[2026-03-02T13:52:44.523+0000] {processor.py:840} INFO - DAG(s) 'example_xcom_args', 'example_xcom_args_with_operators' retrieved from /home/airflow/.local/lib/python3.12/site-packages/airflow/example_dags/example_xcomargs.py
[2026-03-02T13:52:44.534+0000] {logging_mixin.py:188} INFO - [2026-03-02T13:52:44.534+0000] {dag.py:3096} INFO - Sync 2 DAGs
[2026-03-02T13:52:44.539+0000] {logging_mixin.py:188} INFO - [2026-03-02T13:52:44.539+0000] {dag.py:3954} INFO - Setting next_dagrun for example_xcom_args to None, run_after=None
[2026-03-02T13:52:44.541+0000] {logging_mixin.py:188} INFO - [2026-03-02T13:52:44.541+0000] {dag.py:3954} INFO - Setting next_dagrun for example_xcom_args_with_operators to None, run_after=None
[2026-03-02T13:52:44.547+0000] {processor.py:183} INFO - Processing /home/airflow/.local/lib/python3.12/site-packages/airflow/example_dags/example_xcomargs.py took 0.032 seconds
[2026-03-02T13:53:16.106+0000] {processor.py:161} INFO - Started process (PID=1978) to work on /home/airflow/.local/lib/python3.12/site-packages/airflow/example_dags/example_xcomargs.py
[2026-03-02T13:53:16.107+0000] {processor.py:830} INFO - Processing file /home/airflow/.local/lib/python3.12/site-packages/airflow/example_dags/example_xcomargs.py for tasks to queue
[2026-03-02T13:53:16.109+0000] {logging_mixin.py:188} INFO - [2026-03-02T13:53:16.109+0000] {dagbag.py:540} INFO - Filling up the DagBag from /home/airflow/.local/lib/python3.12/site-packages/airflow/example_dags/example_xcomargs.py
[2026-03-02T13:53:16.115+0000] {processor.py:840} INFO - DAG(s) 'example_xcom_args_with_operators', 'example_xcom_args' retrieved from /home/airflow/.local/lib/python3.12/site-packages/airflow/example_dags/example_xcomargs.py
[2026-03-02T13:53:16.127+0000] {logging_mixin.py:188} INFO - [2026-03-02T13:53:16.127+0000] {dag.py:3096} INFO - Sync 2 DAGs
[2026-03-02T13:53:16.133+0000] {logging_mixin.py:188} INFO - [2026-03-02T13:53:16.133+0000] {dag.py:3954} INFO - Setting next_dagrun for example_xcom_args to None, run_after=None
[2026-03-02T13:53:16.135+0000] {logging_mixin.py:188} INFO - [2026-03-02T13:53:16.135+0000] {dag.py:3954} INFO - Setting next_dagrun for example_xcom_args_with_operators to None, run_after=None
[2026-03-02T13:53:16.143+0000] {processor.py:183} INFO - Processing /home/airflow/.local/lib/python3.12/site-packages/airflow/example_dags/example_xcomargs.py took 0.040 seconds
[2026-03-02T13:53:48.182+0000] {processor.py:161} INFO - Started process (PID=2036) to work on /home/airflow/.local/lib/python3.12/site-packages/airflow/example_dags/example_xcomargs.py
[2026-03-02T13:53:48.183+0000] {processor.py:830} INFO - Processing file /home/airflow/.local/lib/python3.12/site-packages/airflow/example_dags/example_xcomargs.py for tasks to queue
[2026-03-02T13:53:48.184+0000] {logging_mixin.py:188} INFO - [2026-03-02T13:53:48.184+0000] {dagbag.py:540} INFO - Filling up the DagBag from /home/airflow/.local/lib/python3.12/site-packages/airflow/example_dags/example_xcomargs.py
[2026-03-02T13:53:48.190+0000] {processor.py:840} INFO - DAG(s) 'example_xcom_args', 'example_xcom_args_with_operators' retrieved from /home/airflow/.local/lib/python3.12/site-packages/airflow/example_dags/example_xcomargs.py
[2026-03-02T13:53:48.209+0000] {logging_mixin.py:188} INFO - [2026-03-02T13:53:48.209+0000] {dag.py:3096} INFO - Sync 2 DAGs
[2026-03-02T13:53:48.222+0000] {logging_mixin.py:188} INFO - [2026-03-02T13:53:48.222+0000] {dag.py:3954} INFO - Setting next_dagrun for example_xcom_args to None, run_after=None
[2026-03-02T13:53:48.226+0000] {logging_mixin.py:188} INFO - [2026-03-02T13:53:48.226+0000] {dag.py:3954} INFO - Setting next_dagrun for example_xcom_args_with_operators to None, run_after=None
[2026-03-02T13:53:48.241+0000] {processor.py:183} INFO - Processing /home/airflow/.local/lib/python3.12/site-packages/airflow/example_dags/example_xcomargs.py took 0.063 seconds
[2026-03-02T13:54:18.420+0000] {processor.py:161} INFO - Started process (PID=2094) to work on /home/airflow/.local/lib/python3.12/site-packages/airflow/example_dags/example_xcomargs.py
[2026-03-02T13:54:18.421+0000] {processor.py:830} INFO - Processing file /home/airflow/.local/lib/python3.12/site-packages/airflow/example_dags/example_xcomargs.py for tasks to queue
[2026-03-02T13:54:18.422+0000] {logging_mixin.py:188} INFO - [2026-03-02T13:54:18.422+0000] {dagbag.py:540} INFO - Filling up the DagBag from /home/airflow/.local/lib/python3.12/site-packages/airflow/example_dags/example_xcomargs.py
[2026-03-02T13:54:18.426+0000] {processor.py:840} INFO - DAG(s) 'example_xcom_args_with_operators', 'example_xcom_args' retrieved from /home/airflow/.local/lib/python3.12/site-packages/airflow/example_dags/example_xcomargs.py
[2026-03-02T13:54:18.438+0000] {logging_mixin.py:188} INFO - [2026-03-02T13:54:18.437+0000] {dag.py:3096} INFO - Sync 2 DAGs
[2026-03-02T13:54:18.443+0000] {logging_mixin.py:188} INFO - [2026-03-02T13:54:18.443+0000] {dag.py:3954} INFO - Setting next_dagrun for example_xcom_args to None, run_after=None
[2026-03-02T13:54:18.444+0000] {logging_mixin.py:188} INFO - [2026-03-02T13:54:18.444+0000] {dag.py:3954} INFO - Setting next_dagrun for example_xcom_args_with_operators to None, run_after=None
[2026-03-02T13:54:18.450+0000] {processor.py:183} INFO - Processing /home/airflow/.local/lib/python3.12/site-packages/airflow/example_dags/example_xcomargs.py took 0.033 seconds
[2026-03-02T13:54:49.168+0000] {processor.py:161} INFO - Started process (PID=2152) to work on /home/airflow/.local/lib/python3.12/site-packages/airflow/example_dags/example_xcomargs.py
[2026-03-02T13:54:49.169+0000] {processor.py:830} INFO - Processing file /home/airflow/.local/lib/python3.12/site-packages/airflow/example_dags/example_xcomargs.py for tasks to queue
[2026-03-02T13:54:49.169+0000] {logging_mixin.py:188} INFO - [2026-03-02T13:54:49.169+0000] {dagbag.py:540} INFO - Filling up the DagBag from /home/airflow/.local/lib/python3.12/site-packages/airflow/example_dags/example_xcomargs.py
[2026-03-02T13:54:49.173+0000] {processor.py:840} INFO - DAG(s) 'example_xcom_args_with_operators', 'example_xcom_args' retrieved from /home/airflow/.local/lib/python3.12/site-packages/airflow/example_dags/example_xcomargs.py
[2026-03-02T13:54:49.183+0000] {logging_mixin.py:188} INFO - [2026-03-02T13:54:49.183+0000] {dag.py:3096} INFO - Sync 2 DAGs
[2026-03-02T13:54:49.188+0000] {logging_mixin.py:188} INFO - [2026-03-02T13:54:49.188+0000] {dag.py:3954} INFO - Setting next_dagrun for example_xcom_args to None, run_after=None
[2026-03-02T13:54:49.190+0000] {logging_mixin.py:188} INFO - [2026-03-02T13:54:49.190+0000] {dag.py:3954} INFO - Setting next_dagrun for example_xcom_args_with_operators to None, run_after=None
[2026-03-02T13:54:49.198+0000] {processor.py:183} INFO - Processing /home/airflow/.local/lib/python3.12/site-packages/airflow/example_dags/example_xcomargs.py took 0.032 seconds
[2026-03-02T13:55:24.514+0000] {processor.py:161} INFO - Started process (PID=2210) to work on /home/airflow/.local/lib/python3.12/site-packages/airflow/example_dags/example_xcomargs.py
[2026-03-02T13:55:24.518+0000] {processor.py:830} INFO - Processing file /home/airflow/.local/lib/python3.12/site-packages/airflow/example_dags/example_xcomargs.py for tasks to queue
[2026-03-02T13:55:24.522+0000] {logging_mixin.py:188} INFO - [2026-03-02T13:55:24.521+0000] {dagbag.py:540} INFO - Filling up the DagBag from /home/airflow/.local/lib/python3.12/site-packages/airflow/example_dags/example_xcomargs.py
[2026-03-02T13:55:24.549+0000] {processor.py:840} INFO - DAG(s) 'example_xcom_args_with_operators', 'example_xcom_args' retrieved from /home/airflow/.local/lib/python3.12/site-packages/airflow/example_dags/example_xcomargs.py
[2026-03-02T13:55:24.612+0000] {logging_mixin.py:188} INFO - [2026-03-02T13:55:24.611+0000] {dag.py:3096} INFO - Sync 2 DAGs
[2026-03-02T13:55:24.634+0000] {logging_mixin.py:188} INFO - [2026-03-02T13:55:24.634+0000] {dag.py:3954} INFO - Setting next_dagrun for example_xcom_args to None, run_after=None
[2026-03-02T13:55:24.643+0000] {logging_mixin.py:188} INFO - [2026-03-02T13:55:24.643+0000] {dag.py:3954} INFO - Setting next_dagrun for example_xcom_args_with_operators to None, run_after=None
[2026-03-02T13:55:24.683+0000] {processor.py:183} INFO - Processing /home/airflow/.local/lib/python3.12/site-packages/airflow/example_dags/example_xcomargs.py took 0.177 seconds
[2026-03-02T13:55:55.703+0000] {processor.py:161} INFO - Started process (PID=2268) to work on /home/airflow/.local/lib/python3.12/site-packages/airflow/example_dags/example_xcomargs.py
[2026-03-02T13:55:55.703+0000] {processor.py:830} INFO - Processing file /home/airflow/.local/lib/python3.12/site-packages/airflow/example_dags/example_xcomargs.py for tasks to queue
[2026-03-02T13:55:55.704+0000] {logging_mixin.py:188} INFO - [2026-03-02T13:55:55.704+0000] {dagbag.py:540} INFO - Filling up the DagBag from /home/airflow/.local/lib/python3.12/site-packages/airflow/example_dags/example_xcomargs.py
[2026-03-02T13:55:55.710+0000] {processor.py:840} INFO - DAG(s) 'example_xcom_args', 'example_xcom_args_with_operators' retrieved from /home/airflow/.local/lib/python3.12/site-packages/airflow/example_dags/example_xcomargs.py
[2026-03-02T13:55:55.723+0000] {logging_mixin.py:188} INFO - [2026-03-02T13:55:55.723+0000] {dag.py:3096} INFO - Sync 2 DAGs
[2026-03-02T13:55:55.730+0000] {logging_mixin.py:188} INFO - [2026-03-02T13:55:55.730+0000] {dag.py:3954} INFO - Setting next_dagrun for example_xcom_args to None, run_after=None
[2026-03-02T13:55:55.732+0000] {logging_mixin.py:188} INFO - [2026-03-02T13:55:55.732+0000] {dag.py:3954} INFO - Setting next_dagrun for example_xcom_args_with_operators to None, run_after=None
[2026-03-02T13:55:55.739+0000] {processor.py:183} INFO - Processing /home/airflow/.local/lib/python3.12/site-packages/airflow/example_dags/example_xcomargs.py took 0.041 seconds
