[2026-03-02T13:36:37.128+0000] {processor.py:161} INFO - Started process (PID=95) to work on /home/airflow/.local/lib/python3.12/site-packages/airflow/example_dags/example_sla_dag.py
[2026-03-02T13:36:37.128+0000] {processor.py:830} INFO - Processing file /home/airflow/.local/lib/python3.12/site-packages/airflow/example_dags/example_sla_dag.py for tasks to queue
[2026-03-02T13:36:37.129+0000] {logging_mixin.py:188} INFO - [2026-03-02T13:36:37.129+0000] {dagbag.py:540} INFO - Filling up the DagBag from /home/airflow/.local/lib/python3.12/site-packages/airflow/example_dags/example_sla_dag.py
[2026-03-02T13:36:37.136+0000] {processor.py:840} INFO - DAG(s) 'example_sla_dag' retrieved from /home/airflow/.local/lib/python3.12/site-packages/airflow/example_dags/example_sla_dag.py
[2026-03-02T13:36:37.697+0000] {logging_mixin.py:188} INFO - [2026-03-02T13:36:37.696+0000] {dag.py:3096} INFO - Sync 1 DAGs
[2026-03-02T13:36:37.726+0000] {logging_mixin.py:188} INFO - [2026-03-02T13:36:37.726+0000] {dag.py:3954} INFO - Setting next_dagrun for example_sla_dag to 2026-03-02 13:34:00+00:00, run_after=2026-03-02 13:36:00+00:00
[2026-03-02T13:36:37.747+0000] {processor.py:183} INFO - Processing /home/airflow/.local/lib/python3.12/site-packages/airflow/example_dags/example_sla_dag.py took 0.623 seconds
[2026-03-02T13:37:08.160+0000] {processor.py:161} INFO - Started process (PID=153) to work on /home/airflow/.local/lib/python3.12/site-packages/airflow/example_dags/example_sla_dag.py
[2026-03-02T13:37:08.161+0000] {processor.py:830} INFO - Processing file /home/airflow/.local/lib/python3.12/site-packages/airflow/example_dags/example_sla_dag.py for tasks to queue
[2026-03-02T13:37:08.162+0000] {logging_mixin.py:188} INFO - [2026-03-02T13:37:08.161+0000] {dagbag.py:540} INFO - Filling up the DagBag from /home/airflow/.local/lib/python3.12/site-packages/airflow/example_dags/example_sla_dag.py
[2026-03-02T13:37:08.166+0000] {processor.py:840} INFO - DAG(s) 'example_sla_dag' retrieved from /home/airflow/.local/lib/python3.12/site-packages/airflow/example_dags/example_sla_dag.py
[2026-03-02T13:37:08.178+0000] {logging_mixin.py:188} INFO - [2026-03-02T13:37:08.178+0000] {dag.py:3096} INFO - Sync 1 DAGs
[2026-03-02T13:37:08.193+0000] {logging_mixin.py:188} INFO - [2026-03-02T13:37:08.193+0000] {dag.py:3954} INFO - Setting next_dagrun for example_sla_dag to 2026-03-02 13:34:00+00:00, run_after=2026-03-02 13:36:00+00:00
[2026-03-02T13:37:08.204+0000] {processor.py:183} INFO - Processing /home/airflow/.local/lib/python3.12/site-packages/airflow/example_dags/example_sla_dag.py took 0.047 seconds
[2026-03-02T13:37:41.114+0000] {processor.py:161} INFO - Started process (PID=211) to work on /home/airflow/.local/lib/python3.12/site-packages/airflow/example_dags/example_sla_dag.py
[2026-03-02T13:37:41.115+0000] {processor.py:830} INFO - Processing file /home/airflow/.local/lib/python3.12/site-packages/airflow/example_dags/example_sla_dag.py for tasks to queue
[2026-03-02T13:37:41.117+0000] {logging_mixin.py:188} INFO - [2026-03-02T13:37:41.117+0000] {dagbag.py:540} INFO - Filling up the DagBag from /home/airflow/.local/lib/python3.12/site-packages/airflow/example_dags/example_sla_dag.py
[2026-03-02T13:37:41.126+0000] {processor.py:840} INFO - DAG(s) 'example_sla_dag' retrieved from /home/airflow/.local/lib/python3.12/site-packages/airflow/example_dags/example_sla_dag.py
[2026-03-02T13:37:41.143+0000] {logging_mixin.py:188} INFO - [2026-03-02T13:37:41.143+0000] {dag.py:3096} INFO - Sync 1 DAGs
[2026-03-02T13:37:41.160+0000] {logging_mixin.py:188} INFO - [2026-03-02T13:37:41.160+0000] {dag.py:3954} INFO - Setting next_dagrun for example_sla_dag to 2026-03-02 13:34:00+00:00, run_after=2026-03-02 13:36:00+00:00
[2026-03-02T13:37:41.172+0000] {processor.py:183} INFO - Processing /home/airflow/.local/lib/python3.12/site-packages/airflow/example_dags/example_sla_dag.py took 0.063 seconds
[2026-03-02T13:38:11.330+0000] {processor.py:161} INFO - Started process (PID=269) to work on /home/airflow/.local/lib/python3.12/site-packages/airflow/example_dags/example_sla_dag.py
[2026-03-02T13:38:11.331+0000] {processor.py:830} INFO - Processing file /home/airflow/.local/lib/python3.12/site-packages/airflow/example_dags/example_sla_dag.py for tasks to queue
[2026-03-02T13:38:11.332+0000] {logging_mixin.py:188} INFO - [2026-03-02T13:38:11.332+0000] {dagbag.py:540} INFO - Filling up the DagBag from /home/airflow/.local/lib/python3.12/site-packages/airflow/example_dags/example_sla_dag.py
[2026-03-02T13:38:11.337+0000] {processor.py:840} INFO - DAG(s) 'example_sla_dag' retrieved from /home/airflow/.local/lib/python3.12/site-packages/airflow/example_dags/example_sla_dag.py
[2026-03-02T13:38:11.356+0000] {logging_mixin.py:188} INFO - [2026-03-02T13:38:11.356+0000] {dag.py:3096} INFO - Sync 1 DAGs
[2026-03-02T13:38:11.367+0000] {logging_mixin.py:188} INFO - [2026-03-02T13:38:11.367+0000] {dag.py:3954} INFO - Setting next_dagrun for example_sla_dag to 2026-03-02 13:36:00+00:00, run_after=2026-03-02 13:38:00+00:00
[2026-03-02T13:38:11.374+0000] {processor.py:183} INFO - Processing /home/airflow/.local/lib/python3.12/site-packages/airflow/example_dags/example_sla_dag.py took 0.049 seconds
[2026-03-02T13:38:42.099+0000] {processor.py:161} INFO - Started process (PID=327) to work on /home/airflow/.local/lib/python3.12/site-packages/airflow/example_dags/example_sla_dag.py
[2026-03-02T13:38:42.100+0000] {processor.py:830} INFO - Processing file /home/airflow/.local/lib/python3.12/site-packages/airflow/example_dags/example_sla_dag.py for tasks to queue
[2026-03-02T13:38:42.101+0000] {logging_mixin.py:188} INFO - [2026-03-02T13:38:42.101+0000] {dagbag.py:540} INFO - Filling up the DagBag from /home/airflow/.local/lib/python3.12/site-packages/airflow/example_dags/example_sla_dag.py
[2026-03-02T13:38:42.105+0000] {processor.py:840} INFO - DAG(s) 'example_sla_dag' retrieved from /home/airflow/.local/lib/python3.12/site-packages/airflow/example_dags/example_sla_dag.py
[2026-03-02T13:38:42.114+0000] {logging_mixin.py:188} INFO - [2026-03-02T13:38:42.114+0000] {dag.py:3096} INFO - Sync 1 DAGs
[2026-03-02T13:38:42.123+0000] {logging_mixin.py:188} INFO - [2026-03-02T13:38:42.123+0000] {dag.py:3954} INFO - Setting next_dagrun for example_sla_dag to 2026-03-02 13:36:00+00:00, run_after=2026-03-02 13:38:00+00:00
[2026-03-02T13:38:42.130+0000] {processor.py:183} INFO - Processing /home/airflow/.local/lib/python3.12/site-packages/airflow/example_dags/example_sla_dag.py took 0.033 seconds
[2026-03-02T13:39:12.514+0000] {processor.py:161} INFO - Started process (PID=385) to work on /home/airflow/.local/lib/python3.12/site-packages/airflow/example_dags/example_sla_dag.py
[2026-03-02T13:39:12.514+0000] {processor.py:830} INFO - Processing file /home/airflow/.local/lib/python3.12/site-packages/airflow/example_dags/example_sla_dag.py for tasks to queue
[2026-03-02T13:39:12.515+0000] {logging_mixin.py:188} INFO - [2026-03-02T13:39:12.515+0000] {dagbag.py:540} INFO - Filling up the DagBag from /home/airflow/.local/lib/python3.12/site-packages/airflow/example_dags/example_sla_dag.py
[2026-03-02T13:39:12.518+0000] {processor.py:840} INFO - DAG(s) 'example_sla_dag' retrieved from /home/airflow/.local/lib/python3.12/site-packages/airflow/example_dags/example_sla_dag.py
[2026-03-02T13:39:12.527+0000] {logging_mixin.py:188} INFO - [2026-03-02T13:39:12.527+0000] {dag.py:3096} INFO - Sync 1 DAGs
[2026-03-02T13:39:12.536+0000] {logging_mixin.py:188} INFO - [2026-03-02T13:39:12.535+0000] {dag.py:3954} INFO - Setting next_dagrun for example_sla_dag to 2026-03-02 13:36:00+00:00, run_after=2026-03-02 13:38:00+00:00
[2026-03-02T13:39:12.543+0000] {processor.py:183} INFO - Processing /home/airflow/.local/lib/python3.12/site-packages/airflow/example_dags/example_sla_dag.py took 0.032 seconds
[2026-03-02T13:39:42.992+0000] {processor.py:161} INFO - Started process (PID=443) to work on /home/airflow/.local/lib/python3.12/site-packages/airflow/example_dags/example_sla_dag.py
[2026-03-02T13:39:42.995+0000] {processor.py:830} INFO - Processing file /home/airflow/.local/lib/python3.12/site-packages/airflow/example_dags/example_sla_dag.py for tasks to queue
[2026-03-02T13:39:43.000+0000] {logging_mixin.py:188} INFO - [2026-03-02T13:39:43.000+0000] {dagbag.py:540} INFO - Filling up the DagBag from /home/airflow/.local/lib/python3.12/site-packages/airflow/example_dags/example_sla_dag.py
[2026-03-02T13:39:43.004+0000] {processor.py:840} INFO - DAG(s) 'example_sla_dag' retrieved from /home/airflow/.local/lib/python3.12/site-packages/airflow/example_dags/example_sla_dag.py
[2026-03-02T13:39:43.014+0000] {logging_mixin.py:188} INFO - [2026-03-02T13:39:43.014+0000] {dag.py:3096} INFO - Sync 1 DAGs
[2026-03-02T13:39:43.025+0000] {logging_mixin.py:188} INFO - [2026-03-02T13:39:43.025+0000] {dag.py:3954} INFO - Setting next_dagrun for example_sla_dag to 2026-03-02 13:36:00+00:00, run_after=2026-03-02 13:38:00+00:00
[2026-03-02T13:39:43.034+0000] {processor.py:183} INFO - Processing /home/airflow/.local/lib/python3.12/site-packages/airflow/example_dags/example_sla_dag.py took 0.045 seconds
[2026-03-02T13:40:13.331+0000] {processor.py:161} INFO - Started process (PID=501) to work on /home/airflow/.local/lib/python3.12/site-packages/airflow/example_dags/example_sla_dag.py
[2026-03-02T13:40:13.333+0000] {processor.py:830} INFO - Processing file /home/airflow/.local/lib/python3.12/site-packages/airflow/example_dags/example_sla_dag.py for tasks to queue
[2026-03-02T13:40:13.334+0000] {logging_mixin.py:188} INFO - [2026-03-02T13:40:13.333+0000] {dagbag.py:540} INFO - Filling up the DagBag from /home/airflow/.local/lib/python3.12/site-packages/airflow/example_dags/example_sla_dag.py
[2026-03-02T13:40:13.337+0000] {processor.py:840} INFO - DAG(s) 'example_sla_dag' retrieved from /home/airflow/.local/lib/python3.12/site-packages/airflow/example_dags/example_sla_dag.py
[2026-03-02T13:40:13.345+0000] {logging_mixin.py:188} INFO - [2026-03-02T13:40:13.345+0000] {dag.py:3096} INFO - Sync 1 DAGs
[2026-03-02T13:40:13.356+0000] {logging_mixin.py:188} INFO - [2026-03-02T13:40:13.356+0000] {dag.py:3954} INFO - Setting next_dagrun for example_sla_dag to 2026-03-02 13:38:00+00:00, run_after=2026-03-02 13:40:00+00:00
[2026-03-02T13:40:13.363+0000] {processor.py:183} INFO - Processing /home/airflow/.local/lib/python3.12/site-packages/airflow/example_dags/example_sla_dag.py took 0.035 seconds
[2026-03-02T13:40:43.699+0000] {processor.py:161} INFO - Started process (PID=559) to work on /home/airflow/.local/lib/python3.12/site-packages/airflow/example_dags/example_sla_dag.py
[2026-03-02T13:40:43.701+0000] {processor.py:830} INFO - Processing file /home/airflow/.local/lib/python3.12/site-packages/airflow/example_dags/example_sla_dag.py for tasks to queue
[2026-03-02T13:40:43.705+0000] {logging_mixin.py:188} INFO - [2026-03-02T13:40:43.704+0000] {dagbag.py:540} INFO - Filling up the DagBag from /home/airflow/.local/lib/python3.12/site-packages/airflow/example_dags/example_sla_dag.py
[2026-03-02T13:40:43.708+0000] {processor.py:840} INFO - DAG(s) 'example_sla_dag' retrieved from /home/airflow/.local/lib/python3.12/site-packages/airflow/example_dags/example_sla_dag.py
[2026-03-02T13:40:43.715+0000] {logging_mixin.py:188} INFO - [2026-03-02T13:40:43.715+0000] {dag.py:3096} INFO - Sync 1 DAGs
[2026-03-02T13:40:43.724+0000] {logging_mixin.py:188} INFO - [2026-03-02T13:40:43.724+0000] {dag.py:3954} INFO - Setting next_dagrun for example_sla_dag to 2026-03-02 13:38:00+00:00, run_after=2026-03-02 13:40:00+00:00
[2026-03-02T13:40:43.731+0000] {processor.py:183} INFO - Processing /home/airflow/.local/lib/python3.12/site-packages/airflow/example_dags/example_sla_dag.py took 0.034 seconds
[2026-03-02T13:41:14.190+0000] {processor.py:161} INFO - Started process (PID=617) to work on /home/airflow/.local/lib/python3.12/site-packages/airflow/example_dags/example_sla_dag.py
[2026-03-02T13:41:14.190+0000] {processor.py:830} INFO - Processing file /home/airflow/.local/lib/python3.12/site-packages/airflow/example_dags/example_sla_dag.py for tasks to queue
[2026-03-02T13:41:14.193+0000] {logging_mixin.py:188} INFO - [2026-03-02T13:41:14.193+0000] {dagbag.py:540} INFO - Filling up the DagBag from /home/airflow/.local/lib/python3.12/site-packages/airflow/example_dags/example_sla_dag.py
[2026-03-02T13:41:14.197+0000] {processor.py:840} INFO - DAG(s) 'example_sla_dag' retrieved from /home/airflow/.local/lib/python3.12/site-packages/airflow/example_dags/example_sla_dag.py
[2026-03-02T13:41:14.205+0000] {logging_mixin.py:188} INFO - [2026-03-02T13:41:14.205+0000] {dag.py:3096} INFO - Sync 1 DAGs
[2026-03-02T13:41:14.214+0000] {logging_mixin.py:188} INFO - [2026-03-02T13:41:14.214+0000] {dag.py:3954} INFO - Setting next_dagrun for example_sla_dag to 2026-03-02 13:38:00+00:00, run_after=2026-03-02 13:40:00+00:00
[2026-03-02T13:41:14.221+0000] {processor.py:183} INFO - Processing /home/airflow/.local/lib/python3.12/site-packages/airflow/example_dags/example_sla_dag.py took 0.034 seconds
[2026-03-02T13:41:44.536+0000] {processor.py:161} INFO - Started process (PID=675) to work on /home/airflow/.local/lib/python3.12/site-packages/airflow/example_dags/example_sla_dag.py
[2026-03-02T13:41:44.540+0000] {processor.py:830} INFO - Processing file /home/airflow/.local/lib/python3.12/site-packages/airflow/example_dags/example_sla_dag.py for tasks to queue
[2026-03-02T13:41:44.541+0000] {logging_mixin.py:188} INFO - [2026-03-02T13:41:44.541+0000] {dagbag.py:540} INFO - Filling up the DagBag from /home/airflow/.local/lib/python3.12/site-packages/airflow/example_dags/example_sla_dag.py
[2026-03-02T13:41:44.545+0000] {processor.py:840} INFO - DAG(s) 'example_sla_dag' retrieved from /home/airflow/.local/lib/python3.12/site-packages/airflow/example_dags/example_sla_dag.py
[2026-03-02T13:41:44.559+0000] {logging_mixin.py:188} INFO - [2026-03-02T13:41:44.559+0000] {dag.py:3096} INFO - Sync 1 DAGs
[2026-03-02T13:41:44.573+0000] {logging_mixin.py:188} INFO - [2026-03-02T13:41:44.572+0000] {dag.py:3954} INFO - Setting next_dagrun for example_sla_dag to 2026-03-02 13:38:00+00:00, run_after=2026-03-02 13:40:00+00:00
[2026-03-02T13:41:44.582+0000] {processor.py:183} INFO - Processing /home/airflow/.local/lib/python3.12/site-packages/airflow/example_dags/example_sla_dag.py took 0.048 seconds
[2026-03-02T13:42:14.892+0000] {processor.py:161} INFO - Started process (PID=733) to work on /home/airflow/.local/lib/python3.12/site-packages/airflow/example_dags/example_sla_dag.py
[2026-03-02T13:42:14.894+0000] {processor.py:830} INFO - Processing file /home/airflow/.local/lib/python3.12/site-packages/airflow/example_dags/example_sla_dag.py for tasks to queue
[2026-03-02T13:42:14.895+0000] {logging_mixin.py:188} INFO - [2026-03-02T13:42:14.894+0000] {dagbag.py:540} INFO - Filling up the DagBag from /home/airflow/.local/lib/python3.12/site-packages/airflow/example_dags/example_sla_dag.py
[2026-03-02T13:42:14.899+0000] {processor.py:840} INFO - DAG(s) 'example_sla_dag' retrieved from /home/airflow/.local/lib/python3.12/site-packages/airflow/example_dags/example_sla_dag.py
[2026-03-02T13:42:14.908+0000] {logging_mixin.py:188} INFO - [2026-03-02T13:42:14.908+0000] {dag.py:3096} INFO - Sync 1 DAGs
[2026-03-02T13:42:14.918+0000] {logging_mixin.py:188} INFO - [2026-03-02T13:42:14.917+0000] {dag.py:3954} INFO - Setting next_dagrun for example_sla_dag to 2026-03-02 13:40:00+00:00, run_after=2026-03-02 13:42:00+00:00
[2026-03-02T13:42:14.928+0000] {processor.py:183} INFO - Processing /home/airflow/.local/lib/python3.12/site-packages/airflow/example_dags/example_sla_dag.py took 0.039 seconds
[2026-03-02T13:42:45.459+0000] {processor.py:161} INFO - Started process (PID=791) to work on /home/airflow/.local/lib/python3.12/site-packages/airflow/example_dags/example_sla_dag.py
[2026-03-02T13:42:45.460+0000] {processor.py:830} INFO - Processing file /home/airflow/.local/lib/python3.12/site-packages/airflow/example_dags/example_sla_dag.py for tasks to queue
[2026-03-02T13:42:45.460+0000] {logging_mixin.py:188} INFO - [2026-03-02T13:42:45.460+0000] {dagbag.py:540} INFO - Filling up the DagBag from /home/airflow/.local/lib/python3.12/site-packages/airflow/example_dags/example_sla_dag.py
[2026-03-02T13:42:45.464+0000] {processor.py:840} INFO - DAG(s) 'example_sla_dag' retrieved from /home/airflow/.local/lib/python3.12/site-packages/airflow/example_dags/example_sla_dag.py
[2026-03-02T13:42:45.472+0000] {logging_mixin.py:188} INFO - [2026-03-02T13:42:45.472+0000] {dag.py:3096} INFO - Sync 1 DAGs
[2026-03-02T13:42:45.480+0000] {logging_mixin.py:188} INFO - [2026-03-02T13:42:45.480+0000] {dag.py:3954} INFO - Setting next_dagrun for example_sla_dag to 2026-03-02 13:40:00+00:00, run_after=2026-03-02 13:42:00+00:00
[2026-03-02T13:42:45.486+0000] {processor.py:183} INFO - Processing /home/airflow/.local/lib/python3.12/site-packages/airflow/example_dags/example_sla_dag.py took 0.030 seconds
[2026-03-02T13:43:16.300+0000] {processor.py:161} INFO - Started process (PID=849) to work on /home/airflow/.local/lib/python3.12/site-packages/airflow/example_dags/example_sla_dag.py
[2026-03-02T13:43:16.301+0000] {processor.py:830} INFO - Processing file /home/airflow/.local/lib/python3.12/site-packages/airflow/example_dags/example_sla_dag.py for tasks to queue
[2026-03-02T13:43:16.302+0000] {logging_mixin.py:188} INFO - [2026-03-02T13:43:16.302+0000] {dagbag.py:540} INFO - Filling up the DagBag from /home/airflow/.local/lib/python3.12/site-packages/airflow/example_dags/example_sla_dag.py
[2026-03-02T13:43:16.306+0000] {processor.py:840} INFO - DAG(s) 'example_sla_dag' retrieved from /home/airflow/.local/lib/python3.12/site-packages/airflow/example_dags/example_sla_dag.py
[2026-03-02T13:43:16.315+0000] {logging_mixin.py:188} INFO - [2026-03-02T13:43:16.315+0000] {dag.py:3096} INFO - Sync 1 DAGs
[2026-03-02T13:43:16.324+0000] {logging_mixin.py:188} INFO - [2026-03-02T13:43:16.324+0000] {dag.py:3954} INFO - Setting next_dagrun for example_sla_dag to 2026-03-02 13:40:00+00:00, run_after=2026-03-02 13:42:00+00:00
[2026-03-02T13:43:16.330+0000] {processor.py:183} INFO - Processing /home/airflow/.local/lib/python3.12/site-packages/airflow/example_dags/example_sla_dag.py took 0.033 seconds
[2026-03-02T13:43:47.208+0000] {processor.py:161} INFO - Started process (PID=907) to work on /home/airflow/.local/lib/python3.12/site-packages/airflow/example_dags/example_sla_dag.py
[2026-03-02T13:43:47.209+0000] {processor.py:830} INFO - Processing file /home/airflow/.local/lib/python3.12/site-packages/airflow/example_dags/example_sla_dag.py for tasks to queue
[2026-03-02T13:43:47.211+0000] {logging_mixin.py:188} INFO - [2026-03-02T13:43:47.210+0000] {dagbag.py:540} INFO - Filling up the DagBag from /home/airflow/.local/lib/python3.12/site-packages/airflow/example_dags/example_sla_dag.py
[2026-03-02T13:43:47.221+0000] {processor.py:840} INFO - DAG(s) 'example_sla_dag' retrieved from /home/airflow/.local/lib/python3.12/site-packages/airflow/example_dags/example_sla_dag.py
[2026-03-02T13:43:47.287+0000] {logging_mixin.py:188} INFO - [2026-03-02T13:43:47.286+0000] {dag.py:3096} INFO - Sync 1 DAGs
[2026-03-02T13:43:47.381+0000] {logging_mixin.py:188} INFO - [2026-03-02T13:43:47.375+0000] {dag.py:3954} INFO - Setting next_dagrun for example_sla_dag to 2026-03-02 13:40:00+00:00, run_after=2026-03-02 13:42:00+00:00
[2026-03-02T13:43:47.781+0000] {processor.py:183} INFO - Processing /home/airflow/.local/lib/python3.12/site-packages/airflow/example_dags/example_sla_dag.py took 0.579 seconds
[2026-03-02T13:44:18.357+0000] {processor.py:161} INFO - Started process (PID=965) to work on /home/airflow/.local/lib/python3.12/site-packages/airflow/example_dags/example_sla_dag.py
[2026-03-02T13:44:18.359+0000] {processor.py:830} INFO - Processing file /home/airflow/.local/lib/python3.12/site-packages/airflow/example_dags/example_sla_dag.py for tasks to queue
[2026-03-02T13:44:18.365+0000] {logging_mixin.py:188} INFO - [2026-03-02T13:44:18.365+0000] {dagbag.py:540} INFO - Filling up the DagBag from /home/airflow/.local/lib/python3.12/site-packages/airflow/example_dags/example_sla_dag.py
[2026-03-02T13:44:18.377+0000] {processor.py:840} INFO - DAG(s) 'example_sla_dag' retrieved from /home/airflow/.local/lib/python3.12/site-packages/airflow/example_dags/example_sla_dag.py
[2026-03-02T13:44:18.419+0000] {logging_mixin.py:188} INFO - [2026-03-02T13:44:18.419+0000] {dag.py:3096} INFO - Sync 1 DAGs
[2026-03-02T13:44:18.440+0000] {logging_mixin.py:188} INFO - [2026-03-02T13:44:18.439+0000] {dag.py:3954} INFO - Setting next_dagrun for example_sla_dag to 2026-03-02 13:42:00+00:00, run_after=2026-03-02 13:44:00+00:00
[2026-03-02T13:44:18.590+0000] {processor.py:183} INFO - Processing /home/airflow/.local/lib/python3.12/site-packages/airflow/example_dags/example_sla_dag.py took 0.241 seconds
[2026-03-02T13:44:49.305+0000] {processor.py:161} INFO - Started process (PID=1022) to work on /home/airflow/.local/lib/python3.12/site-packages/airflow/example_dags/example_sla_dag.py
[2026-03-02T13:44:49.306+0000] {processor.py:830} INFO - Processing file /home/airflow/.local/lib/python3.12/site-packages/airflow/example_dags/example_sla_dag.py for tasks to queue
[2026-03-02T13:44:49.306+0000] {logging_mixin.py:188} INFO - [2026-03-02T13:44:49.306+0000] {dagbag.py:540} INFO - Filling up the DagBag from /home/airflow/.local/lib/python3.12/site-packages/airflow/example_dags/example_sla_dag.py
[2026-03-02T13:44:49.311+0000] {processor.py:840} INFO - DAG(s) 'example_sla_dag' retrieved from /home/airflow/.local/lib/python3.12/site-packages/airflow/example_dags/example_sla_dag.py
[2026-03-02T13:44:49.323+0000] {logging_mixin.py:188} INFO - [2026-03-02T13:44:49.323+0000] {dag.py:3096} INFO - Sync 1 DAGs
[2026-03-02T13:44:49.332+0000] {logging_mixin.py:188} INFO - [2026-03-02T13:44:49.332+0000] {dag.py:3954} INFO - Setting next_dagrun for example_sla_dag to 2026-03-02 13:42:00+00:00, run_after=2026-03-02 13:44:00+00:00
[2026-03-02T13:44:49.339+0000] {processor.py:183} INFO - Processing /home/airflow/.local/lib/python3.12/site-packages/airflow/example_dags/example_sla_dag.py took 0.037 seconds
[2026-03-02T13:45:20.264+0000] {processor.py:161} INFO - Started process (PID=1080) to work on /home/airflow/.local/lib/python3.12/site-packages/airflow/example_dags/example_sla_dag.py
[2026-03-02T13:45:20.265+0000] {processor.py:830} INFO - Processing file /home/airflow/.local/lib/python3.12/site-packages/airflow/example_dags/example_sla_dag.py for tasks to queue
[2026-03-02T13:45:20.267+0000] {logging_mixin.py:188} INFO - [2026-03-02T13:45:20.266+0000] {dagbag.py:540} INFO - Filling up the DagBag from /home/airflow/.local/lib/python3.12/site-packages/airflow/example_dags/example_sla_dag.py
[2026-03-02T13:45:20.272+0000] {processor.py:840} INFO - DAG(s) 'example_sla_dag' retrieved from /home/airflow/.local/lib/python3.12/site-packages/airflow/example_dags/example_sla_dag.py
[2026-03-02T13:45:20.285+0000] {logging_mixin.py:188} INFO - [2026-03-02T13:45:20.285+0000] {dag.py:3096} INFO - Sync 1 DAGs
[2026-03-02T13:45:20.299+0000] {logging_mixin.py:188} INFO - [2026-03-02T13:45:20.299+0000] {dag.py:3954} INFO - Setting next_dagrun for example_sla_dag to 2026-03-02 13:42:00+00:00, run_after=2026-03-02 13:44:00+00:00
[2026-03-02T13:45:20.306+0000] {processor.py:183} INFO - Processing /home/airflow/.local/lib/python3.12/site-packages/airflow/example_dags/example_sla_dag.py took 0.045 seconds
[2026-03-02T13:45:51.288+0000] {processor.py:161} INFO - Started process (PID=1138) to work on /home/airflow/.local/lib/python3.12/site-packages/airflow/example_dags/example_sla_dag.py
[2026-03-02T13:45:51.289+0000] {processor.py:830} INFO - Processing file /home/airflow/.local/lib/python3.12/site-packages/airflow/example_dags/example_sla_dag.py for tasks to queue
[2026-03-02T13:45:51.290+0000] {logging_mixin.py:188} INFO - [2026-03-02T13:45:51.290+0000] {dagbag.py:540} INFO - Filling up the DagBag from /home/airflow/.local/lib/python3.12/site-packages/airflow/example_dags/example_sla_dag.py
[2026-03-02T13:45:51.297+0000] {processor.py:840} INFO - DAG(s) 'example_sla_dag' retrieved from /home/airflow/.local/lib/python3.12/site-packages/airflow/example_dags/example_sla_dag.py
[2026-03-02T13:45:51.331+0000] {logging_mixin.py:188} INFO - [2026-03-02T13:45:51.331+0000] {dag.py:3096} INFO - Sync 1 DAGs
[2026-03-02T13:45:51.346+0000] {logging_mixin.py:188} INFO - [2026-03-02T13:45:51.346+0000] {dag.py:3954} INFO - Setting next_dagrun for example_sla_dag to 2026-03-02 13:42:00+00:00, run_after=2026-03-02 13:44:00+00:00
[2026-03-02T13:45:51.355+0000] {processor.py:183} INFO - Processing /home/airflow/.local/lib/python3.12/site-packages/airflow/example_dags/example_sla_dag.py took 0.070 seconds
[2026-03-02T13:46:22.368+0000] {processor.py:161} INFO - Started process (PID=1196) to work on /home/airflow/.local/lib/python3.12/site-packages/airflow/example_dags/example_sla_dag.py
[2026-03-02T13:46:22.369+0000] {processor.py:830} INFO - Processing file /home/airflow/.local/lib/python3.12/site-packages/airflow/example_dags/example_sla_dag.py for tasks to queue
[2026-03-02T13:46:22.370+0000] {logging_mixin.py:188} INFO - [2026-03-02T13:46:22.370+0000] {dagbag.py:540} INFO - Filling up the DagBag from /home/airflow/.local/lib/python3.12/site-packages/airflow/example_dags/example_sla_dag.py
[2026-03-02T13:46:22.465+0000] {processor.py:840} INFO - DAG(s) 'example_sla_dag' retrieved from /home/airflow/.local/lib/python3.12/site-packages/airflow/example_dags/example_sla_dag.py
[2026-03-02T13:46:22.472+0000] {logging_mixin.py:188} INFO - [2026-03-02T13:46:22.472+0000] {dag.py:3096} INFO - Sync 1 DAGs
[2026-03-02T13:46:22.484+0000] {logging_mixin.py:188} INFO - [2026-03-02T13:46:22.484+0000] {dag.py:3954} INFO - Setting next_dagrun for example_sla_dag to 2026-03-02 13:44:00+00:00, run_after=2026-03-02 13:46:00+00:00
[2026-03-02T13:46:22.497+0000] {processor.py:183} INFO - Processing /home/airflow/.local/lib/python3.12/site-packages/airflow/example_dags/example_sla_dag.py took 0.131 seconds
[2026-03-02T13:46:52.784+0000] {processor.py:161} INFO - Started process (PID=1254) to work on /home/airflow/.local/lib/python3.12/site-packages/airflow/example_dags/example_sla_dag.py
[2026-03-02T13:46:52.785+0000] {processor.py:830} INFO - Processing file /home/airflow/.local/lib/python3.12/site-packages/airflow/example_dags/example_sla_dag.py for tasks to queue
[2026-03-02T13:46:52.789+0000] {logging_mixin.py:188} INFO - [2026-03-02T13:46:52.788+0000] {dagbag.py:540} INFO - Filling up the DagBag from /home/airflow/.local/lib/python3.12/site-packages/airflow/example_dags/example_sla_dag.py
[2026-03-02T13:46:52.794+0000] {processor.py:840} INFO - DAG(s) 'example_sla_dag' retrieved from /home/airflow/.local/lib/python3.12/site-packages/airflow/example_dags/example_sla_dag.py
[2026-03-02T13:46:52.807+0000] {logging_mixin.py:188} INFO - [2026-03-02T13:46:52.807+0000] {dag.py:3096} INFO - Sync 1 DAGs
[2026-03-02T13:46:52.824+0000] {logging_mixin.py:188} INFO - [2026-03-02T13:46:52.824+0000] {dag.py:3954} INFO - Setting next_dagrun for example_sla_dag to 2026-03-02 13:44:00+00:00, run_after=2026-03-02 13:46:00+00:00
[2026-03-02T13:46:52.841+0000] {processor.py:183} INFO - Processing /home/airflow/.local/lib/python3.12/site-packages/airflow/example_dags/example_sla_dag.py took 0.061 seconds
[2026-03-02T13:47:23.260+0000] {processor.py:161} INFO - Started process (PID=1312) to work on /home/airflow/.local/lib/python3.12/site-packages/airflow/example_dags/example_sla_dag.py
[2026-03-02T13:47:23.260+0000] {processor.py:830} INFO - Processing file /home/airflow/.local/lib/python3.12/site-packages/airflow/example_dags/example_sla_dag.py for tasks to queue
[2026-03-02T13:47:23.261+0000] {logging_mixin.py:188} INFO - [2026-03-02T13:47:23.261+0000] {dagbag.py:540} INFO - Filling up the DagBag from /home/airflow/.local/lib/python3.12/site-packages/airflow/example_dags/example_sla_dag.py
[2026-03-02T13:47:23.265+0000] {processor.py:840} INFO - DAG(s) 'example_sla_dag' retrieved from /home/airflow/.local/lib/python3.12/site-packages/airflow/example_dags/example_sla_dag.py
[2026-03-02T13:47:23.274+0000] {logging_mixin.py:188} INFO - [2026-03-02T13:47:23.274+0000] {dag.py:3096} INFO - Sync 1 DAGs
[2026-03-02T13:47:23.283+0000] {logging_mixin.py:188} INFO - [2026-03-02T13:47:23.283+0000] {dag.py:3954} INFO - Setting next_dagrun for example_sla_dag to 2026-03-02 13:44:00+00:00, run_after=2026-03-02 13:46:00+00:00
[2026-03-02T13:47:23.290+0000] {processor.py:183} INFO - Processing /home/airflow/.local/lib/python3.12/site-packages/airflow/example_dags/example_sla_dag.py took 0.035 seconds
[2026-03-02T13:47:53.876+0000] {processor.py:161} INFO - Started process (PID=1370) to work on /home/airflow/.local/lib/python3.12/site-packages/airflow/example_dags/example_sla_dag.py
[2026-03-02T13:47:53.877+0000] {processor.py:830} INFO - Processing file /home/airflow/.local/lib/python3.12/site-packages/airflow/example_dags/example_sla_dag.py for tasks to queue
[2026-03-02T13:47:53.879+0000] {logging_mixin.py:188} INFO - [2026-03-02T13:47:53.878+0000] {dagbag.py:540} INFO - Filling up the DagBag from /home/airflow/.local/lib/python3.12/site-packages/airflow/example_dags/example_sla_dag.py
[2026-03-02T13:47:53.882+0000] {processor.py:840} INFO - DAG(s) 'example_sla_dag' retrieved from /home/airflow/.local/lib/python3.12/site-packages/airflow/example_dags/example_sla_dag.py
[2026-03-02T13:47:53.895+0000] {logging_mixin.py:188} INFO - [2026-03-02T13:47:53.894+0000] {dag.py:3096} INFO - Sync 1 DAGs
[2026-03-02T13:47:53.906+0000] {logging_mixin.py:188} INFO - [2026-03-02T13:47:53.906+0000] {dag.py:3954} INFO - Setting next_dagrun for example_sla_dag to 2026-03-02 13:44:00+00:00, run_after=2026-03-02 13:46:00+00:00
[2026-03-02T13:47:53.915+0000] {processor.py:183} INFO - Processing /home/airflow/.local/lib/python3.12/site-packages/airflow/example_dags/example_sla_dag.py took 0.042 seconds
[2026-03-02T13:48:23.938+0000] {processor.py:161} INFO - Started process (PID=1428) to work on /home/airflow/.local/lib/python3.12/site-packages/airflow/example_dags/example_sla_dag.py
[2026-03-02T13:48:23.939+0000] {processor.py:830} INFO - Processing file /home/airflow/.local/lib/python3.12/site-packages/airflow/example_dags/example_sla_dag.py for tasks to queue
[2026-03-02T13:48:23.941+0000] {logging_mixin.py:188} INFO - [2026-03-02T13:48:23.940+0000] {dagbag.py:540} INFO - Filling up the DagBag from /home/airflow/.local/lib/python3.12/site-packages/airflow/example_dags/example_sla_dag.py
[2026-03-02T13:48:23.948+0000] {processor.py:840} INFO - DAG(s) 'example_sla_dag' retrieved from /home/airflow/.local/lib/python3.12/site-packages/airflow/example_dags/example_sla_dag.py
[2026-03-02T13:48:23.959+0000] {logging_mixin.py:188} INFO - [2026-03-02T13:48:23.959+0000] {dag.py:3096} INFO - Sync 1 DAGs
[2026-03-02T13:48:23.970+0000] {logging_mixin.py:188} INFO - [2026-03-02T13:48:23.970+0000] {dag.py:3954} INFO - Setting next_dagrun for example_sla_dag to 2026-03-02 13:46:00+00:00, run_after=2026-03-02 13:48:00+00:00
[2026-03-02T13:48:23.980+0000] {processor.py:183} INFO - Processing /home/airflow/.local/lib/python3.12/site-packages/airflow/example_dags/example_sla_dag.py took 0.045 seconds
[2026-03-02T13:48:54.550+0000] {processor.py:161} INFO - Started process (PID=1486) to work on /home/airflow/.local/lib/python3.12/site-packages/airflow/example_dags/example_sla_dag.py
[2026-03-02T13:48:54.551+0000] {processor.py:830} INFO - Processing file /home/airflow/.local/lib/python3.12/site-packages/airflow/example_dags/example_sla_dag.py for tasks to queue
[2026-03-02T13:48:54.552+0000] {logging_mixin.py:188} INFO - [2026-03-02T13:48:54.552+0000] {dagbag.py:540} INFO - Filling up the DagBag from /home/airflow/.local/lib/python3.12/site-packages/airflow/example_dags/example_sla_dag.py
[2026-03-02T13:48:54.558+0000] {processor.py:840} INFO - DAG(s) 'example_sla_dag' retrieved from /home/airflow/.local/lib/python3.12/site-packages/airflow/example_dags/example_sla_dag.py
[2026-03-02T13:48:54.571+0000] {logging_mixin.py:188} INFO - [2026-03-02T13:48:54.571+0000] {dag.py:3096} INFO - Sync 1 DAGs
[2026-03-02T13:48:54.584+0000] {logging_mixin.py:188} INFO - [2026-03-02T13:48:54.584+0000] {dag.py:3954} INFO - Setting next_dagrun for example_sla_dag to 2026-03-02 13:46:00+00:00, run_after=2026-03-02 13:48:00+00:00
[2026-03-02T13:48:54.601+0000] {processor.py:183} INFO - Processing /home/airflow/.local/lib/python3.12/site-packages/airflow/example_dags/example_sla_dag.py took 0.054 seconds
[2026-03-02T13:49:24.992+0000] {processor.py:161} INFO - Started process (PID=1544) to work on /home/airflow/.local/lib/python3.12/site-packages/airflow/example_dags/example_sla_dag.py
[2026-03-02T13:49:24.992+0000] {processor.py:830} INFO - Processing file /home/airflow/.local/lib/python3.12/site-packages/airflow/example_dags/example_sla_dag.py for tasks to queue
[2026-03-02T13:49:24.993+0000] {logging_mixin.py:188} INFO - [2026-03-02T13:49:24.993+0000] {dagbag.py:540} INFO - Filling up the DagBag from /home/airflow/.local/lib/python3.12/site-packages/airflow/example_dags/example_sla_dag.py
[2026-03-02T13:49:24.996+0000] {processor.py:840} INFO - DAG(s) 'example_sla_dag' retrieved from /home/airflow/.local/lib/python3.12/site-packages/airflow/example_dags/example_sla_dag.py
[2026-03-02T13:49:25.005+0000] {logging_mixin.py:188} INFO - [2026-03-02T13:49:25.005+0000] {dag.py:3096} INFO - Sync 1 DAGs
[2026-03-02T13:49:25.016+0000] {logging_mixin.py:188} INFO - [2026-03-02T13:49:25.015+0000] {dag.py:3954} INFO - Setting next_dagrun for example_sla_dag to 2026-03-02 13:46:00+00:00, run_after=2026-03-02 13:48:00+00:00
[2026-03-02T13:49:25.029+0000] {processor.py:183} INFO - Processing /home/airflow/.local/lib/python3.12/site-packages/airflow/example_dags/example_sla_dag.py took 0.040 seconds
[2026-03-02T13:49:55.513+0000] {processor.py:161} INFO - Started process (PID=1602) to work on /home/airflow/.local/lib/python3.12/site-packages/airflow/example_dags/example_sla_dag.py
[2026-03-02T13:49:55.514+0000] {processor.py:830} INFO - Processing file /home/airflow/.local/lib/python3.12/site-packages/airflow/example_dags/example_sla_dag.py for tasks to queue
[2026-03-02T13:49:55.515+0000] {logging_mixin.py:188} INFO - [2026-03-02T13:49:55.515+0000] {dagbag.py:540} INFO - Filling up the DagBag from /home/airflow/.local/lib/python3.12/site-packages/airflow/example_dags/example_sla_dag.py
[2026-03-02T13:49:55.520+0000] {processor.py:840} INFO - DAG(s) 'example_sla_dag' retrieved from /home/airflow/.local/lib/python3.12/site-packages/airflow/example_dags/example_sla_dag.py
[2026-03-02T13:49:55.535+0000] {logging_mixin.py:188} INFO - [2026-03-02T13:49:55.535+0000] {dag.py:3096} INFO - Sync 1 DAGs
[2026-03-02T13:49:55.548+0000] {logging_mixin.py:188} INFO - [2026-03-02T13:49:55.548+0000] {dag.py:3954} INFO - Setting next_dagrun for example_sla_dag to 2026-03-02 13:46:00+00:00, run_after=2026-03-02 13:48:00+00:00
[2026-03-02T13:49:55.567+0000] {processor.py:183} INFO - Processing /home/airflow/.local/lib/python3.12/site-packages/airflow/example_dags/example_sla_dag.py took 0.057 seconds
[2026-03-02T13:50:25.716+0000] {processor.py:161} INFO - Started process (PID=1660) to work on /home/airflow/.local/lib/python3.12/site-packages/airflow/example_dags/example_sla_dag.py
[2026-03-02T13:50:25.717+0000] {processor.py:830} INFO - Processing file /home/airflow/.local/lib/python3.12/site-packages/airflow/example_dags/example_sla_dag.py for tasks to queue
[2026-03-02T13:50:25.718+0000] {logging_mixin.py:188} INFO - [2026-03-02T13:50:25.718+0000] {dagbag.py:540} INFO - Filling up the DagBag from /home/airflow/.local/lib/python3.12/site-packages/airflow/example_dags/example_sla_dag.py
[2026-03-02T13:50:25.725+0000] {processor.py:840} INFO - DAG(s) 'example_sla_dag' retrieved from /home/airflow/.local/lib/python3.12/site-packages/airflow/example_dags/example_sla_dag.py
[2026-03-02T13:50:25.734+0000] {logging_mixin.py:188} INFO - [2026-03-02T13:50:25.734+0000] {dag.py:3096} INFO - Sync 1 DAGs
[2026-03-02T13:50:25.748+0000] {logging_mixin.py:188} INFO - [2026-03-02T13:50:25.748+0000] {dag.py:3954} INFO - Setting next_dagrun for example_sla_dag to 2026-03-02 13:48:00+00:00, run_after=2026-03-02 13:50:00+00:00
[2026-03-02T13:50:25.763+0000] {processor.py:183} INFO - Processing /home/airflow/.local/lib/python3.12/site-packages/airflow/example_dags/example_sla_dag.py took 0.049 seconds
[2026-03-02T13:50:56.665+0000] {processor.py:161} INFO - Started process (PID=1718) to work on /home/airflow/.local/lib/python3.12/site-packages/airflow/example_dags/example_sla_dag.py
[2026-03-02T13:50:56.666+0000] {processor.py:830} INFO - Processing file /home/airflow/.local/lib/python3.12/site-packages/airflow/example_dags/example_sla_dag.py for tasks to queue
[2026-03-02T13:50:56.668+0000] {logging_mixin.py:188} INFO - [2026-03-02T13:50:56.667+0000] {dagbag.py:540} INFO - Filling up the DagBag from /home/airflow/.local/lib/python3.12/site-packages/airflow/example_dags/example_sla_dag.py
[2026-03-02T13:50:56.672+0000] {processor.py:840} INFO - DAG(s) 'example_sla_dag' retrieved from /home/airflow/.local/lib/python3.12/site-packages/airflow/example_dags/example_sla_dag.py
[2026-03-02T13:50:56.685+0000] {logging_mixin.py:188} INFO - [2026-03-02T13:50:56.685+0000] {dag.py:3096} INFO - Sync 1 DAGs
[2026-03-02T13:50:56.695+0000] {logging_mixin.py:188} INFO - [2026-03-02T13:50:56.695+0000] {dag.py:3954} INFO - Setting next_dagrun for example_sla_dag to 2026-03-02 13:48:00+00:00, run_after=2026-03-02 13:50:00+00:00
[2026-03-02T13:50:56.703+0000] {processor.py:183} INFO - Processing /home/airflow/.local/lib/python3.12/site-packages/airflow/example_dags/example_sla_dag.py took 0.042 seconds
[2026-03-02T13:51:27.413+0000] {processor.py:161} INFO - Started process (PID=1776) to work on /home/airflow/.local/lib/python3.12/site-packages/airflow/example_dags/example_sla_dag.py
[2026-03-02T13:51:27.414+0000] {processor.py:830} INFO - Processing file /home/airflow/.local/lib/python3.12/site-packages/airflow/example_dags/example_sla_dag.py for tasks to queue
[2026-03-02T13:51:27.419+0000] {logging_mixin.py:188} INFO - [2026-03-02T13:51:27.419+0000] {dagbag.py:540} INFO - Filling up the DagBag from /home/airflow/.local/lib/python3.12/site-packages/airflow/example_dags/example_sla_dag.py
[2026-03-02T13:51:27.427+0000] {processor.py:840} INFO - DAG(s) 'example_sla_dag' retrieved from /home/airflow/.local/lib/python3.12/site-packages/airflow/example_dags/example_sla_dag.py
[2026-03-02T13:51:27.449+0000] {logging_mixin.py:188} INFO - [2026-03-02T13:51:27.449+0000] {dag.py:3096} INFO - Sync 1 DAGs
[2026-03-02T13:51:27.461+0000] {logging_mixin.py:188} INFO - [2026-03-02T13:51:27.461+0000] {dag.py:3954} INFO - Setting next_dagrun for example_sla_dag to 2026-03-02 13:48:00+00:00, run_after=2026-03-02 13:50:00+00:00
[2026-03-02T13:51:27.469+0000] {processor.py:183} INFO - Processing /home/airflow/.local/lib/python3.12/site-packages/airflow/example_dags/example_sla_dag.py took 0.062 seconds
[2026-03-02T13:51:58.173+0000] {processor.py:161} INFO - Started process (PID=1834) to work on /home/airflow/.local/lib/python3.12/site-packages/airflow/example_dags/example_sla_dag.py
[2026-03-02T13:51:58.174+0000] {processor.py:830} INFO - Processing file /home/airflow/.local/lib/python3.12/site-packages/airflow/example_dags/example_sla_dag.py for tasks to queue
[2026-03-02T13:51:58.175+0000] {logging_mixin.py:188} INFO - [2026-03-02T13:51:58.175+0000] {dagbag.py:540} INFO - Filling up the DagBag from /home/airflow/.local/lib/python3.12/site-packages/airflow/example_dags/example_sla_dag.py
[2026-03-02T13:51:58.180+0000] {processor.py:840} INFO - DAG(s) 'example_sla_dag' retrieved from /home/airflow/.local/lib/python3.12/site-packages/airflow/example_dags/example_sla_dag.py
[2026-03-02T13:51:58.189+0000] {logging_mixin.py:188} INFO - [2026-03-02T13:51:58.188+0000] {dag.py:3096} INFO - Sync 1 DAGs
[2026-03-02T13:51:58.198+0000] {logging_mixin.py:188} INFO - [2026-03-02T13:51:58.198+0000] {dag.py:3954} INFO - Setting next_dagrun for example_sla_dag to 2026-03-02 13:48:00+00:00, run_after=2026-03-02 13:50:00+00:00
[2026-03-02T13:51:58.205+0000] {processor.py:183} INFO - Processing /home/airflow/.local/lib/python3.12/site-packages/airflow/example_dags/example_sla_dag.py took 0.035 seconds
[2026-03-02T13:52:28.800+0000] {processor.py:161} INFO - Started process (PID=1892) to work on /home/airflow/.local/lib/python3.12/site-packages/airflow/example_dags/example_sla_dag.py
[2026-03-02T13:52:28.801+0000] {processor.py:830} INFO - Processing file /home/airflow/.local/lib/python3.12/site-packages/airflow/example_dags/example_sla_dag.py for tasks to queue
[2026-03-02T13:52:28.801+0000] {logging_mixin.py:188} INFO - [2026-03-02T13:52:28.801+0000] {dagbag.py:540} INFO - Filling up the DagBag from /home/airflow/.local/lib/python3.12/site-packages/airflow/example_dags/example_sla_dag.py
[2026-03-02T13:52:28.806+0000] {processor.py:840} INFO - DAG(s) 'example_sla_dag' retrieved from /home/airflow/.local/lib/python3.12/site-packages/airflow/example_dags/example_sla_dag.py
[2026-03-02T13:52:28.815+0000] {logging_mixin.py:188} INFO - [2026-03-02T13:52:28.815+0000] {dag.py:3096} INFO - Sync 1 DAGs
[2026-03-02T13:52:28.825+0000] {logging_mixin.py:188} INFO - [2026-03-02T13:52:28.825+0000] {dag.py:3954} INFO - Setting next_dagrun for example_sla_dag to 2026-03-02 13:50:00+00:00, run_after=2026-03-02 13:52:00+00:00
[2026-03-02T13:52:28.834+0000] {processor.py:183} INFO - Processing /home/airflow/.local/lib/python3.12/site-packages/airflow/example_dags/example_sla_dag.py took 0.038 seconds
[2026-03-02T13:52:59.722+0000] {processor.py:161} INFO - Started process (PID=1950) to work on /home/airflow/.local/lib/python3.12/site-packages/airflow/example_dags/example_sla_dag.py
[2026-03-02T13:52:59.722+0000] {processor.py:830} INFO - Processing file /home/airflow/.local/lib/python3.12/site-packages/airflow/example_dags/example_sla_dag.py for tasks to queue
[2026-03-02T13:52:59.723+0000] {logging_mixin.py:188} INFO - [2026-03-02T13:52:59.723+0000] {dagbag.py:540} INFO - Filling up the DagBag from /home/airflow/.local/lib/python3.12/site-packages/airflow/example_dags/example_sla_dag.py
[2026-03-02T13:52:59.728+0000] {processor.py:840} INFO - DAG(s) 'example_sla_dag' retrieved from /home/airflow/.local/lib/python3.12/site-packages/airflow/example_dags/example_sla_dag.py
[2026-03-02T13:52:59.736+0000] {logging_mixin.py:188} INFO - [2026-03-02T13:52:59.736+0000] {dag.py:3096} INFO - Sync 1 DAGs
[2026-03-02T13:52:59.747+0000] {logging_mixin.py:188} INFO - [2026-03-02T13:52:59.747+0000] {dag.py:3954} INFO - Setting next_dagrun for example_sla_dag to 2026-03-02 13:50:00+00:00, run_after=2026-03-02 13:52:00+00:00
[2026-03-02T13:52:59.753+0000] {processor.py:183} INFO - Processing /home/airflow/.local/lib/python3.12/site-packages/airflow/example_dags/example_sla_dag.py took 0.035 seconds
[2026-03-02T13:53:30.869+0000] {processor.py:161} INFO - Started process (PID=2008) to work on /home/airflow/.local/lib/python3.12/site-packages/airflow/example_dags/example_sla_dag.py
[2026-03-02T13:53:30.871+0000] {processor.py:830} INFO - Processing file /home/airflow/.local/lib/python3.12/site-packages/airflow/example_dags/example_sla_dag.py for tasks to queue
[2026-03-02T13:53:30.872+0000] {logging_mixin.py:188} INFO - [2026-03-02T13:53:30.872+0000] {dagbag.py:540} INFO - Filling up the DagBag from /home/airflow/.local/lib/python3.12/site-packages/airflow/example_dags/example_sla_dag.py
[2026-03-02T13:53:30.881+0000] {processor.py:840} INFO - DAG(s) 'example_sla_dag' retrieved from /home/airflow/.local/lib/python3.12/site-packages/airflow/example_dags/example_sla_dag.py
[2026-03-02T13:53:30.901+0000] {logging_mixin.py:188} INFO - [2026-03-02T13:53:30.901+0000] {dag.py:3096} INFO - Sync 1 DAGs
[2026-03-02T13:53:30.914+0000] {logging_mixin.py:188} INFO - [2026-03-02T13:53:30.914+0000] {dag.py:3954} INFO - Setting next_dagrun for example_sla_dag to 2026-03-02 13:50:00+00:00, run_after=2026-03-02 13:52:00+00:00
[2026-03-02T13:53:30.922+0000] {processor.py:183} INFO - Processing /home/airflow/.local/lib/python3.12/site-packages/airflow/example_dags/example_sla_dag.py took 0.059 seconds
[2026-03-02T13:54:01.682+0000] {processor.py:161} INFO - Started process (PID=2066) to work on /home/airflow/.local/lib/python3.12/site-packages/airflow/example_dags/example_sla_dag.py
[2026-03-02T13:54:01.683+0000] {processor.py:830} INFO - Processing file /home/airflow/.local/lib/python3.12/site-packages/airflow/example_dags/example_sla_dag.py for tasks to queue
[2026-03-02T13:54:01.684+0000] {logging_mixin.py:188} INFO - [2026-03-02T13:54:01.683+0000] {dagbag.py:540} INFO - Filling up the DagBag from /home/airflow/.local/lib/python3.12/site-packages/airflow/example_dags/example_sla_dag.py
[2026-03-02T13:54:01.687+0000] {processor.py:840} INFO - DAG(s) 'example_sla_dag' retrieved from /home/airflow/.local/lib/python3.12/site-packages/airflow/example_dags/example_sla_dag.py
[2026-03-02T13:54:01.706+0000] {logging_mixin.py:188} INFO - [2026-03-02T13:54:01.706+0000] {dag.py:3096} INFO - Sync 1 DAGs
[2026-03-02T13:54:01.718+0000] {logging_mixin.py:188} INFO - [2026-03-02T13:54:01.718+0000] {dag.py:3954} INFO - Setting next_dagrun for example_sla_dag to 2026-03-02 13:52:00+00:00, run_after=2026-03-02 13:54:00+00:00
[2026-03-02T13:54:01.726+0000] {processor.py:183} INFO - Processing /home/airflow/.local/lib/python3.12/site-packages/airflow/example_dags/example_sla_dag.py took 0.049 seconds
[2026-03-02T13:54:32.393+0000] {processor.py:161} INFO - Started process (PID=2124) to work on /home/airflow/.local/lib/python3.12/site-packages/airflow/example_dags/example_sla_dag.py
[2026-03-02T13:54:32.394+0000] {processor.py:830} INFO - Processing file /home/airflow/.local/lib/python3.12/site-packages/airflow/example_dags/example_sla_dag.py for tasks to queue
[2026-03-02T13:54:32.395+0000] {logging_mixin.py:188} INFO - [2026-03-02T13:54:32.395+0000] {dagbag.py:540} INFO - Filling up the DagBag from /home/airflow/.local/lib/python3.12/site-packages/airflow/example_dags/example_sla_dag.py
[2026-03-02T13:54:32.399+0000] {processor.py:840} INFO - DAG(s) 'example_sla_dag' retrieved from /home/airflow/.local/lib/python3.12/site-packages/airflow/example_dags/example_sla_dag.py
[2026-03-02T13:54:32.409+0000] {logging_mixin.py:188} INFO - [2026-03-02T13:54:32.409+0000] {dag.py:3096} INFO - Sync 1 DAGs
[2026-03-02T13:54:32.421+0000] {logging_mixin.py:188} INFO - [2026-03-02T13:54:32.421+0000] {dag.py:3954} INFO - Setting next_dagrun for example_sla_dag to 2026-03-02 13:52:00+00:00, run_after=2026-03-02 13:54:00+00:00
[2026-03-02T13:54:32.428+0000] {processor.py:183} INFO - Processing /home/airflow/.local/lib/python3.12/site-packages/airflow/example_dags/example_sla_dag.py took 0.038 seconds
[2026-03-02T13:55:22.833+0000] {processor.py:161} INFO - Started process (PID=2188) to work on /home/airflow/.local/lib/python3.12/site-packages/airflow/example_dags/example_sla_dag.py
[2026-03-02T13:55:22.834+0000] {processor.py:830} INFO - Processing file /home/airflow/.local/lib/python3.12/site-packages/airflow/example_dags/example_sla_dag.py for tasks to queue
[2026-03-02T13:55:22.835+0000] {logging_mixin.py:188} INFO - [2026-03-02T13:55:22.835+0000] {dagbag.py:540} INFO - Filling up the DagBag from /home/airflow/.local/lib/python3.12/site-packages/airflow/example_dags/example_sla_dag.py
[2026-03-02T13:55:22.844+0000] {processor.py:840} INFO - DAG(s) 'example_sla_dag' retrieved from /home/airflow/.local/lib/python3.12/site-packages/airflow/example_dags/example_sla_dag.py
[2026-03-02T13:55:22.880+0000] {logging_mixin.py:188} INFO - [2026-03-02T13:55:22.880+0000] {dag.py:3096} INFO - Sync 1 DAGs
[2026-03-02T13:55:22.917+0000] {logging_mixin.py:188} INFO - [2026-03-02T13:55:22.916+0000] {dag.py:3954} INFO - Setting next_dagrun for example_sla_dag to 2026-03-02 13:52:00+00:00, run_after=2026-03-02 13:54:00+00:00
[2026-03-02T13:55:22.951+0000] {processor.py:183} INFO - Processing /home/airflow/.local/lib/python3.12/site-packages/airflow/example_dags/example_sla_dag.py took 0.125 seconds
[2026-03-02T13:55:53.102+0000] {processor.py:161} INFO - Started process (PID=2246) to work on /home/airflow/.local/lib/python3.12/site-packages/airflow/example_dags/example_sla_dag.py
[2026-03-02T13:55:53.103+0000] {processor.py:830} INFO - Processing file /home/airflow/.local/lib/python3.12/site-packages/airflow/example_dags/example_sla_dag.py for tasks to queue
[2026-03-02T13:55:53.104+0000] {logging_mixin.py:188} INFO - [2026-03-02T13:55:53.104+0000] {dagbag.py:540} INFO - Filling up the DagBag from /home/airflow/.local/lib/python3.12/site-packages/airflow/example_dags/example_sla_dag.py
[2026-03-02T13:55:53.112+0000] {processor.py:840} INFO - DAG(s) 'example_sla_dag' retrieved from /home/airflow/.local/lib/python3.12/site-packages/airflow/example_dags/example_sla_dag.py
[2026-03-02T13:55:53.128+0000] {logging_mixin.py:188} INFO - [2026-03-02T13:55:53.128+0000] {dag.py:3096} INFO - Sync 1 DAGs
[2026-03-02T13:55:53.143+0000] {logging_mixin.py:188} INFO - [2026-03-02T13:55:53.143+0000] {dag.py:3954} INFO - Setting next_dagrun for example_sla_dag to 2026-03-02 13:52:00+00:00, run_after=2026-03-02 13:54:00+00:00
[2026-03-02T13:55:53.155+0000] {processor.py:183} INFO - Processing /home/airflow/.local/lib/python3.12/site-packages/airflow/example_dags/example_sla_dag.py took 0.060 seconds
