[2026-03-02T13:36:36.230+0000] {processor.py:161} INFO - Started process (PID=87) to work on /home/airflow/.local/lib/python3.12/site-packages/airflow/example_dags/example_setup_teardown.py
[2026-03-02T13:36:36.231+0000] {processor.py:830} INFO - Processing file /home/airflow/.local/lib/python3.12/site-packages/airflow/example_dags/example_setup_teardown.py for tasks to queue
[2026-03-02T13:36:36.232+0000] {logging_mixin.py:188} INFO - [2026-03-02T13:36:36.232+0000] {dagbag.py:540} INFO - Filling up the DagBag from /home/airflow/.local/lib/python3.12/site-packages/airflow/example_dags/example_setup_teardown.py
[2026-03-02T13:36:36.237+0000] {processor.py:840} INFO - DAG(s) 'example_setup_teardown' retrieved from /home/airflow/.local/lib/python3.12/site-packages/airflow/example_dags/example_setup_teardown.py
[2026-03-02T13:36:36.296+0000] {logging_mixin.py:188} INFO - [2026-03-02T13:36:36.296+0000] {dag.py:3096} INFO - Sync 1 DAGs
[2026-03-02T13:36:36.303+0000] {logging_mixin.py:188} INFO - [2026-03-02T13:36:36.303+0000] {dag.py:3954} INFO - Setting next_dagrun for example_setup_teardown to 2026-03-01 00:00:00+00:00, run_after=2026-03-02 00:00:00+00:00
[2026-03-02T13:36:36.311+0000] {processor.py:183} INFO - Processing /home/airflow/.local/lib/python3.12/site-packages/airflow/example_dags/example_setup_teardown.py took 0.085 seconds
[2026-03-02T13:37:06.887+0000] {processor.py:161} INFO - Started process (PID=145) to work on /home/airflow/.local/lib/python3.12/site-packages/airflow/example_dags/example_setup_teardown.py
[2026-03-02T13:37:06.891+0000] {processor.py:830} INFO - Processing file /home/airflow/.local/lib/python3.12/site-packages/airflow/example_dags/example_setup_teardown.py for tasks to queue
[2026-03-02T13:37:06.895+0000] {logging_mixin.py:188} INFO - [2026-03-02T13:37:06.895+0000] {dagbag.py:540} INFO - Filling up the DagBag from /home/airflow/.local/lib/python3.12/site-packages/airflow/example_dags/example_setup_teardown.py
[2026-03-02T13:37:06.898+0000] {processor.py:840} INFO - DAG(s) 'example_setup_teardown' retrieved from /home/airflow/.local/lib/python3.12/site-packages/airflow/example_dags/example_setup_teardown.py
[2026-03-02T13:37:06.907+0000] {logging_mixin.py:188} INFO - [2026-03-02T13:37:06.907+0000] {dag.py:3096} INFO - Sync 1 DAGs
[2026-03-02T13:37:06.916+0000] {logging_mixin.py:188} INFO - [2026-03-02T13:37:06.916+0000] {dag.py:3954} INFO - Setting next_dagrun for example_setup_teardown to 2026-03-01 00:00:00+00:00, run_after=2026-03-02 00:00:00+00:00
[2026-03-02T13:37:06.922+0000] {processor.py:183} INFO - Processing /home/airflow/.local/lib/python3.12/site-packages/airflow/example_dags/example_setup_teardown.py took 0.039 seconds
[2026-03-02T13:37:38.803+0000] {processor.py:161} INFO - Started process (PID=203) to work on /home/airflow/.local/lib/python3.12/site-packages/airflow/example_dags/example_setup_teardown.py
[2026-03-02T13:37:38.810+0000] {processor.py:830} INFO - Processing file /home/airflow/.local/lib/python3.12/site-packages/airflow/example_dags/example_setup_teardown.py for tasks to queue
[2026-03-02T13:37:38.817+0000] {logging_mixin.py:188} INFO - [2026-03-02T13:37:38.816+0000] {dagbag.py:540} INFO - Filling up the DagBag from /home/airflow/.local/lib/python3.12/site-packages/airflow/example_dags/example_setup_teardown.py
[2026-03-02T13:37:38.896+0000] {processor.py:840} INFO - DAG(s) 'example_setup_teardown' retrieved from /home/airflow/.local/lib/python3.12/site-packages/airflow/example_dags/example_setup_teardown.py
[2026-03-02T13:37:38.985+0000] {logging_mixin.py:188} INFO - [2026-03-02T13:37:38.984+0000] {dag.py:3096} INFO - Sync 1 DAGs
[2026-03-02T13:37:39.049+0000] {logging_mixin.py:188} INFO - [2026-03-02T13:37:39.047+0000] {dag.py:3954} INFO - Setting next_dagrun for example_setup_teardown to 2026-03-01 00:00:00+00:00, run_after=2026-03-02 00:00:00+00:00
[2026-03-02T13:37:39.125+0000] {processor.py:183} INFO - Processing /home/airflow/.local/lib/python3.12/site-packages/airflow/example_dags/example_setup_teardown.py took 0.359 seconds
[2026-03-02T13:38:09.871+0000] {processor.py:161} INFO - Started process (PID=261) to work on /home/airflow/.local/lib/python3.12/site-packages/airflow/example_dags/example_setup_teardown.py
[2026-03-02T13:38:09.871+0000] {processor.py:830} INFO - Processing file /home/airflow/.local/lib/python3.12/site-packages/airflow/example_dags/example_setup_teardown.py for tasks to queue
[2026-03-02T13:38:09.873+0000] {logging_mixin.py:188} INFO - [2026-03-02T13:38:09.872+0000] {dagbag.py:540} INFO - Filling up the DagBag from /home/airflow/.local/lib/python3.12/site-packages/airflow/example_dags/example_setup_teardown.py
[2026-03-02T13:38:09.876+0000] {processor.py:840} INFO - DAG(s) 'example_setup_teardown' retrieved from /home/airflow/.local/lib/python3.12/site-packages/airflow/example_dags/example_setup_teardown.py
[2026-03-02T13:38:09.888+0000] {logging_mixin.py:188} INFO - [2026-03-02T13:38:09.887+0000] {dag.py:3096} INFO - Sync 1 DAGs
[2026-03-02T13:38:09.897+0000] {logging_mixin.py:188} INFO - [2026-03-02T13:38:09.897+0000] {dag.py:3954} INFO - Setting next_dagrun for example_setup_teardown to 2026-03-01 00:00:00+00:00, run_after=2026-03-02 00:00:00+00:00
[2026-03-02T13:38:09.904+0000] {processor.py:183} INFO - Processing /home/airflow/.local/lib/python3.12/site-packages/airflow/example_dags/example_setup_teardown.py took 0.036 seconds
[2026-03-02T13:38:40.826+0000] {processor.py:161} INFO - Started process (PID=319) to work on /home/airflow/.local/lib/python3.12/site-packages/airflow/example_dags/example_setup_teardown.py
[2026-03-02T13:38:40.826+0000] {processor.py:830} INFO - Processing file /home/airflow/.local/lib/python3.12/site-packages/airflow/example_dags/example_setup_teardown.py for tasks to queue
[2026-03-02T13:38:40.828+0000] {logging_mixin.py:188} INFO - [2026-03-02T13:38:40.828+0000] {dagbag.py:540} INFO - Filling up the DagBag from /home/airflow/.local/lib/python3.12/site-packages/airflow/example_dags/example_setup_teardown.py
[2026-03-02T13:38:40.832+0000] {processor.py:840} INFO - DAG(s) 'example_setup_teardown' retrieved from /home/airflow/.local/lib/python3.12/site-packages/airflow/example_dags/example_setup_teardown.py
[2026-03-02T13:38:40.842+0000] {logging_mixin.py:188} INFO - [2026-03-02T13:38:40.842+0000] {dag.py:3096} INFO - Sync 1 DAGs
[2026-03-02T13:38:40.851+0000] {logging_mixin.py:188} INFO - [2026-03-02T13:38:40.851+0000] {dag.py:3954} INFO - Setting next_dagrun for example_setup_teardown to 2026-03-01 00:00:00+00:00, run_after=2026-03-02 00:00:00+00:00
[2026-03-02T13:38:40.858+0000] {processor.py:183} INFO - Processing /home/airflow/.local/lib/python3.12/site-packages/airflow/example_dags/example_setup_teardown.py took 0.035 seconds
[2026-03-02T13:39:11.233+0000] {processor.py:161} INFO - Started process (PID=377) to work on /home/airflow/.local/lib/python3.12/site-packages/airflow/example_dags/example_setup_teardown.py
[2026-03-02T13:39:11.234+0000] {processor.py:830} INFO - Processing file /home/airflow/.local/lib/python3.12/site-packages/airflow/example_dags/example_setup_teardown.py for tasks to queue
[2026-03-02T13:39:11.235+0000] {logging_mixin.py:188} INFO - [2026-03-02T13:39:11.235+0000] {dagbag.py:540} INFO - Filling up the DagBag from /home/airflow/.local/lib/python3.12/site-packages/airflow/example_dags/example_setup_teardown.py
[2026-03-02T13:39:11.238+0000] {processor.py:840} INFO - DAG(s) 'example_setup_teardown' retrieved from /home/airflow/.local/lib/python3.12/site-packages/airflow/example_dags/example_setup_teardown.py
[2026-03-02T13:39:11.250+0000] {logging_mixin.py:188} INFO - [2026-03-02T13:39:11.250+0000] {dag.py:3096} INFO - Sync 1 DAGs
[2026-03-02T13:39:11.261+0000] {logging_mixin.py:188} INFO - [2026-03-02T13:39:11.261+0000] {dag.py:3954} INFO - Setting next_dagrun for example_setup_teardown to 2026-03-01 00:00:00+00:00, run_after=2026-03-02 00:00:00+00:00
[2026-03-02T13:39:11.270+0000] {processor.py:183} INFO - Processing /home/airflow/.local/lib/python3.12/site-packages/airflow/example_dags/example_setup_teardown.py took 0.040 seconds
[2026-03-02T13:39:41.737+0000] {processor.py:161} INFO - Started process (PID=435) to work on /home/airflow/.local/lib/python3.12/site-packages/airflow/example_dags/example_setup_teardown.py
[2026-03-02T13:39:41.737+0000] {processor.py:830} INFO - Processing file /home/airflow/.local/lib/python3.12/site-packages/airflow/example_dags/example_setup_teardown.py for tasks to queue
[2026-03-02T13:39:41.738+0000] {logging_mixin.py:188} INFO - [2026-03-02T13:39:41.738+0000] {dagbag.py:540} INFO - Filling up the DagBag from /home/airflow/.local/lib/python3.12/site-packages/airflow/example_dags/example_setup_teardown.py
[2026-03-02T13:39:41.742+0000] {processor.py:840} INFO - DAG(s) 'example_setup_teardown' retrieved from /home/airflow/.local/lib/python3.12/site-packages/airflow/example_dags/example_setup_teardown.py
[2026-03-02T13:39:41.752+0000] {logging_mixin.py:188} INFO - [2026-03-02T13:39:41.751+0000] {dag.py:3096} INFO - Sync 1 DAGs
[2026-03-02T13:39:41.761+0000] {logging_mixin.py:188} INFO - [2026-03-02T13:39:41.761+0000] {dag.py:3954} INFO - Setting next_dagrun for example_setup_teardown to 2026-03-01 00:00:00+00:00, run_after=2026-03-02 00:00:00+00:00
[2026-03-02T13:39:41.768+0000] {processor.py:183} INFO - Processing /home/airflow/.local/lib/python3.12/site-packages/airflow/example_dags/example_setup_teardown.py took 0.034 seconds
[2026-03-02T13:40:12.091+0000] {processor.py:161} INFO - Started process (PID=493) to work on /home/airflow/.local/lib/python3.12/site-packages/airflow/example_dags/example_setup_teardown.py
[2026-03-02T13:40:12.091+0000] {processor.py:830} INFO - Processing file /home/airflow/.local/lib/python3.12/site-packages/airflow/example_dags/example_setup_teardown.py for tasks to queue
[2026-03-02T13:40:12.093+0000] {logging_mixin.py:188} INFO - [2026-03-02T13:40:12.093+0000] {dagbag.py:540} INFO - Filling up the DagBag from /home/airflow/.local/lib/python3.12/site-packages/airflow/example_dags/example_setup_teardown.py
[2026-03-02T13:40:12.096+0000] {processor.py:840} INFO - DAG(s) 'example_setup_teardown' retrieved from /home/airflow/.local/lib/python3.12/site-packages/airflow/example_dags/example_setup_teardown.py
[2026-03-02T13:40:12.107+0000] {logging_mixin.py:188} INFO - [2026-03-02T13:40:12.107+0000] {dag.py:3096} INFO - Sync 1 DAGs
[2026-03-02T13:40:12.117+0000] {logging_mixin.py:188} INFO - [2026-03-02T13:40:12.117+0000] {dag.py:3954} INFO - Setting next_dagrun for example_setup_teardown to 2026-03-01 00:00:00+00:00, run_after=2026-03-02 00:00:00+00:00
[2026-03-02T13:40:12.126+0000] {processor.py:183} INFO - Processing /home/airflow/.local/lib/python3.12/site-packages/airflow/example_dags/example_setup_teardown.py took 0.039 seconds
[2026-03-02T13:40:42.447+0000] {processor.py:161} INFO - Started process (PID=551) to work on /home/airflow/.local/lib/python3.12/site-packages/airflow/example_dags/example_setup_teardown.py
[2026-03-02T13:40:42.451+0000] {processor.py:830} INFO - Processing file /home/airflow/.local/lib/python3.12/site-packages/airflow/example_dags/example_setup_teardown.py for tasks to queue
[2026-03-02T13:40:42.452+0000] {logging_mixin.py:188} INFO - [2026-03-02T13:40:42.452+0000] {dagbag.py:540} INFO - Filling up the DagBag from /home/airflow/.local/lib/python3.12/site-packages/airflow/example_dags/example_setup_teardown.py
[2026-03-02T13:40:42.464+0000] {processor.py:840} INFO - DAG(s) 'example_setup_teardown' retrieved from /home/airflow/.local/lib/python3.12/site-packages/airflow/example_dags/example_setup_teardown.py
[2026-03-02T13:40:42.477+0000] {logging_mixin.py:188} INFO - [2026-03-02T13:40:42.477+0000] {dag.py:3096} INFO - Sync 1 DAGs
[2026-03-02T13:40:42.485+0000] {logging_mixin.py:188} INFO - [2026-03-02T13:40:42.485+0000] {dag.py:3954} INFO - Setting next_dagrun for example_setup_teardown to 2026-03-01 00:00:00+00:00, run_after=2026-03-02 00:00:00+00:00
[2026-03-02T13:40:42.492+0000] {processor.py:183} INFO - Processing /home/airflow/.local/lib/python3.12/site-packages/airflow/example_dags/example_setup_teardown.py took 0.051 seconds
[2026-03-02T13:41:12.908+0000] {processor.py:161} INFO - Started process (PID=609) to work on /home/airflow/.local/lib/python3.12/site-packages/airflow/example_dags/example_setup_teardown.py
[2026-03-02T13:41:12.909+0000] {processor.py:830} INFO - Processing file /home/airflow/.local/lib/python3.12/site-packages/airflow/example_dags/example_setup_teardown.py for tasks to queue
[2026-03-02T13:41:12.911+0000] {logging_mixin.py:188} INFO - [2026-03-02T13:41:12.911+0000] {dagbag.py:540} INFO - Filling up the DagBag from /home/airflow/.local/lib/python3.12/site-packages/airflow/example_dags/example_setup_teardown.py
[2026-03-02T13:41:12.915+0000] {processor.py:840} INFO - DAG(s) 'example_setup_teardown' retrieved from /home/airflow/.local/lib/python3.12/site-packages/airflow/example_dags/example_setup_teardown.py
[2026-03-02T13:41:12.926+0000] {logging_mixin.py:188} INFO - [2026-03-02T13:41:12.926+0000] {dag.py:3096} INFO - Sync 1 DAGs
[2026-03-02T13:41:12.935+0000] {logging_mixin.py:188} INFO - [2026-03-02T13:41:12.935+0000] {dag.py:3954} INFO - Setting next_dagrun for example_setup_teardown to 2026-03-01 00:00:00+00:00, run_after=2026-03-02 00:00:00+00:00
[2026-03-02T13:41:12.945+0000] {processor.py:183} INFO - Processing /home/airflow/.local/lib/python3.12/site-packages/airflow/example_dags/example_setup_teardown.py took 0.041 seconds
[2026-03-02T13:41:42.973+0000] {processor.py:161} INFO - Started process (PID=666) to work on /home/airflow/.local/lib/python3.12/site-packages/airflow/example_dags/example_setup_teardown.py
[2026-03-02T13:41:42.974+0000] {processor.py:830} INFO - Processing file /home/airflow/.local/lib/python3.12/site-packages/airflow/example_dags/example_setup_teardown.py for tasks to queue
[2026-03-02T13:41:42.976+0000] {logging_mixin.py:188} INFO - [2026-03-02T13:41:42.976+0000] {dagbag.py:540} INFO - Filling up the DagBag from /home/airflow/.local/lib/python3.12/site-packages/airflow/example_dags/example_setup_teardown.py
[2026-03-02T13:41:42.980+0000] {processor.py:840} INFO - DAG(s) 'example_setup_teardown' retrieved from /home/airflow/.local/lib/python3.12/site-packages/airflow/example_dags/example_setup_teardown.py
[2026-03-02T13:41:42.992+0000] {logging_mixin.py:188} INFO - [2026-03-02T13:41:42.992+0000] {dag.py:3096} INFO - Sync 1 DAGs
[2026-03-02T13:41:43.003+0000] {logging_mixin.py:188} INFO - [2026-03-02T13:41:43.003+0000] {dag.py:3954} INFO - Setting next_dagrun for example_setup_teardown to 2026-03-01 00:00:00+00:00, run_after=2026-03-02 00:00:00+00:00
[2026-03-02T13:41:43.011+0000] {processor.py:183} INFO - Processing /home/airflow/.local/lib/python3.12/site-packages/airflow/example_dags/example_setup_teardown.py took 0.045 seconds
[2026-03-02T13:42:13.320+0000] {processor.py:161} INFO - Started process (PID=724) to work on /home/airflow/.local/lib/python3.12/site-packages/airflow/example_dags/example_setup_teardown.py
[2026-03-02T13:42:13.321+0000] {processor.py:830} INFO - Processing file /home/airflow/.local/lib/python3.12/site-packages/airflow/example_dags/example_setup_teardown.py for tasks to queue
[2026-03-02T13:42:13.322+0000] {logging_mixin.py:188} INFO - [2026-03-02T13:42:13.322+0000] {dagbag.py:540} INFO - Filling up the DagBag from /home/airflow/.local/lib/python3.12/site-packages/airflow/example_dags/example_setup_teardown.py
[2026-03-02T13:42:13.325+0000] {processor.py:840} INFO - DAG(s) 'example_setup_teardown' retrieved from /home/airflow/.local/lib/python3.12/site-packages/airflow/example_dags/example_setup_teardown.py
[2026-03-02T13:42:13.339+0000] {logging_mixin.py:188} INFO - [2026-03-02T13:42:13.339+0000] {dag.py:3096} INFO - Sync 1 DAGs
[2026-03-02T13:42:13.351+0000] {logging_mixin.py:188} INFO - [2026-03-02T13:42:13.351+0000] {dag.py:3954} INFO - Setting next_dagrun for example_setup_teardown to 2026-03-01 00:00:00+00:00, run_after=2026-03-02 00:00:00+00:00
[2026-03-02T13:42:13.361+0000] {processor.py:183} INFO - Processing /home/airflow/.local/lib/python3.12/site-packages/airflow/example_dags/example_setup_teardown.py took 0.046 seconds
[2026-03-02T13:42:44.112+0000] {processor.py:161} INFO - Started process (PID=782) to work on /home/airflow/.local/lib/python3.12/site-packages/airflow/example_dags/example_setup_teardown.py
[2026-03-02T13:42:44.113+0000] {processor.py:830} INFO - Processing file /home/airflow/.local/lib/python3.12/site-packages/airflow/example_dags/example_setup_teardown.py for tasks to queue
[2026-03-02T13:42:44.114+0000] {logging_mixin.py:188} INFO - [2026-03-02T13:42:44.114+0000] {dagbag.py:540} INFO - Filling up the DagBag from /home/airflow/.local/lib/python3.12/site-packages/airflow/example_dags/example_setup_teardown.py
[2026-03-02T13:42:44.117+0000] {processor.py:840} INFO - DAG(s) 'example_setup_teardown' retrieved from /home/airflow/.local/lib/python3.12/site-packages/airflow/example_dags/example_setup_teardown.py
[2026-03-02T13:42:44.126+0000] {logging_mixin.py:188} INFO - [2026-03-02T13:42:44.126+0000] {dag.py:3096} INFO - Sync 1 DAGs
[2026-03-02T13:42:44.134+0000] {logging_mixin.py:188} INFO - [2026-03-02T13:42:44.134+0000] {dag.py:3954} INFO - Setting next_dagrun for example_setup_teardown to 2026-03-01 00:00:00+00:00, run_after=2026-03-02 00:00:00+00:00
[2026-03-02T13:42:44.141+0000] {processor.py:183} INFO - Processing /home/airflow/.local/lib/python3.12/site-packages/airflow/example_dags/example_setup_teardown.py took 0.033 seconds
[2026-03-02T13:43:14.801+0000] {processor.py:161} INFO - Started process (PID=840) to work on /home/airflow/.local/lib/python3.12/site-packages/airflow/example_dags/example_setup_teardown.py
[2026-03-02T13:43:14.802+0000] {processor.py:830} INFO - Processing file /home/airflow/.local/lib/python3.12/site-packages/airflow/example_dags/example_setup_teardown.py for tasks to queue
[2026-03-02T13:43:14.803+0000] {logging_mixin.py:188} INFO - [2026-03-02T13:43:14.803+0000] {dagbag.py:540} INFO - Filling up the DagBag from /home/airflow/.local/lib/python3.12/site-packages/airflow/example_dags/example_setup_teardown.py
[2026-03-02T13:43:14.809+0000] {processor.py:840} INFO - DAG(s) 'example_setup_teardown' retrieved from /home/airflow/.local/lib/python3.12/site-packages/airflow/example_dags/example_setup_teardown.py
[2026-03-02T13:43:14.821+0000] {logging_mixin.py:188} INFO - [2026-03-02T13:43:14.821+0000] {dag.py:3096} INFO - Sync 1 DAGs
[2026-03-02T13:43:14.835+0000] {logging_mixin.py:188} INFO - [2026-03-02T13:43:14.835+0000] {dag.py:3954} INFO - Setting next_dagrun for example_setup_teardown to 2026-03-01 00:00:00+00:00, run_after=2026-03-02 00:00:00+00:00
[2026-03-02T13:43:14.845+0000] {processor.py:183} INFO - Processing /home/airflow/.local/lib/python3.12/site-packages/airflow/example_dags/example_setup_teardown.py took 0.049 seconds
[2026-03-02T13:43:45.274+0000] {processor.py:161} INFO - Started process (PID=898) to work on /home/airflow/.local/lib/python3.12/site-packages/airflow/example_dags/example_setup_teardown.py
[2026-03-02T13:43:45.276+0000] {processor.py:830} INFO - Processing file /home/airflow/.local/lib/python3.12/site-packages/airflow/example_dags/example_setup_teardown.py for tasks to queue
[2026-03-02T13:43:45.281+0000] {logging_mixin.py:188} INFO - [2026-03-02T13:43:45.280+0000] {dagbag.py:540} INFO - Filling up the DagBag from /home/airflow/.local/lib/python3.12/site-packages/airflow/example_dags/example_setup_teardown.py
[2026-03-02T13:43:45.294+0000] {processor.py:840} INFO - DAG(s) 'example_setup_teardown' retrieved from /home/airflow/.local/lib/python3.12/site-packages/airflow/example_dags/example_setup_teardown.py
[2026-03-02T13:43:45.320+0000] {logging_mixin.py:188} INFO - [2026-03-02T13:43:45.319+0000] {dag.py:3096} INFO - Sync 1 DAGs
[2026-03-02T13:43:45.338+0000] {logging_mixin.py:188} INFO - [2026-03-02T13:43:45.337+0000] {dag.py:3954} INFO - Setting next_dagrun for example_setup_teardown to 2026-03-01 00:00:00+00:00, run_after=2026-03-02 00:00:00+00:00
[2026-03-02T13:43:45.354+0000] {processor.py:183} INFO - Processing /home/airflow/.local/lib/python3.12/site-packages/airflow/example_dags/example_setup_teardown.py took 0.101 seconds
[2026-03-02T13:44:15.817+0000] {processor.py:161} INFO - Started process (PID=956) to work on /home/airflow/.local/lib/python3.12/site-packages/airflow/example_dags/example_setup_teardown.py
[2026-03-02T13:44:15.818+0000] {processor.py:830} INFO - Processing file /home/airflow/.local/lib/python3.12/site-packages/airflow/example_dags/example_setup_teardown.py for tasks to queue
[2026-03-02T13:44:15.825+0000] {logging_mixin.py:188} INFO - [2026-03-02T13:44:15.824+0000] {dagbag.py:540} INFO - Filling up the DagBag from /home/airflow/.local/lib/python3.12/site-packages/airflow/example_dags/example_setup_teardown.py
[2026-03-02T13:44:15.828+0000] {processor.py:840} INFO - DAG(s) 'example_setup_teardown' retrieved from /home/airflow/.local/lib/python3.12/site-packages/airflow/example_dags/example_setup_teardown.py
[2026-03-02T13:44:15.839+0000] {logging_mixin.py:188} INFO - [2026-03-02T13:44:15.839+0000] {dag.py:3096} INFO - Sync 1 DAGs
[2026-03-02T13:44:15.851+0000] {logging_mixin.py:188} INFO - [2026-03-02T13:44:15.851+0000] {dag.py:3954} INFO - Setting next_dagrun for example_setup_teardown to 2026-03-01 00:00:00+00:00, run_after=2026-03-02 00:00:00+00:00
[2026-03-02T13:44:15.859+0000] {processor.py:183} INFO - Processing /home/airflow/.local/lib/python3.12/site-packages/airflow/example_dags/example_setup_teardown.py took 0.045 seconds
[2026-03-02T13:44:46.848+0000] {processor.py:161} INFO - Started process (PID=1013) to work on /home/airflow/.local/lib/python3.12/site-packages/airflow/example_dags/example_setup_teardown.py
[2026-03-02T13:44:46.849+0000] {processor.py:830} INFO - Processing file /home/airflow/.local/lib/python3.12/site-packages/airflow/example_dags/example_setup_teardown.py for tasks to queue
[2026-03-02T13:44:46.850+0000] {logging_mixin.py:188} INFO - [2026-03-02T13:44:46.850+0000] {dagbag.py:540} INFO - Filling up the DagBag from /home/airflow/.local/lib/python3.12/site-packages/airflow/example_dags/example_setup_teardown.py
[2026-03-02T13:44:46.855+0000] {processor.py:840} INFO - DAG(s) 'example_setup_teardown' retrieved from /home/airflow/.local/lib/python3.12/site-packages/airflow/example_dags/example_setup_teardown.py
[2026-03-02T13:44:46.866+0000] {logging_mixin.py:188} INFO - [2026-03-02T13:44:46.866+0000] {dag.py:3096} INFO - Sync 1 DAGs
[2026-03-02T13:44:46.876+0000] {logging_mixin.py:188} INFO - [2026-03-02T13:44:46.876+0000] {dag.py:3954} INFO - Setting next_dagrun for example_setup_teardown to 2026-03-01 00:00:00+00:00, run_after=2026-03-02 00:00:00+00:00
[2026-03-02T13:44:46.885+0000] {processor.py:183} INFO - Processing /home/airflow/.local/lib/python3.12/site-packages/airflow/example_dags/example_setup_teardown.py took 0.041 seconds
[2026-03-02T13:45:16.999+0000] {processor.py:161} INFO - Started process (PID=1071) to work on /home/airflow/.local/lib/python3.12/site-packages/airflow/example_dags/example_setup_teardown.py
[2026-03-02T13:45:17.000+0000] {processor.py:830} INFO - Processing file /home/airflow/.local/lib/python3.12/site-packages/airflow/example_dags/example_setup_teardown.py for tasks to queue
[2026-03-02T13:45:17.001+0000] {logging_mixin.py:188} INFO - [2026-03-02T13:45:17.001+0000] {dagbag.py:540} INFO - Filling up the DagBag from /home/airflow/.local/lib/python3.12/site-packages/airflow/example_dags/example_setup_teardown.py
[2026-03-02T13:45:17.004+0000] {processor.py:840} INFO - DAG(s) 'example_setup_teardown' retrieved from /home/airflow/.local/lib/python3.12/site-packages/airflow/example_dags/example_setup_teardown.py
[2026-03-02T13:45:17.014+0000] {logging_mixin.py:188} INFO - [2026-03-02T13:45:17.014+0000] {dag.py:3096} INFO - Sync 1 DAGs
[2026-03-02T13:45:17.023+0000] {logging_mixin.py:188} INFO - [2026-03-02T13:45:17.023+0000] {dag.py:3954} INFO - Setting next_dagrun for example_setup_teardown to 2026-03-01 00:00:00+00:00, run_after=2026-03-02 00:00:00+00:00
[2026-03-02T13:45:17.030+0000] {processor.py:183} INFO - Processing /home/airflow/.local/lib/python3.12/site-packages/airflow/example_dags/example_setup_teardown.py took 0.036 seconds
[2026-03-02T13:45:47.939+0000] {processor.py:161} INFO - Started process (PID=1129) to work on /home/airflow/.local/lib/python3.12/site-packages/airflow/example_dags/example_setup_teardown.py
[2026-03-02T13:45:47.940+0000] {processor.py:830} INFO - Processing file /home/airflow/.local/lib/python3.12/site-packages/airflow/example_dags/example_setup_teardown.py for tasks to queue
[2026-03-02T13:45:47.941+0000] {logging_mixin.py:188} INFO - [2026-03-02T13:45:47.941+0000] {dagbag.py:540} INFO - Filling up the DagBag from /home/airflow/.local/lib/python3.12/site-packages/airflow/example_dags/example_setup_teardown.py
[2026-03-02T13:45:47.944+0000] {processor.py:840} INFO - DAG(s) 'example_setup_teardown' retrieved from /home/airflow/.local/lib/python3.12/site-packages/airflow/example_dags/example_setup_teardown.py
[2026-03-02T13:45:47.953+0000] {logging_mixin.py:188} INFO - [2026-03-02T13:45:47.953+0000] {dag.py:3096} INFO - Sync 1 DAGs
[2026-03-02T13:45:47.962+0000] {logging_mixin.py:188} INFO - [2026-03-02T13:45:47.962+0000] {dag.py:3954} INFO - Setting next_dagrun for example_setup_teardown to 2026-03-01 00:00:00+00:00, run_after=2026-03-02 00:00:00+00:00
[2026-03-02T13:45:47.969+0000] {processor.py:183} INFO - Processing /home/airflow/.local/lib/python3.12/site-packages/airflow/example_dags/example_setup_teardown.py took 0.035 seconds
[2026-03-02T13:46:18.927+0000] {processor.py:161} INFO - Started process (PID=1187) to work on /home/airflow/.local/lib/python3.12/site-packages/airflow/example_dags/example_setup_teardown.py
[2026-03-02T13:46:18.927+0000] {processor.py:830} INFO - Processing file /home/airflow/.local/lib/python3.12/site-packages/airflow/example_dags/example_setup_teardown.py for tasks to queue
[2026-03-02T13:46:18.928+0000] {logging_mixin.py:188} INFO - [2026-03-02T13:46:18.928+0000] {dagbag.py:540} INFO - Filling up the DagBag from /home/airflow/.local/lib/python3.12/site-packages/airflow/example_dags/example_setup_teardown.py
[2026-03-02T13:46:18.932+0000] {processor.py:840} INFO - DAG(s) 'example_setup_teardown' retrieved from /home/airflow/.local/lib/python3.12/site-packages/airflow/example_dags/example_setup_teardown.py
[2026-03-02T13:46:18.943+0000] {logging_mixin.py:188} INFO - [2026-03-02T13:46:18.943+0000] {dag.py:3096} INFO - Sync 1 DAGs
[2026-03-02T13:46:18.952+0000] {logging_mixin.py:188} INFO - [2026-03-02T13:46:18.952+0000] {dag.py:3954} INFO - Setting next_dagrun for example_setup_teardown to 2026-03-01 00:00:00+00:00, run_after=2026-03-02 00:00:00+00:00
[2026-03-02T13:46:18.959+0000] {processor.py:183} INFO - Processing /home/airflow/.local/lib/python3.12/site-packages/airflow/example_dags/example_setup_teardown.py took 0.036 seconds
[2026-03-02T13:46:49.232+0000] {processor.py:161} INFO - Started process (PID=1245) to work on /home/airflow/.local/lib/python3.12/site-packages/airflow/example_dags/example_setup_teardown.py
[2026-03-02T13:46:49.236+0000] {processor.py:830} INFO - Processing file /home/airflow/.local/lib/python3.12/site-packages/airflow/example_dags/example_setup_teardown.py for tasks to queue
[2026-03-02T13:46:49.237+0000] {logging_mixin.py:188} INFO - [2026-03-02T13:46:49.237+0000] {dagbag.py:540} INFO - Filling up the DagBag from /home/airflow/.local/lib/python3.12/site-packages/airflow/example_dags/example_setup_teardown.py
[2026-03-02T13:46:49.243+0000] {processor.py:840} INFO - DAG(s) 'example_setup_teardown' retrieved from /home/airflow/.local/lib/python3.12/site-packages/airflow/example_dags/example_setup_teardown.py
[2026-03-02T13:46:49.262+0000] {logging_mixin.py:188} INFO - [2026-03-02T13:46:49.262+0000] {dag.py:3096} INFO - Sync 1 DAGs
[2026-03-02T13:46:49.276+0000] {logging_mixin.py:188} INFO - [2026-03-02T13:46:49.276+0000] {dag.py:3954} INFO - Setting next_dagrun for example_setup_teardown to 2026-03-01 00:00:00+00:00, run_after=2026-03-02 00:00:00+00:00
[2026-03-02T13:46:49.316+0000] {processor.py:183} INFO - Processing /home/airflow/.local/lib/python3.12/site-packages/airflow/example_dags/example_setup_teardown.py took 0.088 seconds
[2026-03-02T13:47:19.840+0000] {processor.py:161} INFO - Started process (PID=1303) to work on /home/airflow/.local/lib/python3.12/site-packages/airflow/example_dags/example_setup_teardown.py
[2026-03-02T13:47:19.840+0000] {processor.py:830} INFO - Processing file /home/airflow/.local/lib/python3.12/site-packages/airflow/example_dags/example_setup_teardown.py for tasks to queue
[2026-03-02T13:47:19.841+0000] {logging_mixin.py:188} INFO - [2026-03-02T13:47:19.841+0000] {dagbag.py:540} INFO - Filling up the DagBag from /home/airflow/.local/lib/python3.12/site-packages/airflow/example_dags/example_setup_teardown.py
[2026-03-02T13:47:19.845+0000] {processor.py:840} INFO - DAG(s) 'example_setup_teardown' retrieved from /home/airflow/.local/lib/python3.12/site-packages/airflow/example_dags/example_setup_teardown.py
[2026-03-02T13:47:19.863+0000] {logging_mixin.py:188} INFO - [2026-03-02T13:47:19.863+0000] {dag.py:3096} INFO - Sync 1 DAGs
[2026-03-02T13:47:19.878+0000] {logging_mixin.py:188} INFO - [2026-03-02T13:47:19.878+0000] {dag.py:3954} INFO - Setting next_dagrun for example_setup_teardown to 2026-03-01 00:00:00+00:00, run_after=2026-03-02 00:00:00+00:00
[2026-03-02T13:47:19.892+0000] {processor.py:183} INFO - Processing /home/airflow/.local/lib/python3.12/site-packages/airflow/example_dags/example_setup_teardown.py took 0.055 seconds
[2026-03-02T13:47:50.539+0000] {processor.py:161} INFO - Started process (PID=1361) to work on /home/airflow/.local/lib/python3.12/site-packages/airflow/example_dags/example_setup_teardown.py
[2026-03-02T13:47:50.540+0000] {processor.py:830} INFO - Processing file /home/airflow/.local/lib/python3.12/site-packages/airflow/example_dags/example_setup_teardown.py for tasks to queue
[2026-03-02T13:47:50.541+0000] {logging_mixin.py:188} INFO - [2026-03-02T13:47:50.541+0000] {dagbag.py:540} INFO - Filling up the DagBag from /home/airflow/.local/lib/python3.12/site-packages/airflow/example_dags/example_setup_teardown.py
[2026-03-02T13:47:50.544+0000] {processor.py:840} INFO - DAG(s) 'example_setup_teardown' retrieved from /home/airflow/.local/lib/python3.12/site-packages/airflow/example_dags/example_setup_teardown.py
[2026-03-02T13:47:50.560+0000] {logging_mixin.py:188} INFO - [2026-03-02T13:47:50.559+0000] {dag.py:3096} INFO - Sync 1 DAGs
[2026-03-02T13:47:50.572+0000] {logging_mixin.py:188} INFO - [2026-03-02T13:47:50.571+0000] {dag.py:3954} INFO - Setting next_dagrun for example_setup_teardown to 2026-03-01 00:00:00+00:00, run_after=2026-03-02 00:00:00+00:00
[2026-03-02T13:47:50.586+0000] {processor.py:183} INFO - Processing /home/airflow/.local/lib/python3.12/site-packages/airflow/example_dags/example_setup_teardown.py took 0.050 seconds
[2026-03-02T13:48:20.622+0000] {processor.py:161} INFO - Started process (PID=1419) to work on /home/airflow/.local/lib/python3.12/site-packages/airflow/example_dags/example_setup_teardown.py
[2026-03-02T13:48:20.622+0000] {processor.py:830} INFO - Processing file /home/airflow/.local/lib/python3.12/site-packages/airflow/example_dags/example_setup_teardown.py for tasks to queue
[2026-03-02T13:48:20.623+0000] {logging_mixin.py:188} INFO - [2026-03-02T13:48:20.623+0000] {dagbag.py:540} INFO - Filling up the DagBag from /home/airflow/.local/lib/python3.12/site-packages/airflow/example_dags/example_setup_teardown.py
[2026-03-02T13:48:20.626+0000] {processor.py:840} INFO - DAG(s) 'example_setup_teardown' retrieved from /home/airflow/.local/lib/python3.12/site-packages/airflow/example_dags/example_setup_teardown.py
[2026-03-02T13:48:20.641+0000] {logging_mixin.py:188} INFO - [2026-03-02T13:48:20.641+0000] {dag.py:3096} INFO - Sync 1 DAGs
[2026-03-02T13:48:20.652+0000] {logging_mixin.py:188} INFO - [2026-03-02T13:48:20.652+0000] {dag.py:3954} INFO - Setting next_dagrun for example_setup_teardown to 2026-03-01 00:00:00+00:00, run_after=2026-03-02 00:00:00+00:00
[2026-03-02T13:48:20.664+0000] {processor.py:183} INFO - Processing /home/airflow/.local/lib/python3.12/site-packages/airflow/example_dags/example_setup_teardown.py took 0.046 seconds
[2026-03-02T13:48:51.196+0000] {processor.py:161} INFO - Started process (PID=1477) to work on /home/airflow/.local/lib/python3.12/site-packages/airflow/example_dags/example_setup_teardown.py
[2026-03-02T13:48:51.197+0000] {processor.py:830} INFO - Processing file /home/airflow/.local/lib/python3.12/site-packages/airflow/example_dags/example_setup_teardown.py for tasks to queue
[2026-03-02T13:48:51.199+0000] {logging_mixin.py:188} INFO - [2026-03-02T13:48:51.198+0000] {dagbag.py:540} INFO - Filling up the DagBag from /home/airflow/.local/lib/python3.12/site-packages/airflow/example_dags/example_setup_teardown.py
[2026-03-02T13:48:51.205+0000] {processor.py:840} INFO - DAG(s) 'example_setup_teardown' retrieved from /home/airflow/.local/lib/python3.12/site-packages/airflow/example_dags/example_setup_teardown.py
[2026-03-02T13:48:51.220+0000] {logging_mixin.py:188} INFO - [2026-03-02T13:48:51.220+0000] {dag.py:3096} INFO - Sync 1 DAGs
[2026-03-02T13:48:51.231+0000] {logging_mixin.py:188} INFO - [2026-03-02T13:48:51.230+0000] {dag.py:3954} INFO - Setting next_dagrun for example_setup_teardown to 2026-03-01 00:00:00+00:00, run_after=2026-03-02 00:00:00+00:00
[2026-03-02T13:48:51.250+0000] {processor.py:183} INFO - Processing /home/airflow/.local/lib/python3.12/site-packages/airflow/example_dags/example_setup_teardown.py took 0.057 seconds
[2026-03-02T13:49:21.632+0000] {processor.py:161} INFO - Started process (PID=1535) to work on /home/airflow/.local/lib/python3.12/site-packages/airflow/example_dags/example_setup_teardown.py
[2026-03-02T13:49:21.633+0000] {processor.py:830} INFO - Processing file /home/airflow/.local/lib/python3.12/site-packages/airflow/example_dags/example_setup_teardown.py for tasks to queue
[2026-03-02T13:49:21.633+0000] {logging_mixin.py:188} INFO - [2026-03-02T13:49:21.633+0000] {dagbag.py:540} INFO - Filling up the DagBag from /home/airflow/.local/lib/python3.12/site-packages/airflow/example_dags/example_setup_teardown.py
[2026-03-02T13:49:21.636+0000] {processor.py:840} INFO - DAG(s) 'example_setup_teardown' retrieved from /home/airflow/.local/lib/python3.12/site-packages/airflow/example_dags/example_setup_teardown.py
[2026-03-02T13:49:21.644+0000] {logging_mixin.py:188} INFO - [2026-03-02T13:49:21.644+0000] {dag.py:3096} INFO - Sync 1 DAGs
[2026-03-02T13:49:21.653+0000] {logging_mixin.py:188} INFO - [2026-03-02T13:49:21.653+0000] {dag.py:3954} INFO - Setting next_dagrun for example_setup_teardown to 2026-03-01 00:00:00+00:00, run_after=2026-03-02 00:00:00+00:00
[2026-03-02T13:49:21.659+0000] {processor.py:183} INFO - Processing /home/airflow/.local/lib/python3.12/site-packages/airflow/example_dags/example_setup_teardown.py took 0.029 seconds
[2026-03-02T13:49:52.046+0000] {processor.py:161} INFO - Started process (PID=1593) to work on /home/airflow/.local/lib/python3.12/site-packages/airflow/example_dags/example_setup_teardown.py
[2026-03-02T13:49:52.046+0000] {processor.py:830} INFO - Processing file /home/airflow/.local/lib/python3.12/site-packages/airflow/example_dags/example_setup_teardown.py for tasks to queue
[2026-03-02T13:49:52.047+0000] {logging_mixin.py:188} INFO - [2026-03-02T13:49:52.047+0000] {dagbag.py:540} INFO - Filling up the DagBag from /home/airflow/.local/lib/python3.12/site-packages/airflow/example_dags/example_setup_teardown.py
[2026-03-02T13:49:52.050+0000] {processor.py:840} INFO - DAG(s) 'example_setup_teardown' retrieved from /home/airflow/.local/lib/python3.12/site-packages/airflow/example_dags/example_setup_teardown.py
[2026-03-02T13:49:52.061+0000] {logging_mixin.py:188} INFO - [2026-03-02T13:49:52.061+0000] {dag.py:3096} INFO - Sync 1 DAGs
[2026-03-02T13:49:52.072+0000] {logging_mixin.py:188} INFO - [2026-03-02T13:49:52.072+0000] {dag.py:3954} INFO - Setting next_dagrun for example_setup_teardown to 2026-03-01 00:00:00+00:00, run_after=2026-03-02 00:00:00+00:00
[2026-03-02T13:49:52.079+0000] {processor.py:183} INFO - Processing /home/airflow/.local/lib/python3.12/site-packages/airflow/example_dags/example_setup_teardown.py took 0.036 seconds
[2026-03-02T13:50:22.368+0000] {processor.py:161} INFO - Started process (PID=1651) to work on /home/airflow/.local/lib/python3.12/site-packages/airflow/example_dags/example_setup_teardown.py
[2026-03-02T13:50:22.369+0000] {processor.py:830} INFO - Processing file /home/airflow/.local/lib/python3.12/site-packages/airflow/example_dags/example_setup_teardown.py for tasks to queue
[2026-03-02T13:50:22.370+0000] {logging_mixin.py:188} INFO - [2026-03-02T13:50:22.370+0000] {dagbag.py:540} INFO - Filling up the DagBag from /home/airflow/.local/lib/python3.12/site-packages/airflow/example_dags/example_setup_teardown.py
[2026-03-02T13:50:22.374+0000] {processor.py:840} INFO - DAG(s) 'example_setup_teardown' retrieved from /home/airflow/.local/lib/python3.12/site-packages/airflow/example_dags/example_setup_teardown.py
[2026-03-02T13:50:22.387+0000] {logging_mixin.py:188} INFO - [2026-03-02T13:50:22.387+0000] {dag.py:3096} INFO - Sync 1 DAGs
[2026-03-02T13:50:22.397+0000] {logging_mixin.py:188} INFO - [2026-03-02T13:50:22.397+0000] {dag.py:3954} INFO - Setting next_dagrun for example_setup_teardown to 2026-03-01 00:00:00+00:00, run_after=2026-03-02 00:00:00+00:00
[2026-03-02T13:50:22.408+0000] {processor.py:183} INFO - Processing /home/airflow/.local/lib/python3.12/site-packages/airflow/example_dags/example_setup_teardown.py took 0.043 seconds
[2026-03-02T13:50:53.182+0000] {processor.py:161} INFO - Started process (PID=1709) to work on /home/airflow/.local/lib/python3.12/site-packages/airflow/example_dags/example_setup_teardown.py
[2026-03-02T13:50:53.182+0000] {processor.py:830} INFO - Processing file /home/airflow/.local/lib/python3.12/site-packages/airflow/example_dags/example_setup_teardown.py for tasks to queue
[2026-03-02T13:50:53.183+0000] {logging_mixin.py:188} INFO - [2026-03-02T13:50:53.183+0000] {dagbag.py:540} INFO - Filling up the DagBag from /home/airflow/.local/lib/python3.12/site-packages/airflow/example_dags/example_setup_teardown.py
[2026-03-02T13:50:53.187+0000] {processor.py:840} INFO - DAG(s) 'example_setup_teardown' retrieved from /home/airflow/.local/lib/python3.12/site-packages/airflow/example_dags/example_setup_teardown.py
[2026-03-02T13:50:53.198+0000] {logging_mixin.py:188} INFO - [2026-03-02T13:50:53.198+0000] {dag.py:3096} INFO - Sync 1 DAGs
[2026-03-02T13:50:53.209+0000] {logging_mixin.py:188} INFO - [2026-03-02T13:50:53.208+0000] {dag.py:3954} INFO - Setting next_dagrun for example_setup_teardown to 2026-03-01 00:00:00+00:00, run_after=2026-03-02 00:00:00+00:00
[2026-03-02T13:50:53.219+0000] {processor.py:183} INFO - Processing /home/airflow/.local/lib/python3.12/site-packages/airflow/example_dags/example_setup_teardown.py took 0.041 seconds
[2026-03-02T13:51:23.575+0000] {processor.py:161} INFO - Started process (PID=1767) to work on /home/airflow/.local/lib/python3.12/site-packages/airflow/example_dags/example_setup_teardown.py
[2026-03-02T13:51:23.576+0000] {processor.py:830} INFO - Processing file /home/airflow/.local/lib/python3.12/site-packages/airflow/example_dags/example_setup_teardown.py for tasks to queue
[2026-03-02T13:51:23.577+0000] {logging_mixin.py:188} INFO - [2026-03-02T13:51:23.577+0000] {dagbag.py:540} INFO - Filling up the DagBag from /home/airflow/.local/lib/python3.12/site-packages/airflow/example_dags/example_setup_teardown.py
[2026-03-02T13:51:23.581+0000] {processor.py:840} INFO - DAG(s) 'example_setup_teardown' retrieved from /home/airflow/.local/lib/python3.12/site-packages/airflow/example_dags/example_setup_teardown.py
[2026-03-02T13:51:23.596+0000] {logging_mixin.py:188} INFO - [2026-03-02T13:51:23.596+0000] {dag.py:3096} INFO - Sync 1 DAGs
[2026-03-02T13:51:23.609+0000] {logging_mixin.py:188} INFO - [2026-03-02T13:51:23.609+0000] {dag.py:3954} INFO - Setting next_dagrun for example_setup_teardown to 2026-03-01 00:00:00+00:00, run_after=2026-03-02 00:00:00+00:00
[2026-03-02T13:51:23.623+0000] {processor.py:183} INFO - Processing /home/airflow/.local/lib/python3.12/site-packages/airflow/example_dags/example_setup_teardown.py took 0.052 seconds
[2026-03-02T13:51:54.642+0000] {processor.py:161} INFO - Started process (PID=1825) to work on /home/airflow/.local/lib/python3.12/site-packages/airflow/example_dags/example_setup_teardown.py
[2026-03-02T13:51:54.643+0000] {processor.py:830} INFO - Processing file /home/airflow/.local/lib/python3.12/site-packages/airflow/example_dags/example_setup_teardown.py for tasks to queue
[2026-03-02T13:51:54.646+0000] {logging_mixin.py:188} INFO - [2026-03-02T13:51:54.645+0000] {dagbag.py:540} INFO - Filling up the DagBag from /home/airflow/.local/lib/python3.12/site-packages/airflow/example_dags/example_setup_teardown.py
[2026-03-02T13:51:54.650+0000] {processor.py:840} INFO - DAG(s) 'example_setup_teardown' retrieved from /home/airflow/.local/lib/python3.12/site-packages/airflow/example_dags/example_setup_teardown.py
[2026-03-02T13:51:54.669+0000] {logging_mixin.py:188} INFO - [2026-03-02T13:51:54.669+0000] {dag.py:3096} INFO - Sync 1 DAGs
[2026-03-02T13:51:54.686+0000] {logging_mixin.py:188} INFO - [2026-03-02T13:51:54.685+0000] {dag.py:3954} INFO - Setting next_dagrun for example_setup_teardown to 2026-03-01 00:00:00+00:00, run_after=2026-03-02 00:00:00+00:00
[2026-03-02T13:51:54.707+0000] {processor.py:183} INFO - Processing /home/airflow/.local/lib/python3.12/site-packages/airflow/example_dags/example_setup_teardown.py took 0.072 seconds
[2026-03-02T13:52:25.397+0000] {processor.py:161} INFO - Started process (PID=1883) to work on /home/airflow/.local/lib/python3.12/site-packages/airflow/example_dags/example_setup_teardown.py
[2026-03-02T13:52:25.402+0000] {processor.py:830} INFO - Processing file /home/airflow/.local/lib/python3.12/site-packages/airflow/example_dags/example_setup_teardown.py for tasks to queue
[2026-03-02T13:52:25.404+0000] {logging_mixin.py:188} INFO - [2026-03-02T13:52:25.404+0000] {dagbag.py:540} INFO - Filling up the DagBag from /home/airflow/.local/lib/python3.12/site-packages/airflow/example_dags/example_setup_teardown.py
[2026-03-02T13:52:25.407+0000] {processor.py:840} INFO - DAG(s) 'example_setup_teardown' retrieved from /home/airflow/.local/lib/python3.12/site-packages/airflow/example_dags/example_setup_teardown.py
[2026-03-02T13:52:25.424+0000] {logging_mixin.py:188} INFO - [2026-03-02T13:52:25.424+0000] {dag.py:3096} INFO - Sync 1 DAGs
[2026-03-02T13:52:25.440+0000] {logging_mixin.py:188} INFO - [2026-03-02T13:52:25.440+0000] {dag.py:3954} INFO - Setting next_dagrun for example_setup_teardown to 2026-03-01 00:00:00+00:00, run_after=2026-03-02 00:00:00+00:00
[2026-03-02T13:52:25.456+0000] {processor.py:183} INFO - Processing /home/airflow/.local/lib/python3.12/site-packages/airflow/example_dags/example_setup_teardown.py took 0.063 seconds
[2026-03-02T13:52:56.337+0000] {processor.py:161} INFO - Started process (PID=1941) to work on /home/airflow/.local/lib/python3.12/site-packages/airflow/example_dags/example_setup_teardown.py
[2026-03-02T13:52:56.338+0000] {processor.py:830} INFO - Processing file /home/airflow/.local/lib/python3.12/site-packages/airflow/example_dags/example_setup_teardown.py for tasks to queue
[2026-03-02T13:52:56.339+0000] {logging_mixin.py:188} INFO - [2026-03-02T13:52:56.339+0000] {dagbag.py:540} INFO - Filling up the DagBag from /home/airflow/.local/lib/python3.12/site-packages/airflow/example_dags/example_setup_teardown.py
[2026-03-02T13:52:56.343+0000] {processor.py:840} INFO - DAG(s) 'example_setup_teardown' retrieved from /home/airflow/.local/lib/python3.12/site-packages/airflow/example_dags/example_setup_teardown.py
[2026-03-02T13:52:56.356+0000] {logging_mixin.py:188} INFO - [2026-03-02T13:52:56.356+0000] {dag.py:3096} INFO - Sync 1 DAGs
[2026-03-02T13:52:56.369+0000] {logging_mixin.py:188} INFO - [2026-03-02T13:52:56.369+0000] {dag.py:3954} INFO - Setting next_dagrun for example_setup_teardown to 2026-03-01 00:00:00+00:00, run_after=2026-03-02 00:00:00+00:00
[2026-03-02T13:52:56.378+0000] {processor.py:183} INFO - Processing /home/airflow/.local/lib/python3.12/site-packages/airflow/example_dags/example_setup_teardown.py took 0.045 seconds
[2026-03-02T13:53:26.961+0000] {processor.py:161} INFO - Started process (PID=1999) to work on /home/airflow/.local/lib/python3.12/site-packages/airflow/example_dags/example_setup_teardown.py
[2026-03-02T13:53:26.962+0000] {processor.py:830} INFO - Processing file /home/airflow/.local/lib/python3.12/site-packages/airflow/example_dags/example_setup_teardown.py for tasks to queue
[2026-03-02T13:53:26.992+0000] {logging_mixin.py:188} INFO - [2026-03-02T13:53:26.989+0000] {dagbag.py:540} INFO - Filling up the DagBag from /home/airflow/.local/lib/python3.12/site-packages/airflow/example_dags/example_setup_teardown.py
[2026-03-02T13:53:27.020+0000] {processor.py:840} INFO - DAG(s) 'example_setup_teardown' retrieved from /home/airflow/.local/lib/python3.12/site-packages/airflow/example_dags/example_setup_teardown.py
[2026-03-02T13:53:27.160+0000] {logging_mixin.py:188} INFO - [2026-03-02T13:53:27.158+0000] {dag.py:3096} INFO - Sync 1 DAGs
[2026-03-02T13:53:27.192+0000] {logging_mixin.py:188} INFO - [2026-03-02T13:53:27.191+0000] {dag.py:3954} INFO - Setting next_dagrun for example_setup_teardown to 2026-03-01 00:00:00+00:00, run_after=2026-03-02 00:00:00+00:00
[2026-03-02T13:53:27.221+0000] {processor.py:183} INFO - Processing /home/airflow/.local/lib/python3.12/site-packages/airflow/example_dags/example_setup_teardown.py took 0.267 seconds
[2026-03-02T13:53:57.343+0000] {processor.py:161} INFO - Started process (PID=2057) to work on /home/airflow/.local/lib/python3.12/site-packages/airflow/example_dags/example_setup_teardown.py
[2026-03-02T13:53:57.344+0000] {processor.py:830} INFO - Processing file /home/airflow/.local/lib/python3.12/site-packages/airflow/example_dags/example_setup_teardown.py for tasks to queue
[2026-03-02T13:53:57.349+0000] {logging_mixin.py:188} INFO - [2026-03-02T13:53:57.349+0000] {dagbag.py:540} INFO - Filling up the DagBag from /home/airflow/.local/lib/python3.12/site-packages/airflow/example_dags/example_setup_teardown.py
[2026-03-02T13:53:57.352+0000] {processor.py:840} INFO - DAG(s) 'example_setup_teardown' retrieved from /home/airflow/.local/lib/python3.12/site-packages/airflow/example_dags/example_setup_teardown.py
[2026-03-02T13:53:57.367+0000] {logging_mixin.py:188} INFO - [2026-03-02T13:53:57.367+0000] {dag.py:3096} INFO - Sync 1 DAGs
[2026-03-02T13:53:57.378+0000] {logging_mixin.py:188} INFO - [2026-03-02T13:53:57.378+0000] {dag.py:3954} INFO - Setting next_dagrun for example_setup_teardown to 2026-03-01 00:00:00+00:00, run_after=2026-03-02 00:00:00+00:00
[2026-03-02T13:53:57.385+0000] {processor.py:183} INFO - Processing /home/airflow/.local/lib/python3.12/site-packages/airflow/example_dags/example_setup_teardown.py took 0.044 seconds
[2026-03-02T13:54:27.884+0000] {processor.py:161} INFO - Started process (PID=2115) to work on /home/airflow/.local/lib/python3.12/site-packages/airflow/example_dags/example_setup_teardown.py
[2026-03-02T13:54:27.885+0000] {processor.py:830} INFO - Processing file /home/airflow/.local/lib/python3.12/site-packages/airflow/example_dags/example_setup_teardown.py for tasks to queue
[2026-03-02T13:54:27.887+0000] {logging_mixin.py:188} INFO - [2026-03-02T13:54:27.886+0000] {dagbag.py:540} INFO - Filling up the DagBag from /home/airflow/.local/lib/python3.12/site-packages/airflow/example_dags/example_setup_teardown.py
[2026-03-02T13:54:27.890+0000] {processor.py:840} INFO - DAG(s) 'example_setup_teardown' retrieved from /home/airflow/.local/lib/python3.12/site-packages/airflow/example_dags/example_setup_teardown.py
[2026-03-02T13:54:27.914+0000] {logging_mixin.py:188} INFO - [2026-03-02T13:54:27.914+0000] {dag.py:3096} INFO - Sync 1 DAGs
[2026-03-02T13:54:27.925+0000] {logging_mixin.py:188} INFO - [2026-03-02T13:54:27.925+0000] {dag.py:3954} INFO - Setting next_dagrun for example_setup_teardown to 2026-03-01 00:00:00+00:00, run_after=2026-03-02 00:00:00+00:00
[2026-03-02T13:54:27.937+0000] {processor.py:183} INFO - Processing /home/airflow/.local/lib/python3.12/site-packages/airflow/example_dags/example_setup_teardown.py took 0.058 seconds
[2026-03-02T13:55:22.104+0000] {processor.py:161} INFO - Started process (PID=2180) to work on /home/airflow/.local/lib/python3.12/site-packages/airflow/example_dags/example_setup_teardown.py
[2026-03-02T13:55:22.104+0000] {processor.py:830} INFO - Processing file /home/airflow/.local/lib/python3.12/site-packages/airflow/example_dags/example_setup_teardown.py for tasks to queue
[2026-03-02T13:55:22.106+0000] {logging_mixin.py:188} INFO - [2026-03-02T13:55:22.105+0000] {dagbag.py:540} INFO - Filling up the DagBag from /home/airflow/.local/lib/python3.12/site-packages/airflow/example_dags/example_setup_teardown.py
[2026-03-02T13:55:22.110+0000] {processor.py:840} INFO - DAG(s) 'example_setup_teardown' retrieved from /home/airflow/.local/lib/python3.12/site-packages/airflow/example_dags/example_setup_teardown.py
[2026-03-02T13:55:22.121+0000] {logging_mixin.py:188} INFO - [2026-03-02T13:55:22.121+0000] {dag.py:3096} INFO - Sync 1 DAGs
[2026-03-02T13:55:22.136+0000] {logging_mixin.py:188} INFO - [2026-03-02T13:55:22.136+0000] {dag.py:3954} INFO - Setting next_dagrun for example_setup_teardown to 2026-03-01 00:00:00+00:00, run_after=2026-03-02 00:00:00+00:00
[2026-03-02T13:55:22.148+0000] {processor.py:183} INFO - Processing /home/airflow/.local/lib/python3.12/site-packages/airflow/example_dags/example_setup_teardown.py took 0.049 seconds
[2026-03-02T13:55:52.720+0000] {processor.py:161} INFO - Started process (PID=2238) to work on /home/airflow/.local/lib/python3.12/site-packages/airflow/example_dags/example_setup_teardown.py
[2026-03-02T13:55:52.722+0000] {processor.py:830} INFO - Processing file /home/airflow/.local/lib/python3.12/site-packages/airflow/example_dags/example_setup_teardown.py for tasks to queue
[2026-03-02T13:55:52.724+0000] {logging_mixin.py:188} INFO - [2026-03-02T13:55:52.724+0000] {dagbag.py:540} INFO - Filling up the DagBag from /home/airflow/.local/lib/python3.12/site-packages/airflow/example_dags/example_setup_teardown.py
[2026-03-02T13:55:52.728+0000] {processor.py:840} INFO - DAG(s) 'example_setup_teardown' retrieved from /home/airflow/.local/lib/python3.12/site-packages/airflow/example_dags/example_setup_teardown.py
[2026-03-02T13:55:52.741+0000] {logging_mixin.py:188} INFO - [2026-03-02T13:55:52.741+0000] {dag.py:3096} INFO - Sync 1 DAGs
[2026-03-02T13:55:52.752+0000] {logging_mixin.py:188} INFO - [2026-03-02T13:55:52.752+0000] {dag.py:3954} INFO - Setting next_dagrun for example_setup_teardown to 2026-03-01 00:00:00+00:00, run_after=2026-03-02 00:00:00+00:00
[2026-03-02T13:55:52.759+0000] {processor.py:183} INFO - Processing /home/airflow/.local/lib/python3.12/site-packages/airflow/example_dags/example_setup_teardown.py took 0.042 seconds
