[2026-03-02T13:36:30.613+0000] {processor.py:161} INFO - Started process (PID=69) to work on /home/airflow/.local/lib/python3.12/site-packages/airflow/example_dags/example_task_group.py
[2026-03-02T13:36:30.614+0000] {processor.py:830} INFO - Processing file /home/airflow/.local/lib/python3.12/site-packages/airflow/example_dags/example_task_group.py for tasks to queue
[2026-03-02T13:36:30.615+0000] {logging_mixin.py:188} INFO - [2026-03-02T13:36:30.614+0000] {dagbag.py:540} INFO - Filling up the DagBag from /home/airflow/.local/lib/python3.12/site-packages/airflow/example_dags/example_task_group.py
[2026-03-02T13:36:30.645+0000] {processor.py:840} INFO - DAG(s) 'example_task_group' retrieved from /home/airflow/.local/lib/python3.12/site-packages/airflow/example_dags/example_task_group.py
[2026-03-02T13:36:30.725+0000] {logging_mixin.py:188} INFO - [2026-03-02T13:36:30.725+0000] {dag.py:3096} INFO - Sync 1 DAGs
[2026-03-02T13:36:30.744+0000] {logging_mixin.py:188} INFO - [2026-03-02T13:36:30.744+0000] {dag.py:3954} INFO - Setting next_dagrun for example_task_group to 2026-03-01 00:00:00+00:00, run_after=2026-03-02 00:00:00+00:00
[2026-03-02T13:36:30.773+0000] {processor.py:183} INFO - Processing /home/airflow/.local/lib/python3.12/site-packages/airflow/example_dags/example_task_group.py took 0.164 seconds
[2026-03-02T13:37:01.284+0000] {processor.py:161} INFO - Started process (PID=127) to work on /home/airflow/.local/lib/python3.12/site-packages/airflow/example_dags/example_task_group.py
[2026-03-02T13:37:01.285+0000] {processor.py:830} INFO - Processing file /home/airflow/.local/lib/python3.12/site-packages/airflow/example_dags/example_task_group.py for tasks to queue
[2026-03-02T13:37:01.286+0000] {logging_mixin.py:188} INFO - [2026-03-02T13:37:01.286+0000] {dagbag.py:540} INFO - Filling up the DagBag from /home/airflow/.local/lib/python3.12/site-packages/airflow/example_dags/example_task_group.py
[2026-03-02T13:37:01.289+0000] {processor.py:840} INFO - DAG(s) 'example_task_group' retrieved from /home/airflow/.local/lib/python3.12/site-packages/airflow/example_dags/example_task_group.py
[2026-03-02T13:37:01.298+0000] {logging_mixin.py:188} INFO - [2026-03-02T13:37:01.298+0000] {dag.py:3096} INFO - Sync 1 DAGs
[2026-03-02T13:37:01.307+0000] {logging_mixin.py:188} INFO - [2026-03-02T13:37:01.307+0000] {dag.py:3954} INFO - Setting next_dagrun for example_task_group to 2026-03-01 00:00:00+00:00, run_after=2026-03-02 00:00:00+00:00
[2026-03-02T13:37:01.314+0000] {processor.py:183} INFO - Processing /home/airflow/.local/lib/python3.12/site-packages/airflow/example_dags/example_task_group.py took 0.032 seconds
[2026-03-02T13:37:31.772+0000] {processor.py:161} INFO - Started process (PID=185) to work on /home/airflow/.local/lib/python3.12/site-packages/airflow/example_dags/example_task_group.py
[2026-03-02T13:37:31.772+0000] {processor.py:830} INFO - Processing file /home/airflow/.local/lib/python3.12/site-packages/airflow/example_dags/example_task_group.py for tasks to queue
[2026-03-02T13:37:31.774+0000] {logging_mixin.py:188} INFO - [2026-03-02T13:37:31.773+0000] {dagbag.py:540} INFO - Filling up the DagBag from /home/airflow/.local/lib/python3.12/site-packages/airflow/example_dags/example_task_group.py
[2026-03-02T13:37:31.777+0000] {processor.py:840} INFO - DAG(s) 'example_task_group' retrieved from /home/airflow/.local/lib/python3.12/site-packages/airflow/example_dags/example_task_group.py
[2026-03-02T13:37:31.787+0000] {logging_mixin.py:188} INFO - [2026-03-02T13:37:31.787+0000] {dag.py:3096} INFO - Sync 1 DAGs
[2026-03-02T13:37:31.800+0000] {logging_mixin.py:188} INFO - [2026-03-02T13:37:31.799+0000] {dag.py:3954} INFO - Setting next_dagrun for example_task_group to 2026-03-01 00:00:00+00:00, run_after=2026-03-02 00:00:00+00:00
[2026-03-02T13:37:31.818+0000] {processor.py:183} INFO - Processing /home/airflow/.local/lib/python3.12/site-packages/airflow/example_dags/example_task_group.py took 0.050 seconds
[2026-03-02T13:38:01.902+0000] {processor.py:161} INFO - Started process (PID=243) to work on /home/airflow/.local/lib/python3.12/site-packages/airflow/example_dags/example_task_group.py
[2026-03-02T13:38:01.903+0000] {processor.py:830} INFO - Processing file /home/airflow/.local/lib/python3.12/site-packages/airflow/example_dags/example_task_group.py for tasks to queue
[2026-03-02T13:38:01.904+0000] {logging_mixin.py:188} INFO - [2026-03-02T13:38:01.903+0000] {dagbag.py:540} INFO - Filling up the DagBag from /home/airflow/.local/lib/python3.12/site-packages/airflow/example_dags/example_task_group.py
[2026-03-02T13:38:01.910+0000] {processor.py:840} INFO - DAG(s) 'example_task_group' retrieved from /home/airflow/.local/lib/python3.12/site-packages/airflow/example_dags/example_task_group.py
[2026-03-02T13:38:01.922+0000] {logging_mixin.py:188} INFO - [2026-03-02T13:38:01.922+0000] {dag.py:3096} INFO - Sync 1 DAGs
[2026-03-02T13:38:01.935+0000] {logging_mixin.py:188} INFO - [2026-03-02T13:38:01.935+0000] {dag.py:3954} INFO - Setting next_dagrun for example_task_group to 2026-03-01 00:00:00+00:00, run_after=2026-03-02 00:00:00+00:00
[2026-03-02T13:38:01.946+0000] {processor.py:183} INFO - Processing /home/airflow/.local/lib/python3.12/site-packages/airflow/example_dags/example_task_group.py took 0.048 seconds
[2026-03-02T13:38:32.318+0000] {processor.py:161} INFO - Started process (PID=301) to work on /home/airflow/.local/lib/python3.12/site-packages/airflow/example_dags/example_task_group.py
[2026-03-02T13:38:32.318+0000] {processor.py:830} INFO - Processing file /home/airflow/.local/lib/python3.12/site-packages/airflow/example_dags/example_task_group.py for tasks to queue
[2026-03-02T13:38:32.319+0000] {logging_mixin.py:188} INFO - [2026-03-02T13:38:32.319+0000] {dagbag.py:540} INFO - Filling up the DagBag from /home/airflow/.local/lib/python3.12/site-packages/airflow/example_dags/example_task_group.py
[2026-03-02T13:38:32.324+0000] {processor.py:840} INFO - DAG(s) 'example_task_group' retrieved from /home/airflow/.local/lib/python3.12/site-packages/airflow/example_dags/example_task_group.py
[2026-03-02T13:38:32.335+0000] {logging_mixin.py:188} INFO - [2026-03-02T13:38:32.335+0000] {dag.py:3096} INFO - Sync 1 DAGs
[2026-03-02T13:38:32.344+0000] {logging_mixin.py:188} INFO - [2026-03-02T13:38:32.344+0000] {dag.py:3954} INFO - Setting next_dagrun for example_task_group to 2026-03-01 00:00:00+00:00, run_after=2026-03-02 00:00:00+00:00
[2026-03-02T13:38:32.355+0000] {processor.py:183} INFO - Processing /home/airflow/.local/lib/python3.12/site-packages/airflow/example_dags/example_task_group.py took 0.041 seconds
[2026-03-02T13:39:02.745+0000] {processor.py:161} INFO - Started process (PID=359) to work on /home/airflow/.local/lib/python3.12/site-packages/airflow/example_dags/example_task_group.py
[2026-03-02T13:39:02.745+0000] {processor.py:830} INFO - Processing file /home/airflow/.local/lib/python3.12/site-packages/airflow/example_dags/example_task_group.py for tasks to queue
[2026-03-02T13:39:02.746+0000] {logging_mixin.py:188} INFO - [2026-03-02T13:39:02.746+0000] {dagbag.py:540} INFO - Filling up the DagBag from /home/airflow/.local/lib/python3.12/site-packages/airflow/example_dags/example_task_group.py
[2026-03-02T13:39:02.749+0000] {processor.py:840} INFO - DAG(s) 'example_task_group' retrieved from /home/airflow/.local/lib/python3.12/site-packages/airflow/example_dags/example_task_group.py
[2026-03-02T13:39:02.760+0000] {logging_mixin.py:188} INFO - [2026-03-02T13:39:02.760+0000] {dag.py:3096} INFO - Sync 1 DAGs
[2026-03-02T13:39:02.769+0000] {logging_mixin.py:188} INFO - [2026-03-02T13:39:02.769+0000] {dag.py:3954} INFO - Setting next_dagrun for example_task_group to 2026-03-01 00:00:00+00:00, run_after=2026-03-02 00:00:00+00:00
[2026-03-02T13:39:02.781+0000] {processor.py:183} INFO - Processing /home/airflow/.local/lib/python3.12/site-packages/airflow/example_dags/example_task_group.py took 0.039 seconds
[2026-03-02T13:39:33.213+0000] {processor.py:161} INFO - Started process (PID=417) to work on /home/airflow/.local/lib/python3.12/site-packages/airflow/example_dags/example_task_group.py
[2026-03-02T13:39:33.214+0000] {processor.py:830} INFO - Processing file /home/airflow/.local/lib/python3.12/site-packages/airflow/example_dags/example_task_group.py for tasks to queue
[2026-03-02T13:39:33.215+0000] {logging_mixin.py:188} INFO - [2026-03-02T13:39:33.214+0000] {dagbag.py:540} INFO - Filling up the DagBag from /home/airflow/.local/lib/python3.12/site-packages/airflow/example_dags/example_task_group.py
[2026-03-02T13:39:33.218+0000] {processor.py:840} INFO - DAG(s) 'example_task_group' retrieved from /home/airflow/.local/lib/python3.12/site-packages/airflow/example_dags/example_task_group.py
[2026-03-02T13:39:33.226+0000] {logging_mixin.py:188} INFO - [2026-03-02T13:39:33.226+0000] {dag.py:3096} INFO - Sync 1 DAGs
[2026-03-02T13:39:33.234+0000] {logging_mixin.py:188} INFO - [2026-03-02T13:39:33.234+0000] {dag.py:3954} INFO - Setting next_dagrun for example_task_group to 2026-03-01 00:00:00+00:00, run_after=2026-03-02 00:00:00+00:00
[2026-03-02T13:39:33.241+0000] {processor.py:183} INFO - Processing /home/airflow/.local/lib/python3.12/site-packages/airflow/example_dags/example_task_group.py took 0.031 seconds
[2026-03-02T13:40:03.679+0000] {processor.py:161} INFO - Started process (PID=475) to work on /home/airflow/.local/lib/python3.12/site-packages/airflow/example_dags/example_task_group.py
[2026-03-02T13:40:03.680+0000] {processor.py:830} INFO - Processing file /home/airflow/.local/lib/python3.12/site-packages/airflow/example_dags/example_task_group.py for tasks to queue
[2026-03-02T13:40:03.681+0000] {logging_mixin.py:188} INFO - [2026-03-02T13:40:03.681+0000] {dagbag.py:540} INFO - Filling up the DagBag from /home/airflow/.local/lib/python3.12/site-packages/airflow/example_dags/example_task_group.py
[2026-03-02T13:40:03.684+0000] {processor.py:840} INFO - DAG(s) 'example_task_group' retrieved from /home/airflow/.local/lib/python3.12/site-packages/airflow/example_dags/example_task_group.py
[2026-03-02T13:40:03.694+0000] {logging_mixin.py:188} INFO - [2026-03-02T13:40:03.694+0000] {dag.py:3096} INFO - Sync 1 DAGs
[2026-03-02T13:40:03.704+0000] {logging_mixin.py:188} INFO - [2026-03-02T13:40:03.704+0000] {dag.py:3954} INFO - Setting next_dagrun for example_task_group to 2026-03-01 00:00:00+00:00, run_after=2026-03-02 00:00:00+00:00
[2026-03-02T13:40:03.715+0000] {processor.py:183} INFO - Processing /home/airflow/.local/lib/python3.12/site-packages/airflow/example_dags/example_task_group.py took 0.040 seconds
[2026-03-02T13:40:33.980+0000] {processor.py:161} INFO - Started process (PID=533) to work on /home/airflow/.local/lib/python3.12/site-packages/airflow/example_dags/example_task_group.py
[2026-03-02T13:40:33.982+0000] {processor.py:830} INFO - Processing file /home/airflow/.local/lib/python3.12/site-packages/airflow/example_dags/example_task_group.py for tasks to queue
[2026-03-02T13:40:33.982+0000] {logging_mixin.py:188} INFO - [2026-03-02T13:40:33.982+0000] {dagbag.py:540} INFO - Filling up the DagBag from /home/airflow/.local/lib/python3.12/site-packages/airflow/example_dags/example_task_group.py
[2026-03-02T13:40:33.986+0000] {processor.py:840} INFO - DAG(s) 'example_task_group' retrieved from /home/airflow/.local/lib/python3.12/site-packages/airflow/example_dags/example_task_group.py
[2026-03-02T13:40:33.994+0000] {logging_mixin.py:188} INFO - [2026-03-02T13:40:33.994+0000] {dag.py:3096} INFO - Sync 1 DAGs
[2026-03-02T13:40:34.004+0000] {logging_mixin.py:188} INFO - [2026-03-02T13:40:34.004+0000] {dag.py:3954} INFO - Setting next_dagrun for example_task_group to 2026-03-01 00:00:00+00:00, run_after=2026-03-02 00:00:00+00:00
[2026-03-02T13:40:34.014+0000] {processor.py:183} INFO - Processing /home/airflow/.local/lib/python3.12/site-packages/airflow/example_dags/example_task_group.py took 0.036 seconds
[2026-03-02T13:41:04.362+0000] {processor.py:161} INFO - Started process (PID=591) to work on /home/airflow/.local/lib/python3.12/site-packages/airflow/example_dags/example_task_group.py
[2026-03-02T13:41:04.365+0000] {processor.py:830} INFO - Processing file /home/airflow/.local/lib/python3.12/site-packages/airflow/example_dags/example_task_group.py for tasks to queue
[2026-03-02T13:41:04.366+0000] {logging_mixin.py:188} INFO - [2026-03-02T13:41:04.365+0000] {dagbag.py:540} INFO - Filling up the DagBag from /home/airflow/.local/lib/python3.12/site-packages/airflow/example_dags/example_task_group.py
[2026-03-02T13:41:04.368+0000] {processor.py:840} INFO - DAG(s) 'example_task_group' retrieved from /home/airflow/.local/lib/python3.12/site-packages/airflow/example_dags/example_task_group.py
[2026-03-02T13:41:04.379+0000] {logging_mixin.py:188} INFO - [2026-03-02T13:41:04.378+0000] {dag.py:3096} INFO - Sync 1 DAGs
[2026-03-02T13:41:04.390+0000] {logging_mixin.py:188} INFO - [2026-03-02T13:41:04.390+0000] {dag.py:3954} INFO - Setting next_dagrun for example_task_group to 2026-03-01 00:00:00+00:00, run_after=2026-03-02 00:00:00+00:00
[2026-03-02T13:41:04.399+0000] {processor.py:183} INFO - Processing /home/airflow/.local/lib/python3.12/site-packages/airflow/example_dags/example_task_group.py took 0.039 seconds
[2026-03-02T13:41:35.089+0000] {processor.py:161} INFO - Started process (PID=649) to work on /home/airflow/.local/lib/python3.12/site-packages/airflow/example_dags/example_task_group.py
[2026-03-02T13:41:35.091+0000] {processor.py:830} INFO - Processing file /home/airflow/.local/lib/python3.12/site-packages/airflow/example_dags/example_task_group.py for tasks to queue
[2026-03-02T13:41:35.095+0000] {logging_mixin.py:188} INFO - [2026-03-02T13:41:35.094+0000] {dagbag.py:540} INFO - Filling up the DagBag from /home/airflow/.local/lib/python3.12/site-packages/airflow/example_dags/example_task_group.py
[2026-03-02T13:41:35.102+0000] {processor.py:840} INFO - DAG(s) 'example_task_group' retrieved from /home/airflow/.local/lib/python3.12/site-packages/airflow/example_dags/example_task_group.py
[2026-03-02T13:41:35.151+0000] {logging_mixin.py:188} INFO - [2026-03-02T13:41:35.151+0000] {dag.py:3096} INFO - Sync 1 DAGs
[2026-03-02T13:41:35.181+0000] {logging_mixin.py:188} INFO - [2026-03-02T13:41:35.181+0000] {dag.py:3954} INFO - Setting next_dagrun for example_task_group to 2026-03-01 00:00:00+00:00, run_after=2026-03-02 00:00:00+00:00
[2026-03-02T13:41:35.193+0000] {processor.py:183} INFO - Processing /home/airflow/.local/lib/python3.12/site-packages/airflow/example_dags/example_task_group.py took 0.108 seconds
[2026-03-02T13:42:05.387+0000] {processor.py:161} INFO - Started process (PID=707) to work on /home/airflow/.local/lib/python3.12/site-packages/airflow/example_dags/example_task_group.py
[2026-03-02T13:42:05.388+0000] {processor.py:830} INFO - Processing file /home/airflow/.local/lib/python3.12/site-packages/airflow/example_dags/example_task_group.py for tasks to queue
[2026-03-02T13:42:05.388+0000] {logging_mixin.py:188} INFO - [2026-03-02T13:42:05.388+0000] {dagbag.py:540} INFO - Filling up the DagBag from /home/airflow/.local/lib/python3.12/site-packages/airflow/example_dags/example_task_group.py
[2026-03-02T13:42:05.391+0000] {processor.py:840} INFO - DAG(s) 'example_task_group' retrieved from /home/airflow/.local/lib/python3.12/site-packages/airflow/example_dags/example_task_group.py
[2026-03-02T13:42:05.406+0000] {logging_mixin.py:188} INFO - [2026-03-02T13:42:05.406+0000] {dag.py:3096} INFO - Sync 1 DAGs
[2026-03-02T13:42:05.414+0000] {logging_mixin.py:188} INFO - [2026-03-02T13:42:05.414+0000] {dag.py:3954} INFO - Setting next_dagrun for example_task_group to 2026-03-01 00:00:00+00:00, run_after=2026-03-02 00:00:00+00:00
[2026-03-02T13:42:05.421+0000] {processor.py:183} INFO - Processing /home/airflow/.local/lib/python3.12/site-packages/airflow/example_dags/example_task_group.py took 0.036 seconds
[2026-03-02T13:42:35.584+0000] {processor.py:161} INFO - Started process (PID=765) to work on /home/airflow/.local/lib/python3.12/site-packages/airflow/example_dags/example_task_group.py
[2026-03-02T13:42:35.584+0000] {processor.py:830} INFO - Processing file /home/airflow/.local/lib/python3.12/site-packages/airflow/example_dags/example_task_group.py for tasks to queue
[2026-03-02T13:42:35.585+0000] {logging_mixin.py:188} INFO - [2026-03-02T13:42:35.585+0000] {dagbag.py:540} INFO - Filling up the DagBag from /home/airflow/.local/lib/python3.12/site-packages/airflow/example_dags/example_task_group.py
[2026-03-02T13:42:35.589+0000] {processor.py:840} INFO - DAG(s) 'example_task_group' retrieved from /home/airflow/.local/lib/python3.12/site-packages/airflow/example_dags/example_task_group.py
[2026-03-02T13:42:35.599+0000] {logging_mixin.py:188} INFO - [2026-03-02T13:42:35.599+0000] {dag.py:3096} INFO - Sync 1 DAGs
[2026-03-02T13:42:35.609+0000] {logging_mixin.py:188} INFO - [2026-03-02T13:42:35.609+0000] {dag.py:3954} INFO - Setting next_dagrun for example_task_group to 2026-03-01 00:00:00+00:00, run_after=2026-03-02 00:00:00+00:00
[2026-03-02T13:42:35.617+0000] {processor.py:183} INFO - Processing /home/airflow/.local/lib/python3.12/site-packages/airflow/example_dags/example_task_group.py took 0.036 seconds
[2026-03-02T13:43:06.058+0000] {processor.py:161} INFO - Started process (PID=823) to work on /home/airflow/.local/lib/python3.12/site-packages/airflow/example_dags/example_task_group.py
[2026-03-02T13:43:06.058+0000] {processor.py:830} INFO - Processing file /home/airflow/.local/lib/python3.12/site-packages/airflow/example_dags/example_task_group.py for tasks to queue
[2026-03-02T13:43:06.059+0000] {logging_mixin.py:188} INFO - [2026-03-02T13:43:06.059+0000] {dagbag.py:540} INFO - Filling up the DagBag from /home/airflow/.local/lib/python3.12/site-packages/airflow/example_dags/example_task_group.py
[2026-03-02T13:43:06.062+0000] {processor.py:840} INFO - DAG(s) 'example_task_group' retrieved from /home/airflow/.local/lib/python3.12/site-packages/airflow/example_dags/example_task_group.py
[2026-03-02T13:43:06.072+0000] {logging_mixin.py:188} INFO - [2026-03-02T13:43:06.072+0000] {dag.py:3096} INFO - Sync 1 DAGs
[2026-03-02T13:43:06.079+0000] {logging_mixin.py:188} INFO - [2026-03-02T13:43:06.079+0000] {dag.py:3954} INFO - Setting next_dagrun for example_task_group to 2026-03-01 00:00:00+00:00, run_after=2026-03-02 00:00:00+00:00
[2026-03-02T13:43:06.088+0000] {processor.py:183} INFO - Processing /home/airflow/.local/lib/python3.12/site-packages/airflow/example_dags/example_task_group.py took 0.033 seconds
[2026-03-02T13:43:36.317+0000] {processor.py:161} INFO - Started process (PID=880) to work on /home/airflow/.local/lib/python3.12/site-packages/airflow/example_dags/example_task_group.py
[2026-03-02T13:43:36.318+0000] {processor.py:830} INFO - Processing file /home/airflow/.local/lib/python3.12/site-packages/airflow/example_dags/example_task_group.py for tasks to queue
[2026-03-02T13:43:36.319+0000] {logging_mixin.py:188} INFO - [2026-03-02T13:43:36.319+0000] {dagbag.py:540} INFO - Filling up the DagBag from /home/airflow/.local/lib/python3.12/site-packages/airflow/example_dags/example_task_group.py
[2026-03-02T13:43:36.322+0000] {processor.py:840} INFO - DAG(s) 'example_task_group' retrieved from /home/airflow/.local/lib/python3.12/site-packages/airflow/example_dags/example_task_group.py
[2026-03-02T13:43:36.333+0000] {logging_mixin.py:188} INFO - [2026-03-02T13:43:36.333+0000] {dag.py:3096} INFO - Sync 1 DAGs
[2026-03-02T13:43:36.343+0000] {logging_mixin.py:188} INFO - [2026-03-02T13:43:36.343+0000] {dag.py:3954} INFO - Setting next_dagrun for example_task_group to 2026-03-01 00:00:00+00:00, run_after=2026-03-02 00:00:00+00:00
[2026-03-02T13:43:36.349+0000] {processor.py:183} INFO - Processing /home/airflow/.local/lib/python3.12/site-packages/airflow/example_dags/example_task_group.py took 0.035 seconds
[2026-03-02T13:44:06.979+0000] {processor.py:161} INFO - Started process (PID=939) to work on /home/airflow/.local/lib/python3.12/site-packages/airflow/example_dags/example_task_group.py
[2026-03-02T13:44:06.979+0000] {processor.py:830} INFO - Processing file /home/airflow/.local/lib/python3.12/site-packages/airflow/example_dags/example_task_group.py for tasks to queue
[2026-03-02T13:44:06.980+0000] {logging_mixin.py:188} INFO - [2026-03-02T13:44:06.980+0000] {dagbag.py:540} INFO - Filling up the DagBag from /home/airflow/.local/lib/python3.12/site-packages/airflow/example_dags/example_task_group.py
[2026-03-02T13:44:06.985+0000] {processor.py:840} INFO - DAG(s) 'example_task_group' retrieved from /home/airflow/.local/lib/python3.12/site-packages/airflow/example_dags/example_task_group.py
[2026-03-02T13:44:06.998+0000] {logging_mixin.py:188} INFO - [2026-03-02T13:44:06.998+0000] {dag.py:3096} INFO - Sync 1 DAGs
[2026-03-02T13:44:07.011+0000] {logging_mixin.py:188} INFO - [2026-03-02T13:44:07.011+0000] {dag.py:3954} INFO - Setting next_dagrun for example_task_group to 2026-03-01 00:00:00+00:00, run_after=2026-03-02 00:00:00+00:00
[2026-03-02T13:44:07.024+0000] {processor.py:183} INFO - Processing /home/airflow/.local/lib/python3.12/site-packages/airflow/example_dags/example_task_group.py took 0.049 seconds
[2026-03-02T13:44:37.290+0000] {processor.py:161} INFO - Started process (PID=996) to work on /home/airflow/.local/lib/python3.12/site-packages/airflow/example_dags/example_task_group.py
[2026-03-02T13:44:37.290+0000] {processor.py:830} INFO - Processing file /home/airflow/.local/lib/python3.12/site-packages/airflow/example_dags/example_task_group.py for tasks to queue
[2026-03-02T13:44:37.292+0000] {logging_mixin.py:188} INFO - [2026-03-02T13:44:37.291+0000] {dagbag.py:540} INFO - Filling up the DagBag from /home/airflow/.local/lib/python3.12/site-packages/airflow/example_dags/example_task_group.py
[2026-03-02T13:44:37.296+0000] {processor.py:840} INFO - DAG(s) 'example_task_group' retrieved from /home/airflow/.local/lib/python3.12/site-packages/airflow/example_dags/example_task_group.py
[2026-03-02T13:44:37.308+0000] {logging_mixin.py:188} INFO - [2026-03-02T13:44:37.308+0000] {dag.py:3096} INFO - Sync 1 DAGs
[2026-03-02T13:44:37.320+0000] {logging_mixin.py:188} INFO - [2026-03-02T13:44:37.319+0000] {dag.py:3954} INFO - Setting next_dagrun for example_task_group to 2026-03-01 00:00:00+00:00, run_after=2026-03-02 00:00:00+00:00
[2026-03-02T13:44:37.330+0000] {processor.py:183} INFO - Processing /home/airflow/.local/lib/python3.12/site-packages/airflow/example_dags/example_task_group.py took 0.042 seconds
[2026-03-02T13:45:07.378+0000] {processor.py:161} INFO - Started process (PID=1054) to work on /home/airflow/.local/lib/python3.12/site-packages/airflow/example_dags/example_task_group.py
[2026-03-02T13:45:07.378+0000] {processor.py:830} INFO - Processing file /home/airflow/.local/lib/python3.12/site-packages/airflow/example_dags/example_task_group.py for tasks to queue
[2026-03-02T13:45:07.379+0000] {logging_mixin.py:188} INFO - [2026-03-02T13:45:07.379+0000] {dagbag.py:540} INFO - Filling up the DagBag from /home/airflow/.local/lib/python3.12/site-packages/airflow/example_dags/example_task_group.py
[2026-03-02T13:45:07.383+0000] {processor.py:840} INFO - DAG(s) 'example_task_group' retrieved from /home/airflow/.local/lib/python3.12/site-packages/airflow/example_dags/example_task_group.py
[2026-03-02T13:45:07.396+0000] {logging_mixin.py:188} INFO - [2026-03-02T13:45:07.396+0000] {dag.py:3096} INFO - Sync 1 DAGs
[2026-03-02T13:45:07.407+0000] {logging_mixin.py:188} INFO - [2026-03-02T13:45:07.407+0000] {dag.py:3954} INFO - Setting next_dagrun for example_task_group to 2026-03-01 00:00:00+00:00, run_after=2026-03-02 00:00:00+00:00
[2026-03-02T13:45:07.415+0000] {processor.py:183} INFO - Processing /home/airflow/.local/lib/python3.12/site-packages/airflow/example_dags/example_task_group.py took 0.040 seconds
[2026-03-02T13:45:38.155+0000] {processor.py:161} INFO - Started process (PID=1112) to work on /home/airflow/.local/lib/python3.12/site-packages/airflow/example_dags/example_task_group.py
[2026-03-02T13:45:38.156+0000] {processor.py:830} INFO - Processing file /home/airflow/.local/lib/python3.12/site-packages/airflow/example_dags/example_task_group.py for tasks to queue
[2026-03-02T13:45:38.157+0000] {logging_mixin.py:188} INFO - [2026-03-02T13:45:38.156+0000] {dagbag.py:540} INFO - Filling up the DagBag from /home/airflow/.local/lib/python3.12/site-packages/airflow/example_dags/example_task_group.py
[2026-03-02T13:45:38.161+0000] {processor.py:840} INFO - DAG(s) 'example_task_group' retrieved from /home/airflow/.local/lib/python3.12/site-packages/airflow/example_dags/example_task_group.py
[2026-03-02T13:45:38.270+0000] {logging_mixin.py:188} INFO - [2026-03-02T13:45:38.269+0000] {dag.py:3096} INFO - Sync 1 DAGs
[2026-03-02T13:45:38.280+0000] {logging_mixin.py:188} INFO - [2026-03-02T13:45:38.280+0000] {dag.py:3954} INFO - Setting next_dagrun for example_task_group to 2026-03-01 00:00:00+00:00, run_after=2026-03-02 00:00:00+00:00
[2026-03-02T13:45:38.287+0000] {processor.py:183} INFO - Processing /home/airflow/.local/lib/python3.12/site-packages/airflow/example_dags/example_task_group.py took 0.135 seconds
[2026-03-02T13:46:08.527+0000] {processor.py:161} INFO - Started process (PID=1170) to work on /home/airflow/.local/lib/python3.12/site-packages/airflow/example_dags/example_task_group.py
[2026-03-02T13:46:08.527+0000] {processor.py:830} INFO - Processing file /home/airflow/.local/lib/python3.12/site-packages/airflow/example_dags/example_task_group.py for tasks to queue
[2026-03-02T13:46:08.528+0000] {logging_mixin.py:188} INFO - [2026-03-02T13:46:08.528+0000] {dagbag.py:540} INFO - Filling up the DagBag from /home/airflow/.local/lib/python3.12/site-packages/airflow/example_dags/example_task_group.py
[2026-03-02T13:46:08.531+0000] {processor.py:840} INFO - DAG(s) 'example_task_group' retrieved from /home/airflow/.local/lib/python3.12/site-packages/airflow/example_dags/example_task_group.py
[2026-03-02T13:46:08.542+0000] {logging_mixin.py:188} INFO - [2026-03-02T13:46:08.542+0000] {dag.py:3096} INFO - Sync 1 DAGs
[2026-03-02T13:46:08.646+0000] {logging_mixin.py:188} INFO - [2026-03-02T13:46:08.646+0000] {dag.py:3954} INFO - Setting next_dagrun for example_task_group to 2026-03-01 00:00:00+00:00, run_after=2026-03-02 00:00:00+00:00
[2026-03-02T13:46:08.652+0000] {processor.py:183} INFO - Processing /home/airflow/.local/lib/python3.12/site-packages/airflow/example_dags/example_task_group.py took 0.128 seconds
[2026-03-02T13:46:39.423+0000] {processor.py:161} INFO - Started process (PID=1228) to work on /home/airflow/.local/lib/python3.12/site-packages/airflow/example_dags/example_task_group.py
[2026-03-02T13:46:39.425+0000] {processor.py:830} INFO - Processing file /home/airflow/.local/lib/python3.12/site-packages/airflow/example_dags/example_task_group.py for tasks to queue
[2026-03-02T13:46:39.426+0000] {logging_mixin.py:188} INFO - [2026-03-02T13:46:39.426+0000] {dagbag.py:540} INFO - Filling up the DagBag from /home/airflow/.local/lib/python3.12/site-packages/airflow/example_dags/example_task_group.py
[2026-03-02T13:46:39.429+0000] {processor.py:840} INFO - DAG(s) 'example_task_group' retrieved from /home/airflow/.local/lib/python3.12/site-packages/airflow/example_dags/example_task_group.py
[2026-03-02T13:46:39.439+0000] {logging_mixin.py:188} INFO - [2026-03-02T13:46:39.439+0000] {dag.py:3096} INFO - Sync 1 DAGs
[2026-03-02T13:46:39.450+0000] {logging_mixin.py:188} INFO - [2026-03-02T13:46:39.450+0000] {dag.py:3954} INFO - Setting next_dagrun for example_task_group to 2026-03-01 00:00:00+00:00, run_after=2026-03-02 00:00:00+00:00
[2026-03-02T13:46:39.462+0000] {processor.py:183} INFO - Processing /home/airflow/.local/lib/python3.12/site-packages/airflow/example_dags/example_task_group.py took 0.041 seconds
[2026-03-02T13:47:10.411+0000] {processor.py:161} INFO - Started process (PID=1286) to work on /home/airflow/.local/lib/python3.12/site-packages/airflow/example_dags/example_task_group.py
[2026-03-02T13:47:10.411+0000] {processor.py:830} INFO - Processing file /home/airflow/.local/lib/python3.12/site-packages/airflow/example_dags/example_task_group.py for tasks to queue
[2026-03-02T13:47:10.413+0000] {logging_mixin.py:188} INFO - [2026-03-02T13:47:10.412+0000] {dagbag.py:540} INFO - Filling up the DagBag from /home/airflow/.local/lib/python3.12/site-packages/airflow/example_dags/example_task_group.py
[2026-03-02T13:47:10.419+0000] {processor.py:840} INFO - DAG(s) 'example_task_group' retrieved from /home/airflow/.local/lib/python3.12/site-packages/airflow/example_dags/example_task_group.py
[2026-03-02T13:47:10.432+0000] {logging_mixin.py:188} INFO - [2026-03-02T13:47:10.432+0000] {dag.py:3096} INFO - Sync 1 DAGs
[2026-03-02T13:47:10.443+0000] {logging_mixin.py:188} INFO - [2026-03-02T13:47:10.443+0000] {dag.py:3954} INFO - Setting next_dagrun for example_task_group to 2026-03-01 00:00:00+00:00, run_after=2026-03-02 00:00:00+00:00
[2026-03-02T13:47:10.455+0000] {processor.py:183} INFO - Processing /home/airflow/.local/lib/python3.12/site-packages/airflow/example_dags/example_task_group.py took 0.048 seconds
[2026-03-02T13:47:40.779+0000] {processor.py:161} INFO - Started process (PID=1344) to work on /home/airflow/.local/lib/python3.12/site-packages/airflow/example_dags/example_task_group.py
[2026-03-02T13:47:40.780+0000] {processor.py:830} INFO - Processing file /home/airflow/.local/lib/python3.12/site-packages/airflow/example_dags/example_task_group.py for tasks to queue
[2026-03-02T13:47:40.781+0000] {logging_mixin.py:188} INFO - [2026-03-02T13:47:40.781+0000] {dagbag.py:540} INFO - Filling up the DagBag from /home/airflow/.local/lib/python3.12/site-packages/airflow/example_dags/example_task_group.py
[2026-03-02T13:47:40.788+0000] {processor.py:840} INFO - DAG(s) 'example_task_group' retrieved from /home/airflow/.local/lib/python3.12/site-packages/airflow/example_dags/example_task_group.py
[2026-03-02T13:47:40.811+0000] {logging_mixin.py:188} INFO - [2026-03-02T13:47:40.811+0000] {dag.py:3096} INFO - Sync 1 DAGs
[2026-03-02T13:47:40.867+0000] {logging_mixin.py:188} INFO - [2026-03-02T13:47:40.866+0000] {dag.py:3954} INFO - Setting next_dagrun for example_task_group to 2026-03-01 00:00:00+00:00, run_after=2026-03-02 00:00:00+00:00
[2026-03-02T13:47:40.968+0000] {processor.py:183} INFO - Processing /home/airflow/.local/lib/python3.12/site-packages/airflow/example_dags/example_task_group.py took 0.191 seconds
[2026-03-02T13:48:11.841+0000] {processor.py:161} INFO - Started process (PID=1402) to work on /home/airflow/.local/lib/python3.12/site-packages/airflow/example_dags/example_task_group.py
[2026-03-02T13:48:11.842+0000] {processor.py:830} INFO - Processing file /home/airflow/.local/lib/python3.12/site-packages/airflow/example_dags/example_task_group.py for tasks to queue
[2026-03-02T13:48:11.845+0000] {logging_mixin.py:188} INFO - [2026-03-02T13:48:11.843+0000] {dagbag.py:540} INFO - Filling up the DagBag from /home/airflow/.local/lib/python3.12/site-packages/airflow/example_dags/example_task_group.py
[2026-03-02T13:48:11.851+0000] {processor.py:840} INFO - DAG(s) 'example_task_group' retrieved from /home/airflow/.local/lib/python3.12/site-packages/airflow/example_dags/example_task_group.py
[2026-03-02T13:48:11.871+0000] {logging_mixin.py:188} INFO - [2026-03-02T13:48:11.871+0000] {dag.py:3096} INFO - Sync 1 DAGs
[2026-03-02T13:48:11.895+0000] {logging_mixin.py:188} INFO - [2026-03-02T13:48:11.894+0000] {dag.py:3954} INFO - Setting next_dagrun for example_task_group to 2026-03-01 00:00:00+00:00, run_after=2026-03-02 00:00:00+00:00
[2026-03-02T13:48:11.913+0000] {processor.py:183} INFO - Processing /home/airflow/.local/lib/python3.12/site-packages/airflow/example_dags/example_task_group.py took 0.077 seconds
[2026-03-02T13:48:42.277+0000] {processor.py:161} INFO - Started process (PID=1460) to work on /home/airflow/.local/lib/python3.12/site-packages/airflow/example_dags/example_task_group.py
[2026-03-02T13:48:42.280+0000] {processor.py:830} INFO - Processing file /home/airflow/.local/lib/python3.12/site-packages/airflow/example_dags/example_task_group.py for tasks to queue
[2026-03-02T13:48:42.281+0000] {logging_mixin.py:188} INFO - [2026-03-02T13:48:42.281+0000] {dagbag.py:540} INFO - Filling up the DagBag from /home/airflow/.local/lib/python3.12/site-packages/airflow/example_dags/example_task_group.py
[2026-03-02T13:48:42.285+0000] {processor.py:840} INFO - DAG(s) 'example_task_group' retrieved from /home/airflow/.local/lib/python3.12/site-packages/airflow/example_dags/example_task_group.py
[2026-03-02T13:48:42.298+0000] {logging_mixin.py:188} INFO - [2026-03-02T13:48:42.298+0000] {dag.py:3096} INFO - Sync 1 DAGs
[2026-03-02T13:48:42.309+0000] {logging_mixin.py:188} INFO - [2026-03-02T13:48:42.309+0000] {dag.py:3954} INFO - Setting next_dagrun for example_task_group to 2026-03-01 00:00:00+00:00, run_after=2026-03-02 00:00:00+00:00
[2026-03-02T13:48:42.322+0000] {processor.py:183} INFO - Processing /home/airflow/.local/lib/python3.12/site-packages/airflow/example_dags/example_task_group.py took 0.048 seconds
[2026-03-02T13:49:12.491+0000] {processor.py:161} INFO - Started process (PID=1518) to work on /home/airflow/.local/lib/python3.12/site-packages/airflow/example_dags/example_task_group.py
[2026-03-02T13:49:12.493+0000] {processor.py:830} INFO - Processing file /home/airflow/.local/lib/python3.12/site-packages/airflow/example_dags/example_task_group.py for tasks to queue
[2026-03-02T13:49:12.495+0000] {logging_mixin.py:188} INFO - [2026-03-02T13:49:12.495+0000] {dagbag.py:540} INFO - Filling up the DagBag from /home/airflow/.local/lib/python3.12/site-packages/airflow/example_dags/example_task_group.py
[2026-03-02T13:49:12.501+0000] {processor.py:840} INFO - DAG(s) 'example_task_group' retrieved from /home/airflow/.local/lib/python3.12/site-packages/airflow/example_dags/example_task_group.py
[2026-03-02T13:49:12.518+0000] {logging_mixin.py:188} INFO - [2026-03-02T13:49:12.518+0000] {dag.py:3096} INFO - Sync 1 DAGs
[2026-03-02T13:49:12.536+0000] {logging_mixin.py:188} INFO - [2026-03-02T13:49:12.536+0000] {dag.py:3954} INFO - Setting next_dagrun for example_task_group to 2026-03-01 00:00:00+00:00, run_after=2026-03-02 00:00:00+00:00
[2026-03-02T13:49:12.553+0000] {processor.py:183} INFO - Processing /home/airflow/.local/lib/python3.12/site-packages/airflow/example_dags/example_task_group.py took 0.071 seconds
[2026-03-02T13:49:42.971+0000] {processor.py:161} INFO - Started process (PID=1576) to work on /home/airflow/.local/lib/python3.12/site-packages/airflow/example_dags/example_task_group.py
[2026-03-02T13:49:42.972+0000] {processor.py:830} INFO - Processing file /home/airflow/.local/lib/python3.12/site-packages/airflow/example_dags/example_task_group.py for tasks to queue
[2026-03-02T13:49:42.973+0000] {logging_mixin.py:188} INFO - [2026-03-02T13:49:42.973+0000] {dagbag.py:540} INFO - Filling up the DagBag from /home/airflow/.local/lib/python3.12/site-packages/airflow/example_dags/example_task_group.py
[2026-03-02T13:49:42.981+0000] {processor.py:840} INFO - DAG(s) 'example_task_group' retrieved from /home/airflow/.local/lib/python3.12/site-packages/airflow/example_dags/example_task_group.py
[2026-03-02T13:49:42.997+0000] {logging_mixin.py:188} INFO - [2026-03-02T13:49:42.997+0000] {dag.py:3096} INFO - Sync 1 DAGs
[2026-03-02T13:49:43.014+0000] {logging_mixin.py:188} INFO - [2026-03-02T13:49:43.014+0000] {dag.py:3954} INFO - Setting next_dagrun for example_task_group to 2026-03-01 00:00:00+00:00, run_after=2026-03-02 00:00:00+00:00
[2026-03-02T13:49:43.035+0000] {processor.py:183} INFO - Processing /home/airflow/.local/lib/python3.12/site-packages/airflow/example_dags/example_task_group.py took 0.067 seconds
[2026-03-02T13:50:13.787+0000] {processor.py:161} INFO - Started process (PID=1634) to work on /home/airflow/.local/lib/python3.12/site-packages/airflow/example_dags/example_task_group.py
[2026-03-02T13:50:13.788+0000] {processor.py:830} INFO - Processing file /home/airflow/.local/lib/python3.12/site-packages/airflow/example_dags/example_task_group.py for tasks to queue
[2026-03-02T13:50:13.788+0000] {logging_mixin.py:188} INFO - [2026-03-02T13:50:13.788+0000] {dagbag.py:540} INFO - Filling up the DagBag from /home/airflow/.local/lib/python3.12/site-packages/airflow/example_dags/example_task_group.py
[2026-03-02T13:50:13.791+0000] {processor.py:840} INFO - DAG(s) 'example_task_group' retrieved from /home/airflow/.local/lib/python3.12/site-packages/airflow/example_dags/example_task_group.py
[2026-03-02T13:50:13.805+0000] {logging_mixin.py:188} INFO - [2026-03-02T13:50:13.805+0000] {dag.py:3096} INFO - Sync 1 DAGs
[2026-03-02T13:50:13.816+0000] {logging_mixin.py:188} INFO - [2026-03-02T13:50:13.816+0000] {dag.py:3954} INFO - Setting next_dagrun for example_task_group to 2026-03-01 00:00:00+00:00, run_after=2026-03-02 00:00:00+00:00
[2026-03-02T13:50:13.831+0000] {processor.py:183} INFO - Processing /home/airflow/.local/lib/python3.12/site-packages/airflow/example_dags/example_task_group.py took 0.046 seconds
[2026-03-02T13:50:44.044+0000] {processor.py:161} INFO - Started process (PID=1692) to work on /home/airflow/.local/lib/python3.12/site-packages/airflow/example_dags/example_task_group.py
[2026-03-02T13:50:44.045+0000] {processor.py:830} INFO - Processing file /home/airflow/.local/lib/python3.12/site-packages/airflow/example_dags/example_task_group.py for tasks to queue
[2026-03-02T13:50:44.048+0000] {logging_mixin.py:188} INFO - [2026-03-02T13:50:44.048+0000] {dagbag.py:540} INFO - Filling up the DagBag from /home/airflow/.local/lib/python3.12/site-packages/airflow/example_dags/example_task_group.py
[2026-03-02T13:50:44.058+0000] {processor.py:840} INFO - DAG(s) 'example_task_group' retrieved from /home/airflow/.local/lib/python3.12/site-packages/airflow/example_dags/example_task_group.py
[2026-03-02T13:50:44.095+0000] {logging_mixin.py:188} INFO - [2026-03-02T13:50:44.095+0000] {dag.py:3096} INFO - Sync 1 DAGs
[2026-03-02T13:50:44.157+0000] {logging_mixin.py:188} INFO - [2026-03-02T13:50:44.157+0000] {dag.py:3954} INFO - Setting next_dagrun for example_task_group to 2026-03-01 00:00:00+00:00, run_after=2026-03-02 00:00:00+00:00
[2026-03-02T13:50:44.186+0000] {processor.py:183} INFO - Processing /home/airflow/.local/lib/python3.12/site-packages/airflow/example_dags/example_task_group.py took 0.150 seconds
[2026-03-02T13:51:15.231+0000] {processor.py:161} INFO - Started process (PID=1750) to work on /home/airflow/.local/lib/python3.12/site-packages/airflow/example_dags/example_task_group.py
[2026-03-02T13:51:15.234+0000] {processor.py:830} INFO - Processing file /home/airflow/.local/lib/python3.12/site-packages/airflow/example_dags/example_task_group.py for tasks to queue
[2026-03-02T13:51:15.240+0000] {logging_mixin.py:188} INFO - [2026-03-02T13:51:15.239+0000] {dagbag.py:540} INFO - Filling up the DagBag from /home/airflow/.local/lib/python3.12/site-packages/airflow/example_dags/example_task_group.py
[2026-03-02T13:51:15.258+0000] {processor.py:840} INFO - DAG(s) 'example_task_group' retrieved from /home/airflow/.local/lib/python3.12/site-packages/airflow/example_dags/example_task_group.py
[2026-03-02T13:51:15.301+0000] {logging_mixin.py:188} INFO - [2026-03-02T13:51:15.300+0000] {dag.py:3096} INFO - Sync 1 DAGs
[2026-03-02T13:51:15.357+0000] {logging_mixin.py:188} INFO - [2026-03-02T13:51:15.357+0000] {dag.py:3954} INFO - Setting next_dagrun for example_task_group to 2026-03-01 00:00:00+00:00, run_after=2026-03-02 00:00:00+00:00
[2026-03-02T13:51:15.391+0000] {processor.py:183} INFO - Processing /home/airflow/.local/lib/python3.12/site-packages/airflow/example_dags/example_task_group.py took 0.174 seconds
[2026-03-02T13:51:45.599+0000] {processor.py:161} INFO - Started process (PID=1808) to work on /home/airflow/.local/lib/python3.12/site-packages/airflow/example_dags/example_task_group.py
[2026-03-02T13:51:45.600+0000] {processor.py:830} INFO - Processing file /home/airflow/.local/lib/python3.12/site-packages/airflow/example_dags/example_task_group.py for tasks to queue
[2026-03-02T13:51:45.601+0000] {logging_mixin.py:188} INFO - [2026-03-02T13:51:45.601+0000] {dagbag.py:540} INFO - Filling up the DagBag from /home/airflow/.local/lib/python3.12/site-packages/airflow/example_dags/example_task_group.py
[2026-03-02T13:51:45.608+0000] {processor.py:840} INFO - DAG(s) 'example_task_group' retrieved from /home/airflow/.local/lib/python3.12/site-packages/airflow/example_dags/example_task_group.py
[2026-03-02T13:51:45.627+0000] {logging_mixin.py:188} INFO - [2026-03-02T13:51:45.627+0000] {dag.py:3096} INFO - Sync 1 DAGs
[2026-03-02T13:51:45.647+0000] {logging_mixin.py:188} INFO - [2026-03-02T13:51:45.647+0000] {dag.py:3954} INFO - Setting next_dagrun for example_task_group to 2026-03-01 00:00:00+00:00, run_after=2026-03-02 00:00:00+00:00
[2026-03-02T13:51:45.660+0000] {processor.py:183} INFO - Processing /home/airflow/.local/lib/python3.12/site-packages/airflow/example_dags/example_task_group.py took 0.064 seconds
[2026-03-02T13:52:16.091+0000] {processor.py:161} INFO - Started process (PID=1866) to work on /home/airflow/.local/lib/python3.12/site-packages/airflow/example_dags/example_task_group.py
[2026-03-02T13:52:16.094+0000] {processor.py:830} INFO - Processing file /home/airflow/.local/lib/python3.12/site-packages/airflow/example_dags/example_task_group.py for tasks to queue
[2026-03-02T13:52:16.099+0000] {logging_mixin.py:188} INFO - [2026-03-02T13:52:16.098+0000] {dagbag.py:540} INFO - Filling up the DagBag from /home/airflow/.local/lib/python3.12/site-packages/airflow/example_dags/example_task_group.py
[2026-03-02T13:52:16.317+0000] {processor.py:840} INFO - DAG(s) 'example_task_group' retrieved from /home/airflow/.local/lib/python3.12/site-packages/airflow/example_dags/example_task_group.py
[2026-03-02T13:52:16.389+0000] {logging_mixin.py:188} INFO - [2026-03-02T13:52:16.389+0000] {dag.py:3096} INFO - Sync 1 DAGs
[2026-03-02T13:52:16.443+0000] {logging_mixin.py:188} INFO - [2026-03-02T13:52:16.442+0000] {dag.py:3954} INFO - Setting next_dagrun for example_task_group to 2026-03-01 00:00:00+00:00, run_after=2026-03-02 00:00:00+00:00
[2026-03-02T13:52:16.491+0000] {processor.py:183} INFO - Processing /home/airflow/.local/lib/python3.12/site-packages/airflow/example_dags/example_task_group.py took 0.409 seconds
[2026-03-02T13:52:46.592+0000] {processor.py:161} INFO - Started process (PID=1923) to work on /home/airflow/.local/lib/python3.12/site-packages/airflow/example_dags/example_task_group.py
[2026-03-02T13:52:46.593+0000] {processor.py:830} INFO - Processing file /home/airflow/.local/lib/python3.12/site-packages/airflow/example_dags/example_task_group.py for tasks to queue
[2026-03-02T13:52:46.595+0000] {logging_mixin.py:188} INFO - [2026-03-02T13:52:46.594+0000] {dagbag.py:540} INFO - Filling up the DagBag from /home/airflow/.local/lib/python3.12/site-packages/airflow/example_dags/example_task_group.py
[2026-03-02T13:52:46.601+0000] {processor.py:840} INFO - DAG(s) 'example_task_group' retrieved from /home/airflow/.local/lib/python3.12/site-packages/airflow/example_dags/example_task_group.py
[2026-03-02T13:52:46.617+0000] {logging_mixin.py:188} INFO - [2026-03-02T13:52:46.617+0000] {dag.py:3096} INFO - Sync 1 DAGs
[2026-03-02T13:52:46.630+0000] {logging_mixin.py:188} INFO - [2026-03-02T13:52:46.630+0000] {dag.py:3954} INFO - Setting next_dagrun for example_task_group to 2026-03-01 00:00:00+00:00, run_after=2026-03-02 00:00:00+00:00
[2026-03-02T13:52:46.641+0000] {processor.py:183} INFO - Processing /home/airflow/.local/lib/python3.12/site-packages/airflow/example_dags/example_task_group.py took 0.054 seconds
[2026-03-02T13:53:17.178+0000] {processor.py:161} INFO - Started process (PID=1982) to work on /home/airflow/.local/lib/python3.12/site-packages/airflow/example_dags/example_task_group.py
[2026-03-02T13:53:17.178+0000] {processor.py:830} INFO - Processing file /home/airflow/.local/lib/python3.12/site-packages/airflow/example_dags/example_task_group.py for tasks to queue
[2026-03-02T13:53:17.179+0000] {logging_mixin.py:188} INFO - [2026-03-02T13:53:17.179+0000] {dagbag.py:540} INFO - Filling up the DagBag from /home/airflow/.local/lib/python3.12/site-packages/airflow/example_dags/example_task_group.py
[2026-03-02T13:53:17.185+0000] {processor.py:840} INFO - DAG(s) 'example_task_group' retrieved from /home/airflow/.local/lib/python3.12/site-packages/airflow/example_dags/example_task_group.py
[2026-03-02T13:53:17.196+0000] {logging_mixin.py:188} INFO - [2026-03-02T13:53:17.196+0000] {dag.py:3096} INFO - Sync 1 DAGs
[2026-03-02T13:53:17.209+0000] {logging_mixin.py:188} INFO - [2026-03-02T13:53:17.208+0000] {dag.py:3954} INFO - Setting next_dagrun for example_task_group to 2026-03-01 00:00:00+00:00, run_after=2026-03-02 00:00:00+00:00
[2026-03-02T13:53:17.215+0000] {processor.py:183} INFO - Processing /home/airflow/.local/lib/python3.12/site-packages/airflow/example_dags/example_task_group.py took 0.041 seconds
[2026-03-02T13:53:48.403+0000] {processor.py:161} INFO - Started process (PID=2040) to work on /home/airflow/.local/lib/python3.12/site-packages/airflow/example_dags/example_task_group.py
[2026-03-02T13:53:48.404+0000] {processor.py:830} INFO - Processing file /home/airflow/.local/lib/python3.12/site-packages/airflow/example_dags/example_task_group.py for tasks to queue
[2026-03-02T13:53:48.406+0000] {logging_mixin.py:188} INFO - [2026-03-02T13:53:48.405+0000] {dagbag.py:540} INFO - Filling up the DagBag from /home/airflow/.local/lib/python3.12/site-packages/airflow/example_dags/example_task_group.py
[2026-03-02T13:53:48.412+0000] {processor.py:840} INFO - DAG(s) 'example_task_group' retrieved from /home/airflow/.local/lib/python3.12/site-packages/airflow/example_dags/example_task_group.py
[2026-03-02T13:53:48.439+0000] {logging_mixin.py:188} INFO - [2026-03-02T13:53:48.439+0000] {dag.py:3096} INFO - Sync 1 DAGs
[2026-03-02T13:53:48.461+0000] {logging_mixin.py:188} INFO - [2026-03-02T13:53:48.460+0000] {dag.py:3954} INFO - Setting next_dagrun for example_task_group to 2026-03-01 00:00:00+00:00, run_after=2026-03-02 00:00:00+00:00
[2026-03-02T13:53:48.476+0000] {processor.py:183} INFO - Processing /home/airflow/.local/lib/python3.12/site-packages/airflow/example_dags/example_task_group.py took 0.078 seconds
[2026-03-02T13:54:18.518+0000] {processor.py:161} INFO - Started process (PID=2096) to work on /home/airflow/.local/lib/python3.12/site-packages/airflow/example_dags/example_task_group.py
[2026-03-02T13:54:18.519+0000] {processor.py:830} INFO - Processing file /home/airflow/.local/lib/python3.12/site-packages/airflow/example_dags/example_task_group.py for tasks to queue
[2026-03-02T13:54:18.520+0000] {logging_mixin.py:188} INFO - [2026-03-02T13:54:18.520+0000] {dagbag.py:540} INFO - Filling up the DagBag from /home/airflow/.local/lib/python3.12/site-packages/airflow/example_dags/example_task_group.py
[2026-03-02T13:54:18.523+0000] {processor.py:840} INFO - DAG(s) 'example_task_group' retrieved from /home/airflow/.local/lib/python3.12/site-packages/airflow/example_dags/example_task_group.py
[2026-03-02T13:54:18.531+0000] {logging_mixin.py:188} INFO - [2026-03-02T13:54:18.531+0000] {dag.py:3096} INFO - Sync 1 DAGs
[2026-03-02T13:54:18.539+0000] {logging_mixin.py:188} INFO - [2026-03-02T13:54:18.539+0000] {dag.py:3954} INFO - Setting next_dagrun for example_task_group to 2026-03-01 00:00:00+00:00, run_after=2026-03-02 00:00:00+00:00
[2026-03-02T13:54:18.545+0000] {processor.py:183} INFO - Processing /home/airflow/.local/lib/python3.12/site-packages/airflow/example_dags/example_task_group.py took 0.030 seconds
[2026-03-02T13:54:49.212+0000] {processor.py:161} INFO - Started process (PID=2154) to work on /home/airflow/.local/lib/python3.12/site-packages/airflow/example_dags/example_task_group.py
[2026-03-02T13:54:49.213+0000] {processor.py:830} INFO - Processing file /home/airflow/.local/lib/python3.12/site-packages/airflow/example_dags/example_task_group.py for tasks to queue
[2026-03-02T13:54:49.214+0000] {logging_mixin.py:188} INFO - [2026-03-02T13:54:49.214+0000] {dagbag.py:540} INFO - Filling up the DagBag from /home/airflow/.local/lib/python3.12/site-packages/airflow/example_dags/example_task_group.py
[2026-03-02T13:54:49.218+0000] {processor.py:840} INFO - DAG(s) 'example_task_group' retrieved from /home/airflow/.local/lib/python3.12/site-packages/airflow/example_dags/example_task_group.py
[2026-03-02T13:54:49.226+0000] {logging_mixin.py:188} INFO - [2026-03-02T13:54:49.226+0000] {dag.py:3096} INFO - Sync 1 DAGs
[2026-03-02T13:54:49.234+0000] {logging_mixin.py:188} INFO - [2026-03-02T13:54:49.233+0000] {dag.py:3954} INFO - Setting next_dagrun for example_task_group to 2026-03-01 00:00:00+00:00, run_after=2026-03-02 00:00:00+00:00
[2026-03-02T13:54:49.239+0000] {processor.py:183} INFO - Processing /home/airflow/.local/lib/python3.12/site-packages/airflow/example_dags/example_task_group.py took 0.031 seconds
[2026-03-02T13:55:24.742+0000] {processor.py:161} INFO - Started process (PID=2212) to work on /home/airflow/.local/lib/python3.12/site-packages/airflow/example_dags/example_task_group.py
[2026-03-02T13:55:24.744+0000] {processor.py:830} INFO - Processing file /home/airflow/.local/lib/python3.12/site-packages/airflow/example_dags/example_task_group.py for tasks to queue
[2026-03-02T13:55:24.754+0000] {logging_mixin.py:188} INFO - [2026-03-02T13:55:24.753+0000] {dagbag.py:540} INFO - Filling up the DagBag from /home/airflow/.local/lib/python3.12/site-packages/airflow/example_dags/example_task_group.py
[2026-03-02T13:55:24.768+0000] {processor.py:840} INFO - DAG(s) 'example_task_group' retrieved from /home/airflow/.local/lib/python3.12/site-packages/airflow/example_dags/example_task_group.py
[2026-03-02T13:55:24.838+0000] {logging_mixin.py:188} INFO - [2026-03-02T13:55:24.838+0000] {dag.py:3096} INFO - Sync 1 DAGs
[2026-03-02T13:55:24.873+0000] {logging_mixin.py:188} INFO - [2026-03-02T13:55:24.873+0000] {dag.py:3954} INFO - Setting next_dagrun for example_task_group to 2026-03-01 00:00:00+00:00, run_after=2026-03-02 00:00:00+00:00
[2026-03-02T13:55:24.937+0000] {processor.py:183} INFO - Processing /home/airflow/.local/lib/python3.12/site-packages/airflow/example_dags/example_task_group.py took 0.200 seconds
[2026-03-02T13:55:55.753+0000] {processor.py:161} INFO - Started process (PID=2270) to work on /home/airflow/.local/lib/python3.12/site-packages/airflow/example_dags/example_task_group.py
[2026-03-02T13:55:55.753+0000] {processor.py:830} INFO - Processing file /home/airflow/.local/lib/python3.12/site-packages/airflow/example_dags/example_task_group.py for tasks to queue
[2026-03-02T13:55:55.754+0000] {logging_mixin.py:188} INFO - [2026-03-02T13:55:55.754+0000] {dagbag.py:540} INFO - Filling up the DagBag from /home/airflow/.local/lib/python3.12/site-packages/airflow/example_dags/example_task_group.py
[2026-03-02T13:55:55.759+0000] {processor.py:840} INFO - DAG(s) 'example_task_group' retrieved from /home/airflow/.local/lib/python3.12/site-packages/airflow/example_dags/example_task_group.py
[2026-03-02T13:55:55.770+0000] {logging_mixin.py:188} INFO - [2026-03-02T13:55:55.770+0000] {dag.py:3096} INFO - Sync 1 DAGs
[2026-03-02T13:55:55.782+0000] {logging_mixin.py:188} INFO - [2026-03-02T13:55:55.782+0000] {dag.py:3954} INFO - Setting next_dagrun for example_task_group to 2026-03-01 00:00:00+00:00, run_after=2026-03-02 00:00:00+00:00
[2026-03-02T13:55:55.795+0000] {processor.py:183} INFO - Processing /home/airflow/.local/lib/python3.12/site-packages/airflow/example_dags/example_task_group.py took 0.046 seconds
