[2026-03-02T13:36:31.187+0000] {processor.py:161} INFO - Started process (PID=75) to work on /home/airflow/.local/lib/python3.12/site-packages/airflow/example_dags/example_short_circuit_decorator.py
[2026-03-02T13:36:31.187+0000] {processor.py:830} INFO - Processing file /home/airflow/.local/lib/python3.12/site-packages/airflow/example_dags/example_short_circuit_decorator.py for tasks to queue
[2026-03-02T13:36:31.189+0000] {logging_mixin.py:188} INFO - [2026-03-02T13:36:31.189+0000] {dagbag.py:540} INFO - Filling up the DagBag from /home/airflow/.local/lib/python3.12/site-packages/airflow/example_dags/example_short_circuit_decorator.py
[2026-03-02T13:36:31.217+0000] {processor.py:840} INFO - DAG(s) 'example_short_circuit_decorator' retrieved from /home/airflow/.local/lib/python3.12/site-packages/airflow/example_dags/example_short_circuit_decorator.py
[2026-03-02T13:36:31.337+0000] {logging_mixin.py:188} INFO - [2026-03-02T13:36:31.336+0000] {dag.py:3096} INFO - Sync 1 DAGs
[2026-03-02T13:36:31.346+0000] {logging_mixin.py:188} INFO - [2026-03-02T13:36:31.346+0000] {dag.py:3954} INFO - Setting next_dagrun for example_short_circuit_decorator to 2026-03-01 00:00:00+00:00, run_after=2026-03-02 00:00:00+00:00
[2026-03-02T13:36:31.357+0000] {processor.py:183} INFO - Processing /home/airflow/.local/lib/python3.12/site-packages/airflow/example_dags/example_short_circuit_decorator.py took 0.190 seconds
[2026-03-02T13:37:01.451+0000] {processor.py:161} INFO - Started process (PID=133) to work on /home/airflow/.local/lib/python3.12/site-packages/airflow/example_dags/example_short_circuit_decorator.py
[2026-03-02T13:37:01.452+0000] {processor.py:830} INFO - Processing file /home/airflow/.local/lib/python3.12/site-packages/airflow/example_dags/example_short_circuit_decorator.py for tasks to queue
[2026-03-02T13:37:01.454+0000] {logging_mixin.py:188} INFO - [2026-03-02T13:37:01.453+0000] {dagbag.py:540} INFO - Filling up the DagBag from /home/airflow/.local/lib/python3.12/site-packages/airflow/example_dags/example_short_circuit_decorator.py
[2026-03-02T13:37:01.457+0000] {processor.py:840} INFO - DAG(s) 'example_short_circuit_decorator' retrieved from /home/airflow/.local/lib/python3.12/site-packages/airflow/example_dags/example_short_circuit_decorator.py
[2026-03-02T13:37:01.467+0000] {logging_mixin.py:188} INFO - [2026-03-02T13:37:01.467+0000] {dag.py:3096} INFO - Sync 1 DAGs
[2026-03-02T13:37:01.475+0000] {logging_mixin.py:188} INFO - [2026-03-02T13:37:01.475+0000] {dag.py:3954} INFO - Setting next_dagrun for example_short_circuit_decorator to 2026-03-01 00:00:00+00:00, run_after=2026-03-02 00:00:00+00:00
[2026-03-02T13:37:01.481+0000] {processor.py:183} INFO - Processing /home/airflow/.local/lib/python3.12/site-packages/airflow/example_dags/example_short_circuit_decorator.py took 0.033 seconds
[2026-03-02T13:37:32.182+0000] {processor.py:161} INFO - Started process (PID=191) to work on /home/airflow/.local/lib/python3.12/site-packages/airflow/example_dags/example_short_circuit_decorator.py
[2026-03-02T13:37:32.185+0000] {processor.py:830} INFO - Processing file /home/airflow/.local/lib/python3.12/site-packages/airflow/example_dags/example_short_circuit_decorator.py for tasks to queue
[2026-03-02T13:37:32.187+0000] {logging_mixin.py:188} INFO - [2026-03-02T13:37:32.186+0000] {dagbag.py:540} INFO - Filling up the DagBag from /home/airflow/.local/lib/python3.12/site-packages/airflow/example_dags/example_short_circuit_decorator.py
[2026-03-02T13:37:32.195+0000] {processor.py:840} INFO - DAG(s) 'example_short_circuit_decorator' retrieved from /home/airflow/.local/lib/python3.12/site-packages/airflow/example_dags/example_short_circuit_decorator.py
[2026-03-02T13:37:32.220+0000] {logging_mixin.py:188} INFO - [2026-03-02T13:37:32.219+0000] {dag.py:3096} INFO - Sync 1 DAGs
[2026-03-02T13:37:32.251+0000] {logging_mixin.py:188} INFO - [2026-03-02T13:37:32.251+0000] {dag.py:3954} INFO - Setting next_dagrun for example_short_circuit_decorator to 2026-03-01 00:00:00+00:00, run_after=2026-03-02 00:00:00+00:00
[2026-03-02T13:37:32.263+0000] {processor.py:183} INFO - Processing /home/airflow/.local/lib/python3.12/site-packages/airflow/example_dags/example_short_circuit_decorator.py took 0.086 seconds
[2026-03-02T13:38:03.504+0000] {processor.py:161} INFO - Started process (PID=249) to work on /home/airflow/.local/lib/python3.12/site-packages/airflow/example_dags/example_short_circuit_decorator.py
[2026-03-02T13:38:03.504+0000] {processor.py:830} INFO - Processing file /home/airflow/.local/lib/python3.12/site-packages/airflow/example_dags/example_short_circuit_decorator.py for tasks to queue
[2026-03-02T13:38:03.505+0000] {logging_mixin.py:188} INFO - [2026-03-02T13:38:03.505+0000] {dagbag.py:540} INFO - Filling up the DagBag from /home/airflow/.local/lib/python3.12/site-packages/airflow/example_dags/example_short_circuit_decorator.py
[2026-03-02T13:38:03.512+0000] {processor.py:840} INFO - DAG(s) 'example_short_circuit_decorator' retrieved from /home/airflow/.local/lib/python3.12/site-packages/airflow/example_dags/example_short_circuit_decorator.py
[2026-03-02T13:38:03.526+0000] {logging_mixin.py:188} INFO - [2026-03-02T13:38:03.525+0000] {dag.py:3096} INFO - Sync 1 DAGs
[2026-03-02T13:38:03.539+0000] {logging_mixin.py:188} INFO - [2026-03-02T13:38:03.539+0000] {dag.py:3954} INFO - Setting next_dagrun for example_short_circuit_decorator to 2026-03-01 00:00:00+00:00, run_after=2026-03-02 00:00:00+00:00
[2026-03-02T13:38:03.549+0000] {processor.py:183} INFO - Processing /home/airflow/.local/lib/python3.12/site-packages/airflow/example_dags/example_short_circuit_decorator.py took 0.048 seconds
[2026-03-02T13:38:34.514+0000] {processor.py:161} INFO - Started process (PID=307) to work on /home/airflow/.local/lib/python3.12/site-packages/airflow/example_dags/example_short_circuit_decorator.py
[2026-03-02T13:38:34.514+0000] {processor.py:830} INFO - Processing file /home/airflow/.local/lib/python3.12/site-packages/airflow/example_dags/example_short_circuit_decorator.py for tasks to queue
[2026-03-02T13:38:34.515+0000] {logging_mixin.py:188} INFO - [2026-03-02T13:38:34.515+0000] {dagbag.py:540} INFO - Filling up the DagBag from /home/airflow/.local/lib/python3.12/site-packages/airflow/example_dags/example_short_circuit_decorator.py
[2026-03-02T13:38:34.520+0000] {processor.py:840} INFO - DAG(s) 'example_short_circuit_decorator' retrieved from /home/airflow/.local/lib/python3.12/site-packages/airflow/example_dags/example_short_circuit_decorator.py
[2026-03-02T13:38:34.532+0000] {logging_mixin.py:188} INFO - [2026-03-02T13:38:34.532+0000] {dag.py:3096} INFO - Sync 1 DAGs
[2026-03-02T13:38:34.543+0000] {logging_mixin.py:188} INFO - [2026-03-02T13:38:34.542+0000] {dag.py:3954} INFO - Setting next_dagrun for example_short_circuit_decorator to 2026-03-01 00:00:00+00:00, run_after=2026-03-02 00:00:00+00:00
[2026-03-02T13:38:34.556+0000] {processor.py:183} INFO - Processing /home/airflow/.local/lib/python3.12/site-packages/airflow/example_dags/example_short_circuit_decorator.py took 0.045 seconds
[2026-03-02T13:39:04.940+0000] {processor.py:161} INFO - Started process (PID=365) to work on /home/airflow/.local/lib/python3.12/site-packages/airflow/example_dags/example_short_circuit_decorator.py
[2026-03-02T13:39:04.940+0000] {processor.py:830} INFO - Processing file /home/airflow/.local/lib/python3.12/site-packages/airflow/example_dags/example_short_circuit_decorator.py for tasks to queue
[2026-03-02T13:39:04.941+0000] {logging_mixin.py:188} INFO - [2026-03-02T13:39:04.941+0000] {dagbag.py:540} INFO - Filling up the DagBag from /home/airflow/.local/lib/python3.12/site-packages/airflow/example_dags/example_short_circuit_decorator.py
[2026-03-02T13:39:04.944+0000] {processor.py:840} INFO - DAG(s) 'example_short_circuit_decorator' retrieved from /home/airflow/.local/lib/python3.12/site-packages/airflow/example_dags/example_short_circuit_decorator.py
[2026-03-02T13:39:04.953+0000] {logging_mixin.py:188} INFO - [2026-03-02T13:39:04.953+0000] {dag.py:3096} INFO - Sync 1 DAGs
[2026-03-02T13:39:04.960+0000] {logging_mixin.py:188} INFO - [2026-03-02T13:39:04.960+0000] {dag.py:3954} INFO - Setting next_dagrun for example_short_circuit_decorator to 2026-03-01 00:00:00+00:00, run_after=2026-03-02 00:00:00+00:00
[2026-03-02T13:39:04.967+0000] {processor.py:183} INFO - Processing /home/airflow/.local/lib/python3.12/site-packages/airflow/example_dags/example_short_circuit_decorator.py took 0.029 seconds
[2026-03-02T13:39:35.382+0000] {processor.py:161} INFO - Started process (PID=423) to work on /home/airflow/.local/lib/python3.12/site-packages/airflow/example_dags/example_short_circuit_decorator.py
[2026-03-02T13:39:35.383+0000] {processor.py:830} INFO - Processing file /home/airflow/.local/lib/python3.12/site-packages/airflow/example_dags/example_short_circuit_decorator.py for tasks to queue
[2026-03-02T13:39:35.384+0000] {logging_mixin.py:188} INFO - [2026-03-02T13:39:35.383+0000] {dagbag.py:540} INFO - Filling up the DagBag from /home/airflow/.local/lib/python3.12/site-packages/airflow/example_dags/example_short_circuit_decorator.py
[2026-03-02T13:39:35.388+0000] {processor.py:840} INFO - DAG(s) 'example_short_circuit_decorator' retrieved from /home/airflow/.local/lib/python3.12/site-packages/airflow/example_dags/example_short_circuit_decorator.py
[2026-03-02T13:39:35.397+0000] {logging_mixin.py:188} INFO - [2026-03-02T13:39:35.397+0000] {dag.py:3096} INFO - Sync 1 DAGs
[2026-03-02T13:39:35.404+0000] {logging_mixin.py:188} INFO - [2026-03-02T13:39:35.404+0000] {dag.py:3954} INFO - Setting next_dagrun for example_short_circuit_decorator to 2026-03-01 00:00:00+00:00, run_after=2026-03-02 00:00:00+00:00
[2026-03-02T13:39:35.411+0000] {processor.py:183} INFO - Processing /home/airflow/.local/lib/python3.12/site-packages/airflow/example_dags/example_short_circuit_decorator.py took 0.031 seconds
[2026-03-02T13:40:05.867+0000] {processor.py:161} INFO - Started process (PID=481) to work on /home/airflow/.local/lib/python3.12/site-packages/airflow/example_dags/example_short_circuit_decorator.py
[2026-03-02T13:40:05.867+0000] {processor.py:830} INFO - Processing file /home/airflow/.local/lib/python3.12/site-packages/airflow/example_dags/example_short_circuit_decorator.py for tasks to queue
[2026-03-02T13:40:05.868+0000] {logging_mixin.py:188} INFO - [2026-03-02T13:40:05.868+0000] {dagbag.py:540} INFO - Filling up the DagBag from /home/airflow/.local/lib/python3.12/site-packages/airflow/example_dags/example_short_circuit_decorator.py
[2026-03-02T13:40:05.872+0000] {processor.py:840} INFO - DAG(s) 'example_short_circuit_decorator' retrieved from /home/airflow/.local/lib/python3.12/site-packages/airflow/example_dags/example_short_circuit_decorator.py
[2026-03-02T13:40:05.881+0000] {logging_mixin.py:188} INFO - [2026-03-02T13:40:05.881+0000] {dag.py:3096} INFO - Sync 1 DAGs
[2026-03-02T13:40:05.889+0000] {logging_mixin.py:188} INFO - [2026-03-02T13:40:05.889+0000] {dag.py:3954} INFO - Setting next_dagrun for example_short_circuit_decorator to 2026-03-01 00:00:00+00:00, run_after=2026-03-02 00:00:00+00:00
[2026-03-02T13:40:05.895+0000] {processor.py:183} INFO - Processing /home/airflow/.local/lib/python3.12/site-packages/airflow/example_dags/example_short_circuit_decorator.py took 0.031 seconds
[2026-03-02T13:40:36.153+0000] {processor.py:161} INFO - Started process (PID=539) to work on /home/airflow/.local/lib/python3.12/site-packages/airflow/example_dags/example_short_circuit_decorator.py
[2026-03-02T13:40:36.153+0000] {processor.py:830} INFO - Processing file /home/airflow/.local/lib/python3.12/site-packages/airflow/example_dags/example_short_circuit_decorator.py for tasks to queue
[2026-03-02T13:40:36.154+0000] {logging_mixin.py:188} INFO - [2026-03-02T13:40:36.154+0000] {dagbag.py:540} INFO - Filling up the DagBag from /home/airflow/.local/lib/python3.12/site-packages/airflow/example_dags/example_short_circuit_decorator.py
[2026-03-02T13:40:36.158+0000] {processor.py:840} INFO - DAG(s) 'example_short_circuit_decorator' retrieved from /home/airflow/.local/lib/python3.12/site-packages/airflow/example_dags/example_short_circuit_decorator.py
[2026-03-02T13:40:36.168+0000] {logging_mixin.py:188} INFO - [2026-03-02T13:40:36.168+0000] {dag.py:3096} INFO - Sync 1 DAGs
[2026-03-02T13:40:36.180+0000] {logging_mixin.py:188} INFO - [2026-03-02T13:40:36.180+0000] {dag.py:3954} INFO - Setting next_dagrun for example_short_circuit_decorator to 2026-03-01 00:00:00+00:00, run_after=2026-03-02 00:00:00+00:00
[2026-03-02T13:40:36.193+0000] {processor.py:183} INFO - Processing /home/airflow/.local/lib/python3.12/site-packages/airflow/example_dags/example_short_circuit_decorator.py took 0.044 seconds
[2026-03-02T13:41:06.557+0000] {processor.py:161} INFO - Started process (PID=597) to work on /home/airflow/.local/lib/python3.12/site-packages/airflow/example_dags/example_short_circuit_decorator.py
[2026-03-02T13:41:06.557+0000] {processor.py:830} INFO - Processing file /home/airflow/.local/lib/python3.12/site-packages/airflow/example_dags/example_short_circuit_decorator.py for tasks to queue
[2026-03-02T13:41:06.558+0000] {logging_mixin.py:188} INFO - [2026-03-02T13:41:06.558+0000] {dagbag.py:540} INFO - Filling up the DagBag from /home/airflow/.local/lib/python3.12/site-packages/airflow/example_dags/example_short_circuit_decorator.py
[2026-03-02T13:41:06.562+0000] {processor.py:840} INFO - DAG(s) 'example_short_circuit_decorator' retrieved from /home/airflow/.local/lib/python3.12/site-packages/airflow/example_dags/example_short_circuit_decorator.py
[2026-03-02T13:41:06.574+0000] {logging_mixin.py:188} INFO - [2026-03-02T13:41:06.574+0000] {dag.py:3096} INFO - Sync 1 DAGs
[2026-03-02T13:41:06.583+0000] {logging_mixin.py:188} INFO - [2026-03-02T13:41:06.583+0000] {dag.py:3954} INFO - Setting next_dagrun for example_short_circuit_decorator to 2026-03-01 00:00:00+00:00, run_after=2026-03-02 00:00:00+00:00
[2026-03-02T13:41:06.591+0000] {processor.py:183} INFO - Processing /home/airflow/.local/lib/python3.12/site-packages/airflow/example_dags/example_short_circuit_decorator.py took 0.037 seconds
[2026-03-02T13:41:37.503+0000] {processor.py:161} INFO - Started process (PID=655) to work on /home/airflow/.local/lib/python3.12/site-packages/airflow/example_dags/example_short_circuit_decorator.py
[2026-03-02T13:41:37.503+0000] {processor.py:830} INFO - Processing file /home/airflow/.local/lib/python3.12/site-packages/airflow/example_dags/example_short_circuit_decorator.py for tasks to queue
[2026-03-02T13:41:37.504+0000] {logging_mixin.py:188} INFO - [2026-03-02T13:41:37.504+0000] {dagbag.py:540} INFO - Filling up the DagBag from /home/airflow/.local/lib/python3.12/site-packages/airflow/example_dags/example_short_circuit_decorator.py
[2026-03-02T13:41:37.509+0000] {processor.py:840} INFO - DAG(s) 'example_short_circuit_decorator' retrieved from /home/airflow/.local/lib/python3.12/site-packages/airflow/example_dags/example_short_circuit_decorator.py
[2026-03-02T13:41:37.519+0000] {logging_mixin.py:188} INFO - [2026-03-02T13:41:37.519+0000] {dag.py:3096} INFO - Sync 1 DAGs
[2026-03-02T13:41:37.529+0000] {logging_mixin.py:188} INFO - [2026-03-02T13:41:37.529+0000] {dag.py:3954} INFO - Setting next_dagrun for example_short_circuit_decorator to 2026-03-01 00:00:00+00:00, run_after=2026-03-02 00:00:00+00:00
[2026-03-02T13:41:37.536+0000] {processor.py:183} INFO - Processing /home/airflow/.local/lib/python3.12/site-packages/airflow/example_dags/example_short_circuit_decorator.py took 0.036 seconds
[2026-03-02T13:42:07.740+0000] {processor.py:161} INFO - Started process (PID=713) to work on /home/airflow/.local/lib/python3.12/site-packages/airflow/example_dags/example_short_circuit_decorator.py
[2026-03-02T13:42:07.741+0000] {processor.py:830} INFO - Processing file /home/airflow/.local/lib/python3.12/site-packages/airflow/example_dags/example_short_circuit_decorator.py for tasks to queue
[2026-03-02T13:42:07.742+0000] {logging_mixin.py:188} INFO - [2026-03-02T13:42:07.742+0000] {dagbag.py:540} INFO - Filling up the DagBag from /home/airflow/.local/lib/python3.12/site-packages/airflow/example_dags/example_short_circuit_decorator.py
[2026-03-02T13:42:07.749+0000] {processor.py:840} INFO - DAG(s) 'example_short_circuit_decorator' retrieved from /home/airflow/.local/lib/python3.12/site-packages/airflow/example_dags/example_short_circuit_decorator.py
[2026-03-02T13:42:07.764+0000] {logging_mixin.py:188} INFO - [2026-03-02T13:42:07.764+0000] {dag.py:3096} INFO - Sync 1 DAGs
[2026-03-02T13:42:07.777+0000] {logging_mixin.py:188} INFO - [2026-03-02T13:42:07.777+0000] {dag.py:3954} INFO - Setting next_dagrun for example_short_circuit_decorator to 2026-03-01 00:00:00+00:00, run_after=2026-03-02 00:00:00+00:00
[2026-03-02T13:42:07.785+0000] {processor.py:183} INFO - Processing /home/airflow/.local/lib/python3.12/site-packages/airflow/example_dags/example_short_circuit_decorator.py took 0.050 seconds
[2026-03-02T13:42:38.763+0000] {processor.py:161} INFO - Started process (PID=771) to work on /home/airflow/.local/lib/python3.12/site-packages/airflow/example_dags/example_short_circuit_decorator.py
[2026-03-02T13:42:38.764+0000] {processor.py:830} INFO - Processing file /home/airflow/.local/lib/python3.12/site-packages/airflow/example_dags/example_short_circuit_decorator.py for tasks to queue
[2026-03-02T13:42:38.764+0000] {logging_mixin.py:188} INFO - [2026-03-02T13:42:38.764+0000] {dagbag.py:540} INFO - Filling up the DagBag from /home/airflow/.local/lib/python3.12/site-packages/airflow/example_dags/example_short_circuit_decorator.py
[2026-03-02T13:42:38.768+0000] {processor.py:840} INFO - DAG(s) 'example_short_circuit_decorator' retrieved from /home/airflow/.local/lib/python3.12/site-packages/airflow/example_dags/example_short_circuit_decorator.py
[2026-03-02T13:42:38.778+0000] {logging_mixin.py:188} INFO - [2026-03-02T13:42:38.778+0000] {dag.py:3096} INFO - Sync 1 DAGs
[2026-03-02T13:42:38.787+0000] {logging_mixin.py:188} INFO - [2026-03-02T13:42:38.787+0000] {dag.py:3954} INFO - Setting next_dagrun for example_short_circuit_decorator to 2026-03-01 00:00:00+00:00, run_after=2026-03-02 00:00:00+00:00
[2026-03-02T13:42:38.793+0000] {processor.py:183} INFO - Processing /home/airflow/.local/lib/python3.12/site-packages/airflow/example_dags/example_short_circuit_decorator.py took 0.033 seconds
[2026-03-02T13:43:09.297+0000] {processor.py:161} INFO - Started process (PID=829) to work on /home/airflow/.local/lib/python3.12/site-packages/airflow/example_dags/example_short_circuit_decorator.py
[2026-03-02T13:43:09.298+0000] {processor.py:830} INFO - Processing file /home/airflow/.local/lib/python3.12/site-packages/airflow/example_dags/example_short_circuit_decorator.py for tasks to queue
[2026-03-02T13:43:09.298+0000] {logging_mixin.py:188} INFO - [2026-03-02T13:43:09.298+0000] {dagbag.py:540} INFO - Filling up the DagBag from /home/airflow/.local/lib/python3.12/site-packages/airflow/example_dags/example_short_circuit_decorator.py
[2026-03-02T13:43:09.302+0000] {processor.py:840} INFO - DAG(s) 'example_short_circuit_decorator' retrieved from /home/airflow/.local/lib/python3.12/site-packages/airflow/example_dags/example_short_circuit_decorator.py
[2026-03-02T13:43:09.311+0000] {logging_mixin.py:188} INFO - [2026-03-02T13:43:09.311+0000] {dag.py:3096} INFO - Sync 1 DAGs
[2026-03-02T13:43:09.318+0000] {logging_mixin.py:188} INFO - [2026-03-02T13:43:09.318+0000] {dag.py:3954} INFO - Setting next_dagrun for example_short_circuit_decorator to 2026-03-01 00:00:00+00:00, run_after=2026-03-02 00:00:00+00:00
[2026-03-02T13:43:09.325+0000] {processor.py:183} INFO - Processing /home/airflow/.local/lib/python3.12/site-packages/airflow/example_dags/example_short_circuit_decorator.py took 0.031 seconds
[2026-03-02T13:43:39.566+0000] {processor.py:161} INFO - Started process (PID=887) to work on /home/airflow/.local/lib/python3.12/site-packages/airflow/example_dags/example_short_circuit_decorator.py
[2026-03-02T13:43:39.567+0000] {processor.py:830} INFO - Processing file /home/airflow/.local/lib/python3.12/site-packages/airflow/example_dags/example_short_circuit_decorator.py for tasks to queue
[2026-03-02T13:43:39.569+0000] {logging_mixin.py:188} INFO - [2026-03-02T13:43:39.568+0000] {dagbag.py:540} INFO - Filling up the DagBag from /home/airflow/.local/lib/python3.12/site-packages/airflow/example_dags/example_short_circuit_decorator.py
[2026-03-02T13:43:39.575+0000] {processor.py:840} INFO - DAG(s) 'example_short_circuit_decorator' retrieved from /home/airflow/.local/lib/python3.12/site-packages/airflow/example_dags/example_short_circuit_decorator.py
[2026-03-02T13:43:39.588+0000] {logging_mixin.py:188} INFO - [2026-03-02T13:43:39.588+0000] {dag.py:3096} INFO - Sync 1 DAGs
[2026-03-02T13:43:39.599+0000] {logging_mixin.py:188} INFO - [2026-03-02T13:43:39.599+0000] {dag.py:3954} INFO - Setting next_dagrun for example_short_circuit_decorator to 2026-03-01 00:00:00+00:00, run_after=2026-03-02 00:00:00+00:00
[2026-03-02T13:43:39.615+0000] {processor.py:183} INFO - Processing /home/airflow/.local/lib/python3.12/site-packages/airflow/example_dags/example_short_circuit_decorator.py took 0.053 seconds
[2026-03-02T13:44:10.434+0000] {processor.py:161} INFO - Started process (PID=945) to work on /home/airflow/.local/lib/python3.12/site-packages/airflow/example_dags/example_short_circuit_decorator.py
[2026-03-02T13:44:10.435+0000] {processor.py:830} INFO - Processing file /home/airflow/.local/lib/python3.12/site-packages/airflow/example_dags/example_short_circuit_decorator.py for tasks to queue
[2026-03-02T13:44:10.436+0000] {logging_mixin.py:188} INFO - [2026-03-02T13:44:10.436+0000] {dagbag.py:540} INFO - Filling up the DagBag from /home/airflow/.local/lib/python3.12/site-packages/airflow/example_dags/example_short_circuit_decorator.py
[2026-03-02T13:44:10.441+0000] {processor.py:840} INFO - DAG(s) 'example_short_circuit_decorator' retrieved from /home/airflow/.local/lib/python3.12/site-packages/airflow/example_dags/example_short_circuit_decorator.py
[2026-03-02T13:44:10.459+0000] {logging_mixin.py:188} INFO - [2026-03-02T13:44:10.459+0000] {dag.py:3096} INFO - Sync 1 DAGs
[2026-03-02T13:44:10.472+0000] {logging_mixin.py:188} INFO - [2026-03-02T13:44:10.472+0000] {dag.py:3954} INFO - Setting next_dagrun for example_short_circuit_decorator to 2026-03-01 00:00:00+00:00, run_after=2026-03-02 00:00:00+00:00
[2026-03-02T13:44:10.483+0000] {processor.py:183} INFO - Processing /home/airflow/.local/lib/python3.12/site-packages/airflow/example_dags/example_short_circuit_decorator.py took 0.052 seconds
[2026-03-02T13:44:40.512+0000] {processor.py:161} INFO - Started process (PID=1002) to work on /home/airflow/.local/lib/python3.12/site-packages/airflow/example_dags/example_short_circuit_decorator.py
[2026-03-02T13:44:40.512+0000] {processor.py:830} INFO - Processing file /home/airflow/.local/lib/python3.12/site-packages/airflow/example_dags/example_short_circuit_decorator.py for tasks to queue
[2026-03-02T13:44:40.513+0000] {logging_mixin.py:188} INFO - [2026-03-02T13:44:40.513+0000] {dagbag.py:540} INFO - Filling up the DagBag from /home/airflow/.local/lib/python3.12/site-packages/airflow/example_dags/example_short_circuit_decorator.py
[2026-03-02T13:44:40.517+0000] {processor.py:840} INFO - DAG(s) 'example_short_circuit_decorator' retrieved from /home/airflow/.local/lib/python3.12/site-packages/airflow/example_dags/example_short_circuit_decorator.py
[2026-03-02T13:44:40.528+0000] {logging_mixin.py:188} INFO - [2026-03-02T13:44:40.527+0000] {dag.py:3096} INFO - Sync 1 DAGs
[2026-03-02T13:44:40.535+0000] {logging_mixin.py:188} INFO - [2026-03-02T13:44:40.535+0000] {dag.py:3954} INFO - Setting next_dagrun for example_short_circuit_decorator to 2026-03-01 00:00:00+00:00, run_after=2026-03-02 00:00:00+00:00
[2026-03-02T13:44:40.541+0000] {processor.py:183} INFO - Processing /home/airflow/.local/lib/python3.12/site-packages/airflow/example_dags/example_short_circuit_decorator.py took 0.032 seconds
[2026-03-02T13:45:10.605+0000] {processor.py:161} INFO - Started process (PID=1060) to work on /home/airflow/.local/lib/python3.12/site-packages/airflow/example_dags/example_short_circuit_decorator.py
[2026-03-02T13:45:10.606+0000] {processor.py:830} INFO - Processing file /home/airflow/.local/lib/python3.12/site-packages/airflow/example_dags/example_short_circuit_decorator.py for tasks to queue
[2026-03-02T13:45:10.606+0000] {logging_mixin.py:188} INFO - [2026-03-02T13:45:10.606+0000] {dagbag.py:540} INFO - Filling up the DagBag from /home/airflow/.local/lib/python3.12/site-packages/airflow/example_dags/example_short_circuit_decorator.py
[2026-03-02T13:45:10.610+0000] {processor.py:840} INFO - DAG(s) 'example_short_circuit_decorator' retrieved from /home/airflow/.local/lib/python3.12/site-packages/airflow/example_dags/example_short_circuit_decorator.py
[2026-03-02T13:45:10.619+0000] {logging_mixin.py:188} INFO - [2026-03-02T13:45:10.619+0000] {dag.py:3096} INFO - Sync 1 DAGs
[2026-03-02T13:45:10.626+0000] {logging_mixin.py:188} INFO - [2026-03-02T13:45:10.626+0000] {dag.py:3954} INFO - Setting next_dagrun for example_short_circuit_decorator to 2026-03-01 00:00:00+00:00, run_after=2026-03-02 00:00:00+00:00
[2026-03-02T13:45:10.633+0000] {processor.py:183} INFO - Processing /home/airflow/.local/lib/python3.12/site-packages/airflow/example_dags/example_short_circuit_decorator.py took 0.030 seconds
[2026-03-02T13:45:41.576+0000] {processor.py:161} INFO - Started process (PID=1118) to work on /home/airflow/.local/lib/python3.12/site-packages/airflow/example_dags/example_short_circuit_decorator.py
[2026-03-02T13:45:41.576+0000] {processor.py:830} INFO - Processing file /home/airflow/.local/lib/python3.12/site-packages/airflow/example_dags/example_short_circuit_decorator.py for tasks to queue
[2026-03-02T13:45:41.579+0000] {logging_mixin.py:188} INFO - [2026-03-02T13:45:41.578+0000] {dagbag.py:540} INFO - Filling up the DagBag from /home/airflow/.local/lib/python3.12/site-packages/airflow/example_dags/example_short_circuit_decorator.py
[2026-03-02T13:45:41.585+0000] {processor.py:840} INFO - DAG(s) 'example_short_circuit_decorator' retrieved from /home/airflow/.local/lib/python3.12/site-packages/airflow/example_dags/example_short_circuit_decorator.py
[2026-03-02T13:45:41.596+0000] {logging_mixin.py:188} INFO - [2026-03-02T13:45:41.596+0000] {dag.py:3096} INFO - Sync 1 DAGs
[2026-03-02T13:45:41.607+0000] {logging_mixin.py:188} INFO - [2026-03-02T13:45:41.607+0000] {dag.py:3954} INFO - Setting next_dagrun for example_short_circuit_decorator to 2026-03-01 00:00:00+00:00, run_after=2026-03-02 00:00:00+00:00
[2026-03-02T13:45:41.617+0000] {processor.py:183} INFO - Processing /home/airflow/.local/lib/python3.12/site-packages/airflow/example_dags/example_short_circuit_decorator.py took 0.045 seconds
[2026-03-02T13:46:12.082+0000] {processor.py:161} INFO - Started process (PID=1176) to work on /home/airflow/.local/lib/python3.12/site-packages/airflow/example_dags/example_short_circuit_decorator.py
[2026-03-02T13:46:12.083+0000] {processor.py:830} INFO - Processing file /home/airflow/.local/lib/python3.12/site-packages/airflow/example_dags/example_short_circuit_decorator.py for tasks to queue
[2026-03-02T13:46:12.085+0000] {logging_mixin.py:188} INFO - [2026-03-02T13:46:12.084+0000] {dagbag.py:540} INFO - Filling up the DagBag from /home/airflow/.local/lib/python3.12/site-packages/airflow/example_dags/example_short_circuit_decorator.py
[2026-03-02T13:46:12.090+0000] {processor.py:840} INFO - DAG(s) 'example_short_circuit_decorator' retrieved from /home/airflow/.local/lib/python3.12/site-packages/airflow/example_dags/example_short_circuit_decorator.py
[2026-03-02T13:46:12.222+0000] {logging_mixin.py:188} INFO - [2026-03-02T13:46:12.222+0000] {dag.py:3096} INFO - Sync 1 DAGs
[2026-03-02T13:46:12.231+0000] {logging_mixin.py:188} INFO - [2026-03-02T13:46:12.230+0000] {dag.py:3954} INFO - Setting next_dagrun for example_short_circuit_decorator to 2026-03-01 00:00:00+00:00, run_after=2026-03-02 00:00:00+00:00
[2026-03-02T13:46:12.236+0000] {processor.py:183} INFO - Processing /home/airflow/.local/lib/python3.12/site-packages/airflow/example_dags/example_short_circuit_decorator.py took 0.159 seconds
[2026-03-02T13:46:42.684+0000] {processor.py:161} INFO - Started process (PID=1234) to work on /home/airflow/.local/lib/python3.12/site-packages/airflow/example_dags/example_short_circuit_decorator.py
[2026-03-02T13:46:42.685+0000] {processor.py:830} INFO - Processing file /home/airflow/.local/lib/python3.12/site-packages/airflow/example_dags/example_short_circuit_decorator.py for tasks to queue
[2026-03-02T13:46:42.686+0000] {logging_mixin.py:188} INFO - [2026-03-02T13:46:42.686+0000] {dagbag.py:540} INFO - Filling up the DagBag from /home/airflow/.local/lib/python3.12/site-packages/airflow/example_dags/example_short_circuit_decorator.py
[2026-03-02T13:46:42.691+0000] {processor.py:840} INFO - DAG(s) 'example_short_circuit_decorator' retrieved from /home/airflow/.local/lib/python3.12/site-packages/airflow/example_dags/example_short_circuit_decorator.py
[2026-03-02T13:46:42.700+0000] {logging_mixin.py:188} INFO - [2026-03-02T13:46:42.700+0000] {dag.py:3096} INFO - Sync 1 DAGs
[2026-03-02T13:46:42.713+0000] {logging_mixin.py:188} INFO - [2026-03-02T13:46:42.713+0000] {dag.py:3954} INFO - Setting next_dagrun for example_short_circuit_decorator to 2026-03-01 00:00:00+00:00, run_after=2026-03-02 00:00:00+00:00
[2026-03-02T13:46:42.720+0000] {processor.py:183} INFO - Processing /home/airflow/.local/lib/python3.12/site-packages/airflow/example_dags/example_short_circuit_decorator.py took 0.039 seconds
[2026-03-02T13:47:13.987+0000] {processor.py:161} INFO - Started process (PID=1292) to work on /home/airflow/.local/lib/python3.12/site-packages/airflow/example_dags/example_short_circuit_decorator.py
[2026-03-02T13:47:13.989+0000] {processor.py:830} INFO - Processing file /home/airflow/.local/lib/python3.12/site-packages/airflow/example_dags/example_short_circuit_decorator.py for tasks to queue
[2026-03-02T13:47:13.994+0000] {logging_mixin.py:188} INFO - [2026-03-02T13:47:13.992+0000] {dagbag.py:540} INFO - Filling up the DagBag from /home/airflow/.local/lib/python3.12/site-packages/airflow/example_dags/example_short_circuit_decorator.py
[2026-03-02T13:47:14.029+0000] {processor.py:840} INFO - DAG(s) 'example_short_circuit_decorator' retrieved from /home/airflow/.local/lib/python3.12/site-packages/airflow/example_dags/example_short_circuit_decorator.py
[2026-03-02T13:47:14.091+0000] {logging_mixin.py:188} INFO - [2026-03-02T13:47:14.090+0000] {dag.py:3096} INFO - Sync 1 DAGs
[2026-03-02T13:47:14.191+0000] {logging_mixin.py:188} INFO - [2026-03-02T13:47:14.191+0000] {dag.py:3954} INFO - Setting next_dagrun for example_short_circuit_decorator to 2026-03-01 00:00:00+00:00, run_after=2026-03-02 00:00:00+00:00
[2026-03-02T13:47:14.201+0000] {processor.py:183} INFO - Processing /home/airflow/.local/lib/python3.12/site-packages/airflow/example_dags/example_short_circuit_decorator.py took 0.222 seconds
[2026-03-02T13:47:45.944+0000] {processor.py:161} INFO - Started process (PID=1350) to work on /home/airflow/.local/lib/python3.12/site-packages/airflow/example_dags/example_short_circuit_decorator.py
[2026-03-02T13:47:45.946+0000] {processor.py:830} INFO - Processing file /home/airflow/.local/lib/python3.12/site-packages/airflow/example_dags/example_short_circuit_decorator.py for tasks to queue
[2026-03-02T13:47:45.951+0000] {logging_mixin.py:188} INFO - [2026-03-02T13:47:45.949+0000] {dagbag.py:540} INFO - Filling up the DagBag from /home/airflow/.local/lib/python3.12/site-packages/airflow/example_dags/example_short_circuit_decorator.py
[2026-03-02T13:47:45.967+0000] {processor.py:840} INFO - DAG(s) 'example_short_circuit_decorator' retrieved from /home/airflow/.local/lib/python3.12/site-packages/airflow/example_dags/example_short_circuit_decorator.py
[2026-03-02T13:47:46.016+0000] {logging_mixin.py:188} INFO - [2026-03-02T13:47:46.016+0000] {dag.py:3096} INFO - Sync 1 DAGs
[2026-03-02T13:47:46.048+0000] {logging_mixin.py:188} INFO - [2026-03-02T13:47:46.048+0000] {dag.py:3954} INFO - Setting next_dagrun for example_short_circuit_decorator to 2026-03-01 00:00:00+00:00, run_after=2026-03-02 00:00:00+00:00
[2026-03-02T13:47:46.068+0000] {processor.py:183} INFO - Processing /home/airflow/.local/lib/python3.12/site-packages/airflow/example_dags/example_short_circuit_decorator.py took 0.148 seconds
[2026-03-02T13:48:16.150+0000] {processor.py:161} INFO - Started process (PID=1408) to work on /home/airflow/.local/lib/python3.12/site-packages/airflow/example_dags/example_short_circuit_decorator.py
[2026-03-02T13:48:16.150+0000] {processor.py:830} INFO - Processing file /home/airflow/.local/lib/python3.12/site-packages/airflow/example_dags/example_short_circuit_decorator.py for tasks to queue
[2026-03-02T13:48:16.151+0000] {logging_mixin.py:188} INFO - [2026-03-02T13:48:16.151+0000] {dagbag.py:540} INFO - Filling up the DagBag from /home/airflow/.local/lib/python3.12/site-packages/airflow/example_dags/example_short_circuit_decorator.py
[2026-03-02T13:48:16.156+0000] {processor.py:840} INFO - DAG(s) 'example_short_circuit_decorator' retrieved from /home/airflow/.local/lib/python3.12/site-packages/airflow/example_dags/example_short_circuit_decorator.py
[2026-03-02T13:48:16.178+0000] {logging_mixin.py:188} INFO - [2026-03-02T13:48:16.177+0000] {dag.py:3096} INFO - Sync 1 DAGs
[2026-03-02T13:48:16.192+0000] {logging_mixin.py:188} INFO - [2026-03-02T13:48:16.192+0000] {dag.py:3954} INFO - Setting next_dagrun for example_short_circuit_decorator to 2026-03-01 00:00:00+00:00, run_after=2026-03-02 00:00:00+00:00
[2026-03-02T13:48:16.205+0000] {processor.py:183} INFO - Processing /home/airflow/.local/lib/python3.12/site-packages/airflow/example_dags/example_short_circuit_decorator.py took 0.061 seconds
[2026-03-02T13:48:46.672+0000] {processor.py:161} INFO - Started process (PID=1466) to work on /home/airflow/.local/lib/python3.12/site-packages/airflow/example_dags/example_short_circuit_decorator.py
[2026-03-02T13:48:46.673+0000] {processor.py:830} INFO - Processing file /home/airflow/.local/lib/python3.12/site-packages/airflow/example_dags/example_short_circuit_decorator.py for tasks to queue
[2026-03-02T13:48:46.675+0000] {logging_mixin.py:188} INFO - [2026-03-02T13:48:46.674+0000] {dagbag.py:540} INFO - Filling up the DagBag from /home/airflow/.local/lib/python3.12/site-packages/airflow/example_dags/example_short_circuit_decorator.py
[2026-03-02T13:48:46.688+0000] {processor.py:840} INFO - DAG(s) 'example_short_circuit_decorator' retrieved from /home/airflow/.local/lib/python3.12/site-packages/airflow/example_dags/example_short_circuit_decorator.py
[2026-03-02T13:48:46.706+0000] {logging_mixin.py:188} INFO - [2026-03-02T13:48:46.706+0000] {dag.py:3096} INFO - Sync 1 DAGs
[2026-03-02T13:48:46.721+0000] {logging_mixin.py:188} INFO - [2026-03-02T13:48:46.721+0000] {dag.py:3954} INFO - Setting next_dagrun for example_short_circuit_decorator to 2026-03-01 00:00:00+00:00, run_after=2026-03-02 00:00:00+00:00
[2026-03-02T13:48:46.730+0000] {processor.py:183} INFO - Processing /home/airflow/.local/lib/python3.12/site-packages/airflow/example_dags/example_short_circuit_decorator.py took 0.066 seconds
[2026-03-02T13:49:17.937+0000] {processor.py:161} INFO - Started process (PID=1524) to work on /home/airflow/.local/lib/python3.12/site-packages/airflow/example_dags/example_short_circuit_decorator.py
[2026-03-02T13:49:17.939+0000] {processor.py:830} INFO - Processing file /home/airflow/.local/lib/python3.12/site-packages/airflow/example_dags/example_short_circuit_decorator.py for tasks to queue
[2026-03-02T13:49:17.946+0000] {logging_mixin.py:188} INFO - [2026-03-02T13:49:17.945+0000] {dagbag.py:540} INFO - Filling up the DagBag from /home/airflow/.local/lib/python3.12/site-packages/airflow/example_dags/example_short_circuit_decorator.py
[2026-03-02T13:49:17.977+0000] {processor.py:840} INFO - DAG(s) 'example_short_circuit_decorator' retrieved from /home/airflow/.local/lib/python3.12/site-packages/airflow/example_dags/example_short_circuit_decorator.py
[2026-03-02T13:49:18.026+0000] {logging_mixin.py:188} INFO - [2026-03-02T13:49:18.026+0000] {dag.py:3096} INFO - Sync 1 DAGs
[2026-03-02T13:49:18.046+0000] {logging_mixin.py:188} INFO - [2026-03-02T13:49:18.046+0000] {dag.py:3954} INFO - Setting next_dagrun for example_short_circuit_decorator to 2026-03-01 00:00:00+00:00, run_after=2026-03-02 00:00:00+00:00
[2026-03-02T13:49:18.057+0000] {processor.py:183} INFO - Processing /home/airflow/.local/lib/python3.12/site-packages/airflow/example_dags/example_short_circuit_decorator.py took 0.138 seconds
[2026-03-02T13:49:48.546+0000] {processor.py:161} INFO - Started process (PID=1582) to work on /home/airflow/.local/lib/python3.12/site-packages/airflow/example_dags/example_short_circuit_decorator.py
[2026-03-02T13:49:48.547+0000] {processor.py:830} INFO - Processing file /home/airflow/.local/lib/python3.12/site-packages/airflow/example_dags/example_short_circuit_decorator.py for tasks to queue
[2026-03-02T13:49:48.548+0000] {logging_mixin.py:188} INFO - [2026-03-02T13:49:48.548+0000] {dagbag.py:540} INFO - Filling up the DagBag from /home/airflow/.local/lib/python3.12/site-packages/airflow/example_dags/example_short_circuit_decorator.py
[2026-03-02T13:49:48.556+0000] {processor.py:840} INFO - DAG(s) 'example_short_circuit_decorator' retrieved from /home/airflow/.local/lib/python3.12/site-packages/airflow/example_dags/example_short_circuit_decorator.py
[2026-03-02T13:49:48.581+0000] {logging_mixin.py:188} INFO - [2026-03-02T13:49:48.581+0000] {dag.py:3096} INFO - Sync 1 DAGs
[2026-03-02T13:49:48.604+0000] {logging_mixin.py:188} INFO - [2026-03-02T13:49:48.604+0000] {dag.py:3954} INFO - Setting next_dagrun for example_short_circuit_decorator to 2026-03-01 00:00:00+00:00, run_after=2026-03-02 00:00:00+00:00
[2026-03-02T13:49:48.630+0000] {processor.py:183} INFO - Processing /home/airflow/.local/lib/python3.12/site-packages/airflow/example_dags/example_short_circuit_decorator.py took 0.090 seconds
[2026-03-02T13:50:19.047+0000] {processor.py:161} INFO - Started process (PID=1640) to work on /home/airflow/.local/lib/python3.12/site-packages/airflow/example_dags/example_short_circuit_decorator.py
[2026-03-02T13:50:19.048+0000] {processor.py:830} INFO - Processing file /home/airflow/.local/lib/python3.12/site-packages/airflow/example_dags/example_short_circuit_decorator.py for tasks to queue
[2026-03-02T13:50:19.048+0000] {logging_mixin.py:188} INFO - [2026-03-02T13:50:19.048+0000] {dagbag.py:540} INFO - Filling up the DagBag from /home/airflow/.local/lib/python3.12/site-packages/airflow/example_dags/example_short_circuit_decorator.py
[2026-03-02T13:50:19.053+0000] {processor.py:840} INFO - DAG(s) 'example_short_circuit_decorator' retrieved from /home/airflow/.local/lib/python3.12/site-packages/airflow/example_dags/example_short_circuit_decorator.py
[2026-03-02T13:50:19.062+0000] {logging_mixin.py:188} INFO - [2026-03-02T13:50:19.062+0000] {dag.py:3096} INFO - Sync 1 DAGs
[2026-03-02T13:50:19.073+0000] {logging_mixin.py:188} INFO - [2026-03-02T13:50:19.073+0000] {dag.py:3954} INFO - Setting next_dagrun for example_short_circuit_decorator to 2026-03-01 00:00:00+00:00, run_after=2026-03-02 00:00:00+00:00
[2026-03-02T13:50:19.080+0000] {processor.py:183} INFO - Processing /home/airflow/.local/lib/python3.12/site-packages/airflow/example_dags/example_short_circuit_decorator.py took 0.036 seconds
[2026-03-02T13:50:49.708+0000] {processor.py:161} INFO - Started process (PID=1698) to work on /home/airflow/.local/lib/python3.12/site-packages/airflow/example_dags/example_short_circuit_decorator.py
[2026-03-02T13:50:49.709+0000] {processor.py:830} INFO - Processing file /home/airflow/.local/lib/python3.12/site-packages/airflow/example_dags/example_short_circuit_decorator.py for tasks to queue
[2026-03-02T13:50:49.717+0000] {logging_mixin.py:188} INFO - [2026-03-02T13:50:49.716+0000] {dagbag.py:540} INFO - Filling up the DagBag from /home/airflow/.local/lib/python3.12/site-packages/airflow/example_dags/example_short_circuit_decorator.py
[2026-03-02T13:50:49.732+0000] {processor.py:840} INFO - DAG(s) 'example_short_circuit_decorator' retrieved from /home/airflow/.local/lib/python3.12/site-packages/airflow/example_dags/example_short_circuit_decorator.py
[2026-03-02T13:50:49.752+0000] {logging_mixin.py:188} INFO - [2026-03-02T13:50:49.751+0000] {dag.py:3096} INFO - Sync 1 DAGs
[2026-03-02T13:50:49.771+0000] {logging_mixin.py:188} INFO - [2026-03-02T13:50:49.771+0000] {dag.py:3954} INFO - Setting next_dagrun for example_short_circuit_decorator to 2026-03-01 00:00:00+00:00, run_after=2026-03-02 00:00:00+00:00
[2026-03-02T13:50:49.779+0000] {processor.py:183} INFO - Processing /home/airflow/.local/lib/python3.12/site-packages/airflow/example_dags/example_short_circuit_decorator.py took 0.075 seconds
[2026-03-02T13:51:20.053+0000] {processor.py:161} INFO - Started process (PID=1756) to work on /home/airflow/.local/lib/python3.12/site-packages/airflow/example_dags/example_short_circuit_decorator.py
[2026-03-02T13:51:20.054+0000] {processor.py:830} INFO - Processing file /home/airflow/.local/lib/python3.12/site-packages/airflow/example_dags/example_short_circuit_decorator.py for tasks to queue
[2026-03-02T13:51:20.055+0000] {logging_mixin.py:188} INFO - [2026-03-02T13:51:20.055+0000] {dagbag.py:540} INFO - Filling up the DagBag from /home/airflow/.local/lib/python3.12/site-packages/airflow/example_dags/example_short_circuit_decorator.py
[2026-03-02T13:51:20.059+0000] {processor.py:840} INFO - DAG(s) 'example_short_circuit_decorator' retrieved from /home/airflow/.local/lib/python3.12/site-packages/airflow/example_dags/example_short_circuit_decorator.py
[2026-03-02T13:51:20.069+0000] {logging_mixin.py:188} INFO - [2026-03-02T13:51:20.069+0000] {dag.py:3096} INFO - Sync 1 DAGs
[2026-03-02T13:51:20.081+0000] {logging_mixin.py:188} INFO - [2026-03-02T13:51:20.081+0000] {dag.py:3954} INFO - Setting next_dagrun for example_short_circuit_decorator to 2026-03-01 00:00:00+00:00, run_after=2026-03-02 00:00:00+00:00
[2026-03-02T13:51:20.089+0000] {processor.py:183} INFO - Processing /home/airflow/.local/lib/python3.12/site-packages/airflow/example_dags/example_short_circuit_decorator.py took 0.039 seconds
[2026-03-02T13:51:51.102+0000] {processor.py:161} INFO - Started process (PID=1814) to work on /home/airflow/.local/lib/python3.12/site-packages/airflow/example_dags/example_short_circuit_decorator.py
[2026-03-02T13:51:51.103+0000] {processor.py:830} INFO - Processing file /home/airflow/.local/lib/python3.12/site-packages/airflow/example_dags/example_short_circuit_decorator.py for tasks to queue
[2026-03-02T13:51:51.105+0000] {logging_mixin.py:188} INFO - [2026-03-02T13:51:51.105+0000] {dagbag.py:540} INFO - Filling up the DagBag from /home/airflow/.local/lib/python3.12/site-packages/airflow/example_dags/example_short_circuit_decorator.py
[2026-03-02T13:51:51.113+0000] {processor.py:840} INFO - DAG(s) 'example_short_circuit_decorator' retrieved from /home/airflow/.local/lib/python3.12/site-packages/airflow/example_dags/example_short_circuit_decorator.py
[2026-03-02T13:51:51.135+0000] {logging_mixin.py:188} INFO - [2026-03-02T13:51:51.135+0000] {dag.py:3096} INFO - Sync 1 DAGs
[2026-03-02T13:51:51.156+0000] {logging_mixin.py:188} INFO - [2026-03-02T13:51:51.155+0000] {dag.py:3954} INFO - Setting next_dagrun for example_short_circuit_decorator to 2026-03-01 00:00:00+00:00, run_after=2026-03-02 00:00:00+00:00
[2026-03-02T13:51:51.169+0000] {processor.py:183} INFO - Processing /home/airflow/.local/lib/python3.12/site-packages/airflow/example_dags/example_short_circuit_decorator.py took 0.076 seconds
[2026-03-02T13:52:21.985+0000] {processor.py:161} INFO - Started process (PID=1872) to work on /home/airflow/.local/lib/python3.12/site-packages/airflow/example_dags/example_short_circuit_decorator.py
[2026-03-02T13:52:21.986+0000] {processor.py:830} INFO - Processing file /home/airflow/.local/lib/python3.12/site-packages/airflow/example_dags/example_short_circuit_decorator.py for tasks to queue
[2026-03-02T13:52:21.986+0000] {logging_mixin.py:188} INFO - [2026-03-02T13:52:21.986+0000] {dagbag.py:540} INFO - Filling up the DagBag from /home/airflow/.local/lib/python3.12/site-packages/airflow/example_dags/example_short_circuit_decorator.py
[2026-03-02T13:52:21.991+0000] {processor.py:840} INFO - DAG(s) 'example_short_circuit_decorator' retrieved from /home/airflow/.local/lib/python3.12/site-packages/airflow/example_dags/example_short_circuit_decorator.py
[2026-03-02T13:52:22.006+0000] {logging_mixin.py:188} INFO - [2026-03-02T13:52:22.006+0000] {dag.py:3096} INFO - Sync 1 DAGs
[2026-03-02T13:52:22.015+0000] {logging_mixin.py:188} INFO - [2026-03-02T13:52:22.015+0000] {dag.py:3954} INFO - Setting next_dagrun for example_short_circuit_decorator to 2026-03-01 00:00:00+00:00, run_after=2026-03-02 00:00:00+00:00
[2026-03-02T13:52:22.022+0000] {processor.py:183} INFO - Processing /home/airflow/.local/lib/python3.12/site-packages/airflow/example_dags/example_short_circuit_decorator.py took 0.040 seconds
[2026-03-02T13:52:52.958+0000] {processor.py:161} INFO - Started process (PID=1930) to work on /home/airflow/.local/lib/python3.12/site-packages/airflow/example_dags/example_short_circuit_decorator.py
[2026-03-02T13:52:52.958+0000] {processor.py:830} INFO - Processing file /home/airflow/.local/lib/python3.12/site-packages/airflow/example_dags/example_short_circuit_decorator.py for tasks to queue
[2026-03-02T13:52:52.959+0000] {logging_mixin.py:188} INFO - [2026-03-02T13:52:52.959+0000] {dagbag.py:540} INFO - Filling up the DagBag from /home/airflow/.local/lib/python3.12/site-packages/airflow/example_dags/example_short_circuit_decorator.py
[2026-03-02T13:52:52.963+0000] {processor.py:840} INFO - DAG(s) 'example_short_circuit_decorator' retrieved from /home/airflow/.local/lib/python3.12/site-packages/airflow/example_dags/example_short_circuit_decorator.py
[2026-03-02T13:52:52.973+0000] {logging_mixin.py:188} INFO - [2026-03-02T13:52:52.972+0000] {dag.py:3096} INFO - Sync 1 DAGs
[2026-03-02T13:52:52.982+0000] {logging_mixin.py:188} INFO - [2026-03-02T13:52:52.982+0000] {dag.py:3954} INFO - Setting next_dagrun for example_short_circuit_decorator to 2026-03-01 00:00:00+00:00, run_after=2026-03-02 00:00:00+00:00
[2026-03-02T13:52:52.989+0000] {processor.py:183} INFO - Processing /home/airflow/.local/lib/python3.12/site-packages/airflow/example_dags/example_short_circuit_decorator.py took 0.034 seconds
[2026-03-02T13:53:23.470+0000] {processor.py:161} INFO - Started process (PID=1988) to work on /home/airflow/.local/lib/python3.12/site-packages/airflow/example_dags/example_short_circuit_decorator.py
[2026-03-02T13:53:23.471+0000] {processor.py:830} INFO - Processing file /home/airflow/.local/lib/python3.12/site-packages/airflow/example_dags/example_short_circuit_decorator.py for tasks to queue
[2026-03-02T13:53:23.473+0000] {logging_mixin.py:188} INFO - [2026-03-02T13:53:23.472+0000] {dagbag.py:540} INFO - Filling up the DagBag from /home/airflow/.local/lib/python3.12/site-packages/airflow/example_dags/example_short_circuit_decorator.py
[2026-03-02T13:53:23.478+0000] {processor.py:840} INFO - DAG(s) 'example_short_circuit_decorator' retrieved from /home/airflow/.local/lib/python3.12/site-packages/airflow/example_dags/example_short_circuit_decorator.py
[2026-03-02T13:53:23.493+0000] {logging_mixin.py:188} INFO - [2026-03-02T13:53:23.493+0000] {dag.py:3096} INFO - Sync 1 DAGs
[2026-03-02T13:53:23.505+0000] {logging_mixin.py:188} INFO - [2026-03-02T13:53:23.505+0000] {dag.py:3954} INFO - Setting next_dagrun for example_short_circuit_decorator to 2026-03-01 00:00:00+00:00, run_after=2026-03-02 00:00:00+00:00
[2026-03-02T13:53:23.511+0000] {processor.py:183} INFO - Processing /home/airflow/.local/lib/python3.12/site-packages/airflow/example_dags/example_short_circuit_decorator.py took 0.045 seconds
[2026-03-02T13:53:53.931+0000] {processor.py:161} INFO - Started process (PID=2046) to work on /home/airflow/.local/lib/python3.12/site-packages/airflow/example_dags/example_short_circuit_decorator.py
[2026-03-02T13:53:53.933+0000] {processor.py:830} INFO - Processing file /home/airflow/.local/lib/python3.12/site-packages/airflow/example_dags/example_short_circuit_decorator.py for tasks to queue
[2026-03-02T13:53:53.935+0000] {logging_mixin.py:188} INFO - [2026-03-02T13:53:53.935+0000] {dagbag.py:540} INFO - Filling up the DagBag from /home/airflow/.local/lib/python3.12/site-packages/airflow/example_dags/example_short_circuit_decorator.py
[2026-03-02T13:53:53.941+0000] {processor.py:840} INFO - DAG(s) 'example_short_circuit_decorator' retrieved from /home/airflow/.local/lib/python3.12/site-packages/airflow/example_dags/example_short_circuit_decorator.py
[2026-03-02T13:53:53.963+0000] {logging_mixin.py:188} INFO - [2026-03-02T13:53:53.963+0000] {dag.py:3096} INFO - Sync 1 DAGs
[2026-03-02T13:53:53.978+0000] {logging_mixin.py:188} INFO - [2026-03-02T13:53:53.977+0000] {dag.py:3954} INFO - Setting next_dagrun for example_short_circuit_decorator to 2026-03-01 00:00:00+00:00, run_after=2026-03-02 00:00:00+00:00
[2026-03-02T13:53:53.986+0000] {processor.py:183} INFO - Processing /home/airflow/.local/lib/python3.12/site-packages/airflow/example_dags/example_short_circuit_decorator.py took 0.060 seconds
[2026-03-02T13:54:24.089+0000] {processor.py:161} INFO - Started process (PID=2104) to work on /home/airflow/.local/lib/python3.12/site-packages/airflow/example_dags/example_short_circuit_decorator.py
[2026-03-02T13:54:24.089+0000] {processor.py:830} INFO - Processing file /home/airflow/.local/lib/python3.12/site-packages/airflow/example_dags/example_short_circuit_decorator.py for tasks to queue
[2026-03-02T13:54:24.090+0000] {logging_mixin.py:188} INFO - [2026-03-02T13:54:24.090+0000] {dagbag.py:540} INFO - Filling up the DagBag from /home/airflow/.local/lib/python3.12/site-packages/airflow/example_dags/example_short_circuit_decorator.py
[2026-03-02T13:54:24.094+0000] {processor.py:840} INFO - DAG(s) 'example_short_circuit_decorator' retrieved from /home/airflow/.local/lib/python3.12/site-packages/airflow/example_dags/example_short_circuit_decorator.py
[2026-03-02T13:54:24.104+0000] {logging_mixin.py:188} INFO - [2026-03-02T13:54:24.104+0000] {dag.py:3096} INFO - Sync 1 DAGs
[2026-03-02T13:54:24.113+0000] {logging_mixin.py:188} INFO - [2026-03-02T13:54:24.113+0000] {dag.py:3954} INFO - Setting next_dagrun for example_short_circuit_decorator to 2026-03-01 00:00:00+00:00, run_after=2026-03-02 00:00:00+00:00
[2026-03-02T13:54:24.118+0000] {processor.py:183} INFO - Processing /home/airflow/.local/lib/python3.12/site-packages/airflow/example_dags/example_short_circuit_decorator.py took 0.032 seconds
[2026-03-02T13:54:55.650+0000] {processor.py:161} INFO - Started process (PID=2162) to work on /home/airflow/.local/lib/python3.12/site-packages/airflow/example_dags/example_short_circuit_decorator.py
[2026-03-02T13:54:55.652+0000] {processor.py:830} INFO - Processing file /home/airflow/.local/lib/python3.12/site-packages/airflow/example_dags/example_short_circuit_decorator.py for tasks to queue
[2026-03-02T13:54:55.664+0000] {logging_mixin.py:188} INFO - [2026-03-02T13:54:55.659+0000] {dagbag.py:540} INFO - Filling up the DagBag from /home/airflow/.local/lib/python3.12/site-packages/airflow/example_dags/example_short_circuit_decorator.py
[2026-03-02T13:54:55.712+0000] {processor.py:840} INFO - DAG(s) 'example_short_circuit_decorator' retrieved from /home/airflow/.local/lib/python3.12/site-packages/airflow/example_dags/example_short_circuit_decorator.py
[2026-03-02T13:54:57.459+0000] {logging_mixin.py:188} INFO - [2026-03-02T13:54:57.309+0000] {dag.py:3096} INFO - Sync 1 DAGs
[2026-03-02T13:55:01.279+0000] {logging_mixin.py:188} INFO - [2026-03-02T13:55:00.963+0000] {dag.py:3954} INFO - Setting next_dagrun for example_short_circuit_decorator to 2026-03-01 00:00:00+00:00, run_after=2026-03-02 00:00:00+00:00
[2026-03-02T13:55:03.846+0000] {processor.py:183} INFO - Processing /home/airflow/.local/lib/python3.12/site-packages/airflow/example_dags/example_short_circuit_decorator.py took 8.206 seconds
[2026-03-02T13:55:33.985+0000] {processor.py:161} INFO - Started process (PID=2221) to work on /home/airflow/.local/lib/python3.12/site-packages/airflow/example_dags/example_short_circuit_decorator.py
[2026-03-02T13:55:33.986+0000] {processor.py:830} INFO - Processing file /home/airflow/.local/lib/python3.12/site-packages/airflow/example_dags/example_short_circuit_decorator.py for tasks to queue
[2026-03-02T13:55:33.988+0000] {logging_mixin.py:188} INFO - [2026-03-02T13:55:33.987+0000] {dagbag.py:540} INFO - Filling up the DagBag from /home/airflow/.local/lib/python3.12/site-packages/airflow/example_dags/example_short_circuit_decorator.py
[2026-03-02T13:55:33.995+0000] {processor.py:840} INFO - DAG(s) 'example_short_circuit_decorator' retrieved from /home/airflow/.local/lib/python3.12/site-packages/airflow/example_dags/example_short_circuit_decorator.py
[2026-03-02T13:55:34.018+0000] {logging_mixin.py:188} INFO - [2026-03-02T13:55:34.017+0000] {dag.py:3096} INFO - Sync 1 DAGs
[2026-03-02T13:55:34.070+0000] {logging_mixin.py:188} INFO - [2026-03-02T13:55:34.070+0000] {dag.py:3954} INFO - Setting next_dagrun for example_short_circuit_decorator to 2026-03-01 00:00:00+00:00, run_after=2026-03-02 00:00:00+00:00
[2026-03-02T13:55:34.089+0000] {processor.py:183} INFO - Processing /home/airflow/.local/lib/python3.12/site-packages/airflow/example_dags/example_short_circuit_decorator.py took 0.109 seconds
[2026-03-02T13:56:04.126+0000] {processor.py:161} INFO - Started process (PID=2279) to work on /home/airflow/.local/lib/python3.12/site-packages/airflow/example_dags/example_short_circuit_decorator.py
[2026-03-02T13:56:04.126+0000] {processor.py:830} INFO - Processing file /home/airflow/.local/lib/python3.12/site-packages/airflow/example_dags/example_short_circuit_decorator.py for tasks to queue
[2026-03-02T13:56:04.128+0000] {logging_mixin.py:188} INFO - [2026-03-02T13:56:04.128+0000] {dagbag.py:540} INFO - Filling up the DagBag from /home/airflow/.local/lib/python3.12/site-packages/airflow/example_dags/example_short_circuit_decorator.py
[2026-03-02T13:56:04.132+0000] {processor.py:840} INFO - DAG(s) 'example_short_circuit_decorator' retrieved from /home/airflow/.local/lib/python3.12/site-packages/airflow/example_dags/example_short_circuit_decorator.py
[2026-03-02T13:56:04.148+0000] {logging_mixin.py:188} INFO - [2026-03-02T13:56:04.148+0000] {dag.py:3096} INFO - Sync 1 DAGs
[2026-03-02T13:56:04.162+0000] {logging_mixin.py:188} INFO - [2026-03-02T13:56:04.162+0000] {dag.py:3954} INFO - Setting next_dagrun for example_short_circuit_decorator to 2026-03-01 00:00:00+00:00, run_after=2026-03-02 00:00:00+00:00
[2026-03-02T13:56:04.174+0000] {processor.py:183} INFO - Processing /home/airflow/.local/lib/python3.12/site-packages/airflow/example_dags/example_short_circuit_decorator.py took 0.051 seconds
