[2026-03-02T13:36:37.048+0000] {processor.py:161} INFO - Started process (PID=94) to work on /home/airflow/.local/lib/python3.12/site-packages/airflow/example_dags/example_latest_only_with_trigger.py
[2026-03-02T13:36:37.049+0000] {processor.py:830} INFO - Processing file /home/airflow/.local/lib/python3.12/site-packages/airflow/example_dags/example_latest_only_with_trigger.py for tasks to queue
[2026-03-02T13:36:37.051+0000] {logging_mixin.py:188} INFO - [2026-03-02T13:36:37.051+0000] {dagbag.py:540} INFO - Filling up the DagBag from /home/airflow/.local/lib/python3.12/site-packages/airflow/example_dags/example_latest_only_with_trigger.py
[2026-03-02T13:36:37.058+0000] {processor.py:840} INFO - DAG(s) 'latest_only_with_trigger' retrieved from /home/airflow/.local/lib/python3.12/site-packages/airflow/example_dags/example_latest_only_with_trigger.py
[2026-03-02T13:36:37.138+0000] {logging_mixin.py:188} INFO - [2026-03-02T13:36:37.138+0000] {dag.py:3096} INFO - Sync 1 DAGs
[2026-03-02T13:36:37.152+0000] {logging_mixin.py:188} INFO - [2026-03-02T13:36:37.152+0000] {dag.py:3954} INFO - Setting next_dagrun for latest_only_with_trigger to 2026-03-02 08:00:00+00:00, run_after=2026-03-02 12:00:00+00:00
[2026-03-02T13:36:37.174+0000] {processor.py:183} INFO - Processing /home/airflow/.local/lib/python3.12/site-packages/airflow/example_dags/example_latest_only_with_trigger.py took 0.130 seconds
[2026-03-02T13:37:08.102+0000] {processor.py:161} INFO - Started process (PID=152) to work on /home/airflow/.local/lib/python3.12/site-packages/airflow/example_dags/example_latest_only_with_trigger.py
[2026-03-02T13:37:08.103+0000] {processor.py:830} INFO - Processing file /home/airflow/.local/lib/python3.12/site-packages/airflow/example_dags/example_latest_only_with_trigger.py for tasks to queue
[2026-03-02T13:37:08.104+0000] {logging_mixin.py:188} INFO - [2026-03-02T13:37:08.104+0000] {dagbag.py:540} INFO - Filling up the DagBag from /home/airflow/.local/lib/python3.12/site-packages/airflow/example_dags/example_latest_only_with_trigger.py
[2026-03-02T13:37:08.107+0000] {processor.py:840} INFO - DAG(s) 'latest_only_with_trigger' retrieved from /home/airflow/.local/lib/python3.12/site-packages/airflow/example_dags/example_latest_only_with_trigger.py
[2026-03-02T13:37:08.126+0000] {logging_mixin.py:188} INFO - [2026-03-02T13:37:08.126+0000] {dag.py:3096} INFO - Sync 1 DAGs
[2026-03-02T13:37:08.140+0000] {logging_mixin.py:188} INFO - [2026-03-02T13:37:08.140+0000] {dag.py:3954} INFO - Setting next_dagrun for latest_only_with_trigger to 2026-03-02 08:00:00+00:00, run_after=2026-03-02 12:00:00+00:00
[2026-03-02T13:37:08.149+0000] {processor.py:183} INFO - Processing /home/airflow/.local/lib/python3.12/site-packages/airflow/example_dags/example_latest_only_with_trigger.py took 0.050 seconds
[2026-03-02T13:37:40.924+0000] {processor.py:161} INFO - Started process (PID=210) to work on /home/airflow/.local/lib/python3.12/site-packages/airflow/example_dags/example_latest_only_with_trigger.py
[2026-03-02T13:37:40.928+0000] {processor.py:830} INFO - Processing file /home/airflow/.local/lib/python3.12/site-packages/airflow/example_dags/example_latest_only_with_trigger.py for tasks to queue
[2026-03-02T13:37:40.931+0000] {logging_mixin.py:188} INFO - [2026-03-02T13:37:40.931+0000] {dagbag.py:540} INFO - Filling up the DagBag from /home/airflow/.local/lib/python3.12/site-packages/airflow/example_dags/example_latest_only_with_trigger.py
[2026-03-02T13:37:40.942+0000] {processor.py:840} INFO - DAG(s) 'latest_only_with_trigger' retrieved from /home/airflow/.local/lib/python3.12/site-packages/airflow/example_dags/example_latest_only_with_trigger.py
[2026-03-02T13:37:40.993+0000] {logging_mixin.py:188} INFO - [2026-03-02T13:37:40.992+0000] {dag.py:3096} INFO - Sync 1 DAGs
[2026-03-02T13:37:41.039+0000] {logging_mixin.py:188} INFO - [2026-03-02T13:37:41.039+0000] {dag.py:3954} INFO - Setting next_dagrun for latest_only_with_trigger to 2026-03-02 08:00:00+00:00, run_after=2026-03-02 12:00:00+00:00
[2026-03-02T13:37:41.087+0000] {processor.py:183} INFO - Processing /home/airflow/.local/lib/python3.12/site-packages/airflow/example_dags/example_latest_only_with_trigger.py took 0.172 seconds
[2026-03-02T13:38:11.263+0000] {processor.py:161} INFO - Started process (PID=268) to work on /home/airflow/.local/lib/python3.12/site-packages/airflow/example_dags/example_latest_only_with_trigger.py
[2026-03-02T13:38:11.265+0000] {processor.py:830} INFO - Processing file /home/airflow/.local/lib/python3.12/site-packages/airflow/example_dags/example_latest_only_with_trigger.py for tasks to queue
[2026-03-02T13:38:11.268+0000] {logging_mixin.py:188} INFO - [2026-03-02T13:38:11.267+0000] {dagbag.py:540} INFO - Filling up the DagBag from /home/airflow/.local/lib/python3.12/site-packages/airflow/example_dags/example_latest_only_with_trigger.py
[2026-03-02T13:38:11.274+0000] {processor.py:840} INFO - DAG(s) 'latest_only_with_trigger' retrieved from /home/airflow/.local/lib/python3.12/site-packages/airflow/example_dags/example_latest_only_with_trigger.py
[2026-03-02T13:38:11.287+0000] {logging_mixin.py:188} INFO - [2026-03-02T13:38:11.287+0000] {dag.py:3096} INFO - Sync 1 DAGs
[2026-03-02T13:38:11.302+0000] {logging_mixin.py:188} INFO - [2026-03-02T13:38:11.302+0000] {dag.py:3954} INFO - Setting next_dagrun for latest_only_with_trigger to 2026-03-02 08:00:00+00:00, run_after=2026-03-02 12:00:00+00:00
[2026-03-02T13:38:11.320+0000] {processor.py:183} INFO - Processing /home/airflow/.local/lib/python3.12/site-packages/airflow/example_dags/example_latest_only_with_trigger.py took 0.062 seconds
[2026-03-02T13:38:42.065+0000] {processor.py:161} INFO - Started process (PID=326) to work on /home/airflow/.local/lib/python3.12/site-packages/airflow/example_dags/example_latest_only_with_trigger.py
[2026-03-02T13:38:42.065+0000] {processor.py:830} INFO - Processing file /home/airflow/.local/lib/python3.12/site-packages/airflow/example_dags/example_latest_only_with_trigger.py for tasks to queue
[2026-03-02T13:38:42.066+0000] {logging_mixin.py:188} INFO - [2026-03-02T13:38:42.065+0000] {dagbag.py:540} INFO - Filling up the DagBag from /home/airflow/.local/lib/python3.12/site-packages/airflow/example_dags/example_latest_only_with_trigger.py
[2026-03-02T13:38:42.068+0000] {processor.py:840} INFO - DAG(s) 'latest_only_with_trigger' retrieved from /home/airflow/.local/lib/python3.12/site-packages/airflow/example_dags/example_latest_only_with_trigger.py
[2026-03-02T13:38:42.076+0000] {logging_mixin.py:188} INFO - [2026-03-02T13:38:42.076+0000] {dag.py:3096} INFO - Sync 1 DAGs
[2026-03-02T13:38:42.084+0000] {logging_mixin.py:188} INFO - [2026-03-02T13:38:42.084+0000] {dag.py:3954} INFO - Setting next_dagrun for latest_only_with_trigger to 2026-03-02 08:00:00+00:00, run_after=2026-03-02 12:00:00+00:00
[2026-03-02T13:38:42.090+0000] {processor.py:183} INFO - Processing /home/airflow/.local/lib/python3.12/site-packages/airflow/example_dags/example_latest_only_with_trigger.py took 0.028 seconds
[2026-03-02T13:39:12.478+0000] {processor.py:161} INFO - Started process (PID=384) to work on /home/airflow/.local/lib/python3.12/site-packages/airflow/example_dags/example_latest_only_with_trigger.py
[2026-03-02T13:39:12.479+0000] {processor.py:830} INFO - Processing file /home/airflow/.local/lib/python3.12/site-packages/airflow/example_dags/example_latest_only_with_trigger.py for tasks to queue
[2026-03-02T13:39:12.479+0000] {logging_mixin.py:188} INFO - [2026-03-02T13:39:12.479+0000] {dagbag.py:540} INFO - Filling up the DagBag from /home/airflow/.local/lib/python3.12/site-packages/airflow/example_dags/example_latest_only_with_trigger.py
[2026-03-02T13:39:12.481+0000] {processor.py:840} INFO - DAG(s) 'latest_only_with_trigger' retrieved from /home/airflow/.local/lib/python3.12/site-packages/airflow/example_dags/example_latest_only_with_trigger.py
[2026-03-02T13:39:12.490+0000] {logging_mixin.py:188} INFO - [2026-03-02T13:39:12.490+0000] {dag.py:3096} INFO - Sync 1 DAGs
[2026-03-02T13:39:12.498+0000] {logging_mixin.py:188} INFO - [2026-03-02T13:39:12.498+0000] {dag.py:3954} INFO - Setting next_dagrun for latest_only_with_trigger to 2026-03-02 08:00:00+00:00, run_after=2026-03-02 12:00:00+00:00
[2026-03-02T13:39:12.504+0000] {processor.py:183} INFO - Processing /home/airflow/.local/lib/python3.12/site-packages/airflow/example_dags/example_latest_only_with_trigger.py took 0.028 seconds
[2026-03-02T13:39:42.981+0000] {processor.py:161} INFO - Started process (PID=442) to work on /home/airflow/.local/lib/python3.12/site-packages/airflow/example_dags/example_latest_only_with_trigger.py
[2026-03-02T13:39:42.982+0000] {processor.py:830} INFO - Processing file /home/airflow/.local/lib/python3.12/site-packages/airflow/example_dags/example_latest_only_with_trigger.py for tasks to queue
[2026-03-02T13:39:42.983+0000] {logging_mixin.py:188} INFO - [2026-03-02T13:39:42.983+0000] {dagbag.py:540} INFO - Filling up the DagBag from /home/airflow/.local/lib/python3.12/site-packages/airflow/example_dags/example_latest_only_with_trigger.py
[2026-03-02T13:39:42.986+0000] {processor.py:840} INFO - DAG(s) 'latest_only_with_trigger' retrieved from /home/airflow/.local/lib/python3.12/site-packages/airflow/example_dags/example_latest_only_with_trigger.py
[2026-03-02T13:39:42.996+0000] {logging_mixin.py:188} INFO - [2026-03-02T13:39:42.996+0000] {dag.py:3096} INFO - Sync 1 DAGs
[2026-03-02T13:39:43.005+0000] {logging_mixin.py:188} INFO - [2026-03-02T13:39:43.004+0000] {dag.py:3954} INFO - Setting next_dagrun for latest_only_with_trigger to 2026-03-02 08:00:00+00:00, run_after=2026-03-02 12:00:00+00:00
[2026-03-02T13:39:43.012+0000] {processor.py:183} INFO - Processing /home/airflow/.local/lib/python3.12/site-packages/airflow/example_dags/example_latest_only_with_trigger.py took 0.034 seconds
[2026-03-02T13:40:13.312+0000] {processor.py:161} INFO - Started process (PID=500) to work on /home/airflow/.local/lib/python3.12/site-packages/airflow/example_dags/example_latest_only_with_trigger.py
[2026-03-02T13:40:13.313+0000] {processor.py:830} INFO - Processing file /home/airflow/.local/lib/python3.12/site-packages/airflow/example_dags/example_latest_only_with_trigger.py for tasks to queue
[2026-03-02T13:40:13.313+0000] {logging_mixin.py:188} INFO - [2026-03-02T13:40:13.313+0000] {dagbag.py:540} INFO - Filling up the DagBag from /home/airflow/.local/lib/python3.12/site-packages/airflow/example_dags/example_latest_only_with_trigger.py
[2026-03-02T13:40:13.316+0000] {processor.py:840} INFO - DAG(s) 'latest_only_with_trigger' retrieved from /home/airflow/.local/lib/python3.12/site-packages/airflow/example_dags/example_latest_only_with_trigger.py
[2026-03-02T13:40:13.325+0000] {logging_mixin.py:188} INFO - [2026-03-02T13:40:13.325+0000] {dag.py:3096} INFO - Sync 1 DAGs
[2026-03-02T13:40:13.335+0000] {logging_mixin.py:188} INFO - [2026-03-02T13:40:13.335+0000] {dag.py:3954} INFO - Setting next_dagrun for latest_only_with_trigger to 2026-03-02 08:00:00+00:00, run_after=2026-03-02 12:00:00+00:00
[2026-03-02T13:40:13.345+0000] {processor.py:183} INFO - Processing /home/airflow/.local/lib/python3.12/site-packages/airflow/example_dags/example_latest_only_with_trigger.py took 0.035 seconds
[2026-03-02T13:40:43.689+0000] {processor.py:161} INFO - Started process (PID=558) to work on /home/airflow/.local/lib/python3.12/site-packages/airflow/example_dags/example_latest_only_with_trigger.py
[2026-03-02T13:40:43.690+0000] {processor.py:830} INFO - Processing file /home/airflow/.local/lib/python3.12/site-packages/airflow/example_dags/example_latest_only_with_trigger.py for tasks to queue
[2026-03-02T13:40:43.690+0000] {logging_mixin.py:188} INFO - [2026-03-02T13:40:43.690+0000] {dagbag.py:540} INFO - Filling up the DagBag from /home/airflow/.local/lib/python3.12/site-packages/airflow/example_dags/example_latest_only_with_trigger.py
[2026-03-02T13:40:43.692+0000] {processor.py:840} INFO - DAG(s) 'latest_only_with_trigger' retrieved from /home/airflow/.local/lib/python3.12/site-packages/airflow/example_dags/example_latest_only_with_trigger.py
[2026-03-02T13:40:43.701+0000] {logging_mixin.py:188} INFO - [2026-03-02T13:40:43.701+0000] {dag.py:3096} INFO - Sync 1 DAGs
[2026-03-02T13:40:43.709+0000] {logging_mixin.py:188} INFO - [2026-03-02T13:40:43.709+0000] {dag.py:3954} INFO - Setting next_dagrun for latest_only_with_trigger to 2026-03-02 08:00:00+00:00, run_after=2026-03-02 12:00:00+00:00
[2026-03-02T13:40:43.716+0000] {processor.py:183} INFO - Processing /home/airflow/.local/lib/python3.12/site-packages/airflow/example_dags/example_latest_only_with_trigger.py took 0.029 seconds
[2026-03-02T13:41:14.181+0000] {processor.py:161} INFO - Started process (PID=616) to work on /home/airflow/.local/lib/python3.12/site-packages/airflow/example_dags/example_latest_only_with_trigger.py
[2026-03-02T13:41:14.181+0000] {processor.py:830} INFO - Processing file /home/airflow/.local/lib/python3.12/site-packages/airflow/example_dags/example_latest_only_with_trigger.py for tasks to queue
[2026-03-02T13:41:14.182+0000] {logging_mixin.py:188} INFO - [2026-03-02T13:41:14.182+0000] {dagbag.py:540} INFO - Filling up the DagBag from /home/airflow/.local/lib/python3.12/site-packages/airflow/example_dags/example_latest_only_with_trigger.py
[2026-03-02T13:41:14.185+0000] {processor.py:840} INFO - DAG(s) 'latest_only_with_trigger' retrieved from /home/airflow/.local/lib/python3.12/site-packages/airflow/example_dags/example_latest_only_with_trigger.py
[2026-03-02T13:41:14.193+0000] {logging_mixin.py:188} INFO - [2026-03-02T13:41:14.193+0000] {dag.py:3096} INFO - Sync 1 DAGs
[2026-03-02T13:41:14.201+0000] {logging_mixin.py:188} INFO - [2026-03-02T13:41:14.201+0000] {dag.py:3954} INFO - Setting next_dagrun for latest_only_with_trigger to 2026-03-02 08:00:00+00:00, run_after=2026-03-02 12:00:00+00:00
[2026-03-02T13:41:14.208+0000] {processor.py:183} INFO - Processing /home/airflow/.local/lib/python3.12/site-packages/airflow/example_dags/example_latest_only_with_trigger.py took 0.030 seconds
[2026-03-02T13:41:44.508+0000] {processor.py:161} INFO - Started process (PID=674) to work on /home/airflow/.local/lib/python3.12/site-packages/airflow/example_dags/example_latest_only_with_trigger.py
[2026-03-02T13:41:44.509+0000] {processor.py:830} INFO - Processing file /home/airflow/.local/lib/python3.12/site-packages/airflow/example_dags/example_latest_only_with_trigger.py for tasks to queue
[2026-03-02T13:41:44.511+0000] {logging_mixin.py:188} INFO - [2026-03-02T13:41:44.511+0000] {dagbag.py:540} INFO - Filling up the DagBag from /home/airflow/.local/lib/python3.12/site-packages/airflow/example_dags/example_latest_only_with_trigger.py
[2026-03-02T13:41:44.516+0000] {processor.py:840} INFO - DAG(s) 'latest_only_with_trigger' retrieved from /home/airflow/.local/lib/python3.12/site-packages/airflow/example_dags/example_latest_only_with_trigger.py
[2026-03-02T13:41:44.536+0000] {logging_mixin.py:188} INFO - [2026-03-02T13:41:44.536+0000] {dag.py:3096} INFO - Sync 1 DAGs
[2026-03-02T13:41:44.547+0000] {logging_mixin.py:188} INFO - [2026-03-02T13:41:44.547+0000] {dag.py:3954} INFO - Setting next_dagrun for latest_only_with_trigger to 2026-03-02 08:00:00+00:00, run_after=2026-03-02 12:00:00+00:00
[2026-03-02T13:41:44.554+0000] {processor.py:183} INFO - Processing /home/airflow/.local/lib/python3.12/site-packages/airflow/example_dags/example_latest_only_with_trigger.py took 0.051 seconds
[2026-03-02T13:42:14.889+0000] {processor.py:161} INFO - Started process (PID=732) to work on /home/airflow/.local/lib/python3.12/site-packages/airflow/example_dags/example_latest_only_with_trigger.py
[2026-03-02T13:42:14.890+0000] {processor.py:830} INFO - Processing file /home/airflow/.local/lib/python3.12/site-packages/airflow/example_dags/example_latest_only_with_trigger.py for tasks to queue
[2026-03-02T13:42:14.891+0000] {logging_mixin.py:188} INFO - [2026-03-02T13:42:14.891+0000] {dagbag.py:540} INFO - Filling up the DagBag from /home/airflow/.local/lib/python3.12/site-packages/airflow/example_dags/example_latest_only_with_trigger.py
[2026-03-02T13:42:14.893+0000] {processor.py:840} INFO - DAG(s) 'latest_only_with_trigger' retrieved from /home/airflow/.local/lib/python3.12/site-packages/airflow/example_dags/example_latest_only_with_trigger.py
[2026-03-02T13:42:14.904+0000] {logging_mixin.py:188} INFO - [2026-03-02T13:42:14.904+0000] {dag.py:3096} INFO - Sync 1 DAGs
[2026-03-02T13:42:14.914+0000] {logging_mixin.py:188} INFO - [2026-03-02T13:42:14.913+0000] {dag.py:3954} INFO - Setting next_dagrun for latest_only_with_trigger to 2026-03-02 08:00:00+00:00, run_after=2026-03-02 12:00:00+00:00
[2026-03-02T13:42:14.921+0000] {processor.py:183} INFO - Processing /home/airflow/.local/lib/python3.12/site-packages/airflow/example_dags/example_latest_only_with_trigger.py took 0.034 seconds
[2026-03-02T13:42:45.452+0000] {processor.py:161} INFO - Started process (PID=790) to work on /home/airflow/.local/lib/python3.12/site-packages/airflow/example_dags/example_latest_only_with_trigger.py
[2026-03-02T13:42:45.452+0000] {processor.py:830} INFO - Processing file /home/airflow/.local/lib/python3.12/site-packages/airflow/example_dags/example_latest_only_with_trigger.py for tasks to queue
[2026-03-02T13:42:45.454+0000] {logging_mixin.py:188} INFO - [2026-03-02T13:42:45.453+0000] {dagbag.py:540} INFO - Filling up the DagBag from /home/airflow/.local/lib/python3.12/site-packages/airflow/example_dags/example_latest_only_with_trigger.py
[2026-03-02T13:42:45.456+0000] {processor.py:840} INFO - DAG(s) 'latest_only_with_trigger' retrieved from /home/airflow/.local/lib/python3.12/site-packages/airflow/example_dags/example_latest_only_with_trigger.py
[2026-03-02T13:42:45.464+0000] {logging_mixin.py:188} INFO - [2026-03-02T13:42:45.464+0000] {dag.py:3096} INFO - Sync 1 DAGs
[2026-03-02T13:42:45.472+0000] {logging_mixin.py:188} INFO - [2026-03-02T13:42:45.472+0000] {dag.py:3954} INFO - Setting next_dagrun for latest_only_with_trigger to 2026-03-02 08:00:00+00:00, run_after=2026-03-02 12:00:00+00:00
[2026-03-02T13:42:45.478+0000] {processor.py:183} INFO - Processing /home/airflow/.local/lib/python3.12/site-packages/airflow/example_dags/example_latest_only_with_trigger.py took 0.029 seconds
[2026-03-02T13:43:16.276+0000] {processor.py:161} INFO - Started process (PID=848) to work on /home/airflow/.local/lib/python3.12/site-packages/airflow/example_dags/example_latest_only_with_trigger.py
[2026-03-02T13:43:16.277+0000] {processor.py:830} INFO - Processing file /home/airflow/.local/lib/python3.12/site-packages/airflow/example_dags/example_latest_only_with_trigger.py for tasks to queue
[2026-03-02T13:43:16.278+0000] {logging_mixin.py:188} INFO - [2026-03-02T13:43:16.277+0000] {dagbag.py:540} INFO - Filling up the DagBag from /home/airflow/.local/lib/python3.12/site-packages/airflow/example_dags/example_latest_only_with_trigger.py
[2026-03-02T13:43:16.280+0000] {processor.py:840} INFO - DAG(s) 'latest_only_with_trigger' retrieved from /home/airflow/.local/lib/python3.12/site-packages/airflow/example_dags/example_latest_only_with_trigger.py
[2026-03-02T13:43:16.290+0000] {logging_mixin.py:188} INFO - [2026-03-02T13:43:16.290+0000] {dag.py:3096} INFO - Sync 1 DAGs
[2026-03-02T13:43:16.299+0000] {logging_mixin.py:188} INFO - [2026-03-02T13:43:16.299+0000] {dag.py:3954} INFO - Setting next_dagrun for latest_only_with_trigger to 2026-03-02 08:00:00+00:00, run_after=2026-03-02 12:00:00+00:00
[2026-03-02T13:43:16.305+0000] {processor.py:183} INFO - Processing /home/airflow/.local/lib/python3.12/site-packages/airflow/example_dags/example_latest_only_with_trigger.py took 0.031 seconds
[2026-03-02T13:43:47.118+0000] {processor.py:161} INFO - Started process (PID=906) to work on /home/airflow/.local/lib/python3.12/site-packages/airflow/example_dags/example_latest_only_with_trigger.py
[2026-03-02T13:43:47.119+0000] {processor.py:830} INFO - Processing file /home/airflow/.local/lib/python3.12/site-packages/airflow/example_dags/example_latest_only_with_trigger.py for tasks to queue
[2026-03-02T13:43:47.119+0000] {logging_mixin.py:188} INFO - [2026-03-02T13:43:47.119+0000] {dagbag.py:540} INFO - Filling up the DagBag from /home/airflow/.local/lib/python3.12/site-packages/airflow/example_dags/example_latest_only_with_trigger.py
[2026-03-02T13:43:47.124+0000] {processor.py:840} INFO - DAG(s) 'latest_only_with_trigger' retrieved from /home/airflow/.local/lib/python3.12/site-packages/airflow/example_dags/example_latest_only_with_trigger.py
[2026-03-02T13:43:47.145+0000] {logging_mixin.py:188} INFO - [2026-03-02T13:43:47.145+0000] {dag.py:3096} INFO - Sync 1 DAGs
[2026-03-02T13:43:47.161+0000] {logging_mixin.py:188} INFO - [2026-03-02T13:43:47.161+0000] {dag.py:3954} INFO - Setting next_dagrun for latest_only_with_trigger to 2026-03-02 08:00:00+00:00, run_after=2026-03-02 12:00:00+00:00
[2026-03-02T13:43:47.505+0000] {processor.py:183} INFO - Processing /home/airflow/.local/lib/python3.12/site-packages/airflow/example_dags/example_latest_only_with_trigger.py took 0.390 seconds
[2026-03-02T13:44:18.288+0000] {processor.py:161} INFO - Started process (PID=964) to work on /home/airflow/.local/lib/python3.12/site-packages/airflow/example_dags/example_latest_only_with_trigger.py
[2026-03-02T13:44:18.289+0000] {processor.py:830} INFO - Processing file /home/airflow/.local/lib/python3.12/site-packages/airflow/example_dags/example_latest_only_with_trigger.py for tasks to queue
[2026-03-02T13:44:18.295+0000] {logging_mixin.py:188} INFO - [2026-03-02T13:44:18.294+0000] {dagbag.py:540} INFO - Filling up the DagBag from /home/airflow/.local/lib/python3.12/site-packages/airflow/example_dags/example_latest_only_with_trigger.py
[2026-03-02T13:44:18.301+0000] {processor.py:840} INFO - DAG(s) 'latest_only_with_trigger' retrieved from /home/airflow/.local/lib/python3.12/site-packages/airflow/example_dags/example_latest_only_with_trigger.py
[2026-03-02T13:44:18.327+0000] {logging_mixin.py:188} INFO - [2026-03-02T13:44:18.326+0000] {dag.py:3096} INFO - Sync 1 DAGs
[2026-03-02T13:44:18.345+0000] {logging_mixin.py:188} INFO - [2026-03-02T13:44:18.344+0000] {dag.py:3954} INFO - Setting next_dagrun for latest_only_with_trigger to 2026-03-02 08:00:00+00:00, run_after=2026-03-02 12:00:00+00:00
[2026-03-02T13:44:18.535+0000] {processor.py:183} INFO - Processing /home/airflow/.local/lib/python3.12/site-packages/airflow/example_dags/example_latest_only_with_trigger.py took 0.254 seconds
[2026-03-02T13:44:49.300+0000] {processor.py:161} INFO - Started process (PID=1021) to work on /home/airflow/.local/lib/python3.12/site-packages/airflow/example_dags/example_latest_only_with_trigger.py
[2026-03-02T13:44:49.301+0000] {processor.py:830} INFO - Processing file /home/airflow/.local/lib/python3.12/site-packages/airflow/example_dags/example_latest_only_with_trigger.py for tasks to queue
[2026-03-02T13:44:49.301+0000] {logging_mixin.py:188} INFO - [2026-03-02T13:44:49.301+0000] {dagbag.py:540} INFO - Filling up the DagBag from /home/airflow/.local/lib/python3.12/site-packages/airflow/example_dags/example_latest_only_with_trigger.py
[2026-03-02T13:44:49.304+0000] {processor.py:840} INFO - DAG(s) 'latest_only_with_trigger' retrieved from /home/airflow/.local/lib/python3.12/site-packages/airflow/example_dags/example_latest_only_with_trigger.py
[2026-03-02T13:44:49.315+0000] {logging_mixin.py:188} INFO - [2026-03-02T13:44:49.315+0000] {dag.py:3096} INFO - Sync 1 DAGs
[2026-03-02T13:44:49.326+0000] {logging_mixin.py:188} INFO - [2026-03-02T13:44:49.326+0000] {dag.py:3954} INFO - Setting next_dagrun for latest_only_with_trigger to 2026-03-02 08:00:00+00:00, run_after=2026-03-02 12:00:00+00:00
[2026-03-02T13:44:49.332+0000] {processor.py:183} INFO - Processing /home/airflow/.local/lib/python3.12/site-packages/airflow/example_dags/example_latest_only_with_trigger.py took 0.036 seconds
[2026-03-02T13:45:20.199+0000] {processor.py:161} INFO - Started process (PID=1079) to work on /home/airflow/.local/lib/python3.12/site-packages/airflow/example_dags/example_latest_only_with_trigger.py
[2026-03-02T13:45:20.200+0000] {processor.py:830} INFO - Processing file /home/airflow/.local/lib/python3.12/site-packages/airflow/example_dags/example_latest_only_with_trigger.py for tasks to queue
[2026-03-02T13:45:20.201+0000] {logging_mixin.py:188} INFO - [2026-03-02T13:45:20.201+0000] {dagbag.py:540} INFO - Filling up the DagBag from /home/airflow/.local/lib/python3.12/site-packages/airflow/example_dags/example_latest_only_with_trigger.py
[2026-03-02T13:45:20.206+0000] {processor.py:840} INFO - DAG(s) 'latest_only_with_trigger' retrieved from /home/airflow/.local/lib/python3.12/site-packages/airflow/example_dags/example_latest_only_with_trigger.py
[2026-03-02T13:45:20.220+0000] {logging_mixin.py:188} INFO - [2026-03-02T13:45:20.220+0000] {dag.py:3096} INFO - Sync 1 DAGs
[2026-03-02T13:45:20.240+0000] {logging_mixin.py:188} INFO - [2026-03-02T13:45:20.240+0000] {dag.py:3954} INFO - Setting next_dagrun for latest_only_with_trigger to 2026-03-02 08:00:00+00:00, run_after=2026-03-02 12:00:00+00:00
[2026-03-02T13:45:20.250+0000] {processor.py:183} INFO - Processing /home/airflow/.local/lib/python3.12/site-packages/airflow/example_dags/example_latest_only_with_trigger.py took 0.060 seconds
[2026-03-02T13:45:51.228+0000] {processor.py:161} INFO - Started process (PID=1137) to work on /home/airflow/.local/lib/python3.12/site-packages/airflow/example_dags/example_latest_only_with_trigger.py
[2026-03-02T13:45:51.228+0000] {processor.py:830} INFO - Processing file /home/airflow/.local/lib/python3.12/site-packages/airflow/example_dags/example_latest_only_with_trigger.py for tasks to queue
[2026-03-02T13:45:51.229+0000] {logging_mixin.py:188} INFO - [2026-03-02T13:45:51.229+0000] {dagbag.py:540} INFO - Filling up the DagBag from /home/airflow/.local/lib/python3.12/site-packages/airflow/example_dags/example_latest_only_with_trigger.py
[2026-03-02T13:45:51.233+0000] {processor.py:840} INFO - DAG(s) 'latest_only_with_trigger' retrieved from /home/airflow/.local/lib/python3.12/site-packages/airflow/example_dags/example_latest_only_with_trigger.py
[2026-03-02T13:45:51.247+0000] {logging_mixin.py:188} INFO - [2026-03-02T13:45:51.247+0000] {dag.py:3096} INFO - Sync 1 DAGs
[2026-03-02T13:45:51.261+0000] {logging_mixin.py:188} INFO - [2026-03-02T13:45:51.261+0000] {dag.py:3954} INFO - Setting next_dagrun for latest_only_with_trigger to 2026-03-02 08:00:00+00:00, run_after=2026-03-02 12:00:00+00:00
[2026-03-02T13:45:51.273+0000] {processor.py:183} INFO - Processing /home/airflow/.local/lib/python3.12/site-packages/airflow/example_dags/example_latest_only_with_trigger.py took 0.050 seconds
[2026-03-02T13:46:22.336+0000] {processor.py:161} INFO - Started process (PID=1195) to work on /home/airflow/.local/lib/python3.12/site-packages/airflow/example_dags/example_latest_only_with_trigger.py
[2026-03-02T13:46:22.337+0000] {processor.py:830} INFO - Processing file /home/airflow/.local/lib/python3.12/site-packages/airflow/example_dags/example_latest_only_with_trigger.py for tasks to queue
[2026-03-02T13:46:22.337+0000] {logging_mixin.py:188} INFO - [2026-03-02T13:46:22.337+0000] {dagbag.py:540} INFO - Filling up the DagBag from /home/airflow/.local/lib/python3.12/site-packages/airflow/example_dags/example_latest_only_with_trigger.py
[2026-03-02T13:46:22.431+0000] {processor.py:840} INFO - DAG(s) 'latest_only_with_trigger' retrieved from /home/airflow/.local/lib/python3.12/site-packages/airflow/example_dags/example_latest_only_with_trigger.py
[2026-03-02T13:46:22.452+0000] {logging_mixin.py:188} INFO - [2026-03-02T13:46:22.452+0000] {dag.py:3096} INFO - Sync 1 DAGs
[2026-03-02T13:46:22.463+0000] {logging_mixin.py:188} INFO - [2026-03-02T13:46:22.463+0000] {dag.py:3954} INFO - Setting next_dagrun for latest_only_with_trigger to 2026-03-02 08:00:00+00:00, run_after=2026-03-02 12:00:00+00:00
[2026-03-02T13:46:22.470+0000] {processor.py:183} INFO - Processing /home/airflow/.local/lib/python3.12/site-packages/airflow/example_dags/example_latest_only_with_trigger.py took 0.138 seconds
[2026-03-02T13:46:52.690+0000] {processor.py:161} INFO - Started process (PID=1253) to work on /home/airflow/.local/lib/python3.12/site-packages/airflow/example_dags/example_latest_only_with_trigger.py
[2026-03-02T13:46:52.692+0000] {processor.py:830} INFO - Processing file /home/airflow/.local/lib/python3.12/site-packages/airflow/example_dags/example_latest_only_with_trigger.py for tasks to queue
[2026-03-02T13:46:52.696+0000] {logging_mixin.py:188} INFO - [2026-03-02T13:46:52.694+0000] {dagbag.py:540} INFO - Filling up the DagBag from /home/airflow/.local/lib/python3.12/site-packages/airflow/example_dags/example_latest_only_with_trigger.py
[2026-03-02T13:46:52.706+0000] {processor.py:840} INFO - DAG(s) 'latest_only_with_trigger' retrieved from /home/airflow/.local/lib/python3.12/site-packages/airflow/example_dags/example_latest_only_with_trigger.py
[2026-03-02T13:46:52.735+0000] {logging_mixin.py:188} INFO - [2026-03-02T13:46:52.734+0000] {dag.py:3096} INFO - Sync 1 DAGs
[2026-03-02T13:46:52.750+0000] {logging_mixin.py:188} INFO - [2026-03-02T13:46:52.750+0000] {dag.py:3954} INFO - Setting next_dagrun for latest_only_with_trigger to 2026-03-02 08:00:00+00:00, run_after=2026-03-02 12:00:00+00:00
[2026-03-02T13:46:52.764+0000] {processor.py:183} INFO - Processing /home/airflow/.local/lib/python3.12/site-packages/airflow/example_dags/example_latest_only_with_trigger.py took 0.080 seconds
[2026-03-02T13:47:23.188+0000] {processor.py:161} INFO - Started process (PID=1311) to work on /home/airflow/.local/lib/python3.12/site-packages/airflow/example_dags/example_latest_only_with_trigger.py
[2026-03-02T13:47:23.189+0000] {processor.py:830} INFO - Processing file /home/airflow/.local/lib/python3.12/site-packages/airflow/example_dags/example_latest_only_with_trigger.py for tasks to queue
[2026-03-02T13:47:23.190+0000] {logging_mixin.py:188} INFO - [2026-03-02T13:47:23.190+0000] {dagbag.py:540} INFO - Filling up the DagBag from /home/airflow/.local/lib/python3.12/site-packages/airflow/example_dags/example_latest_only_with_trigger.py
[2026-03-02T13:47:23.196+0000] {processor.py:840} INFO - DAG(s) 'latest_only_with_trigger' retrieved from /home/airflow/.local/lib/python3.12/site-packages/airflow/example_dags/example_latest_only_with_trigger.py
[2026-03-02T13:47:23.215+0000] {logging_mixin.py:188} INFO - [2026-03-02T13:47:23.215+0000] {dag.py:3096} INFO - Sync 1 DAGs
[2026-03-02T13:47:23.229+0000] {logging_mixin.py:188} INFO - [2026-03-02T13:47:23.229+0000] {dag.py:3954} INFO - Setting next_dagrun for latest_only_with_trigger to 2026-03-02 08:00:00+00:00, run_after=2026-03-02 12:00:00+00:00
[2026-03-02T13:47:23.244+0000] {processor.py:183} INFO - Processing /home/airflow/.local/lib/python3.12/site-packages/airflow/example_dags/example_latest_only_with_trigger.py took 0.059 seconds
[2026-03-02T13:47:53.828+0000] {processor.py:161} INFO - Started process (PID=1369) to work on /home/airflow/.local/lib/python3.12/site-packages/airflow/example_dags/example_latest_only_with_trigger.py
[2026-03-02T13:47:53.828+0000] {processor.py:830} INFO - Processing file /home/airflow/.local/lib/python3.12/site-packages/airflow/example_dags/example_latest_only_with_trigger.py for tasks to queue
[2026-03-02T13:47:53.830+0000] {logging_mixin.py:188} INFO - [2026-03-02T13:47:53.830+0000] {dagbag.py:540} INFO - Filling up the DagBag from /home/airflow/.local/lib/python3.12/site-packages/airflow/example_dags/example_latest_only_with_trigger.py
[2026-03-02T13:47:53.833+0000] {processor.py:840} INFO - DAG(s) 'latest_only_with_trigger' retrieved from /home/airflow/.local/lib/python3.12/site-packages/airflow/example_dags/example_latest_only_with_trigger.py
[2026-03-02T13:47:53.845+0000] {logging_mixin.py:188} INFO - [2026-03-02T13:47:53.845+0000] {dag.py:3096} INFO - Sync 1 DAGs
[2026-03-02T13:47:53.855+0000] {logging_mixin.py:188} INFO - [2026-03-02T13:47:53.855+0000] {dag.py:3954} INFO - Setting next_dagrun for latest_only_with_trigger to 2026-03-02 08:00:00+00:00, run_after=2026-03-02 12:00:00+00:00
[2026-03-02T13:47:53.865+0000] {processor.py:183} INFO - Processing /home/airflow/.local/lib/python3.12/site-packages/airflow/example_dags/example_latest_only_with_trigger.py took 0.040 seconds
[2026-03-02T13:48:23.890+0000] {processor.py:161} INFO - Started process (PID=1426) to work on /home/airflow/.local/lib/python3.12/site-packages/airflow/example_dags/example_latest_only_with_trigger.py
[2026-03-02T13:48:23.890+0000] {processor.py:830} INFO - Processing file /home/airflow/.local/lib/python3.12/site-packages/airflow/example_dags/example_latest_only_with_trigger.py for tasks to queue
[2026-03-02T13:48:23.891+0000] {logging_mixin.py:188} INFO - [2026-03-02T13:48:23.891+0000] {dagbag.py:540} INFO - Filling up the DagBag from /home/airflow/.local/lib/python3.12/site-packages/airflow/example_dags/example_latest_only_with_trigger.py
[2026-03-02T13:48:23.894+0000] {processor.py:840} INFO - DAG(s) 'latest_only_with_trigger' retrieved from /home/airflow/.local/lib/python3.12/site-packages/airflow/example_dags/example_latest_only_with_trigger.py
[2026-03-02T13:48:23.904+0000] {logging_mixin.py:188} INFO - [2026-03-02T13:48:23.904+0000] {dag.py:3096} INFO - Sync 1 DAGs
[2026-03-02T13:48:23.914+0000] {logging_mixin.py:188} INFO - [2026-03-02T13:48:23.914+0000] {dag.py:3954} INFO - Setting next_dagrun for latest_only_with_trigger to 2026-03-02 08:00:00+00:00, run_after=2026-03-02 12:00:00+00:00
[2026-03-02T13:48:23.922+0000] {processor.py:183} INFO - Processing /home/airflow/.local/lib/python3.12/site-packages/airflow/example_dags/example_latest_only_with_trigger.py took 0.035 seconds
[2026-03-02T13:48:54.482+0000] {processor.py:161} INFO - Started process (PID=1485) to work on /home/airflow/.local/lib/python3.12/site-packages/airflow/example_dags/example_latest_only_with_trigger.py
[2026-03-02T13:48:54.483+0000] {processor.py:830} INFO - Processing file /home/airflow/.local/lib/python3.12/site-packages/airflow/example_dags/example_latest_only_with_trigger.py for tasks to queue
[2026-03-02T13:48:54.484+0000] {logging_mixin.py:188} INFO - [2026-03-02T13:48:54.484+0000] {dagbag.py:540} INFO - Filling up the DagBag from /home/airflow/.local/lib/python3.12/site-packages/airflow/example_dags/example_latest_only_with_trigger.py
[2026-03-02T13:48:54.488+0000] {processor.py:840} INFO - DAG(s) 'latest_only_with_trigger' retrieved from /home/airflow/.local/lib/python3.12/site-packages/airflow/example_dags/example_latest_only_with_trigger.py
[2026-03-02T13:48:54.504+0000] {logging_mixin.py:188} INFO - [2026-03-02T13:48:54.504+0000] {dag.py:3096} INFO - Sync 1 DAGs
[2026-03-02T13:48:54.518+0000] {logging_mixin.py:188} INFO - [2026-03-02T13:48:54.518+0000] {dag.py:3954} INFO - Setting next_dagrun for latest_only_with_trigger to 2026-03-02 08:00:00+00:00, run_after=2026-03-02 12:00:00+00:00
[2026-03-02T13:48:54.533+0000] {processor.py:183} INFO - Processing /home/airflow/.local/lib/python3.12/site-packages/airflow/example_dags/example_latest_only_with_trigger.py took 0.054 seconds
[2026-03-02T13:49:24.936+0000] {processor.py:161} INFO - Started process (PID=1543) to work on /home/airflow/.local/lib/python3.12/site-packages/airflow/example_dags/example_latest_only_with_trigger.py
[2026-03-02T13:49:24.937+0000] {processor.py:830} INFO - Processing file /home/airflow/.local/lib/python3.12/site-packages/airflow/example_dags/example_latest_only_with_trigger.py for tasks to queue
[2026-03-02T13:49:24.937+0000] {logging_mixin.py:188} INFO - [2026-03-02T13:49:24.937+0000] {dagbag.py:540} INFO - Filling up the DagBag from /home/airflow/.local/lib/python3.12/site-packages/airflow/example_dags/example_latest_only_with_trigger.py
[2026-03-02T13:49:24.940+0000] {processor.py:840} INFO - DAG(s) 'latest_only_with_trigger' retrieved from /home/airflow/.local/lib/python3.12/site-packages/airflow/example_dags/example_latest_only_with_trigger.py
[2026-03-02T13:49:24.953+0000] {logging_mixin.py:188} INFO - [2026-03-02T13:49:24.953+0000] {dag.py:3096} INFO - Sync 1 DAGs
[2026-03-02T13:49:24.966+0000] {logging_mixin.py:188} INFO - [2026-03-02T13:49:24.966+0000] {dag.py:3954} INFO - Setting next_dagrun for latest_only_with_trigger to 2026-03-02 08:00:00+00:00, run_after=2026-03-02 12:00:00+00:00
[2026-03-02T13:49:24.977+0000] {processor.py:183} INFO - Processing /home/airflow/.local/lib/python3.12/site-packages/airflow/example_dags/example_latest_only_with_trigger.py took 0.044 seconds
[2026-03-02T13:49:55.453+0000] {processor.py:161} INFO - Started process (PID=1601) to work on /home/airflow/.local/lib/python3.12/site-packages/airflow/example_dags/example_latest_only_with_trigger.py
[2026-03-02T13:49:55.455+0000] {processor.py:830} INFO - Processing file /home/airflow/.local/lib/python3.12/site-packages/airflow/example_dags/example_latest_only_with_trigger.py for tasks to queue
[2026-03-02T13:49:55.457+0000] {logging_mixin.py:188} INFO - [2026-03-02T13:49:55.456+0000] {dagbag.py:540} INFO - Filling up the DagBag from /home/airflow/.local/lib/python3.12/site-packages/airflow/example_dags/example_latest_only_with_trigger.py
[2026-03-02T13:49:55.461+0000] {processor.py:840} INFO - DAG(s) 'latest_only_with_trigger' retrieved from /home/airflow/.local/lib/python3.12/site-packages/airflow/example_dags/example_latest_only_with_trigger.py
[2026-03-02T13:49:55.480+0000] {logging_mixin.py:188} INFO - [2026-03-02T13:49:55.479+0000] {dag.py:3096} INFO - Sync 1 DAGs
[2026-03-02T13:49:55.493+0000] {logging_mixin.py:188} INFO - [2026-03-02T13:49:55.493+0000] {dag.py:3954} INFO - Setting next_dagrun for latest_only_with_trigger to 2026-03-02 08:00:00+00:00, run_after=2026-03-02 12:00:00+00:00
[2026-03-02T13:49:55.508+0000] {processor.py:183} INFO - Processing /home/airflow/.local/lib/python3.12/site-packages/airflow/example_dags/example_latest_only_with_trigger.py took 0.062 seconds
[2026-03-02T13:50:25.670+0000] {processor.py:161} INFO - Started process (PID=1659) to work on /home/airflow/.local/lib/python3.12/site-packages/airflow/example_dags/example_latest_only_with_trigger.py
[2026-03-02T13:50:25.670+0000] {processor.py:830} INFO - Processing file /home/airflow/.local/lib/python3.12/site-packages/airflow/example_dags/example_latest_only_with_trigger.py for tasks to queue
[2026-03-02T13:50:25.671+0000] {logging_mixin.py:188} INFO - [2026-03-02T13:50:25.671+0000] {dagbag.py:540} INFO - Filling up the DagBag from /home/airflow/.local/lib/python3.12/site-packages/airflow/example_dags/example_latest_only_with_trigger.py
[2026-03-02T13:50:25.674+0000] {processor.py:840} INFO - DAG(s) 'latest_only_with_trigger' retrieved from /home/airflow/.local/lib/python3.12/site-packages/airflow/example_dags/example_latest_only_with_trigger.py
[2026-03-02T13:50:25.685+0000] {logging_mixin.py:188} INFO - [2026-03-02T13:50:25.684+0000] {dag.py:3096} INFO - Sync 1 DAGs
[2026-03-02T13:50:25.695+0000] {logging_mixin.py:188} INFO - [2026-03-02T13:50:25.695+0000] {dag.py:3954} INFO - Setting next_dagrun for latest_only_with_trigger to 2026-03-02 08:00:00+00:00, run_after=2026-03-02 12:00:00+00:00
[2026-03-02T13:50:25.702+0000] {processor.py:183} INFO - Processing /home/airflow/.local/lib/python3.12/site-packages/airflow/example_dags/example_latest_only_with_trigger.py took 0.035 seconds
[2026-03-02T13:50:56.603+0000] {processor.py:161} INFO - Started process (PID=1717) to work on /home/airflow/.local/lib/python3.12/site-packages/airflow/example_dags/example_latest_only_with_trigger.py
[2026-03-02T13:50:56.603+0000] {processor.py:830} INFO - Processing file /home/airflow/.local/lib/python3.12/site-packages/airflow/example_dags/example_latest_only_with_trigger.py for tasks to queue
[2026-03-02T13:50:56.604+0000] {logging_mixin.py:188} INFO - [2026-03-02T13:50:56.604+0000] {dagbag.py:540} INFO - Filling up the DagBag from /home/airflow/.local/lib/python3.12/site-packages/airflow/example_dags/example_latest_only_with_trigger.py
[2026-03-02T13:50:56.609+0000] {processor.py:840} INFO - DAG(s) 'latest_only_with_trigger' retrieved from /home/airflow/.local/lib/python3.12/site-packages/airflow/example_dags/example_latest_only_with_trigger.py
[2026-03-02T13:50:56.620+0000] {logging_mixin.py:188} INFO - [2026-03-02T13:50:56.620+0000] {dag.py:3096} INFO - Sync 1 DAGs
[2026-03-02T13:50:56.637+0000] {logging_mixin.py:188} INFO - [2026-03-02T13:50:56.637+0000] {dag.py:3954} INFO - Setting next_dagrun for latest_only_with_trigger to 2026-03-02 08:00:00+00:00, run_after=2026-03-02 12:00:00+00:00
[2026-03-02T13:50:56.651+0000] {processor.py:183} INFO - Processing /home/airflow/.local/lib/python3.12/site-packages/airflow/example_dags/example_latest_only_with_trigger.py took 0.052 seconds
[2026-03-02T13:51:27.355+0000] {processor.py:161} INFO - Started process (PID=1775) to work on /home/airflow/.local/lib/python3.12/site-packages/airflow/example_dags/example_latest_only_with_trigger.py
[2026-03-02T13:51:27.355+0000] {processor.py:830} INFO - Processing file /home/airflow/.local/lib/python3.12/site-packages/airflow/example_dags/example_latest_only_with_trigger.py for tasks to queue
[2026-03-02T13:51:27.356+0000] {logging_mixin.py:188} INFO - [2026-03-02T13:51:27.356+0000] {dagbag.py:540} INFO - Filling up the DagBag from /home/airflow/.local/lib/python3.12/site-packages/airflow/example_dags/example_latest_only_with_trigger.py
[2026-03-02T13:51:27.360+0000] {processor.py:840} INFO - DAG(s) 'latest_only_with_trigger' retrieved from /home/airflow/.local/lib/python3.12/site-packages/airflow/example_dags/example_latest_only_with_trigger.py
[2026-03-02T13:51:27.371+0000] {logging_mixin.py:188} INFO - [2026-03-02T13:51:27.371+0000] {dag.py:3096} INFO - Sync 1 DAGs
[2026-03-02T13:51:27.384+0000] {logging_mixin.py:188} INFO - [2026-03-02T13:51:27.384+0000] {dag.py:3954} INFO - Setting next_dagrun for latest_only_with_trigger to 2026-03-02 08:00:00+00:00, run_after=2026-03-02 12:00:00+00:00
[2026-03-02T13:51:27.395+0000] {processor.py:183} INFO - Processing /home/airflow/.local/lib/python3.12/site-packages/airflow/example_dags/example_latest_only_with_trigger.py took 0.043 seconds
[2026-03-02T13:51:58.123+0000] {processor.py:161} INFO - Started process (PID=1833) to work on /home/airflow/.local/lib/python3.12/site-packages/airflow/example_dags/example_latest_only_with_trigger.py
[2026-03-02T13:51:58.124+0000] {processor.py:830} INFO - Processing file /home/airflow/.local/lib/python3.12/site-packages/airflow/example_dags/example_latest_only_with_trigger.py for tasks to queue
[2026-03-02T13:51:58.124+0000] {logging_mixin.py:188} INFO - [2026-03-02T13:51:58.124+0000] {dagbag.py:540} INFO - Filling up the DagBag from /home/airflow/.local/lib/python3.12/site-packages/airflow/example_dags/example_latest_only_with_trigger.py
[2026-03-02T13:51:58.128+0000] {processor.py:840} INFO - DAG(s) 'latest_only_with_trigger' retrieved from /home/airflow/.local/lib/python3.12/site-packages/airflow/example_dags/example_latest_only_with_trigger.py
[2026-03-02T13:51:58.140+0000] {logging_mixin.py:188} INFO - [2026-03-02T13:51:58.139+0000] {dag.py:3096} INFO - Sync 1 DAGs
[2026-03-02T13:51:58.150+0000] {logging_mixin.py:188} INFO - [2026-03-02T13:51:58.150+0000] {dag.py:3954} INFO - Setting next_dagrun for latest_only_with_trigger to 2026-03-02 08:00:00+00:00, run_after=2026-03-02 12:00:00+00:00
[2026-03-02T13:51:58.159+0000] {processor.py:183} INFO - Processing /home/airflow/.local/lib/python3.12/site-packages/airflow/example_dags/example_latest_only_with_trigger.py took 0.039 seconds
[2026-03-02T13:52:28.756+0000] {processor.py:161} INFO - Started process (PID=1891) to work on /home/airflow/.local/lib/python3.12/site-packages/airflow/example_dags/example_latest_only_with_trigger.py
[2026-03-02T13:52:28.756+0000] {processor.py:830} INFO - Processing file /home/airflow/.local/lib/python3.12/site-packages/airflow/example_dags/example_latest_only_with_trigger.py for tasks to queue
[2026-03-02T13:52:28.757+0000] {logging_mixin.py:188} INFO - [2026-03-02T13:52:28.757+0000] {dagbag.py:540} INFO - Filling up the DagBag from /home/airflow/.local/lib/python3.12/site-packages/airflow/example_dags/example_latest_only_with_trigger.py
[2026-03-02T13:52:28.760+0000] {processor.py:840} INFO - DAG(s) 'latest_only_with_trigger' retrieved from /home/airflow/.local/lib/python3.12/site-packages/airflow/example_dags/example_latest_only_with_trigger.py
[2026-03-02T13:52:28.769+0000] {logging_mixin.py:188} INFO - [2026-03-02T13:52:28.769+0000] {dag.py:3096} INFO - Sync 1 DAGs
[2026-03-02T13:52:28.779+0000] {logging_mixin.py:188} INFO - [2026-03-02T13:52:28.779+0000] {dag.py:3954} INFO - Setting next_dagrun for latest_only_with_trigger to 2026-03-02 08:00:00+00:00, run_after=2026-03-02 12:00:00+00:00
[2026-03-02T13:52:28.788+0000] {processor.py:183} INFO - Processing /home/airflow/.local/lib/python3.12/site-packages/airflow/example_dags/example_latest_only_with_trigger.py took 0.035 seconds
[2026-03-02T13:52:59.651+0000] {processor.py:161} INFO - Started process (PID=1949) to work on /home/airflow/.local/lib/python3.12/site-packages/airflow/example_dags/example_latest_only_with_trigger.py
[2026-03-02T13:52:59.652+0000] {processor.py:830} INFO - Processing file /home/airflow/.local/lib/python3.12/site-packages/airflow/example_dags/example_latest_only_with_trigger.py for tasks to queue
[2026-03-02T13:52:59.653+0000] {logging_mixin.py:188} INFO - [2026-03-02T13:52:59.653+0000] {dagbag.py:540} INFO - Filling up the DagBag from /home/airflow/.local/lib/python3.12/site-packages/airflow/example_dags/example_latest_only_with_trigger.py
[2026-03-02T13:52:59.657+0000] {processor.py:840} INFO - DAG(s) 'latest_only_with_trigger' retrieved from /home/airflow/.local/lib/python3.12/site-packages/airflow/example_dags/example_latest_only_with_trigger.py
[2026-03-02T13:52:59.683+0000] {logging_mixin.py:188} INFO - [2026-03-02T13:52:59.683+0000] {dag.py:3096} INFO - Sync 1 DAGs
[2026-03-02T13:52:59.697+0000] {logging_mixin.py:188} INFO - [2026-03-02T13:52:59.697+0000] {dag.py:3954} INFO - Setting next_dagrun for latest_only_with_trigger to 2026-03-02 08:00:00+00:00, run_after=2026-03-02 12:00:00+00:00
[2026-03-02T13:52:59.704+0000] {processor.py:183} INFO - Processing /home/airflow/.local/lib/python3.12/site-packages/airflow/example_dags/example_latest_only_with_trigger.py took 0.057 seconds
[2026-03-02T13:53:30.781+0000] {processor.py:161} INFO - Started process (PID=2007) to work on /home/airflow/.local/lib/python3.12/site-packages/airflow/example_dags/example_latest_only_with_trigger.py
[2026-03-02T13:53:30.782+0000] {processor.py:830} INFO - Processing file /home/airflow/.local/lib/python3.12/site-packages/airflow/example_dags/example_latest_only_with_trigger.py for tasks to queue
[2026-03-02T13:53:30.786+0000] {logging_mixin.py:188} INFO - [2026-03-02T13:53:30.785+0000] {dagbag.py:540} INFO - Filling up the DagBag from /home/airflow/.local/lib/python3.12/site-packages/airflow/example_dags/example_latest_only_with_trigger.py
[2026-03-02T13:53:30.793+0000] {processor.py:840} INFO - DAG(s) 'latest_only_with_trigger' retrieved from /home/airflow/.local/lib/python3.12/site-packages/airflow/example_dags/example_latest_only_with_trigger.py
[2026-03-02T13:53:30.814+0000] {logging_mixin.py:188} INFO - [2026-03-02T13:53:30.814+0000] {dag.py:3096} INFO - Sync 1 DAGs
[2026-03-02T13:53:30.840+0000] {logging_mixin.py:188} INFO - [2026-03-02T13:53:30.840+0000] {dag.py:3954} INFO - Setting next_dagrun for latest_only_with_trigger to 2026-03-02 08:00:00+00:00, run_after=2026-03-02 12:00:00+00:00
[2026-03-02T13:53:30.851+0000] {processor.py:183} INFO - Processing /home/airflow/.local/lib/python3.12/site-packages/airflow/example_dags/example_latest_only_with_trigger.py took 0.076 seconds
[2026-03-02T13:54:01.637+0000] {processor.py:161} INFO - Started process (PID=2065) to work on /home/airflow/.local/lib/python3.12/site-packages/airflow/example_dags/example_latest_only_with_trigger.py
[2026-03-02T13:54:01.638+0000] {processor.py:830} INFO - Processing file /home/airflow/.local/lib/python3.12/site-packages/airflow/example_dags/example_latest_only_with_trigger.py for tasks to queue
[2026-03-02T13:54:01.638+0000] {logging_mixin.py:188} INFO - [2026-03-02T13:54:01.638+0000] {dagbag.py:540} INFO - Filling up the DagBag from /home/airflow/.local/lib/python3.12/site-packages/airflow/example_dags/example_latest_only_with_trigger.py
[2026-03-02T13:54:01.641+0000] {processor.py:840} INFO - DAG(s) 'latest_only_with_trigger' retrieved from /home/airflow/.local/lib/python3.12/site-packages/airflow/example_dags/example_latest_only_with_trigger.py
[2026-03-02T13:54:01.651+0000] {logging_mixin.py:188} INFO - [2026-03-02T13:54:01.651+0000] {dag.py:3096} INFO - Sync 1 DAGs
[2026-03-02T13:54:01.661+0000] {logging_mixin.py:188} INFO - [2026-03-02T13:54:01.661+0000] {dag.py:3954} INFO - Setting next_dagrun for latest_only_with_trigger to 2026-03-02 08:00:00+00:00, run_after=2026-03-02 12:00:00+00:00
[2026-03-02T13:54:01.669+0000] {processor.py:183} INFO - Processing /home/airflow/.local/lib/python3.12/site-packages/airflow/example_dags/example_latest_only_with_trigger.py took 0.035 seconds
[2026-03-02T13:54:32.346+0000] {processor.py:161} INFO - Started process (PID=2123) to work on /home/airflow/.local/lib/python3.12/site-packages/airflow/example_dags/example_latest_only_with_trigger.py
[2026-03-02T13:54:32.346+0000] {processor.py:830} INFO - Processing file /home/airflow/.local/lib/python3.12/site-packages/airflow/example_dags/example_latest_only_with_trigger.py for tasks to queue
[2026-03-02T13:54:32.352+0000] {logging_mixin.py:188} INFO - [2026-03-02T13:54:32.351+0000] {dagbag.py:540} INFO - Filling up the DagBag from /home/airflow/.local/lib/python3.12/site-packages/airflow/example_dags/example_latest_only_with_trigger.py
[2026-03-02T13:54:32.358+0000] {processor.py:840} INFO - DAG(s) 'latest_only_with_trigger' retrieved from /home/airflow/.local/lib/python3.12/site-packages/airflow/example_dags/example_latest_only_with_trigger.py
[2026-03-02T13:54:32.367+0000] {logging_mixin.py:188} INFO - [2026-03-02T13:54:32.367+0000] {dag.py:3096} INFO - Sync 1 DAGs
[2026-03-02T13:54:32.379+0000] {logging_mixin.py:188} INFO - [2026-03-02T13:54:32.379+0000] {dag.py:3954} INFO - Setting next_dagrun for latest_only_with_trigger to 2026-03-02 08:00:00+00:00, run_after=2026-03-02 12:00:00+00:00
[2026-03-02T13:54:32.387+0000] {processor.py:183} INFO - Processing /home/airflow/.local/lib/python3.12/site-packages/airflow/example_dags/example_latest_only_with_trigger.py took 0.045 seconds
[2026-03-02T13:55:22.713+0000] {processor.py:161} INFO - Started process (PID=2187) to work on /home/airflow/.local/lib/python3.12/site-packages/airflow/example_dags/example_latest_only_with_trigger.py
[2026-03-02T13:55:22.714+0000] {processor.py:830} INFO - Processing file /home/airflow/.local/lib/python3.12/site-packages/airflow/example_dags/example_latest_only_with_trigger.py for tasks to queue
[2026-03-02T13:55:22.718+0000] {logging_mixin.py:188} INFO - [2026-03-02T13:55:22.717+0000] {dagbag.py:540} INFO - Filling up the DagBag from /home/airflow/.local/lib/python3.12/site-packages/airflow/example_dags/example_latest_only_with_trigger.py
[2026-03-02T13:55:22.725+0000] {processor.py:840} INFO - DAG(s) 'latest_only_with_trigger' retrieved from /home/airflow/.local/lib/python3.12/site-packages/airflow/example_dags/example_latest_only_with_trigger.py
[2026-03-02T13:55:22.770+0000] {logging_mixin.py:188} INFO - [2026-03-02T13:55:22.770+0000] {dag.py:3096} INFO - Sync 1 DAGs
[2026-03-02T13:55:22.790+0000] {logging_mixin.py:188} INFO - [2026-03-02T13:55:22.790+0000] {dag.py:3954} INFO - Setting next_dagrun for latest_only_with_trigger to 2026-03-02 08:00:00+00:00, run_after=2026-03-02 12:00:00+00:00
[2026-03-02T13:55:22.809+0000] {processor.py:183} INFO - Processing /home/airflow/.local/lib/python3.12/site-packages/airflow/example_dags/example_latest_only_with_trigger.py took 0.101 seconds
[2026-03-02T13:55:53.044+0000] {processor.py:161} INFO - Started process (PID=2245) to work on /home/airflow/.local/lib/python3.12/site-packages/airflow/example_dags/example_latest_only_with_trigger.py
[2026-03-02T13:55:53.045+0000] {processor.py:830} INFO - Processing file /home/airflow/.local/lib/python3.12/site-packages/airflow/example_dags/example_latest_only_with_trigger.py for tasks to queue
[2026-03-02T13:55:53.046+0000] {logging_mixin.py:188} INFO - [2026-03-02T13:55:53.046+0000] {dagbag.py:540} INFO - Filling up the DagBag from /home/airflow/.local/lib/python3.12/site-packages/airflow/example_dags/example_latest_only_with_trigger.py
[2026-03-02T13:55:53.049+0000] {processor.py:840} INFO - DAG(s) 'latest_only_with_trigger' retrieved from /home/airflow/.local/lib/python3.12/site-packages/airflow/example_dags/example_latest_only_with_trigger.py
[2026-03-02T13:55:53.066+0000] {logging_mixin.py:188} INFO - [2026-03-02T13:55:53.065+0000] {dag.py:3096} INFO - Sync 1 DAGs
[2026-03-02T13:55:53.084+0000] {logging_mixin.py:188} INFO - [2026-03-02T13:55:53.084+0000] {dag.py:3954} INFO - Setting next_dagrun for latest_only_with_trigger to 2026-03-02 08:00:00+00:00, run_after=2026-03-02 12:00:00+00:00
[2026-03-02T13:55:53.102+0000] {processor.py:183} INFO - Processing /home/airflow/.local/lib/python3.12/site-packages/airflow/example_dags/example_latest_only_with_trigger.py took 0.063 seconds
