[2026-03-02T13:36:36.125+0000] {processor.py:161} INFO - Started process (PID=85) to work on /home/airflow/.local/lib/python3.12/site-packages/airflow/example_dags/example_external_task_marker_dag.py
[2026-03-02T13:36:36.125+0000] {processor.py:830} INFO - Processing file /home/airflow/.local/lib/python3.12/site-packages/airflow/example_dags/example_external_task_marker_dag.py for tasks to queue
[2026-03-02T13:36:36.126+0000] {logging_mixin.py:188} INFO - [2026-03-02T13:36:36.126+0000] {dagbag.py:540} INFO - Filling up the DagBag from /home/airflow/.local/lib/python3.12/site-packages/airflow/example_dags/example_external_task_marker_dag.py
[2026-03-02T13:36:36.130+0000] {processor.py:840} INFO - DAG(s) 'example_external_task_marker_parent', 'example_external_task_marker_child' retrieved from /home/airflow/.local/lib/python3.12/site-packages/airflow/example_dags/example_external_task_marker_dag.py
[2026-03-02T13:36:36.199+0000] {logging_mixin.py:188} INFO - [2026-03-02T13:36:36.199+0000] {dag.py:3096} INFO - Sync 2 DAGs
[2026-03-02T13:36:36.203+0000] {logging_mixin.py:188} INFO - [2026-03-02T13:36:36.203+0000] {dag.py:3954} INFO - Setting next_dagrun for example_external_task_marker_child to None, run_after=None
[2026-03-02T13:36:36.205+0000] {logging_mixin.py:188} INFO - [2026-03-02T13:36:36.205+0000] {dag.py:3954} INFO - Setting next_dagrun for example_external_task_marker_parent to None, run_after=None
[2026-03-02T13:36:36.214+0000] {processor.py:183} INFO - Processing /home/airflow/.local/lib/python3.12/site-packages/airflow/example_dags/example_external_task_marker_dag.py took 0.097 seconds
[2026-03-02T13:37:06.829+0000] {processor.py:161} INFO - Started process (PID=143) to work on /home/airflow/.local/lib/python3.12/site-packages/airflow/example_dags/example_external_task_marker_dag.py
[2026-03-02T13:37:06.830+0000] {processor.py:830} INFO - Processing file /home/airflow/.local/lib/python3.12/site-packages/airflow/example_dags/example_external_task_marker_dag.py for tasks to queue
[2026-03-02T13:37:06.831+0000] {logging_mixin.py:188} INFO - [2026-03-02T13:37:06.831+0000] {dagbag.py:540} INFO - Filling up the DagBag from /home/airflow/.local/lib/python3.12/site-packages/airflow/example_dags/example_external_task_marker_dag.py
[2026-03-02T13:37:06.834+0000] {processor.py:840} INFO - DAG(s) 'example_external_task_marker_child', 'example_external_task_marker_parent' retrieved from /home/airflow/.local/lib/python3.12/site-packages/airflow/example_dags/example_external_task_marker_dag.py
[2026-03-02T13:37:06.846+0000] {logging_mixin.py:188} INFO - [2026-03-02T13:37:06.846+0000] {dag.py:3096} INFO - Sync 2 DAGs
[2026-03-02T13:37:06.855+0000] {logging_mixin.py:188} INFO - [2026-03-02T13:37:06.855+0000] {dag.py:3954} INFO - Setting next_dagrun for example_external_task_marker_child to None, run_after=None
[2026-03-02T13:37:06.856+0000] {logging_mixin.py:188} INFO - [2026-03-02T13:37:06.856+0000] {dag.py:3954} INFO - Setting next_dagrun for example_external_task_marker_parent to None, run_after=None
[2026-03-02T13:37:06.862+0000] {processor.py:183} INFO - Processing /home/airflow/.local/lib/python3.12/site-packages/airflow/example_dags/example_external_task_marker_dag.py took 0.035 seconds
[2026-03-02T13:37:37.848+0000] {processor.py:161} INFO - Started process (PID=201) to work on /home/airflow/.local/lib/python3.12/site-packages/airflow/example_dags/example_external_task_marker_dag.py
[2026-03-02T13:37:37.868+0000] {processor.py:830} INFO - Processing file /home/airflow/.local/lib/python3.12/site-packages/airflow/example_dags/example_external_task_marker_dag.py for tasks to queue
[2026-03-02T13:37:37.888+0000] {logging_mixin.py:188} INFO - [2026-03-02T13:37:37.887+0000] {dagbag.py:540} INFO - Filling up the DagBag from /home/airflow/.local/lib/python3.12/site-packages/airflow/example_dags/example_external_task_marker_dag.py
[2026-03-02T13:37:37.916+0000] {processor.py:840} INFO - DAG(s) 'example_external_task_marker_parent', 'example_external_task_marker_child' retrieved from /home/airflow/.local/lib/python3.12/site-packages/airflow/example_dags/example_external_task_marker_dag.py
[2026-03-02T13:37:38.081+0000] {logging_mixin.py:188} INFO - [2026-03-02T13:37:38.081+0000] {dag.py:3096} INFO - Sync 2 DAGs
[2026-03-02T13:37:38.135+0000] {logging_mixin.py:188} INFO - [2026-03-02T13:37:38.134+0000] {dag.py:3954} INFO - Setting next_dagrun for example_external_task_marker_child to None, run_after=None
[2026-03-02T13:37:38.147+0000] {logging_mixin.py:188} INFO - [2026-03-02T13:37:38.146+0000] {dag.py:3954} INFO - Setting next_dagrun for example_external_task_marker_parent to None, run_after=None
[2026-03-02T13:37:38.254+0000] {processor.py:183} INFO - Processing /home/airflow/.local/lib/python3.12/site-packages/airflow/example_dags/example_external_task_marker_dag.py took 0.446 seconds
[2026-03-02T13:38:08.844+0000] {processor.py:161} INFO - Started process (PID=258) to work on /home/airflow/.local/lib/python3.12/site-packages/airflow/example_dags/example_external_task_marker_dag.py
[2026-03-02T13:38:08.845+0000] {processor.py:830} INFO - Processing file /home/airflow/.local/lib/python3.12/site-packages/airflow/example_dags/example_external_task_marker_dag.py for tasks to queue
[2026-03-02T13:38:08.849+0000] {logging_mixin.py:188} INFO - [2026-03-02T13:38:08.848+0000] {dagbag.py:540} INFO - Filling up the DagBag from /home/airflow/.local/lib/python3.12/site-packages/airflow/example_dags/example_external_task_marker_dag.py
[2026-03-02T13:38:08.859+0000] {processor.py:840} INFO - DAG(s) 'example_external_task_marker_parent', 'example_external_task_marker_child' retrieved from /home/airflow/.local/lib/python3.12/site-packages/airflow/example_dags/example_external_task_marker_dag.py
[2026-03-02T13:38:08.889+0000] {logging_mixin.py:188} INFO - [2026-03-02T13:38:08.889+0000] {dag.py:3096} INFO - Sync 2 DAGs
[2026-03-02T13:38:08.910+0000] {logging_mixin.py:188} INFO - [2026-03-02T13:38:08.910+0000] {dag.py:3954} INFO - Setting next_dagrun for example_external_task_marker_child to None, run_after=None
[2026-03-02T13:38:08.914+0000] {logging_mixin.py:188} INFO - [2026-03-02T13:38:08.914+0000] {dag.py:3954} INFO - Setting next_dagrun for example_external_task_marker_parent to None, run_after=None
[2026-03-02T13:38:08.927+0000] {processor.py:183} INFO - Processing /home/airflow/.local/lib/python3.12/site-packages/airflow/example_dags/example_external_task_marker_dag.py took 0.087 seconds
[2026-03-02T13:38:39.759+0000] {processor.py:161} INFO - Started process (PID=316) to work on /home/airflow/.local/lib/python3.12/site-packages/airflow/example_dags/example_external_task_marker_dag.py
[2026-03-02T13:38:39.760+0000] {processor.py:830} INFO - Processing file /home/airflow/.local/lib/python3.12/site-packages/airflow/example_dags/example_external_task_marker_dag.py for tasks to queue
[2026-03-02T13:38:39.761+0000] {logging_mixin.py:188} INFO - [2026-03-02T13:38:39.761+0000] {dagbag.py:540} INFO - Filling up the DagBag from /home/airflow/.local/lib/python3.12/site-packages/airflow/example_dags/example_external_task_marker_dag.py
[2026-03-02T13:38:39.765+0000] {processor.py:840} INFO - DAG(s) 'example_external_task_marker_parent', 'example_external_task_marker_child' retrieved from /home/airflow/.local/lib/python3.12/site-packages/airflow/example_dags/example_external_task_marker_dag.py
[2026-03-02T13:38:39.778+0000] {logging_mixin.py:188} INFO - [2026-03-02T13:38:39.778+0000] {dag.py:3096} INFO - Sync 2 DAGs
[2026-03-02T13:38:39.785+0000] {logging_mixin.py:188} INFO - [2026-03-02T13:38:39.785+0000] {dag.py:3954} INFO - Setting next_dagrun for example_external_task_marker_child to None, run_after=None
[2026-03-02T13:38:39.788+0000] {logging_mixin.py:188} INFO - [2026-03-02T13:38:39.787+0000] {dag.py:3954} INFO - Setting next_dagrun for example_external_task_marker_parent to None, run_after=None
[2026-03-02T13:38:39.796+0000] {processor.py:183} INFO - Processing /home/airflow/.local/lib/python3.12/site-packages/airflow/example_dags/example_external_task_marker_dag.py took 0.043 seconds
[2026-03-02T13:39:10.169+0000] {processor.py:161} INFO - Started process (PID=374) to work on /home/airflow/.local/lib/python3.12/site-packages/airflow/example_dags/example_external_task_marker_dag.py
[2026-03-02T13:39:10.170+0000] {processor.py:830} INFO - Processing file /home/airflow/.local/lib/python3.12/site-packages/airflow/example_dags/example_external_task_marker_dag.py for tasks to queue
[2026-03-02T13:39:10.170+0000] {logging_mixin.py:188} INFO - [2026-03-02T13:39:10.170+0000] {dagbag.py:540} INFO - Filling up the DagBag from /home/airflow/.local/lib/python3.12/site-packages/airflow/example_dags/example_external_task_marker_dag.py
[2026-03-02T13:39:10.174+0000] {processor.py:840} INFO - DAG(s) 'example_external_task_marker_parent', 'example_external_task_marker_child' retrieved from /home/airflow/.local/lib/python3.12/site-packages/airflow/example_dags/example_external_task_marker_dag.py
[2026-03-02T13:39:10.188+0000] {logging_mixin.py:188} INFO - [2026-03-02T13:39:10.187+0000] {dag.py:3096} INFO - Sync 2 DAGs
[2026-03-02T13:39:10.194+0000] {logging_mixin.py:188} INFO - [2026-03-02T13:39:10.193+0000] {dag.py:3954} INFO - Setting next_dagrun for example_external_task_marker_child to None, run_after=None
[2026-03-02T13:39:10.195+0000] {logging_mixin.py:188} INFO - [2026-03-02T13:39:10.195+0000] {dag.py:3954} INFO - Setting next_dagrun for example_external_task_marker_parent to None, run_after=None
[2026-03-02T13:39:10.202+0000] {processor.py:183} INFO - Processing /home/airflow/.local/lib/python3.12/site-packages/airflow/example_dags/example_external_task_marker_dag.py took 0.038 seconds
[2026-03-02T13:39:40.682+0000] {processor.py:161} INFO - Started process (PID=432) to work on /home/airflow/.local/lib/python3.12/site-packages/airflow/example_dags/example_external_task_marker_dag.py
[2026-03-02T13:39:40.683+0000] {processor.py:830} INFO - Processing file /home/airflow/.local/lib/python3.12/site-packages/airflow/example_dags/example_external_task_marker_dag.py for tasks to queue
[2026-03-02T13:39:40.684+0000] {logging_mixin.py:188} INFO - [2026-03-02T13:39:40.683+0000] {dagbag.py:540} INFO - Filling up the DagBag from /home/airflow/.local/lib/python3.12/site-packages/airflow/example_dags/example_external_task_marker_dag.py
[2026-03-02T13:39:40.687+0000] {processor.py:840} INFO - DAG(s) 'example_external_task_marker_parent', 'example_external_task_marker_child' retrieved from /home/airflow/.local/lib/python3.12/site-packages/airflow/example_dags/example_external_task_marker_dag.py
[2026-03-02T13:39:40.696+0000] {logging_mixin.py:188} INFO - [2026-03-02T13:39:40.696+0000] {dag.py:3096} INFO - Sync 2 DAGs
[2026-03-02T13:39:40.701+0000] {logging_mixin.py:188} INFO - [2026-03-02T13:39:40.700+0000] {dag.py:3954} INFO - Setting next_dagrun for example_external_task_marker_child to None, run_after=None
[2026-03-02T13:39:40.702+0000] {logging_mixin.py:188} INFO - [2026-03-02T13:39:40.702+0000] {dag.py:3954} INFO - Setting next_dagrun for example_external_task_marker_parent to None, run_after=None
[2026-03-02T13:39:40.708+0000] {processor.py:183} INFO - Processing /home/airflow/.local/lib/python3.12/site-packages/airflow/example_dags/example_external_task_marker_dag.py took 0.029 seconds
[2026-03-02T13:40:11.077+0000] {processor.py:161} INFO - Started process (PID=490) to work on /home/airflow/.local/lib/python3.12/site-packages/airflow/example_dags/example_external_task_marker_dag.py
[2026-03-02T13:40:11.078+0000] {processor.py:830} INFO - Processing file /home/airflow/.local/lib/python3.12/site-packages/airflow/example_dags/example_external_task_marker_dag.py for tasks to queue
[2026-03-02T13:40:11.078+0000] {logging_mixin.py:188} INFO - [2026-03-02T13:40:11.078+0000] {dagbag.py:540} INFO - Filling up the DagBag from /home/airflow/.local/lib/python3.12/site-packages/airflow/example_dags/example_external_task_marker_dag.py
[2026-03-02T13:40:11.082+0000] {processor.py:840} INFO - DAG(s) 'example_external_task_marker_child', 'example_external_task_marker_parent' retrieved from /home/airflow/.local/lib/python3.12/site-packages/airflow/example_dags/example_external_task_marker_dag.py
[2026-03-02T13:40:11.092+0000] {logging_mixin.py:188} INFO - [2026-03-02T13:40:11.091+0000] {dag.py:3096} INFO - Sync 2 DAGs
[2026-03-02T13:40:11.097+0000] {logging_mixin.py:188} INFO - [2026-03-02T13:40:11.097+0000] {dag.py:3954} INFO - Setting next_dagrun for example_external_task_marker_child to None, run_after=None
[2026-03-02T13:40:11.099+0000] {logging_mixin.py:188} INFO - [2026-03-02T13:40:11.098+0000] {dag.py:3954} INFO - Setting next_dagrun for example_external_task_marker_parent to None, run_after=None
[2026-03-02T13:40:11.105+0000] {processor.py:183} INFO - Processing /home/airflow/.local/lib/python3.12/site-packages/airflow/example_dags/example_external_task_marker_dag.py took 0.030 seconds
[2026-03-02T13:40:41.380+0000] {processor.py:161} INFO - Started process (PID=548) to work on /home/airflow/.local/lib/python3.12/site-packages/airflow/example_dags/example_external_task_marker_dag.py
[2026-03-02T13:40:41.381+0000] {processor.py:830} INFO - Processing file /home/airflow/.local/lib/python3.12/site-packages/airflow/example_dags/example_external_task_marker_dag.py for tasks to queue
[2026-03-02T13:40:41.383+0000] {logging_mixin.py:188} INFO - [2026-03-02T13:40:41.382+0000] {dagbag.py:540} INFO - Filling up the DagBag from /home/airflow/.local/lib/python3.12/site-packages/airflow/example_dags/example_external_task_marker_dag.py
[2026-03-02T13:40:41.386+0000] {processor.py:840} INFO - DAG(s) 'example_external_task_marker_parent', 'example_external_task_marker_child' retrieved from /home/airflow/.local/lib/python3.12/site-packages/airflow/example_dags/example_external_task_marker_dag.py
[2026-03-02T13:40:41.398+0000] {logging_mixin.py:188} INFO - [2026-03-02T13:40:41.398+0000] {dag.py:3096} INFO - Sync 2 DAGs
[2026-03-02T13:40:41.404+0000] {logging_mixin.py:188} INFO - [2026-03-02T13:40:41.404+0000] {dag.py:3954} INFO - Setting next_dagrun for example_external_task_marker_child to None, run_after=None
[2026-03-02T13:40:41.406+0000] {logging_mixin.py:188} INFO - [2026-03-02T13:40:41.406+0000] {dag.py:3954} INFO - Setting next_dagrun for example_external_task_marker_parent to None, run_after=None
[2026-03-02T13:40:41.413+0000] {processor.py:183} INFO - Processing /home/airflow/.local/lib/python3.12/site-packages/airflow/example_dags/example_external_task_marker_dag.py took 0.036 seconds
[2026-03-02T13:41:11.864+0000] {processor.py:161} INFO - Started process (PID=606) to work on /home/airflow/.local/lib/python3.12/site-packages/airflow/example_dags/example_external_task_marker_dag.py
[2026-03-02T13:41:11.865+0000] {processor.py:830} INFO - Processing file /home/airflow/.local/lib/python3.12/site-packages/airflow/example_dags/example_external_task_marker_dag.py for tasks to queue
[2026-03-02T13:41:11.865+0000] {logging_mixin.py:188} INFO - [2026-03-02T13:41:11.865+0000] {dagbag.py:540} INFO - Filling up the DagBag from /home/airflow/.local/lib/python3.12/site-packages/airflow/example_dags/example_external_task_marker_dag.py
[2026-03-02T13:41:11.869+0000] {processor.py:840} INFO - DAG(s) 'example_external_task_marker_child', 'example_external_task_marker_parent' retrieved from /home/airflow/.local/lib/python3.12/site-packages/airflow/example_dags/example_external_task_marker_dag.py
[2026-03-02T13:41:11.879+0000] {logging_mixin.py:188} INFO - [2026-03-02T13:41:11.879+0000] {dag.py:3096} INFO - Sync 2 DAGs
[2026-03-02T13:41:11.887+0000] {logging_mixin.py:188} INFO - [2026-03-02T13:41:11.887+0000] {dag.py:3954} INFO - Setting next_dagrun for example_external_task_marker_child to None, run_after=None
[2026-03-02T13:41:11.888+0000] {logging_mixin.py:188} INFO - [2026-03-02T13:41:11.888+0000] {dag.py:3954} INFO - Setting next_dagrun for example_external_task_marker_parent to None, run_after=None
[2026-03-02T13:41:11.895+0000] {processor.py:183} INFO - Processing /home/airflow/.local/lib/python3.12/site-packages/airflow/example_dags/example_external_task_marker_dag.py took 0.033 seconds
[2026-03-02T13:41:41.906+0000] {processor.py:161} INFO - Started process (PID=664) to work on /home/airflow/.local/lib/python3.12/site-packages/airflow/example_dags/example_external_task_marker_dag.py
[2026-03-02T13:41:41.906+0000] {processor.py:830} INFO - Processing file /home/airflow/.local/lib/python3.12/site-packages/airflow/example_dags/example_external_task_marker_dag.py for tasks to queue
[2026-03-02T13:41:41.907+0000] {logging_mixin.py:188} INFO - [2026-03-02T13:41:41.907+0000] {dagbag.py:540} INFO - Filling up the DagBag from /home/airflow/.local/lib/python3.12/site-packages/airflow/example_dags/example_external_task_marker_dag.py
[2026-03-02T13:41:41.911+0000] {processor.py:840} INFO - DAG(s) 'example_external_task_marker_child', 'example_external_task_marker_parent' retrieved from /home/airflow/.local/lib/python3.12/site-packages/airflow/example_dags/example_external_task_marker_dag.py
[2026-03-02T13:41:41.922+0000] {logging_mixin.py:188} INFO - [2026-03-02T13:41:41.922+0000] {dag.py:3096} INFO - Sync 2 DAGs
[2026-03-02T13:41:41.928+0000] {logging_mixin.py:188} INFO - [2026-03-02T13:41:41.928+0000] {dag.py:3954} INFO - Setting next_dagrun for example_external_task_marker_child to None, run_after=None
[2026-03-02T13:41:41.930+0000] {logging_mixin.py:188} INFO - [2026-03-02T13:41:41.930+0000] {dag.py:3954} INFO - Setting next_dagrun for example_external_task_marker_parent to None, run_after=None
[2026-03-02T13:41:41.936+0000] {processor.py:183} INFO - Processing /home/airflow/.local/lib/python3.12/site-packages/airflow/example_dags/example_external_task_marker_dag.py took 0.033 seconds
[2026-03-02T13:42:12.251+0000] {processor.py:161} INFO - Started process (PID=722) to work on /home/airflow/.local/lib/python3.12/site-packages/airflow/example_dags/example_external_task_marker_dag.py
[2026-03-02T13:42:12.251+0000] {processor.py:830} INFO - Processing file /home/airflow/.local/lib/python3.12/site-packages/airflow/example_dags/example_external_task_marker_dag.py for tasks to queue
[2026-03-02T13:42:12.253+0000] {logging_mixin.py:188} INFO - [2026-03-02T13:42:12.253+0000] {dagbag.py:540} INFO - Filling up the DagBag from /home/airflow/.local/lib/python3.12/site-packages/airflow/example_dags/example_external_task_marker_dag.py
[2026-03-02T13:42:12.258+0000] {processor.py:840} INFO - DAG(s) 'example_external_task_marker_parent', 'example_external_task_marker_child' retrieved from /home/airflow/.local/lib/python3.12/site-packages/airflow/example_dags/example_external_task_marker_dag.py
[2026-03-02T13:42:12.270+0000] {logging_mixin.py:188} INFO - [2026-03-02T13:42:12.270+0000] {dag.py:3096} INFO - Sync 2 DAGs
[2026-03-02T13:42:12.277+0000] {logging_mixin.py:188} INFO - [2026-03-02T13:42:12.277+0000] {dag.py:3954} INFO - Setting next_dagrun for example_external_task_marker_child to None, run_after=None
[2026-03-02T13:42:12.283+0000] {logging_mixin.py:188} INFO - [2026-03-02T13:42:12.283+0000] {dag.py:3954} INFO - Setting next_dagrun for example_external_task_marker_parent to None, run_after=None
[2026-03-02T13:42:12.291+0000] {processor.py:183} INFO - Processing /home/airflow/.local/lib/python3.12/site-packages/airflow/example_dags/example_external_task_marker_dag.py took 0.046 seconds
[2026-03-02T13:42:43.055+0000] {processor.py:161} INFO - Started process (PID=780) to work on /home/airflow/.local/lib/python3.12/site-packages/airflow/example_dags/example_external_task_marker_dag.py
[2026-03-02T13:42:43.057+0000] {processor.py:830} INFO - Processing file /home/airflow/.local/lib/python3.12/site-packages/airflow/example_dags/example_external_task_marker_dag.py for tasks to queue
[2026-03-02T13:42:43.058+0000] {logging_mixin.py:188} INFO - [2026-03-02T13:42:43.057+0000] {dagbag.py:540} INFO - Filling up the DagBag from /home/airflow/.local/lib/python3.12/site-packages/airflow/example_dags/example_external_task_marker_dag.py
[2026-03-02T13:42:43.061+0000] {processor.py:840} INFO - DAG(s) 'example_external_task_marker_child', 'example_external_task_marker_parent' retrieved from /home/airflow/.local/lib/python3.12/site-packages/airflow/example_dags/example_external_task_marker_dag.py
[2026-03-02T13:42:43.071+0000] {logging_mixin.py:188} INFO - [2026-03-02T13:42:43.071+0000] {dag.py:3096} INFO - Sync 2 DAGs
[2026-03-02T13:42:43.077+0000] {logging_mixin.py:188} INFO - [2026-03-02T13:42:43.077+0000] {dag.py:3954} INFO - Setting next_dagrun for example_external_task_marker_child to None, run_after=None
[2026-03-02T13:42:43.079+0000] {logging_mixin.py:188} INFO - [2026-03-02T13:42:43.079+0000] {dag.py:3954} INFO - Setting next_dagrun for example_external_task_marker_parent to None, run_after=None
[2026-03-02T13:42:43.087+0000] {processor.py:183} INFO - Processing /home/airflow/.local/lib/python3.12/site-packages/airflow/example_dags/example_external_task_marker_dag.py took 0.034 seconds
[2026-03-02T13:43:13.672+0000] {processor.py:161} INFO - Started process (PID=838) to work on /home/airflow/.local/lib/python3.12/site-packages/airflow/example_dags/example_external_task_marker_dag.py
[2026-03-02T13:43:13.672+0000] {processor.py:830} INFO - Processing file /home/airflow/.local/lib/python3.12/site-packages/airflow/example_dags/example_external_task_marker_dag.py for tasks to queue
[2026-03-02T13:43:13.673+0000] {logging_mixin.py:188} INFO - [2026-03-02T13:43:13.673+0000] {dagbag.py:540} INFO - Filling up the DagBag from /home/airflow/.local/lib/python3.12/site-packages/airflow/example_dags/example_external_task_marker_dag.py
[2026-03-02T13:43:13.678+0000] {processor.py:840} INFO - DAG(s) 'example_external_task_marker_child', 'example_external_task_marker_parent' retrieved from /home/airflow/.local/lib/python3.12/site-packages/airflow/example_dags/example_external_task_marker_dag.py
[2026-03-02T13:43:13.698+0000] {logging_mixin.py:188} INFO - [2026-03-02T13:43:13.698+0000] {dag.py:3096} INFO - Sync 2 DAGs
[2026-03-02T13:43:13.720+0000] {logging_mixin.py:188} INFO - [2026-03-02T13:43:13.720+0000] {dag.py:3954} INFO - Setting next_dagrun for example_external_task_marker_child to None, run_after=None
[2026-03-02T13:43:13.728+0000] {logging_mixin.py:188} INFO - [2026-03-02T13:43:13.727+0000] {dag.py:3954} INFO - Setting next_dagrun for example_external_task_marker_parent to None, run_after=None
[2026-03-02T13:43:13.747+0000] {processor.py:183} INFO - Processing /home/airflow/.local/lib/python3.12/site-packages/airflow/example_dags/example_external_task_marker_dag.py took 0.081 seconds
[2026-03-02T13:43:44.058+0000] {processor.py:161} INFO - Started process (PID=896) to work on /home/airflow/.local/lib/python3.12/site-packages/airflow/example_dags/example_external_task_marker_dag.py
[2026-03-02T13:43:44.058+0000] {processor.py:830} INFO - Processing file /home/airflow/.local/lib/python3.12/site-packages/airflow/example_dags/example_external_task_marker_dag.py for tasks to queue
[2026-03-02T13:43:44.061+0000] {logging_mixin.py:188} INFO - [2026-03-02T13:43:44.060+0000] {dagbag.py:540} INFO - Filling up the DagBag from /home/airflow/.local/lib/python3.12/site-packages/airflow/example_dags/example_external_task_marker_dag.py
[2026-03-02T13:43:44.071+0000] {processor.py:840} INFO - DAG(s) 'example_external_task_marker_child', 'example_external_task_marker_parent' retrieved from /home/airflow/.local/lib/python3.12/site-packages/airflow/example_dags/example_external_task_marker_dag.py
[2026-03-02T13:43:44.092+0000] {logging_mixin.py:188} INFO - [2026-03-02T13:43:44.092+0000] {dag.py:3096} INFO - Sync 2 DAGs
[2026-03-02T13:43:44.101+0000] {logging_mixin.py:188} INFO - [2026-03-02T13:43:44.101+0000] {dag.py:3954} INFO - Setting next_dagrun for example_external_task_marker_child to None, run_after=None
[2026-03-02T13:43:44.106+0000] {logging_mixin.py:188} INFO - [2026-03-02T13:43:44.106+0000] {dag.py:3954} INFO - Setting next_dagrun for example_external_task_marker_parent to None, run_after=None
[2026-03-02T13:43:44.128+0000] {processor.py:183} INFO - Processing /home/airflow/.local/lib/python3.12/site-packages/airflow/example_dags/example_external_task_marker_dag.py took 0.078 seconds
[2026-03-02T13:44:14.748+0000] {processor.py:161} INFO - Started process (PID=954) to work on /home/airflow/.local/lib/python3.12/site-packages/airflow/example_dags/example_external_task_marker_dag.py
[2026-03-02T13:44:14.748+0000] {processor.py:830} INFO - Processing file /home/airflow/.local/lib/python3.12/site-packages/airflow/example_dags/example_external_task_marker_dag.py for tasks to queue
[2026-03-02T13:44:14.749+0000] {logging_mixin.py:188} INFO - [2026-03-02T13:44:14.749+0000] {dagbag.py:540} INFO - Filling up the DagBag from /home/airflow/.local/lib/python3.12/site-packages/airflow/example_dags/example_external_task_marker_dag.py
[2026-03-02T13:44:14.754+0000] {processor.py:840} INFO - DAG(s) 'example_external_task_marker_parent', 'example_external_task_marker_child' retrieved from /home/airflow/.local/lib/python3.12/site-packages/airflow/example_dags/example_external_task_marker_dag.py
[2026-03-02T13:44:14.769+0000] {logging_mixin.py:188} INFO - [2026-03-02T13:44:14.769+0000] {dag.py:3096} INFO - Sync 2 DAGs
[2026-03-02T13:44:14.775+0000] {logging_mixin.py:188} INFO - [2026-03-02T13:44:14.775+0000] {dag.py:3954} INFO - Setting next_dagrun for example_external_task_marker_child to None, run_after=None
[2026-03-02T13:44:14.777+0000] {logging_mixin.py:188} INFO - [2026-03-02T13:44:14.777+0000] {dag.py:3954} INFO - Setting next_dagrun for example_external_task_marker_parent to None, run_after=None
[2026-03-02T13:44:14.785+0000] {processor.py:183} INFO - Processing /home/airflow/.local/lib/python3.12/site-packages/airflow/example_dags/example_external_task_marker_dag.py took 0.042 seconds
[2026-03-02T13:44:45.791+0000] {processor.py:161} INFO - Started process (PID=1011) to work on /home/airflow/.local/lib/python3.12/site-packages/airflow/example_dags/example_external_task_marker_dag.py
[2026-03-02T13:44:45.793+0000] {processor.py:830} INFO - Processing file /home/airflow/.local/lib/python3.12/site-packages/airflow/example_dags/example_external_task_marker_dag.py for tasks to queue
[2026-03-02T13:44:45.794+0000] {logging_mixin.py:188} INFO - [2026-03-02T13:44:45.794+0000] {dagbag.py:540} INFO - Filling up the DagBag from /home/airflow/.local/lib/python3.12/site-packages/airflow/example_dags/example_external_task_marker_dag.py
[2026-03-02T13:44:45.797+0000] {processor.py:840} INFO - DAG(s) 'example_external_task_marker_parent', 'example_external_task_marker_child' retrieved from /home/airflow/.local/lib/python3.12/site-packages/airflow/example_dags/example_external_task_marker_dag.py
[2026-03-02T13:44:45.806+0000] {logging_mixin.py:188} INFO - [2026-03-02T13:44:45.806+0000] {dag.py:3096} INFO - Sync 2 DAGs
[2026-03-02T13:44:45.811+0000] {logging_mixin.py:188} INFO - [2026-03-02T13:44:45.811+0000] {dag.py:3954} INFO - Setting next_dagrun for example_external_task_marker_child to None, run_after=None
[2026-03-02T13:44:45.812+0000] {logging_mixin.py:188} INFO - [2026-03-02T13:44:45.812+0000] {dag.py:3954} INFO - Setting next_dagrun for example_external_task_marker_parent to None, run_after=None
[2026-03-02T13:44:45.818+0000] {processor.py:183} INFO - Processing /home/airflow/.local/lib/python3.12/site-packages/airflow/example_dags/example_external_task_marker_dag.py took 0.030 seconds
[2026-03-02T13:45:15.938+0000] {processor.py:161} INFO - Started process (PID=1069) to work on /home/airflow/.local/lib/python3.12/site-packages/airflow/example_dags/example_external_task_marker_dag.py
[2026-03-02T13:45:15.939+0000] {processor.py:830} INFO - Processing file /home/airflow/.local/lib/python3.12/site-packages/airflow/example_dags/example_external_task_marker_dag.py for tasks to queue
[2026-03-02T13:45:15.939+0000] {logging_mixin.py:188} INFO - [2026-03-02T13:45:15.939+0000] {dagbag.py:540} INFO - Filling up the DagBag from /home/airflow/.local/lib/python3.12/site-packages/airflow/example_dags/example_external_task_marker_dag.py
[2026-03-02T13:45:15.943+0000] {processor.py:840} INFO - DAG(s) 'example_external_task_marker_child', 'example_external_task_marker_parent' retrieved from /home/airflow/.local/lib/python3.12/site-packages/airflow/example_dags/example_external_task_marker_dag.py
[2026-03-02T13:45:15.956+0000] {logging_mixin.py:188} INFO - [2026-03-02T13:45:15.956+0000] {dag.py:3096} INFO - Sync 2 DAGs
[2026-03-02T13:45:15.961+0000] {logging_mixin.py:188} INFO - [2026-03-02T13:45:15.961+0000] {dag.py:3954} INFO - Setting next_dagrun for example_external_task_marker_child to None, run_after=None
[2026-03-02T13:45:15.962+0000] {logging_mixin.py:188} INFO - [2026-03-02T13:45:15.962+0000] {dag.py:3954} INFO - Setting next_dagrun for example_external_task_marker_parent to None, run_after=None
[2026-03-02T13:45:15.969+0000] {processor.py:183} INFO - Processing /home/airflow/.local/lib/python3.12/site-packages/airflow/example_dags/example_external_task_marker_dag.py took 0.034 seconds
[2026-03-02T13:45:46.872+0000] {processor.py:161} INFO - Started process (PID=1127) to work on /home/airflow/.local/lib/python3.12/site-packages/airflow/example_dags/example_external_task_marker_dag.py
[2026-03-02T13:45:46.872+0000] {processor.py:830} INFO - Processing file /home/airflow/.local/lib/python3.12/site-packages/airflow/example_dags/example_external_task_marker_dag.py for tasks to queue
[2026-03-02T13:45:46.873+0000] {logging_mixin.py:188} INFO - [2026-03-02T13:45:46.873+0000] {dagbag.py:540} INFO - Filling up the DagBag from /home/airflow/.local/lib/python3.12/site-packages/airflow/example_dags/example_external_task_marker_dag.py
[2026-03-02T13:45:46.877+0000] {processor.py:840} INFO - DAG(s) 'example_external_task_marker_parent', 'example_external_task_marker_child' retrieved from /home/airflow/.local/lib/python3.12/site-packages/airflow/example_dags/example_external_task_marker_dag.py
[2026-03-02T13:45:46.891+0000] {logging_mixin.py:188} INFO - [2026-03-02T13:45:46.891+0000] {dag.py:3096} INFO - Sync 2 DAGs
[2026-03-02T13:45:46.897+0000] {logging_mixin.py:188} INFO - [2026-03-02T13:45:46.897+0000] {dag.py:3954} INFO - Setting next_dagrun for example_external_task_marker_child to None, run_after=None
[2026-03-02T13:45:46.899+0000] {logging_mixin.py:188} INFO - [2026-03-02T13:45:46.899+0000] {dag.py:3954} INFO - Setting next_dagrun for example_external_task_marker_parent to None, run_after=None
[2026-03-02T13:45:46.906+0000] {processor.py:183} INFO - Processing /home/airflow/.local/lib/python3.12/site-packages/airflow/example_dags/example_external_task_marker_dag.py took 0.038 seconds
[2026-03-02T13:46:17.858+0000] {processor.py:161} INFO - Started process (PID=1185) to work on /home/airflow/.local/lib/python3.12/site-packages/airflow/example_dags/example_external_task_marker_dag.py
[2026-03-02T13:46:17.859+0000] {processor.py:830} INFO - Processing file /home/airflow/.local/lib/python3.12/site-packages/airflow/example_dags/example_external_task_marker_dag.py for tasks to queue
[2026-03-02T13:46:17.861+0000] {logging_mixin.py:188} INFO - [2026-03-02T13:46:17.861+0000] {dagbag.py:540} INFO - Filling up the DagBag from /home/airflow/.local/lib/python3.12/site-packages/airflow/example_dags/example_external_task_marker_dag.py
[2026-03-02T13:46:17.866+0000] {processor.py:840} INFO - DAG(s) 'example_external_task_marker_parent', 'example_external_task_marker_child' retrieved from /home/airflow/.local/lib/python3.12/site-packages/airflow/example_dags/example_external_task_marker_dag.py
[2026-03-02T13:46:17.881+0000] {logging_mixin.py:188} INFO - [2026-03-02T13:46:17.881+0000] {dag.py:3096} INFO - Sync 2 DAGs
[2026-03-02T13:46:17.888+0000] {logging_mixin.py:188} INFO - [2026-03-02T13:46:17.888+0000] {dag.py:3954} INFO - Setting next_dagrun for example_external_task_marker_child to None, run_after=None
[2026-03-02T13:46:17.890+0000] {logging_mixin.py:188} INFO - [2026-03-02T13:46:17.890+0000] {dag.py:3954} INFO - Setting next_dagrun for example_external_task_marker_parent to None, run_after=None
[2026-03-02T13:46:17.898+0000] {processor.py:183} INFO - Processing /home/airflow/.local/lib/python3.12/site-packages/airflow/example_dags/example_external_task_marker_dag.py took 0.044 seconds
[2026-03-02T13:46:48.212+0000] {processor.py:161} INFO - Started process (PID=1243) to work on /home/airflow/.local/lib/python3.12/site-packages/airflow/example_dags/example_external_task_marker_dag.py
[2026-03-02T13:46:48.215+0000] {processor.py:830} INFO - Processing file /home/airflow/.local/lib/python3.12/site-packages/airflow/example_dags/example_external_task_marker_dag.py for tasks to queue
[2026-03-02T13:46:48.216+0000] {logging_mixin.py:188} INFO - [2026-03-02T13:46:48.216+0000] {dagbag.py:540} INFO - Filling up the DagBag from /home/airflow/.local/lib/python3.12/site-packages/airflow/example_dags/example_external_task_marker_dag.py
[2026-03-02T13:46:48.224+0000] {processor.py:840} INFO - DAG(s) 'example_external_task_marker_child', 'example_external_task_marker_parent' retrieved from /home/airflow/.local/lib/python3.12/site-packages/airflow/example_dags/example_external_task_marker_dag.py
[2026-03-02T13:46:48.256+0000] {logging_mixin.py:188} INFO - [2026-03-02T13:46:48.256+0000] {dag.py:3096} INFO - Sync 2 DAGs
[2026-03-02T13:46:48.266+0000] {logging_mixin.py:188} INFO - [2026-03-02T13:46:48.265+0000] {dag.py:3954} INFO - Setting next_dagrun for example_external_task_marker_child to None, run_after=None
[2026-03-02T13:46:48.276+0000] {logging_mixin.py:188} INFO - [2026-03-02T13:46:48.276+0000] {dag.py:3954} INFO - Setting next_dagrun for example_external_task_marker_parent to None, run_after=None
[2026-03-02T13:46:48.299+0000] {processor.py:183} INFO - Processing /home/airflow/.local/lib/python3.12/site-packages/airflow/example_dags/example_external_task_marker_dag.py took 0.090 seconds
[2026-03-02T13:47:18.768+0000] {processor.py:161} INFO - Started process (PID=1301) to work on /home/airflow/.local/lib/python3.12/site-packages/airflow/example_dags/example_external_task_marker_dag.py
[2026-03-02T13:47:18.768+0000] {processor.py:830} INFO - Processing file /home/airflow/.local/lib/python3.12/site-packages/airflow/example_dags/example_external_task_marker_dag.py for tasks to queue
[2026-03-02T13:47:18.772+0000] {logging_mixin.py:188} INFO - [2026-03-02T13:47:18.772+0000] {dagbag.py:540} INFO - Filling up the DagBag from /home/airflow/.local/lib/python3.12/site-packages/airflow/example_dags/example_external_task_marker_dag.py
[2026-03-02T13:47:18.776+0000] {processor.py:840} INFO - DAG(s) 'example_external_task_marker_child', 'example_external_task_marker_parent' retrieved from /home/airflow/.local/lib/python3.12/site-packages/airflow/example_dags/example_external_task_marker_dag.py
[2026-03-02T13:47:18.790+0000] {logging_mixin.py:188} INFO - [2026-03-02T13:47:18.790+0000] {dag.py:3096} INFO - Sync 2 DAGs
[2026-03-02T13:47:18.799+0000] {logging_mixin.py:188} INFO - [2026-03-02T13:47:18.799+0000] {dag.py:3954} INFO - Setting next_dagrun for example_external_task_marker_child to None, run_after=None
[2026-03-02T13:47:18.801+0000] {logging_mixin.py:188} INFO - [2026-03-02T13:47:18.801+0000] {dag.py:3954} INFO - Setting next_dagrun for example_external_task_marker_parent to None, run_after=None
[2026-03-02T13:47:18.813+0000] {processor.py:183} INFO - Processing /home/airflow/.local/lib/python3.12/site-packages/airflow/example_dags/example_external_task_marker_dag.py took 0.050 seconds
[2026-03-02T13:47:49.448+0000] {processor.py:161} INFO - Started process (PID=1359) to work on /home/airflow/.local/lib/python3.12/site-packages/airflow/example_dags/example_external_task_marker_dag.py
[2026-03-02T13:47:49.449+0000] {processor.py:830} INFO - Processing file /home/airflow/.local/lib/python3.12/site-packages/airflow/example_dags/example_external_task_marker_dag.py for tasks to queue
[2026-03-02T13:47:49.451+0000] {logging_mixin.py:188} INFO - [2026-03-02T13:47:49.450+0000] {dagbag.py:540} INFO - Filling up the DagBag from /home/airflow/.local/lib/python3.12/site-packages/airflow/example_dags/example_external_task_marker_dag.py
[2026-03-02T13:47:49.454+0000] {processor.py:840} INFO - DAG(s) 'example_external_task_marker_parent', 'example_external_task_marker_child' retrieved from /home/airflow/.local/lib/python3.12/site-packages/airflow/example_dags/example_external_task_marker_dag.py
[2026-03-02T13:47:49.471+0000] {logging_mixin.py:188} INFO - [2026-03-02T13:47:49.471+0000] {dag.py:3096} INFO - Sync 2 DAGs
[2026-03-02T13:47:49.484+0000] {logging_mixin.py:188} INFO - [2026-03-02T13:47:49.484+0000] {dag.py:3954} INFO - Setting next_dagrun for example_external_task_marker_child to None, run_after=None
[2026-03-02T13:47:49.488+0000] {logging_mixin.py:188} INFO - [2026-03-02T13:47:49.488+0000] {dag.py:3954} INFO - Setting next_dagrun for example_external_task_marker_parent to None, run_after=None
[2026-03-02T13:47:49.507+0000] {processor.py:183} INFO - Processing /home/airflow/.local/lib/python3.12/site-packages/airflow/example_dags/example_external_task_marker_dag.py took 0.062 seconds
[2026-03-02T13:48:19.553+0000] {processor.py:161} INFO - Started process (PID=1417) to work on /home/airflow/.local/lib/python3.12/site-packages/airflow/example_dags/example_external_task_marker_dag.py
[2026-03-02T13:48:19.554+0000] {processor.py:830} INFO - Processing file /home/airflow/.local/lib/python3.12/site-packages/airflow/example_dags/example_external_task_marker_dag.py for tasks to queue
[2026-03-02T13:48:19.556+0000] {logging_mixin.py:188} INFO - [2026-03-02T13:48:19.555+0000] {dagbag.py:540} INFO - Filling up the DagBag from /home/airflow/.local/lib/python3.12/site-packages/airflow/example_dags/example_external_task_marker_dag.py
[2026-03-02T13:48:19.559+0000] {processor.py:840} INFO - DAG(s) 'example_external_task_marker_parent', 'example_external_task_marker_child' retrieved from /home/airflow/.local/lib/python3.12/site-packages/airflow/example_dags/example_external_task_marker_dag.py
[2026-03-02T13:48:19.574+0000] {logging_mixin.py:188} INFO - [2026-03-02T13:48:19.573+0000] {dag.py:3096} INFO - Sync 2 DAGs
[2026-03-02T13:48:19.580+0000] {logging_mixin.py:188} INFO - [2026-03-02T13:48:19.580+0000] {dag.py:3954} INFO - Setting next_dagrun for example_external_task_marker_child to None, run_after=None
[2026-03-02T13:48:19.583+0000] {logging_mixin.py:188} INFO - [2026-03-02T13:48:19.583+0000] {dag.py:3954} INFO - Setting next_dagrun for example_external_task_marker_parent to None, run_after=None
[2026-03-02T13:48:19.592+0000] {processor.py:183} INFO - Processing /home/airflow/.local/lib/python3.12/site-packages/airflow/example_dags/example_external_task_marker_dag.py took 0.041 seconds
[2026-03-02T13:48:51.102+0000] {processor.py:161} INFO - Started process (PID=1475) to work on /home/airflow/.local/lib/python3.12/site-packages/airflow/example_dags/example_external_task_marker_dag.py
[2026-03-02T13:48:51.103+0000] {processor.py:830} INFO - Processing file /home/airflow/.local/lib/python3.12/site-packages/airflow/example_dags/example_external_task_marker_dag.py for tasks to queue
[2026-03-02T13:48:51.104+0000] {logging_mixin.py:188} INFO - [2026-03-02T13:48:51.104+0000] {dagbag.py:540} INFO - Filling up the DagBag from /home/airflow/.local/lib/python3.12/site-packages/airflow/example_dags/example_external_task_marker_dag.py
[2026-03-02T13:48:51.108+0000] {processor.py:840} INFO - DAG(s) 'example_external_task_marker_child', 'example_external_task_marker_parent' retrieved from /home/airflow/.local/lib/python3.12/site-packages/airflow/example_dags/example_external_task_marker_dag.py
[2026-03-02T13:48:51.125+0000] {logging_mixin.py:188} INFO - [2026-03-02T13:48:51.124+0000] {dag.py:3096} INFO - Sync 2 DAGs
[2026-03-02T13:48:51.136+0000] {logging_mixin.py:188} INFO - [2026-03-02T13:48:51.136+0000] {dag.py:3954} INFO - Setting next_dagrun for example_external_task_marker_child to None, run_after=None
[2026-03-02T13:48:51.140+0000] {logging_mixin.py:188} INFO - [2026-03-02T13:48:51.140+0000] {dag.py:3954} INFO - Setting next_dagrun for example_external_task_marker_parent to None, run_after=None
[2026-03-02T13:48:51.171+0000] {processor.py:183} INFO - Processing /home/airflow/.local/lib/python3.12/site-packages/airflow/example_dags/example_external_task_marker_dag.py took 0.077 seconds
[2026-03-02T13:49:21.580+0000] {processor.py:161} INFO - Started process (PID=1533) to work on /home/airflow/.local/lib/python3.12/site-packages/airflow/example_dags/example_external_task_marker_dag.py
[2026-03-02T13:49:21.581+0000] {processor.py:830} INFO - Processing file /home/airflow/.local/lib/python3.12/site-packages/airflow/example_dags/example_external_task_marker_dag.py for tasks to queue
[2026-03-02T13:49:21.584+0000] {logging_mixin.py:188} INFO - [2026-03-02T13:49:21.584+0000] {dagbag.py:540} INFO - Filling up the DagBag from /home/airflow/.local/lib/python3.12/site-packages/airflow/example_dags/example_external_task_marker_dag.py
[2026-03-02T13:49:21.590+0000] {processor.py:840} INFO - DAG(s) 'example_external_task_marker_child', 'example_external_task_marker_parent' retrieved from /home/airflow/.local/lib/python3.12/site-packages/airflow/example_dags/example_external_task_marker_dag.py
[2026-03-02T13:49:21.604+0000] {logging_mixin.py:188} INFO - [2026-03-02T13:49:21.604+0000] {dag.py:3096} INFO - Sync 2 DAGs
[2026-03-02T13:49:21.611+0000] {logging_mixin.py:188} INFO - [2026-03-02T13:49:21.611+0000] {dag.py:3954} INFO - Setting next_dagrun for example_external_task_marker_child to None, run_after=None
[2026-03-02T13:49:21.614+0000] {logging_mixin.py:188} INFO - [2026-03-02T13:49:21.614+0000] {dag.py:3954} INFO - Setting next_dagrun for example_external_task_marker_parent to None, run_after=None
[2026-03-02T13:49:21.622+0000] {processor.py:183} INFO - Processing /home/airflow/.local/lib/python3.12/site-packages/airflow/example_dags/example_external_task_marker_dag.py took 0.046 seconds
[2026-03-02T13:49:51.992+0000] {processor.py:161} INFO - Started process (PID=1591) to work on /home/airflow/.local/lib/python3.12/site-packages/airflow/example_dags/example_external_task_marker_dag.py
[2026-03-02T13:49:51.995+0000] {processor.py:830} INFO - Processing file /home/airflow/.local/lib/python3.12/site-packages/airflow/example_dags/example_external_task_marker_dag.py for tasks to queue
[2026-03-02T13:49:51.997+0000] {logging_mixin.py:188} INFO - [2026-03-02T13:49:51.997+0000] {dagbag.py:540} INFO - Filling up the DagBag from /home/airflow/.local/lib/python3.12/site-packages/airflow/example_dags/example_external_task_marker_dag.py
[2026-03-02T13:49:52.001+0000] {processor.py:840} INFO - DAG(s) 'example_external_task_marker_parent', 'example_external_task_marker_child' retrieved from /home/airflow/.local/lib/python3.12/site-packages/airflow/example_dags/example_external_task_marker_dag.py
[2026-03-02T13:49:52.015+0000] {logging_mixin.py:188} INFO - [2026-03-02T13:49:52.015+0000] {dag.py:3096} INFO - Sync 2 DAGs
[2026-03-02T13:49:52.023+0000] {logging_mixin.py:188} INFO - [2026-03-02T13:49:52.023+0000] {dag.py:3954} INFO - Setting next_dagrun for example_external_task_marker_child to None, run_after=None
[2026-03-02T13:49:52.025+0000] {logging_mixin.py:188} INFO - [2026-03-02T13:49:52.025+0000] {dag.py:3954} INFO - Setting next_dagrun for example_external_task_marker_parent to None, run_after=None
[2026-03-02T13:49:52.033+0000] {processor.py:183} INFO - Processing /home/airflow/.local/lib/python3.12/site-packages/airflow/example_dags/example_external_task_marker_dag.py took 0.044 seconds
[2026-03-02T13:50:22.311+0000] {processor.py:161} INFO - Started process (PID=1649) to work on /home/airflow/.local/lib/python3.12/site-packages/airflow/example_dags/example_external_task_marker_dag.py
[2026-03-02T13:50:22.311+0000] {processor.py:830} INFO - Processing file /home/airflow/.local/lib/python3.12/site-packages/airflow/example_dags/example_external_task_marker_dag.py for tasks to queue
[2026-03-02T13:50:22.312+0000] {logging_mixin.py:188} INFO - [2026-03-02T13:50:22.312+0000] {dagbag.py:540} INFO - Filling up the DagBag from /home/airflow/.local/lib/python3.12/site-packages/airflow/example_dags/example_external_task_marker_dag.py
[2026-03-02T13:50:22.316+0000] {processor.py:840} INFO - DAG(s) 'example_external_task_marker_parent', 'example_external_task_marker_child' retrieved from /home/airflow/.local/lib/python3.12/site-packages/airflow/example_dags/example_external_task_marker_dag.py
[2026-03-02T13:50:22.329+0000] {logging_mixin.py:188} INFO - [2026-03-02T13:50:22.329+0000] {dag.py:3096} INFO - Sync 2 DAGs
[2026-03-02T13:50:22.337+0000] {logging_mixin.py:188} INFO - [2026-03-02T13:50:22.337+0000] {dag.py:3954} INFO - Setting next_dagrun for example_external_task_marker_child to None, run_after=None
[2026-03-02T13:50:22.340+0000] {logging_mixin.py:188} INFO - [2026-03-02T13:50:22.340+0000] {dag.py:3954} INFO - Setting next_dagrun for example_external_task_marker_parent to None, run_after=None
[2026-03-02T13:50:22.353+0000] {processor.py:183} INFO - Processing /home/airflow/.local/lib/python3.12/site-packages/airflow/example_dags/example_external_task_marker_dag.py took 0.045 seconds
[2026-03-02T13:50:53.114+0000] {processor.py:161} INFO - Started process (PID=1707) to work on /home/airflow/.local/lib/python3.12/site-packages/airflow/example_dags/example_external_task_marker_dag.py
[2026-03-02T13:50:53.115+0000] {processor.py:830} INFO - Processing file /home/airflow/.local/lib/python3.12/site-packages/airflow/example_dags/example_external_task_marker_dag.py for tasks to queue
[2026-03-02T13:50:53.116+0000] {logging_mixin.py:188} INFO - [2026-03-02T13:50:53.115+0000] {dagbag.py:540} INFO - Filling up the DagBag from /home/airflow/.local/lib/python3.12/site-packages/airflow/example_dags/example_external_task_marker_dag.py
[2026-03-02T13:50:53.120+0000] {processor.py:840} INFO - DAG(s) 'example_external_task_marker_child', 'example_external_task_marker_parent' retrieved from /home/airflow/.local/lib/python3.12/site-packages/airflow/example_dags/example_external_task_marker_dag.py
[2026-03-02T13:50:53.136+0000] {logging_mixin.py:188} INFO - [2026-03-02T13:50:53.136+0000] {dag.py:3096} INFO - Sync 2 DAGs
[2026-03-02T13:50:53.149+0000] {logging_mixin.py:188} INFO - [2026-03-02T13:50:53.148+0000] {dag.py:3954} INFO - Setting next_dagrun for example_external_task_marker_child to None, run_after=None
[2026-03-02T13:50:53.154+0000] {logging_mixin.py:188} INFO - [2026-03-02T13:50:53.154+0000] {dag.py:3954} INFO - Setting next_dagrun for example_external_task_marker_parent to None, run_after=None
[2026-03-02T13:50:53.168+0000] {processor.py:183} INFO - Processing /home/airflow/.local/lib/python3.12/site-packages/airflow/example_dags/example_external_task_marker_dag.py took 0.058 seconds
[2026-03-02T13:51:23.501+0000] {processor.py:161} INFO - Started process (PID=1765) to work on /home/airflow/.local/lib/python3.12/site-packages/airflow/example_dags/example_external_task_marker_dag.py
[2026-03-02T13:51:23.505+0000] {processor.py:830} INFO - Processing file /home/airflow/.local/lib/python3.12/site-packages/airflow/example_dags/example_external_task_marker_dag.py for tasks to queue
[2026-03-02T13:51:23.506+0000] {logging_mixin.py:188} INFO - [2026-03-02T13:51:23.506+0000] {dagbag.py:540} INFO - Filling up the DagBag from /home/airflow/.local/lib/python3.12/site-packages/airflow/example_dags/example_external_task_marker_dag.py
[2026-03-02T13:51:23.511+0000] {processor.py:840} INFO - DAG(s) 'example_external_task_marker_child', 'example_external_task_marker_parent' retrieved from /home/airflow/.local/lib/python3.12/site-packages/airflow/example_dags/example_external_task_marker_dag.py
[2026-03-02T13:51:23.529+0000] {logging_mixin.py:188} INFO - [2026-03-02T13:51:23.528+0000] {dag.py:3096} INFO - Sync 2 DAGs
[2026-03-02T13:51:23.537+0000] {logging_mixin.py:188} INFO - [2026-03-02T13:51:23.537+0000] {dag.py:3954} INFO - Setting next_dagrun for example_external_task_marker_child to None, run_after=None
[2026-03-02T13:51:23.539+0000] {logging_mixin.py:188} INFO - [2026-03-02T13:51:23.539+0000] {dag.py:3954} INFO - Setting next_dagrun for example_external_task_marker_parent to None, run_after=None
[2026-03-02T13:51:23.560+0000] {processor.py:183} INFO - Processing /home/airflow/.local/lib/python3.12/site-packages/airflow/example_dags/example_external_task_marker_dag.py took 0.063 seconds
[2026-03-02T13:51:54.494+0000] {processor.py:161} INFO - Started process (PID=1823) to work on /home/airflow/.local/lib/python3.12/site-packages/airflow/example_dags/example_external_task_marker_dag.py
[2026-03-02T13:51:54.495+0000] {processor.py:830} INFO - Processing file /home/airflow/.local/lib/python3.12/site-packages/airflow/example_dags/example_external_task_marker_dag.py for tasks to queue
[2026-03-02T13:51:54.496+0000] {logging_mixin.py:188} INFO - [2026-03-02T13:51:54.495+0000] {dagbag.py:540} INFO - Filling up the DagBag from /home/airflow/.local/lib/python3.12/site-packages/airflow/example_dags/example_external_task_marker_dag.py
[2026-03-02T13:51:54.501+0000] {processor.py:840} INFO - DAG(s) 'example_external_task_marker_child', 'example_external_task_marker_parent' retrieved from /home/airflow/.local/lib/python3.12/site-packages/airflow/example_dags/example_external_task_marker_dag.py
[2026-03-02T13:51:54.516+0000] {logging_mixin.py:188} INFO - [2026-03-02T13:51:54.515+0000] {dag.py:3096} INFO - Sync 2 DAGs
[2026-03-02T13:51:54.524+0000] {logging_mixin.py:188} INFO - [2026-03-02T13:51:54.524+0000] {dag.py:3954} INFO - Setting next_dagrun for example_external_task_marker_child to None, run_after=None
[2026-03-02T13:51:54.529+0000] {logging_mixin.py:188} INFO - [2026-03-02T13:51:54.529+0000] {dag.py:3954} INFO - Setting next_dagrun for example_external_task_marker_parent to None, run_after=None
[2026-03-02T13:51:54.541+0000] {processor.py:183} INFO - Processing /home/airflow/.local/lib/python3.12/site-packages/airflow/example_dags/example_external_task_marker_dag.py took 0.050 seconds
[2026-03-02T13:52:25.291+0000] {processor.py:161} INFO - Started process (PID=1881) to work on /home/airflow/.local/lib/python3.12/site-packages/airflow/example_dags/example_external_task_marker_dag.py
[2026-03-02T13:52:25.293+0000] {processor.py:830} INFO - Processing file /home/airflow/.local/lib/python3.12/site-packages/airflow/example_dags/example_external_task_marker_dag.py for tasks to queue
[2026-03-02T13:52:25.295+0000] {logging_mixin.py:188} INFO - [2026-03-02T13:52:25.295+0000] {dagbag.py:540} INFO - Filling up the DagBag from /home/airflow/.local/lib/python3.12/site-packages/airflow/example_dags/example_external_task_marker_dag.py
[2026-03-02T13:52:25.299+0000] {processor.py:840} INFO - DAG(s) 'example_external_task_marker_child', 'example_external_task_marker_parent' retrieved from /home/airflow/.local/lib/python3.12/site-packages/airflow/example_dags/example_external_task_marker_dag.py
[2026-03-02T13:52:25.327+0000] {logging_mixin.py:188} INFO - [2026-03-02T13:52:25.326+0000] {dag.py:3096} INFO - Sync 2 DAGs
[2026-03-02T13:52:25.345+0000] {logging_mixin.py:188} INFO - [2026-03-02T13:52:25.345+0000] {dag.py:3954} INFO - Setting next_dagrun for example_external_task_marker_child to None, run_after=None
[2026-03-02T13:52:25.352+0000] {logging_mixin.py:188} INFO - [2026-03-02T13:52:25.352+0000] {dag.py:3954} INFO - Setting next_dagrun for example_external_task_marker_parent to None, run_after=None
[2026-03-02T13:52:25.370+0000] {processor.py:183} INFO - Processing /home/airflow/.local/lib/python3.12/site-packages/airflow/example_dags/example_external_task_marker_dag.py took 0.082 seconds
[2026-03-02T13:52:56.269+0000] {processor.py:161} INFO - Started process (PID=1939) to work on /home/airflow/.local/lib/python3.12/site-packages/airflow/example_dags/example_external_task_marker_dag.py
[2026-03-02T13:52:56.269+0000] {processor.py:830} INFO - Processing file /home/airflow/.local/lib/python3.12/site-packages/airflow/example_dags/example_external_task_marker_dag.py for tasks to queue
[2026-03-02T13:52:56.271+0000] {logging_mixin.py:188} INFO - [2026-03-02T13:52:56.271+0000] {dagbag.py:540} INFO - Filling up the DagBag from /home/airflow/.local/lib/python3.12/site-packages/airflow/example_dags/example_external_task_marker_dag.py
[2026-03-02T13:52:56.275+0000] {processor.py:840} INFO - DAG(s) 'example_external_task_marker_child', 'example_external_task_marker_parent' retrieved from /home/airflow/.local/lib/python3.12/site-packages/airflow/example_dags/example_external_task_marker_dag.py
[2026-03-02T13:52:56.291+0000] {logging_mixin.py:188} INFO - [2026-03-02T13:52:56.290+0000] {dag.py:3096} INFO - Sync 2 DAGs
[2026-03-02T13:52:56.303+0000] {logging_mixin.py:188} INFO - [2026-03-02T13:52:56.303+0000] {dag.py:3954} INFO - Setting next_dagrun for example_external_task_marker_child to None, run_after=None
[2026-03-02T13:52:56.305+0000] {logging_mixin.py:188} INFO - [2026-03-02T13:52:56.305+0000] {dag.py:3954} INFO - Setting next_dagrun for example_external_task_marker_parent to None, run_after=None
[2026-03-02T13:52:56.314+0000] {processor.py:183} INFO - Processing /home/airflow/.local/lib/python3.12/site-packages/airflow/example_dags/example_external_task_marker_dag.py took 0.052 seconds
[2026-03-02T13:53:26.858+0000] {processor.py:161} INFO - Started process (PID=1997) to work on /home/airflow/.local/lib/python3.12/site-packages/airflow/example_dags/example_external_task_marker_dag.py
[2026-03-02T13:53:26.858+0000] {processor.py:830} INFO - Processing file /home/airflow/.local/lib/python3.12/site-packages/airflow/example_dags/example_external_task_marker_dag.py for tasks to queue
[2026-03-02T13:53:26.860+0000] {logging_mixin.py:188} INFO - [2026-03-02T13:53:26.859+0000] {dagbag.py:540} INFO - Filling up the DagBag from /home/airflow/.local/lib/python3.12/site-packages/airflow/example_dags/example_external_task_marker_dag.py
[2026-03-02T13:53:26.864+0000] {processor.py:840} INFO - DAG(s) 'example_external_task_marker_parent', 'example_external_task_marker_child' retrieved from /home/airflow/.local/lib/python3.12/site-packages/airflow/example_dags/example_external_task_marker_dag.py
[2026-03-02T13:53:26.896+0000] {logging_mixin.py:188} INFO - [2026-03-02T13:53:26.896+0000] {dag.py:3096} INFO - Sync 2 DAGs
[2026-03-02T13:53:26.911+0000] {logging_mixin.py:188} INFO - [2026-03-02T13:53:26.911+0000] {dag.py:3954} INFO - Setting next_dagrun for example_external_task_marker_child to None, run_after=None
[2026-03-02T13:53:26.922+0000] {logging_mixin.py:188} INFO - [2026-03-02T13:53:26.921+0000] {dag.py:3954} INFO - Setting next_dagrun for example_external_task_marker_parent to None, run_after=None
[2026-03-02T13:53:26.941+0000] {processor.py:183} INFO - Processing /home/airflow/.local/lib/python3.12/site-packages/airflow/example_dags/example_external_task_marker_dag.py took 0.086 seconds
[2026-03-02T13:53:57.285+0000] {processor.py:161} INFO - Started process (PID=2055) to work on /home/airflow/.local/lib/python3.12/site-packages/airflow/example_dags/example_external_task_marker_dag.py
[2026-03-02T13:53:57.285+0000] {processor.py:830} INFO - Processing file /home/airflow/.local/lib/python3.12/site-packages/airflow/example_dags/example_external_task_marker_dag.py for tasks to queue
[2026-03-02T13:53:57.286+0000] {logging_mixin.py:188} INFO - [2026-03-02T13:53:57.286+0000] {dagbag.py:540} INFO - Filling up the DagBag from /home/airflow/.local/lib/python3.12/site-packages/airflow/example_dags/example_external_task_marker_dag.py
[2026-03-02T13:53:57.289+0000] {processor.py:840} INFO - DAG(s) 'example_external_task_marker_child', 'example_external_task_marker_parent' retrieved from /home/airflow/.local/lib/python3.12/site-packages/airflow/example_dags/example_external_task_marker_dag.py
[2026-03-02T13:53:57.311+0000] {logging_mixin.py:188} INFO - [2026-03-02T13:53:57.311+0000] {dag.py:3096} INFO - Sync 2 DAGs
[2026-03-02T13:53:57.318+0000] {logging_mixin.py:188} INFO - [2026-03-02T13:53:57.318+0000] {dag.py:3954} INFO - Setting next_dagrun for example_external_task_marker_child to None, run_after=None
[2026-03-02T13:53:57.320+0000] {logging_mixin.py:188} INFO - [2026-03-02T13:53:57.320+0000] {dag.py:3954} INFO - Setting next_dagrun for example_external_task_marker_parent to None, run_after=None
[2026-03-02T13:53:57.330+0000] {processor.py:183} INFO - Processing /home/airflow/.local/lib/python3.12/site-packages/airflow/example_dags/example_external_task_marker_dag.py took 0.048 seconds
[2026-03-02T13:54:27.622+0000] {processor.py:161} INFO - Started process (PID=2113) to work on /home/airflow/.local/lib/python3.12/site-packages/airflow/example_dags/example_external_task_marker_dag.py
[2026-03-02T13:54:27.624+0000] {processor.py:830} INFO - Processing file /home/airflow/.local/lib/python3.12/site-packages/airflow/example_dags/example_external_task_marker_dag.py for tasks to queue
[2026-03-02T13:54:27.627+0000] {logging_mixin.py:188} INFO - [2026-03-02T13:54:27.627+0000] {dagbag.py:540} INFO - Filling up the DagBag from /home/airflow/.local/lib/python3.12/site-packages/airflow/example_dags/example_external_task_marker_dag.py
[2026-03-02T13:54:27.658+0000] {processor.py:840} INFO - DAG(s) 'example_external_task_marker_child', 'example_external_task_marker_parent' retrieved from /home/airflow/.local/lib/python3.12/site-packages/airflow/example_dags/example_external_task_marker_dag.py
[2026-03-02T13:54:27.744+0000] {logging_mixin.py:188} INFO - [2026-03-02T13:54:27.744+0000] {dag.py:3096} INFO - Sync 2 DAGs
[2026-03-02T13:54:27.778+0000] {logging_mixin.py:188} INFO - [2026-03-02T13:54:27.778+0000] {dag.py:3954} INFO - Setting next_dagrun for example_external_task_marker_child to None, run_after=None
[2026-03-02T13:54:27.785+0000] {logging_mixin.py:188} INFO - [2026-03-02T13:54:27.785+0000] {dag.py:3954} INFO - Setting next_dagrun for example_external_task_marker_parent to None, run_after=None
[2026-03-02T13:54:27.859+0000] {processor.py:183} INFO - Processing /home/airflow/.local/lib/python3.12/site-packages/airflow/example_dags/example_external_task_marker_dag.py took 0.266 seconds
[2026-03-02T13:55:21.844+0000] {processor.py:161} INFO - Started process (PID=2178) to work on /home/airflow/.local/lib/python3.12/site-packages/airflow/example_dags/example_external_task_marker_dag.py
[2026-03-02T13:55:21.849+0000] {processor.py:830} INFO - Processing file /home/airflow/.local/lib/python3.12/site-packages/airflow/example_dags/example_external_task_marker_dag.py for tasks to queue
[2026-03-02T13:55:21.858+0000] {logging_mixin.py:188} INFO - [2026-03-02T13:55:21.853+0000] {dagbag.py:540} INFO - Filling up the DagBag from /home/airflow/.local/lib/python3.12/site-packages/airflow/example_dags/example_external_task_marker_dag.py
[2026-03-02T13:55:21.886+0000] {processor.py:840} INFO - DAG(s) 'example_external_task_marker_parent', 'example_external_task_marker_child' retrieved from /home/airflow/.local/lib/python3.12/site-packages/airflow/example_dags/example_external_task_marker_dag.py
[2026-03-02T13:55:21.946+0000] {logging_mixin.py:188} INFO - [2026-03-02T13:55:21.946+0000] {dag.py:3096} INFO - Sync 2 DAGs
[2026-03-02T13:55:21.971+0000] {logging_mixin.py:188} INFO - [2026-03-02T13:55:21.969+0000] {dag.py:3954} INFO - Setting next_dagrun for example_external_task_marker_child to None, run_after=None
[2026-03-02T13:55:21.978+0000] {logging_mixin.py:188} INFO - [2026-03-02T13:55:21.977+0000] {dag.py:3954} INFO - Setting next_dagrun for example_external_task_marker_parent to None, run_after=None
[2026-03-02T13:55:22.071+0000] {processor.py:183} INFO - Processing /home/airflow/.local/lib/python3.12/site-packages/airflow/example_dags/example_external_task_marker_dag.py took 0.239 seconds
[2026-03-02T13:55:52.664+0000] {processor.py:161} INFO - Started process (PID=2236) to work on /home/airflow/.local/lib/python3.12/site-packages/airflow/example_dags/example_external_task_marker_dag.py
[2026-03-02T13:55:52.666+0000] {processor.py:830} INFO - Processing file /home/airflow/.local/lib/python3.12/site-packages/airflow/example_dags/example_external_task_marker_dag.py for tasks to queue
[2026-03-02T13:55:52.668+0000] {logging_mixin.py:188} INFO - [2026-03-02T13:55:52.668+0000] {dagbag.py:540} INFO - Filling up the DagBag from /home/airflow/.local/lib/python3.12/site-packages/airflow/example_dags/example_external_task_marker_dag.py
[2026-03-02T13:55:52.674+0000] {processor.py:840} INFO - DAG(s) 'example_external_task_marker_child', 'example_external_task_marker_parent' retrieved from /home/airflow/.local/lib/python3.12/site-packages/airflow/example_dags/example_external_task_marker_dag.py
[2026-03-02T13:55:52.688+0000] {logging_mixin.py:188} INFO - [2026-03-02T13:55:52.688+0000] {dag.py:3096} INFO - Sync 2 DAGs
[2026-03-02T13:55:52.694+0000] {logging_mixin.py:188} INFO - [2026-03-02T13:55:52.694+0000] {dag.py:3954} INFO - Setting next_dagrun for example_external_task_marker_child to None, run_after=None
[2026-03-02T13:55:52.696+0000] {logging_mixin.py:188} INFO - [2026-03-02T13:55:52.696+0000] {dag.py:3954} INFO - Setting next_dagrun for example_external_task_marker_parent to None, run_after=None
[2026-03-02T13:55:52.706+0000] {processor.py:183} INFO - Processing /home/airflow/.local/lib/python3.12/site-packages/airflow/example_dags/example_external_task_marker_dag.py took 0.061 seconds
