[2026-03-02T13:36:29.287+0000] {processor.py:161} INFO - Started process (PID=64) to work on /home/airflow/.local/lib/python3.12/site-packages/airflow/example_dags/example_python_operator.py
[2026-03-02T13:36:29.287+0000] {processor.py:830} INFO - Processing file /home/airflow/.local/lib/python3.12/site-packages/airflow/example_dags/example_python_operator.py for tasks to queue
[2026-03-02T13:36:29.306+0000] {logging_mixin.py:188} INFO - [2026-03-02T13:36:29.306+0000] {dagbag.py:540} INFO - Filling up the DagBag from /home/airflow/.local/lib/python3.12/site-packages/airflow/example_dags/example_python_operator.py
[2026-03-02T13:36:29.384+0000] {processor.py:840} INFO - DAG(s) 'example_python_operator' retrieved from /home/airflow/.local/lib/python3.12/site-packages/airflow/example_dags/example_python_operator.py
[2026-03-02T13:36:29.808+0000] {logging_mixin.py:188} INFO - [2026-03-02T13:36:29.808+0000] {dag.py:3096} INFO - Sync 1 DAGs
[2026-03-02T13:36:29.850+0000] {logging_mixin.py:188} INFO - [2026-03-02T13:36:29.850+0000] {dag.py:3954} INFO - Setting next_dagrun for example_python_operator to None, run_after=None
[2026-03-02T13:36:29.991+0000] {processor.py:183} INFO - Processing /home/airflow/.local/lib/python3.12/site-packages/airflow/example_dags/example_python_operator.py took 0.708 seconds
[2026-03-02T13:37:00.178+0000] {processor.py:161} INFO - Started process (PID=122) to work on /home/airflow/.local/lib/python3.12/site-packages/airflow/example_dags/example_python_operator.py
[2026-03-02T13:37:00.179+0000] {processor.py:830} INFO - Processing file /home/airflow/.local/lib/python3.12/site-packages/airflow/example_dags/example_python_operator.py for tasks to queue
[2026-03-02T13:37:00.180+0000] {logging_mixin.py:188} INFO - [2026-03-02T13:37:00.179+0000] {dagbag.py:540} INFO - Filling up the DagBag from /home/airflow/.local/lib/python3.12/site-packages/airflow/example_dags/example_python_operator.py
[2026-03-02T13:37:00.185+0000] {processor.py:840} INFO - DAG(s) 'example_python_operator' retrieved from /home/airflow/.local/lib/python3.12/site-packages/airflow/example_dags/example_python_operator.py
[2026-03-02T13:37:00.196+0000] {logging_mixin.py:188} INFO - [2026-03-02T13:37:00.196+0000] {dag.py:3096} INFO - Sync 1 DAGs
[2026-03-02T13:37:00.202+0000] {logging_mixin.py:188} INFO - [2026-03-02T13:37:00.202+0000] {dag.py:3954} INFO - Setting next_dagrun for example_python_operator to None, run_after=None
[2026-03-02T13:37:00.211+0000] {processor.py:183} INFO - Processing /home/airflow/.local/lib/python3.12/site-packages/airflow/example_dags/example_python_operator.py took 0.037 seconds
[2026-03-02T13:37:30.590+0000] {processor.py:161} INFO - Started process (PID=180) to work on /home/airflow/.local/lib/python3.12/site-packages/airflow/example_dags/example_python_operator.py
[2026-03-02T13:37:30.591+0000] {processor.py:830} INFO - Processing file /home/airflow/.local/lib/python3.12/site-packages/airflow/example_dags/example_python_operator.py for tasks to queue
[2026-03-02T13:37:30.592+0000] {logging_mixin.py:188} INFO - [2026-03-02T13:37:30.592+0000] {dagbag.py:540} INFO - Filling up the DagBag from /home/airflow/.local/lib/python3.12/site-packages/airflow/example_dags/example_python_operator.py
[2026-03-02T13:37:30.598+0000] {processor.py:840} INFO - DAG(s) 'example_python_operator' retrieved from /home/airflow/.local/lib/python3.12/site-packages/airflow/example_dags/example_python_operator.py
[2026-03-02T13:37:30.611+0000] {logging_mixin.py:188} INFO - [2026-03-02T13:37:30.611+0000] {dag.py:3096} INFO - Sync 1 DAGs
[2026-03-02T13:37:30.617+0000] {logging_mixin.py:188} INFO - [2026-03-02T13:37:30.617+0000] {dag.py:3954} INFO - Setting next_dagrun for example_python_operator to None, run_after=None
[2026-03-02T13:37:30.626+0000] {processor.py:183} INFO - Processing /home/airflow/.local/lib/python3.12/site-packages/airflow/example_dags/example_python_operator.py took 0.039 seconds
[2026-03-02T13:38:00.751+0000] {processor.py:161} INFO - Started process (PID=238) to work on /home/airflow/.local/lib/python3.12/site-packages/airflow/example_dags/example_python_operator.py
[2026-03-02T13:38:00.752+0000] {processor.py:830} INFO - Processing file /home/airflow/.local/lib/python3.12/site-packages/airflow/example_dags/example_python_operator.py for tasks to queue
[2026-03-02T13:38:00.753+0000] {logging_mixin.py:188} INFO - [2026-03-02T13:38:00.753+0000] {dagbag.py:540} INFO - Filling up the DagBag from /home/airflow/.local/lib/python3.12/site-packages/airflow/example_dags/example_python_operator.py
[2026-03-02T13:38:00.760+0000] {processor.py:840} INFO - DAG(s) 'example_python_operator' retrieved from /home/airflow/.local/lib/python3.12/site-packages/airflow/example_dags/example_python_operator.py
[2026-03-02T13:38:00.777+0000] {logging_mixin.py:188} INFO - [2026-03-02T13:38:00.776+0000] {dag.py:3096} INFO - Sync 1 DAGs
[2026-03-02T13:38:00.782+0000] {logging_mixin.py:188} INFO - [2026-03-02T13:38:00.782+0000] {dag.py:3954} INFO - Setting next_dagrun for example_python_operator to None, run_after=None
[2026-03-02T13:38:00.793+0000] {processor.py:183} INFO - Processing /home/airflow/.local/lib/python3.12/site-packages/airflow/example_dags/example_python_operator.py took 0.047 seconds
[2026-03-02T13:38:31.170+0000] {processor.py:161} INFO - Started process (PID=296) to work on /home/airflow/.local/lib/python3.12/site-packages/airflow/example_dags/example_python_operator.py
[2026-03-02T13:38:31.171+0000] {processor.py:830} INFO - Processing file /home/airflow/.local/lib/python3.12/site-packages/airflow/example_dags/example_python_operator.py for tasks to queue
[2026-03-02T13:38:31.172+0000] {logging_mixin.py:188} INFO - [2026-03-02T13:38:31.172+0000] {dagbag.py:540} INFO - Filling up the DagBag from /home/airflow/.local/lib/python3.12/site-packages/airflow/example_dags/example_python_operator.py
[2026-03-02T13:38:31.177+0000] {processor.py:840} INFO - DAG(s) 'example_python_operator' retrieved from /home/airflow/.local/lib/python3.12/site-packages/airflow/example_dags/example_python_operator.py
[2026-03-02T13:38:31.187+0000] {logging_mixin.py:188} INFO - [2026-03-02T13:38:31.187+0000] {dag.py:3096} INFO - Sync 1 DAGs
[2026-03-02T13:38:31.193+0000] {logging_mixin.py:188} INFO - [2026-03-02T13:38:31.192+0000] {dag.py:3954} INFO - Setting next_dagrun for example_python_operator to None, run_after=None
[2026-03-02T13:38:31.199+0000] {processor.py:183} INFO - Processing /home/airflow/.local/lib/python3.12/site-packages/airflow/example_dags/example_python_operator.py took 0.032 seconds
[2026-03-02T13:39:01.608+0000] {processor.py:161} INFO - Started process (PID=354) to work on /home/airflow/.local/lib/python3.12/site-packages/airflow/example_dags/example_python_operator.py
[2026-03-02T13:39:01.608+0000] {processor.py:830} INFO - Processing file /home/airflow/.local/lib/python3.12/site-packages/airflow/example_dags/example_python_operator.py for tasks to queue
[2026-03-02T13:39:01.609+0000] {logging_mixin.py:188} INFO - [2026-03-02T13:39:01.609+0000] {dagbag.py:540} INFO - Filling up the DagBag from /home/airflow/.local/lib/python3.12/site-packages/airflow/example_dags/example_python_operator.py
[2026-03-02T13:39:01.614+0000] {processor.py:840} INFO - DAG(s) 'example_python_operator' retrieved from /home/airflow/.local/lib/python3.12/site-packages/airflow/example_dags/example_python_operator.py
[2026-03-02T13:39:01.623+0000] {logging_mixin.py:188} INFO - [2026-03-02T13:39:01.623+0000] {dag.py:3096} INFO - Sync 1 DAGs
[2026-03-02T13:39:01.629+0000] {logging_mixin.py:188} INFO - [2026-03-02T13:39:01.629+0000] {dag.py:3954} INFO - Setting next_dagrun for example_python_operator to None, run_after=None
[2026-03-02T13:39:01.637+0000] {processor.py:183} INFO - Processing /home/airflow/.local/lib/python3.12/site-packages/airflow/example_dags/example_python_operator.py took 0.032 seconds
[2026-03-02T13:39:32.092+0000] {processor.py:161} INFO - Started process (PID=412) to work on /home/airflow/.local/lib/python3.12/site-packages/airflow/example_dags/example_python_operator.py
[2026-03-02T13:39:32.092+0000] {processor.py:830} INFO - Processing file /home/airflow/.local/lib/python3.12/site-packages/airflow/example_dags/example_python_operator.py for tasks to queue
[2026-03-02T13:39:32.093+0000] {logging_mixin.py:188} INFO - [2026-03-02T13:39:32.093+0000] {dagbag.py:540} INFO - Filling up the DagBag from /home/airflow/.local/lib/python3.12/site-packages/airflow/example_dags/example_python_operator.py
[2026-03-02T13:39:32.102+0000] {processor.py:840} INFO - DAG(s) 'example_python_operator' retrieved from /home/airflow/.local/lib/python3.12/site-packages/airflow/example_dags/example_python_operator.py
[2026-03-02T13:39:32.113+0000] {logging_mixin.py:188} INFO - [2026-03-02T13:39:32.113+0000] {dag.py:3096} INFO - Sync 1 DAGs
[2026-03-02T13:39:32.119+0000] {logging_mixin.py:188} INFO - [2026-03-02T13:39:32.119+0000] {dag.py:3954} INFO - Setting next_dagrun for example_python_operator to None, run_after=None
[2026-03-02T13:39:32.126+0000] {processor.py:183} INFO - Processing /home/airflow/.local/lib/python3.12/site-packages/airflow/example_dags/example_python_operator.py took 0.037 seconds
[2026-03-02T13:40:02.552+0000] {processor.py:161} INFO - Started process (PID=470) to work on /home/airflow/.local/lib/python3.12/site-packages/airflow/example_dags/example_python_operator.py
[2026-03-02T13:40:02.556+0000] {processor.py:830} INFO - Processing file /home/airflow/.local/lib/python3.12/site-packages/airflow/example_dags/example_python_operator.py for tasks to queue
[2026-03-02T13:40:02.557+0000] {logging_mixin.py:188} INFO - [2026-03-02T13:40:02.557+0000] {dagbag.py:540} INFO - Filling up the DagBag from /home/airflow/.local/lib/python3.12/site-packages/airflow/example_dags/example_python_operator.py
[2026-03-02T13:40:02.562+0000] {processor.py:840} INFO - DAG(s) 'example_python_operator' retrieved from /home/airflow/.local/lib/python3.12/site-packages/airflow/example_dags/example_python_operator.py
[2026-03-02T13:40:02.572+0000] {logging_mixin.py:188} INFO - [2026-03-02T13:40:02.571+0000] {dag.py:3096} INFO - Sync 1 DAGs
[2026-03-02T13:40:02.577+0000] {logging_mixin.py:188} INFO - [2026-03-02T13:40:02.577+0000] {dag.py:3954} INFO - Setting next_dagrun for example_python_operator to None, run_after=None
[2026-03-02T13:40:02.583+0000] {processor.py:183} INFO - Processing /home/airflow/.local/lib/python3.12/site-packages/airflow/example_dags/example_python_operator.py took 0.034 seconds
[2026-03-02T13:40:32.867+0000] {processor.py:161} INFO - Started process (PID=528) to work on /home/airflow/.local/lib/python3.12/site-packages/airflow/example_dags/example_python_operator.py
[2026-03-02T13:40:32.867+0000] {processor.py:830} INFO - Processing file /home/airflow/.local/lib/python3.12/site-packages/airflow/example_dags/example_python_operator.py for tasks to queue
[2026-03-02T13:40:32.869+0000] {logging_mixin.py:188} INFO - [2026-03-02T13:40:32.868+0000] {dagbag.py:540} INFO - Filling up the DagBag from /home/airflow/.local/lib/python3.12/site-packages/airflow/example_dags/example_python_operator.py
[2026-03-02T13:40:32.873+0000] {processor.py:840} INFO - DAG(s) 'example_python_operator' retrieved from /home/airflow/.local/lib/python3.12/site-packages/airflow/example_dags/example_python_operator.py
[2026-03-02T13:40:32.882+0000] {logging_mixin.py:188} INFO - [2026-03-02T13:40:32.882+0000] {dag.py:3096} INFO - Sync 1 DAGs
[2026-03-02T13:40:32.886+0000] {logging_mixin.py:188} INFO - [2026-03-02T13:40:32.886+0000] {dag.py:3954} INFO - Setting next_dagrun for example_python_operator to None, run_after=None
[2026-03-02T13:40:32.892+0000] {processor.py:183} INFO - Processing /home/airflow/.local/lib/python3.12/site-packages/airflow/example_dags/example_python_operator.py took 0.028 seconds
[2026-03-02T13:41:03.249+0000] {processor.py:161} INFO - Started process (PID=586) to work on /home/airflow/.local/lib/python3.12/site-packages/airflow/example_dags/example_python_operator.py
[2026-03-02T13:41:03.251+0000] {processor.py:830} INFO - Processing file /home/airflow/.local/lib/python3.12/site-packages/airflow/example_dags/example_python_operator.py for tasks to queue
[2026-03-02T13:41:03.252+0000] {logging_mixin.py:188} INFO - [2026-03-02T13:41:03.252+0000] {dagbag.py:540} INFO - Filling up the DagBag from /home/airflow/.local/lib/python3.12/site-packages/airflow/example_dags/example_python_operator.py
[2026-03-02T13:41:03.256+0000] {processor.py:840} INFO - DAG(s) 'example_python_operator' retrieved from /home/airflow/.local/lib/python3.12/site-packages/airflow/example_dags/example_python_operator.py
[2026-03-02T13:41:03.266+0000] {logging_mixin.py:188} INFO - [2026-03-02T13:41:03.266+0000] {dag.py:3096} INFO - Sync 1 DAGs
[2026-03-02T13:41:03.270+0000] {logging_mixin.py:188} INFO - [2026-03-02T13:41:03.270+0000] {dag.py:3954} INFO - Setting next_dagrun for example_python_operator to None, run_after=None
[2026-03-02T13:41:03.277+0000] {processor.py:183} INFO - Processing /home/airflow/.local/lib/python3.12/site-packages/airflow/example_dags/example_python_operator.py took 0.030 seconds
[2026-03-02T13:41:33.746+0000] {processor.py:161} INFO - Started process (PID=644) to work on /home/airflow/.local/lib/python3.12/site-packages/airflow/example_dags/example_python_operator.py
[2026-03-02T13:41:33.749+0000] {processor.py:830} INFO - Processing file /home/airflow/.local/lib/python3.12/site-packages/airflow/example_dags/example_python_operator.py for tasks to queue
[2026-03-02T13:41:33.750+0000] {logging_mixin.py:188} INFO - [2026-03-02T13:41:33.750+0000] {dagbag.py:540} INFO - Filling up the DagBag from /home/airflow/.local/lib/python3.12/site-packages/airflow/example_dags/example_python_operator.py
[2026-03-02T13:41:33.757+0000] {processor.py:840} INFO - DAG(s) 'example_python_operator' retrieved from /home/airflow/.local/lib/python3.12/site-packages/airflow/example_dags/example_python_operator.py
[2026-03-02T13:41:33.771+0000] {logging_mixin.py:188} INFO - [2026-03-02T13:41:33.771+0000] {dag.py:3096} INFO - Sync 1 DAGs
[2026-03-02T13:41:33.780+0000] {logging_mixin.py:188} INFO - [2026-03-02T13:41:33.780+0000] {dag.py:3954} INFO - Setting next_dagrun for example_python_operator to None, run_after=None
[2026-03-02T13:41:33.788+0000] {processor.py:183} INFO - Processing /home/airflow/.local/lib/python3.12/site-packages/airflow/example_dags/example_python_operator.py took 0.046 seconds
[2026-03-02T13:42:04.277+0000] {processor.py:161} INFO - Started process (PID=702) to work on /home/airflow/.local/lib/python3.12/site-packages/airflow/example_dags/example_python_operator.py
[2026-03-02T13:42:04.280+0000] {processor.py:830} INFO - Processing file /home/airflow/.local/lib/python3.12/site-packages/airflow/example_dags/example_python_operator.py for tasks to queue
[2026-03-02T13:42:04.281+0000] {logging_mixin.py:188} INFO - [2026-03-02T13:42:04.281+0000] {dagbag.py:540} INFO - Filling up the DagBag from /home/airflow/.local/lib/python3.12/site-packages/airflow/example_dags/example_python_operator.py
[2026-03-02T13:42:04.286+0000] {processor.py:840} INFO - DAG(s) 'example_python_operator' retrieved from /home/airflow/.local/lib/python3.12/site-packages/airflow/example_dags/example_python_operator.py
[2026-03-02T13:42:04.296+0000] {logging_mixin.py:188} INFO - [2026-03-02T13:42:04.296+0000] {dag.py:3096} INFO - Sync 1 DAGs
[2026-03-02T13:42:04.307+0000] {logging_mixin.py:188} INFO - [2026-03-02T13:42:04.307+0000] {dag.py:3954} INFO - Setting next_dagrun for example_python_operator to None, run_after=None
[2026-03-02T13:42:04.316+0000] {processor.py:183} INFO - Processing /home/airflow/.local/lib/python3.12/site-packages/airflow/example_dags/example_python_operator.py took 0.043 seconds
[2026-03-02T13:42:34.451+0000] {processor.py:161} INFO - Started process (PID=760) to work on /home/airflow/.local/lib/python3.12/site-packages/airflow/example_dags/example_python_operator.py
[2026-03-02T13:42:34.453+0000] {processor.py:830} INFO - Processing file /home/airflow/.local/lib/python3.12/site-packages/airflow/example_dags/example_python_operator.py for tasks to queue
[2026-03-02T13:42:34.455+0000] {logging_mixin.py:188} INFO - [2026-03-02T13:42:34.455+0000] {dagbag.py:540} INFO - Filling up the DagBag from /home/airflow/.local/lib/python3.12/site-packages/airflow/example_dags/example_python_operator.py
[2026-03-02T13:42:34.461+0000] {processor.py:840} INFO - DAG(s) 'example_python_operator' retrieved from /home/airflow/.local/lib/python3.12/site-packages/airflow/example_dags/example_python_operator.py
[2026-03-02T13:42:34.475+0000] {logging_mixin.py:188} INFO - [2026-03-02T13:42:34.475+0000] {dag.py:3096} INFO - Sync 1 DAGs
[2026-03-02T13:42:34.482+0000] {logging_mixin.py:188} INFO - [2026-03-02T13:42:34.482+0000] {dag.py:3954} INFO - Setting next_dagrun for example_python_operator to None, run_after=None
[2026-03-02T13:42:34.489+0000] {processor.py:183} INFO - Processing /home/airflow/.local/lib/python3.12/site-packages/airflow/example_dags/example_python_operator.py took 0.041 seconds
[2026-03-02T13:43:04.940+0000] {processor.py:161} INFO - Started process (PID=818) to work on /home/airflow/.local/lib/python3.12/site-packages/airflow/example_dags/example_python_operator.py
[2026-03-02T13:43:04.941+0000] {processor.py:830} INFO - Processing file /home/airflow/.local/lib/python3.12/site-packages/airflow/example_dags/example_python_operator.py for tasks to queue
[2026-03-02T13:43:04.945+0000] {logging_mixin.py:188} INFO - [2026-03-02T13:43:04.945+0000] {dagbag.py:540} INFO - Filling up the DagBag from /home/airflow/.local/lib/python3.12/site-packages/airflow/example_dags/example_python_operator.py
[2026-03-02T13:43:04.950+0000] {processor.py:840} INFO - DAG(s) 'example_python_operator' retrieved from /home/airflow/.local/lib/python3.12/site-packages/airflow/example_dags/example_python_operator.py
[2026-03-02T13:43:04.958+0000] {logging_mixin.py:188} INFO - [2026-03-02T13:43:04.958+0000] {dag.py:3096} INFO - Sync 1 DAGs
[2026-03-02T13:43:04.963+0000] {logging_mixin.py:188} INFO - [2026-03-02T13:43:04.962+0000] {dag.py:3954} INFO - Setting next_dagrun for example_python_operator to None, run_after=None
[2026-03-02T13:43:04.968+0000] {processor.py:183} INFO - Processing /home/airflow/.local/lib/python3.12/site-packages/airflow/example_dags/example_python_operator.py took 0.030 seconds
[2026-03-02T13:43:35.182+0000] {processor.py:161} INFO - Started process (PID=876) to work on /home/airflow/.local/lib/python3.12/site-packages/airflow/example_dags/example_python_operator.py
[2026-03-02T13:43:35.182+0000] {processor.py:830} INFO - Processing file /home/airflow/.local/lib/python3.12/site-packages/airflow/example_dags/example_python_operator.py for tasks to queue
[2026-03-02T13:43:35.183+0000] {logging_mixin.py:188} INFO - [2026-03-02T13:43:35.183+0000] {dagbag.py:540} INFO - Filling up the DagBag from /home/airflow/.local/lib/python3.12/site-packages/airflow/example_dags/example_python_operator.py
[2026-03-02T13:43:35.187+0000] {processor.py:840} INFO - DAG(s) 'example_python_operator' retrieved from /home/airflow/.local/lib/python3.12/site-packages/airflow/example_dags/example_python_operator.py
[2026-03-02T13:43:35.197+0000] {logging_mixin.py:188} INFO - [2026-03-02T13:43:35.197+0000] {dag.py:3096} INFO - Sync 1 DAGs
[2026-03-02T13:43:35.202+0000] {logging_mixin.py:188} INFO - [2026-03-02T13:43:35.202+0000] {dag.py:3954} INFO - Setting next_dagrun for example_python_operator to None, run_after=None
[2026-03-02T13:43:35.210+0000] {processor.py:183} INFO - Processing /home/airflow/.local/lib/python3.12/site-packages/airflow/example_dags/example_python_operator.py took 0.031 seconds
[2026-03-02T13:44:05.777+0000] {processor.py:161} INFO - Started process (PID=934) to work on /home/airflow/.local/lib/python3.12/site-packages/airflow/example_dags/example_python_operator.py
[2026-03-02T13:44:05.777+0000] {processor.py:830} INFO - Processing file /home/airflow/.local/lib/python3.12/site-packages/airflow/example_dags/example_python_operator.py for tasks to queue
[2026-03-02T13:44:05.779+0000] {logging_mixin.py:188} INFO - [2026-03-02T13:44:05.779+0000] {dagbag.py:540} INFO - Filling up the DagBag from /home/airflow/.local/lib/python3.12/site-packages/airflow/example_dags/example_python_operator.py
[2026-03-02T13:44:05.790+0000] {processor.py:840} INFO - DAG(s) 'example_python_operator' retrieved from /home/airflow/.local/lib/python3.12/site-packages/airflow/example_dags/example_python_operator.py
[2026-03-02T13:44:05.810+0000] {logging_mixin.py:188} INFO - [2026-03-02T13:44:05.810+0000] {dag.py:3096} INFO - Sync 1 DAGs
[2026-03-02T13:44:05.818+0000] {logging_mixin.py:188} INFO - [2026-03-02T13:44:05.818+0000] {dag.py:3954} INFO - Setting next_dagrun for example_python_operator to None, run_after=None
[2026-03-02T13:44:05.829+0000] {processor.py:183} INFO - Processing /home/airflow/.local/lib/python3.12/site-packages/airflow/example_dags/example_python_operator.py took 0.059 seconds
[2026-03-02T13:44:36.157+0000] {processor.py:161} INFO - Started process (PID=991) to work on /home/airflow/.local/lib/python3.12/site-packages/airflow/example_dags/example_python_operator.py
[2026-03-02T13:44:36.157+0000] {processor.py:830} INFO - Processing file /home/airflow/.local/lib/python3.12/site-packages/airflow/example_dags/example_python_operator.py for tasks to queue
[2026-03-02T13:44:36.158+0000] {logging_mixin.py:188} INFO - [2026-03-02T13:44:36.158+0000] {dagbag.py:540} INFO - Filling up the DagBag from /home/airflow/.local/lib/python3.12/site-packages/airflow/example_dags/example_python_operator.py
[2026-03-02T13:44:36.163+0000] {processor.py:840} INFO - DAG(s) 'example_python_operator' retrieved from /home/airflow/.local/lib/python3.12/site-packages/airflow/example_dags/example_python_operator.py
[2026-03-02T13:44:36.171+0000] {logging_mixin.py:188} INFO - [2026-03-02T13:44:36.171+0000] {dag.py:3096} INFO - Sync 1 DAGs
[2026-03-02T13:44:36.176+0000] {logging_mixin.py:188} INFO - [2026-03-02T13:44:36.176+0000] {dag.py:3954} INFO - Setting next_dagrun for example_python_operator to None, run_after=None
[2026-03-02T13:44:36.184+0000] {processor.py:183} INFO - Processing /home/airflow/.local/lib/python3.12/site-packages/airflow/example_dags/example_python_operator.py took 0.030 seconds
[2026-03-02T13:45:06.234+0000] {processor.py:161} INFO - Started process (PID=1049) to work on /home/airflow/.local/lib/python3.12/site-packages/airflow/example_dags/example_python_operator.py
[2026-03-02T13:45:06.234+0000] {processor.py:830} INFO - Processing file /home/airflow/.local/lib/python3.12/site-packages/airflow/example_dags/example_python_operator.py for tasks to queue
[2026-03-02T13:45:06.235+0000] {logging_mixin.py:188} INFO - [2026-03-02T13:45:06.235+0000] {dagbag.py:540} INFO - Filling up the DagBag from /home/airflow/.local/lib/python3.12/site-packages/airflow/example_dags/example_python_operator.py
[2026-03-02T13:45:06.240+0000] {processor.py:840} INFO - DAG(s) 'example_python_operator' retrieved from /home/airflow/.local/lib/python3.12/site-packages/airflow/example_dags/example_python_operator.py
[2026-03-02T13:45:06.249+0000] {logging_mixin.py:188} INFO - [2026-03-02T13:45:06.249+0000] {dag.py:3096} INFO - Sync 1 DAGs
[2026-03-02T13:45:06.254+0000] {logging_mixin.py:188} INFO - [2026-03-02T13:45:06.254+0000] {dag.py:3954} INFO - Setting next_dagrun for example_python_operator to None, run_after=None
[2026-03-02T13:45:06.261+0000] {processor.py:183} INFO - Processing /home/airflow/.local/lib/python3.12/site-packages/airflow/example_dags/example_python_operator.py took 0.029 seconds
[2026-03-02T13:45:36.727+0000] {processor.py:161} INFO - Started process (PID=1107) to work on /home/airflow/.local/lib/python3.12/site-packages/airflow/example_dags/example_python_operator.py
[2026-03-02T13:45:36.727+0000] {processor.py:830} INFO - Processing file /home/airflow/.local/lib/python3.12/site-packages/airflow/example_dags/example_python_operator.py for tasks to queue
[2026-03-02T13:45:36.728+0000] {logging_mixin.py:188} INFO - [2026-03-02T13:45:36.728+0000] {dagbag.py:540} INFO - Filling up the DagBag from /home/airflow/.local/lib/python3.12/site-packages/airflow/example_dags/example_python_operator.py
[2026-03-02T13:45:36.734+0000] {processor.py:840} INFO - DAG(s) 'example_python_operator' retrieved from /home/airflow/.local/lib/python3.12/site-packages/airflow/example_dags/example_python_operator.py
[2026-03-02T13:45:36.747+0000] {logging_mixin.py:188} INFO - [2026-03-02T13:45:36.747+0000] {dag.py:3096} INFO - Sync 1 DAGs
[2026-03-02T13:45:36.861+0000] {logging_mixin.py:188} INFO - [2026-03-02T13:45:36.859+0000] {dag.py:3954} INFO - Setting next_dagrun for example_python_operator to None, run_after=None
[2026-03-02T13:45:36.869+0000] {processor.py:183} INFO - Processing /home/airflow/.local/lib/python3.12/site-packages/airflow/example_dags/example_python_operator.py took 0.146 seconds
[2026-03-02T13:46:07.161+0000] {processor.py:161} INFO - Started process (PID=1165) to work on /home/airflow/.local/lib/python3.12/site-packages/airflow/example_dags/example_python_operator.py
[2026-03-02T13:46:07.162+0000] {processor.py:830} INFO - Processing file /home/airflow/.local/lib/python3.12/site-packages/airflow/example_dags/example_python_operator.py for tasks to queue
[2026-03-02T13:46:07.163+0000] {logging_mixin.py:188} INFO - [2026-03-02T13:46:07.162+0000] {dagbag.py:540} INFO - Filling up the DagBag from /home/airflow/.local/lib/python3.12/site-packages/airflow/example_dags/example_python_operator.py
[2026-03-02T13:46:07.167+0000] {processor.py:840} INFO - DAG(s) 'example_python_operator' retrieved from /home/airflow/.local/lib/python3.12/site-packages/airflow/example_dags/example_python_operator.py
[2026-03-02T13:46:07.178+0000] {logging_mixin.py:188} INFO - [2026-03-02T13:46:07.177+0000] {dag.py:3096} INFO - Sync 1 DAGs
[2026-03-02T13:46:07.344+0000] {logging_mixin.py:188} INFO - [2026-03-02T13:46:07.344+0000] {dag.py:3954} INFO - Setting next_dagrun for example_python_operator to None, run_after=None
[2026-03-02T13:46:07.352+0000] {processor.py:183} INFO - Processing /home/airflow/.local/lib/python3.12/site-packages/airflow/example_dags/example_python_operator.py took 0.194 seconds
[2026-03-02T13:46:38.281+0000] {processor.py:161} INFO - Started process (PID=1223) to work on /home/airflow/.local/lib/python3.12/site-packages/airflow/example_dags/example_python_operator.py
[2026-03-02T13:46:38.283+0000] {processor.py:830} INFO - Processing file /home/airflow/.local/lib/python3.12/site-packages/airflow/example_dags/example_python_operator.py for tasks to queue
[2026-03-02T13:46:38.284+0000] {logging_mixin.py:188} INFO - [2026-03-02T13:46:38.284+0000] {dagbag.py:540} INFO - Filling up the DagBag from /home/airflow/.local/lib/python3.12/site-packages/airflow/example_dags/example_python_operator.py
[2026-03-02T13:46:38.290+0000] {processor.py:840} INFO - DAG(s) 'example_python_operator' retrieved from /home/airflow/.local/lib/python3.12/site-packages/airflow/example_dags/example_python_operator.py
[2026-03-02T13:46:38.302+0000] {logging_mixin.py:188} INFO - [2026-03-02T13:46:38.302+0000] {dag.py:3096} INFO - Sync 1 DAGs
[2026-03-02T13:46:38.307+0000] {logging_mixin.py:188} INFO - [2026-03-02T13:46:38.307+0000] {dag.py:3954} INFO - Setting next_dagrun for example_python_operator to None, run_after=None
[2026-03-02T13:46:38.314+0000] {processor.py:183} INFO - Processing /home/airflow/.local/lib/python3.12/site-packages/airflow/example_dags/example_python_operator.py took 0.036 seconds
[2026-03-02T13:47:09.261+0000] {processor.py:161} INFO - Started process (PID=1281) to work on /home/airflow/.local/lib/python3.12/site-packages/airflow/example_dags/example_python_operator.py
[2026-03-02T13:47:09.262+0000] {processor.py:830} INFO - Processing file /home/airflow/.local/lib/python3.12/site-packages/airflow/example_dags/example_python_operator.py for tasks to queue
[2026-03-02T13:47:09.263+0000] {logging_mixin.py:188} INFO - [2026-03-02T13:47:09.263+0000] {dagbag.py:540} INFO - Filling up the DagBag from /home/airflow/.local/lib/python3.12/site-packages/airflow/example_dags/example_python_operator.py
[2026-03-02T13:47:09.277+0000] {processor.py:840} INFO - DAG(s) 'example_python_operator' retrieved from /home/airflow/.local/lib/python3.12/site-packages/airflow/example_dags/example_python_operator.py
[2026-03-02T13:47:09.302+0000] {logging_mixin.py:188} INFO - [2026-03-02T13:47:09.301+0000] {dag.py:3096} INFO - Sync 1 DAGs
[2026-03-02T13:47:09.309+0000] {logging_mixin.py:188} INFO - [2026-03-02T13:47:09.309+0000] {dag.py:3954} INFO - Setting next_dagrun for example_python_operator to None, run_after=None
[2026-03-02T13:47:09.320+0000] {processor.py:183} INFO - Processing /home/airflow/.local/lib/python3.12/site-packages/airflow/example_dags/example_python_operator.py took 0.065 seconds
[2026-03-02T13:47:39.372+0000] {processor.py:161} INFO - Started process (PID=1339) to work on /home/airflow/.local/lib/python3.12/site-packages/airflow/example_dags/example_python_operator.py
[2026-03-02T13:47:39.372+0000] {processor.py:830} INFO - Processing file /home/airflow/.local/lib/python3.12/site-packages/airflow/example_dags/example_python_operator.py for tasks to queue
[2026-03-02T13:47:39.373+0000] {logging_mixin.py:188} INFO - [2026-03-02T13:47:39.373+0000] {dagbag.py:540} INFO - Filling up the DagBag from /home/airflow/.local/lib/python3.12/site-packages/airflow/example_dags/example_python_operator.py
[2026-03-02T13:47:39.379+0000] {processor.py:840} INFO - DAG(s) 'example_python_operator' retrieved from /home/airflow/.local/lib/python3.12/site-packages/airflow/example_dags/example_python_operator.py
[2026-03-02T13:47:39.391+0000] {logging_mixin.py:188} INFO - [2026-03-02T13:47:39.390+0000] {dag.py:3096} INFO - Sync 1 DAGs
[2026-03-02T13:47:39.396+0000] {logging_mixin.py:188} INFO - [2026-03-02T13:47:39.396+0000] {dag.py:3954} INFO - Setting next_dagrun for example_python_operator to None, run_after=None
[2026-03-02T13:47:39.403+0000] {processor.py:183} INFO - Processing /home/airflow/.local/lib/python3.12/site-packages/airflow/example_dags/example_python_operator.py took 0.035 seconds
[2026-03-02T13:48:09.731+0000] {processor.py:161} INFO - Started process (PID=1397) to work on /home/airflow/.local/lib/python3.12/site-packages/airflow/example_dags/example_python_operator.py
[2026-03-02T13:48:09.731+0000] {processor.py:830} INFO - Processing file /home/airflow/.local/lib/python3.12/site-packages/airflow/example_dags/example_python_operator.py for tasks to queue
[2026-03-02T13:48:09.732+0000] {logging_mixin.py:188} INFO - [2026-03-02T13:48:09.732+0000] {dagbag.py:540} INFO - Filling up the DagBag from /home/airflow/.local/lib/python3.12/site-packages/airflow/example_dags/example_python_operator.py
[2026-03-02T13:48:09.737+0000] {processor.py:840} INFO - DAG(s) 'example_python_operator' retrieved from /home/airflow/.local/lib/python3.12/site-packages/airflow/example_dags/example_python_operator.py
[2026-03-02T13:48:09.747+0000] {logging_mixin.py:188} INFO - [2026-03-02T13:48:09.747+0000] {dag.py:3096} INFO - Sync 1 DAGs
[2026-03-02T13:48:09.752+0000] {logging_mixin.py:188} INFO - [2026-03-02T13:48:09.752+0000] {dag.py:3954} INFO - Setting next_dagrun for example_python_operator to None, run_after=None
[2026-03-02T13:48:09.758+0000] {processor.py:183} INFO - Processing /home/airflow/.local/lib/python3.12/site-packages/airflow/example_dags/example_python_operator.py took 0.031 seconds
[2026-03-02T13:48:40.109+0000] {processor.py:161} INFO - Started process (PID=1455) to work on /home/airflow/.local/lib/python3.12/site-packages/airflow/example_dags/example_python_operator.py
[2026-03-02T13:48:40.109+0000] {processor.py:830} INFO - Processing file /home/airflow/.local/lib/python3.12/site-packages/airflow/example_dags/example_python_operator.py for tasks to queue
[2026-03-02T13:48:40.110+0000] {logging_mixin.py:188} INFO - [2026-03-02T13:48:40.110+0000] {dagbag.py:540} INFO - Filling up the DagBag from /home/airflow/.local/lib/python3.12/site-packages/airflow/example_dags/example_python_operator.py
[2026-03-02T13:48:40.115+0000] {processor.py:840} INFO - DAG(s) 'example_python_operator' retrieved from /home/airflow/.local/lib/python3.12/site-packages/airflow/example_dags/example_python_operator.py
[2026-03-02T13:48:40.125+0000] {logging_mixin.py:188} INFO - [2026-03-02T13:48:40.125+0000] {dag.py:3096} INFO - Sync 1 DAGs
[2026-03-02T13:48:40.130+0000] {logging_mixin.py:188} INFO - [2026-03-02T13:48:40.130+0000] {dag.py:3954} INFO - Setting next_dagrun for example_python_operator to None, run_after=None
[2026-03-02T13:48:40.136+0000] {processor.py:183} INFO - Processing /home/airflow/.local/lib/python3.12/site-packages/airflow/example_dags/example_python_operator.py took 0.030 seconds
[2026-03-02T13:49:10.329+0000] {processor.py:161} INFO - Started process (PID=1513) to work on /home/airflow/.local/lib/python3.12/site-packages/airflow/example_dags/example_python_operator.py
[2026-03-02T13:49:10.329+0000] {processor.py:830} INFO - Processing file /home/airflow/.local/lib/python3.12/site-packages/airflow/example_dags/example_python_operator.py for tasks to queue
[2026-03-02T13:49:10.330+0000] {logging_mixin.py:188} INFO - [2026-03-02T13:49:10.330+0000] {dagbag.py:540} INFO - Filling up the DagBag from /home/airflow/.local/lib/python3.12/site-packages/airflow/example_dags/example_python_operator.py
[2026-03-02T13:49:10.337+0000] {processor.py:840} INFO - DAG(s) 'example_python_operator' retrieved from /home/airflow/.local/lib/python3.12/site-packages/airflow/example_dags/example_python_operator.py
[2026-03-02T13:49:10.349+0000] {logging_mixin.py:188} INFO - [2026-03-02T13:49:10.349+0000] {dag.py:3096} INFO - Sync 1 DAGs
[2026-03-02T13:49:10.358+0000] {logging_mixin.py:188} INFO - [2026-03-02T13:49:10.357+0000] {dag.py:3954} INFO - Setting next_dagrun for example_python_operator to None, run_after=None
[2026-03-02T13:49:10.367+0000] {processor.py:183} INFO - Processing /home/airflow/.local/lib/python3.12/site-packages/airflow/example_dags/example_python_operator.py took 0.042 seconds
[2026-03-02T13:49:40.590+0000] {processor.py:161} INFO - Started process (PID=1571) to work on /home/airflow/.local/lib/python3.12/site-packages/airflow/example_dags/example_python_operator.py
[2026-03-02T13:49:40.592+0000] {processor.py:830} INFO - Processing file /home/airflow/.local/lib/python3.12/site-packages/airflow/example_dags/example_python_operator.py for tasks to queue
[2026-03-02T13:49:40.594+0000] {logging_mixin.py:188} INFO - [2026-03-02T13:49:40.594+0000] {dagbag.py:540} INFO - Filling up the DagBag from /home/airflow/.local/lib/python3.12/site-packages/airflow/example_dags/example_python_operator.py
[2026-03-02T13:49:40.603+0000] {processor.py:840} INFO - DAG(s) 'example_python_operator' retrieved from /home/airflow/.local/lib/python3.12/site-packages/airflow/example_dags/example_python_operator.py
[2026-03-02T13:49:40.619+0000] {logging_mixin.py:188} INFO - [2026-03-02T13:49:40.619+0000] {dag.py:3096} INFO - Sync 1 DAGs
[2026-03-02T13:49:40.630+0000] {logging_mixin.py:188} INFO - [2026-03-02T13:49:40.630+0000] {dag.py:3954} INFO - Setting next_dagrun for example_python_operator to None, run_after=None
[2026-03-02T13:49:40.646+0000] {processor.py:183} INFO - Processing /home/airflow/.local/lib/python3.12/site-packages/airflow/example_dags/example_python_operator.py took 0.063 seconds
[2026-03-02T13:50:10.674+0000] {processor.py:161} INFO - Started process (PID=1629) to work on /home/airflow/.local/lib/python3.12/site-packages/airflow/example_dags/example_python_operator.py
[2026-03-02T13:50:10.675+0000] {processor.py:830} INFO - Processing file /home/airflow/.local/lib/python3.12/site-packages/airflow/example_dags/example_python_operator.py for tasks to queue
[2026-03-02T13:50:10.676+0000] {logging_mixin.py:188} INFO - [2026-03-02T13:50:10.676+0000] {dagbag.py:540} INFO - Filling up the DagBag from /home/airflow/.local/lib/python3.12/site-packages/airflow/example_dags/example_python_operator.py
[2026-03-02T13:50:10.681+0000] {processor.py:840} INFO - DAG(s) 'example_python_operator' retrieved from /home/airflow/.local/lib/python3.12/site-packages/airflow/example_dags/example_python_operator.py
[2026-03-02T13:50:10.693+0000] {logging_mixin.py:188} INFO - [2026-03-02T13:50:10.693+0000] {dag.py:3096} INFO - Sync 1 DAGs
[2026-03-02T13:50:10.699+0000] {logging_mixin.py:188} INFO - [2026-03-02T13:50:10.699+0000] {dag.py:3954} INFO - Setting next_dagrun for example_python_operator to None, run_after=None
[2026-03-02T13:50:10.707+0000] {processor.py:183} INFO - Processing /home/airflow/.local/lib/python3.12/site-packages/airflow/example_dags/example_python_operator.py took 0.037 seconds
[2026-03-02T13:50:40.731+0000] {processor.py:161} INFO - Started process (PID=1686) to work on /home/airflow/.local/lib/python3.12/site-packages/airflow/example_dags/example_python_operator.py
[2026-03-02T13:50:40.732+0000] {processor.py:830} INFO - Processing file /home/airflow/.local/lib/python3.12/site-packages/airflow/example_dags/example_python_operator.py for tasks to queue
[2026-03-02T13:50:40.733+0000] {logging_mixin.py:188} INFO - [2026-03-02T13:50:40.733+0000] {dagbag.py:540} INFO - Filling up the DagBag from /home/airflow/.local/lib/python3.12/site-packages/airflow/example_dags/example_python_operator.py
[2026-03-02T13:50:40.742+0000] {processor.py:840} INFO - DAG(s) 'example_python_operator' retrieved from /home/airflow/.local/lib/python3.12/site-packages/airflow/example_dags/example_python_operator.py
[2026-03-02T13:50:40.762+0000] {logging_mixin.py:188} INFO - [2026-03-02T13:50:40.762+0000] {dag.py:3096} INFO - Sync 1 DAGs
[2026-03-02T13:50:40.776+0000] {logging_mixin.py:188} INFO - [2026-03-02T13:50:40.776+0000] {dag.py:3954} INFO - Setting next_dagrun for example_python_operator to None, run_after=None
[2026-03-02T13:50:40.792+0000] {processor.py:183} INFO - Processing /home/airflow/.local/lib/python3.12/site-packages/airflow/example_dags/example_python_operator.py took 0.065 seconds
[2026-03-02T13:51:11.424+0000] {processor.py:161} INFO - Started process (PID=1743) to work on /home/airflow/.local/lib/python3.12/site-packages/airflow/example_dags/example_python_operator.py
[2026-03-02T13:51:11.426+0000] {processor.py:830} INFO - Processing file /home/airflow/.local/lib/python3.12/site-packages/airflow/example_dags/example_python_operator.py for tasks to queue
[2026-03-02T13:51:11.430+0000] {logging_mixin.py:188} INFO - [2026-03-02T13:51:11.429+0000] {dagbag.py:540} INFO - Filling up the DagBag from /home/airflow/.local/lib/python3.12/site-packages/airflow/example_dags/example_python_operator.py
[2026-03-02T13:51:11.447+0000] {processor.py:840} INFO - DAG(s) 'example_python_operator' retrieved from /home/airflow/.local/lib/python3.12/site-packages/airflow/example_dags/example_python_operator.py
[2026-03-02T13:51:11.505+0000] {logging_mixin.py:188} INFO - [2026-03-02T13:51:11.504+0000] {dag.py:3096} INFO - Sync 1 DAGs
[2026-03-02T13:51:11.536+0000] {logging_mixin.py:188} INFO - [2026-03-02T13:51:11.536+0000] {dag.py:3954} INFO - Setting next_dagrun for example_python_operator to None, run_after=None
[2026-03-02T13:51:11.560+0000] {processor.py:183} INFO - Processing /home/airflow/.local/lib/python3.12/site-packages/airflow/example_dags/example_python_operator.py took 0.141 seconds
[2026-03-02T13:51:42.083+0000] {processor.py:161} INFO - Started process (PID=1801) to work on /home/airflow/.local/lib/python3.12/site-packages/airflow/example_dags/example_python_operator.py
[2026-03-02T13:51:42.085+0000] {processor.py:830} INFO - Processing file /home/airflow/.local/lib/python3.12/site-packages/airflow/example_dags/example_python_operator.py for tasks to queue
[2026-03-02T13:51:42.086+0000] {logging_mixin.py:188} INFO - [2026-03-02T13:51:42.086+0000] {dagbag.py:540} INFO - Filling up the DagBag from /home/airflow/.local/lib/python3.12/site-packages/airflow/example_dags/example_python_operator.py
[2026-03-02T13:51:42.092+0000] {processor.py:840} INFO - DAG(s) 'example_python_operator' retrieved from /home/airflow/.local/lib/python3.12/site-packages/airflow/example_dags/example_python_operator.py
[2026-03-02T13:51:42.106+0000] {logging_mixin.py:188} INFO - [2026-03-02T13:51:42.106+0000] {dag.py:3096} INFO - Sync 1 DAGs
[2026-03-02T13:51:42.113+0000] {logging_mixin.py:188} INFO - [2026-03-02T13:51:42.113+0000] {dag.py:3954} INFO - Setting next_dagrun for example_python_operator to None, run_after=None
[2026-03-02T13:51:42.121+0000] {processor.py:183} INFO - Processing /home/airflow/.local/lib/python3.12/site-packages/airflow/example_dags/example_python_operator.py took 0.041 seconds
[2026-03-02T13:52:12.783+0000] {processor.py:161} INFO - Started process (PID=1859) to work on /home/airflow/.local/lib/python3.12/site-packages/airflow/example_dags/example_python_operator.py
[2026-03-02T13:52:12.784+0000] {processor.py:830} INFO - Processing file /home/airflow/.local/lib/python3.12/site-packages/airflow/example_dags/example_python_operator.py for tasks to queue
[2026-03-02T13:52:12.785+0000] {logging_mixin.py:188} INFO - [2026-03-02T13:52:12.785+0000] {dagbag.py:540} INFO - Filling up the DagBag from /home/airflow/.local/lib/python3.12/site-packages/airflow/example_dags/example_python_operator.py
[2026-03-02T13:52:12.791+0000] {processor.py:840} INFO - DAG(s) 'example_python_operator' retrieved from /home/airflow/.local/lib/python3.12/site-packages/airflow/example_dags/example_python_operator.py
[2026-03-02T13:52:12.806+0000] {logging_mixin.py:188} INFO - [2026-03-02T13:52:12.806+0000] {dag.py:3096} INFO - Sync 1 DAGs
[2026-03-02T13:52:12.815+0000] {logging_mixin.py:188} INFO - [2026-03-02T13:52:12.815+0000] {dag.py:3954} INFO - Setting next_dagrun for example_python_operator to None, run_after=None
[2026-03-02T13:52:12.826+0000] {processor.py:183} INFO - Processing /home/airflow/.local/lib/python3.12/site-packages/airflow/example_dags/example_python_operator.py took 0.046 seconds
[2026-03-02T13:52:43.400+0000] {processor.py:161} INFO - Started process (PID=1917) to work on /home/airflow/.local/lib/python3.12/site-packages/airflow/example_dags/example_python_operator.py
[2026-03-02T13:52:43.403+0000] {processor.py:830} INFO - Processing file /home/airflow/.local/lib/python3.12/site-packages/airflow/example_dags/example_python_operator.py for tasks to queue
[2026-03-02T13:52:43.405+0000] {logging_mixin.py:188} INFO - [2026-03-02T13:52:43.405+0000] {dagbag.py:540} INFO - Filling up the DagBag from /home/airflow/.local/lib/python3.12/site-packages/airflow/example_dags/example_python_operator.py
[2026-03-02T13:52:43.413+0000] {processor.py:840} INFO - DAG(s) 'example_python_operator' retrieved from /home/airflow/.local/lib/python3.12/site-packages/airflow/example_dags/example_python_operator.py
[2026-03-02T13:52:43.431+0000] {logging_mixin.py:188} INFO - [2026-03-02T13:52:43.430+0000] {dag.py:3096} INFO - Sync 1 DAGs
[2026-03-02T13:52:43.438+0000] {logging_mixin.py:188} INFO - [2026-03-02T13:52:43.437+0000] {dag.py:3954} INFO - Setting next_dagrun for example_python_operator to None, run_after=None
[2026-03-02T13:52:43.447+0000] {processor.py:183} INFO - Processing /home/airflow/.local/lib/python3.12/site-packages/airflow/example_dags/example_python_operator.py took 0.051 seconds
[2026-03-02T13:53:15.976+0000] {processor.py:161} INFO - Started process (PID=1975) to work on /home/airflow/.local/lib/python3.12/site-packages/airflow/example_dags/example_python_operator.py
[2026-03-02T13:53:15.979+0000] {processor.py:830} INFO - Processing file /home/airflow/.local/lib/python3.12/site-packages/airflow/example_dags/example_python_operator.py for tasks to queue
[2026-03-02T13:53:15.981+0000] {logging_mixin.py:188} INFO - [2026-03-02T13:53:15.980+0000] {dagbag.py:540} INFO - Filling up the DagBag from /home/airflow/.local/lib/python3.12/site-packages/airflow/example_dags/example_python_operator.py
[2026-03-02T13:53:15.992+0000] {processor.py:840} INFO - DAG(s) 'example_python_operator' retrieved from /home/airflow/.local/lib/python3.12/site-packages/airflow/example_dags/example_python_operator.py
[2026-03-02T13:53:16.016+0000] {logging_mixin.py:188} INFO - [2026-03-02T13:53:16.016+0000] {dag.py:3096} INFO - Sync 1 DAGs
[2026-03-02T13:53:16.023+0000] {logging_mixin.py:188} INFO - [2026-03-02T13:53:16.023+0000] {dag.py:3954} INFO - Setting next_dagrun for example_python_operator to None, run_after=None
[2026-03-02T13:53:16.032+0000] {processor.py:183} INFO - Processing /home/airflow/.local/lib/python3.12/site-packages/airflow/example_dags/example_python_operator.py took 0.062 seconds
[2026-03-02T13:53:48.066+0000] {processor.py:161} INFO - Started process (PID=2033) to work on /home/airflow/.local/lib/python3.12/site-packages/airflow/example_dags/example_python_operator.py
[2026-03-02T13:53:48.066+0000] {processor.py:830} INFO - Processing file /home/airflow/.local/lib/python3.12/site-packages/airflow/example_dags/example_python_operator.py for tasks to queue
[2026-03-02T13:53:48.068+0000] {logging_mixin.py:188} INFO - [2026-03-02T13:53:48.067+0000] {dagbag.py:540} INFO - Filling up the DagBag from /home/airflow/.local/lib/python3.12/site-packages/airflow/example_dags/example_python_operator.py
[2026-03-02T13:53:48.076+0000] {processor.py:840} INFO - DAG(s) 'example_python_operator' retrieved from /home/airflow/.local/lib/python3.12/site-packages/airflow/example_dags/example_python_operator.py
[2026-03-02T13:53:48.103+0000] {logging_mixin.py:188} INFO - [2026-03-02T13:53:48.103+0000] {dag.py:3096} INFO - Sync 1 DAGs
[2026-03-02T13:53:48.114+0000] {logging_mixin.py:188} INFO - [2026-03-02T13:53:48.113+0000] {dag.py:3954} INFO - Setting next_dagrun for example_python_operator to None, run_after=None
[2026-03-02T13:53:48.132+0000] {processor.py:183} INFO - Processing /home/airflow/.local/lib/python3.12/site-packages/airflow/example_dags/example_python_operator.py took 0.071 seconds
[2026-03-02T13:54:18.353+0000] {processor.py:161} INFO - Started process (PID=2091) to work on /home/airflow/.local/lib/python3.12/site-packages/airflow/example_dags/example_python_operator.py
[2026-03-02T13:54:18.354+0000] {processor.py:830} INFO - Processing file /home/airflow/.local/lib/python3.12/site-packages/airflow/example_dags/example_python_operator.py for tasks to queue
[2026-03-02T13:54:18.355+0000] {logging_mixin.py:188} INFO - [2026-03-02T13:54:18.354+0000] {dagbag.py:540} INFO - Filling up the DagBag from /home/airflow/.local/lib/python3.12/site-packages/airflow/example_dags/example_python_operator.py
[2026-03-02T13:54:18.360+0000] {processor.py:840} INFO - DAG(s) 'example_python_operator' retrieved from /home/airflow/.local/lib/python3.12/site-packages/airflow/example_dags/example_python_operator.py
[2026-03-02T13:54:18.372+0000] {logging_mixin.py:188} INFO - [2026-03-02T13:54:18.372+0000] {dag.py:3096} INFO - Sync 1 DAGs
[2026-03-02T13:54:18.377+0000] {logging_mixin.py:188} INFO - [2026-03-02T13:54:18.377+0000] {dag.py:3954} INFO - Setting next_dagrun for example_python_operator to None, run_after=None
[2026-03-02T13:54:18.385+0000] {processor.py:183} INFO - Processing /home/airflow/.local/lib/python3.12/site-packages/airflow/example_dags/example_python_operator.py took 0.035 seconds
[2026-03-02T13:54:49.108+0000] {processor.py:161} INFO - Started process (PID=2149) to work on /home/airflow/.local/lib/python3.12/site-packages/airflow/example_dags/example_python_operator.py
[2026-03-02T13:54:49.108+0000] {processor.py:830} INFO - Processing file /home/airflow/.local/lib/python3.12/site-packages/airflow/example_dags/example_python_operator.py for tasks to queue
[2026-03-02T13:54:49.110+0000] {logging_mixin.py:188} INFO - [2026-03-02T13:54:49.109+0000] {dagbag.py:540} INFO - Filling up the DagBag from /home/airflow/.local/lib/python3.12/site-packages/airflow/example_dags/example_python_operator.py
[2026-03-02T13:54:49.115+0000] {processor.py:840} INFO - DAG(s) 'example_python_operator' retrieved from /home/airflow/.local/lib/python3.12/site-packages/airflow/example_dags/example_python_operator.py
[2026-03-02T13:54:49.126+0000] {logging_mixin.py:188} INFO - [2026-03-02T13:54:49.126+0000] {dag.py:3096} INFO - Sync 1 DAGs
[2026-03-02T13:54:49.132+0000] {logging_mixin.py:188} INFO - [2026-03-02T13:54:49.132+0000] {dag.py:3954} INFO - Setting next_dagrun for example_python_operator to None, run_after=None
[2026-03-02T13:54:49.139+0000] {processor.py:183} INFO - Processing /home/airflow/.local/lib/python3.12/site-packages/airflow/example_dags/example_python_operator.py took 0.034 seconds
[2026-03-02T13:55:24.364+0000] {processor.py:161} INFO - Started process (PID=2207) to work on /home/airflow/.local/lib/python3.12/site-packages/airflow/example_dags/example_python_operator.py
[2026-03-02T13:55:24.365+0000] {processor.py:830} INFO - Processing file /home/airflow/.local/lib/python3.12/site-packages/airflow/example_dags/example_python_operator.py for tasks to queue
[2026-03-02T13:55:24.367+0000] {logging_mixin.py:188} INFO - [2026-03-02T13:55:24.367+0000] {dagbag.py:540} INFO - Filling up the DagBag from /home/airflow/.local/lib/python3.12/site-packages/airflow/example_dags/example_python_operator.py
[2026-03-02T13:55:24.374+0000] {processor.py:840} INFO - DAG(s) 'example_python_operator' retrieved from /home/airflow/.local/lib/python3.12/site-packages/airflow/example_dags/example_python_operator.py
[2026-03-02T13:55:24.403+0000] {logging_mixin.py:188} INFO - [2026-03-02T13:55:24.403+0000] {dag.py:3096} INFO - Sync 1 DAGs
[2026-03-02T13:55:24.415+0000] {logging_mixin.py:188} INFO - [2026-03-02T13:55:24.414+0000] {dag.py:3954} INFO - Setting next_dagrun for example_python_operator to None, run_after=None
[2026-03-02T13:55:24.428+0000] {processor.py:183} INFO - Processing /home/airflow/.local/lib/python3.12/site-packages/airflow/example_dags/example_python_operator.py took 0.070 seconds
[2026-03-02T13:55:54.594+0000] {processor.py:161} INFO - Started process (PID=2265) to work on /home/airflow/.local/lib/python3.12/site-packages/airflow/example_dags/example_python_operator.py
[2026-03-02T13:55:54.595+0000] {processor.py:830} INFO - Processing file /home/airflow/.local/lib/python3.12/site-packages/airflow/example_dags/example_python_operator.py for tasks to queue
[2026-03-02T13:55:54.595+0000] {logging_mixin.py:188} INFO - [2026-03-02T13:55:54.595+0000] {dagbag.py:540} INFO - Filling up the DagBag from /home/airflow/.local/lib/python3.12/site-packages/airflow/example_dags/example_python_operator.py
[2026-03-02T13:55:54.601+0000] {processor.py:840} INFO - DAG(s) 'example_python_operator' retrieved from /home/airflow/.local/lib/python3.12/site-packages/airflow/example_dags/example_python_operator.py
[2026-03-02T13:55:54.613+0000] {logging_mixin.py:188} INFO - [2026-03-02T13:55:54.613+0000] {dag.py:3096} INFO - Sync 1 DAGs
[2026-03-02T13:55:54.619+0000] {logging_mixin.py:188} INFO - [2026-03-02T13:55:54.619+0000] {dag.py:3954} INFO - Setting next_dagrun for example_python_operator to None, run_after=None
[2026-03-02T13:55:54.629+0000] {processor.py:183} INFO - Processing /home/airflow/.local/lib/python3.12/site-packages/airflow/example_dags/example_python_operator.py took 0.038 seconds
