[2026-03-02T13:36:27.437+0000] {processor.py:161} INFO - Started process (PID=53) to work on /home/airflow/.local/lib/python3.12/site-packages/airflow/example_dags/example_short_circuit_operator.py
[2026-03-02T13:36:27.440+0000] {processor.py:830} INFO - Processing file /home/airflow/.local/lib/python3.12/site-packages/airflow/example_dags/example_short_circuit_operator.py for tasks to queue
[2026-03-02T13:36:27.443+0000] {logging_mixin.py:188} INFO - [2026-03-02T13:36:27.443+0000] {dagbag.py:540} INFO - Filling up the DagBag from /home/airflow/.local/lib/python3.12/site-packages/airflow/example_dags/example_short_circuit_operator.py
[2026-03-02T13:36:27.456+0000] {processor.py:840} INFO - DAG(s) 'example_short_circuit_operator' retrieved from /home/airflow/.local/lib/python3.12/site-packages/airflow/example_dags/example_short_circuit_operator.py
[2026-03-02T13:36:27.840+0000] {logging_mixin.py:188} INFO - [2026-03-02T13:36:27.840+0000] {dag.py:3096} INFO - Sync 1 DAGs
[2026-03-02T13:36:27.852+0000] {logging_mixin.py:188} INFO - [2026-03-02T13:36:27.852+0000] {dag.py:3954} INFO - Setting next_dagrun for example_short_circuit_operator to 2026-03-01 00:00:00+00:00, run_after=2026-03-02 00:00:00+00:00
[2026-03-02T13:36:27.900+0000] {processor.py:183} INFO - Processing /home/airflow/.local/lib/python3.12/site-packages/airflow/example_dags/example_short_circuit_operator.py took 0.476 seconds
[2026-03-02T13:36:58.837+0000] {processor.py:161} INFO - Started process (PID=110) to work on /home/airflow/.local/lib/python3.12/site-packages/airflow/example_dags/example_short_circuit_operator.py
[2026-03-02T13:36:58.841+0000] {processor.py:830} INFO - Processing file /home/airflow/.local/lib/python3.12/site-packages/airflow/example_dags/example_short_circuit_operator.py for tasks to queue
[2026-03-02T13:36:58.854+0000] {logging_mixin.py:188} INFO - [2026-03-02T13:36:58.853+0000] {dagbag.py:540} INFO - Filling up the DagBag from /home/airflow/.local/lib/python3.12/site-packages/airflow/example_dags/example_short_circuit_operator.py
[2026-03-02T13:36:58.878+0000] {processor.py:840} INFO - DAG(s) 'example_short_circuit_operator' retrieved from /home/airflow/.local/lib/python3.12/site-packages/airflow/example_dags/example_short_circuit_operator.py
[2026-03-02T13:36:58.915+0000] {logging_mixin.py:188} INFO - [2026-03-02T13:36:58.915+0000] {dag.py:3096} INFO - Sync 1 DAGs
[2026-03-02T13:36:58.944+0000] {logging_mixin.py:188} INFO - [2026-03-02T13:36:58.944+0000] {dag.py:3954} INFO - Setting next_dagrun for example_short_circuit_operator to 2026-03-01 00:00:00+00:00, run_after=2026-03-02 00:00:00+00:00
[2026-03-02T13:36:58.958+0000] {processor.py:183} INFO - Processing /home/airflow/.local/lib/python3.12/site-packages/airflow/example_dags/example_short_circuit_operator.py took 0.134 seconds
[2026-03-02T13:37:29.217+0000] {processor.py:161} INFO - Started process (PID=168) to work on /home/airflow/.local/lib/python3.12/site-packages/airflow/example_dags/example_short_circuit_operator.py
[2026-03-02T13:37:29.219+0000] {processor.py:830} INFO - Processing file /home/airflow/.local/lib/python3.12/site-packages/airflow/example_dags/example_short_circuit_operator.py for tasks to queue
[2026-03-02T13:37:29.224+0000] {logging_mixin.py:188} INFO - [2026-03-02T13:37:29.223+0000] {dagbag.py:540} INFO - Filling up the DagBag from /home/airflow/.local/lib/python3.12/site-packages/airflow/example_dags/example_short_circuit_operator.py
[2026-03-02T13:37:29.239+0000] {processor.py:840} INFO - DAG(s) 'example_short_circuit_operator' retrieved from /home/airflow/.local/lib/python3.12/site-packages/airflow/example_dags/example_short_circuit_operator.py
[2026-03-02T13:37:29.278+0000] {logging_mixin.py:188} INFO - [2026-03-02T13:37:29.278+0000] {dag.py:3096} INFO - Sync 1 DAGs
[2026-03-02T13:37:29.305+0000] {logging_mixin.py:188} INFO - [2026-03-02T13:37:29.305+0000] {dag.py:3954} INFO - Setting next_dagrun for example_short_circuit_operator to 2026-03-01 00:00:00+00:00, run_after=2026-03-02 00:00:00+00:00
[2026-03-02T13:37:29.318+0000] {processor.py:183} INFO - Processing /home/airflow/.local/lib/python3.12/site-packages/airflow/example_dags/example_short_circuit_operator.py took 0.111 seconds
[2026-03-02T13:37:59.578+0000] {processor.py:161} INFO - Started process (PID=232) to work on /home/airflow/.local/lib/python3.12/site-packages/airflow/example_dags/example_short_circuit_operator.py
[2026-03-02T13:37:59.579+0000] {processor.py:830} INFO - Processing file /home/airflow/.local/lib/python3.12/site-packages/airflow/example_dags/example_short_circuit_operator.py for tasks to queue
[2026-03-02T13:37:59.591+0000] {logging_mixin.py:188} INFO - [2026-03-02T13:37:59.590+0000] {dagbag.py:540} INFO - Filling up the DagBag from /home/airflow/.local/lib/python3.12/site-packages/airflow/example_dags/example_short_circuit_operator.py
[2026-03-02T13:37:59.611+0000] {processor.py:840} INFO - DAG(s) 'example_short_circuit_operator' retrieved from /home/airflow/.local/lib/python3.12/site-packages/airflow/example_dags/example_short_circuit_operator.py
[2026-03-02T13:37:59.671+0000] {logging_mixin.py:188} INFO - [2026-03-02T13:37:59.670+0000] {dag.py:3096} INFO - Sync 1 DAGs
[2026-03-02T13:37:59.689+0000] {logging_mixin.py:188} INFO - [2026-03-02T13:37:59.689+0000] {dag.py:3954} INFO - Setting next_dagrun for example_short_circuit_operator to 2026-03-01 00:00:00+00:00, run_after=2026-03-02 00:00:00+00:00
[2026-03-02T13:37:59.710+0000] {processor.py:183} INFO - Processing /home/airflow/.local/lib/python3.12/site-packages/airflow/example_dags/example_short_circuit_operator.py took 0.141 seconds
[2026-03-02T13:38:30.035+0000] {processor.py:161} INFO - Started process (PID=290) to work on /home/airflow/.local/lib/python3.12/site-packages/airflow/example_dags/example_short_circuit_operator.py
[2026-03-02T13:38:30.036+0000] {processor.py:830} INFO - Processing file /home/airflow/.local/lib/python3.12/site-packages/airflow/example_dags/example_short_circuit_operator.py for tasks to queue
[2026-03-02T13:38:30.038+0000] {logging_mixin.py:188} INFO - [2026-03-02T13:38:30.038+0000] {dagbag.py:540} INFO - Filling up the DagBag from /home/airflow/.local/lib/python3.12/site-packages/airflow/example_dags/example_short_circuit_operator.py
[2026-03-02T13:38:30.048+0000] {processor.py:840} INFO - DAG(s) 'example_short_circuit_operator' retrieved from /home/airflow/.local/lib/python3.12/site-packages/airflow/example_dags/example_short_circuit_operator.py
[2026-03-02T13:38:30.069+0000] {logging_mixin.py:188} INFO - [2026-03-02T13:38:30.069+0000] {dag.py:3096} INFO - Sync 1 DAGs
[2026-03-02T13:38:30.085+0000] {logging_mixin.py:188} INFO - [2026-03-02T13:38:30.085+0000] {dag.py:3954} INFO - Setting next_dagrun for example_short_circuit_operator to 2026-03-01 00:00:00+00:00, run_after=2026-03-02 00:00:00+00:00
[2026-03-02T13:38:30.095+0000] {processor.py:183} INFO - Processing /home/airflow/.local/lib/python3.12/site-packages/airflow/example_dags/example_short_circuit_operator.py took 0.066 seconds
[2026-03-02T13:39:00.474+0000] {processor.py:161} INFO - Started process (PID=348) to work on /home/airflow/.local/lib/python3.12/site-packages/airflow/example_dags/example_short_circuit_operator.py
[2026-03-02T13:39:00.476+0000] {processor.py:830} INFO - Processing file /home/airflow/.local/lib/python3.12/site-packages/airflow/example_dags/example_short_circuit_operator.py for tasks to queue
[2026-03-02T13:39:00.480+0000] {logging_mixin.py:188} INFO - [2026-03-02T13:39:00.480+0000] {dagbag.py:540} INFO - Filling up the DagBag from /home/airflow/.local/lib/python3.12/site-packages/airflow/example_dags/example_short_circuit_operator.py
[2026-03-02T13:39:00.485+0000] {processor.py:840} INFO - DAG(s) 'example_short_circuit_operator' retrieved from /home/airflow/.local/lib/python3.12/site-packages/airflow/example_dags/example_short_circuit_operator.py
[2026-03-02T13:39:00.500+0000] {logging_mixin.py:188} INFO - [2026-03-02T13:39:00.500+0000] {dag.py:3096} INFO - Sync 1 DAGs
[2026-03-02T13:39:00.515+0000] {logging_mixin.py:188} INFO - [2026-03-02T13:39:00.515+0000] {dag.py:3954} INFO - Setting next_dagrun for example_short_circuit_operator to 2026-03-01 00:00:00+00:00, run_after=2026-03-02 00:00:00+00:00
[2026-03-02T13:39:00.529+0000] {processor.py:183} INFO - Processing /home/airflow/.local/lib/python3.12/site-packages/airflow/example_dags/example_short_circuit_operator.py took 0.059 seconds
[2026-03-02T13:39:30.945+0000] {processor.py:161} INFO - Started process (PID=406) to work on /home/airflow/.local/lib/python3.12/site-packages/airflow/example_dags/example_short_circuit_operator.py
[2026-03-02T13:39:30.946+0000] {processor.py:830} INFO - Processing file /home/airflow/.local/lib/python3.12/site-packages/airflow/example_dags/example_short_circuit_operator.py for tasks to queue
[2026-03-02T13:39:30.948+0000] {logging_mixin.py:188} INFO - [2026-03-02T13:39:30.947+0000] {dagbag.py:540} INFO - Filling up the DagBag from /home/airflow/.local/lib/python3.12/site-packages/airflow/example_dags/example_short_circuit_operator.py
[2026-03-02T13:39:30.959+0000] {processor.py:840} INFO - DAG(s) 'example_short_circuit_operator' retrieved from /home/airflow/.local/lib/python3.12/site-packages/airflow/example_dags/example_short_circuit_operator.py
[2026-03-02T13:39:30.983+0000] {logging_mixin.py:188} INFO - [2026-03-02T13:39:30.983+0000] {dag.py:3096} INFO - Sync 1 DAGs
[2026-03-02T13:39:30.998+0000] {logging_mixin.py:188} INFO - [2026-03-02T13:39:30.997+0000] {dag.py:3954} INFO - Setting next_dagrun for example_short_circuit_operator to 2026-03-01 00:00:00+00:00, run_after=2026-03-02 00:00:00+00:00
[2026-03-02T13:39:31.006+0000] {processor.py:183} INFO - Processing /home/airflow/.local/lib/python3.12/site-packages/airflow/example_dags/example_short_circuit_operator.py took 0.070 seconds
[2026-03-02T13:40:01.427+0000] {processor.py:161} INFO - Started process (PID=464) to work on /home/airflow/.local/lib/python3.12/site-packages/airflow/example_dags/example_short_circuit_operator.py
[2026-03-02T13:40:01.427+0000] {processor.py:830} INFO - Processing file /home/airflow/.local/lib/python3.12/site-packages/airflow/example_dags/example_short_circuit_operator.py for tasks to queue
[2026-03-02T13:40:01.429+0000] {logging_mixin.py:188} INFO - [2026-03-02T13:40:01.428+0000] {dagbag.py:540} INFO - Filling up the DagBag from /home/airflow/.local/lib/python3.12/site-packages/airflow/example_dags/example_short_circuit_operator.py
[2026-03-02T13:40:01.435+0000] {processor.py:840} INFO - DAG(s) 'example_short_circuit_operator' retrieved from /home/airflow/.local/lib/python3.12/site-packages/airflow/example_dags/example_short_circuit_operator.py
[2026-03-02T13:40:01.454+0000] {logging_mixin.py:188} INFO - [2026-03-02T13:40:01.454+0000] {dag.py:3096} INFO - Sync 1 DAGs
[2026-03-02T13:40:01.472+0000] {logging_mixin.py:188} INFO - [2026-03-02T13:40:01.472+0000] {dag.py:3954} INFO - Setting next_dagrun for example_short_circuit_operator to 2026-03-01 00:00:00+00:00, run_after=2026-03-02 00:00:00+00:00
[2026-03-02T13:40:01.484+0000] {processor.py:183} INFO - Processing /home/airflow/.local/lib/python3.12/site-packages/airflow/example_dags/example_short_circuit_operator.py took 0.061 seconds
[2026-03-02T13:40:31.686+0000] {processor.py:161} INFO - Started process (PID=522) to work on /home/airflow/.local/lib/python3.12/site-packages/airflow/example_dags/example_short_circuit_operator.py
[2026-03-02T13:40:31.687+0000] {processor.py:830} INFO - Processing file /home/airflow/.local/lib/python3.12/site-packages/airflow/example_dags/example_short_circuit_operator.py for tasks to queue
[2026-03-02T13:40:31.688+0000] {logging_mixin.py:188} INFO - [2026-03-02T13:40:31.688+0000] {dagbag.py:540} INFO - Filling up the DagBag from /home/airflow/.local/lib/python3.12/site-packages/airflow/example_dags/example_short_circuit_operator.py
[2026-03-02T13:40:31.693+0000] {processor.py:840} INFO - DAG(s) 'example_short_circuit_operator' retrieved from /home/airflow/.local/lib/python3.12/site-packages/airflow/example_dags/example_short_circuit_operator.py
[2026-03-02T13:40:31.707+0000] {logging_mixin.py:188} INFO - [2026-03-02T13:40:31.707+0000] {dag.py:3096} INFO - Sync 1 DAGs
[2026-03-02T13:40:31.717+0000] {logging_mixin.py:188} INFO - [2026-03-02T13:40:31.717+0000] {dag.py:3954} INFO - Setting next_dagrun for example_short_circuit_operator to 2026-03-01 00:00:00+00:00, run_after=2026-03-02 00:00:00+00:00
[2026-03-02T13:40:31.725+0000] {processor.py:183} INFO - Processing /home/airflow/.local/lib/python3.12/site-packages/airflow/example_dags/example_short_circuit_operator.py took 0.043 seconds
[2026-03-02T13:41:02.112+0000] {processor.py:161} INFO - Started process (PID=580) to work on /home/airflow/.local/lib/python3.12/site-packages/airflow/example_dags/example_short_circuit_operator.py
[2026-03-02T13:41:02.112+0000] {processor.py:830} INFO - Processing file /home/airflow/.local/lib/python3.12/site-packages/airflow/example_dags/example_short_circuit_operator.py for tasks to queue
[2026-03-02T13:41:02.117+0000] {logging_mixin.py:188} INFO - [2026-03-02T13:41:02.117+0000] {dagbag.py:540} INFO - Filling up the DagBag from /home/airflow/.local/lib/python3.12/site-packages/airflow/example_dags/example_short_circuit_operator.py
[2026-03-02T13:41:02.126+0000] {processor.py:840} INFO - DAG(s) 'example_short_circuit_operator' retrieved from /home/airflow/.local/lib/python3.12/site-packages/airflow/example_dags/example_short_circuit_operator.py
[2026-03-02T13:41:02.144+0000] {logging_mixin.py:188} INFO - [2026-03-02T13:41:02.144+0000] {dag.py:3096} INFO - Sync 1 DAGs
[2026-03-02T13:41:02.158+0000] {logging_mixin.py:188} INFO - [2026-03-02T13:41:02.158+0000] {dag.py:3954} INFO - Setting next_dagrun for example_short_circuit_operator to 2026-03-01 00:00:00+00:00, run_after=2026-03-02 00:00:00+00:00
[2026-03-02T13:41:02.169+0000] {processor.py:183} INFO - Processing /home/airflow/.local/lib/python3.12/site-packages/airflow/example_dags/example_short_circuit_operator.py took 0.062 seconds
[2026-03-02T13:41:32.584+0000] {processor.py:161} INFO - Started process (PID=638) to work on /home/airflow/.local/lib/python3.12/site-packages/airflow/example_dags/example_short_circuit_operator.py
[2026-03-02T13:41:32.586+0000] {processor.py:830} INFO - Processing file /home/airflow/.local/lib/python3.12/site-packages/airflow/example_dags/example_short_circuit_operator.py for tasks to queue
[2026-03-02T13:41:32.589+0000] {logging_mixin.py:188} INFO - [2026-03-02T13:41:32.588+0000] {dagbag.py:540} INFO - Filling up the DagBag from /home/airflow/.local/lib/python3.12/site-packages/airflow/example_dags/example_short_circuit_operator.py
[2026-03-02T13:41:32.597+0000] {processor.py:840} INFO - DAG(s) 'example_short_circuit_operator' retrieved from /home/airflow/.local/lib/python3.12/site-packages/airflow/example_dags/example_short_circuit_operator.py
[2026-03-02T13:41:32.640+0000] {logging_mixin.py:188} INFO - [2026-03-02T13:41:32.640+0000] {dag.py:3096} INFO - Sync 1 DAGs
[2026-03-02T13:41:32.658+0000] {logging_mixin.py:188} INFO - [2026-03-02T13:41:32.657+0000] {dag.py:3954} INFO - Setting next_dagrun for example_short_circuit_operator to 2026-03-01 00:00:00+00:00, run_after=2026-03-02 00:00:00+00:00
[2026-03-02T13:41:32.699+0000] {processor.py:183} INFO - Processing /home/airflow/.local/lib/python3.12/site-packages/airflow/example_dags/example_short_circuit_operator.py took 0.127 seconds
[2026-03-02T13:42:03.164+0000] {processor.py:161} INFO - Started process (PID=696) to work on /home/airflow/.local/lib/python3.12/site-packages/airflow/example_dags/example_short_circuit_operator.py
[2026-03-02T13:42:03.170+0000] {processor.py:830} INFO - Processing file /home/airflow/.local/lib/python3.12/site-packages/airflow/example_dags/example_short_circuit_operator.py for tasks to queue
[2026-03-02T13:42:03.175+0000] {logging_mixin.py:188} INFO - [2026-03-02T13:42:03.175+0000] {dagbag.py:540} INFO - Filling up the DagBag from /home/airflow/.local/lib/python3.12/site-packages/airflow/example_dags/example_short_circuit_operator.py
[2026-03-02T13:42:03.192+0000] {processor.py:840} INFO - DAG(s) 'example_short_circuit_operator' retrieved from /home/airflow/.local/lib/python3.12/site-packages/airflow/example_dags/example_short_circuit_operator.py
[2026-03-02T13:42:03.242+0000] {logging_mixin.py:188} INFO - [2026-03-02T13:42:03.242+0000] {dag.py:3096} INFO - Sync 1 DAGs
[2026-03-02T13:42:03.262+0000] {logging_mixin.py:188} INFO - [2026-03-02T13:42:03.262+0000] {dag.py:3954} INFO - Setting next_dagrun for example_short_circuit_operator to 2026-03-01 00:00:00+00:00, run_after=2026-03-02 00:00:00+00:00
[2026-03-02T13:42:03.277+0000] {processor.py:183} INFO - Processing /home/airflow/.local/lib/python3.12/site-packages/airflow/example_dags/example_short_circuit_operator.py took 0.135 seconds
[2026-03-02T13:42:33.323+0000] {processor.py:161} INFO - Started process (PID=754) to work on /home/airflow/.local/lib/python3.12/site-packages/airflow/example_dags/example_short_circuit_operator.py
[2026-03-02T13:42:33.324+0000] {processor.py:830} INFO - Processing file /home/airflow/.local/lib/python3.12/site-packages/airflow/example_dags/example_short_circuit_operator.py for tasks to queue
[2026-03-02T13:42:33.326+0000] {logging_mixin.py:188} INFO - [2026-03-02T13:42:33.325+0000] {dagbag.py:540} INFO - Filling up the DagBag from /home/airflow/.local/lib/python3.12/site-packages/airflow/example_dags/example_short_circuit_operator.py
[2026-03-02T13:42:33.331+0000] {processor.py:840} INFO - DAG(s) 'example_short_circuit_operator' retrieved from /home/airflow/.local/lib/python3.12/site-packages/airflow/example_dags/example_short_circuit_operator.py
[2026-03-02T13:42:33.350+0000] {logging_mixin.py:188} INFO - [2026-03-02T13:42:33.350+0000] {dag.py:3096} INFO - Sync 1 DAGs
[2026-03-02T13:42:33.361+0000] {logging_mixin.py:188} INFO - [2026-03-02T13:42:33.361+0000] {dag.py:3954} INFO - Setting next_dagrun for example_short_circuit_operator to 2026-03-01 00:00:00+00:00, run_after=2026-03-02 00:00:00+00:00
[2026-03-02T13:42:33.370+0000] {processor.py:183} INFO - Processing /home/airflow/.local/lib/python3.12/site-packages/airflow/example_dags/example_short_circuit_operator.py took 0.052 seconds
[2026-03-02T13:43:03.825+0000] {processor.py:161} INFO - Started process (PID=812) to work on /home/airflow/.local/lib/python3.12/site-packages/airflow/example_dags/example_short_circuit_operator.py
[2026-03-02T13:43:03.826+0000] {processor.py:830} INFO - Processing file /home/airflow/.local/lib/python3.12/site-packages/airflow/example_dags/example_short_circuit_operator.py for tasks to queue
[2026-03-02T13:43:03.828+0000] {logging_mixin.py:188} INFO - [2026-03-02T13:43:03.827+0000] {dagbag.py:540} INFO - Filling up the DagBag from /home/airflow/.local/lib/python3.12/site-packages/airflow/example_dags/example_short_circuit_operator.py
[2026-03-02T13:43:03.840+0000] {processor.py:840} INFO - DAG(s) 'example_short_circuit_operator' retrieved from /home/airflow/.local/lib/python3.12/site-packages/airflow/example_dags/example_short_circuit_operator.py
[2026-03-02T13:43:03.869+0000] {logging_mixin.py:188} INFO - [2026-03-02T13:43:03.869+0000] {dag.py:3096} INFO - Sync 1 DAGs
[2026-03-02T13:43:03.888+0000] {logging_mixin.py:188} INFO - [2026-03-02T13:43:03.887+0000] {dag.py:3954} INFO - Setting next_dagrun for example_short_circuit_operator to 2026-03-01 00:00:00+00:00, run_after=2026-03-02 00:00:00+00:00
[2026-03-02T13:43:03.898+0000] {processor.py:183} INFO - Processing /home/airflow/.local/lib/python3.12/site-packages/airflow/example_dags/example_short_circuit_operator.py took 0.079 seconds
[2026-03-02T13:43:34.054+0000] {processor.py:161} INFO - Started process (PID=870) to work on /home/airflow/.local/lib/python3.12/site-packages/airflow/example_dags/example_short_circuit_operator.py
[2026-03-02T13:43:34.054+0000] {processor.py:830} INFO - Processing file /home/airflow/.local/lib/python3.12/site-packages/airflow/example_dags/example_short_circuit_operator.py for tasks to queue
[2026-03-02T13:43:34.056+0000] {logging_mixin.py:188} INFO - [2026-03-02T13:43:34.056+0000] {dagbag.py:540} INFO - Filling up the DagBag from /home/airflow/.local/lib/python3.12/site-packages/airflow/example_dags/example_short_circuit_operator.py
[2026-03-02T13:43:34.063+0000] {processor.py:840} INFO - DAG(s) 'example_short_circuit_operator' retrieved from /home/airflow/.local/lib/python3.12/site-packages/airflow/example_dags/example_short_circuit_operator.py
[2026-03-02T13:43:34.076+0000] {logging_mixin.py:188} INFO - [2026-03-02T13:43:34.075+0000] {dag.py:3096} INFO - Sync 1 DAGs
[2026-03-02T13:43:34.086+0000] {logging_mixin.py:188} INFO - [2026-03-02T13:43:34.086+0000] {dag.py:3954} INFO - Setting next_dagrun for example_short_circuit_operator to 2026-03-01 00:00:00+00:00, run_after=2026-03-02 00:00:00+00:00
[2026-03-02T13:43:34.094+0000] {processor.py:183} INFO - Processing /home/airflow/.local/lib/python3.12/site-packages/airflow/example_dags/example_short_circuit_operator.py took 0.043 seconds
[2026-03-02T13:44:04.591+0000] {processor.py:161} INFO - Started process (PID=928) to work on /home/airflow/.local/lib/python3.12/site-packages/airflow/example_dags/example_short_circuit_operator.py
[2026-03-02T13:44:04.591+0000] {processor.py:830} INFO - Processing file /home/airflow/.local/lib/python3.12/site-packages/airflow/example_dags/example_short_circuit_operator.py for tasks to queue
[2026-03-02T13:44:04.593+0000] {logging_mixin.py:188} INFO - [2026-03-02T13:44:04.593+0000] {dagbag.py:540} INFO - Filling up the DagBag from /home/airflow/.local/lib/python3.12/site-packages/airflow/example_dags/example_short_circuit_operator.py
[2026-03-02T13:44:04.604+0000] {processor.py:840} INFO - DAG(s) 'example_short_circuit_operator' retrieved from /home/airflow/.local/lib/python3.12/site-packages/airflow/example_dags/example_short_circuit_operator.py
[2026-03-02T13:44:04.624+0000] {logging_mixin.py:188} INFO - [2026-03-02T13:44:04.624+0000] {dag.py:3096} INFO - Sync 1 DAGs
[2026-03-02T13:44:04.638+0000] {logging_mixin.py:188} INFO - [2026-03-02T13:44:04.638+0000] {dag.py:3954} INFO - Setting next_dagrun for example_short_circuit_operator to 2026-03-01 00:00:00+00:00, run_after=2026-03-02 00:00:00+00:00
[2026-03-02T13:44:04.646+0000] {processor.py:183} INFO - Processing /home/airflow/.local/lib/python3.12/site-packages/airflow/example_dags/example_short_circuit_operator.py took 0.063 seconds
[2026-03-02T13:44:35.027+0000] {processor.py:161} INFO - Started process (PID=985) to work on /home/airflow/.local/lib/python3.12/site-packages/airflow/example_dags/example_short_circuit_operator.py
[2026-03-02T13:44:35.028+0000] {processor.py:830} INFO - Processing file /home/airflow/.local/lib/python3.12/site-packages/airflow/example_dags/example_short_circuit_operator.py for tasks to queue
[2026-03-02T13:44:35.029+0000] {logging_mixin.py:188} INFO - [2026-03-02T13:44:35.029+0000] {dagbag.py:540} INFO - Filling up the DagBag from /home/airflow/.local/lib/python3.12/site-packages/airflow/example_dags/example_short_circuit_operator.py
[2026-03-02T13:44:35.035+0000] {processor.py:840} INFO - DAG(s) 'example_short_circuit_operator' retrieved from /home/airflow/.local/lib/python3.12/site-packages/airflow/example_dags/example_short_circuit_operator.py
[2026-03-02T13:44:35.055+0000] {logging_mixin.py:188} INFO - [2026-03-02T13:44:35.055+0000] {dag.py:3096} INFO - Sync 1 DAGs
[2026-03-02T13:44:35.067+0000] {logging_mixin.py:188} INFO - [2026-03-02T13:44:35.067+0000] {dag.py:3954} INFO - Setting next_dagrun for example_short_circuit_operator to 2026-03-01 00:00:00+00:00, run_after=2026-03-02 00:00:00+00:00
[2026-03-02T13:44:35.078+0000] {processor.py:183} INFO - Processing /home/airflow/.local/lib/python3.12/site-packages/airflow/example_dags/example_short_circuit_operator.py took 0.054 seconds
[2026-03-02T13:45:05.110+0000] {processor.py:161} INFO - Started process (PID=1043) to work on /home/airflow/.local/lib/python3.12/site-packages/airflow/example_dags/example_short_circuit_operator.py
[2026-03-02T13:45:05.111+0000] {processor.py:830} INFO - Processing file /home/airflow/.local/lib/python3.12/site-packages/airflow/example_dags/example_short_circuit_operator.py for tasks to queue
[2026-03-02T13:45:05.113+0000] {logging_mixin.py:188} INFO - [2026-03-02T13:45:05.112+0000] {dagbag.py:540} INFO - Filling up the DagBag from /home/airflow/.local/lib/python3.12/site-packages/airflow/example_dags/example_short_circuit_operator.py
[2026-03-02T13:45:05.122+0000] {processor.py:840} INFO - DAG(s) 'example_short_circuit_operator' retrieved from /home/airflow/.local/lib/python3.12/site-packages/airflow/example_dags/example_short_circuit_operator.py
[2026-03-02T13:45:05.141+0000] {logging_mixin.py:188} INFO - [2026-03-02T13:45:05.141+0000] {dag.py:3096} INFO - Sync 1 DAGs
[2026-03-02T13:45:05.159+0000] {logging_mixin.py:188} INFO - [2026-03-02T13:45:05.159+0000] {dag.py:3954} INFO - Setting next_dagrun for example_short_circuit_operator to 2026-03-01 00:00:00+00:00, run_after=2026-03-02 00:00:00+00:00
[2026-03-02T13:45:05.173+0000] {processor.py:183} INFO - Processing /home/airflow/.local/lib/python3.12/site-packages/airflow/example_dags/example_short_circuit_operator.py took 0.069 seconds
[2026-03-02T13:45:35.235+0000] {processor.py:161} INFO - Started process (PID=1101) to work on /home/airflow/.local/lib/python3.12/site-packages/airflow/example_dags/example_short_circuit_operator.py
[2026-03-02T13:45:35.239+0000] {processor.py:830} INFO - Processing file /home/airflow/.local/lib/python3.12/site-packages/airflow/example_dags/example_short_circuit_operator.py for tasks to queue
[2026-03-02T13:45:35.241+0000] {logging_mixin.py:188} INFO - [2026-03-02T13:45:35.240+0000] {dagbag.py:540} INFO - Filling up the DagBag from /home/airflow/.local/lib/python3.12/site-packages/airflow/example_dags/example_short_circuit_operator.py
[2026-03-02T13:45:35.246+0000] {processor.py:840} INFO - DAG(s) 'example_short_circuit_operator' retrieved from /home/airflow/.local/lib/python3.12/site-packages/airflow/example_dags/example_short_circuit_operator.py
[2026-03-02T13:45:35.260+0000] {logging_mixin.py:188} INFO - [2026-03-02T13:45:35.260+0000] {dag.py:3096} INFO - Sync 1 DAGs
[2026-03-02T13:45:35.395+0000] {logging_mixin.py:188} INFO - [2026-03-02T13:45:35.395+0000] {dag.py:3954} INFO - Setting next_dagrun for example_short_circuit_operator to 2026-03-01 00:00:00+00:00, run_after=2026-03-02 00:00:00+00:00
[2026-03-02T13:45:35.407+0000] {processor.py:183} INFO - Processing /home/airflow/.local/lib/python3.12/site-packages/airflow/example_dags/example_short_circuit_operator.py took 0.175 seconds
[2026-03-02T13:46:05.714+0000] {processor.py:161} INFO - Started process (PID=1159) to work on /home/airflow/.local/lib/python3.12/site-packages/airflow/example_dags/example_short_circuit_operator.py
[2026-03-02T13:46:05.714+0000] {processor.py:830} INFO - Processing file /home/airflow/.local/lib/python3.12/site-packages/airflow/example_dags/example_short_circuit_operator.py for tasks to queue
[2026-03-02T13:46:05.715+0000] {logging_mixin.py:188} INFO - [2026-03-02T13:46:05.715+0000] {dagbag.py:540} INFO - Filling up the DagBag from /home/airflow/.local/lib/python3.12/site-packages/airflow/example_dags/example_short_circuit_operator.py
[2026-03-02T13:46:05.719+0000] {processor.py:840} INFO - DAG(s) 'example_short_circuit_operator' retrieved from /home/airflow/.local/lib/python3.12/site-packages/airflow/example_dags/example_short_circuit_operator.py
[2026-03-02T13:46:05.730+0000] {logging_mixin.py:188} INFO - [2026-03-02T13:46:05.730+0000] {dag.py:3096} INFO - Sync 1 DAGs
[2026-03-02T13:46:05.742+0000] {logging_mixin.py:188} INFO - [2026-03-02T13:46:05.742+0000] {dag.py:3954} INFO - Setting next_dagrun for example_short_circuit_operator to 2026-03-01 00:00:00+00:00, run_after=2026-03-02 00:00:00+00:00
[2026-03-02T13:46:05.841+0000] {processor.py:183} INFO - Processing /home/airflow/.local/lib/python3.12/site-packages/airflow/example_dags/example_short_circuit_operator.py took 0.129 seconds
[2026-03-02T13:46:35.998+0000] {processor.py:161} INFO - Started process (PID=1217) to work on /home/airflow/.local/lib/python3.12/site-packages/airflow/example_dags/example_short_circuit_operator.py
[2026-03-02T13:46:35.999+0000] {processor.py:830} INFO - Processing file /home/airflow/.local/lib/python3.12/site-packages/airflow/example_dags/example_short_circuit_operator.py for tasks to queue
[2026-03-02T13:46:36.001+0000] {logging_mixin.py:188} INFO - [2026-03-02T13:46:36.001+0000] {dagbag.py:540} INFO - Filling up the DagBag from /home/airflow/.local/lib/python3.12/site-packages/airflow/example_dags/example_short_circuit_operator.py
[2026-03-02T13:46:36.007+0000] {processor.py:840} INFO - DAG(s) 'example_short_circuit_operator' retrieved from /home/airflow/.local/lib/python3.12/site-packages/airflow/example_dags/example_short_circuit_operator.py
[2026-03-02T13:46:36.037+0000] {logging_mixin.py:188} INFO - [2026-03-02T13:46:36.037+0000] {dag.py:3096} INFO - Sync 1 DAGs
[2026-03-02T13:46:36.050+0000] {logging_mixin.py:188} INFO - [2026-03-02T13:46:36.050+0000] {dag.py:3954} INFO - Setting next_dagrun for example_short_circuit_operator to 2026-03-01 00:00:00+00:00, run_after=2026-03-02 00:00:00+00:00
[2026-03-02T13:46:36.061+0000] {processor.py:183} INFO - Processing /home/airflow/.local/lib/python3.12/site-packages/airflow/example_dags/example_short_circuit_operator.py took 0.072 seconds
[2026-03-02T13:47:06.453+0000] {processor.py:161} INFO - Started process (PID=1275) to work on /home/airflow/.local/lib/python3.12/site-packages/airflow/example_dags/example_short_circuit_operator.py
[2026-03-02T13:47:06.458+0000] {processor.py:830} INFO - Processing file /home/airflow/.local/lib/python3.12/site-packages/airflow/example_dags/example_short_circuit_operator.py for tasks to queue
[2026-03-02T13:47:06.469+0000] {logging_mixin.py:188} INFO - [2026-03-02T13:47:06.468+0000] {dagbag.py:540} INFO - Filling up the DagBag from /home/airflow/.local/lib/python3.12/site-packages/airflow/example_dags/example_short_circuit_operator.py
[2026-03-02T13:47:06.518+0000] {processor.py:840} INFO - DAG(s) 'example_short_circuit_operator' retrieved from /home/airflow/.local/lib/python3.12/site-packages/airflow/example_dags/example_short_circuit_operator.py
[2026-03-02T13:47:06.681+0000] {logging_mixin.py:188} INFO - [2026-03-02T13:47:06.681+0000] {dag.py:3096} INFO - Sync 1 DAGs
[2026-03-02T13:47:06.742+0000] {logging_mixin.py:188} INFO - [2026-03-02T13:47:06.741+0000] {dag.py:3954} INFO - Setting next_dagrun for example_short_circuit_operator to 2026-03-01 00:00:00+00:00, run_after=2026-03-02 00:00:00+00:00
[2026-03-02T13:47:06.945+0000] {processor.py:183} INFO - Processing /home/airflow/.local/lib/python3.12/site-packages/airflow/example_dags/example_short_circuit_operator.py took 0.533 seconds
[2026-03-02T13:47:37.182+0000] {processor.py:161} INFO - Started process (PID=1333) to work on /home/airflow/.local/lib/python3.12/site-packages/airflow/example_dags/example_short_circuit_operator.py
[2026-03-02T13:47:37.183+0000] {processor.py:830} INFO - Processing file /home/airflow/.local/lib/python3.12/site-packages/airflow/example_dags/example_short_circuit_operator.py for tasks to queue
[2026-03-02T13:47:37.186+0000] {logging_mixin.py:188} INFO - [2026-03-02T13:47:37.186+0000] {dagbag.py:540} INFO - Filling up the DagBag from /home/airflow/.local/lib/python3.12/site-packages/airflow/example_dags/example_short_circuit_operator.py
[2026-03-02T13:47:37.194+0000] {processor.py:840} INFO - DAG(s) 'example_short_circuit_operator' retrieved from /home/airflow/.local/lib/python3.12/site-packages/airflow/example_dags/example_short_circuit_operator.py
[2026-03-02T13:47:37.215+0000] {logging_mixin.py:188} INFO - [2026-03-02T13:47:37.215+0000] {dag.py:3096} INFO - Sync 1 DAGs
[2026-03-02T13:47:37.231+0000] {logging_mixin.py:188} INFO - [2026-03-02T13:47:37.231+0000] {dag.py:3954} INFO - Setting next_dagrun for example_short_circuit_operator to 2026-03-01 00:00:00+00:00, run_after=2026-03-02 00:00:00+00:00
[2026-03-02T13:47:37.241+0000] {processor.py:183} INFO - Processing /home/airflow/.local/lib/python3.12/site-packages/airflow/example_dags/example_short_circuit_operator.py took 0.066 seconds
[2026-03-02T13:48:07.550+0000] {processor.py:161} INFO - Started process (PID=1391) to work on /home/airflow/.local/lib/python3.12/site-packages/airflow/example_dags/example_short_circuit_operator.py
[2026-03-02T13:48:07.551+0000] {processor.py:830} INFO - Processing file /home/airflow/.local/lib/python3.12/site-packages/airflow/example_dags/example_short_circuit_operator.py for tasks to queue
[2026-03-02T13:48:07.554+0000] {logging_mixin.py:188} INFO - [2026-03-02T13:48:07.554+0000] {dagbag.py:540} INFO - Filling up the DagBag from /home/airflow/.local/lib/python3.12/site-packages/airflow/example_dags/example_short_circuit_operator.py
[2026-03-02T13:48:07.564+0000] {processor.py:840} INFO - DAG(s) 'example_short_circuit_operator' retrieved from /home/airflow/.local/lib/python3.12/site-packages/airflow/example_dags/example_short_circuit_operator.py
[2026-03-02T13:48:07.579+0000] {logging_mixin.py:188} INFO - [2026-03-02T13:48:07.579+0000] {dag.py:3096} INFO - Sync 1 DAGs
[2026-03-02T13:48:07.592+0000] {logging_mixin.py:188} INFO - [2026-03-02T13:48:07.592+0000] {dag.py:3954} INFO - Setting next_dagrun for example_short_circuit_operator to 2026-03-01 00:00:00+00:00, run_after=2026-03-02 00:00:00+00:00
[2026-03-02T13:48:07.605+0000] {processor.py:183} INFO - Processing /home/airflow/.local/lib/python3.12/site-packages/airflow/example_dags/example_short_circuit_operator.py took 0.059 seconds
[2026-03-02T13:48:37.844+0000] {processor.py:161} INFO - Started process (PID=1449) to work on /home/airflow/.local/lib/python3.12/site-packages/airflow/example_dags/example_short_circuit_operator.py
[2026-03-02T13:48:37.851+0000] {processor.py:830} INFO - Processing file /home/airflow/.local/lib/python3.12/site-packages/airflow/example_dags/example_short_circuit_operator.py for tasks to queue
[2026-03-02T13:48:37.855+0000] {logging_mixin.py:188} INFO - [2026-03-02T13:48:37.855+0000] {dagbag.py:540} INFO - Filling up the DagBag from /home/airflow/.local/lib/python3.12/site-packages/airflow/example_dags/example_short_circuit_operator.py
[2026-03-02T13:48:37.864+0000] {processor.py:840} INFO - DAG(s) 'example_short_circuit_operator' retrieved from /home/airflow/.local/lib/python3.12/site-packages/airflow/example_dags/example_short_circuit_operator.py
[2026-03-02T13:48:37.889+0000] {logging_mixin.py:188} INFO - [2026-03-02T13:48:37.889+0000] {dag.py:3096} INFO - Sync 1 DAGs
[2026-03-02T13:48:37.913+0000] {logging_mixin.py:188} INFO - [2026-03-02T13:48:37.913+0000] {dag.py:3954} INFO - Setting next_dagrun for example_short_circuit_operator to 2026-03-01 00:00:00+00:00, run_after=2026-03-02 00:00:00+00:00
[2026-03-02T13:48:37.937+0000] {processor.py:183} INFO - Processing /home/airflow/.local/lib/python3.12/site-packages/airflow/example_dags/example_short_circuit_operator.py took 0.102 seconds
[2026-03-02T13:49:08.031+0000] {processor.py:161} INFO - Started process (PID=1507) to work on /home/airflow/.local/lib/python3.12/site-packages/airflow/example_dags/example_short_circuit_operator.py
[2026-03-02T13:49:08.032+0000] {processor.py:830} INFO - Processing file /home/airflow/.local/lib/python3.12/site-packages/airflow/example_dags/example_short_circuit_operator.py for tasks to queue
[2026-03-02T13:49:08.034+0000] {logging_mixin.py:188} INFO - [2026-03-02T13:49:08.034+0000] {dagbag.py:540} INFO - Filling up the DagBag from /home/airflow/.local/lib/python3.12/site-packages/airflow/example_dags/example_short_circuit_operator.py
[2026-03-02T13:49:08.039+0000] {processor.py:840} INFO - DAG(s) 'example_short_circuit_operator' retrieved from /home/airflow/.local/lib/python3.12/site-packages/airflow/example_dags/example_short_circuit_operator.py
[2026-03-02T13:49:08.054+0000] {logging_mixin.py:188} INFO - [2026-03-02T13:49:08.054+0000] {dag.py:3096} INFO - Sync 1 DAGs
[2026-03-02T13:49:08.076+0000] {logging_mixin.py:188} INFO - [2026-03-02T13:49:08.076+0000] {dag.py:3954} INFO - Setting next_dagrun for example_short_circuit_operator to 2026-03-01 00:00:00+00:00, run_after=2026-03-02 00:00:00+00:00
[2026-03-02T13:49:08.093+0000] {processor.py:183} INFO - Processing /home/airflow/.local/lib/python3.12/site-packages/airflow/example_dags/example_short_circuit_operator.py took 0.066 seconds
[2026-03-02T13:49:38.392+0000] {processor.py:161} INFO - Started process (PID=1565) to work on /home/airflow/.local/lib/python3.12/site-packages/airflow/example_dags/example_short_circuit_operator.py
[2026-03-02T13:49:38.393+0000] {processor.py:830} INFO - Processing file /home/airflow/.local/lib/python3.12/site-packages/airflow/example_dags/example_short_circuit_operator.py for tasks to queue
[2026-03-02T13:49:38.402+0000] {logging_mixin.py:188} INFO - [2026-03-02T13:49:38.401+0000] {dagbag.py:540} INFO - Filling up the DagBag from /home/airflow/.local/lib/python3.12/site-packages/airflow/example_dags/example_short_circuit_operator.py
[2026-03-02T13:49:38.408+0000] {processor.py:840} INFO - DAG(s) 'example_short_circuit_operator' retrieved from /home/airflow/.local/lib/python3.12/site-packages/airflow/example_dags/example_short_circuit_operator.py
[2026-03-02T13:49:38.432+0000] {logging_mixin.py:188} INFO - [2026-03-02T13:49:38.432+0000] {dag.py:3096} INFO - Sync 1 DAGs
[2026-03-02T13:49:38.459+0000] {logging_mixin.py:188} INFO - [2026-03-02T13:49:38.459+0000] {dag.py:3954} INFO - Setting next_dagrun for example_short_circuit_operator to 2026-03-01 00:00:00+00:00, run_after=2026-03-02 00:00:00+00:00
[2026-03-02T13:49:38.475+0000] {processor.py:183} INFO - Processing /home/airflow/.local/lib/python3.12/site-packages/airflow/example_dags/example_short_circuit_operator.py took 0.087 seconds
[2026-03-02T13:50:09.042+0000] {processor.py:161} INFO - Started process (PID=1621) to work on /home/airflow/.local/lib/python3.12/site-packages/airflow/example_dags/example_short_circuit_operator.py
[2026-03-02T13:50:09.044+0000] {processor.py:830} INFO - Processing file /home/airflow/.local/lib/python3.12/site-packages/airflow/example_dags/example_short_circuit_operator.py for tasks to queue
[2026-03-02T13:50:09.047+0000] {logging_mixin.py:188} INFO - [2026-03-02T13:50:09.047+0000] {dagbag.py:540} INFO - Filling up the DagBag from /home/airflow/.local/lib/python3.12/site-packages/airflow/example_dags/example_short_circuit_operator.py
[2026-03-02T13:50:09.061+0000] {processor.py:840} INFO - DAG(s) 'example_short_circuit_operator' retrieved from /home/airflow/.local/lib/python3.12/site-packages/airflow/example_dags/example_short_circuit_operator.py
[2026-03-02T13:50:09.092+0000] {logging_mixin.py:188} INFO - [2026-03-02T13:50:09.091+0000] {dag.py:3096} INFO - Sync 1 DAGs
[2026-03-02T13:50:09.120+0000] {logging_mixin.py:188} INFO - [2026-03-02T13:50:09.120+0000] {dag.py:3954} INFO - Setting next_dagrun for example_short_circuit_operator to 2026-03-01 00:00:00+00:00, run_after=2026-03-02 00:00:00+00:00
[2026-03-02T13:50:09.143+0000] {processor.py:183} INFO - Processing /home/airflow/.local/lib/python3.12/site-packages/airflow/example_dags/example_short_circuit_operator.py took 0.108 seconds
[2026-03-02T13:50:39.213+0000] {processor.py:161} INFO - Started process (PID=1679) to work on /home/airflow/.local/lib/python3.12/site-packages/airflow/example_dags/example_short_circuit_operator.py
[2026-03-02T13:50:39.214+0000] {processor.py:830} INFO - Processing file /home/airflow/.local/lib/python3.12/site-packages/airflow/example_dags/example_short_circuit_operator.py for tasks to queue
[2026-03-02T13:50:39.219+0000] {logging_mixin.py:188} INFO - [2026-03-02T13:50:39.217+0000] {dagbag.py:540} INFO - Filling up the DagBag from /home/airflow/.local/lib/python3.12/site-packages/airflow/example_dags/example_short_circuit_operator.py
[2026-03-02T13:50:39.234+0000] {processor.py:840} INFO - DAG(s) 'example_short_circuit_operator' retrieved from /home/airflow/.local/lib/python3.12/site-packages/airflow/example_dags/example_short_circuit_operator.py
[2026-03-02T13:50:39.283+0000] {logging_mixin.py:188} INFO - [2026-03-02T13:50:39.283+0000] {dag.py:3096} INFO - Sync 1 DAGs
[2026-03-02T13:50:39.312+0000] {logging_mixin.py:188} INFO - [2026-03-02T13:50:39.312+0000] {dag.py:3954} INFO - Setting next_dagrun for example_short_circuit_operator to 2026-03-01 00:00:00+00:00, run_after=2026-03-02 00:00:00+00:00
[2026-03-02T13:50:39.331+0000] {processor.py:183} INFO - Processing /home/airflow/.local/lib/python3.12/site-packages/airflow/example_dags/example_short_circuit_operator.py took 0.127 seconds
[2026-03-02T13:51:10.177+0000] {processor.py:161} INFO - Started process (PID=1737) to work on /home/airflow/.local/lib/python3.12/site-packages/airflow/example_dags/example_short_circuit_operator.py
[2026-03-02T13:51:10.177+0000] {processor.py:830} INFO - Processing file /home/airflow/.local/lib/python3.12/site-packages/airflow/example_dags/example_short_circuit_operator.py for tasks to queue
[2026-03-02T13:51:10.180+0000] {logging_mixin.py:188} INFO - [2026-03-02T13:51:10.179+0000] {dagbag.py:540} INFO - Filling up the DagBag from /home/airflow/.local/lib/python3.12/site-packages/airflow/example_dags/example_short_circuit_operator.py
[2026-03-02T13:51:10.192+0000] {processor.py:840} INFO - DAG(s) 'example_short_circuit_operator' retrieved from /home/airflow/.local/lib/python3.12/site-packages/airflow/example_dags/example_short_circuit_operator.py
[2026-03-02T13:51:10.222+0000] {logging_mixin.py:188} INFO - [2026-03-02T13:51:10.222+0000] {dag.py:3096} INFO - Sync 1 DAGs
[2026-03-02T13:51:10.242+0000] {logging_mixin.py:188} INFO - [2026-03-02T13:51:10.242+0000] {dag.py:3954} INFO - Setting next_dagrun for example_short_circuit_operator to 2026-03-01 00:00:00+00:00, run_after=2026-03-02 00:00:00+00:00
[2026-03-02T13:51:10.254+0000] {processor.py:183} INFO - Processing /home/airflow/.local/lib/python3.12/site-packages/airflow/example_dags/example_short_circuit_operator.py took 0.082 seconds
[2026-03-02T13:51:40.856+0000] {processor.py:161} INFO - Started process (PID=1795) to work on /home/airflow/.local/lib/python3.12/site-packages/airflow/example_dags/example_short_circuit_operator.py
[2026-03-02T13:51:40.856+0000] {processor.py:830} INFO - Processing file /home/airflow/.local/lib/python3.12/site-packages/airflow/example_dags/example_short_circuit_operator.py for tasks to queue
[2026-03-02T13:51:40.857+0000] {logging_mixin.py:188} INFO - [2026-03-02T13:51:40.857+0000] {dagbag.py:540} INFO - Filling up the DagBag from /home/airflow/.local/lib/python3.12/site-packages/airflow/example_dags/example_short_circuit_operator.py
[2026-03-02T13:51:40.862+0000] {processor.py:840} INFO - DAG(s) 'example_short_circuit_operator' retrieved from /home/airflow/.local/lib/python3.12/site-packages/airflow/example_dags/example_short_circuit_operator.py
[2026-03-02T13:51:40.878+0000] {logging_mixin.py:188} INFO - [2026-03-02T13:51:40.877+0000] {dag.py:3096} INFO - Sync 1 DAGs
[2026-03-02T13:51:40.890+0000] {logging_mixin.py:188} INFO - [2026-03-02T13:51:40.890+0000] {dag.py:3954} INFO - Setting next_dagrun for example_short_circuit_operator to 2026-03-01 00:00:00+00:00, run_after=2026-03-02 00:00:00+00:00
[2026-03-02T13:51:40.897+0000] {processor.py:183} INFO - Processing /home/airflow/.local/lib/python3.12/site-packages/airflow/example_dags/example_short_circuit_operator.py took 0.044 seconds
[2026-03-02T13:52:11.452+0000] {processor.py:161} INFO - Started process (PID=1853) to work on /home/airflow/.local/lib/python3.12/site-packages/airflow/example_dags/example_short_circuit_operator.py
[2026-03-02T13:52:11.456+0000] {processor.py:830} INFO - Processing file /home/airflow/.local/lib/python3.12/site-packages/airflow/example_dags/example_short_circuit_operator.py for tasks to queue
[2026-03-02T13:52:11.459+0000] {logging_mixin.py:188} INFO - [2026-03-02T13:52:11.458+0000] {dagbag.py:540} INFO - Filling up the DagBag from /home/airflow/.local/lib/python3.12/site-packages/airflow/example_dags/example_short_circuit_operator.py
[2026-03-02T13:52:11.468+0000] {processor.py:840} INFO - DAG(s) 'example_short_circuit_operator' retrieved from /home/airflow/.local/lib/python3.12/site-packages/airflow/example_dags/example_short_circuit_operator.py
[2026-03-02T13:52:11.495+0000] {logging_mixin.py:188} INFO - [2026-03-02T13:52:11.494+0000] {dag.py:3096} INFO - Sync 1 DAGs
[2026-03-02T13:52:11.513+0000] {logging_mixin.py:188} INFO - [2026-03-02T13:52:11.513+0000] {dag.py:3954} INFO - Setting next_dagrun for example_short_circuit_operator to 2026-03-01 00:00:00+00:00, run_after=2026-03-02 00:00:00+00:00
[2026-03-02T13:52:11.525+0000] {processor.py:183} INFO - Processing /home/airflow/.local/lib/python3.12/site-packages/airflow/example_dags/example_short_circuit_operator.py took 0.082 seconds
[2026-03-02T13:52:42.243+0000] {processor.py:161} INFO - Started process (PID=1911) to work on /home/airflow/.local/lib/python3.12/site-packages/airflow/example_dags/example_short_circuit_operator.py
[2026-03-02T13:52:42.244+0000] {processor.py:830} INFO - Processing file /home/airflow/.local/lib/python3.12/site-packages/airflow/example_dags/example_short_circuit_operator.py for tasks to queue
[2026-03-02T13:52:42.245+0000] {logging_mixin.py:188} INFO - [2026-03-02T13:52:42.245+0000] {dagbag.py:540} INFO - Filling up the DagBag from /home/airflow/.local/lib/python3.12/site-packages/airflow/example_dags/example_short_circuit_operator.py
[2026-03-02T13:52:42.253+0000] {processor.py:840} INFO - DAG(s) 'example_short_circuit_operator' retrieved from /home/airflow/.local/lib/python3.12/site-packages/airflow/example_dags/example_short_circuit_operator.py
[2026-03-02T13:52:42.279+0000] {logging_mixin.py:188} INFO - [2026-03-02T13:52:42.278+0000] {dag.py:3096} INFO - Sync 1 DAGs
[2026-03-02T13:52:42.292+0000] {logging_mixin.py:188} INFO - [2026-03-02T13:52:42.292+0000] {dag.py:3954} INFO - Setting next_dagrun for example_short_circuit_operator to 2026-03-01 00:00:00+00:00, run_after=2026-03-02 00:00:00+00:00
[2026-03-02T13:52:42.302+0000] {processor.py:183} INFO - Processing /home/airflow/.local/lib/python3.12/site-packages/airflow/example_dags/example_short_circuit_operator.py took 0.065 seconds
[2026-03-02T13:53:13.259+0000] {processor.py:161} INFO - Started process (PID=1969) to work on /home/airflow/.local/lib/python3.12/site-packages/airflow/example_dags/example_short_circuit_operator.py
[2026-03-02T13:53:13.265+0000] {processor.py:830} INFO - Processing file /home/airflow/.local/lib/python3.12/site-packages/airflow/example_dags/example_short_circuit_operator.py for tasks to queue
[2026-03-02T13:53:13.278+0000] {logging_mixin.py:188} INFO - [2026-03-02T13:53:13.272+0000] {dagbag.py:540} INFO - Filling up the DagBag from /home/airflow/.local/lib/python3.12/site-packages/airflow/example_dags/example_short_circuit_operator.py
[2026-03-02T13:53:13.321+0000] {processor.py:840} INFO - DAG(s) 'example_short_circuit_operator' retrieved from /home/airflow/.local/lib/python3.12/site-packages/airflow/example_dags/example_short_circuit_operator.py
[2026-03-02T13:53:13.683+0000] {logging_mixin.py:188} INFO - [2026-03-02T13:53:13.680+0000] {dag.py:3096} INFO - Sync 1 DAGs
[2026-03-02T13:53:13.886+0000] {logging_mixin.py:188} INFO - [2026-03-02T13:53:13.853+0000] {dag.py:3954} INFO - Setting next_dagrun for example_short_circuit_operator to 2026-03-01 00:00:00+00:00, run_after=2026-03-02 00:00:00+00:00
[2026-03-02T13:53:14.420+0000] {processor.py:183} INFO - Processing /home/airflow/.local/lib/python3.12/site-packages/airflow/example_dags/example_short_circuit_operator.py took 1.191 seconds
[2026-03-02T13:53:47.086+0000] {processor.py:161} INFO - Started process (PID=2027) to work on /home/airflow/.local/lib/python3.12/site-packages/airflow/example_dags/example_short_circuit_operator.py
[2026-03-02T13:53:47.091+0000] {processor.py:830} INFO - Processing file /home/airflow/.local/lib/python3.12/site-packages/airflow/example_dags/example_short_circuit_operator.py for tasks to queue
[2026-03-02T13:53:47.118+0000] {logging_mixin.py:188} INFO - [2026-03-02T13:53:47.117+0000] {dagbag.py:540} INFO - Filling up the DagBag from /home/airflow/.local/lib/python3.12/site-packages/airflow/example_dags/example_short_circuit_operator.py
[2026-03-02T13:53:47.192+0000] {processor.py:840} INFO - DAG(s) 'example_short_circuit_operator' retrieved from /home/airflow/.local/lib/python3.12/site-packages/airflow/example_dags/example_short_circuit_operator.py
[2026-03-02T13:53:47.310+0000] {logging_mixin.py:188} INFO - [2026-03-02T13:53:47.304+0000] {dag.py:3096} INFO - Sync 1 DAGs
[2026-03-02T13:53:47.415+0000] {logging_mixin.py:188} INFO - [2026-03-02T13:53:47.415+0000] {dag.py:3954} INFO - Setting next_dagrun for example_short_circuit_operator to 2026-03-01 00:00:00+00:00, run_after=2026-03-02 00:00:00+00:00
[2026-03-02T13:53:47.500+0000] {processor.py:183} INFO - Processing /home/airflow/.local/lib/python3.12/site-packages/airflow/example_dags/example_short_circuit_operator.py took 0.444 seconds
[2026-03-02T13:54:18.142+0000] {processor.py:161} INFO - Started process (PID=2085) to work on /home/airflow/.local/lib/python3.12/site-packages/airflow/example_dags/example_short_circuit_operator.py
[2026-03-02T13:54:18.145+0000] {processor.py:830} INFO - Processing file /home/airflow/.local/lib/python3.12/site-packages/airflow/example_dags/example_short_circuit_operator.py for tasks to queue
[2026-03-02T13:54:18.149+0000] {logging_mixin.py:188} INFO - [2026-03-02T13:54:18.149+0000] {dagbag.py:540} INFO - Filling up the DagBag from /home/airflow/.local/lib/python3.12/site-packages/airflow/example_dags/example_short_circuit_operator.py
[2026-03-02T13:54:18.158+0000] {processor.py:840} INFO - DAG(s) 'example_short_circuit_operator' retrieved from /home/airflow/.local/lib/python3.12/site-packages/airflow/example_dags/example_short_circuit_operator.py
[2026-03-02T13:54:18.176+0000] {logging_mixin.py:188} INFO - [2026-03-02T13:54:18.176+0000] {dag.py:3096} INFO - Sync 1 DAGs
[2026-03-02T13:54:18.196+0000] {logging_mixin.py:188} INFO - [2026-03-02T13:54:18.196+0000] {dag.py:3954} INFO - Setting next_dagrun for example_short_circuit_operator to 2026-03-01 00:00:00+00:00, run_after=2026-03-02 00:00:00+00:00
[2026-03-02T13:54:18.207+0000] {processor.py:183} INFO - Processing /home/airflow/.local/lib/python3.12/site-packages/airflow/example_dags/example_short_circuit_operator.py took 0.071 seconds
[2026-03-02T13:54:48.899+0000] {processor.py:161} INFO - Started process (PID=2143) to work on /home/airflow/.local/lib/python3.12/site-packages/airflow/example_dags/example_short_circuit_operator.py
[2026-03-02T13:54:48.900+0000] {processor.py:830} INFO - Processing file /home/airflow/.local/lib/python3.12/site-packages/airflow/example_dags/example_short_circuit_operator.py for tasks to queue
[2026-03-02T13:54:48.904+0000] {logging_mixin.py:188} INFO - [2026-03-02T13:54:48.904+0000] {dagbag.py:540} INFO - Filling up the DagBag from /home/airflow/.local/lib/python3.12/site-packages/airflow/example_dags/example_short_circuit_operator.py
[2026-03-02T13:54:48.910+0000] {processor.py:840} INFO - DAG(s) 'example_short_circuit_operator' retrieved from /home/airflow/.local/lib/python3.12/site-packages/airflow/example_dags/example_short_circuit_operator.py
[2026-03-02T13:54:48.927+0000] {logging_mixin.py:188} INFO - [2026-03-02T13:54:48.927+0000] {dag.py:3096} INFO - Sync 1 DAGs
[2026-03-02T13:54:48.941+0000] {logging_mixin.py:188} INFO - [2026-03-02T13:54:48.941+0000] {dag.py:3954} INFO - Setting next_dagrun for example_short_circuit_operator to 2026-03-01 00:00:00+00:00, run_after=2026-03-02 00:00:00+00:00
[2026-03-02T13:54:48.956+0000] {processor.py:183} INFO - Processing /home/airflow/.local/lib/python3.12/site-packages/airflow/example_dags/example_short_circuit_operator.py took 0.063 seconds
[2026-03-02T13:55:23.777+0000] {processor.py:161} INFO - Started process (PID=2201) to work on /home/airflow/.local/lib/python3.12/site-packages/airflow/example_dags/example_short_circuit_operator.py
[2026-03-02T13:55:23.777+0000] {processor.py:830} INFO - Processing file /home/airflow/.local/lib/python3.12/site-packages/airflow/example_dags/example_short_circuit_operator.py for tasks to queue
[2026-03-02T13:55:23.780+0000] {logging_mixin.py:188} INFO - [2026-03-02T13:55:23.779+0000] {dagbag.py:540} INFO - Filling up the DagBag from /home/airflow/.local/lib/python3.12/site-packages/airflow/example_dags/example_short_circuit_operator.py
[2026-03-02T13:55:23.788+0000] {processor.py:840} INFO - DAG(s) 'example_short_circuit_operator' retrieved from /home/airflow/.local/lib/python3.12/site-packages/airflow/example_dags/example_short_circuit_operator.py
[2026-03-02T13:55:23.833+0000] {logging_mixin.py:188} INFO - [2026-03-02T13:55:23.833+0000] {dag.py:3096} INFO - Sync 1 DAGs
[2026-03-02T13:55:23.871+0000] {logging_mixin.py:188} INFO - [2026-03-02T13:55:23.870+0000] {dag.py:3954} INFO - Setting next_dagrun for example_short_circuit_operator to 2026-03-01 00:00:00+00:00, run_after=2026-03-02 00:00:00+00:00
[2026-03-02T13:55:23.903+0000] {processor.py:183} INFO - Processing /home/airflow/.local/lib/python3.12/site-packages/airflow/example_dags/example_short_circuit_operator.py took 0.129 seconds
[2026-03-02T13:55:54.259+0000] {processor.py:161} INFO - Started process (PID=2251) to work on /home/airflow/.local/lib/python3.12/site-packages/airflow/example_dags/example_short_circuit_operator.py
[2026-03-02T13:55:54.260+0000] {processor.py:830} INFO - Processing file /home/airflow/.local/lib/python3.12/site-packages/airflow/example_dags/example_short_circuit_operator.py for tasks to queue
[2026-03-02T13:55:54.262+0000] {logging_mixin.py:188} INFO - [2026-03-02T13:55:54.262+0000] {dagbag.py:540} INFO - Filling up the DagBag from /home/airflow/.local/lib/python3.12/site-packages/airflow/example_dags/example_short_circuit_operator.py
[2026-03-02T13:55:54.266+0000] {processor.py:840} INFO - DAG(s) 'example_short_circuit_operator' retrieved from /home/airflow/.local/lib/python3.12/site-packages/airflow/example_dags/example_short_circuit_operator.py
[2026-03-02T13:55:54.280+0000] {logging_mixin.py:188} INFO - [2026-03-02T13:55:54.280+0000] {dag.py:3096} INFO - Sync 1 DAGs
[2026-03-02T13:55:54.291+0000] {logging_mixin.py:188} INFO - [2026-03-02T13:55:54.291+0000] {dag.py:3954} INFO - Setting next_dagrun for example_short_circuit_operator to 2026-03-01 00:00:00+00:00, run_after=2026-03-02 00:00:00+00:00
[2026-03-02T13:55:54.299+0000] {processor.py:183} INFO - Processing /home/airflow/.local/lib/python3.12/site-packages/airflow/example_dags/example_short_circuit_operator.py took 0.043 seconds
