[2026-03-02T13:36:30.845+0000] {processor.py:161} INFO - Started process (PID=72) to work on /home/airflow/.local/lib/python3.12/site-packages/airflow/example_dags/example_skip_dag.py
[2026-03-02T13:36:30.847+0000] {processor.py:830} INFO - Processing file /home/airflow/.local/lib/python3.12/site-packages/airflow/example_dags/example_skip_dag.py for tasks to queue
[2026-03-02T13:36:30.851+0000] {logging_mixin.py:188} INFO - [2026-03-02T13:36:30.850+0000] {dagbag.py:540} INFO - Filling up the DagBag from /home/airflow/.local/lib/python3.12/site-packages/airflow/example_dags/example_skip_dag.py
[2026-03-02T13:36:30.864+0000] {processor.py:840} INFO - DAG(s) 'example_skip_dag' retrieved from /home/airflow/.local/lib/python3.12/site-packages/airflow/example_dags/example_skip_dag.py
[2026-03-02T13:36:30.988+0000] {logging_mixin.py:188} INFO - [2026-03-02T13:36:30.988+0000] {dag.py:3096} INFO - Sync 1 DAGs
[2026-03-02T13:36:31.006+0000] {logging_mixin.py:188} INFO - [2026-03-02T13:36:31.005+0000] {dag.py:3954} INFO - Setting next_dagrun for example_skip_dag to 2026-03-01 00:00:00+00:00, run_after=2026-03-02 00:00:00+00:00
[2026-03-02T13:36:31.029+0000] {processor.py:183} INFO - Processing /home/airflow/.local/lib/python3.12/site-packages/airflow/example_dags/example_skip_dag.py took 0.193 seconds
[2026-03-02T13:37:01.373+0000] {processor.py:161} INFO - Started process (PID=130) to work on /home/airflow/.local/lib/python3.12/site-packages/airflow/example_dags/example_skip_dag.py
[2026-03-02T13:37:01.377+0000] {processor.py:830} INFO - Processing file /home/airflow/.local/lib/python3.12/site-packages/airflow/example_dags/example_skip_dag.py for tasks to queue
[2026-03-02T13:37:01.377+0000] {logging_mixin.py:188} INFO - [2026-03-02T13:37:01.377+0000] {dagbag.py:540} INFO - Filling up the DagBag from /home/airflow/.local/lib/python3.12/site-packages/airflow/example_dags/example_skip_dag.py
[2026-03-02T13:37:01.381+0000] {processor.py:840} INFO - DAG(s) 'example_skip_dag' retrieved from /home/airflow/.local/lib/python3.12/site-packages/airflow/example_dags/example_skip_dag.py
[2026-03-02T13:37:01.389+0000] {logging_mixin.py:188} INFO - [2026-03-02T13:37:01.389+0000] {dag.py:3096} INFO - Sync 1 DAGs
[2026-03-02T13:37:01.399+0000] {logging_mixin.py:188} INFO - [2026-03-02T13:37:01.399+0000] {dag.py:3954} INFO - Setting next_dagrun for example_skip_dag to 2026-03-01 00:00:00+00:00, run_after=2026-03-02 00:00:00+00:00
[2026-03-02T13:37:01.406+0000] {processor.py:183} INFO - Processing /home/airflow/.local/lib/python3.12/site-packages/airflow/example_dags/example_skip_dag.py took 0.037 seconds
[2026-03-02T13:37:31.936+0000] {processor.py:161} INFO - Started process (PID=188) to work on /home/airflow/.local/lib/python3.12/site-packages/airflow/example_dags/example_skip_dag.py
[2026-03-02T13:37:31.937+0000] {processor.py:830} INFO - Processing file /home/airflow/.local/lib/python3.12/site-packages/airflow/example_dags/example_skip_dag.py for tasks to queue
[2026-03-02T13:37:31.940+0000] {logging_mixin.py:188} INFO - [2026-03-02T13:37:31.940+0000] {dagbag.py:540} INFO - Filling up the DagBag from /home/airflow/.local/lib/python3.12/site-packages/airflow/example_dags/example_skip_dag.py
[2026-03-02T13:37:31.949+0000] {processor.py:840} INFO - DAG(s) 'example_skip_dag' retrieved from /home/airflow/.local/lib/python3.12/site-packages/airflow/example_dags/example_skip_dag.py
[2026-03-02T13:37:31.985+0000] {logging_mixin.py:188} INFO - [2026-03-02T13:37:31.985+0000] {dag.py:3096} INFO - Sync 1 DAGs
[2026-03-02T13:37:32.004+0000] {logging_mixin.py:188} INFO - [2026-03-02T13:37:32.003+0000] {dag.py:3954} INFO - Setting next_dagrun for example_skip_dag to 2026-03-01 00:00:00+00:00, run_after=2026-03-02 00:00:00+00:00
[2026-03-02T13:37:32.043+0000] {processor.py:183} INFO - Processing /home/airflow/.local/lib/python3.12/site-packages/airflow/example_dags/example_skip_dag.py took 0.112 seconds
[2026-03-02T13:38:02.088+0000] {processor.py:161} INFO - Started process (PID=246) to work on /home/airflow/.local/lib/python3.12/site-packages/airflow/example_dags/example_skip_dag.py
[2026-03-02T13:38:02.095+0000] {processor.py:830} INFO - Processing file /home/airflow/.local/lib/python3.12/site-packages/airflow/example_dags/example_skip_dag.py for tasks to queue
[2026-03-02T13:38:02.097+0000] {logging_mixin.py:188} INFO - [2026-03-02T13:38:02.097+0000] {dagbag.py:540} INFO - Filling up the DagBag from /home/airflow/.local/lib/python3.12/site-packages/airflow/example_dags/example_skip_dag.py
[2026-03-02T13:38:02.109+0000] {processor.py:840} INFO - DAG(s) 'example_skip_dag' retrieved from /home/airflow/.local/lib/python3.12/site-packages/airflow/example_dags/example_skip_dag.py
[2026-03-02T13:38:02.127+0000] {logging_mixin.py:188} INFO - [2026-03-02T13:38:02.126+0000] {dag.py:3096} INFO - Sync 1 DAGs
[2026-03-02T13:38:02.142+0000] {logging_mixin.py:188} INFO - [2026-03-02T13:38:02.142+0000] {dag.py:3954} INFO - Setting next_dagrun for example_skip_dag to 2026-03-01 00:00:00+00:00, run_after=2026-03-02 00:00:00+00:00
[2026-03-02T13:38:02.153+0000] {processor.py:183} INFO - Processing /home/airflow/.local/lib/python3.12/site-packages/airflow/example_dags/example_skip_dag.py took 0.077 seconds
[2026-03-02T13:38:32.402+0000] {processor.py:161} INFO - Started process (PID=304) to work on /home/airflow/.local/lib/python3.12/site-packages/airflow/example_dags/example_skip_dag.py
[2026-03-02T13:38:32.403+0000] {processor.py:830} INFO - Processing file /home/airflow/.local/lib/python3.12/site-packages/airflow/example_dags/example_skip_dag.py for tasks to queue
[2026-03-02T13:38:32.404+0000] {logging_mixin.py:188} INFO - [2026-03-02T13:38:32.404+0000] {dagbag.py:540} INFO - Filling up the DagBag from /home/airflow/.local/lib/python3.12/site-packages/airflow/example_dags/example_skip_dag.py
[2026-03-02T13:38:32.407+0000] {processor.py:840} INFO - DAG(s) 'example_skip_dag' retrieved from /home/airflow/.local/lib/python3.12/site-packages/airflow/example_dags/example_skip_dag.py
[2026-03-02T13:38:32.417+0000] {logging_mixin.py:188} INFO - [2026-03-02T13:38:32.417+0000] {dag.py:3096} INFO - Sync 1 DAGs
[2026-03-02T13:38:32.426+0000] {logging_mixin.py:188} INFO - [2026-03-02T13:38:32.425+0000] {dag.py:3954} INFO - Setting next_dagrun for example_skip_dag to 2026-03-01 00:00:00+00:00, run_after=2026-03-02 00:00:00+00:00
[2026-03-02T13:38:32.432+0000] {processor.py:183} INFO - Processing /home/airflow/.local/lib/python3.12/site-packages/airflow/example_dags/example_skip_dag.py took 0.032 seconds
[2026-03-02T13:39:02.844+0000] {processor.py:161} INFO - Started process (PID=362) to work on /home/airflow/.local/lib/python3.12/site-packages/airflow/example_dags/example_skip_dag.py
[2026-03-02T13:39:02.845+0000] {processor.py:830} INFO - Processing file /home/airflow/.local/lib/python3.12/site-packages/airflow/example_dags/example_skip_dag.py for tasks to queue
[2026-03-02T13:39:02.847+0000] {logging_mixin.py:188} INFO - [2026-03-02T13:39:02.847+0000] {dagbag.py:540} INFO - Filling up the DagBag from /home/airflow/.local/lib/python3.12/site-packages/airflow/example_dags/example_skip_dag.py
[2026-03-02T13:39:02.850+0000] {processor.py:840} INFO - DAG(s) 'example_skip_dag' retrieved from /home/airflow/.local/lib/python3.12/site-packages/airflow/example_dags/example_skip_dag.py
[2026-03-02T13:39:02.859+0000] {logging_mixin.py:188} INFO - [2026-03-02T13:39:02.859+0000] {dag.py:3096} INFO - Sync 1 DAGs
[2026-03-02T13:39:02.869+0000] {logging_mixin.py:188} INFO - [2026-03-02T13:39:02.869+0000] {dag.py:3954} INFO - Setting next_dagrun for example_skip_dag to 2026-03-01 00:00:00+00:00, run_after=2026-03-02 00:00:00+00:00
[2026-03-02T13:39:02.877+0000] {processor.py:183} INFO - Processing /home/airflow/.local/lib/python3.12/site-packages/airflow/example_dags/example_skip_dag.py took 0.036 seconds
[2026-03-02T13:39:33.291+0000] {processor.py:161} INFO - Started process (PID=420) to work on /home/airflow/.local/lib/python3.12/site-packages/airflow/example_dags/example_skip_dag.py
[2026-03-02T13:39:33.295+0000] {processor.py:830} INFO - Processing file /home/airflow/.local/lib/python3.12/site-packages/airflow/example_dags/example_skip_dag.py for tasks to queue
[2026-03-02T13:39:33.296+0000] {logging_mixin.py:188} INFO - [2026-03-02T13:39:33.295+0000] {dagbag.py:540} INFO - Filling up the DagBag from /home/airflow/.local/lib/python3.12/site-packages/airflow/example_dags/example_skip_dag.py
[2026-03-02T13:39:33.298+0000] {processor.py:840} INFO - DAG(s) 'example_skip_dag' retrieved from /home/airflow/.local/lib/python3.12/site-packages/airflow/example_dags/example_skip_dag.py
[2026-03-02T13:39:33.307+0000] {logging_mixin.py:188} INFO - [2026-03-02T13:39:33.307+0000] {dag.py:3096} INFO - Sync 1 DAGs
[2026-03-02T13:39:33.316+0000] {logging_mixin.py:188} INFO - [2026-03-02T13:39:33.316+0000] {dag.py:3954} INFO - Setting next_dagrun for example_skip_dag to 2026-03-01 00:00:00+00:00, run_after=2026-03-02 00:00:00+00:00
[2026-03-02T13:39:33.322+0000] {processor.py:183} INFO - Processing /home/airflow/.local/lib/python3.12/site-packages/airflow/example_dags/example_skip_dag.py took 0.033 seconds
[2026-03-02T13:40:03.775+0000] {processor.py:161} INFO - Started process (PID=478) to work on /home/airflow/.local/lib/python3.12/site-packages/airflow/example_dags/example_skip_dag.py
[2026-03-02T13:40:03.777+0000] {processor.py:830} INFO - Processing file /home/airflow/.local/lib/python3.12/site-packages/airflow/example_dags/example_skip_dag.py for tasks to queue
[2026-03-02T13:40:03.778+0000] {logging_mixin.py:188} INFO - [2026-03-02T13:40:03.778+0000] {dagbag.py:540} INFO - Filling up the DagBag from /home/airflow/.local/lib/python3.12/site-packages/airflow/example_dags/example_skip_dag.py
[2026-03-02T13:40:03.782+0000] {processor.py:840} INFO - DAG(s) 'example_skip_dag' retrieved from /home/airflow/.local/lib/python3.12/site-packages/airflow/example_dags/example_skip_dag.py
[2026-03-02T13:40:03.792+0000] {logging_mixin.py:188} INFO - [2026-03-02T13:40:03.792+0000] {dag.py:3096} INFO - Sync 1 DAGs
[2026-03-02T13:40:03.800+0000] {logging_mixin.py:188} INFO - [2026-03-02T13:40:03.800+0000] {dag.py:3954} INFO - Setting next_dagrun for example_skip_dag to 2026-03-01 00:00:00+00:00, run_after=2026-03-02 00:00:00+00:00
[2026-03-02T13:40:03.807+0000] {processor.py:183} INFO - Processing /home/airflow/.local/lib/python3.12/site-packages/airflow/example_dags/example_skip_dag.py took 0.034 seconds
[2026-03-02T13:40:34.054+0000] {processor.py:161} INFO - Started process (PID=536) to work on /home/airflow/.local/lib/python3.12/site-packages/airflow/example_dags/example_skip_dag.py
[2026-03-02T13:40:34.054+0000] {processor.py:830} INFO - Processing file /home/airflow/.local/lib/python3.12/site-packages/airflow/example_dags/example_skip_dag.py for tasks to queue
[2026-03-02T13:40:34.055+0000] {logging_mixin.py:188} INFO - [2026-03-02T13:40:34.055+0000] {dagbag.py:540} INFO - Filling up the DagBag from /home/airflow/.local/lib/python3.12/site-packages/airflow/example_dags/example_skip_dag.py
[2026-03-02T13:40:34.058+0000] {processor.py:840} INFO - DAG(s) 'example_skip_dag' retrieved from /home/airflow/.local/lib/python3.12/site-packages/airflow/example_dags/example_skip_dag.py
[2026-03-02T13:40:34.068+0000] {logging_mixin.py:188} INFO - [2026-03-02T13:40:34.068+0000] {dag.py:3096} INFO - Sync 1 DAGs
[2026-03-02T13:40:34.078+0000] {logging_mixin.py:188} INFO - [2026-03-02T13:40:34.078+0000] {dag.py:3954} INFO - Setting next_dagrun for example_skip_dag to 2026-03-01 00:00:00+00:00, run_after=2026-03-02 00:00:00+00:00
[2026-03-02T13:40:34.085+0000] {processor.py:183} INFO - Processing /home/airflow/.local/lib/python3.12/site-packages/airflow/example_dags/example_skip_dag.py took 0.034 seconds
[2026-03-02T13:41:04.460+0000] {processor.py:161} INFO - Started process (PID=594) to work on /home/airflow/.local/lib/python3.12/site-packages/airflow/example_dags/example_skip_dag.py
[2026-03-02T13:41:04.461+0000] {processor.py:830} INFO - Processing file /home/airflow/.local/lib/python3.12/site-packages/airflow/example_dags/example_skip_dag.py for tasks to queue
[2026-03-02T13:41:04.461+0000] {logging_mixin.py:188} INFO - [2026-03-02T13:41:04.461+0000] {dagbag.py:540} INFO - Filling up the DagBag from /home/airflow/.local/lib/python3.12/site-packages/airflow/example_dags/example_skip_dag.py
[2026-03-02T13:41:04.465+0000] {processor.py:840} INFO - DAG(s) 'example_skip_dag' retrieved from /home/airflow/.local/lib/python3.12/site-packages/airflow/example_dags/example_skip_dag.py
[2026-03-02T13:41:04.475+0000] {logging_mixin.py:188} INFO - [2026-03-02T13:41:04.475+0000] {dag.py:3096} INFO - Sync 1 DAGs
[2026-03-02T13:41:04.484+0000] {logging_mixin.py:188} INFO - [2026-03-02T13:41:04.484+0000] {dag.py:3954} INFO - Setting next_dagrun for example_skip_dag to 2026-03-01 00:00:00+00:00, run_after=2026-03-02 00:00:00+00:00
[2026-03-02T13:41:04.491+0000] {processor.py:183} INFO - Processing /home/airflow/.local/lib/python3.12/site-packages/airflow/example_dags/example_skip_dag.py took 0.034 seconds
[2026-03-02T13:41:35.298+0000] {processor.py:161} INFO - Started process (PID=652) to work on /home/airflow/.local/lib/python3.12/site-packages/airflow/example_dags/example_skip_dag.py
[2026-03-02T13:41:35.298+0000] {processor.py:830} INFO - Processing file /home/airflow/.local/lib/python3.12/site-packages/airflow/example_dags/example_skip_dag.py for tasks to queue
[2026-03-02T13:41:35.302+0000] {logging_mixin.py:188} INFO - [2026-03-02T13:41:35.302+0000] {dagbag.py:540} INFO - Filling up the DagBag from /home/airflow/.local/lib/python3.12/site-packages/airflow/example_dags/example_skip_dag.py
[2026-03-02T13:41:35.306+0000] {processor.py:840} INFO - DAG(s) 'example_skip_dag' retrieved from /home/airflow/.local/lib/python3.12/site-packages/airflow/example_dags/example_skip_dag.py
[2026-03-02T13:41:35.317+0000] {logging_mixin.py:188} INFO - [2026-03-02T13:41:35.317+0000] {dag.py:3096} INFO - Sync 1 DAGs
[2026-03-02T13:41:35.327+0000] {logging_mixin.py:188} INFO - [2026-03-02T13:41:35.327+0000] {dag.py:3954} INFO - Setting next_dagrun for example_skip_dag to 2026-03-01 00:00:00+00:00, run_after=2026-03-02 00:00:00+00:00
[2026-03-02T13:41:35.334+0000] {processor.py:183} INFO - Processing /home/airflow/.local/lib/python3.12/site-packages/airflow/example_dags/example_skip_dag.py took 0.040 seconds
[2026-03-02T13:42:05.463+0000] {processor.py:161} INFO - Started process (PID=710) to work on /home/airflow/.local/lib/python3.12/site-packages/airflow/example_dags/example_skip_dag.py
[2026-03-02T13:42:05.465+0000] {processor.py:830} INFO - Processing file /home/airflow/.local/lib/python3.12/site-packages/airflow/example_dags/example_skip_dag.py for tasks to queue
[2026-03-02T13:42:05.466+0000] {logging_mixin.py:188} INFO - [2026-03-02T13:42:05.466+0000] {dagbag.py:540} INFO - Filling up the DagBag from /home/airflow/.local/lib/python3.12/site-packages/airflow/example_dags/example_skip_dag.py
[2026-03-02T13:42:05.469+0000] {processor.py:840} INFO - DAG(s) 'example_skip_dag' retrieved from /home/airflow/.local/lib/python3.12/site-packages/airflow/example_dags/example_skip_dag.py
[2026-03-02T13:42:05.486+0000] {logging_mixin.py:188} INFO - [2026-03-02T13:42:05.485+0000] {dag.py:3096} INFO - Sync 1 DAGs
[2026-03-02T13:42:05.503+0000] {logging_mixin.py:188} INFO - [2026-03-02T13:42:05.503+0000] {dag.py:3954} INFO - Setting next_dagrun for example_skip_dag to 2026-03-01 00:00:00+00:00, run_after=2026-03-02 00:00:00+00:00
[2026-03-02T13:42:05.511+0000] {processor.py:183} INFO - Processing /home/airflow/.local/lib/python3.12/site-packages/airflow/example_dags/example_skip_dag.py took 0.050 seconds
[2026-03-02T13:42:35.656+0000] {processor.py:161} INFO - Started process (PID=768) to work on /home/airflow/.local/lib/python3.12/site-packages/airflow/example_dags/example_skip_dag.py
[2026-03-02T13:42:35.656+0000] {processor.py:830} INFO - Processing file /home/airflow/.local/lib/python3.12/site-packages/airflow/example_dags/example_skip_dag.py for tasks to queue
[2026-03-02T13:42:35.657+0000] {logging_mixin.py:188} INFO - [2026-03-02T13:42:35.657+0000] {dagbag.py:540} INFO - Filling up the DagBag from /home/airflow/.local/lib/python3.12/site-packages/airflow/example_dags/example_skip_dag.py
[2026-03-02T13:42:35.660+0000] {processor.py:840} INFO - DAG(s) 'example_skip_dag' retrieved from /home/airflow/.local/lib/python3.12/site-packages/airflow/example_dags/example_skip_dag.py
[2026-03-02T13:42:35.670+0000] {logging_mixin.py:188} INFO - [2026-03-02T13:42:35.669+0000] {dag.py:3096} INFO - Sync 1 DAGs
[2026-03-02T13:42:35.679+0000] {logging_mixin.py:188} INFO - [2026-03-02T13:42:35.679+0000] {dag.py:3954} INFO - Setting next_dagrun for example_skip_dag to 2026-03-01 00:00:00+00:00, run_after=2026-03-02 00:00:00+00:00
[2026-03-02T13:42:35.685+0000] {processor.py:183} INFO - Processing /home/airflow/.local/lib/python3.12/site-packages/airflow/example_dags/example_skip_dag.py took 0.032 seconds
[2026-03-02T13:43:06.182+0000] {processor.py:161} INFO - Started process (PID=826) to work on /home/airflow/.local/lib/python3.12/site-packages/airflow/example_dags/example_skip_dag.py
[2026-03-02T13:43:06.182+0000] {processor.py:830} INFO - Processing file /home/airflow/.local/lib/python3.12/site-packages/airflow/example_dags/example_skip_dag.py for tasks to queue
[2026-03-02T13:43:06.183+0000] {logging_mixin.py:188} INFO - [2026-03-02T13:43:06.183+0000] {dagbag.py:540} INFO - Filling up the DagBag from /home/airflow/.local/lib/python3.12/site-packages/airflow/example_dags/example_skip_dag.py
[2026-03-02T13:43:06.186+0000] {processor.py:840} INFO - DAG(s) 'example_skip_dag' retrieved from /home/airflow/.local/lib/python3.12/site-packages/airflow/example_dags/example_skip_dag.py
[2026-03-02T13:43:06.196+0000] {logging_mixin.py:188} INFO - [2026-03-02T13:43:06.196+0000] {dag.py:3096} INFO - Sync 1 DAGs
[2026-03-02T13:43:06.204+0000] {logging_mixin.py:188} INFO - [2026-03-02T13:43:06.204+0000] {dag.py:3954} INFO - Setting next_dagrun for example_skip_dag to 2026-03-01 00:00:00+00:00, run_after=2026-03-02 00:00:00+00:00
[2026-03-02T13:43:06.210+0000] {processor.py:183} INFO - Processing /home/airflow/.local/lib/python3.12/site-packages/airflow/example_dags/example_skip_dag.py took 0.031 seconds
[2026-03-02T13:43:36.408+0000] {processor.py:161} INFO - Started process (PID=884) to work on /home/airflow/.local/lib/python3.12/site-packages/airflow/example_dags/example_skip_dag.py
[2026-03-02T13:43:36.409+0000] {processor.py:830} INFO - Processing file /home/airflow/.local/lib/python3.12/site-packages/airflow/example_dags/example_skip_dag.py for tasks to queue
[2026-03-02T13:43:36.411+0000] {logging_mixin.py:188} INFO - [2026-03-02T13:43:36.411+0000] {dagbag.py:540} INFO - Filling up the DagBag from /home/airflow/.local/lib/python3.12/site-packages/airflow/example_dags/example_skip_dag.py
[2026-03-02T13:43:36.414+0000] {processor.py:840} INFO - DAG(s) 'example_skip_dag' retrieved from /home/airflow/.local/lib/python3.12/site-packages/airflow/example_dags/example_skip_dag.py
[2026-03-02T13:43:36.426+0000] {logging_mixin.py:188} INFO - [2026-03-02T13:43:36.426+0000] {dag.py:3096} INFO - Sync 1 DAGs
[2026-03-02T13:43:36.437+0000] {logging_mixin.py:188} INFO - [2026-03-02T13:43:36.437+0000] {dag.py:3954} INFO - Setting next_dagrun for example_skip_dag to 2026-03-01 00:00:00+00:00, run_after=2026-03-02 00:00:00+00:00
[2026-03-02T13:43:36.447+0000] {processor.py:183} INFO - Processing /home/airflow/.local/lib/python3.12/site-packages/airflow/example_dags/example_skip_dag.py took 0.042 seconds
[2026-03-02T13:44:07.145+0000] {processor.py:161} INFO - Started process (PID=942) to work on /home/airflow/.local/lib/python3.12/site-packages/airflow/example_dags/example_skip_dag.py
[2026-03-02T13:44:07.149+0000] {processor.py:830} INFO - Processing file /home/airflow/.local/lib/python3.12/site-packages/airflow/example_dags/example_skip_dag.py for tasks to queue
[2026-03-02T13:44:07.150+0000] {logging_mixin.py:188} INFO - [2026-03-02T13:44:07.150+0000] {dagbag.py:540} INFO - Filling up the DagBag from /home/airflow/.local/lib/python3.12/site-packages/airflow/example_dags/example_skip_dag.py
[2026-03-02T13:44:07.154+0000] {processor.py:840} INFO - DAG(s) 'example_skip_dag' retrieved from /home/airflow/.local/lib/python3.12/site-packages/airflow/example_dags/example_skip_dag.py
[2026-03-02T13:44:07.161+0000] {logging_mixin.py:188} INFO - [2026-03-02T13:44:07.161+0000] {dag.py:3096} INFO - Sync 1 DAGs
[2026-03-02T13:44:07.169+0000] {logging_mixin.py:188} INFO - [2026-03-02T13:44:07.169+0000] {dag.py:3954} INFO - Setting next_dagrun for example_skip_dag to 2026-03-01 00:00:00+00:00, run_after=2026-03-02 00:00:00+00:00
[2026-03-02T13:44:07.175+0000] {processor.py:183} INFO - Processing /home/airflow/.local/lib/python3.12/site-packages/airflow/example_dags/example_skip_dag.py took 0.033 seconds
[2026-03-02T13:44:37.382+0000] {processor.py:161} INFO - Started process (PID=999) to work on /home/airflow/.local/lib/python3.12/site-packages/airflow/example_dags/example_skip_dag.py
[2026-03-02T13:44:37.384+0000] {processor.py:830} INFO - Processing file /home/airflow/.local/lib/python3.12/site-packages/airflow/example_dags/example_skip_dag.py for tasks to queue
[2026-03-02T13:44:37.385+0000] {logging_mixin.py:188} INFO - [2026-03-02T13:44:37.385+0000] {dagbag.py:540} INFO - Filling up the DagBag from /home/airflow/.local/lib/python3.12/site-packages/airflow/example_dags/example_skip_dag.py
[2026-03-02T13:44:37.388+0000] {processor.py:840} INFO - DAG(s) 'example_skip_dag' retrieved from /home/airflow/.local/lib/python3.12/site-packages/airflow/example_dags/example_skip_dag.py
[2026-03-02T13:44:37.397+0000] {logging_mixin.py:188} INFO - [2026-03-02T13:44:37.397+0000] {dag.py:3096} INFO - Sync 1 DAGs
[2026-03-02T13:44:37.406+0000] {logging_mixin.py:188} INFO - [2026-03-02T13:44:37.406+0000] {dag.py:3954} INFO - Setting next_dagrun for example_skip_dag to 2026-03-01 00:00:00+00:00, run_after=2026-03-02 00:00:00+00:00
[2026-03-02T13:44:37.413+0000] {processor.py:183} INFO - Processing /home/airflow/.local/lib/python3.12/site-packages/airflow/example_dags/example_skip_dag.py took 0.034 seconds
[2026-03-02T13:45:07.494+0000] {processor.py:161} INFO - Started process (PID=1057) to work on /home/airflow/.local/lib/python3.12/site-packages/airflow/example_dags/example_skip_dag.py
[2026-03-02T13:45:07.496+0000] {processor.py:830} INFO - Processing file /home/airflow/.local/lib/python3.12/site-packages/airflow/example_dags/example_skip_dag.py for tasks to queue
[2026-03-02T13:45:07.500+0000] {logging_mixin.py:188} INFO - [2026-03-02T13:45:07.499+0000] {dagbag.py:540} INFO - Filling up the DagBag from /home/airflow/.local/lib/python3.12/site-packages/airflow/example_dags/example_skip_dag.py
[2026-03-02T13:45:07.503+0000] {processor.py:840} INFO - DAG(s) 'example_skip_dag' retrieved from /home/airflow/.local/lib/python3.12/site-packages/airflow/example_dags/example_skip_dag.py
[2026-03-02T13:45:07.513+0000] {logging_mixin.py:188} INFO - [2026-03-02T13:45:07.512+0000] {dag.py:3096} INFO - Sync 1 DAGs
[2026-03-02T13:45:07.520+0000] {logging_mixin.py:188} INFO - [2026-03-02T13:45:07.520+0000] {dag.py:3954} INFO - Setting next_dagrun for example_skip_dag to 2026-03-01 00:00:00+00:00, run_after=2026-03-02 00:00:00+00:00
[2026-03-02T13:45:07.527+0000] {processor.py:183} INFO - Processing /home/airflow/.local/lib/python3.12/site-packages/airflow/example_dags/example_skip_dag.py took 0.036 seconds
[2026-03-02T13:45:38.445+0000] {processor.py:161} INFO - Started process (PID=1115) to work on /home/airflow/.local/lib/python3.12/site-packages/airflow/example_dags/example_skip_dag.py
[2026-03-02T13:45:38.445+0000] {processor.py:830} INFO - Processing file /home/airflow/.local/lib/python3.12/site-packages/airflow/example_dags/example_skip_dag.py for tasks to queue
[2026-03-02T13:45:38.446+0000] {logging_mixin.py:188} INFO - [2026-03-02T13:45:38.446+0000] {dagbag.py:540} INFO - Filling up the DagBag from /home/airflow/.local/lib/python3.12/site-packages/airflow/example_dags/example_skip_dag.py
[2026-03-02T13:45:38.449+0000] {processor.py:840} INFO - DAG(s) 'example_skip_dag' retrieved from /home/airflow/.local/lib/python3.12/site-packages/airflow/example_dags/example_skip_dag.py
[2026-03-02T13:45:38.527+0000] {logging_mixin.py:188} INFO - [2026-03-02T13:45:38.527+0000] {dag.py:3096} INFO - Sync 1 DAGs
[2026-03-02T13:45:38.534+0000] {logging_mixin.py:188} INFO - [2026-03-02T13:45:38.534+0000] {dag.py:3954} INFO - Setting next_dagrun for example_skip_dag to 2026-03-01 00:00:00+00:00, run_after=2026-03-02 00:00:00+00:00
[2026-03-02T13:45:38.540+0000] {processor.py:183} INFO - Processing /home/airflow/.local/lib/python3.12/site-packages/airflow/example_dags/example_skip_dag.py took 0.097 seconds
[2026-03-02T13:46:08.806+0000] {processor.py:161} INFO - Started process (PID=1173) to work on /home/airflow/.local/lib/python3.12/site-packages/airflow/example_dags/example_skip_dag.py
[2026-03-02T13:46:08.806+0000] {processor.py:830} INFO - Processing file /home/airflow/.local/lib/python3.12/site-packages/airflow/example_dags/example_skip_dag.py for tasks to queue
[2026-03-02T13:46:08.807+0000] {logging_mixin.py:188} INFO - [2026-03-02T13:46:08.807+0000] {dagbag.py:540} INFO - Filling up the DagBag from /home/airflow/.local/lib/python3.12/site-packages/airflow/example_dags/example_skip_dag.py
[2026-03-02T13:46:08.810+0000] {processor.py:840} INFO - DAG(s) 'example_skip_dag' retrieved from /home/airflow/.local/lib/python3.12/site-packages/airflow/example_dags/example_skip_dag.py
[2026-03-02T13:46:08.821+0000] {logging_mixin.py:188} INFO - [2026-03-02T13:46:08.821+0000] {dag.py:3096} INFO - Sync 1 DAGs
[2026-03-02T13:46:08.903+0000] {logging_mixin.py:188} INFO - [2026-03-02T13:46:08.903+0000] {dag.py:3954} INFO - Setting next_dagrun for example_skip_dag to 2026-03-01 00:00:00+00:00, run_after=2026-03-02 00:00:00+00:00
[2026-03-02T13:46:08.909+0000] {processor.py:183} INFO - Processing /home/airflow/.local/lib/python3.12/site-packages/airflow/example_dags/example_skip_dag.py took 0.105 seconds
[2026-03-02T13:46:39.514+0000] {processor.py:161} INFO - Started process (PID=1231) to work on /home/airflow/.local/lib/python3.12/site-packages/airflow/example_dags/example_skip_dag.py
[2026-03-02T13:46:39.515+0000] {processor.py:830} INFO - Processing file /home/airflow/.local/lib/python3.12/site-packages/airflow/example_dags/example_skip_dag.py for tasks to queue
[2026-03-02T13:46:39.515+0000] {logging_mixin.py:188} INFO - [2026-03-02T13:46:39.515+0000] {dagbag.py:540} INFO - Filling up the DagBag from /home/airflow/.local/lib/python3.12/site-packages/airflow/example_dags/example_skip_dag.py
[2026-03-02T13:46:39.518+0000] {processor.py:840} INFO - DAG(s) 'example_skip_dag' retrieved from /home/airflow/.local/lib/python3.12/site-packages/airflow/example_dags/example_skip_dag.py
[2026-03-02T13:46:39.527+0000] {logging_mixin.py:188} INFO - [2026-03-02T13:46:39.527+0000] {dag.py:3096} INFO - Sync 1 DAGs
[2026-03-02T13:46:39.538+0000] {logging_mixin.py:188} INFO - [2026-03-02T13:46:39.538+0000] {dag.py:3954} INFO - Setting next_dagrun for example_skip_dag to 2026-03-01 00:00:00+00:00, run_after=2026-03-02 00:00:00+00:00
[2026-03-02T13:46:39.547+0000] {processor.py:183} INFO - Processing /home/airflow/.local/lib/python3.12/site-packages/airflow/example_dags/example_skip_dag.py took 0.036 seconds
[2026-03-02T13:47:10.540+0000] {processor.py:161} INFO - Started process (PID=1289) to work on /home/airflow/.local/lib/python3.12/site-packages/airflow/example_dags/example_skip_dag.py
[2026-03-02T13:47:10.544+0000] {processor.py:830} INFO - Processing file /home/airflow/.local/lib/python3.12/site-packages/airflow/example_dags/example_skip_dag.py for tasks to queue
[2026-03-02T13:47:10.545+0000] {logging_mixin.py:188} INFO - [2026-03-02T13:47:10.545+0000] {dagbag.py:540} INFO - Filling up the DagBag from /home/airflow/.local/lib/python3.12/site-packages/airflow/example_dags/example_skip_dag.py
[2026-03-02T13:47:10.549+0000] {processor.py:840} INFO - DAG(s) 'example_skip_dag' retrieved from /home/airflow/.local/lib/python3.12/site-packages/airflow/example_dags/example_skip_dag.py
[2026-03-02T13:47:10.561+0000] {logging_mixin.py:188} INFO - [2026-03-02T13:47:10.561+0000] {dag.py:3096} INFO - Sync 1 DAGs
[2026-03-02T13:47:10.578+0000] {logging_mixin.py:188} INFO - [2026-03-02T13:47:10.578+0000] {dag.py:3954} INFO - Setting next_dagrun for example_skip_dag to 2026-03-01 00:00:00+00:00, run_after=2026-03-02 00:00:00+00:00
[2026-03-02T13:47:10.589+0000] {processor.py:183} INFO - Processing /home/airflow/.local/lib/python3.12/site-packages/airflow/example_dags/example_skip_dag.py took 0.052 seconds
[2026-03-02T13:47:41.133+0000] {processor.py:161} INFO - Started process (PID=1347) to work on /home/airflow/.local/lib/python3.12/site-packages/airflow/example_dags/example_skip_dag.py
[2026-03-02T13:47:41.133+0000] {processor.py:830} INFO - Processing file /home/airflow/.local/lib/python3.12/site-packages/airflow/example_dags/example_skip_dag.py for tasks to queue
[2026-03-02T13:47:41.135+0000] {logging_mixin.py:188} INFO - [2026-03-02T13:47:41.134+0000] {dagbag.py:540} INFO - Filling up the DagBag from /home/airflow/.local/lib/python3.12/site-packages/airflow/example_dags/example_skip_dag.py
[2026-03-02T13:47:41.140+0000] {processor.py:840} INFO - DAG(s) 'example_skip_dag' retrieved from /home/airflow/.local/lib/python3.12/site-packages/airflow/example_dags/example_skip_dag.py
[2026-03-02T13:47:41.165+0000] {logging_mixin.py:188} INFO - [2026-03-02T13:47:41.165+0000] {dag.py:3096} INFO - Sync 1 DAGs
[2026-03-02T13:47:41.183+0000] {logging_mixin.py:188} INFO - [2026-03-02T13:47:41.182+0000] {dag.py:3954} INFO - Setting next_dagrun for example_skip_dag to 2026-03-01 00:00:00+00:00, run_after=2026-03-02 00:00:00+00:00
[2026-03-02T13:47:41.199+0000] {processor.py:183} INFO - Processing /home/airflow/.local/lib/python3.12/site-packages/airflow/example_dags/example_skip_dag.py took 0.070 seconds
[2026-03-02T13:48:11.980+0000] {processor.py:161} INFO - Started process (PID=1405) to work on /home/airflow/.local/lib/python3.12/site-packages/airflow/example_dags/example_skip_dag.py
[2026-03-02T13:48:11.983+0000] {processor.py:830} INFO - Processing file /home/airflow/.local/lib/python3.12/site-packages/airflow/example_dags/example_skip_dag.py for tasks to queue
[2026-03-02T13:48:11.985+0000] {logging_mixin.py:188} INFO - [2026-03-02T13:48:11.985+0000] {dagbag.py:540} INFO - Filling up the DagBag from /home/airflow/.local/lib/python3.12/site-packages/airflow/example_dags/example_skip_dag.py
[2026-03-02T13:48:11.991+0000] {processor.py:840} INFO - DAG(s) 'example_skip_dag' retrieved from /home/airflow/.local/lib/python3.12/site-packages/airflow/example_dags/example_skip_dag.py
[2026-03-02T13:48:12.005+0000] {logging_mixin.py:188} INFO - [2026-03-02T13:48:12.005+0000] {dag.py:3096} INFO - Sync 1 DAGs
[2026-03-02T13:48:12.016+0000] {logging_mixin.py:188} INFO - [2026-03-02T13:48:12.016+0000] {dag.py:3954} INFO - Setting next_dagrun for example_skip_dag to 2026-03-01 00:00:00+00:00, run_after=2026-03-02 00:00:00+00:00
[2026-03-02T13:48:12.022+0000] {processor.py:183} INFO - Processing /home/airflow/.local/lib/python3.12/site-packages/airflow/example_dags/example_skip_dag.py took 0.044 seconds
[2026-03-02T13:48:42.375+0000] {processor.py:161} INFO - Started process (PID=1463) to work on /home/airflow/.local/lib/python3.12/site-packages/airflow/example_dags/example_skip_dag.py
[2026-03-02T13:48:42.376+0000] {processor.py:830} INFO - Processing file /home/airflow/.local/lib/python3.12/site-packages/airflow/example_dags/example_skip_dag.py for tasks to queue
[2026-03-02T13:48:42.378+0000] {logging_mixin.py:188} INFO - [2026-03-02T13:48:42.378+0000] {dagbag.py:540} INFO - Filling up the DagBag from /home/airflow/.local/lib/python3.12/site-packages/airflow/example_dags/example_skip_dag.py
[2026-03-02T13:48:42.382+0000] {processor.py:840} INFO - DAG(s) 'example_skip_dag' retrieved from /home/airflow/.local/lib/python3.12/site-packages/airflow/example_dags/example_skip_dag.py
[2026-03-02T13:48:42.393+0000] {logging_mixin.py:188} INFO - [2026-03-02T13:48:42.393+0000] {dag.py:3096} INFO - Sync 1 DAGs
[2026-03-02T13:48:42.400+0000] {logging_mixin.py:188} INFO - [2026-03-02T13:48:42.400+0000] {dag.py:3954} INFO - Setting next_dagrun for example_skip_dag to 2026-03-01 00:00:00+00:00, run_after=2026-03-02 00:00:00+00:00
[2026-03-02T13:48:42.406+0000] {processor.py:183} INFO - Processing /home/airflow/.local/lib/python3.12/site-packages/airflow/example_dags/example_skip_dag.py took 0.033 seconds
[2026-03-02T13:49:12.717+0000] {processor.py:161} INFO - Started process (PID=1521) to work on /home/airflow/.local/lib/python3.12/site-packages/airflow/example_dags/example_skip_dag.py
[2026-03-02T13:49:12.717+0000] {processor.py:830} INFO - Processing file /home/airflow/.local/lib/python3.12/site-packages/airflow/example_dags/example_skip_dag.py for tasks to queue
[2026-03-02T13:49:12.718+0000] {logging_mixin.py:188} INFO - [2026-03-02T13:49:12.718+0000] {dagbag.py:540} INFO - Filling up the DagBag from /home/airflow/.local/lib/python3.12/site-packages/airflow/example_dags/example_skip_dag.py
[2026-03-02T13:49:12.722+0000] {processor.py:840} INFO - DAG(s) 'example_skip_dag' retrieved from /home/airflow/.local/lib/python3.12/site-packages/airflow/example_dags/example_skip_dag.py
[2026-03-02T13:49:12.733+0000] {logging_mixin.py:188} INFO - [2026-03-02T13:49:12.733+0000] {dag.py:3096} INFO - Sync 1 DAGs
[2026-03-02T13:49:12.743+0000] {logging_mixin.py:188} INFO - [2026-03-02T13:49:12.743+0000] {dag.py:3954} INFO - Setting next_dagrun for example_skip_dag to 2026-03-01 00:00:00+00:00, run_after=2026-03-02 00:00:00+00:00
[2026-03-02T13:49:12.750+0000] {processor.py:183} INFO - Processing /home/airflow/.local/lib/python3.12/site-packages/airflow/example_dags/example_skip_dag.py took 0.041 seconds
[2026-03-02T13:49:43.161+0000] {processor.py:161} INFO - Started process (PID=1579) to work on /home/airflow/.local/lib/python3.12/site-packages/airflow/example_dags/example_skip_dag.py
[2026-03-02T13:49:43.162+0000] {processor.py:830} INFO - Processing file /home/airflow/.local/lib/python3.12/site-packages/airflow/example_dags/example_skip_dag.py for tasks to queue
[2026-03-02T13:49:43.165+0000] {logging_mixin.py:188} INFO - [2026-03-02T13:49:43.164+0000] {dagbag.py:540} INFO - Filling up the DagBag from /home/airflow/.local/lib/python3.12/site-packages/airflow/example_dags/example_skip_dag.py
[2026-03-02T13:49:43.173+0000] {processor.py:840} INFO - DAG(s) 'example_skip_dag' retrieved from /home/airflow/.local/lib/python3.12/site-packages/airflow/example_dags/example_skip_dag.py
[2026-03-02T13:49:43.194+0000] {logging_mixin.py:188} INFO - [2026-03-02T13:49:43.194+0000] {dag.py:3096} INFO - Sync 1 DAGs
[2026-03-02T13:49:43.215+0000] {logging_mixin.py:188} INFO - [2026-03-02T13:49:43.215+0000] {dag.py:3954} INFO - Setting next_dagrun for example_skip_dag to 2026-03-01 00:00:00+00:00, run_after=2026-03-02 00:00:00+00:00
[2026-03-02T13:49:43.227+0000] {processor.py:183} INFO - Processing /home/airflow/.local/lib/python3.12/site-packages/airflow/example_dags/example_skip_dag.py took 0.071 seconds
[2026-03-02T13:50:13.885+0000] {processor.py:161} INFO - Started process (PID=1637) to work on /home/airflow/.local/lib/python3.12/site-packages/airflow/example_dags/example_skip_dag.py
[2026-03-02T13:50:13.886+0000] {processor.py:830} INFO - Processing file /home/airflow/.local/lib/python3.12/site-packages/airflow/example_dags/example_skip_dag.py for tasks to queue
[2026-03-02T13:50:13.887+0000] {logging_mixin.py:188} INFO - [2026-03-02T13:50:13.887+0000] {dagbag.py:540} INFO - Filling up the DagBag from /home/airflow/.local/lib/python3.12/site-packages/airflow/example_dags/example_skip_dag.py
[2026-03-02T13:50:13.890+0000] {processor.py:840} INFO - DAG(s) 'example_skip_dag' retrieved from /home/airflow/.local/lib/python3.12/site-packages/airflow/example_dags/example_skip_dag.py
[2026-03-02T13:50:13.902+0000] {logging_mixin.py:188} INFO - [2026-03-02T13:50:13.902+0000] {dag.py:3096} INFO - Sync 1 DAGs
[2026-03-02T13:50:13.915+0000] {logging_mixin.py:188} INFO - [2026-03-02T13:50:13.915+0000] {dag.py:3954} INFO - Setting next_dagrun for example_skip_dag to 2026-03-01 00:00:00+00:00, run_after=2026-03-02 00:00:00+00:00
[2026-03-02T13:50:13.928+0000] {processor.py:183} INFO - Processing /home/airflow/.local/lib/python3.12/site-packages/airflow/example_dags/example_skip_dag.py took 0.046 seconds
[2026-03-02T13:50:44.320+0000] {processor.py:161} INFO - Started process (PID=1695) to work on /home/airflow/.local/lib/python3.12/site-packages/airflow/example_dags/example_skip_dag.py
[2026-03-02T13:50:44.323+0000] {processor.py:830} INFO - Processing file /home/airflow/.local/lib/python3.12/site-packages/airflow/example_dags/example_skip_dag.py for tasks to queue
[2026-03-02T13:50:44.325+0000] {logging_mixin.py:188} INFO - [2026-03-02T13:50:44.325+0000] {dagbag.py:540} INFO - Filling up the DagBag from /home/airflow/.local/lib/python3.12/site-packages/airflow/example_dags/example_skip_dag.py
[2026-03-02T13:50:44.331+0000] {processor.py:840} INFO - DAG(s) 'example_skip_dag' retrieved from /home/airflow/.local/lib/python3.12/site-packages/airflow/example_dags/example_skip_dag.py
[2026-03-02T13:50:44.352+0000] {logging_mixin.py:188} INFO - [2026-03-02T13:50:44.351+0000] {dag.py:3096} INFO - Sync 1 DAGs
[2026-03-02T13:50:44.379+0000] {logging_mixin.py:188} INFO - [2026-03-02T13:50:44.379+0000] {dag.py:3954} INFO - Setting next_dagrun for example_skip_dag to 2026-03-01 00:00:00+00:00, run_after=2026-03-02 00:00:00+00:00
[2026-03-02T13:50:44.389+0000] {processor.py:183} INFO - Processing /home/airflow/.local/lib/python3.12/site-packages/airflow/example_dags/example_skip_dag.py took 0.073 seconds
[2026-03-02T13:51:15.499+0000] {processor.py:161} INFO - Started process (PID=1753) to work on /home/airflow/.local/lib/python3.12/site-packages/airflow/example_dags/example_skip_dag.py
[2026-03-02T13:51:15.501+0000] {processor.py:830} INFO - Processing file /home/airflow/.local/lib/python3.12/site-packages/airflow/example_dags/example_skip_dag.py for tasks to queue
[2026-03-02T13:51:15.506+0000] {logging_mixin.py:188} INFO - [2026-03-02T13:51:15.505+0000] {dagbag.py:540} INFO - Filling up the DagBag from /home/airflow/.local/lib/python3.12/site-packages/airflow/example_dags/example_skip_dag.py
[2026-03-02T13:51:15.511+0000] {processor.py:840} INFO - DAG(s) 'example_skip_dag' retrieved from /home/airflow/.local/lib/python3.12/site-packages/airflow/example_dags/example_skip_dag.py
[2026-03-02T13:51:15.533+0000] {logging_mixin.py:188} INFO - [2026-03-02T13:51:15.532+0000] {dag.py:3096} INFO - Sync 1 DAGs
[2026-03-02T13:51:15.552+0000] {logging_mixin.py:188} INFO - [2026-03-02T13:51:15.552+0000] {dag.py:3954} INFO - Setting next_dagrun for example_skip_dag to 2026-03-01 00:00:00+00:00, run_after=2026-03-02 00:00:00+00:00
[2026-03-02T13:51:15.562+0000] {processor.py:183} INFO - Processing /home/airflow/.local/lib/python3.12/site-packages/airflow/example_dags/example_skip_dag.py took 0.071 seconds
[2026-03-02T13:51:45.750+0000] {processor.py:161} INFO - Started process (PID=1811) to work on /home/airflow/.local/lib/python3.12/site-packages/airflow/example_dags/example_skip_dag.py
[2026-03-02T13:51:45.751+0000] {processor.py:830} INFO - Processing file /home/airflow/.local/lib/python3.12/site-packages/airflow/example_dags/example_skip_dag.py for tasks to queue
[2026-03-02T13:51:45.752+0000] {logging_mixin.py:188} INFO - [2026-03-02T13:51:45.751+0000] {dagbag.py:540} INFO - Filling up the DagBag from /home/airflow/.local/lib/python3.12/site-packages/airflow/example_dags/example_skip_dag.py
[2026-03-02T13:51:45.756+0000] {processor.py:840} INFO - DAG(s) 'example_skip_dag' retrieved from /home/airflow/.local/lib/python3.12/site-packages/airflow/example_dags/example_skip_dag.py
[2026-03-02T13:51:45.768+0000] {logging_mixin.py:188} INFO - [2026-03-02T13:51:45.768+0000] {dag.py:3096} INFO - Sync 1 DAGs
[2026-03-02T13:51:45.791+0000] {logging_mixin.py:188} INFO - [2026-03-02T13:51:45.791+0000] {dag.py:3954} INFO - Setting next_dagrun for example_skip_dag to 2026-03-01 00:00:00+00:00, run_after=2026-03-02 00:00:00+00:00
[2026-03-02T13:51:45.915+0000] {processor.py:183} INFO - Processing /home/airflow/.local/lib/python3.12/site-packages/airflow/example_dags/example_skip_dag.py took 0.169 seconds
[2026-03-02T13:52:16.755+0000] {processor.py:161} INFO - Started process (PID=1869) to work on /home/airflow/.local/lib/python3.12/site-packages/airflow/example_dags/example_skip_dag.py
[2026-03-02T13:52:16.772+0000] {processor.py:830} INFO - Processing file /home/airflow/.local/lib/python3.12/site-packages/airflow/example_dags/example_skip_dag.py for tasks to queue
[2026-03-02T13:52:16.776+0000] {logging_mixin.py:188} INFO - [2026-03-02T13:52:16.776+0000] {dagbag.py:540} INFO - Filling up the DagBag from /home/airflow/.local/lib/python3.12/site-packages/airflow/example_dags/example_skip_dag.py
[2026-03-02T13:52:16.798+0000] {processor.py:840} INFO - DAG(s) 'example_skip_dag' retrieved from /home/airflow/.local/lib/python3.12/site-packages/airflow/example_dags/example_skip_dag.py
[2026-03-02T13:52:16.828+0000] {logging_mixin.py:188} INFO - [2026-03-02T13:52:16.828+0000] {dag.py:3096} INFO - Sync 1 DAGs
[2026-03-02T13:52:16.838+0000] {logging_mixin.py:188} INFO - [2026-03-02T13:52:16.838+0000] {dag.py:3954} INFO - Setting next_dagrun for example_skip_dag to 2026-03-01 00:00:00+00:00, run_after=2026-03-02 00:00:00+00:00
[2026-03-02T13:52:16.846+0000] {processor.py:183} INFO - Processing /home/airflow/.local/lib/python3.12/site-packages/airflow/example_dags/example_skip_dag.py took 0.179 seconds
[2026-03-02T13:52:47.765+0000] {processor.py:161} INFO - Started process (PID=1927) to work on /home/airflow/.local/lib/python3.12/site-packages/airflow/example_dags/example_skip_dag.py
[2026-03-02T13:52:47.766+0000] {processor.py:830} INFO - Processing file /home/airflow/.local/lib/python3.12/site-packages/airflow/example_dags/example_skip_dag.py for tasks to queue
[2026-03-02T13:52:47.767+0000] {logging_mixin.py:188} INFO - [2026-03-02T13:52:47.766+0000] {dagbag.py:540} INFO - Filling up the DagBag from /home/airflow/.local/lib/python3.12/site-packages/airflow/example_dags/example_skip_dag.py
[2026-03-02T13:52:47.771+0000] {processor.py:840} INFO - DAG(s) 'example_skip_dag' retrieved from /home/airflow/.local/lib/python3.12/site-packages/airflow/example_dags/example_skip_dag.py
[2026-03-02T13:52:47.790+0000] {logging_mixin.py:188} INFO - [2026-03-02T13:52:47.790+0000] {dag.py:3096} INFO - Sync 1 DAGs
[2026-03-02T13:52:47.810+0000] {logging_mixin.py:188} INFO - [2026-03-02T13:52:47.810+0000] {dag.py:3954} INFO - Setting next_dagrun for example_skip_dag to 2026-03-01 00:00:00+00:00, run_after=2026-03-02 00:00:00+00:00
[2026-03-02T13:52:47.822+0000] {processor.py:183} INFO - Processing /home/airflow/.local/lib/python3.12/site-packages/airflow/example_dags/example_skip_dag.py took 0.062 seconds
[2026-03-02T13:53:18.288+0000] {processor.py:161} INFO - Started process (PID=1985) to work on /home/airflow/.local/lib/python3.12/site-packages/airflow/example_dags/example_skip_dag.py
[2026-03-02T13:53:18.289+0000] {processor.py:830} INFO - Processing file /home/airflow/.local/lib/python3.12/site-packages/airflow/example_dags/example_skip_dag.py for tasks to queue
[2026-03-02T13:53:18.297+0000] {logging_mixin.py:188} INFO - [2026-03-02T13:53:18.297+0000] {dagbag.py:540} INFO - Filling up the DagBag from /home/airflow/.local/lib/python3.12/site-packages/airflow/example_dags/example_skip_dag.py
[2026-03-02T13:53:18.305+0000] {processor.py:840} INFO - DAG(s) 'example_skip_dag' retrieved from /home/airflow/.local/lib/python3.12/site-packages/airflow/example_dags/example_skip_dag.py
[2026-03-02T13:53:18.325+0000] {logging_mixin.py:188} INFO - [2026-03-02T13:53:18.325+0000] {dag.py:3096} INFO - Sync 1 DAGs
[2026-03-02T13:53:18.345+0000] {logging_mixin.py:188} INFO - [2026-03-02T13:53:18.344+0000] {dag.py:3954} INFO - Setting next_dagrun for example_skip_dag to 2026-03-01 00:00:00+00:00, run_after=2026-03-02 00:00:00+00:00
[2026-03-02T13:53:18.354+0000] {processor.py:183} INFO - Processing /home/airflow/.local/lib/python3.12/site-packages/airflow/example_dags/example_skip_dag.py took 0.070 seconds
[2026-03-02T13:53:48.662+0000] {processor.py:161} INFO - Started process (PID=2043) to work on /home/airflow/.local/lib/python3.12/site-packages/airflow/example_dags/example_skip_dag.py
[2026-03-02T13:53:48.664+0000] {processor.py:830} INFO - Processing file /home/airflow/.local/lib/python3.12/site-packages/airflow/example_dags/example_skip_dag.py for tasks to queue
[2026-03-02T13:53:48.666+0000] {logging_mixin.py:188} INFO - [2026-03-02T13:53:48.666+0000] {dagbag.py:540} INFO - Filling up the DagBag from /home/airflow/.local/lib/python3.12/site-packages/airflow/example_dags/example_skip_dag.py
[2026-03-02T13:53:48.673+0000] {processor.py:840} INFO - DAG(s) 'example_skip_dag' retrieved from /home/airflow/.local/lib/python3.12/site-packages/airflow/example_dags/example_skip_dag.py
[2026-03-02T13:53:48.689+0000] {logging_mixin.py:188} INFO - [2026-03-02T13:53:48.689+0000] {dag.py:3096} INFO - Sync 1 DAGs
[2026-03-02T13:53:48.702+0000] {logging_mixin.py:188} INFO - [2026-03-02T13:53:48.702+0000] {dag.py:3954} INFO - Setting next_dagrun for example_skip_dag to 2026-03-01 00:00:00+00:00, run_after=2026-03-02 00:00:00+00:00
[2026-03-02T13:53:48.711+0000] {processor.py:183} INFO - Processing /home/airflow/.local/lib/python3.12/site-packages/airflow/example_dags/example_skip_dag.py took 0.055 seconds
[2026-03-02T13:54:19.571+0000] {processor.py:161} INFO - Started process (PID=2099) to work on /home/airflow/.local/lib/python3.12/site-packages/airflow/example_dags/example_skip_dag.py
[2026-03-02T13:54:19.572+0000] {processor.py:830} INFO - Processing file /home/airflow/.local/lib/python3.12/site-packages/airflow/example_dags/example_skip_dag.py for tasks to queue
[2026-03-02T13:54:19.573+0000] {logging_mixin.py:188} INFO - [2026-03-02T13:54:19.573+0000] {dagbag.py:540} INFO - Filling up the DagBag from /home/airflow/.local/lib/python3.12/site-packages/airflow/example_dags/example_skip_dag.py
[2026-03-02T13:54:19.580+0000] {processor.py:840} INFO - DAG(s) 'example_skip_dag' retrieved from /home/airflow/.local/lib/python3.12/site-packages/airflow/example_dags/example_skip_dag.py
[2026-03-02T13:54:19.589+0000] {logging_mixin.py:188} INFO - [2026-03-02T13:54:19.589+0000] {dag.py:3096} INFO - Sync 1 DAGs
[2026-03-02T13:54:19.597+0000] {logging_mixin.py:188} INFO - [2026-03-02T13:54:19.597+0000] {dag.py:3954} INFO - Setting next_dagrun for example_skip_dag to 2026-03-01 00:00:00+00:00, run_after=2026-03-02 00:00:00+00:00
[2026-03-02T13:54:19.605+0000] {processor.py:183} INFO - Processing /home/airflow/.local/lib/python3.12/site-packages/airflow/example_dags/example_skip_dag.py took 0.036 seconds
[2026-03-02T13:54:50.309+0000] {processor.py:161} INFO - Started process (PID=2157) to work on /home/airflow/.local/lib/python3.12/site-packages/airflow/example_dags/example_skip_dag.py
[2026-03-02T13:54:50.312+0000] {processor.py:830} INFO - Processing file /home/airflow/.local/lib/python3.12/site-packages/airflow/example_dags/example_skip_dag.py for tasks to queue
[2026-03-02T13:54:50.313+0000] {logging_mixin.py:188} INFO - [2026-03-02T13:54:50.313+0000] {dagbag.py:540} INFO - Filling up the DagBag from /home/airflow/.local/lib/python3.12/site-packages/airflow/example_dags/example_skip_dag.py
[2026-03-02T13:54:50.316+0000] {processor.py:840} INFO - DAG(s) 'example_skip_dag' retrieved from /home/airflow/.local/lib/python3.12/site-packages/airflow/example_dags/example_skip_dag.py
[2026-03-02T13:54:50.327+0000] {logging_mixin.py:188} INFO - [2026-03-02T13:54:50.327+0000] {dag.py:3096} INFO - Sync 1 DAGs
[2026-03-02T13:54:50.336+0000] {logging_mixin.py:188} INFO - [2026-03-02T13:54:50.336+0000] {dag.py:3954} INFO - Setting next_dagrun for example_skip_dag to 2026-03-01 00:00:00+00:00, run_after=2026-03-02 00:00:00+00:00
[2026-03-02T13:54:50.343+0000] {processor.py:183} INFO - Processing /home/airflow/.local/lib/python3.12/site-packages/airflow/example_dags/example_skip_dag.py took 0.038 seconds
[2026-03-02T13:55:25.200+0000] {processor.py:161} INFO - Started process (PID=2215) to work on /home/airflow/.local/lib/python3.12/site-packages/airflow/example_dags/example_skip_dag.py
[2026-03-02T13:55:25.204+0000] {processor.py:830} INFO - Processing file /home/airflow/.local/lib/python3.12/site-packages/airflow/example_dags/example_skip_dag.py for tasks to queue
[2026-03-02T13:55:25.205+0000] {logging_mixin.py:188} INFO - [2026-03-02T13:55:25.205+0000] {dagbag.py:540} INFO - Filling up the DagBag from /home/airflow/.local/lib/python3.12/site-packages/airflow/example_dags/example_skip_dag.py
[2026-03-02T13:55:25.220+0000] {processor.py:840} INFO - DAG(s) 'example_skip_dag' retrieved from /home/airflow/.local/lib/python3.12/site-packages/airflow/example_dags/example_skip_dag.py
[2026-03-02T13:55:25.259+0000] {logging_mixin.py:188} INFO - [2026-03-02T13:55:25.259+0000] {dag.py:3096} INFO - Sync 1 DAGs
[2026-03-02T13:55:25.303+0000] {logging_mixin.py:188} INFO - [2026-03-02T13:55:25.302+0000] {dag.py:3954} INFO - Setting next_dagrun for example_skip_dag to 2026-03-01 00:00:00+00:00, run_after=2026-03-02 00:00:00+00:00
[2026-03-02T13:55:25.358+0000] {processor.py:183} INFO - Processing /home/airflow/.local/lib/python3.12/site-packages/airflow/example_dags/example_skip_dag.py took 0.166 seconds
[2026-03-02T13:55:55.849+0000] {processor.py:161} INFO - Started process (PID=2273) to work on /home/airflow/.local/lib/python3.12/site-packages/airflow/example_dags/example_skip_dag.py
[2026-03-02T13:55:55.849+0000] {processor.py:830} INFO - Processing file /home/airflow/.local/lib/python3.12/site-packages/airflow/example_dags/example_skip_dag.py for tasks to queue
[2026-03-02T13:55:55.851+0000] {logging_mixin.py:188} INFO - [2026-03-02T13:55:55.851+0000] {dagbag.py:540} INFO - Filling up the DagBag from /home/airflow/.local/lib/python3.12/site-packages/airflow/example_dags/example_skip_dag.py
[2026-03-02T13:55:55.855+0000] {processor.py:840} INFO - DAG(s) 'example_skip_dag' retrieved from /home/airflow/.local/lib/python3.12/site-packages/airflow/example_dags/example_skip_dag.py
[2026-03-02T13:55:55.867+0000] {logging_mixin.py:188} INFO - [2026-03-02T13:55:55.867+0000] {dag.py:3096} INFO - Sync 1 DAGs
[2026-03-02T13:55:55.877+0000] {logging_mixin.py:188} INFO - [2026-03-02T13:55:55.877+0000] {dag.py:3954} INFO - Setting next_dagrun for example_skip_dag to 2026-03-01 00:00:00+00:00, run_after=2026-03-02 00:00:00+00:00
[2026-03-02T13:55:55.885+0000] {processor.py:183} INFO - Processing /home/airflow/.local/lib/python3.12/site-packages/airflow/example_dags/example_skip_dag.py took 0.039 seconds
