[2026-03-02T13:36:28.416+0000] {processor.py:161} INFO - Started process (PID=57) to work on /home/airflow/.local/lib/python3.12/site-packages/airflow/example_dags/example_nested_branch_dag.py
[2026-03-02T13:36:28.416+0000] {processor.py:830} INFO - Processing file /home/airflow/.local/lib/python3.12/site-packages/airflow/example_dags/example_nested_branch_dag.py for tasks to queue
[2026-03-02T13:36:28.426+0000] {logging_mixin.py:188} INFO - [2026-03-02T13:36:28.419+0000] {dagbag.py:540} INFO - Filling up the DagBag from /home/airflow/.local/lib/python3.12/site-packages/airflow/example_dags/example_nested_branch_dag.py
[2026-03-02T13:36:28.581+0000] {processor.py:840} INFO - DAG(s) 'example_nested_branch_dag' retrieved from /home/airflow/.local/lib/python3.12/site-packages/airflow/example_dags/example_nested_branch_dag.py
[2026-03-02T13:36:29.161+0000] {logging_mixin.py:188} INFO - [2026-03-02T13:36:29.161+0000] {dag.py:3096} INFO - Sync 1 DAGs
[2026-03-02T13:36:29.198+0000] {logging_mixin.py:188} INFO - [2026-03-02T13:36:29.198+0000] {dag.py:3954} INFO - Setting next_dagrun for example_nested_branch_dag to 2026-03-01 00:00:00+00:00, run_after=2026-03-02 00:00:00+00:00
[2026-03-02T13:36:29.251+0000] {processor.py:183} INFO - Processing /home/airflow/.local/lib/python3.12/site-packages/airflow/example_dags/example_nested_branch_dag.py took 0.842 seconds
[2026-03-02T13:37:00.116+0000] {processor.py:161} INFO - Started process (PID=120) to work on /home/airflow/.local/lib/python3.12/site-packages/airflow/example_dags/example_nested_branch_dag.py
[2026-03-02T13:37:00.117+0000] {processor.py:830} INFO - Processing file /home/airflow/.local/lib/python3.12/site-packages/airflow/example_dags/example_nested_branch_dag.py for tasks to queue
[2026-03-02T13:37:00.119+0000] {logging_mixin.py:188} INFO - [2026-03-02T13:37:00.119+0000] {dagbag.py:540} INFO - Filling up the DagBag from /home/airflow/.local/lib/python3.12/site-packages/airflow/example_dags/example_nested_branch_dag.py
[2026-03-02T13:37:00.127+0000] {processor.py:840} INFO - DAG(s) 'example_nested_branch_dag' retrieved from /home/airflow/.local/lib/python3.12/site-packages/airflow/example_dags/example_nested_branch_dag.py
[2026-03-02T13:37:00.143+0000] {logging_mixin.py:188} INFO - [2026-03-02T13:37:00.143+0000] {dag.py:3096} INFO - Sync 1 DAGs
[2026-03-02T13:37:00.155+0000] {logging_mixin.py:188} INFO - [2026-03-02T13:37:00.155+0000] {dag.py:3954} INFO - Setting next_dagrun for example_nested_branch_dag to 2026-03-01 00:00:00+00:00, run_after=2026-03-02 00:00:00+00:00
[2026-03-02T13:37:00.164+0000] {processor.py:183} INFO - Processing /home/airflow/.local/lib/python3.12/site-packages/airflow/example_dags/example_nested_branch_dag.py took 0.057 seconds
[2026-03-02T13:37:30.510+0000] {processor.py:161} INFO - Started process (PID=178) to work on /home/airflow/.local/lib/python3.12/site-packages/airflow/example_dags/example_nested_branch_dag.py
[2026-03-02T13:37:30.511+0000] {processor.py:830} INFO - Processing file /home/airflow/.local/lib/python3.12/site-packages/airflow/example_dags/example_nested_branch_dag.py for tasks to queue
[2026-03-02T13:37:30.513+0000] {logging_mixin.py:188} INFO - [2026-03-02T13:37:30.513+0000] {dagbag.py:540} INFO - Filling up the DagBag from /home/airflow/.local/lib/python3.12/site-packages/airflow/example_dags/example_nested_branch_dag.py
[2026-03-02T13:37:30.522+0000] {processor.py:840} INFO - DAG(s) 'example_nested_branch_dag' retrieved from /home/airflow/.local/lib/python3.12/site-packages/airflow/example_dags/example_nested_branch_dag.py
[2026-03-02T13:37:30.546+0000] {logging_mixin.py:188} INFO - [2026-03-02T13:37:30.545+0000] {dag.py:3096} INFO - Sync 1 DAGs
[2026-03-02T13:37:30.561+0000] {logging_mixin.py:188} INFO - [2026-03-02T13:37:30.561+0000] {dag.py:3954} INFO - Setting next_dagrun for example_nested_branch_dag to 2026-03-01 00:00:00+00:00, run_after=2026-03-02 00:00:00+00:00
[2026-03-02T13:37:30.573+0000] {processor.py:183} INFO - Processing /home/airflow/.local/lib/python3.12/site-packages/airflow/example_dags/example_nested_branch_dag.py took 0.077 seconds
[2026-03-02T13:38:00.677+0000] {processor.py:161} INFO - Started process (PID=236) to work on /home/airflow/.local/lib/python3.12/site-packages/airflow/example_dags/example_nested_branch_dag.py
[2026-03-02T13:38:00.678+0000] {processor.py:830} INFO - Processing file /home/airflow/.local/lib/python3.12/site-packages/airflow/example_dags/example_nested_branch_dag.py for tasks to queue
[2026-03-02T13:38:00.679+0000] {logging_mixin.py:188} INFO - [2026-03-02T13:38:00.679+0000] {dagbag.py:540} INFO - Filling up the DagBag from /home/airflow/.local/lib/python3.12/site-packages/airflow/example_dags/example_nested_branch_dag.py
[2026-03-02T13:38:00.685+0000] {processor.py:840} INFO - DAG(s) 'example_nested_branch_dag' retrieved from /home/airflow/.local/lib/python3.12/site-packages/airflow/example_dags/example_nested_branch_dag.py
[2026-03-02T13:38:00.697+0000] {logging_mixin.py:188} INFO - [2026-03-02T13:38:00.697+0000] {dag.py:3096} INFO - Sync 1 DAGs
[2026-03-02T13:38:00.713+0000] {logging_mixin.py:188} INFO - [2026-03-02T13:38:00.713+0000] {dag.py:3954} INFO - Setting next_dagrun for example_nested_branch_dag to 2026-03-01 00:00:00+00:00, run_after=2026-03-02 00:00:00+00:00
[2026-03-02T13:38:00.727+0000] {processor.py:183} INFO - Processing /home/airflow/.local/lib/python3.12/site-packages/airflow/example_dags/example_nested_branch_dag.py took 0.053 seconds
[2026-03-02T13:38:31.119+0000] {processor.py:161} INFO - Started process (PID=294) to work on /home/airflow/.local/lib/python3.12/site-packages/airflow/example_dags/example_nested_branch_dag.py
[2026-03-02T13:38:31.120+0000] {processor.py:830} INFO - Processing file /home/airflow/.local/lib/python3.12/site-packages/airflow/example_dags/example_nested_branch_dag.py for tasks to queue
[2026-03-02T13:38:31.121+0000] {logging_mixin.py:188} INFO - [2026-03-02T13:38:31.120+0000] {dagbag.py:540} INFO - Filling up the DagBag from /home/airflow/.local/lib/python3.12/site-packages/airflow/example_dags/example_nested_branch_dag.py
[2026-03-02T13:38:31.125+0000] {processor.py:840} INFO - DAG(s) 'example_nested_branch_dag' retrieved from /home/airflow/.local/lib/python3.12/site-packages/airflow/example_dags/example_nested_branch_dag.py
[2026-03-02T13:38:31.139+0000] {logging_mixin.py:188} INFO - [2026-03-02T13:38:31.139+0000] {dag.py:3096} INFO - Sync 1 DAGs
[2026-03-02T13:38:31.148+0000] {logging_mixin.py:188} INFO - [2026-03-02T13:38:31.148+0000] {dag.py:3954} INFO - Setting next_dagrun for example_nested_branch_dag to 2026-03-01 00:00:00+00:00, run_after=2026-03-02 00:00:00+00:00
[2026-03-02T13:38:31.154+0000] {processor.py:183} INFO - Processing /home/airflow/.local/lib/python3.12/site-packages/airflow/example_dags/example_nested_branch_dag.py took 0.038 seconds
[2026-03-02T13:39:01.559+0000] {processor.py:161} INFO - Started process (PID=352) to work on /home/airflow/.local/lib/python3.12/site-packages/airflow/example_dags/example_nested_branch_dag.py
[2026-03-02T13:39:01.560+0000] {processor.py:830} INFO - Processing file /home/airflow/.local/lib/python3.12/site-packages/airflow/example_dags/example_nested_branch_dag.py for tasks to queue
[2026-03-02T13:39:01.561+0000] {logging_mixin.py:188} INFO - [2026-03-02T13:39:01.561+0000] {dagbag.py:540} INFO - Filling up the DagBag from /home/airflow/.local/lib/python3.12/site-packages/airflow/example_dags/example_nested_branch_dag.py
[2026-03-02T13:39:01.566+0000] {processor.py:840} INFO - DAG(s) 'example_nested_branch_dag' retrieved from /home/airflow/.local/lib/python3.12/site-packages/airflow/example_dags/example_nested_branch_dag.py
[2026-03-02T13:39:01.579+0000] {logging_mixin.py:188} INFO - [2026-03-02T13:39:01.579+0000] {dag.py:3096} INFO - Sync 1 DAGs
[2026-03-02T13:39:01.589+0000] {logging_mixin.py:188} INFO - [2026-03-02T13:39:01.589+0000] {dag.py:3954} INFO - Setting next_dagrun for example_nested_branch_dag to 2026-03-01 00:00:00+00:00, run_after=2026-03-02 00:00:00+00:00
[2026-03-02T13:39:01.596+0000] {processor.py:183} INFO - Processing /home/airflow/.local/lib/python3.12/site-packages/airflow/example_dags/example_nested_branch_dag.py took 0.040 seconds
[2026-03-02T13:39:32.030+0000] {processor.py:161} INFO - Started process (PID=410) to work on /home/airflow/.local/lib/python3.12/site-packages/airflow/example_dags/example_nested_branch_dag.py
[2026-03-02T13:39:32.033+0000] {processor.py:830} INFO - Processing file /home/airflow/.local/lib/python3.12/site-packages/airflow/example_dags/example_nested_branch_dag.py for tasks to queue
[2026-03-02T13:39:32.037+0000] {logging_mixin.py:188} INFO - [2026-03-02T13:39:32.037+0000] {dagbag.py:540} INFO - Filling up the DagBag from /home/airflow/.local/lib/python3.12/site-packages/airflow/example_dags/example_nested_branch_dag.py
[2026-03-02T13:39:32.041+0000] {processor.py:840} INFO - DAG(s) 'example_nested_branch_dag' retrieved from /home/airflow/.local/lib/python3.12/site-packages/airflow/example_dags/example_nested_branch_dag.py
[2026-03-02T13:39:32.053+0000] {logging_mixin.py:188} INFO - [2026-03-02T13:39:32.053+0000] {dag.py:3096} INFO - Sync 1 DAGs
[2026-03-02T13:39:32.066+0000] {logging_mixin.py:188} INFO - [2026-03-02T13:39:32.066+0000] {dag.py:3954} INFO - Setting next_dagrun for example_nested_branch_dag to 2026-03-01 00:00:00+00:00, run_after=2026-03-02 00:00:00+00:00
[2026-03-02T13:39:32.074+0000] {processor.py:183} INFO - Processing /home/airflow/.local/lib/python3.12/site-packages/airflow/example_dags/example_nested_branch_dag.py took 0.046 seconds
[2026-03-02T13:40:02.505+0000] {processor.py:161} INFO - Started process (PID=468) to work on /home/airflow/.local/lib/python3.12/site-packages/airflow/example_dags/example_nested_branch_dag.py
[2026-03-02T13:40:02.506+0000] {processor.py:830} INFO - Processing file /home/airflow/.local/lib/python3.12/site-packages/airflow/example_dags/example_nested_branch_dag.py for tasks to queue
[2026-03-02T13:40:02.508+0000] {logging_mixin.py:188} INFO - [2026-03-02T13:40:02.507+0000] {dagbag.py:540} INFO - Filling up the DagBag from /home/airflow/.local/lib/python3.12/site-packages/airflow/example_dags/example_nested_branch_dag.py
[2026-03-02T13:40:02.512+0000] {processor.py:840} INFO - DAG(s) 'example_nested_branch_dag' retrieved from /home/airflow/.local/lib/python3.12/site-packages/airflow/example_dags/example_nested_branch_dag.py
[2026-03-02T13:40:02.522+0000] {logging_mixin.py:188} INFO - [2026-03-02T13:40:02.522+0000] {dag.py:3096} INFO - Sync 1 DAGs
[2026-03-02T13:40:02.532+0000] {logging_mixin.py:188} INFO - [2026-03-02T13:40:02.532+0000] {dag.py:3954} INFO - Setting next_dagrun for example_nested_branch_dag to 2026-03-01 00:00:00+00:00, run_after=2026-03-02 00:00:00+00:00
[2026-03-02T13:40:02.539+0000] {processor.py:183} INFO - Processing /home/airflow/.local/lib/python3.12/site-packages/airflow/example_dags/example_nested_branch_dag.py took 0.036 seconds
[2026-03-02T13:40:32.793+0000] {processor.py:161} INFO - Started process (PID=526) to work on /home/airflow/.local/lib/python3.12/site-packages/airflow/example_dags/example_nested_branch_dag.py
[2026-03-02T13:40:32.796+0000] {processor.py:830} INFO - Processing file /home/airflow/.local/lib/python3.12/site-packages/airflow/example_dags/example_nested_branch_dag.py for tasks to queue
[2026-03-02T13:40:32.800+0000] {logging_mixin.py:188} INFO - [2026-03-02T13:40:32.799+0000] {dagbag.py:540} INFO - Filling up the DagBag from /home/airflow/.local/lib/python3.12/site-packages/airflow/example_dags/example_nested_branch_dag.py
[2026-03-02T13:40:32.804+0000] {processor.py:840} INFO - DAG(s) 'example_nested_branch_dag' retrieved from /home/airflow/.local/lib/python3.12/site-packages/airflow/example_dags/example_nested_branch_dag.py
[2026-03-02T13:40:32.813+0000] {logging_mixin.py:188} INFO - [2026-03-02T13:40:32.812+0000] {dag.py:3096} INFO - Sync 1 DAGs
[2026-03-02T13:40:32.823+0000] {logging_mixin.py:188} INFO - [2026-03-02T13:40:32.823+0000] {dag.py:3954} INFO - Setting next_dagrun for example_nested_branch_dag to 2026-03-01 00:00:00+00:00, run_after=2026-03-02 00:00:00+00:00
[2026-03-02T13:40:32.850+0000] {processor.py:183} INFO - Processing /home/airflow/.local/lib/python3.12/site-packages/airflow/example_dags/example_nested_branch_dag.py took 0.059 seconds
[2026-03-02T13:41:03.191+0000] {processor.py:161} INFO - Started process (PID=584) to work on /home/airflow/.local/lib/python3.12/site-packages/airflow/example_dags/example_nested_branch_dag.py
[2026-03-02T13:41:03.192+0000] {processor.py:830} INFO - Processing file /home/airflow/.local/lib/python3.12/site-packages/airflow/example_dags/example_nested_branch_dag.py for tasks to queue
[2026-03-02T13:41:03.195+0000] {logging_mixin.py:188} INFO - [2026-03-02T13:41:03.195+0000] {dagbag.py:540} INFO - Filling up the DagBag from /home/airflow/.local/lib/python3.12/site-packages/airflow/example_dags/example_nested_branch_dag.py
[2026-03-02T13:41:03.201+0000] {processor.py:840} INFO - DAG(s) 'example_nested_branch_dag' retrieved from /home/airflow/.local/lib/python3.12/site-packages/airflow/example_dags/example_nested_branch_dag.py
[2026-03-02T13:41:03.213+0000] {logging_mixin.py:188} INFO - [2026-03-02T13:41:03.213+0000] {dag.py:3096} INFO - Sync 1 DAGs
[2026-03-02T13:41:03.222+0000] {logging_mixin.py:188} INFO - [2026-03-02T13:41:03.222+0000] {dag.py:3954} INFO - Setting next_dagrun for example_nested_branch_dag to 2026-03-01 00:00:00+00:00, run_after=2026-03-02 00:00:00+00:00
[2026-03-02T13:41:03.233+0000] {processor.py:183} INFO - Processing /home/airflow/.local/lib/python3.12/site-packages/airflow/example_dags/example_nested_branch_dag.py took 0.045 seconds
[2026-03-02T13:41:33.684+0000] {processor.py:161} INFO - Started process (PID=642) to work on /home/airflow/.local/lib/python3.12/site-packages/airflow/example_dags/example_nested_branch_dag.py
[2026-03-02T13:41:33.687+0000] {processor.py:830} INFO - Processing file /home/airflow/.local/lib/python3.12/site-packages/airflow/example_dags/example_nested_branch_dag.py for tasks to queue
[2026-03-02T13:41:33.692+0000] {logging_mixin.py:188} INFO - [2026-03-02T13:41:33.691+0000] {dagbag.py:540} INFO - Filling up the DagBag from /home/airflow/.local/lib/python3.12/site-packages/airflow/example_dags/example_nested_branch_dag.py
[2026-03-02T13:41:33.696+0000] {processor.py:840} INFO - DAG(s) 'example_nested_branch_dag' retrieved from /home/airflow/.local/lib/python3.12/site-packages/airflow/example_dags/example_nested_branch_dag.py
[2026-03-02T13:41:33.711+0000] {logging_mixin.py:188} INFO - [2026-03-02T13:41:33.710+0000] {dag.py:3096} INFO - Sync 1 DAGs
[2026-03-02T13:41:33.720+0000] {logging_mixin.py:188} INFO - [2026-03-02T13:41:33.720+0000] {dag.py:3954} INFO - Setting next_dagrun for example_nested_branch_dag to 2026-03-01 00:00:00+00:00, run_after=2026-03-02 00:00:00+00:00
[2026-03-02T13:41:33.730+0000] {processor.py:183} INFO - Processing /home/airflow/.local/lib/python3.12/site-packages/airflow/example_dags/example_nested_branch_dag.py took 0.049 seconds
[2026-03-02T13:42:04.213+0000] {processor.py:161} INFO - Started process (PID=700) to work on /home/airflow/.local/lib/python3.12/site-packages/airflow/example_dags/example_nested_branch_dag.py
[2026-03-02T13:42:04.213+0000] {processor.py:830} INFO - Processing file /home/airflow/.local/lib/python3.12/site-packages/airflow/example_dags/example_nested_branch_dag.py for tasks to queue
[2026-03-02T13:42:04.214+0000] {logging_mixin.py:188} INFO - [2026-03-02T13:42:04.214+0000] {dagbag.py:540} INFO - Filling up the DagBag from /home/airflow/.local/lib/python3.12/site-packages/airflow/example_dags/example_nested_branch_dag.py
[2026-03-02T13:42:04.222+0000] {processor.py:840} INFO - DAG(s) 'example_nested_branch_dag' retrieved from /home/airflow/.local/lib/python3.12/site-packages/airflow/example_dags/example_nested_branch_dag.py
[2026-03-02T13:42:04.236+0000] {logging_mixin.py:188} INFO - [2026-03-02T13:42:04.236+0000] {dag.py:3096} INFO - Sync 1 DAGs
[2026-03-02T13:42:04.247+0000] {logging_mixin.py:188} INFO - [2026-03-02T13:42:04.247+0000] {dag.py:3954} INFO - Setting next_dagrun for example_nested_branch_dag to 2026-03-01 00:00:00+00:00, run_after=2026-03-02 00:00:00+00:00
[2026-03-02T13:42:04.258+0000] {processor.py:183} INFO - Processing /home/airflow/.local/lib/python3.12/site-packages/airflow/example_dags/example_nested_branch_dag.py took 0.048 seconds
[2026-03-02T13:42:34.396+0000] {processor.py:161} INFO - Started process (PID=758) to work on /home/airflow/.local/lib/python3.12/site-packages/airflow/example_dags/example_nested_branch_dag.py
[2026-03-02T13:42:34.399+0000] {processor.py:830} INFO - Processing file /home/airflow/.local/lib/python3.12/site-packages/airflow/example_dags/example_nested_branch_dag.py for tasks to queue
[2026-03-02T13:42:34.400+0000] {logging_mixin.py:188} INFO - [2026-03-02T13:42:34.400+0000] {dagbag.py:540} INFO - Filling up the DagBag from /home/airflow/.local/lib/python3.12/site-packages/airflow/example_dags/example_nested_branch_dag.py
[2026-03-02T13:42:34.405+0000] {processor.py:840} INFO - DAG(s) 'example_nested_branch_dag' retrieved from /home/airflow/.local/lib/python3.12/site-packages/airflow/example_dags/example_nested_branch_dag.py
[2026-03-02T13:42:34.415+0000] {logging_mixin.py:188} INFO - [2026-03-02T13:42:34.415+0000] {dag.py:3096} INFO - Sync 1 DAGs
[2026-03-02T13:42:34.426+0000] {logging_mixin.py:188} INFO - [2026-03-02T13:42:34.426+0000] {dag.py:3954} INFO - Setting next_dagrun for example_nested_branch_dag to 2026-03-01 00:00:00+00:00, run_after=2026-03-02 00:00:00+00:00
[2026-03-02T13:42:34.434+0000] {processor.py:183} INFO - Processing /home/airflow/.local/lib/python3.12/site-packages/airflow/example_dags/example_nested_branch_dag.py took 0.040 seconds
[2026-03-02T13:43:04.895+0000] {processor.py:161} INFO - Started process (PID=816) to work on /home/airflow/.local/lib/python3.12/site-packages/airflow/example_dags/example_nested_branch_dag.py
[2026-03-02T13:43:04.896+0000] {processor.py:830} INFO - Processing file /home/airflow/.local/lib/python3.12/site-packages/airflow/example_dags/example_nested_branch_dag.py for tasks to queue
[2026-03-02T13:43:04.896+0000] {logging_mixin.py:188} INFO - [2026-03-02T13:43:04.896+0000] {dagbag.py:540} INFO - Filling up the DagBag from /home/airflow/.local/lib/python3.12/site-packages/airflow/example_dags/example_nested_branch_dag.py
[2026-03-02T13:43:04.900+0000] {processor.py:840} INFO - DAG(s) 'example_nested_branch_dag' retrieved from /home/airflow/.local/lib/python3.12/site-packages/airflow/example_dags/example_nested_branch_dag.py
[2026-03-02T13:43:04.910+0000] {logging_mixin.py:188} INFO - [2026-03-02T13:43:04.910+0000] {dag.py:3096} INFO - Sync 1 DAGs
[2026-03-02T13:43:04.918+0000] {logging_mixin.py:188} INFO - [2026-03-02T13:43:04.918+0000] {dag.py:3954} INFO - Setting next_dagrun for example_nested_branch_dag to 2026-03-01 00:00:00+00:00, run_after=2026-03-02 00:00:00+00:00
[2026-03-02T13:43:04.926+0000] {processor.py:183} INFO - Processing /home/airflow/.local/lib/python3.12/site-packages/airflow/example_dags/example_nested_branch_dag.py took 0.034 seconds
[2026-03-02T13:43:35.129+0000] {processor.py:161} INFO - Started process (PID=874) to work on /home/airflow/.local/lib/python3.12/site-packages/airflow/example_dags/example_nested_branch_dag.py
[2026-03-02T13:43:35.130+0000] {processor.py:830} INFO - Processing file /home/airflow/.local/lib/python3.12/site-packages/airflow/example_dags/example_nested_branch_dag.py for tasks to queue
[2026-03-02T13:43:35.131+0000] {logging_mixin.py:188} INFO - [2026-03-02T13:43:35.130+0000] {dagbag.py:540} INFO - Filling up the DagBag from /home/airflow/.local/lib/python3.12/site-packages/airflow/example_dags/example_nested_branch_dag.py
[2026-03-02T13:43:35.135+0000] {processor.py:840} INFO - DAG(s) 'example_nested_branch_dag' retrieved from /home/airflow/.local/lib/python3.12/site-packages/airflow/example_dags/example_nested_branch_dag.py
[2026-03-02T13:43:35.145+0000] {logging_mixin.py:188} INFO - [2026-03-02T13:43:35.145+0000] {dag.py:3096} INFO - Sync 1 DAGs
[2026-03-02T13:43:35.154+0000] {logging_mixin.py:188} INFO - [2026-03-02T13:43:35.154+0000] {dag.py:3954} INFO - Setting next_dagrun for example_nested_branch_dag to 2026-03-01 00:00:00+00:00, run_after=2026-03-02 00:00:00+00:00
[2026-03-02T13:43:35.162+0000] {processor.py:183} INFO - Processing /home/airflow/.local/lib/python3.12/site-packages/airflow/example_dags/example_nested_branch_dag.py took 0.035 seconds
[2026-03-02T13:44:05.700+0000] {processor.py:161} INFO - Started process (PID=932) to work on /home/airflow/.local/lib/python3.12/site-packages/airflow/example_dags/example_nested_branch_dag.py
[2026-03-02T13:44:05.702+0000] {processor.py:830} INFO - Processing file /home/airflow/.local/lib/python3.12/site-packages/airflow/example_dags/example_nested_branch_dag.py for tasks to queue
[2026-03-02T13:44:05.703+0000] {logging_mixin.py:188} INFO - [2026-03-02T13:44:05.702+0000] {dagbag.py:540} INFO - Filling up the DagBag from /home/airflow/.local/lib/python3.12/site-packages/airflow/example_dags/example_nested_branch_dag.py
[2026-03-02T13:44:05.708+0000] {processor.py:840} INFO - DAG(s) 'example_nested_branch_dag' retrieved from /home/airflow/.local/lib/python3.12/site-packages/airflow/example_dags/example_nested_branch_dag.py
[2026-03-02T13:44:05.722+0000] {logging_mixin.py:188} INFO - [2026-03-02T13:44:05.722+0000] {dag.py:3096} INFO - Sync 1 DAGs
[2026-03-02T13:44:05.733+0000] {logging_mixin.py:188} INFO - [2026-03-02T13:44:05.733+0000] {dag.py:3954} INFO - Setting next_dagrun for example_nested_branch_dag to 2026-03-01 00:00:00+00:00, run_after=2026-03-02 00:00:00+00:00
[2026-03-02T13:44:05.744+0000] {processor.py:183} INFO - Processing /home/airflow/.local/lib/python3.12/site-packages/airflow/example_dags/example_nested_branch_dag.py took 0.047 seconds
[2026-03-02T13:44:36.112+0000] {processor.py:161} INFO - Started process (PID=989) to work on /home/airflow/.local/lib/python3.12/site-packages/airflow/example_dags/example_nested_branch_dag.py
[2026-03-02T13:44:36.115+0000] {processor.py:830} INFO - Processing file /home/airflow/.local/lib/python3.12/site-packages/airflow/example_dags/example_nested_branch_dag.py for tasks to queue
[2026-03-02T13:44:36.116+0000] {logging_mixin.py:188} INFO - [2026-03-02T13:44:36.116+0000] {dagbag.py:540} INFO - Filling up the DagBag from /home/airflow/.local/lib/python3.12/site-packages/airflow/example_dags/example_nested_branch_dag.py
[2026-03-02T13:44:36.120+0000] {processor.py:840} INFO - DAG(s) 'example_nested_branch_dag' retrieved from /home/airflow/.local/lib/python3.12/site-packages/airflow/example_dags/example_nested_branch_dag.py
[2026-03-02T13:44:36.129+0000] {logging_mixin.py:188} INFO - [2026-03-02T13:44:36.129+0000] {dag.py:3096} INFO - Sync 1 DAGs
[2026-03-02T13:44:36.138+0000] {logging_mixin.py:188} INFO - [2026-03-02T13:44:36.138+0000] {dag.py:3954} INFO - Setting next_dagrun for example_nested_branch_dag to 2026-03-01 00:00:00+00:00, run_after=2026-03-02 00:00:00+00:00
[2026-03-02T13:44:36.144+0000] {processor.py:183} INFO - Processing /home/airflow/.local/lib/python3.12/site-packages/airflow/example_dags/example_nested_branch_dag.py took 0.035 seconds
[2026-03-02T13:45:06.175+0000] {processor.py:161} INFO - Started process (PID=1047) to work on /home/airflow/.local/lib/python3.12/site-packages/airflow/example_dags/example_nested_branch_dag.py
[2026-03-02T13:45:06.178+0000] {processor.py:830} INFO - Processing file /home/airflow/.local/lib/python3.12/site-packages/airflow/example_dags/example_nested_branch_dag.py for tasks to queue
[2026-03-02T13:45:06.182+0000] {logging_mixin.py:188} INFO - [2026-03-02T13:45:06.182+0000] {dagbag.py:540} INFO - Filling up the DagBag from /home/airflow/.local/lib/python3.12/site-packages/airflow/example_dags/example_nested_branch_dag.py
[2026-03-02T13:45:06.186+0000] {processor.py:840} INFO - DAG(s) 'example_nested_branch_dag' retrieved from /home/airflow/.local/lib/python3.12/site-packages/airflow/example_dags/example_nested_branch_dag.py
[2026-03-02T13:45:06.197+0000] {logging_mixin.py:188} INFO - [2026-03-02T13:45:06.196+0000] {dag.py:3096} INFO - Sync 1 DAGs
[2026-03-02T13:45:06.206+0000] {logging_mixin.py:188} INFO - [2026-03-02T13:45:06.206+0000] {dag.py:3954} INFO - Setting next_dagrun for example_nested_branch_dag to 2026-03-01 00:00:00+00:00, run_after=2026-03-02 00:00:00+00:00
[2026-03-02T13:45:06.214+0000] {processor.py:183} INFO - Processing /home/airflow/.local/lib/python3.12/site-packages/airflow/example_dags/example_nested_branch_dag.py took 0.042 seconds
[2026-03-02T13:45:36.585+0000] {processor.py:161} INFO - Started process (PID=1105) to work on /home/airflow/.local/lib/python3.12/site-packages/airflow/example_dags/example_nested_branch_dag.py
[2026-03-02T13:45:36.585+0000] {processor.py:830} INFO - Processing file /home/airflow/.local/lib/python3.12/site-packages/airflow/example_dags/example_nested_branch_dag.py for tasks to queue
[2026-03-02T13:45:36.586+0000] {logging_mixin.py:188} INFO - [2026-03-02T13:45:36.586+0000] {dagbag.py:540} INFO - Filling up the DagBag from /home/airflow/.local/lib/python3.12/site-packages/airflow/example_dags/example_nested_branch_dag.py
[2026-03-02T13:45:36.590+0000] {processor.py:840} INFO - DAG(s) 'example_nested_branch_dag' retrieved from /home/airflow/.local/lib/python3.12/site-packages/airflow/example_dags/example_nested_branch_dag.py
[2026-03-02T13:45:36.601+0000] {logging_mixin.py:188} INFO - [2026-03-02T13:45:36.601+0000] {dag.py:3096} INFO - Sync 1 DAGs
[2026-03-02T13:45:36.697+0000] {logging_mixin.py:188} INFO - [2026-03-02T13:45:36.697+0000] {dag.py:3954} INFO - Setting next_dagrun for example_nested_branch_dag to 2026-03-01 00:00:00+00:00, run_after=2026-03-02 00:00:00+00:00
[2026-03-02T13:45:36.706+0000] {processor.py:183} INFO - Processing /home/airflow/.local/lib/python3.12/site-packages/airflow/example_dags/example_nested_branch_dag.py took 0.124 seconds
[2026-03-02T13:46:07.017+0000] {processor.py:161} INFO - Started process (PID=1163) to work on /home/airflow/.local/lib/python3.12/site-packages/airflow/example_dags/example_nested_branch_dag.py
[2026-03-02T13:46:07.017+0000] {processor.py:830} INFO - Processing file /home/airflow/.local/lib/python3.12/site-packages/airflow/example_dags/example_nested_branch_dag.py for tasks to queue
[2026-03-02T13:46:07.018+0000] {logging_mixin.py:188} INFO - [2026-03-02T13:46:07.018+0000] {dagbag.py:540} INFO - Filling up the DagBag from /home/airflow/.local/lib/python3.12/site-packages/airflow/example_dags/example_nested_branch_dag.py
[2026-03-02T13:46:07.023+0000] {processor.py:840} INFO - DAG(s) 'example_nested_branch_dag' retrieved from /home/airflow/.local/lib/python3.12/site-packages/airflow/example_dags/example_nested_branch_dag.py
[2026-03-02T13:46:07.032+0000] {logging_mixin.py:188} INFO - [2026-03-02T13:46:07.032+0000] {dag.py:3096} INFO - Sync 1 DAGs
[2026-03-02T13:46:07.041+0000] {logging_mixin.py:188} INFO - [2026-03-02T13:46:07.041+0000] {dag.py:3954} INFO - Setting next_dagrun for example_nested_branch_dag to 2026-03-01 00:00:00+00:00, run_after=2026-03-02 00:00:00+00:00
[2026-03-02T13:46:07.142+0000] {processor.py:183} INFO - Processing /home/airflow/.local/lib/python3.12/site-packages/airflow/example_dags/example_nested_branch_dag.py took 0.129 seconds
[2026-03-02T13:46:37.188+0000] {processor.py:161} INFO - Started process (PID=1221) to work on /home/airflow/.local/lib/python3.12/site-packages/airflow/example_dags/example_nested_branch_dag.py
[2026-03-02T13:46:37.191+0000] {processor.py:830} INFO - Processing file /home/airflow/.local/lib/python3.12/site-packages/airflow/example_dags/example_nested_branch_dag.py for tasks to queue
[2026-03-02T13:46:37.192+0000] {logging_mixin.py:188} INFO - [2026-03-02T13:46:37.192+0000] {dagbag.py:540} INFO - Filling up the DagBag from /home/airflow/.local/lib/python3.12/site-packages/airflow/example_dags/example_nested_branch_dag.py
[2026-03-02T13:46:37.200+0000] {processor.py:840} INFO - DAG(s) 'example_nested_branch_dag' retrieved from /home/airflow/.local/lib/python3.12/site-packages/airflow/example_dags/example_nested_branch_dag.py
[2026-03-02T13:46:37.214+0000] {logging_mixin.py:188} INFO - [2026-03-02T13:46:37.214+0000] {dag.py:3096} INFO - Sync 1 DAGs
[2026-03-02T13:46:37.229+0000] {logging_mixin.py:188} INFO - [2026-03-02T13:46:37.229+0000] {dag.py:3954} INFO - Setting next_dagrun for example_nested_branch_dag to 2026-03-01 00:00:00+00:00, run_after=2026-03-02 00:00:00+00:00
[2026-03-02T13:46:37.243+0000] {processor.py:183} INFO - Processing /home/airflow/.local/lib/python3.12/site-packages/airflow/example_dags/example_nested_branch_dag.py took 0.058 seconds
[2026-03-02T13:47:08.163+0000] {processor.py:161} INFO - Started process (PID=1279) to work on /home/airflow/.local/lib/python3.12/site-packages/airflow/example_dags/example_nested_branch_dag.py
[2026-03-02T13:47:08.166+0000] {processor.py:830} INFO - Processing file /home/airflow/.local/lib/python3.12/site-packages/airflow/example_dags/example_nested_branch_dag.py for tasks to queue
[2026-03-02T13:47:08.167+0000] {logging_mixin.py:188} INFO - [2026-03-02T13:47:08.166+0000] {dagbag.py:540} INFO - Filling up the DagBag from /home/airflow/.local/lib/python3.12/site-packages/airflow/example_dags/example_nested_branch_dag.py
[2026-03-02T13:47:08.175+0000] {processor.py:840} INFO - DAG(s) 'example_nested_branch_dag' retrieved from /home/airflow/.local/lib/python3.12/site-packages/airflow/example_dags/example_nested_branch_dag.py
[2026-03-02T13:47:08.201+0000] {logging_mixin.py:188} INFO - [2026-03-02T13:47:08.201+0000] {dag.py:3096} INFO - Sync 1 DAGs
[2026-03-02T13:47:08.215+0000] {logging_mixin.py:188} INFO - [2026-03-02T13:47:08.214+0000] {dag.py:3954} INFO - Setting next_dagrun for example_nested_branch_dag to 2026-03-01 00:00:00+00:00, run_after=2026-03-02 00:00:00+00:00
[2026-03-02T13:47:08.229+0000] {processor.py:183} INFO - Processing /home/airflow/.local/lib/python3.12/site-packages/airflow/example_dags/example_nested_branch_dag.py took 0.075 seconds
[2026-03-02T13:47:38.312+0000] {processor.py:161} INFO - Started process (PID=1337) to work on /home/airflow/.local/lib/python3.12/site-packages/airflow/example_dags/example_nested_branch_dag.py
[2026-03-02T13:47:38.312+0000] {processor.py:830} INFO - Processing file /home/airflow/.local/lib/python3.12/site-packages/airflow/example_dags/example_nested_branch_dag.py for tasks to queue
[2026-03-02T13:47:38.313+0000] {logging_mixin.py:188} INFO - [2026-03-02T13:47:38.313+0000] {dagbag.py:540} INFO - Filling up the DagBag from /home/airflow/.local/lib/python3.12/site-packages/airflow/example_dags/example_nested_branch_dag.py
[2026-03-02T13:47:38.318+0000] {processor.py:840} INFO - DAG(s) 'example_nested_branch_dag' retrieved from /home/airflow/.local/lib/python3.12/site-packages/airflow/example_dags/example_nested_branch_dag.py
[2026-03-02T13:47:38.328+0000] {logging_mixin.py:188} INFO - [2026-03-02T13:47:38.328+0000] {dag.py:3096} INFO - Sync 1 DAGs
[2026-03-02T13:47:38.336+0000] {logging_mixin.py:188} INFO - [2026-03-02T13:47:38.336+0000] {dag.py:3954} INFO - Setting next_dagrun for example_nested_branch_dag to 2026-03-01 00:00:00+00:00, run_after=2026-03-02 00:00:00+00:00
[2026-03-02T13:47:38.344+0000] {processor.py:183} INFO - Processing /home/airflow/.local/lib/python3.12/site-packages/airflow/example_dags/example_nested_branch_dag.py took 0.036 seconds
[2026-03-02T13:48:08.638+0000] {processor.py:161} INFO - Started process (PID=1395) to work on /home/airflow/.local/lib/python3.12/site-packages/airflow/example_dags/example_nested_branch_dag.py
[2026-03-02T13:48:08.638+0000] {processor.py:830} INFO - Processing file /home/airflow/.local/lib/python3.12/site-packages/airflow/example_dags/example_nested_branch_dag.py for tasks to queue
[2026-03-02T13:48:08.641+0000] {logging_mixin.py:188} INFO - [2026-03-02T13:48:08.641+0000] {dagbag.py:540} INFO - Filling up the DagBag from /home/airflow/.local/lib/python3.12/site-packages/airflow/example_dags/example_nested_branch_dag.py
[2026-03-02T13:48:08.646+0000] {processor.py:840} INFO - DAG(s) 'example_nested_branch_dag' retrieved from /home/airflow/.local/lib/python3.12/site-packages/airflow/example_dags/example_nested_branch_dag.py
[2026-03-02T13:48:08.656+0000] {logging_mixin.py:188} INFO - [2026-03-02T13:48:08.656+0000] {dag.py:3096} INFO - Sync 1 DAGs
[2026-03-02T13:48:08.668+0000] {logging_mixin.py:188} INFO - [2026-03-02T13:48:08.668+0000] {dag.py:3954} INFO - Setting next_dagrun for example_nested_branch_dag to 2026-03-01 00:00:00+00:00, run_after=2026-03-02 00:00:00+00:00
[2026-03-02T13:48:08.691+0000] {processor.py:183} INFO - Processing /home/airflow/.local/lib/python3.12/site-packages/airflow/example_dags/example_nested_branch_dag.py took 0.056 seconds
[2026-03-02T13:48:39.049+0000] {processor.py:161} INFO - Started process (PID=1453) to work on /home/airflow/.local/lib/python3.12/site-packages/airflow/example_dags/example_nested_branch_dag.py
[2026-03-02T13:48:39.049+0000] {processor.py:830} INFO - Processing file /home/airflow/.local/lib/python3.12/site-packages/airflow/example_dags/example_nested_branch_dag.py for tasks to queue
[2026-03-02T13:48:39.050+0000] {logging_mixin.py:188} INFO - [2026-03-02T13:48:39.050+0000] {dagbag.py:540} INFO - Filling up the DagBag from /home/airflow/.local/lib/python3.12/site-packages/airflow/example_dags/example_nested_branch_dag.py
[2026-03-02T13:48:39.055+0000] {processor.py:840} INFO - DAG(s) 'example_nested_branch_dag' retrieved from /home/airflow/.local/lib/python3.12/site-packages/airflow/example_dags/example_nested_branch_dag.py
[2026-03-02T13:48:39.070+0000] {logging_mixin.py:188} INFO - [2026-03-02T13:48:39.070+0000] {dag.py:3096} INFO - Sync 1 DAGs
[2026-03-02T13:48:39.082+0000] {logging_mixin.py:188} INFO - [2026-03-02T13:48:39.082+0000] {dag.py:3954} INFO - Setting next_dagrun for example_nested_branch_dag to 2026-03-01 00:00:00+00:00, run_after=2026-03-02 00:00:00+00:00
[2026-03-02T13:48:39.092+0000] {processor.py:183} INFO - Processing /home/airflow/.local/lib/python3.12/site-packages/airflow/example_dags/example_nested_branch_dag.py took 0.046 seconds
[2026-03-02T13:49:09.259+0000] {processor.py:161} INFO - Started process (PID=1511) to work on /home/airflow/.local/lib/python3.12/site-packages/airflow/example_dags/example_nested_branch_dag.py
[2026-03-02T13:49:09.262+0000] {processor.py:830} INFO - Processing file /home/airflow/.local/lib/python3.12/site-packages/airflow/example_dags/example_nested_branch_dag.py for tasks to queue
[2026-03-02T13:49:09.263+0000] {logging_mixin.py:188} INFO - [2026-03-02T13:49:09.263+0000] {dagbag.py:540} INFO - Filling up the DagBag from /home/airflow/.local/lib/python3.12/site-packages/airflow/example_dags/example_nested_branch_dag.py
[2026-03-02T13:49:09.268+0000] {processor.py:840} INFO - DAG(s) 'example_nested_branch_dag' retrieved from /home/airflow/.local/lib/python3.12/site-packages/airflow/example_dags/example_nested_branch_dag.py
[2026-03-02T13:49:09.278+0000] {logging_mixin.py:188} INFO - [2026-03-02T13:49:09.278+0000] {dag.py:3096} INFO - Sync 1 DAGs
[2026-03-02T13:49:09.291+0000] {logging_mixin.py:188} INFO - [2026-03-02T13:49:09.291+0000] {dag.py:3954} INFO - Setting next_dagrun for example_nested_branch_dag to 2026-03-01 00:00:00+00:00, run_after=2026-03-02 00:00:00+00:00
[2026-03-02T13:49:09.298+0000] {processor.py:183} INFO - Processing /home/airflow/.local/lib/python3.12/site-packages/airflow/example_dags/example_nested_branch_dag.py took 0.047 seconds
[2026-03-02T13:49:39.499+0000] {processor.py:161} INFO - Started process (PID=1569) to work on /home/airflow/.local/lib/python3.12/site-packages/airflow/example_dags/example_nested_branch_dag.py
[2026-03-02T13:49:39.499+0000] {processor.py:830} INFO - Processing file /home/airflow/.local/lib/python3.12/site-packages/airflow/example_dags/example_nested_branch_dag.py for tasks to queue
[2026-03-02T13:49:39.501+0000] {logging_mixin.py:188} INFO - [2026-03-02T13:49:39.501+0000] {dagbag.py:540} INFO - Filling up the DagBag from /home/airflow/.local/lib/python3.12/site-packages/airflow/example_dags/example_nested_branch_dag.py
[2026-03-02T13:49:39.505+0000] {processor.py:840} INFO - DAG(s) 'example_nested_branch_dag' retrieved from /home/airflow/.local/lib/python3.12/site-packages/airflow/example_dags/example_nested_branch_dag.py
[2026-03-02T13:49:39.521+0000] {logging_mixin.py:188} INFO - [2026-03-02T13:49:39.520+0000] {dag.py:3096} INFO - Sync 1 DAGs
[2026-03-02T13:49:39.533+0000] {logging_mixin.py:188} INFO - [2026-03-02T13:49:39.533+0000] {dag.py:3954} INFO - Setting next_dagrun for example_nested_branch_dag to 2026-03-01 00:00:00+00:00, run_after=2026-03-02 00:00:00+00:00
[2026-03-02T13:49:39.540+0000] {processor.py:183} INFO - Processing /home/airflow/.local/lib/python3.12/site-packages/airflow/example_dags/example_nested_branch_dag.py took 0.044 seconds
[2026-03-02T13:50:09.570+0000] {processor.py:161} INFO - Started process (PID=1627) to work on /home/airflow/.local/lib/python3.12/site-packages/airflow/example_dags/example_nested_branch_dag.py
[2026-03-02T13:50:09.570+0000] {processor.py:830} INFO - Processing file /home/airflow/.local/lib/python3.12/site-packages/airflow/example_dags/example_nested_branch_dag.py for tasks to queue
[2026-03-02T13:50:09.572+0000] {logging_mixin.py:188} INFO - [2026-03-02T13:50:09.572+0000] {dagbag.py:540} INFO - Filling up the DagBag from /home/airflow/.local/lib/python3.12/site-packages/airflow/example_dags/example_nested_branch_dag.py
[2026-03-02T13:50:09.577+0000] {processor.py:840} INFO - DAG(s) 'example_nested_branch_dag' retrieved from /home/airflow/.local/lib/python3.12/site-packages/airflow/example_dags/example_nested_branch_dag.py
[2026-03-02T13:50:09.589+0000] {logging_mixin.py:188} INFO - [2026-03-02T13:50:09.589+0000] {dag.py:3096} INFO - Sync 1 DAGs
[2026-03-02T13:50:09.598+0000] {logging_mixin.py:188} INFO - [2026-03-02T13:50:09.598+0000] {dag.py:3954} INFO - Setting next_dagrun for example_nested_branch_dag to 2026-03-01 00:00:00+00:00, run_after=2026-03-02 00:00:00+00:00
[2026-03-02T13:50:09.611+0000] {processor.py:183} INFO - Processing /home/airflow/.local/lib/python3.12/site-packages/airflow/example_dags/example_nested_branch_dag.py took 0.044 seconds
[2026-03-02T13:50:40.518+0000] {processor.py:161} INFO - Started process (PID=1683) to work on /home/airflow/.local/lib/python3.12/site-packages/airflow/example_dags/example_nested_branch_dag.py
[2026-03-02T13:50:40.521+0000] {processor.py:830} INFO - Processing file /home/airflow/.local/lib/python3.12/site-packages/airflow/example_dags/example_nested_branch_dag.py for tasks to queue
[2026-03-02T13:50:40.523+0000] {logging_mixin.py:188} INFO - [2026-03-02T13:50:40.523+0000] {dagbag.py:540} INFO - Filling up the DagBag from /home/airflow/.local/lib/python3.12/site-packages/airflow/example_dags/example_nested_branch_dag.py
[2026-03-02T13:50:40.530+0000] {processor.py:840} INFO - DAG(s) 'example_nested_branch_dag' retrieved from /home/airflow/.local/lib/python3.12/site-packages/airflow/example_dags/example_nested_branch_dag.py
[2026-03-02T13:50:40.548+0000] {logging_mixin.py:188} INFO - [2026-03-02T13:50:40.547+0000] {dag.py:3096} INFO - Sync 1 DAGs
[2026-03-02T13:50:40.563+0000] {logging_mixin.py:188} INFO - [2026-03-02T13:50:40.563+0000] {dag.py:3954} INFO - Setting next_dagrun for example_nested_branch_dag to 2026-03-01 00:00:00+00:00, run_after=2026-03-02 00:00:00+00:00
[2026-03-02T13:50:40.593+0000] {processor.py:183} INFO - Processing /home/airflow/.local/lib/python3.12/site-packages/airflow/example_dags/example_nested_branch_dag.py took 0.085 seconds
[2026-03-02T13:51:11.323+0000] {processor.py:161} INFO - Started process (PID=1741) to work on /home/airflow/.local/lib/python3.12/site-packages/airflow/example_dags/example_nested_branch_dag.py
[2026-03-02T13:51:11.327+0000] {processor.py:830} INFO - Processing file /home/airflow/.local/lib/python3.12/site-packages/airflow/example_dags/example_nested_branch_dag.py for tasks to queue
[2026-03-02T13:51:11.331+0000] {logging_mixin.py:188} INFO - [2026-03-02T13:51:11.331+0000] {dagbag.py:540} INFO - Filling up the DagBag from /home/airflow/.local/lib/python3.12/site-packages/airflow/example_dags/example_nested_branch_dag.py
[2026-03-02T13:51:11.340+0000] {processor.py:840} INFO - DAG(s) 'example_nested_branch_dag' retrieved from /home/airflow/.local/lib/python3.12/site-packages/airflow/example_dags/example_nested_branch_dag.py
[2026-03-02T13:51:11.367+0000] {logging_mixin.py:188} INFO - [2026-03-02T13:51:11.366+0000] {dag.py:3096} INFO - Sync 1 DAGs
[2026-03-02T13:51:11.383+0000] {logging_mixin.py:188} INFO - [2026-03-02T13:51:11.383+0000] {dag.py:3954} INFO - Setting next_dagrun for example_nested_branch_dag to 2026-03-01 00:00:00+00:00, run_after=2026-03-02 00:00:00+00:00
[2026-03-02T13:51:11.393+0000] {processor.py:183} INFO - Processing /home/airflow/.local/lib/python3.12/site-packages/airflow/example_dags/example_nested_branch_dag.py took 0.074 seconds
[2026-03-02T13:51:41.986+0000] {processor.py:161} INFO - Started process (PID=1799) to work on /home/airflow/.local/lib/python3.12/site-packages/airflow/example_dags/example_nested_branch_dag.py
[2026-03-02T13:51:41.987+0000] {processor.py:830} INFO - Processing file /home/airflow/.local/lib/python3.12/site-packages/airflow/example_dags/example_nested_branch_dag.py for tasks to queue
[2026-03-02T13:51:41.989+0000] {logging_mixin.py:188} INFO - [2026-03-02T13:51:41.988+0000] {dagbag.py:540} INFO - Filling up the DagBag from /home/airflow/.local/lib/python3.12/site-packages/airflow/example_dags/example_nested_branch_dag.py
[2026-03-02T13:51:41.997+0000] {processor.py:840} INFO - DAG(s) 'example_nested_branch_dag' retrieved from /home/airflow/.local/lib/python3.12/site-packages/airflow/example_dags/example_nested_branch_dag.py
[2026-03-02T13:51:42.022+0000] {logging_mixin.py:188} INFO - [2026-03-02T13:51:42.022+0000] {dag.py:3096} INFO - Sync 1 DAGs
[2026-03-02T13:51:42.041+0000] {logging_mixin.py:188} INFO - [2026-03-02T13:51:42.041+0000] {dag.py:3954} INFO - Setting next_dagrun for example_nested_branch_dag to 2026-03-01 00:00:00+00:00, run_after=2026-03-02 00:00:00+00:00
[2026-03-02T13:51:42.060+0000] {processor.py:183} INFO - Processing /home/airflow/.local/lib/python3.12/site-packages/airflow/example_dags/example_nested_branch_dag.py took 0.077 seconds
[2026-03-02T13:52:12.726+0000] {processor.py:161} INFO - Started process (PID=1857) to work on /home/airflow/.local/lib/python3.12/site-packages/airflow/example_dags/example_nested_branch_dag.py
[2026-03-02T13:52:12.727+0000] {processor.py:830} INFO - Processing file /home/airflow/.local/lib/python3.12/site-packages/airflow/example_dags/example_nested_branch_dag.py for tasks to queue
[2026-03-02T13:52:12.728+0000] {logging_mixin.py:188} INFO - [2026-03-02T13:52:12.728+0000] {dagbag.py:540} INFO - Filling up the DagBag from /home/airflow/.local/lib/python3.12/site-packages/airflow/example_dags/example_nested_branch_dag.py
[2026-03-02T13:52:12.733+0000] {processor.py:840} INFO - DAG(s) 'example_nested_branch_dag' retrieved from /home/airflow/.local/lib/python3.12/site-packages/airflow/example_dags/example_nested_branch_dag.py
[2026-03-02T13:52:12.744+0000] {logging_mixin.py:188} INFO - [2026-03-02T13:52:12.744+0000] {dag.py:3096} INFO - Sync 1 DAGs
[2026-03-02T13:52:12.757+0000] {logging_mixin.py:188} INFO - [2026-03-02T13:52:12.757+0000] {dag.py:3954} INFO - Setting next_dagrun for example_nested_branch_dag to 2026-03-01 00:00:00+00:00, run_after=2026-03-02 00:00:00+00:00
[2026-03-02T13:52:12.766+0000] {processor.py:183} INFO - Processing /home/airflow/.local/lib/python3.12/site-packages/airflow/example_dags/example_nested_branch_dag.py took 0.043 seconds
[2026-03-02T13:52:43.334+0000] {processor.py:161} INFO - Started process (PID=1915) to work on /home/airflow/.local/lib/python3.12/site-packages/airflow/example_dags/example_nested_branch_dag.py
[2026-03-02T13:52:43.335+0000] {processor.py:830} INFO - Processing file /home/airflow/.local/lib/python3.12/site-packages/airflow/example_dags/example_nested_branch_dag.py for tasks to queue
[2026-03-02T13:52:43.336+0000] {logging_mixin.py:188} INFO - [2026-03-02T13:52:43.336+0000] {dagbag.py:540} INFO - Filling up the DagBag from /home/airflow/.local/lib/python3.12/site-packages/airflow/example_dags/example_nested_branch_dag.py
[2026-03-02T13:52:43.342+0000] {processor.py:840} INFO - DAG(s) 'example_nested_branch_dag' retrieved from /home/airflow/.local/lib/python3.12/site-packages/airflow/example_dags/example_nested_branch_dag.py
[2026-03-02T13:52:43.356+0000] {logging_mixin.py:188} INFO - [2026-03-02T13:52:43.355+0000] {dag.py:3096} INFO - Sync 1 DAGs
[2026-03-02T13:52:43.367+0000] {logging_mixin.py:188} INFO - [2026-03-02T13:52:43.367+0000] {dag.py:3954} INFO - Setting next_dagrun for example_nested_branch_dag to 2026-03-01 00:00:00+00:00, run_after=2026-03-02 00:00:00+00:00
[2026-03-02T13:52:43.378+0000] {processor.py:183} INFO - Processing /home/airflow/.local/lib/python3.12/site-packages/airflow/example_dags/example_nested_branch_dag.py took 0.047 seconds
[2026-03-02T13:53:15.405+0000] {processor.py:161} INFO - Started process (PID=1973) to work on /home/airflow/.local/lib/python3.12/site-packages/airflow/example_dags/example_nested_branch_dag.py
[2026-03-02T13:53:15.407+0000] {processor.py:830} INFO - Processing file /home/airflow/.local/lib/python3.12/site-packages/airflow/example_dags/example_nested_branch_dag.py for tasks to queue
[2026-03-02T13:53:15.409+0000] {logging_mixin.py:188} INFO - [2026-03-02T13:53:15.408+0000] {dagbag.py:540} INFO - Filling up the DagBag from /home/airflow/.local/lib/python3.12/site-packages/airflow/example_dags/example_nested_branch_dag.py
[2026-03-02T13:53:15.625+0000] {processor.py:840} INFO - DAG(s) 'example_nested_branch_dag' retrieved from /home/airflow/.local/lib/python3.12/site-packages/airflow/example_dags/example_nested_branch_dag.py
[2026-03-02T13:53:15.844+0000] {logging_mixin.py:188} INFO - [2026-03-02T13:53:15.843+0000] {dag.py:3096} INFO - Sync 1 DAGs
[2026-03-02T13:53:15.928+0000] {logging_mixin.py:188} INFO - [2026-03-02T13:53:15.927+0000] {dag.py:3954} INFO - Setting next_dagrun for example_nested_branch_dag to 2026-03-01 00:00:00+00:00, run_after=2026-03-02 00:00:00+00:00
[2026-03-02T13:53:15.944+0000] {processor.py:183} INFO - Processing /home/airflow/.local/lib/python3.12/site-packages/airflow/example_dags/example_nested_branch_dag.py took 0.544 seconds
[2026-03-02T13:53:47.981+0000] {processor.py:161} INFO - Started process (PID=2031) to work on /home/airflow/.local/lib/python3.12/site-packages/airflow/example_dags/example_nested_branch_dag.py
[2026-03-02T13:53:47.987+0000] {processor.py:830} INFO - Processing file /home/airflow/.local/lib/python3.12/site-packages/airflow/example_dags/example_nested_branch_dag.py for tasks to queue
[2026-03-02T13:53:47.988+0000] {logging_mixin.py:188} INFO - [2026-03-02T13:53:47.988+0000] {dagbag.py:540} INFO - Filling up the DagBag from /home/airflow/.local/lib/python3.12/site-packages/airflow/example_dags/example_nested_branch_dag.py
[2026-03-02T13:53:47.999+0000] {processor.py:840} INFO - DAG(s) 'example_nested_branch_dag' retrieved from /home/airflow/.local/lib/python3.12/site-packages/airflow/example_dags/example_nested_branch_dag.py
[2026-03-02T13:53:48.015+0000] {logging_mixin.py:188} INFO - [2026-03-02T13:53:48.015+0000] {dag.py:3096} INFO - Sync 1 DAGs
[2026-03-02T13:53:48.032+0000] {logging_mixin.py:188} INFO - [2026-03-02T13:53:48.032+0000] {dag.py:3954} INFO - Setting next_dagrun for example_nested_branch_dag to 2026-03-01 00:00:00+00:00, run_after=2026-03-02 00:00:00+00:00
[2026-03-02T13:53:48.046+0000] {processor.py:183} INFO - Processing /home/airflow/.local/lib/python3.12/site-packages/airflow/example_dags/example_nested_branch_dag.py took 0.068 seconds
[2026-03-02T13:54:18.295+0000] {processor.py:161} INFO - Started process (PID=2089) to work on /home/airflow/.local/lib/python3.12/site-packages/airflow/example_dags/example_nested_branch_dag.py
[2026-03-02T13:54:18.298+0000] {processor.py:830} INFO - Processing file /home/airflow/.local/lib/python3.12/site-packages/airflow/example_dags/example_nested_branch_dag.py for tasks to queue
[2026-03-02T13:54:18.299+0000] {logging_mixin.py:188} INFO - [2026-03-02T13:54:18.299+0000] {dagbag.py:540} INFO - Filling up the DagBag from /home/airflow/.local/lib/python3.12/site-packages/airflow/example_dags/example_nested_branch_dag.py
[2026-03-02T13:54:18.303+0000] {processor.py:840} INFO - DAG(s) 'example_nested_branch_dag' retrieved from /home/airflow/.local/lib/python3.12/site-packages/airflow/example_dags/example_nested_branch_dag.py
[2026-03-02T13:54:18.312+0000] {logging_mixin.py:188} INFO - [2026-03-02T13:54:18.312+0000] {dag.py:3096} INFO - Sync 1 DAGs
[2026-03-02T13:54:18.322+0000] {logging_mixin.py:188} INFO - [2026-03-02T13:54:18.322+0000] {dag.py:3954} INFO - Setting next_dagrun for example_nested_branch_dag to 2026-03-01 00:00:00+00:00, run_after=2026-03-02 00:00:00+00:00
[2026-03-02T13:54:18.329+0000] {processor.py:183} INFO - Processing /home/airflow/.local/lib/python3.12/site-packages/airflow/example_dags/example_nested_branch_dag.py took 0.036 seconds
[2026-03-02T13:54:49.059+0000] {processor.py:161} INFO - Started process (PID=2147) to work on /home/airflow/.local/lib/python3.12/site-packages/airflow/example_dags/example_nested_branch_dag.py
[2026-03-02T13:54:49.061+0000] {processor.py:830} INFO - Processing file /home/airflow/.local/lib/python3.12/site-packages/airflow/example_dags/example_nested_branch_dag.py for tasks to queue
[2026-03-02T13:54:49.063+0000] {logging_mixin.py:188} INFO - [2026-03-02T13:54:49.063+0000] {dagbag.py:540} INFO - Filling up the DagBag from /home/airflow/.local/lib/python3.12/site-packages/airflow/example_dags/example_nested_branch_dag.py
[2026-03-02T13:54:49.067+0000] {processor.py:840} INFO - DAG(s) 'example_nested_branch_dag' retrieved from /home/airflow/.local/lib/python3.12/site-packages/airflow/example_dags/example_nested_branch_dag.py
[2026-03-02T13:54:49.080+0000] {logging_mixin.py:188} INFO - [2026-03-02T13:54:49.080+0000] {dag.py:3096} INFO - Sync 1 DAGs
[2026-03-02T13:54:49.088+0000] {logging_mixin.py:188} INFO - [2026-03-02T13:54:49.088+0000] {dag.py:3954} INFO - Setting next_dagrun for example_nested_branch_dag to 2026-03-01 00:00:00+00:00, run_after=2026-03-02 00:00:00+00:00
[2026-03-02T13:54:49.096+0000] {processor.py:183} INFO - Processing /home/airflow/.local/lib/python3.12/site-packages/airflow/example_dags/example_nested_branch_dag.py took 0.040 seconds
[2026-03-02T13:55:24.202+0000] {processor.py:161} INFO - Started process (PID=2205) to work on /home/airflow/.local/lib/python3.12/site-packages/airflow/example_dags/example_nested_branch_dag.py
[2026-03-02T13:55:24.206+0000] {processor.py:830} INFO - Processing file /home/airflow/.local/lib/python3.12/site-packages/airflow/example_dags/example_nested_branch_dag.py for tasks to queue
[2026-03-02T13:55:24.208+0000] {logging_mixin.py:188} INFO - [2026-03-02T13:55:24.207+0000] {dagbag.py:540} INFO - Filling up the DagBag from /home/airflow/.local/lib/python3.12/site-packages/airflow/example_dags/example_nested_branch_dag.py
[2026-03-02T13:55:24.224+0000] {processor.py:840} INFO - DAG(s) 'example_nested_branch_dag' retrieved from /home/airflow/.local/lib/python3.12/site-packages/airflow/example_dags/example_nested_branch_dag.py
[2026-03-02T13:55:24.271+0000] {logging_mixin.py:188} INFO - [2026-03-02T13:55:24.271+0000] {dag.py:3096} INFO - Sync 1 DAGs
[2026-03-02T13:55:24.294+0000] {logging_mixin.py:188} INFO - [2026-03-02T13:55:24.293+0000] {dag.py:3954} INFO - Setting next_dagrun for example_nested_branch_dag to 2026-03-01 00:00:00+00:00, run_after=2026-03-02 00:00:00+00:00
[2026-03-02T13:55:24.326+0000] {processor.py:183} INFO - Processing /home/airflow/.local/lib/python3.12/site-packages/airflow/example_dags/example_nested_branch_dag.py took 0.130 seconds
[2026-03-02T13:55:54.532+0000] {processor.py:161} INFO - Started process (PID=2263) to work on /home/airflow/.local/lib/python3.12/site-packages/airflow/example_dags/example_nested_branch_dag.py
[2026-03-02T13:55:54.532+0000] {processor.py:830} INFO - Processing file /home/airflow/.local/lib/python3.12/site-packages/airflow/example_dags/example_nested_branch_dag.py for tasks to queue
[2026-03-02T13:55:54.533+0000] {logging_mixin.py:188} INFO - [2026-03-02T13:55:54.533+0000] {dagbag.py:540} INFO - Filling up the DagBag from /home/airflow/.local/lib/python3.12/site-packages/airflow/example_dags/example_nested_branch_dag.py
[2026-03-02T13:55:54.538+0000] {processor.py:840} INFO - DAG(s) 'example_nested_branch_dag' retrieved from /home/airflow/.local/lib/python3.12/site-packages/airflow/example_dags/example_nested_branch_dag.py
[2026-03-02T13:55:54.551+0000] {logging_mixin.py:188} INFO - [2026-03-02T13:55:54.551+0000] {dag.py:3096} INFO - Sync 1 DAGs
[2026-03-02T13:55:54.564+0000] {logging_mixin.py:188} INFO - [2026-03-02T13:55:54.564+0000] {dag.py:3954} INFO - Setting next_dagrun for example_nested_branch_dag to 2026-03-01 00:00:00+00:00, run_after=2026-03-02 00:00:00+00:00
[2026-03-02T13:55:54.574+0000] {processor.py:183} INFO - Processing /home/airflow/.local/lib/python3.12/site-packages/airflow/example_dags/example_nested_branch_dag.py took 0.046 seconds
