[2026-03-02T13:36:37.188+0000] {processor.py:161} INFO - Started process (PID=96) to work on /home/airflow/.local/lib/python3.12/site-packages/airflow/example_dags/example_branch_operator.py
[2026-03-02T13:36:37.189+0000] {processor.py:830} INFO - Processing file /home/airflow/.local/lib/python3.12/site-packages/airflow/example_dags/example_branch_operator.py for tasks to queue
[2026-03-02T13:36:37.190+0000] {logging_mixin.py:188} INFO - [2026-03-02T13:36:37.190+0000] {dagbag.py:540} INFO - Filling up the DagBag from /home/airflow/.local/lib/python3.12/site-packages/airflow/example_dags/example_branch_operator.py
[2026-03-02T13:36:37.199+0000] {processor.py:840} INFO - DAG(s) 'example_branch_operator' retrieved from /home/airflow/.local/lib/python3.12/site-packages/airflow/example_dags/example_branch_operator.py
[2026-03-02T13:36:37.283+0000] {logging_mixin.py:188} INFO - [2026-03-02T13:36:37.283+0000] {dag.py:3096} INFO - Sync 1 DAGs
[2026-03-02T13:36:37.308+0000] {logging_mixin.py:188} INFO - [2026-03-02T13:36:37.308+0000] {dag.py:3954} INFO - Setting next_dagrun for example_branch_operator to 2026-03-01 00:00:00+00:00, run_after=2026-03-02 00:00:00+00:00
[2026-03-02T13:36:37.327+0000] {processor.py:183} INFO - Processing /home/airflow/.local/lib/python3.12/site-packages/airflow/example_dags/example_branch_operator.py took 0.141 seconds
[2026-03-02T13:37:08.163+0000] {processor.py:161} INFO - Started process (PID=154) to work on /home/airflow/.local/lib/python3.12/site-packages/airflow/example_dags/example_branch_operator.py
[2026-03-02T13:37:08.166+0000] {processor.py:830} INFO - Processing file /home/airflow/.local/lib/python3.12/site-packages/airflow/example_dags/example_branch_operator.py for tasks to queue
[2026-03-02T13:37:08.168+0000] {logging_mixin.py:188} INFO - [2026-03-02T13:37:08.167+0000] {dagbag.py:540} INFO - Filling up the DagBag from /home/airflow/.local/lib/python3.12/site-packages/airflow/example_dags/example_branch_operator.py
[2026-03-02T13:37:08.177+0000] {processor.py:840} INFO - DAG(s) 'example_branch_operator' retrieved from /home/airflow/.local/lib/python3.12/site-packages/airflow/example_dags/example_branch_operator.py
[2026-03-02T13:37:08.197+0000] {logging_mixin.py:188} INFO - [2026-03-02T13:37:08.197+0000] {dag.py:3096} INFO - Sync 1 DAGs
[2026-03-02T13:37:08.213+0000] {logging_mixin.py:188} INFO - [2026-03-02T13:37:08.213+0000] {dag.py:3954} INFO - Setting next_dagrun for example_branch_operator to 2026-03-01 00:00:00+00:00, run_after=2026-03-02 00:00:00+00:00
[2026-03-02T13:37:08.224+0000] {processor.py:183} INFO - Processing /home/airflow/.local/lib/python3.12/site-packages/airflow/example_dags/example_branch_operator.py took 0.064 seconds
[2026-03-02T13:37:41.193+0000] {processor.py:161} INFO - Started process (PID=212) to work on /home/airflow/.local/lib/python3.12/site-packages/airflow/example_dags/example_branch_operator.py
[2026-03-02T13:37:41.194+0000] {processor.py:830} INFO - Processing file /home/airflow/.local/lib/python3.12/site-packages/airflow/example_dags/example_branch_operator.py for tasks to queue
[2026-03-02T13:37:41.197+0000] {logging_mixin.py:188} INFO - [2026-03-02T13:37:41.197+0000] {dagbag.py:540} INFO - Filling up the DagBag from /home/airflow/.local/lib/python3.12/site-packages/airflow/example_dags/example_branch_operator.py
[2026-03-02T13:37:41.212+0000] {processor.py:840} INFO - DAG(s) 'example_branch_operator' retrieved from /home/airflow/.local/lib/python3.12/site-packages/airflow/example_dags/example_branch_operator.py
[2026-03-02T13:37:41.239+0000] {logging_mixin.py:188} INFO - [2026-03-02T13:37:41.239+0000] {dag.py:3096} INFO - Sync 1 DAGs
[2026-03-02T13:37:41.254+0000] {logging_mixin.py:188} INFO - [2026-03-02T13:37:41.254+0000] {dag.py:3954} INFO - Setting next_dagrun for example_branch_operator to 2026-03-01 00:00:00+00:00, run_after=2026-03-02 00:00:00+00:00
[2026-03-02T13:37:41.272+0000] {processor.py:183} INFO - Processing /home/airflow/.local/lib/python3.12/site-packages/airflow/example_dags/example_branch_operator.py took 0.084 seconds
[2026-03-02T13:38:11.345+0000] {processor.py:161} INFO - Started process (PID=270) to work on /home/airflow/.local/lib/python3.12/site-packages/airflow/example_dags/example_branch_operator.py
[2026-03-02T13:38:11.347+0000] {processor.py:830} INFO - Processing file /home/airflow/.local/lib/python3.12/site-packages/airflow/example_dags/example_branch_operator.py for tasks to queue
[2026-03-02T13:38:11.349+0000] {logging_mixin.py:188} INFO - [2026-03-02T13:38:11.348+0000] {dagbag.py:540} INFO - Filling up the DagBag from /home/airflow/.local/lib/python3.12/site-packages/airflow/example_dags/example_branch_operator.py
[2026-03-02T13:38:11.359+0000] {processor.py:840} INFO - DAG(s) 'example_branch_operator' retrieved from /home/airflow/.local/lib/python3.12/site-packages/airflow/example_dags/example_branch_operator.py
[2026-03-02T13:38:11.374+0000] {logging_mixin.py:188} INFO - [2026-03-02T13:38:11.374+0000] {dag.py:3096} INFO - Sync 1 DAGs
[2026-03-02T13:38:11.385+0000] {logging_mixin.py:188} INFO - [2026-03-02T13:38:11.385+0000] {dag.py:3954} INFO - Setting next_dagrun for example_branch_operator to 2026-03-01 00:00:00+00:00, run_after=2026-03-02 00:00:00+00:00
[2026-03-02T13:38:11.392+0000] {processor.py:183} INFO - Processing /home/airflow/.local/lib/python3.12/site-packages/airflow/example_dags/example_branch_operator.py took 0.054 seconds
[2026-03-02T13:38:42.105+0000] {processor.py:161} INFO - Started process (PID=328) to work on /home/airflow/.local/lib/python3.12/site-packages/airflow/example_dags/example_branch_operator.py
[2026-03-02T13:38:42.105+0000] {processor.py:830} INFO - Processing file /home/airflow/.local/lib/python3.12/site-packages/airflow/example_dags/example_branch_operator.py for tasks to queue
[2026-03-02T13:38:42.107+0000] {logging_mixin.py:188} INFO - [2026-03-02T13:38:42.107+0000] {dagbag.py:540} INFO - Filling up the DagBag from /home/airflow/.local/lib/python3.12/site-packages/airflow/example_dags/example_branch_operator.py
[2026-03-02T13:38:42.114+0000] {processor.py:840} INFO - DAG(s) 'example_branch_operator' retrieved from /home/airflow/.local/lib/python3.12/site-packages/airflow/example_dags/example_branch_operator.py
[2026-03-02T13:38:42.129+0000] {logging_mixin.py:188} INFO - [2026-03-02T13:38:42.129+0000] {dag.py:3096} INFO - Sync 1 DAGs
[2026-03-02T13:38:42.137+0000] {logging_mixin.py:188} INFO - [2026-03-02T13:38:42.137+0000] {dag.py:3954} INFO - Setting next_dagrun for example_branch_operator to 2026-03-01 00:00:00+00:00, run_after=2026-03-02 00:00:00+00:00
[2026-03-02T13:38:42.145+0000] {processor.py:183} INFO - Processing /home/airflow/.local/lib/python3.12/site-packages/airflow/example_dags/example_branch_operator.py took 0.043 seconds
[2026-03-02T13:39:12.516+0000] {processor.py:161} INFO - Started process (PID=386) to work on /home/airflow/.local/lib/python3.12/site-packages/airflow/example_dags/example_branch_operator.py
[2026-03-02T13:39:12.518+0000] {processor.py:830} INFO - Processing file /home/airflow/.local/lib/python3.12/site-packages/airflow/example_dags/example_branch_operator.py for tasks to queue
[2026-03-02T13:39:12.520+0000] {logging_mixin.py:188} INFO - [2026-03-02T13:39:12.520+0000] {dagbag.py:540} INFO - Filling up the DagBag from /home/airflow/.local/lib/python3.12/site-packages/airflow/example_dags/example_branch_operator.py
[2026-03-02T13:39:12.527+0000] {processor.py:840} INFO - DAG(s) 'example_branch_operator' retrieved from /home/airflow/.local/lib/python3.12/site-packages/airflow/example_dags/example_branch_operator.py
[2026-03-02T13:39:12.542+0000] {logging_mixin.py:188} INFO - [2026-03-02T13:39:12.542+0000] {dag.py:3096} INFO - Sync 1 DAGs
[2026-03-02T13:39:12.551+0000] {logging_mixin.py:188} INFO - [2026-03-02T13:39:12.551+0000] {dag.py:3954} INFO - Setting next_dagrun for example_branch_operator to 2026-03-01 00:00:00+00:00, run_after=2026-03-02 00:00:00+00:00
[2026-03-02T13:39:12.559+0000] {processor.py:183} INFO - Processing /home/airflow/.local/lib/python3.12/site-packages/airflow/example_dags/example_branch_operator.py took 0.045 seconds
[2026-03-02T13:39:43.024+0000] {processor.py:161} INFO - Started process (PID=444) to work on /home/airflow/.local/lib/python3.12/site-packages/airflow/example_dags/example_branch_operator.py
[2026-03-02T13:39:43.024+0000] {processor.py:830} INFO - Processing file /home/airflow/.local/lib/python3.12/site-packages/airflow/example_dags/example_branch_operator.py for tasks to queue
[2026-03-02T13:39:43.025+0000] {logging_mixin.py:188} INFO - [2026-03-02T13:39:43.025+0000] {dagbag.py:540} INFO - Filling up the DagBag from /home/airflow/.local/lib/python3.12/site-packages/airflow/example_dags/example_branch_operator.py
[2026-03-02T13:39:43.033+0000] {processor.py:840} INFO - DAG(s) 'example_branch_operator' retrieved from /home/airflow/.local/lib/python3.12/site-packages/airflow/example_dags/example_branch_operator.py
[2026-03-02T13:39:43.046+0000] {logging_mixin.py:188} INFO - [2026-03-02T13:39:43.046+0000] {dag.py:3096} INFO - Sync 1 DAGs
[2026-03-02T13:39:43.058+0000] {logging_mixin.py:188} INFO - [2026-03-02T13:39:43.058+0000] {dag.py:3954} INFO - Setting next_dagrun for example_branch_operator to 2026-03-01 00:00:00+00:00, run_after=2026-03-02 00:00:00+00:00
[2026-03-02T13:39:43.066+0000] {processor.py:183} INFO - Processing /home/airflow/.local/lib/python3.12/site-packages/airflow/example_dags/example_branch_operator.py took 0.045 seconds
[2026-03-02T13:40:13.359+0000] {processor.py:161} INFO - Started process (PID=502) to work on /home/airflow/.local/lib/python3.12/site-packages/airflow/example_dags/example_branch_operator.py
[2026-03-02T13:40:13.359+0000] {processor.py:830} INFO - Processing file /home/airflow/.local/lib/python3.12/site-packages/airflow/example_dags/example_branch_operator.py for tasks to queue
[2026-03-02T13:40:13.360+0000] {logging_mixin.py:188} INFO - [2026-03-02T13:40:13.360+0000] {dagbag.py:540} INFO - Filling up the DagBag from /home/airflow/.local/lib/python3.12/site-packages/airflow/example_dags/example_branch_operator.py
[2026-03-02T13:40:13.367+0000] {processor.py:840} INFO - DAG(s) 'example_branch_operator' retrieved from /home/airflow/.local/lib/python3.12/site-packages/airflow/example_dags/example_branch_operator.py
[2026-03-02T13:40:13.379+0000] {logging_mixin.py:188} INFO - [2026-03-02T13:40:13.378+0000] {dag.py:3096} INFO - Sync 1 DAGs
[2026-03-02T13:40:13.387+0000] {logging_mixin.py:188} INFO - [2026-03-02T13:40:13.387+0000] {dag.py:3954} INFO - Setting next_dagrun for example_branch_operator to 2026-03-01 00:00:00+00:00, run_after=2026-03-02 00:00:00+00:00
[2026-03-02T13:40:13.394+0000] {processor.py:183} INFO - Processing /home/airflow/.local/lib/python3.12/site-packages/airflow/example_dags/example_branch_operator.py took 0.037 seconds
[2026-03-02T13:40:43.726+0000] {processor.py:161} INFO - Started process (PID=560) to work on /home/airflow/.local/lib/python3.12/site-packages/airflow/example_dags/example_branch_operator.py
[2026-03-02T13:40:43.727+0000] {processor.py:830} INFO - Processing file /home/airflow/.local/lib/python3.12/site-packages/airflow/example_dags/example_branch_operator.py for tasks to queue
[2026-03-02T13:40:43.728+0000] {logging_mixin.py:188} INFO - [2026-03-02T13:40:43.728+0000] {dagbag.py:540} INFO - Filling up the DagBag from /home/airflow/.local/lib/python3.12/site-packages/airflow/example_dags/example_branch_operator.py
[2026-03-02T13:40:43.735+0000] {processor.py:840} INFO - DAG(s) 'example_branch_operator' retrieved from /home/airflow/.local/lib/python3.12/site-packages/airflow/example_dags/example_branch_operator.py
[2026-03-02T13:40:43.748+0000] {logging_mixin.py:188} INFO - [2026-03-02T13:40:43.748+0000] {dag.py:3096} INFO - Sync 1 DAGs
[2026-03-02T13:40:43.758+0000] {logging_mixin.py:188} INFO - [2026-03-02T13:40:43.758+0000] {dag.py:3954} INFO - Setting next_dagrun for example_branch_operator to 2026-03-01 00:00:00+00:00, run_after=2026-03-02 00:00:00+00:00
[2026-03-02T13:40:43.767+0000] {processor.py:183} INFO - Processing /home/airflow/.local/lib/python3.12/site-packages/airflow/example_dags/example_branch_operator.py took 0.043 seconds
[2026-03-02T13:41:14.219+0000] {processor.py:161} INFO - Started process (PID=618) to work on /home/airflow/.local/lib/python3.12/site-packages/airflow/example_dags/example_branch_operator.py
[2026-03-02T13:41:14.220+0000] {processor.py:830} INFO - Processing file /home/airflow/.local/lib/python3.12/site-packages/airflow/example_dags/example_branch_operator.py for tasks to queue
[2026-03-02T13:41:14.220+0000] {logging_mixin.py:188} INFO - [2026-03-02T13:41:14.220+0000] {dagbag.py:540} INFO - Filling up the DagBag from /home/airflow/.local/lib/python3.12/site-packages/airflow/example_dags/example_branch_operator.py
[2026-03-02T13:41:14.227+0000] {processor.py:840} INFO - DAG(s) 'example_branch_operator' retrieved from /home/airflow/.local/lib/python3.12/site-packages/airflow/example_dags/example_branch_operator.py
[2026-03-02T13:41:14.241+0000] {logging_mixin.py:188} INFO - [2026-03-02T13:41:14.241+0000] {dag.py:3096} INFO - Sync 1 DAGs
[2026-03-02T13:41:14.250+0000] {logging_mixin.py:188} INFO - [2026-03-02T13:41:14.250+0000] {dag.py:3954} INFO - Setting next_dagrun for example_branch_operator to 2026-03-01 00:00:00+00:00, run_after=2026-03-02 00:00:00+00:00
[2026-03-02T13:41:14.258+0000] {processor.py:183} INFO - Processing /home/airflow/.local/lib/python3.12/site-packages/airflow/example_dags/example_branch_operator.py took 0.042 seconds
[2026-03-02T13:41:44.577+0000] {processor.py:161} INFO - Started process (PID=676) to work on /home/airflow/.local/lib/python3.12/site-packages/airflow/example_dags/example_branch_operator.py
[2026-03-02T13:41:44.577+0000] {processor.py:830} INFO - Processing file /home/airflow/.local/lib/python3.12/site-packages/airflow/example_dags/example_branch_operator.py for tasks to queue
[2026-03-02T13:41:44.578+0000] {logging_mixin.py:188} INFO - [2026-03-02T13:41:44.578+0000] {dagbag.py:540} INFO - Filling up the DagBag from /home/airflow/.local/lib/python3.12/site-packages/airflow/example_dags/example_branch_operator.py
[2026-03-02T13:41:44.586+0000] {processor.py:840} INFO - DAG(s) 'example_branch_operator' retrieved from /home/airflow/.local/lib/python3.12/site-packages/airflow/example_dags/example_branch_operator.py
[2026-03-02T13:41:44.601+0000] {logging_mixin.py:188} INFO - [2026-03-02T13:41:44.601+0000] {dag.py:3096} INFO - Sync 1 DAGs
[2026-03-02T13:41:44.609+0000] {logging_mixin.py:188} INFO - [2026-03-02T13:41:44.609+0000] {dag.py:3954} INFO - Setting next_dagrun for example_branch_operator to 2026-03-01 00:00:00+00:00, run_after=2026-03-02 00:00:00+00:00
[2026-03-02T13:41:44.619+0000] {processor.py:183} INFO - Processing /home/airflow/.local/lib/python3.12/site-packages/airflow/example_dags/example_branch_operator.py took 0.046 seconds
[2026-03-02T13:42:14.938+0000] {processor.py:161} INFO - Started process (PID=734) to work on /home/airflow/.local/lib/python3.12/site-packages/airflow/example_dags/example_branch_operator.py
[2026-03-02T13:42:14.939+0000] {processor.py:830} INFO - Processing file /home/airflow/.local/lib/python3.12/site-packages/airflow/example_dags/example_branch_operator.py for tasks to queue
[2026-03-02T13:42:14.939+0000] {logging_mixin.py:188} INFO - [2026-03-02T13:42:14.939+0000] {dagbag.py:540} INFO - Filling up the DagBag from /home/airflow/.local/lib/python3.12/site-packages/airflow/example_dags/example_branch_operator.py
[2026-03-02T13:42:14.947+0000] {processor.py:840} INFO - DAG(s) 'example_branch_operator' retrieved from /home/airflow/.local/lib/python3.12/site-packages/airflow/example_dags/example_branch_operator.py
[2026-03-02T13:42:14.964+0000] {logging_mixin.py:188} INFO - [2026-03-02T13:42:14.963+0000] {dag.py:3096} INFO - Sync 1 DAGs
[2026-03-02T13:42:14.973+0000] {logging_mixin.py:188} INFO - [2026-03-02T13:42:14.973+0000] {dag.py:3954} INFO - Setting next_dagrun for example_branch_operator to 2026-03-01 00:00:00+00:00, run_after=2026-03-02 00:00:00+00:00
[2026-03-02T13:42:14.980+0000] {processor.py:183} INFO - Processing /home/airflow/.local/lib/python3.12/site-packages/airflow/example_dags/example_branch_operator.py took 0.045 seconds
[2026-03-02T13:42:45.488+0000] {processor.py:161} INFO - Started process (PID=792) to work on /home/airflow/.local/lib/python3.12/site-packages/airflow/example_dags/example_branch_operator.py
[2026-03-02T13:42:45.490+0000] {processor.py:830} INFO - Processing file /home/airflow/.local/lib/python3.12/site-packages/airflow/example_dags/example_branch_operator.py for tasks to queue
[2026-03-02T13:42:45.490+0000] {logging_mixin.py:188} INFO - [2026-03-02T13:42:45.490+0000] {dagbag.py:540} INFO - Filling up the DagBag from /home/airflow/.local/lib/python3.12/site-packages/airflow/example_dags/example_branch_operator.py
[2026-03-02T13:42:45.499+0000] {processor.py:840} INFO - DAG(s) 'example_branch_operator' retrieved from /home/airflow/.local/lib/python3.12/site-packages/airflow/example_dags/example_branch_operator.py
[2026-03-02T13:42:45.510+0000] {logging_mixin.py:188} INFO - [2026-03-02T13:42:45.510+0000] {dag.py:3096} INFO - Sync 1 DAGs
[2026-03-02T13:42:45.518+0000] {logging_mixin.py:188} INFO - [2026-03-02T13:42:45.517+0000] {dag.py:3954} INFO - Setting next_dagrun for example_branch_operator to 2026-03-01 00:00:00+00:00, run_after=2026-03-02 00:00:00+00:00
[2026-03-02T13:42:45.524+0000] {processor.py:183} INFO - Processing /home/airflow/.local/lib/python3.12/site-packages/airflow/example_dags/example_branch_operator.py took 0.038 seconds
[2026-03-02T13:43:16.316+0000] {processor.py:161} INFO - Started process (PID=850) to work on /home/airflow/.local/lib/python3.12/site-packages/airflow/example_dags/example_branch_operator.py
[2026-03-02T13:43:16.318+0000] {processor.py:830} INFO - Processing file /home/airflow/.local/lib/python3.12/site-packages/airflow/example_dags/example_branch_operator.py for tasks to queue
[2026-03-02T13:43:16.319+0000] {logging_mixin.py:188} INFO - [2026-03-02T13:43:16.319+0000] {dagbag.py:540} INFO - Filling up the DagBag from /home/airflow/.local/lib/python3.12/site-packages/airflow/example_dags/example_branch_operator.py
[2026-03-02T13:43:16.325+0000] {processor.py:840} INFO - DAG(s) 'example_branch_operator' retrieved from /home/airflow/.local/lib/python3.12/site-packages/airflow/example_dags/example_branch_operator.py
[2026-03-02T13:43:16.338+0000] {logging_mixin.py:188} INFO - [2026-03-02T13:43:16.338+0000] {dag.py:3096} INFO - Sync 1 DAGs
[2026-03-02T13:43:16.346+0000] {logging_mixin.py:188} INFO - [2026-03-02T13:43:16.346+0000] {dag.py:3954} INFO - Setting next_dagrun for example_branch_operator to 2026-03-01 00:00:00+00:00, run_after=2026-03-02 00:00:00+00:00
[2026-03-02T13:43:16.353+0000] {processor.py:183} INFO - Processing /home/airflow/.local/lib/python3.12/site-packages/airflow/example_dags/example_branch_operator.py took 0.040 seconds
[2026-03-02T13:43:47.601+0000] {processor.py:161} INFO - Started process (PID=908) to work on /home/airflow/.local/lib/python3.12/site-packages/airflow/example_dags/example_branch_operator.py
[2026-03-02T13:43:47.602+0000] {processor.py:830} INFO - Processing file /home/airflow/.local/lib/python3.12/site-packages/airflow/example_dags/example_branch_operator.py for tasks to queue
[2026-03-02T13:43:47.603+0000] {logging_mixin.py:188} INFO - [2026-03-02T13:43:47.603+0000] {dagbag.py:540} INFO - Filling up the DagBag from /home/airflow/.local/lib/python3.12/site-packages/airflow/example_dags/example_branch_operator.py
[2026-03-02T13:43:47.633+0000] {processor.py:840} INFO - DAG(s) 'example_branch_operator' retrieved from /home/airflow/.local/lib/python3.12/site-packages/airflow/example_dags/example_branch_operator.py
[2026-03-02T13:43:47.732+0000] {logging_mixin.py:188} INFO - [2026-03-02T13:43:47.731+0000] {dag.py:3096} INFO - Sync 1 DAGs
[2026-03-02T13:43:47.774+0000] {logging_mixin.py:188} INFO - [2026-03-02T13:43:47.774+0000] {dag.py:3954} INFO - Setting next_dagrun for example_branch_operator to 2026-03-01 00:00:00+00:00, run_after=2026-03-02 00:00:00+00:00
[2026-03-02T13:43:47.791+0000] {processor.py:183} INFO - Processing /home/airflow/.local/lib/python3.12/site-packages/airflow/example_dags/example_branch_operator.py took 0.204 seconds
[2026-03-02T13:44:18.558+0000] {processor.py:161} INFO - Started process (PID=966) to work on /home/airflow/.local/lib/python3.12/site-packages/airflow/example_dags/example_branch_operator.py
[2026-03-02T13:44:18.558+0000] {processor.py:830} INFO - Processing file /home/airflow/.local/lib/python3.12/site-packages/airflow/example_dags/example_branch_operator.py for tasks to queue
[2026-03-02T13:44:18.559+0000] {logging_mixin.py:188} INFO - [2026-03-02T13:44:18.559+0000] {dagbag.py:540} INFO - Filling up the DagBag from /home/airflow/.local/lib/python3.12/site-packages/airflow/example_dags/example_branch_operator.py
[2026-03-02T13:44:18.567+0000] {processor.py:840} INFO - DAG(s) 'example_branch_operator' retrieved from /home/airflow/.local/lib/python3.12/site-packages/airflow/example_dags/example_branch_operator.py
[2026-03-02T13:44:18.582+0000] {logging_mixin.py:188} INFO - [2026-03-02T13:44:18.582+0000] {dag.py:3096} INFO - Sync 1 DAGs
[2026-03-02T13:44:18.684+0000] {logging_mixin.py:188} INFO - [2026-03-02T13:44:18.684+0000] {dag.py:3954} INFO - Setting next_dagrun for example_branch_operator to 2026-03-01 00:00:00+00:00, run_after=2026-03-02 00:00:00+00:00
[2026-03-02T13:44:18.693+0000] {processor.py:183} INFO - Processing /home/airflow/.local/lib/python3.12/site-packages/airflow/example_dags/example_branch_operator.py took 0.139 seconds
[2026-03-02T13:44:49.344+0000] {processor.py:161} INFO - Started process (PID=1023) to work on /home/airflow/.local/lib/python3.12/site-packages/airflow/example_dags/example_branch_operator.py
[2026-03-02T13:44:49.345+0000] {processor.py:830} INFO - Processing file /home/airflow/.local/lib/python3.12/site-packages/airflow/example_dags/example_branch_operator.py for tasks to queue
[2026-03-02T13:44:49.346+0000] {logging_mixin.py:188} INFO - [2026-03-02T13:44:49.346+0000] {dagbag.py:540} INFO - Filling up the DagBag from /home/airflow/.local/lib/python3.12/site-packages/airflow/example_dags/example_branch_operator.py
[2026-03-02T13:44:49.354+0000] {processor.py:840} INFO - DAG(s) 'example_branch_operator' retrieved from /home/airflow/.local/lib/python3.12/site-packages/airflow/example_dags/example_branch_operator.py
[2026-03-02T13:44:49.367+0000] {logging_mixin.py:188} INFO - [2026-03-02T13:44:49.367+0000] {dag.py:3096} INFO - Sync 1 DAGs
[2026-03-02T13:44:49.383+0000] {logging_mixin.py:188} INFO - [2026-03-02T13:44:49.383+0000] {dag.py:3954} INFO - Setting next_dagrun for example_branch_operator to 2026-03-01 00:00:00+00:00, run_after=2026-03-02 00:00:00+00:00
[2026-03-02T13:44:49.496+0000] {processor.py:183} INFO - Processing /home/airflow/.local/lib/python3.12/site-packages/airflow/example_dags/example_branch_operator.py took 0.155 seconds
[2026-03-02T13:45:20.321+0000] {processor.py:161} INFO - Started process (PID=1081) to work on /home/airflow/.local/lib/python3.12/site-packages/airflow/example_dags/example_branch_operator.py
[2026-03-02T13:45:20.322+0000] {processor.py:830} INFO - Processing file /home/airflow/.local/lib/python3.12/site-packages/airflow/example_dags/example_branch_operator.py for tasks to queue
[2026-03-02T13:45:20.323+0000] {logging_mixin.py:188} INFO - [2026-03-02T13:45:20.323+0000] {dagbag.py:540} INFO - Filling up the DagBag from /home/airflow/.local/lib/python3.12/site-packages/airflow/example_dags/example_branch_operator.py
[2026-03-02T13:45:20.330+0000] {processor.py:840} INFO - DAG(s) 'example_branch_operator' retrieved from /home/airflow/.local/lib/python3.12/site-packages/airflow/example_dags/example_branch_operator.py
[2026-03-02T13:45:20.344+0000] {logging_mixin.py:188} INFO - [2026-03-02T13:45:20.344+0000] {dag.py:3096} INFO - Sync 1 DAGs
[2026-03-02T13:45:20.359+0000] {logging_mixin.py:188} INFO - [2026-03-02T13:45:20.359+0000] {dag.py:3954} INFO - Setting next_dagrun for example_branch_operator to 2026-03-01 00:00:00+00:00, run_after=2026-03-02 00:00:00+00:00
[2026-03-02T13:45:20.368+0000] {processor.py:183} INFO - Processing /home/airflow/.local/lib/python3.12/site-packages/airflow/example_dags/example_branch_operator.py took 0.050 seconds
[2026-03-02T13:45:51.366+0000] {processor.py:161} INFO - Started process (PID=1139) to work on /home/airflow/.local/lib/python3.12/site-packages/airflow/example_dags/example_branch_operator.py
[2026-03-02T13:45:51.367+0000] {processor.py:830} INFO - Processing file /home/airflow/.local/lib/python3.12/site-packages/airflow/example_dags/example_branch_operator.py for tasks to queue
[2026-03-02T13:45:51.368+0000] {logging_mixin.py:188} INFO - [2026-03-02T13:45:51.368+0000] {dagbag.py:540} INFO - Filling up the DagBag from /home/airflow/.local/lib/python3.12/site-packages/airflow/example_dags/example_branch_operator.py
[2026-03-02T13:45:51.376+0000] {processor.py:840} INFO - DAG(s) 'example_branch_operator' retrieved from /home/airflow/.local/lib/python3.12/site-packages/airflow/example_dags/example_branch_operator.py
[2026-03-02T13:45:51.389+0000] {logging_mixin.py:188} INFO - [2026-03-02T13:45:51.389+0000] {dag.py:3096} INFO - Sync 1 DAGs
[2026-03-02T13:45:51.402+0000] {logging_mixin.py:188} INFO - [2026-03-02T13:45:51.401+0000] {dag.py:3954} INFO - Setting next_dagrun for example_branch_operator to 2026-03-01 00:00:00+00:00, run_after=2026-03-02 00:00:00+00:00
[2026-03-02T13:45:51.408+0000] {processor.py:183} INFO - Processing /home/airflow/.local/lib/python3.12/site-packages/airflow/example_dags/example_branch_operator.py took 0.044 seconds
[2026-03-02T13:46:22.587+0000] {processor.py:161} INFO - Started process (PID=1197) to work on /home/airflow/.local/lib/python3.12/site-packages/airflow/example_dags/example_branch_operator.py
[2026-03-02T13:46:22.587+0000] {processor.py:830} INFO - Processing file /home/airflow/.local/lib/python3.12/site-packages/airflow/example_dags/example_branch_operator.py for tasks to queue
[2026-03-02T13:46:22.588+0000] {logging_mixin.py:188} INFO - [2026-03-02T13:46:22.588+0000] {dagbag.py:540} INFO - Filling up the DagBag from /home/airflow/.local/lib/python3.12/site-packages/airflow/example_dags/example_branch_operator.py
[2026-03-02T13:46:22.595+0000] {processor.py:840} INFO - DAG(s) 'example_branch_operator' retrieved from /home/airflow/.local/lib/python3.12/site-packages/airflow/example_dags/example_branch_operator.py
[2026-03-02T13:46:22.607+0000] {logging_mixin.py:188} INFO - [2026-03-02T13:46:22.607+0000] {dag.py:3096} INFO - Sync 1 DAGs
[2026-03-02T13:46:22.615+0000] {logging_mixin.py:188} INFO - [2026-03-02T13:46:22.615+0000] {dag.py:3954} INFO - Setting next_dagrun for example_branch_operator to 2026-03-01 00:00:00+00:00, run_after=2026-03-02 00:00:00+00:00
[2026-03-02T13:46:22.622+0000] {processor.py:183} INFO - Processing /home/airflow/.local/lib/python3.12/site-packages/airflow/example_dags/example_branch_operator.py took 0.038 seconds
[2026-03-02T13:46:52.803+0000] {processor.py:161} INFO - Started process (PID=1255) to work on /home/airflow/.local/lib/python3.12/site-packages/airflow/example_dags/example_branch_operator.py
[2026-03-02T13:46:52.805+0000] {processor.py:830} INFO - Processing file /home/airflow/.local/lib/python3.12/site-packages/airflow/example_dags/example_branch_operator.py for tasks to queue
[2026-03-02T13:46:52.807+0000] {logging_mixin.py:188} INFO - [2026-03-02T13:46:52.807+0000] {dagbag.py:540} INFO - Filling up the DagBag from /home/airflow/.local/lib/python3.12/site-packages/airflow/example_dags/example_branch_operator.py
[2026-03-02T13:46:52.817+0000] {processor.py:840} INFO - DAG(s) 'example_branch_operator' retrieved from /home/airflow/.local/lib/python3.12/site-packages/airflow/example_dags/example_branch_operator.py
[2026-03-02T13:46:52.846+0000] {logging_mixin.py:188} INFO - [2026-03-02T13:46:52.846+0000] {dag.py:3096} INFO - Sync 1 DAGs
[2026-03-02T13:46:52.858+0000] {logging_mixin.py:188} INFO - [2026-03-02T13:46:52.858+0000] {dag.py:3954} INFO - Setting next_dagrun for example_branch_operator to 2026-03-01 00:00:00+00:00, run_after=2026-03-02 00:00:00+00:00
[2026-03-02T13:46:52.869+0000] {processor.py:183} INFO - Processing /home/airflow/.local/lib/python3.12/site-packages/airflow/example_dags/example_branch_operator.py took 0.071 seconds
[2026-03-02T13:47:23.301+0000] {processor.py:161} INFO - Started process (PID=1313) to work on /home/airflow/.local/lib/python3.12/site-packages/airflow/example_dags/example_branch_operator.py
[2026-03-02T13:47:23.301+0000] {processor.py:830} INFO - Processing file /home/airflow/.local/lib/python3.12/site-packages/airflow/example_dags/example_branch_operator.py for tasks to queue
[2026-03-02T13:47:23.302+0000] {logging_mixin.py:188} INFO - [2026-03-02T13:47:23.302+0000] {dagbag.py:540} INFO - Filling up the DagBag from /home/airflow/.local/lib/python3.12/site-packages/airflow/example_dags/example_branch_operator.py
[2026-03-02T13:47:23.308+0000] {processor.py:840} INFO - DAG(s) 'example_branch_operator' retrieved from /home/airflow/.local/lib/python3.12/site-packages/airflow/example_dags/example_branch_operator.py
[2026-03-02T13:47:23.326+0000] {logging_mixin.py:188} INFO - [2026-03-02T13:47:23.326+0000] {dag.py:3096} INFO - Sync 1 DAGs
[2026-03-02T13:47:23.341+0000] {logging_mixin.py:188} INFO - [2026-03-02T13:47:23.341+0000] {dag.py:3954} INFO - Setting next_dagrun for example_branch_operator to 2026-03-01 00:00:00+00:00, run_after=2026-03-02 00:00:00+00:00
[2026-03-02T13:47:23.352+0000] {processor.py:183} INFO - Processing /home/airflow/.local/lib/python3.12/site-packages/airflow/example_dags/example_branch_operator.py took 0.054 seconds
[2026-03-02T13:47:53.921+0000] {processor.py:161} INFO - Started process (PID=1371) to work on /home/airflow/.local/lib/python3.12/site-packages/airflow/example_dags/example_branch_operator.py
[2026-03-02T13:47:53.922+0000] {processor.py:830} INFO - Processing file /home/airflow/.local/lib/python3.12/site-packages/airflow/example_dags/example_branch_operator.py for tasks to queue
[2026-03-02T13:47:53.922+0000] {logging_mixin.py:188} INFO - [2026-03-02T13:47:53.922+0000] {dagbag.py:540} INFO - Filling up the DagBag from /home/airflow/.local/lib/python3.12/site-packages/airflow/example_dags/example_branch_operator.py
[2026-03-02T13:47:53.929+0000] {processor.py:840} INFO - DAG(s) 'example_branch_operator' retrieved from /home/airflow/.local/lib/python3.12/site-packages/airflow/example_dags/example_branch_operator.py
[2026-03-02T13:47:53.950+0000] {logging_mixin.py:188} INFO - [2026-03-02T13:47:53.950+0000] {dag.py:3096} INFO - Sync 1 DAGs
[2026-03-02T13:47:53.960+0000] {logging_mixin.py:188} INFO - [2026-03-02T13:47:53.960+0000] {dag.py:3954} INFO - Setting next_dagrun for example_branch_operator to 2026-03-01 00:00:00+00:00, run_after=2026-03-02 00:00:00+00:00
[2026-03-02T13:47:53.971+0000] {processor.py:183} INFO - Processing /home/airflow/.local/lib/python3.12/site-packages/airflow/example_dags/example_branch_operator.py took 0.052 seconds
[2026-03-02T13:48:23.994+0000] {processor.py:161} INFO - Started process (PID=1429) to work on /home/airflow/.local/lib/python3.12/site-packages/airflow/example_dags/example_branch_operator.py
[2026-03-02T13:48:23.995+0000] {processor.py:830} INFO - Processing file /home/airflow/.local/lib/python3.12/site-packages/airflow/example_dags/example_branch_operator.py for tasks to queue
[2026-03-02T13:48:23.996+0000] {logging_mixin.py:188} INFO - [2026-03-02T13:48:23.996+0000] {dagbag.py:540} INFO - Filling up the DagBag from /home/airflow/.local/lib/python3.12/site-packages/airflow/example_dags/example_branch_operator.py
[2026-03-02T13:48:24.005+0000] {processor.py:840} INFO - DAG(s) 'example_branch_operator' retrieved from /home/airflow/.local/lib/python3.12/site-packages/airflow/example_dags/example_branch_operator.py
[2026-03-02T13:48:24.020+0000] {logging_mixin.py:188} INFO - [2026-03-02T13:48:24.020+0000] {dag.py:3096} INFO - Sync 1 DAGs
[2026-03-02T13:48:24.033+0000] {logging_mixin.py:188} INFO - [2026-03-02T13:48:24.033+0000] {dag.py:3954} INFO - Setting next_dagrun for example_branch_operator to 2026-03-01 00:00:00+00:00, run_after=2026-03-02 00:00:00+00:00
[2026-03-02T13:48:24.045+0000] {processor.py:183} INFO - Processing /home/airflow/.local/lib/python3.12/site-packages/airflow/example_dags/example_branch_operator.py took 0.054 seconds
[2026-03-02T13:48:54.579+0000] {processor.py:161} INFO - Started process (PID=1487) to work on /home/airflow/.local/lib/python3.12/site-packages/airflow/example_dags/example_branch_operator.py
[2026-03-02T13:48:54.580+0000] {processor.py:830} INFO - Processing file /home/airflow/.local/lib/python3.12/site-packages/airflow/example_dags/example_branch_operator.py for tasks to queue
[2026-03-02T13:48:54.581+0000] {logging_mixin.py:188} INFO - [2026-03-02T13:48:54.581+0000] {dagbag.py:540} INFO - Filling up the DagBag from /home/airflow/.local/lib/python3.12/site-packages/airflow/example_dags/example_branch_operator.py
[2026-03-02T13:48:54.589+0000] {processor.py:840} INFO - DAG(s) 'example_branch_operator' retrieved from /home/airflow/.local/lib/python3.12/site-packages/airflow/example_dags/example_branch_operator.py
[2026-03-02T13:48:54.606+0000] {logging_mixin.py:188} INFO - [2026-03-02T13:48:54.606+0000] {dag.py:3096} INFO - Sync 1 DAGs
[2026-03-02T13:48:54.619+0000] {logging_mixin.py:188} INFO - [2026-03-02T13:48:54.619+0000] {dag.py:3954} INFO - Setting next_dagrun for example_branch_operator to 2026-03-01 00:00:00+00:00, run_after=2026-03-02 00:00:00+00:00
[2026-03-02T13:48:54.632+0000] {processor.py:183} INFO - Processing /home/airflow/.local/lib/python3.12/site-packages/airflow/example_dags/example_branch_operator.py took 0.056 seconds
[2026-03-02T13:49:25.000+0000] {processor.py:161} INFO - Started process (PID=1545) to work on /home/airflow/.local/lib/python3.12/site-packages/airflow/example_dags/example_branch_operator.py
[2026-03-02T13:49:25.001+0000] {processor.py:830} INFO - Processing file /home/airflow/.local/lib/python3.12/site-packages/airflow/example_dags/example_branch_operator.py for tasks to queue
[2026-03-02T13:49:25.001+0000] {logging_mixin.py:188} INFO - [2026-03-02T13:49:25.001+0000] {dagbag.py:540} INFO - Filling up the DagBag from /home/airflow/.local/lib/python3.12/site-packages/airflow/example_dags/example_branch_operator.py
[2026-03-02T13:49:25.009+0000] {processor.py:840} INFO - DAG(s) 'example_branch_operator' retrieved from /home/airflow/.local/lib/python3.12/site-packages/airflow/example_dags/example_branch_operator.py
[2026-03-02T13:49:25.022+0000] {logging_mixin.py:188} INFO - [2026-03-02T13:49:25.022+0000] {dag.py:3096} INFO - Sync 1 DAGs
[2026-03-02T13:49:25.032+0000] {logging_mixin.py:188} INFO - [2026-03-02T13:49:25.032+0000] {dag.py:3954} INFO - Setting next_dagrun for example_branch_operator to 2026-03-01 00:00:00+00:00, run_after=2026-03-02 00:00:00+00:00
[2026-03-02T13:49:25.038+0000] {processor.py:183} INFO - Processing /home/airflow/.local/lib/python3.12/site-packages/airflow/example_dags/example_branch_operator.py took 0.041 seconds
[2026-03-02T13:49:55.525+0000] {processor.py:161} INFO - Started process (PID=1603) to work on /home/airflow/.local/lib/python3.12/site-packages/airflow/example_dags/example_branch_operator.py
[2026-03-02T13:49:55.526+0000] {processor.py:830} INFO - Processing file /home/airflow/.local/lib/python3.12/site-packages/airflow/example_dags/example_branch_operator.py for tasks to queue
[2026-03-02T13:49:55.528+0000] {logging_mixin.py:188} INFO - [2026-03-02T13:49:55.528+0000] {dagbag.py:540} INFO - Filling up the DagBag from /home/airflow/.local/lib/python3.12/site-packages/airflow/example_dags/example_branch_operator.py
[2026-03-02T13:49:55.544+0000] {processor.py:840} INFO - DAG(s) 'example_branch_operator' retrieved from /home/airflow/.local/lib/python3.12/site-packages/airflow/example_dags/example_branch_operator.py
[2026-03-02T13:49:55.560+0000] {logging_mixin.py:188} INFO - [2026-03-02T13:49:55.560+0000] {dag.py:3096} INFO - Sync 1 DAGs
[2026-03-02T13:49:55.580+0000] {logging_mixin.py:188} INFO - [2026-03-02T13:49:55.580+0000] {dag.py:3954} INFO - Setting next_dagrun for example_branch_operator to 2026-03-01 00:00:00+00:00, run_after=2026-03-02 00:00:00+00:00
[2026-03-02T13:49:55.591+0000] {processor.py:183} INFO - Processing /home/airflow/.local/lib/python3.12/site-packages/airflow/example_dags/example_branch_operator.py took 0.069 seconds
[2026-03-02T13:50:25.733+0000] {processor.py:161} INFO - Started process (PID=1661) to work on /home/airflow/.local/lib/python3.12/site-packages/airflow/example_dags/example_branch_operator.py
[2026-03-02T13:50:25.736+0000] {processor.py:830} INFO - Processing file /home/airflow/.local/lib/python3.12/site-packages/airflow/example_dags/example_branch_operator.py for tasks to queue
[2026-03-02T13:50:25.738+0000] {logging_mixin.py:188} INFO - [2026-03-02T13:50:25.738+0000] {dagbag.py:540} INFO - Filling up the DagBag from /home/airflow/.local/lib/python3.12/site-packages/airflow/example_dags/example_branch_operator.py
[2026-03-02T13:50:25.747+0000] {processor.py:840} INFO - DAG(s) 'example_branch_operator' retrieved from /home/airflow/.local/lib/python3.12/site-packages/airflow/example_dags/example_branch_operator.py
[2026-03-02T13:50:25.763+0000] {logging_mixin.py:188} INFO - [2026-03-02T13:50:25.762+0000] {dag.py:3096} INFO - Sync 1 DAGs
[2026-03-02T13:50:25.772+0000] {logging_mixin.py:188} INFO - [2026-03-02T13:50:25.772+0000] {dag.py:3954} INFO - Setting next_dagrun for example_branch_operator to 2026-03-01 00:00:00+00:00, run_after=2026-03-02 00:00:00+00:00
[2026-03-02T13:50:25.780+0000] {processor.py:183} INFO - Processing /home/airflow/.local/lib/python3.12/site-packages/airflow/example_dags/example_branch_operator.py took 0.050 seconds
[2026-03-02T13:50:56.693+0000] {processor.py:161} INFO - Started process (PID=1719) to work on /home/airflow/.local/lib/python3.12/site-packages/airflow/example_dags/example_branch_operator.py
[2026-03-02T13:50:56.694+0000] {processor.py:830} INFO - Processing file /home/airflow/.local/lib/python3.12/site-packages/airflow/example_dags/example_branch_operator.py for tasks to queue
[2026-03-02T13:50:56.694+0000] {logging_mixin.py:188} INFO - [2026-03-02T13:50:56.694+0000] {dagbag.py:540} INFO - Filling up the DagBag from /home/airflow/.local/lib/python3.12/site-packages/airflow/example_dags/example_branch_operator.py
[2026-03-02T13:50:56.703+0000] {processor.py:840} INFO - DAG(s) 'example_branch_operator' retrieved from /home/airflow/.local/lib/python3.12/site-packages/airflow/example_dags/example_branch_operator.py
[2026-03-02T13:50:56.717+0000] {logging_mixin.py:188} INFO - [2026-03-02T13:50:56.717+0000] {dag.py:3096} INFO - Sync 1 DAGs
[2026-03-02T13:50:56.733+0000] {logging_mixin.py:188} INFO - [2026-03-02T13:50:56.732+0000] {dag.py:3954} INFO - Setting next_dagrun for example_branch_operator to 2026-03-01 00:00:00+00:00, run_after=2026-03-02 00:00:00+00:00
[2026-03-02T13:50:56.748+0000] {processor.py:183} INFO - Processing /home/airflow/.local/lib/python3.12/site-packages/airflow/example_dags/example_branch_operator.py took 0.059 seconds
[2026-03-02T13:51:27.472+0000] {processor.py:161} INFO - Started process (PID=1777) to work on /home/airflow/.local/lib/python3.12/site-packages/airflow/example_dags/example_branch_operator.py
[2026-03-02T13:51:27.473+0000] {processor.py:830} INFO - Processing file /home/airflow/.local/lib/python3.12/site-packages/airflow/example_dags/example_branch_operator.py for tasks to queue
[2026-03-02T13:51:27.474+0000] {logging_mixin.py:188} INFO - [2026-03-02T13:51:27.473+0000] {dagbag.py:540} INFO - Filling up the DagBag from /home/airflow/.local/lib/python3.12/site-packages/airflow/example_dags/example_branch_operator.py
[2026-03-02T13:51:27.481+0000] {processor.py:840} INFO - DAG(s) 'example_branch_operator' retrieved from /home/airflow/.local/lib/python3.12/site-packages/airflow/example_dags/example_branch_operator.py
[2026-03-02T13:51:27.495+0000] {logging_mixin.py:188} INFO - [2026-03-02T13:51:27.494+0000] {dag.py:3096} INFO - Sync 1 DAGs
[2026-03-02T13:51:27.506+0000] {logging_mixin.py:188} INFO - [2026-03-02T13:51:27.506+0000] {dag.py:3954} INFO - Setting next_dagrun for example_branch_operator to 2026-03-01 00:00:00+00:00, run_after=2026-03-02 00:00:00+00:00
[2026-03-02T13:51:27.517+0000] {processor.py:183} INFO - Processing /home/airflow/.local/lib/python3.12/site-packages/airflow/example_dags/example_branch_operator.py took 0.051 seconds
[2026-03-02T13:51:58.217+0000] {processor.py:161} INFO - Started process (PID=1835) to work on /home/airflow/.local/lib/python3.12/site-packages/airflow/example_dags/example_branch_operator.py
[2026-03-02T13:51:58.219+0000] {processor.py:830} INFO - Processing file /home/airflow/.local/lib/python3.12/site-packages/airflow/example_dags/example_branch_operator.py for tasks to queue
[2026-03-02T13:51:58.220+0000] {logging_mixin.py:188} INFO - [2026-03-02T13:51:58.220+0000] {dagbag.py:540} INFO - Filling up the DagBag from /home/airflow/.local/lib/python3.12/site-packages/airflow/example_dags/example_branch_operator.py
[2026-03-02T13:51:58.227+0000] {processor.py:840} INFO - DAG(s) 'example_branch_operator' retrieved from /home/airflow/.local/lib/python3.12/site-packages/airflow/example_dags/example_branch_operator.py
[2026-03-02T13:51:58.238+0000] {logging_mixin.py:188} INFO - [2026-03-02T13:51:58.238+0000] {dag.py:3096} INFO - Sync 1 DAGs
[2026-03-02T13:51:58.247+0000] {logging_mixin.py:188} INFO - [2026-03-02T13:51:58.246+0000] {dag.py:3954} INFO - Setting next_dagrun for example_branch_operator to 2026-03-01 00:00:00+00:00, run_after=2026-03-02 00:00:00+00:00
[2026-03-02T13:51:58.253+0000] {processor.py:183} INFO - Processing /home/airflow/.local/lib/python3.12/site-packages/airflow/example_dags/example_branch_operator.py took 0.038 seconds
[2026-03-02T13:52:28.837+0000] {processor.py:161} INFO - Started process (PID=1893) to work on /home/airflow/.local/lib/python3.12/site-packages/airflow/example_dags/example_branch_operator.py
[2026-03-02T13:52:28.838+0000] {processor.py:830} INFO - Processing file /home/airflow/.local/lib/python3.12/site-packages/airflow/example_dags/example_branch_operator.py for tasks to queue
[2026-03-02T13:52:28.839+0000] {logging_mixin.py:188} INFO - [2026-03-02T13:52:28.839+0000] {dagbag.py:540} INFO - Filling up the DagBag from /home/airflow/.local/lib/python3.12/site-packages/airflow/example_dags/example_branch_operator.py
[2026-03-02T13:52:28.848+0000] {processor.py:840} INFO - DAG(s) 'example_branch_operator' retrieved from /home/airflow/.local/lib/python3.12/site-packages/airflow/example_dags/example_branch_operator.py
[2026-03-02T13:52:28.860+0000] {logging_mixin.py:188} INFO - [2026-03-02T13:52:28.860+0000] {dag.py:3096} INFO - Sync 1 DAGs
[2026-03-02T13:52:28.869+0000] {logging_mixin.py:188} INFO - [2026-03-02T13:52:28.869+0000] {dag.py:3954} INFO - Setting next_dagrun for example_branch_operator to 2026-03-01 00:00:00+00:00, run_after=2026-03-02 00:00:00+00:00
[2026-03-02T13:52:28.876+0000] {processor.py:183} INFO - Processing /home/airflow/.local/lib/python3.12/site-packages/airflow/example_dags/example_branch_operator.py took 0.043 seconds
[2026-03-02T13:52:59.731+0000] {processor.py:161} INFO - Started process (PID=1951) to work on /home/airflow/.local/lib/python3.12/site-packages/airflow/example_dags/example_branch_operator.py
[2026-03-02T13:52:59.732+0000] {processor.py:830} INFO - Processing file /home/airflow/.local/lib/python3.12/site-packages/airflow/example_dags/example_branch_operator.py for tasks to queue
[2026-03-02T13:52:59.733+0000] {logging_mixin.py:188} INFO - [2026-03-02T13:52:59.733+0000] {dagbag.py:540} INFO - Filling up the DagBag from /home/airflow/.local/lib/python3.12/site-packages/airflow/example_dags/example_branch_operator.py
[2026-03-02T13:52:59.744+0000] {processor.py:840} INFO - DAG(s) 'example_branch_operator' retrieved from /home/airflow/.local/lib/python3.12/site-packages/airflow/example_dags/example_branch_operator.py
[2026-03-02T13:52:59.755+0000] {logging_mixin.py:188} INFO - [2026-03-02T13:52:59.755+0000] {dag.py:3096} INFO - Sync 1 DAGs
[2026-03-02T13:52:59.764+0000] {logging_mixin.py:188} INFO - [2026-03-02T13:52:59.764+0000] {dag.py:3954} INFO - Setting next_dagrun for example_branch_operator to 2026-03-01 00:00:00+00:00, run_after=2026-03-02 00:00:00+00:00
[2026-03-02T13:52:59.771+0000] {processor.py:183} INFO - Processing /home/airflow/.local/lib/python3.12/site-packages/airflow/example_dags/example_branch_operator.py took 0.043 seconds
[2026-03-02T13:53:30.887+0000] {processor.py:161} INFO - Started process (PID=2009) to work on /home/airflow/.local/lib/python3.12/site-packages/airflow/example_dags/example_branch_operator.py
[2026-03-02T13:53:30.888+0000] {processor.py:830} INFO - Processing file /home/airflow/.local/lib/python3.12/site-packages/airflow/example_dags/example_branch_operator.py for tasks to queue
[2026-03-02T13:53:30.895+0000] {logging_mixin.py:188} INFO - [2026-03-02T13:53:30.894+0000] {dagbag.py:540} INFO - Filling up the DagBag from /home/airflow/.local/lib/python3.12/site-packages/airflow/example_dags/example_branch_operator.py
[2026-03-02T13:53:30.907+0000] {processor.py:840} INFO - DAG(s) 'example_branch_operator' retrieved from /home/airflow/.local/lib/python3.12/site-packages/airflow/example_dags/example_branch_operator.py
[2026-03-02T13:53:30.920+0000] {logging_mixin.py:188} INFO - [2026-03-02T13:53:30.920+0000] {dag.py:3096} INFO - Sync 1 DAGs
[2026-03-02T13:53:30.932+0000] {logging_mixin.py:188} INFO - [2026-03-02T13:53:30.932+0000] {dag.py:3954} INFO - Setting next_dagrun for example_branch_operator to 2026-03-01 00:00:00+00:00, run_after=2026-03-02 00:00:00+00:00
[2026-03-02T13:53:30.941+0000] {processor.py:183} INFO - Processing /home/airflow/.local/lib/python3.12/site-packages/airflow/example_dags/example_branch_operator.py took 0.060 seconds
[2026-03-02T13:54:01.714+0000] {processor.py:161} INFO - Started process (PID=2067) to work on /home/airflow/.local/lib/python3.12/site-packages/airflow/example_dags/example_branch_operator.py
[2026-03-02T13:54:01.714+0000] {processor.py:830} INFO - Processing file /home/airflow/.local/lib/python3.12/site-packages/airflow/example_dags/example_branch_operator.py for tasks to queue
[2026-03-02T13:54:01.715+0000] {logging_mixin.py:188} INFO - [2026-03-02T13:54:01.715+0000] {dagbag.py:540} INFO - Filling up the DagBag from /home/airflow/.local/lib/python3.12/site-packages/airflow/example_dags/example_branch_operator.py
[2026-03-02T13:54:01.723+0000] {processor.py:840} INFO - DAG(s) 'example_branch_operator' retrieved from /home/airflow/.local/lib/python3.12/site-packages/airflow/example_dags/example_branch_operator.py
[2026-03-02T13:54:01.736+0000] {logging_mixin.py:188} INFO - [2026-03-02T13:54:01.736+0000] {dag.py:3096} INFO - Sync 1 DAGs
[2026-03-02T13:54:01.747+0000] {logging_mixin.py:188} INFO - [2026-03-02T13:54:01.747+0000] {dag.py:3954} INFO - Setting next_dagrun for example_branch_operator to 2026-03-01 00:00:00+00:00, run_after=2026-03-02 00:00:00+00:00
[2026-03-02T13:54:01.758+0000] {processor.py:183} INFO - Processing /home/airflow/.local/lib/python3.12/site-packages/airflow/example_dags/example_branch_operator.py took 0.048 seconds
[2026-03-02T13:54:32.403+0000] {processor.py:161} INFO - Started process (PID=2125) to work on /home/airflow/.local/lib/python3.12/site-packages/airflow/example_dags/example_branch_operator.py
[2026-03-02T13:54:32.403+0000] {processor.py:830} INFO - Processing file /home/airflow/.local/lib/python3.12/site-packages/airflow/example_dags/example_branch_operator.py for tasks to queue
[2026-03-02T13:54:32.404+0000] {logging_mixin.py:188} INFO - [2026-03-02T13:54:32.404+0000] {dagbag.py:540} INFO - Filling up the DagBag from /home/airflow/.local/lib/python3.12/site-packages/airflow/example_dags/example_branch_operator.py
[2026-03-02T13:54:32.417+0000] {processor.py:840} INFO - DAG(s) 'example_branch_operator' retrieved from /home/airflow/.local/lib/python3.12/site-packages/airflow/example_dags/example_branch_operator.py
[2026-03-02T13:54:32.432+0000] {logging_mixin.py:188} INFO - [2026-03-02T13:54:32.432+0000] {dag.py:3096} INFO - Sync 1 DAGs
[2026-03-02T13:54:32.442+0000] {logging_mixin.py:188} INFO - [2026-03-02T13:54:32.442+0000] {dag.py:3954} INFO - Setting next_dagrun for example_branch_operator to 2026-03-01 00:00:00+00:00, run_after=2026-03-02 00:00:00+00:00
[2026-03-02T13:54:32.449+0000] {processor.py:183} INFO - Processing /home/airflow/.local/lib/python3.12/site-packages/airflow/example_dags/example_branch_operator.py took 0.050 seconds
[2026-03-02T13:55:22.837+0000] {processor.py:161} INFO - Started process (PID=2189) to work on /home/airflow/.local/lib/python3.12/site-packages/airflow/example_dags/example_branch_operator.py
[2026-03-02T13:55:22.842+0000] {processor.py:830} INFO - Processing file /home/airflow/.local/lib/python3.12/site-packages/airflow/example_dags/example_branch_operator.py for tasks to queue
[2026-03-02T13:55:22.844+0000] {logging_mixin.py:188} INFO - [2026-03-02T13:55:22.843+0000] {dagbag.py:540} INFO - Filling up the DagBag from /home/airflow/.local/lib/python3.12/site-packages/airflow/example_dags/example_branch_operator.py
[2026-03-02T13:55:22.854+0000] {processor.py:840} INFO - DAG(s) 'example_branch_operator' retrieved from /home/airflow/.local/lib/python3.12/site-packages/airflow/example_dags/example_branch_operator.py
[2026-03-02T13:55:22.913+0000] {logging_mixin.py:188} INFO - [2026-03-02T13:55:22.911+0000] {dag.py:3096} INFO - Sync 1 DAGs
[2026-03-02T13:55:22.941+0000] {logging_mixin.py:188} INFO - [2026-03-02T13:55:22.941+0000] {dag.py:3954} INFO - Setting next_dagrun for example_branch_operator to 2026-03-01 00:00:00+00:00, run_after=2026-03-02 00:00:00+00:00
[2026-03-02T13:55:22.976+0000] {processor.py:183} INFO - Processing /home/airflow/.local/lib/python3.12/site-packages/airflow/example_dags/example_branch_operator.py took 0.143 seconds
[2026-03-02T13:55:53.125+0000] {processor.py:161} INFO - Started process (PID=2247) to work on /home/airflow/.local/lib/python3.12/site-packages/airflow/example_dags/example_branch_operator.py
[2026-03-02T13:55:53.127+0000] {processor.py:830} INFO - Processing file /home/airflow/.local/lib/python3.12/site-packages/airflow/example_dags/example_branch_operator.py for tasks to queue
[2026-03-02T13:55:53.128+0000] {logging_mixin.py:188} INFO - [2026-03-02T13:55:53.128+0000] {dagbag.py:540} INFO - Filling up the DagBag from /home/airflow/.local/lib/python3.12/site-packages/airflow/example_dags/example_branch_operator.py
[2026-03-02T13:55:53.138+0000] {processor.py:840} INFO - DAG(s) 'example_branch_operator' retrieved from /home/airflow/.local/lib/python3.12/site-packages/airflow/example_dags/example_branch_operator.py
[2026-03-02T13:55:53.160+0000] {logging_mixin.py:188} INFO - [2026-03-02T13:55:53.160+0000] {dag.py:3096} INFO - Sync 1 DAGs
[2026-03-02T13:55:53.177+0000] {logging_mixin.py:188} INFO - [2026-03-02T13:55:53.177+0000] {dag.py:3954} INFO - Setting next_dagrun for example_branch_operator to 2026-03-01 00:00:00+00:00, run_after=2026-03-02 00:00:00+00:00
[2026-03-02T13:55:53.187+0000] {processor.py:183} INFO - Processing /home/airflow/.local/lib/python3.12/site-packages/airflow/example_dags/example_branch_operator.py took 0.066 seconds
