[2026-03-02T13:36:31.050+0000] {processor.py:161} INFO - Started process (PID=74) to work on /home/airflow/.local/lib/python3.12/site-packages/airflow/example_dags/tutorial_taskflow_api.py
[2026-03-02T13:36:31.051+0000] {processor.py:830} INFO - Processing file /home/airflow/.local/lib/python3.12/site-packages/airflow/example_dags/tutorial_taskflow_api.py for tasks to queue
[2026-03-02T13:36:31.052+0000] {logging_mixin.py:188} INFO - [2026-03-02T13:36:31.052+0000] {dagbag.py:540} INFO - Filling up the DagBag from /home/airflow/.local/lib/python3.12/site-packages/airflow/example_dags/tutorial_taskflow_api.py
[2026-03-02T13:36:31.057+0000] {processor.py:840} INFO - DAG(s) 'tutorial_taskflow_api' retrieved from /home/airflow/.local/lib/python3.12/site-packages/airflow/example_dags/tutorial_taskflow_api.py
[2026-03-02T13:36:31.170+0000] {logging_mixin.py:188} INFO - [2026-03-02T13:36:31.169+0000] {dag.py:3096} INFO - Sync 1 DAGs
[2026-03-02T13:36:31.178+0000] {logging_mixin.py:188} INFO - [2026-03-02T13:36:31.178+0000] {dag.py:3954} INFO - Setting next_dagrun for tutorial_taskflow_api to None, run_after=None
[2026-03-02T13:36:31.205+0000] {processor.py:183} INFO - Processing /home/airflow/.local/lib/python3.12/site-packages/airflow/example_dags/tutorial_taskflow_api.py took 0.159 seconds
[2026-03-02T13:37:01.418+0000] {processor.py:161} INFO - Started process (PID=132) to work on /home/airflow/.local/lib/python3.12/site-packages/airflow/example_dags/tutorial_taskflow_api.py
[2026-03-02T13:37:01.418+0000] {processor.py:830} INFO - Processing file /home/airflow/.local/lib/python3.12/site-packages/airflow/example_dags/tutorial_taskflow_api.py for tasks to queue
[2026-03-02T13:37:01.420+0000] {logging_mixin.py:188} INFO - [2026-03-02T13:37:01.420+0000] {dagbag.py:540} INFO - Filling up the DagBag from /home/airflow/.local/lib/python3.12/site-packages/airflow/example_dags/tutorial_taskflow_api.py
[2026-03-02T13:37:01.424+0000] {processor.py:840} INFO - DAG(s) 'tutorial_taskflow_api' retrieved from /home/airflow/.local/lib/python3.12/site-packages/airflow/example_dags/tutorial_taskflow_api.py
[2026-03-02T13:37:01.433+0000] {logging_mixin.py:188} INFO - [2026-03-02T13:37:01.433+0000] {dag.py:3096} INFO - Sync 1 DAGs
[2026-03-02T13:37:01.438+0000] {logging_mixin.py:188} INFO - [2026-03-02T13:37:01.437+0000] {dag.py:3954} INFO - Setting next_dagrun for tutorial_taskflow_api to None, run_after=None
[2026-03-02T13:37:01.447+0000] {processor.py:183} INFO - Processing /home/airflow/.local/lib/python3.12/site-packages/airflow/example_dags/tutorial_taskflow_api.py took 0.031 seconds
[2026-03-02T13:37:32.148+0000] {processor.py:161} INFO - Started process (PID=190) to work on /home/airflow/.local/lib/python3.12/site-packages/airflow/example_dags/tutorial_taskflow_api.py
[2026-03-02T13:37:32.148+0000] {processor.py:830} INFO - Processing file /home/airflow/.local/lib/python3.12/site-packages/airflow/example_dags/tutorial_taskflow_api.py for tasks to queue
[2026-03-02T13:37:32.151+0000] {logging_mixin.py:188} INFO - [2026-03-02T13:37:32.151+0000] {dagbag.py:540} INFO - Filling up the DagBag from /home/airflow/.local/lib/python3.12/site-packages/airflow/example_dags/tutorial_taskflow_api.py
[2026-03-02T13:37:32.156+0000] {processor.py:840} INFO - DAG(s) 'tutorial_taskflow_api' retrieved from /home/airflow/.local/lib/python3.12/site-packages/airflow/example_dags/tutorial_taskflow_api.py
[2026-03-02T13:37:32.172+0000] {logging_mixin.py:188} INFO - [2026-03-02T13:37:32.172+0000] {dag.py:3096} INFO - Sync 1 DAGs
[2026-03-02T13:37:32.180+0000] {logging_mixin.py:188} INFO - [2026-03-02T13:37:32.180+0000] {dag.py:3954} INFO - Setting next_dagrun for tutorial_taskflow_api to None, run_after=None
[2026-03-02T13:37:32.197+0000] {processor.py:183} INFO - Processing /home/airflow/.local/lib/python3.12/site-packages/airflow/example_dags/tutorial_taskflow_api.py took 0.054 seconds
[2026-03-02T13:38:03.259+0000] {processor.py:161} INFO - Started process (PID=248) to work on /home/airflow/.local/lib/python3.12/site-packages/airflow/example_dags/tutorial_taskflow_api.py
[2026-03-02T13:38:03.262+0000] {processor.py:830} INFO - Processing file /home/airflow/.local/lib/python3.12/site-packages/airflow/example_dags/tutorial_taskflow_api.py for tasks to queue
[2026-03-02T13:38:03.267+0000] {logging_mixin.py:188} INFO - [2026-03-02T13:38:03.267+0000] {dagbag.py:540} INFO - Filling up the DagBag from /home/airflow/.local/lib/python3.12/site-packages/airflow/example_dags/tutorial_taskflow_api.py
[2026-03-02T13:38:03.301+0000] {processor.py:840} INFO - DAG(s) 'tutorial_taskflow_api' retrieved from /home/airflow/.local/lib/python3.12/site-packages/airflow/example_dags/tutorial_taskflow_api.py
[2026-03-02T13:38:03.421+0000] {logging_mixin.py:188} INFO - [2026-03-02T13:38:03.421+0000] {dag.py:3096} INFO - Sync 1 DAGs
[2026-03-02T13:38:03.440+0000] {logging_mixin.py:188} INFO - [2026-03-02T13:38:03.439+0000] {dag.py:3954} INFO - Setting next_dagrun for tutorial_taskflow_api to None, run_after=None
[2026-03-02T13:38:03.463+0000] {processor.py:183} INFO - Processing /home/airflow/.local/lib/python3.12/site-packages/airflow/example_dags/tutorial_taskflow_api.py took 0.209 seconds
[2026-03-02T13:38:34.443+0000] {processor.py:161} INFO - Started process (PID=306) to work on /home/airflow/.local/lib/python3.12/site-packages/airflow/example_dags/tutorial_taskflow_api.py
[2026-03-02T13:38:34.444+0000] {processor.py:830} INFO - Processing file /home/airflow/.local/lib/python3.12/site-packages/airflow/example_dags/tutorial_taskflow_api.py for tasks to queue
[2026-03-02T13:38:34.446+0000] {logging_mixin.py:188} INFO - [2026-03-02T13:38:34.445+0000] {dagbag.py:540} INFO - Filling up the DagBag from /home/airflow/.local/lib/python3.12/site-packages/airflow/example_dags/tutorial_taskflow_api.py
[2026-03-02T13:38:34.457+0000] {processor.py:840} INFO - DAG(s) 'tutorial_taskflow_api' retrieved from /home/airflow/.local/lib/python3.12/site-packages/airflow/example_dags/tutorial_taskflow_api.py
[2026-03-02T13:38:34.477+0000] {logging_mixin.py:188} INFO - [2026-03-02T13:38:34.477+0000] {dag.py:3096} INFO - Sync 1 DAGs
[2026-03-02T13:38:34.486+0000] {logging_mixin.py:188} INFO - [2026-03-02T13:38:34.486+0000] {dag.py:3954} INFO - Setting next_dagrun for tutorial_taskflow_api to None, run_after=None
[2026-03-02T13:38:34.502+0000] {processor.py:183} INFO - Processing /home/airflow/.local/lib/python3.12/site-packages/airflow/example_dags/tutorial_taskflow_api.py took 0.063 seconds
[2026-03-02T13:39:04.903+0000] {processor.py:161} INFO - Started process (PID=364) to work on /home/airflow/.local/lib/python3.12/site-packages/airflow/example_dags/tutorial_taskflow_api.py
[2026-03-02T13:39:04.905+0000] {processor.py:830} INFO - Processing file /home/airflow/.local/lib/python3.12/site-packages/airflow/example_dags/tutorial_taskflow_api.py for tasks to queue
[2026-03-02T13:39:04.907+0000] {logging_mixin.py:188} INFO - [2026-03-02T13:39:04.907+0000] {dagbag.py:540} INFO - Filling up the DagBag from /home/airflow/.local/lib/python3.12/site-packages/airflow/example_dags/tutorial_taskflow_api.py
[2026-03-02T13:39:04.910+0000] {processor.py:840} INFO - DAG(s) 'tutorial_taskflow_api' retrieved from /home/airflow/.local/lib/python3.12/site-packages/airflow/example_dags/tutorial_taskflow_api.py
[2026-03-02T13:39:04.921+0000] {logging_mixin.py:188} INFO - [2026-03-02T13:39:04.921+0000] {dag.py:3096} INFO - Sync 1 DAGs
[2026-03-02T13:39:04.926+0000] {logging_mixin.py:188} INFO - [2026-03-02T13:39:04.926+0000] {dag.py:3954} INFO - Setting next_dagrun for tutorial_taskflow_api to None, run_after=None
[2026-03-02T13:39:04.932+0000] {processor.py:183} INFO - Processing /home/airflow/.local/lib/python3.12/site-packages/airflow/example_dags/tutorial_taskflow_api.py took 0.031 seconds
[2026-03-02T13:39:35.345+0000] {processor.py:161} INFO - Started process (PID=422) to work on /home/airflow/.local/lib/python3.12/site-packages/airflow/example_dags/tutorial_taskflow_api.py
[2026-03-02T13:39:35.345+0000] {processor.py:830} INFO - Processing file /home/airflow/.local/lib/python3.12/site-packages/airflow/example_dags/tutorial_taskflow_api.py for tasks to queue
[2026-03-02T13:39:35.346+0000] {logging_mixin.py:188} INFO - [2026-03-02T13:39:35.346+0000] {dagbag.py:540} INFO - Filling up the DagBag from /home/airflow/.local/lib/python3.12/site-packages/airflow/example_dags/tutorial_taskflow_api.py
[2026-03-02T13:39:35.349+0000] {processor.py:840} INFO - DAG(s) 'tutorial_taskflow_api' retrieved from /home/airflow/.local/lib/python3.12/site-packages/airflow/example_dags/tutorial_taskflow_api.py
[2026-03-02T13:39:35.358+0000] {logging_mixin.py:188} INFO - [2026-03-02T13:39:35.358+0000] {dag.py:3096} INFO - Sync 1 DAGs
[2026-03-02T13:39:35.366+0000] {logging_mixin.py:188} INFO - [2026-03-02T13:39:35.366+0000] {dag.py:3954} INFO - Setting next_dagrun for tutorial_taskflow_api to None, run_after=None
[2026-03-02T13:39:35.372+0000] {processor.py:183} INFO - Processing /home/airflow/.local/lib/python3.12/site-packages/airflow/example_dags/tutorial_taskflow_api.py took 0.030 seconds
[2026-03-02T13:40:05.830+0000] {processor.py:161} INFO - Started process (PID=480) to work on /home/airflow/.local/lib/python3.12/site-packages/airflow/example_dags/tutorial_taskflow_api.py
[2026-03-02T13:40:05.831+0000] {processor.py:830} INFO - Processing file /home/airflow/.local/lib/python3.12/site-packages/airflow/example_dags/tutorial_taskflow_api.py for tasks to queue
[2026-03-02T13:40:05.834+0000] {logging_mixin.py:188} INFO - [2026-03-02T13:40:05.834+0000] {dagbag.py:540} INFO - Filling up the DagBag from /home/airflow/.local/lib/python3.12/site-packages/airflow/example_dags/tutorial_taskflow_api.py
[2026-03-02T13:40:05.837+0000] {processor.py:840} INFO - DAG(s) 'tutorial_taskflow_api' retrieved from /home/airflow/.local/lib/python3.12/site-packages/airflow/example_dags/tutorial_taskflow_api.py
[2026-03-02T13:40:05.845+0000] {logging_mixin.py:188} INFO - [2026-03-02T13:40:05.844+0000] {dag.py:3096} INFO - Sync 1 DAGs
[2026-03-02T13:40:05.849+0000] {logging_mixin.py:188} INFO - [2026-03-02T13:40:05.849+0000] {dag.py:3954} INFO - Setting next_dagrun for tutorial_taskflow_api to None, run_after=None
[2026-03-02T13:40:05.857+0000] {processor.py:183} INFO - Processing /home/airflow/.local/lib/python3.12/site-packages/airflow/example_dags/tutorial_taskflow_api.py took 0.029 seconds
[2026-03-02T13:40:36.106+0000] {processor.py:161} INFO - Started process (PID=538) to work on /home/airflow/.local/lib/python3.12/site-packages/airflow/example_dags/tutorial_taskflow_api.py
[2026-03-02T13:40:36.106+0000] {processor.py:830} INFO - Processing file /home/airflow/.local/lib/python3.12/site-packages/airflow/example_dags/tutorial_taskflow_api.py for tasks to queue
[2026-03-02T13:40:36.108+0000] {logging_mixin.py:188} INFO - [2026-03-02T13:40:36.107+0000] {dagbag.py:540} INFO - Filling up the DagBag from /home/airflow/.local/lib/python3.12/site-packages/airflow/example_dags/tutorial_taskflow_api.py
[2026-03-02T13:40:36.112+0000] {processor.py:840} INFO - DAG(s) 'tutorial_taskflow_api' retrieved from /home/airflow/.local/lib/python3.12/site-packages/airflow/example_dags/tutorial_taskflow_api.py
[2026-03-02T13:40:36.124+0000] {logging_mixin.py:188} INFO - [2026-03-02T13:40:36.124+0000] {dag.py:3096} INFO - Sync 1 DAGs
[2026-03-02T13:40:36.131+0000] {logging_mixin.py:188} INFO - [2026-03-02T13:40:36.131+0000] {dag.py:3954} INFO - Setting next_dagrun for tutorial_taskflow_api to None, run_after=None
[2026-03-02T13:40:36.139+0000] {processor.py:183} INFO - Processing /home/airflow/.local/lib/python3.12/site-packages/airflow/example_dags/tutorial_taskflow_api.py took 0.037 seconds
[2026-03-02T13:41:06.502+0000] {processor.py:161} INFO - Started process (PID=596) to work on /home/airflow/.local/lib/python3.12/site-packages/airflow/example_dags/tutorial_taskflow_api.py
[2026-03-02T13:41:06.507+0000] {processor.py:830} INFO - Processing file /home/airflow/.local/lib/python3.12/site-packages/airflow/example_dags/tutorial_taskflow_api.py for tasks to queue
[2026-03-02T13:41:06.508+0000] {logging_mixin.py:188} INFO - [2026-03-02T13:41:06.508+0000] {dagbag.py:540} INFO - Filling up the DagBag from /home/airflow/.local/lib/python3.12/site-packages/airflow/example_dags/tutorial_taskflow_api.py
[2026-03-02T13:41:06.513+0000] {processor.py:840} INFO - DAG(s) 'tutorial_taskflow_api' retrieved from /home/airflow/.local/lib/python3.12/site-packages/airflow/example_dags/tutorial_taskflow_api.py
[2026-03-02T13:41:06.525+0000] {logging_mixin.py:188} INFO - [2026-03-02T13:41:06.525+0000] {dag.py:3096} INFO - Sync 1 DAGs
[2026-03-02T13:41:06.535+0000] {logging_mixin.py:188} INFO - [2026-03-02T13:41:06.535+0000] {dag.py:3954} INFO - Setting next_dagrun for tutorial_taskflow_api to None, run_after=None
[2026-03-02T13:41:06.545+0000] {processor.py:183} INFO - Processing /home/airflow/.local/lib/python3.12/site-packages/airflow/example_dags/tutorial_taskflow_api.py took 0.046 seconds
[2026-03-02T13:41:37.388+0000] {processor.py:161} INFO - Started process (PID=654) to work on /home/airflow/.local/lib/python3.12/site-packages/airflow/example_dags/tutorial_taskflow_api.py
[2026-03-02T13:41:37.389+0000] {processor.py:830} INFO - Processing file /home/airflow/.local/lib/python3.12/site-packages/airflow/example_dags/tutorial_taskflow_api.py for tasks to queue
[2026-03-02T13:41:37.393+0000] {logging_mixin.py:188} INFO - [2026-03-02T13:41:37.393+0000] {dagbag.py:540} INFO - Filling up the DagBag from /home/airflow/.local/lib/python3.12/site-packages/airflow/example_dags/tutorial_taskflow_api.py
[2026-03-02T13:41:37.412+0000] {processor.py:840} INFO - DAG(s) 'tutorial_taskflow_api' retrieved from /home/airflow/.local/lib/python3.12/site-packages/airflow/example_dags/tutorial_taskflow_api.py
[2026-03-02T13:41:37.448+0000] {logging_mixin.py:188} INFO - [2026-03-02T13:41:37.448+0000] {dag.py:3096} INFO - Sync 1 DAGs
[2026-03-02T13:41:37.469+0000] {logging_mixin.py:188} INFO - [2026-03-02T13:41:37.468+0000] {dag.py:3954} INFO - Setting next_dagrun for tutorial_taskflow_api to None, run_after=None
[2026-03-02T13:41:37.485+0000] {processor.py:183} INFO - Processing /home/airflow/.local/lib/python3.12/site-packages/airflow/example_dags/tutorial_taskflow_api.py took 0.113 seconds
[2026-03-02T13:42:07.556+0000] {processor.py:161} INFO - Started process (PID=712) to work on /home/airflow/.local/lib/python3.12/site-packages/airflow/example_dags/tutorial_taskflow_api.py
[2026-03-02T13:42:07.556+0000] {processor.py:830} INFO - Processing file /home/airflow/.local/lib/python3.12/site-packages/airflow/example_dags/tutorial_taskflow_api.py for tasks to queue
[2026-03-02T13:42:07.558+0000] {logging_mixin.py:188} INFO - [2026-03-02T13:42:07.558+0000] {dagbag.py:540} INFO - Filling up the DagBag from /home/airflow/.local/lib/python3.12/site-packages/airflow/example_dags/tutorial_taskflow_api.py
[2026-03-02T13:42:07.565+0000] {processor.py:840} INFO - DAG(s) 'tutorial_taskflow_api' retrieved from /home/airflow/.local/lib/python3.12/site-packages/airflow/example_dags/tutorial_taskflow_api.py
[2026-03-02T13:42:07.624+0000] {logging_mixin.py:188} INFO - [2026-03-02T13:42:07.623+0000] {dag.py:3096} INFO - Sync 1 DAGs
[2026-03-02T13:42:07.638+0000] {logging_mixin.py:188} INFO - [2026-03-02T13:42:07.638+0000] {dag.py:3954} INFO - Setting next_dagrun for tutorial_taskflow_api to None, run_after=None
[2026-03-02T13:42:07.704+0000] {processor.py:183} INFO - Processing /home/airflow/.local/lib/python3.12/site-packages/airflow/example_dags/tutorial_taskflow_api.py took 0.154 seconds
[2026-03-02T13:42:38.716+0000] {processor.py:161} INFO - Started process (PID=770) to work on /home/airflow/.local/lib/python3.12/site-packages/airflow/example_dags/tutorial_taskflow_api.py
[2026-03-02T13:42:38.717+0000] {processor.py:830} INFO - Processing file /home/airflow/.local/lib/python3.12/site-packages/airflow/example_dags/tutorial_taskflow_api.py for tasks to queue
[2026-03-02T13:42:38.718+0000] {logging_mixin.py:188} INFO - [2026-03-02T13:42:38.718+0000] {dagbag.py:540} INFO - Filling up the DagBag from /home/airflow/.local/lib/python3.12/site-packages/airflow/example_dags/tutorial_taskflow_api.py
[2026-03-02T13:42:38.722+0000] {processor.py:840} INFO - DAG(s) 'tutorial_taskflow_api' retrieved from /home/airflow/.local/lib/python3.12/site-packages/airflow/example_dags/tutorial_taskflow_api.py
[2026-03-02T13:42:38.733+0000] {logging_mixin.py:188} INFO - [2026-03-02T13:42:38.733+0000] {dag.py:3096} INFO - Sync 1 DAGs
[2026-03-02T13:42:38.740+0000] {logging_mixin.py:188} INFO - [2026-03-02T13:42:38.740+0000] {dag.py:3954} INFO - Setting next_dagrun for tutorial_taskflow_api to None, run_after=None
[2026-03-02T13:42:38.751+0000] {processor.py:183} INFO - Processing /home/airflow/.local/lib/python3.12/site-packages/airflow/example_dags/tutorial_taskflow_api.py took 0.038 seconds
[2026-03-02T13:43:09.259+0000] {processor.py:161} INFO - Started process (PID=828) to work on /home/airflow/.local/lib/python3.12/site-packages/airflow/example_dags/tutorial_taskflow_api.py
[2026-03-02T13:43:09.260+0000] {processor.py:830} INFO - Processing file /home/airflow/.local/lib/python3.12/site-packages/airflow/example_dags/tutorial_taskflow_api.py for tasks to queue
[2026-03-02T13:43:09.261+0000] {logging_mixin.py:188} INFO - [2026-03-02T13:43:09.261+0000] {dagbag.py:540} INFO - Filling up the DagBag from /home/airflow/.local/lib/python3.12/site-packages/airflow/example_dags/tutorial_taskflow_api.py
[2026-03-02T13:43:09.267+0000] {processor.py:840} INFO - DAG(s) 'tutorial_taskflow_api' retrieved from /home/airflow/.local/lib/python3.12/site-packages/airflow/example_dags/tutorial_taskflow_api.py
[2026-03-02T13:43:09.274+0000] {logging_mixin.py:188} INFO - [2026-03-02T13:43:09.274+0000] {dag.py:3096} INFO - Sync 1 DAGs
[2026-03-02T13:43:09.279+0000] {logging_mixin.py:188} INFO - [2026-03-02T13:43:09.279+0000] {dag.py:3954} INFO - Setting next_dagrun for tutorial_taskflow_api to None, run_after=None
[2026-03-02T13:43:09.287+0000] {processor.py:183} INFO - Processing /home/airflow/.local/lib/python3.12/site-packages/airflow/example_dags/tutorial_taskflow_api.py took 0.031 seconds
[2026-03-02T13:43:39.501+0000] {processor.py:161} INFO - Started process (PID=886) to work on /home/airflow/.local/lib/python3.12/site-packages/airflow/example_dags/tutorial_taskflow_api.py
[2026-03-02T13:43:39.502+0000] {processor.py:830} INFO - Processing file /home/airflow/.local/lib/python3.12/site-packages/airflow/example_dags/tutorial_taskflow_api.py for tasks to queue
[2026-03-02T13:43:39.503+0000] {logging_mixin.py:188} INFO - [2026-03-02T13:43:39.503+0000] {dagbag.py:540} INFO - Filling up the DagBag from /home/airflow/.local/lib/python3.12/site-packages/airflow/example_dags/tutorial_taskflow_api.py
[2026-03-02T13:43:39.508+0000] {processor.py:840} INFO - DAG(s) 'tutorial_taskflow_api' retrieved from /home/airflow/.local/lib/python3.12/site-packages/airflow/example_dags/tutorial_taskflow_api.py
[2026-03-02T13:43:39.525+0000] {logging_mixin.py:188} INFO - [2026-03-02T13:43:39.525+0000] {dag.py:3096} INFO - Sync 1 DAGs
[2026-03-02T13:43:39.532+0000] {logging_mixin.py:188} INFO - [2026-03-02T13:43:39.532+0000] {dag.py:3954} INFO - Setting next_dagrun for tutorial_taskflow_api to None, run_after=None
[2026-03-02T13:43:39.548+0000] {processor.py:183} INFO - Processing /home/airflow/.local/lib/python3.12/site-packages/airflow/example_dags/tutorial_taskflow_api.py took 0.052 seconds
[2026-03-02T13:44:10.203+0000] {processor.py:161} INFO - Started process (PID=944) to work on /home/airflow/.local/lib/python3.12/site-packages/airflow/example_dags/tutorial_taskflow_api.py
[2026-03-02T13:44:10.204+0000] {processor.py:830} INFO - Processing file /home/airflow/.local/lib/python3.12/site-packages/airflow/example_dags/tutorial_taskflow_api.py for tasks to queue
[2026-03-02T13:44:10.207+0000] {logging_mixin.py:188} INFO - [2026-03-02T13:44:10.206+0000] {dagbag.py:540} INFO - Filling up the DagBag from /home/airflow/.local/lib/python3.12/site-packages/airflow/example_dags/tutorial_taskflow_api.py
[2026-03-02T13:44:10.219+0000] {processor.py:840} INFO - DAG(s) 'tutorial_taskflow_api' retrieved from /home/airflow/.local/lib/python3.12/site-packages/airflow/example_dags/tutorial_taskflow_api.py
[2026-03-02T13:44:10.297+0000] {logging_mixin.py:188} INFO - [2026-03-02T13:44:10.297+0000] {dag.py:3096} INFO - Sync 1 DAGs
[2026-03-02T13:44:10.370+0000] {logging_mixin.py:188} INFO - [2026-03-02T13:44:10.369+0000] {dag.py:3954} INFO - Setting next_dagrun for tutorial_taskflow_api to None, run_after=None
[2026-03-02T13:44:10.404+0000] {processor.py:183} INFO - Processing /home/airflow/.local/lib/python3.12/site-packages/airflow/example_dags/tutorial_taskflow_api.py took 0.212 seconds
[2026-03-02T13:44:40.451+0000] {processor.py:161} INFO - Started process (PID=1001) to work on /home/airflow/.local/lib/python3.12/site-packages/airflow/example_dags/tutorial_taskflow_api.py
[2026-03-02T13:44:40.452+0000] {processor.py:830} INFO - Processing file /home/airflow/.local/lib/python3.12/site-packages/airflow/example_dags/tutorial_taskflow_api.py for tasks to queue
[2026-03-02T13:44:40.454+0000] {logging_mixin.py:188} INFO - [2026-03-02T13:44:40.453+0000] {dagbag.py:540} INFO - Filling up the DagBag from /home/airflow/.local/lib/python3.12/site-packages/airflow/example_dags/tutorial_taskflow_api.py
[2026-03-02T13:44:40.458+0000] {processor.py:840} INFO - DAG(s) 'tutorial_taskflow_api' retrieved from /home/airflow/.local/lib/python3.12/site-packages/airflow/example_dags/tutorial_taskflow_api.py
[2026-03-02T13:44:40.477+0000] {logging_mixin.py:188} INFO - [2026-03-02T13:44:40.477+0000] {dag.py:3096} INFO - Sync 1 DAGs
[2026-03-02T13:44:40.484+0000] {logging_mixin.py:188} INFO - [2026-03-02T13:44:40.484+0000] {dag.py:3954} INFO - Setting next_dagrun for tutorial_taskflow_api to None, run_after=None
[2026-03-02T13:44:40.497+0000] {processor.py:183} INFO - Processing /home/airflow/.local/lib/python3.12/site-packages/airflow/example_dags/tutorial_taskflow_api.py took 0.049 seconds
[2026-03-02T13:45:10.560+0000] {processor.py:161} INFO - Started process (PID=1059) to work on /home/airflow/.local/lib/python3.12/site-packages/airflow/example_dags/tutorial_taskflow_api.py
[2026-03-02T13:45:10.561+0000] {processor.py:830} INFO - Processing file /home/airflow/.local/lib/python3.12/site-packages/airflow/example_dags/tutorial_taskflow_api.py for tasks to queue
[2026-03-02T13:45:10.562+0000] {logging_mixin.py:188} INFO - [2026-03-02T13:45:10.562+0000] {dagbag.py:540} INFO - Filling up the DagBag from /home/airflow/.local/lib/python3.12/site-packages/airflow/example_dags/tutorial_taskflow_api.py
[2026-03-02T13:45:10.567+0000] {processor.py:840} INFO - DAG(s) 'tutorial_taskflow_api' retrieved from /home/airflow/.local/lib/python3.12/site-packages/airflow/example_dags/tutorial_taskflow_api.py
[2026-03-02T13:45:10.579+0000] {logging_mixin.py:188} INFO - [2026-03-02T13:45:10.579+0000] {dag.py:3096} INFO - Sync 1 DAGs
[2026-03-02T13:45:10.587+0000] {logging_mixin.py:188} INFO - [2026-03-02T13:45:10.587+0000] {dag.py:3954} INFO - Setting next_dagrun for tutorial_taskflow_api to None, run_after=None
[2026-03-02T13:45:10.595+0000] {processor.py:183} INFO - Processing /home/airflow/.local/lib/python3.12/site-packages/airflow/example_dags/tutorial_taskflow_api.py took 0.039 seconds
[2026-03-02T13:45:41.514+0000] {processor.py:161} INFO - Started process (PID=1117) to work on /home/airflow/.local/lib/python3.12/site-packages/airflow/example_dags/tutorial_taskflow_api.py
[2026-03-02T13:45:41.515+0000] {processor.py:830} INFO - Processing file /home/airflow/.local/lib/python3.12/site-packages/airflow/example_dags/tutorial_taskflow_api.py for tasks to queue
[2026-03-02T13:45:41.517+0000] {logging_mixin.py:188} INFO - [2026-03-02T13:45:41.516+0000] {dagbag.py:540} INFO - Filling up the DagBag from /home/airflow/.local/lib/python3.12/site-packages/airflow/example_dags/tutorial_taskflow_api.py
[2026-03-02T13:45:41.522+0000] {processor.py:840} INFO - DAG(s) 'tutorial_taskflow_api' retrieved from /home/airflow/.local/lib/python3.12/site-packages/airflow/example_dags/tutorial_taskflow_api.py
[2026-03-02T13:45:41.543+0000] {logging_mixin.py:188} INFO - [2026-03-02T13:45:41.543+0000] {dag.py:3096} INFO - Sync 1 DAGs
[2026-03-02T13:45:41.551+0000] {logging_mixin.py:188} INFO - [2026-03-02T13:45:41.551+0000] {dag.py:3954} INFO - Setting next_dagrun for tutorial_taskflow_api to None, run_after=None
[2026-03-02T13:45:41.562+0000] {processor.py:183} INFO - Processing /home/airflow/.local/lib/python3.12/site-packages/airflow/example_dags/tutorial_taskflow_api.py took 0.052 seconds
[2026-03-02T13:46:11.870+0000] {processor.py:161} INFO - Started process (PID=1175) to work on /home/airflow/.local/lib/python3.12/site-packages/airflow/example_dags/tutorial_taskflow_api.py
[2026-03-02T13:46:11.871+0000] {processor.py:830} INFO - Processing file /home/airflow/.local/lib/python3.12/site-packages/airflow/example_dags/tutorial_taskflow_api.py for tasks to queue
[2026-03-02T13:46:11.872+0000] {logging_mixin.py:188} INFO - [2026-03-02T13:46:11.872+0000] {dagbag.py:540} INFO - Filling up the DagBag from /home/airflow/.local/lib/python3.12/site-packages/airflow/example_dags/tutorial_taskflow_api.py
[2026-03-02T13:46:11.878+0000] {processor.py:840} INFO - DAG(s) 'tutorial_taskflow_api' retrieved from /home/airflow/.local/lib/python3.12/site-packages/airflow/example_dags/tutorial_taskflow_api.py
[2026-03-02T13:46:11.896+0000] {logging_mixin.py:188} INFO - [2026-03-02T13:46:11.895+0000] {dag.py:3096} INFO - Sync 1 DAGs
[2026-03-02T13:46:12.050+0000] {logging_mixin.py:188} INFO - [2026-03-02T13:46:12.049+0000] {dag.py:3954} INFO - Setting next_dagrun for tutorial_taskflow_api to None, run_after=None
[2026-03-02T13:46:12.062+0000] {processor.py:183} INFO - Processing /home/airflow/.local/lib/python3.12/site-packages/airflow/example_dags/tutorial_taskflow_api.py took 0.197 seconds
[2026-03-02T13:46:42.575+0000] {processor.py:161} INFO - Started process (PID=1233) to work on /home/airflow/.local/lib/python3.12/site-packages/airflow/example_dags/tutorial_taskflow_api.py
[2026-03-02T13:46:42.579+0000] {processor.py:830} INFO - Processing file /home/airflow/.local/lib/python3.12/site-packages/airflow/example_dags/tutorial_taskflow_api.py for tasks to queue
[2026-03-02T13:46:42.584+0000] {logging_mixin.py:188} INFO - [2026-03-02T13:46:42.583+0000] {dagbag.py:540} INFO - Filling up the DagBag from /home/airflow/.local/lib/python3.12/site-packages/airflow/example_dags/tutorial_taskflow_api.py
[2026-03-02T13:46:42.599+0000] {processor.py:840} INFO - DAG(s) 'tutorial_taskflow_api' retrieved from /home/airflow/.local/lib/python3.12/site-packages/airflow/example_dags/tutorial_taskflow_api.py
[2026-03-02T13:46:42.638+0000] {logging_mixin.py:188} INFO - [2026-03-02T13:46:42.638+0000] {dag.py:3096} INFO - Sync 1 DAGs
[2026-03-02T13:46:42.657+0000] {logging_mixin.py:188} INFO - [2026-03-02T13:46:42.657+0000] {dag.py:3954} INFO - Setting next_dagrun for tutorial_taskflow_api to None, run_after=None
[2026-03-02T13:46:42.671+0000] {processor.py:183} INFO - Processing /home/airflow/.local/lib/python3.12/site-packages/airflow/example_dags/tutorial_taskflow_api.py took 0.105 seconds
[2026-03-02T13:47:13.651+0000] {processor.py:161} INFO - Started process (PID=1291) to work on /home/airflow/.local/lib/python3.12/site-packages/airflow/example_dags/tutorial_taskflow_api.py
[2026-03-02T13:47:13.657+0000] {processor.py:830} INFO - Processing file /home/airflow/.local/lib/python3.12/site-packages/airflow/example_dags/tutorial_taskflow_api.py for tasks to queue
[2026-03-02T13:47:13.660+0000] {logging_mixin.py:188} INFO - [2026-03-02T13:47:13.659+0000] {dagbag.py:540} INFO - Filling up the DagBag from /home/airflow/.local/lib/python3.12/site-packages/airflow/example_dags/tutorial_taskflow_api.py
[2026-03-02T13:47:13.684+0000] {processor.py:840} INFO - DAG(s) 'tutorial_taskflow_api' retrieved from /home/airflow/.local/lib/python3.12/site-packages/airflow/example_dags/tutorial_taskflow_api.py
[2026-03-02T13:47:13.800+0000] {logging_mixin.py:188} INFO - [2026-03-02T13:47:13.799+0000] {dag.py:3096} INFO - Sync 1 DAGs
[2026-03-02T13:47:13.862+0000] {logging_mixin.py:188} INFO - [2026-03-02T13:47:13.862+0000] {dag.py:3954} INFO - Setting next_dagrun for tutorial_taskflow_api to None, run_after=None
[2026-03-02T13:47:13.943+0000] {processor.py:183} INFO - Processing /home/airflow/.local/lib/python3.12/site-packages/airflow/example_dags/tutorial_taskflow_api.py took 0.307 seconds
[2026-03-02T13:47:44.454+0000] {processor.py:161} INFO - Started process (PID=1349) to work on /home/airflow/.local/lib/python3.12/site-packages/airflow/example_dags/tutorial_taskflow_api.py
[2026-03-02T13:47:44.456+0000] {processor.py:830} INFO - Processing file /home/airflow/.local/lib/python3.12/site-packages/airflow/example_dags/tutorial_taskflow_api.py for tasks to queue
[2026-03-02T13:47:44.464+0000] {logging_mixin.py:188} INFO - [2026-03-02T13:47:44.462+0000] {dagbag.py:540} INFO - Filling up the DagBag from /home/airflow/.local/lib/python3.12/site-packages/airflow/example_dags/tutorial_taskflow_api.py
[2026-03-02T13:47:44.512+0000] {processor.py:840} INFO - DAG(s) 'tutorial_taskflow_api' retrieved from /home/airflow/.local/lib/python3.12/site-packages/airflow/example_dags/tutorial_taskflow_api.py
[2026-03-02T13:47:45.671+0000] {logging_mixin.py:188} INFO - [2026-03-02T13:47:45.666+0000] {dag.py:3096} INFO - Sync 1 DAGs
[2026-03-02T13:47:45.764+0000] {logging_mixin.py:188} INFO - [2026-03-02T13:47:45.763+0000] {dag.py:3954} INFO - Setting next_dagrun for tutorial_taskflow_api to None, run_after=None
[2026-03-02T13:47:45.850+0000] {processor.py:183} INFO - Processing /home/airflow/.local/lib/python3.12/site-packages/airflow/example_dags/tutorial_taskflow_api.py took 1.409 seconds
[2026-03-02T13:48:16.066+0000] {processor.py:161} INFO - Started process (PID=1407) to work on /home/airflow/.local/lib/python3.12/site-packages/airflow/example_dags/tutorial_taskflow_api.py
[2026-03-02T13:48:16.067+0000] {processor.py:830} INFO - Processing file /home/airflow/.local/lib/python3.12/site-packages/airflow/example_dags/tutorial_taskflow_api.py for tasks to queue
[2026-03-02T13:48:16.071+0000] {logging_mixin.py:188} INFO - [2026-03-02T13:48:16.071+0000] {dagbag.py:540} INFO - Filling up the DagBag from /home/airflow/.local/lib/python3.12/site-packages/airflow/example_dags/tutorial_taskflow_api.py
[2026-03-02T13:48:16.075+0000] {processor.py:840} INFO - DAG(s) 'tutorial_taskflow_api' retrieved from /home/airflow/.local/lib/python3.12/site-packages/airflow/example_dags/tutorial_taskflow_api.py
[2026-03-02T13:48:16.093+0000] {logging_mixin.py:188} INFO - [2026-03-02T13:48:16.093+0000] {dag.py:3096} INFO - Sync 1 DAGs
[2026-03-02T13:48:16.108+0000] {logging_mixin.py:188} INFO - [2026-03-02T13:48:16.108+0000] {dag.py:3954} INFO - Setting next_dagrun for tutorial_taskflow_api to None, run_after=None
[2026-03-02T13:48:16.127+0000] {processor.py:183} INFO - Processing /home/airflow/.local/lib/python3.12/site-packages/airflow/example_dags/tutorial_taskflow_api.py took 0.065 seconds
[2026-03-02T13:48:46.464+0000] {processor.py:161} INFO - Started process (PID=1465) to work on /home/airflow/.local/lib/python3.12/site-packages/airflow/example_dags/tutorial_taskflow_api.py
[2026-03-02T13:48:46.466+0000] {processor.py:830} INFO - Processing file /home/airflow/.local/lib/python3.12/site-packages/airflow/example_dags/tutorial_taskflow_api.py for tasks to queue
[2026-03-02T13:48:46.473+0000] {logging_mixin.py:188} INFO - [2026-03-02T13:48:46.472+0000] {dagbag.py:540} INFO - Filling up the DagBag from /home/airflow/.local/lib/python3.12/site-packages/airflow/example_dags/tutorial_taskflow_api.py
[2026-03-02T13:48:46.488+0000] {processor.py:840} INFO - DAG(s) 'tutorial_taskflow_api' retrieved from /home/airflow/.local/lib/python3.12/site-packages/airflow/example_dags/tutorial_taskflow_api.py
[2026-03-02T13:48:46.589+0000] {logging_mixin.py:188} INFO - [2026-03-02T13:48:46.589+0000] {dag.py:3096} INFO - Sync 1 DAGs
[2026-03-02T13:48:46.607+0000] {logging_mixin.py:188} INFO - [2026-03-02T13:48:46.607+0000] {dag.py:3954} INFO - Setting next_dagrun for tutorial_taskflow_api to None, run_after=None
[2026-03-02T13:48:46.638+0000] {processor.py:183} INFO - Processing /home/airflow/.local/lib/python3.12/site-packages/airflow/example_dags/tutorial_taskflow_api.py took 0.186 seconds
[2026-03-02T13:49:16.839+0000] {processor.py:161} INFO - Started process (PID=1523) to work on /home/airflow/.local/lib/python3.12/site-packages/airflow/example_dags/tutorial_taskflow_api.py
[2026-03-02T13:49:16.843+0000] {processor.py:830} INFO - Processing file /home/airflow/.local/lib/python3.12/site-packages/airflow/example_dags/tutorial_taskflow_api.py for tasks to queue
[2026-03-02T13:49:16.850+0000] {logging_mixin.py:188} INFO - [2026-03-02T13:49:16.850+0000] {dagbag.py:540} INFO - Filling up the DagBag from /home/airflow/.local/lib/python3.12/site-packages/airflow/example_dags/tutorial_taskflow_api.py
[2026-03-02T13:49:16.877+0000] {processor.py:840} INFO - DAG(s) 'tutorial_taskflow_api' retrieved from /home/airflow/.local/lib/python3.12/site-packages/airflow/example_dags/tutorial_taskflow_api.py
[2026-03-02T13:49:17.009+0000] {logging_mixin.py:188} INFO - [2026-03-02T13:49:17.008+0000] {dag.py:3096} INFO - Sync 1 DAGs
[2026-03-02T13:49:17.736+0000] {logging_mixin.py:188} INFO - [2026-03-02T13:49:17.735+0000] {dag.py:3954} INFO - Setting next_dagrun for tutorial_taskflow_api to None, run_after=None
[2026-03-02T13:49:17.801+0000] {processor.py:183} INFO - Processing /home/airflow/.local/lib/python3.12/site-packages/airflow/example_dags/tutorial_taskflow_api.py took 0.977 seconds
[2026-03-02T13:49:48.344+0000] {processor.py:161} INFO - Started process (PID=1581) to work on /home/airflow/.local/lib/python3.12/site-packages/airflow/example_dags/tutorial_taskflow_api.py
[2026-03-02T13:49:48.346+0000] {processor.py:830} INFO - Processing file /home/airflow/.local/lib/python3.12/site-packages/airflow/example_dags/tutorial_taskflow_api.py for tasks to queue
[2026-03-02T13:49:48.348+0000] {logging_mixin.py:188} INFO - [2026-03-02T13:49:48.347+0000] {dagbag.py:540} INFO - Filling up the DagBag from /home/airflow/.local/lib/python3.12/site-packages/airflow/example_dags/tutorial_taskflow_api.py
[2026-03-02T13:49:48.370+0000] {processor.py:840} INFO - DAG(s) 'tutorial_taskflow_api' retrieved from /home/airflow/.local/lib/python3.12/site-packages/airflow/example_dags/tutorial_taskflow_api.py
[2026-03-02T13:49:48.439+0000] {logging_mixin.py:188} INFO - [2026-03-02T13:49:48.439+0000] {dag.py:3096} INFO - Sync 1 DAGs
[2026-03-02T13:49:48.466+0000] {logging_mixin.py:188} INFO - [2026-03-02T13:49:48.466+0000] {dag.py:3954} INFO - Setting next_dagrun for tutorial_taskflow_api to None, run_after=None
[2026-03-02T13:49:48.508+0000] {processor.py:183} INFO - Processing /home/airflow/.local/lib/python3.12/site-packages/airflow/example_dags/tutorial_taskflow_api.py took 0.173 seconds
[2026-03-02T13:50:18.991+0000] {processor.py:161} INFO - Started process (PID=1639) to work on /home/airflow/.local/lib/python3.12/site-packages/airflow/example_dags/tutorial_taskflow_api.py
[2026-03-02T13:50:18.992+0000] {processor.py:830} INFO - Processing file /home/airflow/.local/lib/python3.12/site-packages/airflow/example_dags/tutorial_taskflow_api.py for tasks to queue
[2026-03-02T13:50:18.993+0000] {logging_mixin.py:188} INFO - [2026-03-02T13:50:18.993+0000] {dagbag.py:540} INFO - Filling up the DagBag from /home/airflow/.local/lib/python3.12/site-packages/airflow/example_dags/tutorial_taskflow_api.py
[2026-03-02T13:50:18.997+0000] {processor.py:840} INFO - DAG(s) 'tutorial_taskflow_api' retrieved from /home/airflow/.local/lib/python3.12/site-packages/airflow/example_dags/tutorial_taskflow_api.py
[2026-03-02T13:50:19.010+0000] {logging_mixin.py:188} INFO - [2026-03-02T13:50:19.010+0000] {dag.py:3096} INFO - Sync 1 DAGs
[2026-03-02T13:50:19.022+0000] {logging_mixin.py:188} INFO - [2026-03-02T13:50:19.021+0000] {dag.py:3954} INFO - Setting next_dagrun for tutorial_taskflow_api to None, run_after=None
[2026-03-02T13:50:19.035+0000] {processor.py:183} INFO - Processing /home/airflow/.local/lib/python3.12/site-packages/airflow/example_dags/tutorial_taskflow_api.py took 0.046 seconds
[2026-03-02T13:50:49.453+0000] {processor.py:161} INFO - Started process (PID=1697) to work on /home/airflow/.local/lib/python3.12/site-packages/airflow/example_dags/tutorial_taskflow_api.py
[2026-03-02T13:50:49.460+0000] {processor.py:830} INFO - Processing file /home/airflow/.local/lib/python3.12/site-packages/airflow/example_dags/tutorial_taskflow_api.py for tasks to queue
[2026-03-02T13:50:49.463+0000] {logging_mixin.py:188} INFO - [2026-03-02T13:50:49.462+0000] {dagbag.py:540} INFO - Filling up the DagBag from /home/airflow/.local/lib/python3.12/site-packages/airflow/example_dags/tutorial_taskflow_api.py
[2026-03-02T13:50:49.477+0000] {processor.py:840} INFO - DAG(s) 'tutorial_taskflow_api' retrieved from /home/airflow/.local/lib/python3.12/site-packages/airflow/example_dags/tutorial_taskflow_api.py
[2026-03-02T13:50:49.509+0000] {logging_mixin.py:188} INFO - [2026-03-02T13:50:49.509+0000] {dag.py:3096} INFO - Sync 1 DAGs
[2026-03-02T13:50:49.538+0000] {logging_mixin.py:188} INFO - [2026-03-02T13:50:49.538+0000] {dag.py:3954} INFO - Setting next_dagrun for tutorial_taskflow_api to None, run_after=None
[2026-03-02T13:50:49.677+0000] {processor.py:183} INFO - Processing /home/airflow/.local/lib/python3.12/site-packages/airflow/example_dags/tutorial_taskflow_api.py took 0.228 seconds
[2026-03-02T13:51:19.914+0000] {processor.py:161} INFO - Started process (PID=1755) to work on /home/airflow/.local/lib/python3.12/site-packages/airflow/example_dags/tutorial_taskflow_api.py
[2026-03-02T13:51:19.916+0000] {processor.py:830} INFO - Processing file /home/airflow/.local/lib/python3.12/site-packages/airflow/example_dags/tutorial_taskflow_api.py for tasks to queue
[2026-03-02T13:51:19.927+0000] {logging_mixin.py:188} INFO - [2026-03-02T13:51:19.925+0000] {dagbag.py:540} INFO - Filling up the DagBag from /home/airflow/.local/lib/python3.12/site-packages/airflow/example_dags/tutorial_taskflow_api.py
[2026-03-02T13:51:19.941+0000] {processor.py:840} INFO - DAG(s) 'tutorial_taskflow_api' retrieved from /home/airflow/.local/lib/python3.12/site-packages/airflow/example_dags/tutorial_taskflow_api.py
[2026-03-02T13:51:19.986+0000] {logging_mixin.py:188} INFO - [2026-03-02T13:51:19.986+0000] {dag.py:3096} INFO - Sync 1 DAGs
[2026-03-02T13:51:20.006+0000] {logging_mixin.py:188} INFO - [2026-03-02T13:51:20.005+0000] {dag.py:3954} INFO - Setting next_dagrun for tutorial_taskflow_api to None, run_after=None
[2026-03-02T13:51:20.035+0000] {processor.py:183} INFO - Processing /home/airflow/.local/lib/python3.12/site-packages/airflow/example_dags/tutorial_taskflow_api.py took 0.140 seconds
[2026-03-02T13:51:50.954+0000] {processor.py:161} INFO - Started process (PID=1813) to work on /home/airflow/.local/lib/python3.12/site-packages/airflow/example_dags/tutorial_taskflow_api.py
[2026-03-02T13:51:50.957+0000] {processor.py:830} INFO - Processing file /home/airflow/.local/lib/python3.12/site-packages/airflow/example_dags/tutorial_taskflow_api.py for tasks to queue
[2026-03-02T13:51:50.960+0000] {logging_mixin.py:188} INFO - [2026-03-02T13:51:50.959+0000] {dagbag.py:540} INFO - Filling up the DagBag from /home/airflow/.local/lib/python3.12/site-packages/airflow/example_dags/tutorial_taskflow_api.py
[2026-03-02T13:51:50.981+0000] {processor.py:840} INFO - DAG(s) 'tutorial_taskflow_api' retrieved from /home/airflow/.local/lib/python3.12/site-packages/airflow/example_dags/tutorial_taskflow_api.py
[2026-03-02T13:51:51.026+0000] {logging_mixin.py:188} INFO - [2026-03-02T13:51:51.025+0000] {dag.py:3096} INFO - Sync 1 DAGs
[2026-03-02T13:51:51.048+0000] {logging_mixin.py:188} INFO - [2026-03-02T13:51:51.047+0000] {dag.py:3954} INFO - Setting next_dagrun for tutorial_taskflow_api to None, run_after=None
[2026-03-02T13:51:51.075+0000] {processor.py:183} INFO - Processing /home/airflow/.local/lib/python3.12/site-packages/airflow/example_dags/tutorial_taskflow_api.py took 0.140 seconds
[2026-03-02T13:52:21.894+0000] {processor.py:161} INFO - Started process (PID=1871) to work on /home/airflow/.local/lib/python3.12/site-packages/airflow/example_dags/tutorial_taskflow_api.py
[2026-03-02T13:52:21.895+0000] {processor.py:830} INFO - Processing file /home/airflow/.local/lib/python3.12/site-packages/airflow/example_dags/tutorial_taskflow_api.py for tasks to queue
[2026-03-02T13:52:21.899+0000] {logging_mixin.py:188} INFO - [2026-03-02T13:52:21.898+0000] {dagbag.py:540} INFO - Filling up the DagBag from /home/airflow/.local/lib/python3.12/site-packages/airflow/example_dags/tutorial_taskflow_api.py
[2026-03-02T13:52:21.909+0000] {processor.py:840} INFO - DAG(s) 'tutorial_taskflow_api' retrieved from /home/airflow/.local/lib/python3.12/site-packages/airflow/example_dags/tutorial_taskflow_api.py
[2026-03-02T13:52:21.936+0000] {logging_mixin.py:188} INFO - [2026-03-02T13:52:21.935+0000] {dag.py:3096} INFO - Sync 1 DAGs
[2026-03-02T13:52:21.950+0000] {logging_mixin.py:188} INFO - [2026-03-02T13:52:21.950+0000] {dag.py:3954} INFO - Setting next_dagrun for tutorial_taskflow_api to None, run_after=None
[2026-03-02T13:52:21.969+0000] {processor.py:183} INFO - Processing /home/airflow/.local/lib/python3.12/site-packages/airflow/example_dags/tutorial_taskflow_api.py took 0.082 seconds
[2026-03-02T13:52:52.903+0000] {processor.py:161} INFO - Started process (PID=1929) to work on /home/airflow/.local/lib/python3.12/site-packages/airflow/example_dags/tutorial_taskflow_api.py
[2026-03-02T13:52:52.904+0000] {processor.py:830} INFO - Processing file /home/airflow/.local/lib/python3.12/site-packages/airflow/example_dags/tutorial_taskflow_api.py for tasks to queue
[2026-03-02T13:52:52.907+0000] {logging_mixin.py:188} INFO - [2026-03-02T13:52:52.906+0000] {dagbag.py:540} INFO - Filling up the DagBag from /home/airflow/.local/lib/python3.12/site-packages/airflow/example_dags/tutorial_taskflow_api.py
[2026-03-02T13:52:52.915+0000] {processor.py:840} INFO - DAG(s) 'tutorial_taskflow_api' retrieved from /home/airflow/.local/lib/python3.12/site-packages/airflow/example_dags/tutorial_taskflow_api.py
[2026-03-02T13:52:52.928+0000] {logging_mixin.py:188} INFO - [2026-03-02T13:52:52.928+0000] {dag.py:3096} INFO - Sync 1 DAGs
[2026-03-02T13:52:52.936+0000] {logging_mixin.py:188} INFO - [2026-03-02T13:52:52.935+0000] {dag.py:3954} INFO - Setting next_dagrun for tutorial_taskflow_api to None, run_after=None
[2026-03-02T13:52:52.946+0000] {processor.py:183} INFO - Processing /home/airflow/.local/lib/python3.12/site-packages/airflow/example_dags/tutorial_taskflow_api.py took 0.051 seconds
[2026-03-02T13:53:23.418+0000] {processor.py:161} INFO - Started process (PID=1987) to work on /home/airflow/.local/lib/python3.12/site-packages/airflow/example_dags/tutorial_taskflow_api.py
[2026-03-02T13:53:23.419+0000] {processor.py:830} INFO - Processing file /home/airflow/.local/lib/python3.12/site-packages/airflow/example_dags/tutorial_taskflow_api.py for tasks to queue
[2026-03-02T13:53:23.420+0000] {logging_mixin.py:188} INFO - [2026-03-02T13:53:23.420+0000] {dagbag.py:540} INFO - Filling up the DagBag from /home/airflow/.local/lib/python3.12/site-packages/airflow/example_dags/tutorial_taskflow_api.py
[2026-03-02T13:53:23.425+0000] {processor.py:840} INFO - DAG(s) 'tutorial_taskflow_api' retrieved from /home/airflow/.local/lib/python3.12/site-packages/airflow/example_dags/tutorial_taskflow_api.py
[2026-03-02T13:53:23.439+0000] {logging_mixin.py:188} INFO - [2026-03-02T13:53:23.439+0000] {dag.py:3096} INFO - Sync 1 DAGs
[2026-03-02T13:53:23.447+0000] {logging_mixin.py:188} INFO - [2026-03-02T13:53:23.447+0000] {dag.py:3954} INFO - Setting next_dagrun for tutorial_taskflow_api to None, run_after=None
[2026-03-02T13:53:23.457+0000] {processor.py:183} INFO - Processing /home/airflow/.local/lib/python3.12/site-packages/airflow/example_dags/tutorial_taskflow_api.py took 0.043 seconds
[2026-03-02T13:53:53.831+0000] {processor.py:161} INFO - Started process (PID=2045) to work on /home/airflow/.local/lib/python3.12/site-packages/airflow/example_dags/tutorial_taskflow_api.py
[2026-03-02T13:53:53.834+0000] {processor.py:830} INFO - Processing file /home/airflow/.local/lib/python3.12/site-packages/airflow/example_dags/tutorial_taskflow_api.py for tasks to queue
[2026-03-02T13:53:53.839+0000] {logging_mixin.py:188} INFO - [2026-03-02T13:53:53.838+0000] {dagbag.py:540} INFO - Filling up the DagBag from /home/airflow/.local/lib/python3.12/site-packages/airflow/example_dags/tutorial_taskflow_api.py
[2026-03-02T13:53:53.851+0000] {processor.py:840} INFO - DAG(s) 'tutorial_taskflow_api' retrieved from /home/airflow/.local/lib/python3.12/site-packages/airflow/example_dags/tutorial_taskflow_api.py
[2026-03-02T13:53:53.891+0000] {logging_mixin.py:188} INFO - [2026-03-02T13:53:53.890+0000] {dag.py:3096} INFO - Sync 1 DAGs
[2026-03-02T13:53:53.905+0000] {logging_mixin.py:188} INFO - [2026-03-02T13:53:53.905+0000] {dag.py:3954} INFO - Setting next_dagrun for tutorial_taskflow_api to None, run_after=None
[2026-03-02T13:53:53.917+0000] {processor.py:183} INFO - Processing /home/airflow/.local/lib/python3.12/site-packages/airflow/example_dags/tutorial_taskflow_api.py took 0.100 seconds
[2026-03-02T13:54:24.024+0000] {processor.py:161} INFO - Started process (PID=2103) to work on /home/airflow/.local/lib/python3.12/site-packages/airflow/example_dags/tutorial_taskflow_api.py
[2026-03-02T13:54:24.026+0000] {processor.py:830} INFO - Processing file /home/airflow/.local/lib/python3.12/site-packages/airflow/example_dags/tutorial_taskflow_api.py for tasks to queue
[2026-03-02T13:54:24.027+0000] {logging_mixin.py:188} INFO - [2026-03-02T13:54:24.027+0000] {dagbag.py:540} INFO - Filling up the DagBag from /home/airflow/.local/lib/python3.12/site-packages/airflow/example_dags/tutorial_taskflow_api.py
[2026-03-02T13:54:24.033+0000] {processor.py:840} INFO - DAG(s) 'tutorial_taskflow_api' retrieved from /home/airflow/.local/lib/python3.12/site-packages/airflow/example_dags/tutorial_taskflow_api.py
[2026-03-02T13:54:24.058+0000] {logging_mixin.py:188} INFO - [2026-03-02T13:54:24.058+0000] {dag.py:3096} INFO - Sync 1 DAGs
[2026-03-02T13:54:24.066+0000] {logging_mixin.py:188} INFO - [2026-03-02T13:54:24.066+0000] {dag.py:3954} INFO - Setting next_dagrun for tutorial_taskflow_api to None, run_after=None
[2026-03-02T13:54:24.077+0000] {processor.py:183} INFO - Processing /home/airflow/.local/lib/python3.12/site-packages/airflow/example_dags/tutorial_taskflow_api.py took 0.058 seconds
[2026-03-02T13:54:54.445+0000] {processor.py:161} INFO - Started process (PID=2161) to work on /home/airflow/.local/lib/python3.12/site-packages/airflow/example_dags/tutorial_taskflow_api.py
[2026-03-02T13:54:54.453+0000] {processor.py:830} INFO - Processing file /home/airflow/.local/lib/python3.12/site-packages/airflow/example_dags/tutorial_taskflow_api.py for tasks to queue
[2026-03-02T13:54:54.464+0000] {logging_mixin.py:188} INFO - [2026-03-02T13:54:54.460+0000] {dagbag.py:540} INFO - Filling up the DagBag from /home/airflow/.local/lib/python3.12/site-packages/airflow/example_dags/tutorial_taskflow_api.py
[2026-03-02T13:54:54.532+0000] {processor.py:840} INFO - DAG(s) 'tutorial_taskflow_api' retrieved from /home/airflow/.local/lib/python3.12/site-packages/airflow/example_dags/tutorial_taskflow_api.py
[2026-03-02T13:54:55.292+0000] {logging_mixin.py:188} INFO - [2026-03-02T13:54:55.290+0000] {dag.py:3096} INFO - Sync 1 DAGs
[2026-03-02T13:54:55.346+0000] {logging_mixin.py:188} INFO - [2026-03-02T13:54:55.344+0000] {dag.py:3954} INFO - Setting next_dagrun for tutorial_taskflow_api to None, run_after=None
[2026-03-02T13:54:55.587+0000] {processor.py:183} INFO - Processing /home/airflow/.local/lib/python3.12/site-packages/airflow/example_dags/tutorial_taskflow_api.py took 1.199 seconds
[2026-03-02T13:55:26.261+0000] {processor.py:161} INFO - Started process (PID=2219) to work on /home/airflow/.local/lib/python3.12/site-packages/airflow/example_dags/tutorial_taskflow_api.py
[2026-03-02T13:55:26.262+0000] {processor.py:830} INFO - Processing file /home/airflow/.local/lib/python3.12/site-packages/airflow/example_dags/tutorial_taskflow_api.py for tasks to queue
[2026-03-02T13:55:26.264+0000] {logging_mixin.py:188} INFO - [2026-03-02T13:55:26.264+0000] {dagbag.py:540} INFO - Filling up the DagBag from /home/airflow/.local/lib/python3.12/site-packages/airflow/example_dags/tutorial_taskflow_api.py
[2026-03-02T13:55:26.274+0000] {processor.py:840} INFO - DAG(s) 'tutorial_taskflow_api' retrieved from /home/airflow/.local/lib/python3.12/site-packages/airflow/example_dags/tutorial_taskflow_api.py
[2026-03-02T13:55:26.297+0000] {logging_mixin.py:188} INFO - [2026-03-02T13:55:26.297+0000] {dag.py:3096} INFO - Sync 1 DAGs
[2026-03-02T13:55:26.315+0000] {logging_mixin.py:188} INFO - [2026-03-02T13:55:26.315+0000] {dag.py:3954} INFO - Setting next_dagrun for tutorial_taskflow_api to None, run_after=None
[2026-03-02T13:55:26.348+0000] {processor.py:183} INFO - Processing /home/airflow/.local/lib/python3.12/site-packages/airflow/example_dags/tutorial_taskflow_api.py took 0.095 seconds
[2026-03-02T13:55:56.888+0000] {processor.py:161} INFO - Started process (PID=2275) to work on /home/airflow/.local/lib/python3.12/site-packages/airflow/example_dags/tutorial_taskflow_api.py
[2026-03-02T13:55:56.888+0000] {processor.py:830} INFO - Processing file /home/airflow/.local/lib/python3.12/site-packages/airflow/example_dags/tutorial_taskflow_api.py for tasks to queue
[2026-03-02T13:55:56.889+0000] {logging_mixin.py:188} INFO - [2026-03-02T13:55:56.889+0000] {dagbag.py:540} INFO - Filling up the DagBag from /home/airflow/.local/lib/python3.12/site-packages/airflow/example_dags/tutorial_taskflow_api.py
[2026-03-02T13:55:56.897+0000] {processor.py:840} INFO - DAG(s) 'tutorial_taskflow_api' retrieved from /home/airflow/.local/lib/python3.12/site-packages/airflow/example_dags/tutorial_taskflow_api.py
[2026-03-02T13:55:56.906+0000] {logging_mixin.py:188} INFO - [2026-03-02T13:55:56.906+0000] {dag.py:3096} INFO - Sync 1 DAGs
[2026-03-02T13:55:56.912+0000] {logging_mixin.py:188} INFO - [2026-03-02T13:55:56.912+0000] {dag.py:3954} INFO - Setting next_dagrun for tutorial_taskflow_api to None, run_after=None
[2026-03-02T13:55:56.922+0000] {processor.py:183} INFO - Processing /home/airflow/.local/lib/python3.12/site-packages/airflow/example_dags/tutorial_taskflow_api.py took 0.037 seconds
