[2026-03-02T13:36:28.087+0000] {processor.py:161} INFO - Started process (PID=56) to work on /home/airflow/.local/lib/python3.12/site-packages/airflow/example_dags/tutorial.py
[2026-03-02T13:36:28.088+0000] {processor.py:830} INFO - Processing file /home/airflow/.local/lib/python3.12/site-packages/airflow/example_dags/tutorial.py for tasks to queue
[2026-03-02T13:36:28.090+0000] {logging_mixin.py:188} INFO - [2026-03-02T13:36:28.090+0000] {dagbag.py:540} INFO - Filling up the DagBag from /home/airflow/.local/lib/python3.12/site-packages/airflow/example_dags/tutorial.py
[2026-03-02T13:36:28.098+0000] {processor.py:840} INFO - DAG(s) 'tutorial' retrieved from /home/airflow/.local/lib/python3.12/site-packages/airflow/example_dags/tutorial.py
[2026-03-02T13:36:28.222+0000] {logging_mixin.py:188} INFO - [2026-03-02T13:36:28.222+0000] {dag.py:3096} INFO - Sync 1 DAGs
[2026-03-02T13:36:28.236+0000] {logging_mixin.py:188} INFO - [2026-03-02T13:36:28.236+0000] {dag.py:3954} INFO - Setting next_dagrun for tutorial to 2026-03-01 00:00:00+00:00, run_after=2026-03-02 00:00:00+00:00
[2026-03-02T13:36:28.380+0000] {processor.py:183} INFO - Processing /home/airflow/.local/lib/python3.12/site-packages/airflow/example_dags/tutorial.py took 0.298 seconds
[2026-03-02T13:36:59.045+0000] {processor.py:161} INFO - Started process (PID=113) to work on /home/airflow/.local/lib/python3.12/site-packages/airflow/example_dags/tutorial.py
[2026-03-02T13:36:59.046+0000] {processor.py:830} INFO - Processing file /home/airflow/.local/lib/python3.12/site-packages/airflow/example_dags/tutorial.py for tasks to queue
[2026-03-02T13:36:59.046+0000] {logging_mixin.py:188} INFO - [2026-03-02T13:36:59.046+0000] {dagbag.py:540} INFO - Filling up the DagBag from /home/airflow/.local/lib/python3.12/site-packages/airflow/example_dags/tutorial.py
[2026-03-02T13:36:59.052+0000] {processor.py:840} INFO - DAG(s) 'tutorial' retrieved from /home/airflow/.local/lib/python3.12/site-packages/airflow/example_dags/tutorial.py
[2026-03-02T13:36:59.066+0000] {logging_mixin.py:188} INFO - [2026-03-02T13:36:59.066+0000] {dag.py:3096} INFO - Sync 1 DAGs
[2026-03-02T13:36:59.082+0000] {logging_mixin.py:188} INFO - [2026-03-02T13:36:59.082+0000] {dag.py:3954} INFO - Setting next_dagrun for tutorial to 2026-03-01 00:00:00+00:00, run_after=2026-03-02 00:00:00+00:00
[2026-03-02T13:36:59.096+0000] {processor.py:183} INFO - Processing /home/airflow/.local/lib/python3.12/site-packages/airflow/example_dags/tutorial.py took 0.054 seconds
[2026-03-02T13:37:29.424+0000] {processor.py:161} INFO - Started process (PID=171) to work on /home/airflow/.local/lib/python3.12/site-packages/airflow/example_dags/tutorial.py
[2026-03-02T13:37:29.426+0000] {processor.py:830} INFO - Processing file /home/airflow/.local/lib/python3.12/site-packages/airflow/example_dags/tutorial.py for tasks to queue
[2026-03-02T13:37:29.428+0000] {logging_mixin.py:188} INFO - [2026-03-02T13:37:29.428+0000] {dagbag.py:540} INFO - Filling up the DagBag from /home/airflow/.local/lib/python3.12/site-packages/airflow/example_dags/tutorial.py
[2026-03-02T13:37:29.432+0000] {processor.py:840} INFO - DAG(s) 'tutorial' retrieved from /home/airflow/.local/lib/python3.12/site-packages/airflow/example_dags/tutorial.py
[2026-03-02T13:37:29.453+0000] {logging_mixin.py:188} INFO - [2026-03-02T13:37:29.453+0000] {dag.py:3096} INFO - Sync 1 DAGs
[2026-03-02T13:37:29.479+0000] {logging_mixin.py:188} INFO - [2026-03-02T13:37:29.478+0000] {dag.py:3954} INFO - Setting next_dagrun for tutorial to 2026-03-01 00:00:00+00:00, run_after=2026-03-02 00:00:00+00:00
[2026-03-02T13:37:29.488+0000] {processor.py:183} INFO - Processing /home/airflow/.local/lib/python3.12/site-packages/airflow/example_dags/tutorial.py took 0.069 seconds
[2026-03-02T13:38:00.647+0000] {processor.py:161} INFO - Started process (PID=235) to work on /home/airflow/.local/lib/python3.12/site-packages/airflow/example_dags/tutorial.py
[2026-03-02T13:38:00.648+0000] {processor.py:830} INFO - Processing file /home/airflow/.local/lib/python3.12/site-packages/airflow/example_dags/tutorial.py for tasks to queue
[2026-03-02T13:38:00.650+0000] {logging_mixin.py:188} INFO - [2026-03-02T13:38:00.650+0000] {dagbag.py:540} INFO - Filling up the DagBag from /home/airflow/.local/lib/python3.12/site-packages/airflow/example_dags/tutorial.py
[2026-03-02T13:38:00.656+0000] {processor.py:840} INFO - DAG(s) 'tutorial' retrieved from /home/airflow/.local/lib/python3.12/site-packages/airflow/example_dags/tutorial.py
[2026-03-02T13:38:00.669+0000] {logging_mixin.py:188} INFO - [2026-03-02T13:38:00.668+0000] {dag.py:3096} INFO - Sync 1 DAGs
[2026-03-02T13:38:00.681+0000] {logging_mixin.py:188} INFO - [2026-03-02T13:38:00.681+0000] {dag.py:3954} INFO - Setting next_dagrun for tutorial to 2026-03-01 00:00:00+00:00, run_after=2026-03-02 00:00:00+00:00
[2026-03-02T13:38:00.694+0000] {processor.py:183} INFO - Processing /home/airflow/.local/lib/python3.12/site-packages/airflow/example_dags/tutorial.py took 0.051 seconds
[2026-03-02T13:38:31.109+0000] {processor.py:161} INFO - Started process (PID=293) to work on /home/airflow/.local/lib/python3.12/site-packages/airflow/example_dags/tutorial.py
[2026-03-02T13:38:31.109+0000] {processor.py:830} INFO - Processing file /home/airflow/.local/lib/python3.12/site-packages/airflow/example_dags/tutorial.py for tasks to queue
[2026-03-02T13:38:31.111+0000] {logging_mixin.py:188} INFO - [2026-03-02T13:38:31.110+0000] {dagbag.py:540} INFO - Filling up the DagBag from /home/airflow/.local/lib/python3.12/site-packages/airflow/example_dags/tutorial.py
[2026-03-02T13:38:31.114+0000] {processor.py:840} INFO - DAG(s) 'tutorial' retrieved from /home/airflow/.local/lib/python3.12/site-packages/airflow/example_dags/tutorial.py
[2026-03-02T13:38:31.123+0000] {logging_mixin.py:188} INFO - [2026-03-02T13:38:31.123+0000] {dag.py:3096} INFO - Sync 1 DAGs
[2026-03-02T13:38:31.132+0000] {logging_mixin.py:188} INFO - [2026-03-02T13:38:31.132+0000] {dag.py:3954} INFO - Setting next_dagrun for tutorial to 2026-03-01 00:00:00+00:00, run_after=2026-03-02 00:00:00+00:00
[2026-03-02T13:38:31.139+0000] {processor.py:183} INFO - Processing /home/airflow/.local/lib/python3.12/site-packages/airflow/example_dags/tutorial.py took 0.033 seconds
[2026-03-02T13:39:01.545+0000] {processor.py:161} INFO - Started process (PID=351) to work on /home/airflow/.local/lib/python3.12/site-packages/airflow/example_dags/tutorial.py
[2026-03-02T13:39:01.548+0000] {processor.py:830} INFO - Processing file /home/airflow/.local/lib/python3.12/site-packages/airflow/example_dags/tutorial.py for tasks to queue
[2026-03-02T13:39:01.549+0000] {logging_mixin.py:188} INFO - [2026-03-02T13:39:01.549+0000] {dagbag.py:540} INFO - Filling up the DagBag from /home/airflow/.local/lib/python3.12/site-packages/airflow/example_dags/tutorial.py
[2026-03-02T13:39:01.555+0000] {processor.py:840} INFO - DAG(s) 'tutorial' retrieved from /home/airflow/.local/lib/python3.12/site-packages/airflow/example_dags/tutorial.py
[2026-03-02T13:39:01.565+0000] {logging_mixin.py:188} INFO - [2026-03-02T13:39:01.565+0000] {dag.py:3096} INFO - Sync 1 DAGs
[2026-03-02T13:39:01.574+0000] {logging_mixin.py:188} INFO - [2026-03-02T13:39:01.574+0000] {dag.py:3954} INFO - Setting next_dagrun for tutorial to 2026-03-01 00:00:00+00:00, run_after=2026-03-02 00:00:00+00:00
[2026-03-02T13:39:01.582+0000] {processor.py:183} INFO - Processing /home/airflow/.local/lib/python3.12/site-packages/airflow/example_dags/tutorial.py took 0.040 seconds
[2026-03-02T13:39:32.016+0000] {processor.py:161} INFO - Started process (PID=409) to work on /home/airflow/.local/lib/python3.12/site-packages/airflow/example_dags/tutorial.py
[2026-03-02T13:39:32.017+0000] {processor.py:830} INFO - Processing file /home/airflow/.local/lib/python3.12/site-packages/airflow/example_dags/tutorial.py for tasks to queue
[2026-03-02T13:39:32.019+0000] {logging_mixin.py:188} INFO - [2026-03-02T13:39:32.019+0000] {dagbag.py:540} INFO - Filling up the DagBag from /home/airflow/.local/lib/python3.12/site-packages/airflow/example_dags/tutorial.py
[2026-03-02T13:39:32.022+0000] {processor.py:840} INFO - DAG(s) 'tutorial' retrieved from /home/airflow/.local/lib/python3.12/site-packages/airflow/example_dags/tutorial.py
[2026-03-02T13:39:32.033+0000] {logging_mixin.py:188} INFO - [2026-03-02T13:39:32.033+0000] {dag.py:3096} INFO - Sync 1 DAGs
[2026-03-02T13:39:32.042+0000] {logging_mixin.py:188} INFO - [2026-03-02T13:39:32.042+0000] {dag.py:3954} INFO - Setting next_dagrun for tutorial to 2026-03-01 00:00:00+00:00, run_after=2026-03-02 00:00:00+00:00
[2026-03-02T13:39:32.049+0000] {processor.py:183} INFO - Processing /home/airflow/.local/lib/python3.12/site-packages/airflow/example_dags/tutorial.py took 0.036 seconds
[2026-03-02T13:40:02.493+0000] {processor.py:161} INFO - Started process (PID=467) to work on /home/airflow/.local/lib/python3.12/site-packages/airflow/example_dags/tutorial.py
[2026-03-02T13:40:02.494+0000] {processor.py:830} INFO - Processing file /home/airflow/.local/lib/python3.12/site-packages/airflow/example_dags/tutorial.py for tasks to queue
[2026-03-02T13:40:02.495+0000] {logging_mixin.py:188} INFO - [2026-03-02T13:40:02.495+0000] {dagbag.py:540} INFO - Filling up the DagBag from /home/airflow/.local/lib/python3.12/site-packages/airflow/example_dags/tutorial.py
[2026-03-02T13:40:02.498+0000] {processor.py:840} INFO - DAG(s) 'tutorial' retrieved from /home/airflow/.local/lib/python3.12/site-packages/airflow/example_dags/tutorial.py
[2026-03-02T13:40:02.508+0000] {logging_mixin.py:188} INFO - [2026-03-02T13:40:02.508+0000] {dag.py:3096} INFO - Sync 1 DAGs
[2026-03-02T13:40:02.517+0000] {logging_mixin.py:188} INFO - [2026-03-02T13:40:02.517+0000] {dag.py:3954} INFO - Setting next_dagrun for tutorial to 2026-03-01 00:00:00+00:00, run_after=2026-03-02 00:00:00+00:00
[2026-03-02T13:40:02.524+0000] {processor.py:183} INFO - Processing /home/airflow/.local/lib/python3.12/site-packages/airflow/example_dags/tutorial.py took 0.034 seconds
[2026-03-02T13:40:32.784+0000] {processor.py:161} INFO - Started process (PID=525) to work on /home/airflow/.local/lib/python3.12/site-packages/airflow/example_dags/tutorial.py
[2026-03-02T13:40:32.784+0000] {processor.py:830} INFO - Processing file /home/airflow/.local/lib/python3.12/site-packages/airflow/example_dags/tutorial.py for tasks to queue
[2026-03-02T13:40:32.785+0000] {logging_mixin.py:188} INFO - [2026-03-02T13:40:32.785+0000] {dagbag.py:540} INFO - Filling up the DagBag from /home/airflow/.local/lib/python3.12/site-packages/airflow/example_dags/tutorial.py
[2026-03-02T13:40:32.788+0000] {processor.py:840} INFO - DAG(s) 'tutorial' retrieved from /home/airflow/.local/lib/python3.12/site-packages/airflow/example_dags/tutorial.py
[2026-03-02T13:40:32.796+0000] {logging_mixin.py:188} INFO - [2026-03-02T13:40:32.796+0000] {dag.py:3096} INFO - Sync 1 DAGs
[2026-03-02T13:40:32.804+0000] {logging_mixin.py:188} INFO - [2026-03-02T13:40:32.804+0000] {dag.py:3954} INFO - Setting next_dagrun for tutorial to 2026-03-01 00:00:00+00:00, run_after=2026-03-02 00:00:00+00:00
[2026-03-02T13:40:32.810+0000] {processor.py:183} INFO - Processing /home/airflow/.local/lib/python3.12/site-packages/airflow/example_dags/tutorial.py took 0.030 seconds
[2026-03-02T13:41:03.174+0000] {processor.py:161} INFO - Started process (PID=583) to work on /home/airflow/.local/lib/python3.12/site-packages/airflow/example_dags/tutorial.py
[2026-03-02T13:41:03.175+0000] {processor.py:830} INFO - Processing file /home/airflow/.local/lib/python3.12/site-packages/airflow/example_dags/tutorial.py for tasks to queue
[2026-03-02T13:41:03.176+0000] {logging_mixin.py:188} INFO - [2026-03-02T13:41:03.175+0000] {dagbag.py:540} INFO - Filling up the DagBag from /home/airflow/.local/lib/python3.12/site-packages/airflow/example_dags/tutorial.py
[2026-03-02T13:41:03.179+0000] {processor.py:840} INFO - DAG(s) 'tutorial' retrieved from /home/airflow/.local/lib/python3.12/site-packages/airflow/example_dags/tutorial.py
[2026-03-02T13:41:03.189+0000] {logging_mixin.py:188} INFO - [2026-03-02T13:41:03.188+0000] {dag.py:3096} INFO - Sync 1 DAGs
[2026-03-02T13:41:03.197+0000] {logging_mixin.py:188} INFO - [2026-03-02T13:41:03.197+0000] {dag.py:3954} INFO - Setting next_dagrun for tutorial to 2026-03-01 00:00:00+00:00, run_after=2026-03-02 00:00:00+00:00
[2026-03-02T13:41:03.205+0000] {processor.py:183} INFO - Processing /home/airflow/.local/lib/python3.12/site-packages/airflow/example_dags/tutorial.py took 0.034 seconds
[2026-03-02T13:41:33.670+0000] {processor.py:161} INFO - Started process (PID=641) to work on /home/airflow/.local/lib/python3.12/site-packages/airflow/example_dags/tutorial.py
[2026-03-02T13:41:33.671+0000] {processor.py:830} INFO - Processing file /home/airflow/.local/lib/python3.12/site-packages/airflow/example_dags/tutorial.py for tasks to queue
[2026-03-02T13:41:33.672+0000] {logging_mixin.py:188} INFO - [2026-03-02T13:41:33.672+0000] {dagbag.py:540} INFO - Filling up the DagBag from /home/airflow/.local/lib/python3.12/site-packages/airflow/example_dags/tutorial.py
[2026-03-02T13:41:33.676+0000] {processor.py:840} INFO - DAG(s) 'tutorial' retrieved from /home/airflow/.local/lib/python3.12/site-packages/airflow/example_dags/tutorial.py
[2026-03-02T13:41:33.687+0000] {logging_mixin.py:188} INFO - [2026-03-02T13:41:33.687+0000] {dag.py:3096} INFO - Sync 1 DAGs
[2026-03-02T13:41:33.697+0000] {logging_mixin.py:188} INFO - [2026-03-02T13:41:33.697+0000] {dag.py:3954} INFO - Setting next_dagrun for tutorial to 2026-03-01 00:00:00+00:00, run_after=2026-03-02 00:00:00+00:00
[2026-03-02T13:41:33.707+0000] {processor.py:183} INFO - Processing /home/airflow/.local/lib/python3.12/site-packages/airflow/example_dags/tutorial.py took 0.040 seconds
[2026-03-02T13:42:04.189+0000] {processor.py:161} INFO - Started process (PID=699) to work on /home/airflow/.local/lib/python3.12/site-packages/airflow/example_dags/tutorial.py
[2026-03-02T13:42:04.191+0000] {processor.py:830} INFO - Processing file /home/airflow/.local/lib/python3.12/site-packages/airflow/example_dags/tutorial.py for tasks to queue
[2026-03-02T13:42:04.192+0000] {logging_mixin.py:188} INFO - [2026-03-02T13:42:04.192+0000] {dagbag.py:540} INFO - Filling up the DagBag from /home/airflow/.local/lib/python3.12/site-packages/airflow/example_dags/tutorial.py
[2026-03-02T13:42:04.195+0000] {processor.py:840} INFO - DAG(s) 'tutorial' retrieved from /home/airflow/.local/lib/python3.12/site-packages/airflow/example_dags/tutorial.py
[2026-03-02T13:42:04.208+0000] {logging_mixin.py:188} INFO - [2026-03-02T13:42:04.208+0000] {dag.py:3096} INFO - Sync 1 DAGs
[2026-03-02T13:42:04.220+0000] {logging_mixin.py:188} INFO - [2026-03-02T13:42:04.219+0000] {dag.py:3954} INFO - Setting next_dagrun for tutorial to 2026-03-01 00:00:00+00:00, run_after=2026-03-02 00:00:00+00:00
[2026-03-02T13:42:04.229+0000] {processor.py:183} INFO - Processing /home/airflow/.local/lib/python3.12/site-packages/airflow/example_dags/tutorial.py took 0.043 seconds
[2026-03-02T13:42:34.386+0000] {processor.py:161} INFO - Started process (PID=757) to work on /home/airflow/.local/lib/python3.12/site-packages/airflow/example_dags/tutorial.py
[2026-03-02T13:42:34.386+0000] {processor.py:830} INFO - Processing file /home/airflow/.local/lib/python3.12/site-packages/airflow/example_dags/tutorial.py for tasks to queue
[2026-03-02T13:42:34.388+0000] {logging_mixin.py:188} INFO - [2026-03-02T13:42:34.387+0000] {dagbag.py:540} INFO - Filling up the DagBag from /home/airflow/.local/lib/python3.12/site-packages/airflow/example_dags/tutorial.py
[2026-03-02T13:42:34.391+0000] {processor.py:840} INFO - DAG(s) 'tutorial' retrieved from /home/airflow/.local/lib/python3.12/site-packages/airflow/example_dags/tutorial.py
[2026-03-02T13:42:34.400+0000] {logging_mixin.py:188} INFO - [2026-03-02T13:42:34.399+0000] {dag.py:3096} INFO - Sync 1 DAGs
[2026-03-02T13:42:34.409+0000] {logging_mixin.py:188} INFO - [2026-03-02T13:42:34.409+0000] {dag.py:3954} INFO - Setting next_dagrun for tutorial to 2026-03-01 00:00:00+00:00, run_after=2026-03-02 00:00:00+00:00
[2026-03-02T13:42:34.417+0000] {processor.py:183} INFO - Processing /home/airflow/.local/lib/python3.12/site-packages/airflow/example_dags/tutorial.py took 0.033 seconds
[2026-03-02T13:43:04.891+0000] {processor.py:161} INFO - Started process (PID=815) to work on /home/airflow/.local/lib/python3.12/site-packages/airflow/example_dags/tutorial.py
[2026-03-02T13:43:04.891+0000] {processor.py:830} INFO - Processing file /home/airflow/.local/lib/python3.12/site-packages/airflow/example_dags/tutorial.py for tasks to queue
[2026-03-02T13:43:04.892+0000] {logging_mixin.py:188} INFO - [2026-03-02T13:43:04.892+0000] {dagbag.py:540} INFO - Filling up the DagBag from /home/airflow/.local/lib/python3.12/site-packages/airflow/example_dags/tutorial.py
[2026-03-02T13:43:04.894+0000] {processor.py:840} INFO - DAG(s) 'tutorial' retrieved from /home/airflow/.local/lib/python3.12/site-packages/airflow/example_dags/tutorial.py
[2026-03-02T13:43:04.902+0000] {logging_mixin.py:188} INFO - [2026-03-02T13:43:04.902+0000] {dag.py:3096} INFO - Sync 1 DAGs
[2026-03-02T13:43:04.910+0000] {logging_mixin.py:188} INFO - [2026-03-02T13:43:04.910+0000] {dag.py:3954} INFO - Setting next_dagrun for tutorial to 2026-03-01 00:00:00+00:00, run_after=2026-03-02 00:00:00+00:00
[2026-03-02T13:43:04.917+0000] {processor.py:183} INFO - Processing /home/airflow/.local/lib/python3.12/site-packages/airflow/example_dags/tutorial.py took 0.030 seconds
[2026-03-02T13:43:35.118+0000] {processor.py:161} INFO - Started process (PID=873) to work on /home/airflow/.local/lib/python3.12/site-packages/airflow/example_dags/tutorial.py
[2026-03-02T13:43:35.119+0000] {processor.py:830} INFO - Processing file /home/airflow/.local/lib/python3.12/site-packages/airflow/example_dags/tutorial.py for tasks to queue
[2026-03-02T13:43:35.120+0000] {logging_mixin.py:188} INFO - [2026-03-02T13:43:35.120+0000] {dagbag.py:540} INFO - Filling up the DagBag from /home/airflow/.local/lib/python3.12/site-packages/airflow/example_dags/tutorial.py
[2026-03-02T13:43:35.124+0000] {processor.py:840} INFO - DAG(s) 'tutorial' retrieved from /home/airflow/.local/lib/python3.12/site-packages/airflow/example_dags/tutorial.py
[2026-03-02T13:43:35.133+0000] {logging_mixin.py:188} INFO - [2026-03-02T13:43:35.133+0000] {dag.py:3096} INFO - Sync 1 DAGs
[2026-03-02T13:43:35.141+0000] {logging_mixin.py:188} INFO - [2026-03-02T13:43:35.141+0000] {dag.py:3954} INFO - Setting next_dagrun for tutorial to 2026-03-01 00:00:00+00:00, run_after=2026-03-02 00:00:00+00:00
[2026-03-02T13:43:35.148+0000] {processor.py:183} INFO - Processing /home/airflow/.local/lib/python3.12/site-packages/airflow/example_dags/tutorial.py took 0.033 seconds
[2026-03-02T13:44:05.674+0000] {processor.py:161} INFO - Started process (PID=931) to work on /home/airflow/.local/lib/python3.12/site-packages/airflow/example_dags/tutorial.py
[2026-03-02T13:44:05.676+0000] {processor.py:830} INFO - Processing file /home/airflow/.local/lib/python3.12/site-packages/airflow/example_dags/tutorial.py for tasks to queue
[2026-03-02T13:44:05.677+0000] {logging_mixin.py:188} INFO - [2026-03-02T13:44:05.677+0000] {dagbag.py:540} INFO - Filling up the DagBag from /home/airflow/.local/lib/python3.12/site-packages/airflow/example_dags/tutorial.py
[2026-03-02T13:44:05.680+0000] {processor.py:840} INFO - DAG(s) 'tutorial' retrieved from /home/airflow/.local/lib/python3.12/site-packages/airflow/example_dags/tutorial.py
[2026-03-02T13:44:05.692+0000] {logging_mixin.py:188} INFO - [2026-03-02T13:44:05.692+0000] {dag.py:3096} INFO - Sync 1 DAGs
[2026-03-02T13:44:05.702+0000] {logging_mixin.py:188} INFO - [2026-03-02T13:44:05.702+0000] {dag.py:3954} INFO - Setting next_dagrun for tutorial to 2026-03-01 00:00:00+00:00, run_after=2026-03-02 00:00:00+00:00
[2026-03-02T13:44:05.711+0000] {processor.py:183} INFO - Processing /home/airflow/.local/lib/python3.12/site-packages/airflow/example_dags/tutorial.py took 0.041 seconds
[2026-03-02T13:44:36.098+0000] {processor.py:161} INFO - Started process (PID=988) to work on /home/airflow/.local/lib/python3.12/site-packages/airflow/example_dags/tutorial.py
[2026-03-02T13:44:36.101+0000] {processor.py:830} INFO - Processing file /home/airflow/.local/lib/python3.12/site-packages/airflow/example_dags/tutorial.py for tasks to queue
[2026-03-02T13:44:36.102+0000] {logging_mixin.py:188} INFO - [2026-03-02T13:44:36.102+0000] {dagbag.py:540} INFO - Filling up the DagBag from /home/airflow/.local/lib/python3.12/site-packages/airflow/example_dags/tutorial.py
[2026-03-02T13:44:36.105+0000] {processor.py:840} INFO - DAG(s) 'tutorial' retrieved from /home/airflow/.local/lib/python3.12/site-packages/airflow/example_dags/tutorial.py
[2026-03-02T13:44:36.115+0000] {logging_mixin.py:188} INFO - [2026-03-02T13:44:36.115+0000] {dag.py:3096} INFO - Sync 1 DAGs
[2026-03-02T13:44:36.124+0000] {logging_mixin.py:188} INFO - [2026-03-02T13:44:36.124+0000] {dag.py:3954} INFO - Setting next_dagrun for tutorial to 2026-03-01 00:00:00+00:00, run_after=2026-03-02 00:00:00+00:00
[2026-03-02T13:44:36.131+0000] {processor.py:183} INFO - Processing /home/airflow/.local/lib/python3.12/site-packages/airflow/example_dags/tutorial.py took 0.035 seconds
[2026-03-02T13:45:06.161+0000] {processor.py:161} INFO - Started process (PID=1046) to work on /home/airflow/.local/lib/python3.12/site-packages/airflow/example_dags/tutorial.py
[2026-03-02T13:45:06.162+0000] {processor.py:830} INFO - Processing file /home/airflow/.local/lib/python3.12/site-packages/airflow/example_dags/tutorial.py for tasks to queue
[2026-03-02T13:45:06.164+0000] {logging_mixin.py:188} INFO - [2026-03-02T13:45:06.164+0000] {dagbag.py:540} INFO - Filling up the DagBag from /home/airflow/.local/lib/python3.12/site-packages/airflow/example_dags/tutorial.py
[2026-03-02T13:45:06.167+0000] {processor.py:840} INFO - DAG(s) 'tutorial' retrieved from /home/airflow/.local/lib/python3.12/site-packages/airflow/example_dags/tutorial.py
[2026-03-02T13:45:06.178+0000] {logging_mixin.py:188} INFO - [2026-03-02T13:45:06.178+0000] {dag.py:3096} INFO - Sync 1 DAGs
[2026-03-02T13:45:06.187+0000] {logging_mixin.py:188} INFO - [2026-03-02T13:45:06.187+0000] {dag.py:3954} INFO - Setting next_dagrun for tutorial to 2026-03-01 00:00:00+00:00, run_after=2026-03-02 00:00:00+00:00
[2026-03-02T13:45:06.194+0000] {processor.py:183} INFO - Processing /home/airflow/.local/lib/python3.12/site-packages/airflow/example_dags/tutorial.py took 0.036 seconds
[2026-03-02T13:45:36.434+0000] {processor.py:161} INFO - Started process (PID=1104) to work on /home/airflow/.local/lib/python3.12/site-packages/airflow/example_dags/tutorial.py
[2026-03-02T13:45:36.434+0000] {processor.py:830} INFO - Processing file /home/airflow/.local/lib/python3.12/site-packages/airflow/example_dags/tutorial.py for tasks to queue
[2026-03-02T13:45:36.435+0000] {logging_mixin.py:188} INFO - [2026-03-02T13:45:36.435+0000] {dagbag.py:540} INFO - Filling up the DagBag from /home/airflow/.local/lib/python3.12/site-packages/airflow/example_dags/tutorial.py
[2026-03-02T13:45:36.439+0000] {processor.py:840} INFO - DAG(s) 'tutorial' retrieved from /home/airflow/.local/lib/python3.12/site-packages/airflow/example_dags/tutorial.py
[2026-03-02T13:45:36.452+0000] {logging_mixin.py:188} INFO - [2026-03-02T13:45:36.452+0000] {dag.py:3096} INFO - Sync 1 DAGs
[2026-03-02T13:45:36.565+0000] {logging_mixin.py:188} INFO - [2026-03-02T13:45:36.565+0000] {dag.py:3954} INFO - Setting next_dagrun for tutorial to 2026-03-01 00:00:00+00:00, run_after=2026-03-02 00:00:00+00:00
[2026-03-02T13:45:36.572+0000] {processor.py:183} INFO - Processing /home/airflow/.local/lib/python3.12/site-packages/airflow/example_dags/tutorial.py took 0.142 seconds
[2026-03-02T13:46:06.907+0000] {processor.py:161} INFO - Started process (PID=1162) to work on /home/airflow/.local/lib/python3.12/site-packages/airflow/example_dags/tutorial.py
[2026-03-02T13:46:06.907+0000] {processor.py:830} INFO - Processing file /home/airflow/.local/lib/python3.12/site-packages/airflow/example_dags/tutorial.py for tasks to queue
[2026-03-02T13:46:06.908+0000] {logging_mixin.py:188} INFO - [2026-03-02T13:46:06.908+0000] {dagbag.py:540} INFO - Filling up the DagBag from /home/airflow/.local/lib/python3.12/site-packages/airflow/example_dags/tutorial.py
[2026-03-02T13:46:06.911+0000] {processor.py:840} INFO - DAG(s) 'tutorial' retrieved from /home/airflow/.local/lib/python3.12/site-packages/airflow/example_dags/tutorial.py
[2026-03-02T13:46:06.925+0000] {logging_mixin.py:188} INFO - [2026-03-02T13:46:06.925+0000] {dag.py:3096} INFO - Sync 1 DAGs
[2026-03-02T13:46:06.936+0000] {logging_mixin.py:188} INFO - [2026-03-02T13:46:06.936+0000] {dag.py:3954} INFO - Setting next_dagrun for tutorial to 2026-03-01 00:00:00+00:00, run_after=2026-03-02 00:00:00+00:00
[2026-03-02T13:46:07.038+0000] {processor.py:183} INFO - Processing /home/airflow/.local/lib/python3.12/site-packages/airflow/example_dags/tutorial.py took 0.135 seconds
[2026-03-02T13:46:37.176+0000] {processor.py:161} INFO - Started process (PID=1220) to work on /home/airflow/.local/lib/python3.12/site-packages/airflow/example_dags/tutorial.py
[2026-03-02T13:46:37.178+0000] {processor.py:830} INFO - Processing file /home/airflow/.local/lib/python3.12/site-packages/airflow/example_dags/tutorial.py for tasks to queue
[2026-03-02T13:46:37.179+0000] {logging_mixin.py:188} INFO - [2026-03-02T13:46:37.179+0000] {dagbag.py:540} INFO - Filling up the DagBag from /home/airflow/.local/lib/python3.12/site-packages/airflow/example_dags/tutorial.py
[2026-03-02T13:46:37.182+0000] {processor.py:840} INFO - DAG(s) 'tutorial' retrieved from /home/airflow/.local/lib/python3.12/site-packages/airflow/example_dags/tutorial.py
[2026-03-02T13:46:37.191+0000] {logging_mixin.py:188} INFO - [2026-03-02T13:46:37.191+0000] {dag.py:3096} INFO - Sync 1 DAGs
[2026-03-02T13:46:37.211+0000] {logging_mixin.py:188} INFO - [2026-03-02T13:46:37.211+0000] {dag.py:3954} INFO - Setting next_dagrun for tutorial to 2026-03-01 00:00:00+00:00, run_after=2026-03-02 00:00:00+00:00
[2026-03-02T13:46:37.225+0000] {processor.py:183} INFO - Processing /home/airflow/.local/lib/python3.12/site-packages/airflow/example_dags/tutorial.py took 0.052 seconds
[2026-03-02T13:47:08.145+0000] {processor.py:161} INFO - Started process (PID=1278) to work on /home/airflow/.local/lib/python3.12/site-packages/airflow/example_dags/tutorial.py
[2026-03-02T13:47:08.146+0000] {processor.py:830} INFO - Processing file /home/airflow/.local/lib/python3.12/site-packages/airflow/example_dags/tutorial.py for tasks to queue
[2026-03-02T13:47:08.146+0000] {logging_mixin.py:188} INFO - [2026-03-02T13:47:08.146+0000] {dagbag.py:540} INFO - Filling up the DagBag from /home/airflow/.local/lib/python3.12/site-packages/airflow/example_dags/tutorial.py
[2026-03-02T13:47:08.150+0000] {processor.py:840} INFO - DAG(s) 'tutorial' retrieved from /home/airflow/.local/lib/python3.12/site-packages/airflow/example_dags/tutorial.py
[2026-03-02T13:47:08.167+0000] {logging_mixin.py:188} INFO - [2026-03-02T13:47:08.167+0000] {dag.py:3096} INFO - Sync 1 DAGs
[2026-03-02T13:47:08.184+0000] {logging_mixin.py:188} INFO - [2026-03-02T13:47:08.184+0000] {dag.py:3954} INFO - Setting next_dagrun for tutorial to 2026-03-01 00:00:00+00:00, run_after=2026-03-02 00:00:00+00:00
[2026-03-02T13:47:08.207+0000] {processor.py:183} INFO - Processing /home/airflow/.local/lib/python3.12/site-packages/airflow/example_dags/tutorial.py took 0.066 seconds
[2026-03-02T13:47:38.269+0000] {processor.py:161} INFO - Started process (PID=1336) to work on /home/airflow/.local/lib/python3.12/site-packages/airflow/example_dags/tutorial.py
[2026-03-02T13:47:38.270+0000] {processor.py:830} INFO - Processing file /home/airflow/.local/lib/python3.12/site-packages/airflow/example_dags/tutorial.py for tasks to queue
[2026-03-02T13:47:38.271+0000] {logging_mixin.py:188} INFO - [2026-03-02T13:47:38.271+0000] {dagbag.py:540} INFO - Filling up the DagBag from /home/airflow/.local/lib/python3.12/site-packages/airflow/example_dags/tutorial.py
[2026-03-02T13:47:38.274+0000] {processor.py:840} INFO - DAG(s) 'tutorial' retrieved from /home/airflow/.local/lib/python3.12/site-packages/airflow/example_dags/tutorial.py
[2026-03-02T13:47:38.284+0000] {logging_mixin.py:188} INFO - [2026-03-02T13:47:38.284+0000] {dag.py:3096} INFO - Sync 1 DAGs
[2026-03-02T13:47:38.293+0000] {logging_mixin.py:188} INFO - [2026-03-02T13:47:38.292+0000] {dag.py:3954} INFO - Setting next_dagrun for tutorial to 2026-03-01 00:00:00+00:00, run_after=2026-03-02 00:00:00+00:00
[2026-03-02T13:47:38.300+0000] {processor.py:183} INFO - Processing /home/airflow/.local/lib/python3.12/site-packages/airflow/example_dags/tutorial.py took 0.034 seconds
[2026-03-02T13:48:08.636+0000] {processor.py:161} INFO - Started process (PID=1394) to work on /home/airflow/.local/lib/python3.12/site-packages/airflow/example_dags/tutorial.py
[2026-03-02T13:48:08.637+0000] {processor.py:830} INFO - Processing file /home/airflow/.local/lib/python3.12/site-packages/airflow/example_dags/tutorial.py for tasks to queue
[2026-03-02T13:48:08.637+0000] {logging_mixin.py:188} INFO - [2026-03-02T13:48:08.637+0000] {dagbag.py:540} INFO - Filling up the DagBag from /home/airflow/.local/lib/python3.12/site-packages/airflow/example_dags/tutorial.py
[2026-03-02T13:48:08.640+0000] {processor.py:840} INFO - DAG(s) 'tutorial' retrieved from /home/airflow/.local/lib/python3.12/site-packages/airflow/example_dags/tutorial.py
[2026-03-02T13:48:08.658+0000] {logging_mixin.py:188} INFO - [2026-03-02T13:48:08.658+0000] {dag.py:3096} INFO - Sync 1 DAGs
[2026-03-02T13:48:08.673+0000] {logging_mixin.py:188} INFO - [2026-03-02T13:48:08.673+0000] {dag.py:3954} INFO - Setting next_dagrun for tutorial to 2026-03-01 00:00:00+00:00, run_after=2026-03-02 00:00:00+00:00
[2026-03-02T13:48:08.694+0000] {processor.py:183} INFO - Processing /home/airflow/.local/lib/python3.12/site-packages/airflow/example_dags/tutorial.py took 0.061 seconds
[2026-03-02T13:48:39.043+0000] {processor.py:161} INFO - Started process (PID=1452) to work on /home/airflow/.local/lib/python3.12/site-packages/airflow/example_dags/tutorial.py
[2026-03-02T13:48:39.043+0000] {processor.py:830} INFO - Processing file /home/airflow/.local/lib/python3.12/site-packages/airflow/example_dags/tutorial.py for tasks to queue
[2026-03-02T13:48:39.044+0000] {logging_mixin.py:188} INFO - [2026-03-02T13:48:39.044+0000] {dagbag.py:540} INFO - Filling up the DagBag from /home/airflow/.local/lib/python3.12/site-packages/airflow/example_dags/tutorial.py
[2026-03-02T13:48:39.047+0000] {processor.py:840} INFO - DAG(s) 'tutorial' retrieved from /home/airflow/.local/lib/python3.12/site-packages/airflow/example_dags/tutorial.py
[2026-03-02T13:48:39.060+0000] {logging_mixin.py:188} INFO - [2026-03-02T13:48:39.060+0000] {dag.py:3096} INFO - Sync 1 DAGs
[2026-03-02T13:48:39.076+0000] {logging_mixin.py:188} INFO - [2026-03-02T13:48:39.076+0000] {dag.py:3954} INFO - Setting next_dagrun for tutorial to 2026-03-01 00:00:00+00:00, run_after=2026-03-02 00:00:00+00:00
[2026-03-02T13:48:39.089+0000] {processor.py:183} INFO - Processing /home/airflow/.local/lib/python3.12/site-packages/airflow/example_dags/tutorial.py took 0.049 seconds
[2026-03-02T13:49:09.231+0000] {processor.py:161} INFO - Started process (PID=1510) to work on /home/airflow/.local/lib/python3.12/site-packages/airflow/example_dags/tutorial.py
[2026-03-02T13:49:09.232+0000] {processor.py:830} INFO - Processing file /home/airflow/.local/lib/python3.12/site-packages/airflow/example_dags/tutorial.py for tasks to queue
[2026-03-02T13:49:09.233+0000] {logging_mixin.py:188} INFO - [2026-03-02T13:49:09.233+0000] {dagbag.py:540} INFO - Filling up the DagBag from /home/airflow/.local/lib/python3.12/site-packages/airflow/example_dags/tutorial.py
[2026-03-02T13:49:09.240+0000] {processor.py:840} INFO - DAG(s) 'tutorial' retrieved from /home/airflow/.local/lib/python3.12/site-packages/airflow/example_dags/tutorial.py
[2026-03-02T13:49:09.258+0000] {logging_mixin.py:188} INFO - [2026-03-02T13:49:09.258+0000] {dag.py:3096} INFO - Sync 1 DAGs
[2026-03-02T13:49:09.268+0000] {logging_mixin.py:188} INFO - [2026-03-02T13:49:09.268+0000] {dag.py:3954} INFO - Setting next_dagrun for tutorial to 2026-03-01 00:00:00+00:00, run_after=2026-03-02 00:00:00+00:00
[2026-03-02T13:49:09.277+0000] {processor.py:183} INFO - Processing /home/airflow/.local/lib/python3.12/site-packages/airflow/example_dags/tutorial.py took 0.051 seconds
[2026-03-02T13:49:39.491+0000] {processor.py:161} INFO - Started process (PID=1568) to work on /home/airflow/.local/lib/python3.12/site-packages/airflow/example_dags/tutorial.py
[2026-03-02T13:49:39.492+0000] {processor.py:830} INFO - Processing file /home/airflow/.local/lib/python3.12/site-packages/airflow/example_dags/tutorial.py for tasks to queue
[2026-03-02T13:49:39.493+0000] {logging_mixin.py:188} INFO - [2026-03-02T13:49:39.493+0000] {dagbag.py:540} INFO - Filling up the DagBag from /home/airflow/.local/lib/python3.12/site-packages/airflow/example_dags/tutorial.py
[2026-03-02T13:49:39.495+0000] {processor.py:840} INFO - DAG(s) 'tutorial' retrieved from /home/airflow/.local/lib/python3.12/site-packages/airflow/example_dags/tutorial.py
[2026-03-02T13:49:39.505+0000] {logging_mixin.py:188} INFO - [2026-03-02T13:49:39.505+0000] {dag.py:3096} INFO - Sync 1 DAGs
[2026-03-02T13:49:39.513+0000] {logging_mixin.py:188} INFO - [2026-03-02T13:49:39.513+0000] {dag.py:3954} INFO - Setting next_dagrun for tutorial to 2026-03-01 00:00:00+00:00, run_after=2026-03-02 00:00:00+00:00
[2026-03-02T13:49:39.526+0000] {processor.py:183} INFO - Processing /home/airflow/.local/lib/python3.12/site-packages/airflow/example_dags/tutorial.py took 0.038 seconds
[2026-03-02T13:50:09.565+0000] {processor.py:161} INFO - Started process (PID=1626) to work on /home/airflow/.local/lib/python3.12/site-packages/airflow/example_dags/tutorial.py
[2026-03-02T13:50:09.566+0000] {processor.py:830} INFO - Processing file /home/airflow/.local/lib/python3.12/site-packages/airflow/example_dags/tutorial.py for tasks to queue
[2026-03-02T13:50:09.567+0000] {logging_mixin.py:188} INFO - [2026-03-02T13:50:09.567+0000] {dagbag.py:540} INFO - Filling up the DagBag from /home/airflow/.local/lib/python3.12/site-packages/airflow/example_dags/tutorial.py
[2026-03-02T13:50:09.570+0000] {processor.py:840} INFO - DAG(s) 'tutorial' retrieved from /home/airflow/.local/lib/python3.12/site-packages/airflow/example_dags/tutorial.py
[2026-03-02T13:50:09.587+0000] {logging_mixin.py:188} INFO - [2026-03-02T13:50:09.587+0000] {dag.py:3096} INFO - Sync 1 DAGs
[2026-03-02T13:50:09.597+0000] {logging_mixin.py:188} INFO - [2026-03-02T13:50:09.596+0000] {dag.py:3954} INFO - Setting next_dagrun for tutorial to 2026-03-01 00:00:00+00:00, run_after=2026-03-02 00:00:00+00:00
[2026-03-02T13:50:09.606+0000] {processor.py:183} INFO - Processing /home/airflow/.local/lib/python3.12/site-packages/airflow/example_dags/tutorial.py took 0.044 seconds
[2026-03-02T13:50:40.474+0000] {processor.py:161} INFO - Started process (PID=1682) to work on /home/airflow/.local/lib/python3.12/site-packages/airflow/example_dags/tutorial.py
[2026-03-02T13:50:40.476+0000] {processor.py:830} INFO - Processing file /home/airflow/.local/lib/python3.12/site-packages/airflow/example_dags/tutorial.py for tasks to queue
[2026-03-02T13:50:40.480+0000] {logging_mixin.py:188} INFO - [2026-03-02T13:50:40.479+0000] {dagbag.py:540} INFO - Filling up the DagBag from /home/airflow/.local/lib/python3.12/site-packages/airflow/example_dags/tutorial.py
[2026-03-02T13:50:40.488+0000] {processor.py:840} INFO - DAG(s) 'tutorial' retrieved from /home/airflow/.local/lib/python3.12/site-packages/airflow/example_dags/tutorial.py
[2026-03-02T13:50:40.515+0000] {logging_mixin.py:188} INFO - [2026-03-02T13:50:40.515+0000] {dag.py:3096} INFO - Sync 1 DAGs
[2026-03-02T13:50:40.531+0000] {logging_mixin.py:188} INFO - [2026-03-02T13:50:40.531+0000] {dag.py:3954} INFO - Setting next_dagrun for tutorial to 2026-03-01 00:00:00+00:00, run_after=2026-03-02 00:00:00+00:00
[2026-03-02T13:50:40.549+0000] {processor.py:183} INFO - Processing /home/airflow/.local/lib/python3.12/site-packages/airflow/example_dags/tutorial.py took 0.080 seconds
[2026-03-02T13:51:11.311+0000] {processor.py:161} INFO - Started process (PID=1740) to work on /home/airflow/.local/lib/python3.12/site-packages/airflow/example_dags/tutorial.py
[2026-03-02T13:51:11.312+0000] {processor.py:830} INFO - Processing file /home/airflow/.local/lib/python3.12/site-packages/airflow/example_dags/tutorial.py for tasks to queue
[2026-03-02T13:51:11.313+0000] {logging_mixin.py:188} INFO - [2026-03-02T13:51:11.313+0000] {dagbag.py:540} INFO - Filling up the DagBag from /home/airflow/.local/lib/python3.12/site-packages/airflow/example_dags/tutorial.py
[2026-03-02T13:51:11.316+0000] {processor.py:840} INFO - DAG(s) 'tutorial' retrieved from /home/airflow/.local/lib/python3.12/site-packages/airflow/example_dags/tutorial.py
[2026-03-02T13:51:11.327+0000] {logging_mixin.py:188} INFO - [2026-03-02T13:51:11.327+0000] {dag.py:3096} INFO - Sync 1 DAGs
[2026-03-02T13:51:11.351+0000] {logging_mixin.py:188} INFO - [2026-03-02T13:51:11.351+0000] {dag.py:3954} INFO - Setting next_dagrun for tutorial to 2026-03-01 00:00:00+00:00, run_after=2026-03-02 00:00:00+00:00
[2026-03-02T13:51:11.365+0000] {processor.py:183} INFO - Processing /home/airflow/.local/lib/python3.12/site-packages/airflow/example_dags/tutorial.py took 0.058 seconds
[2026-03-02T13:51:41.968+0000] {processor.py:161} INFO - Started process (PID=1798) to work on /home/airflow/.local/lib/python3.12/site-packages/airflow/example_dags/tutorial.py
[2026-03-02T13:51:41.969+0000] {processor.py:830} INFO - Processing file /home/airflow/.local/lib/python3.12/site-packages/airflow/example_dags/tutorial.py for tasks to queue
[2026-03-02T13:51:41.970+0000] {logging_mixin.py:188} INFO - [2026-03-02T13:51:41.970+0000] {dagbag.py:540} INFO - Filling up the DagBag from /home/airflow/.local/lib/python3.12/site-packages/airflow/example_dags/tutorial.py
[2026-03-02T13:51:41.974+0000] {processor.py:840} INFO - DAG(s) 'tutorial' retrieved from /home/airflow/.local/lib/python3.12/site-packages/airflow/example_dags/tutorial.py
[2026-03-02T13:51:41.989+0000] {logging_mixin.py:188} INFO - [2026-03-02T13:51:41.989+0000] {dag.py:3096} INFO - Sync 1 DAGs
[2026-03-02T13:51:42.013+0000] {logging_mixin.py:188} INFO - [2026-03-02T13:51:42.013+0000] {dag.py:3954} INFO - Setting next_dagrun for tutorial to 2026-03-01 00:00:00+00:00, run_after=2026-03-02 00:00:00+00:00
[2026-03-02T13:51:42.031+0000] {processor.py:183} INFO - Processing /home/airflow/.local/lib/python3.12/site-packages/airflow/example_dags/tutorial.py took 0.068 seconds
[2026-03-02T13:52:12.661+0000] {processor.py:161} INFO - Started process (PID=1856) to work on /home/airflow/.local/lib/python3.12/site-packages/airflow/example_dags/tutorial.py
[2026-03-02T13:52:12.665+0000] {processor.py:830} INFO - Processing file /home/airflow/.local/lib/python3.12/site-packages/airflow/example_dags/tutorial.py for tasks to queue
[2026-03-02T13:52:12.667+0000] {logging_mixin.py:188} INFO - [2026-03-02T13:52:12.666+0000] {dagbag.py:540} INFO - Filling up the DagBag from /home/airflow/.local/lib/python3.12/site-packages/airflow/example_dags/tutorial.py
[2026-03-02T13:52:12.682+0000] {processor.py:840} INFO - DAG(s) 'tutorial' retrieved from /home/airflow/.local/lib/python3.12/site-packages/airflow/example_dags/tutorial.py
[2026-03-02T13:52:12.719+0000] {logging_mixin.py:188} INFO - [2026-03-02T13:52:12.718+0000] {dag.py:3096} INFO - Sync 1 DAGs
[2026-03-02T13:52:12.730+0000] {logging_mixin.py:188} INFO - [2026-03-02T13:52:12.729+0000] {dag.py:3954} INFO - Setting next_dagrun for tutorial to 2026-03-01 00:00:00+00:00, run_after=2026-03-02 00:00:00+00:00
[2026-03-02T13:52:12.741+0000] {processor.py:183} INFO - Processing /home/airflow/.local/lib/python3.12/site-packages/airflow/example_dags/tutorial.py took 0.088 seconds
[2026-03-02T13:52:43.334+0000] {processor.py:161} INFO - Started process (PID=1914) to work on /home/airflow/.local/lib/python3.12/site-packages/airflow/example_dags/tutorial.py
[2026-03-02T13:52:43.335+0000] {processor.py:830} INFO - Processing file /home/airflow/.local/lib/python3.12/site-packages/airflow/example_dags/tutorial.py for tasks to queue
[2026-03-02T13:52:43.336+0000] {logging_mixin.py:188} INFO - [2026-03-02T13:52:43.335+0000] {dagbag.py:540} INFO - Filling up the DagBag from /home/airflow/.local/lib/python3.12/site-packages/airflow/example_dags/tutorial.py
[2026-03-02T13:52:43.339+0000] {processor.py:840} INFO - DAG(s) 'tutorial' retrieved from /home/airflow/.local/lib/python3.12/site-packages/airflow/example_dags/tutorial.py
[2026-03-02T13:52:43.351+0000] {logging_mixin.py:188} INFO - [2026-03-02T13:52:43.351+0000] {dag.py:3096} INFO - Sync 1 DAGs
[2026-03-02T13:52:43.363+0000] {logging_mixin.py:188} INFO - [2026-03-02T13:52:43.363+0000] {dag.py:3954} INFO - Setting next_dagrun for tutorial to 2026-03-01 00:00:00+00:00, run_after=2026-03-02 00:00:00+00:00
[2026-03-02T13:52:43.371+0000] {processor.py:183} INFO - Processing /home/airflow/.local/lib/python3.12/site-packages/airflow/example_dags/tutorial.py took 0.040 seconds
[2026-03-02T13:53:15.379+0000] {processor.py:161} INFO - Started process (PID=1972) to work on /home/airflow/.local/lib/python3.12/site-packages/airflow/example_dags/tutorial.py
[2026-03-02T13:53:15.381+0000] {processor.py:830} INFO - Processing file /home/airflow/.local/lib/python3.12/site-packages/airflow/example_dags/tutorial.py for tasks to queue
[2026-03-02T13:53:15.385+0000] {logging_mixin.py:188} INFO - [2026-03-02T13:53:15.383+0000] {dagbag.py:540} INFO - Filling up the DagBag from /home/airflow/.local/lib/python3.12/site-packages/airflow/example_dags/tutorial.py
[2026-03-02T13:53:15.398+0000] {processor.py:840} INFO - DAG(s) 'tutorial' retrieved from /home/airflow/.local/lib/python3.12/site-packages/airflow/example_dags/tutorial.py
[2026-03-02T13:53:15.735+0000] {logging_mixin.py:188} INFO - [2026-03-02T13:53:15.728+0000] {dag.py:3096} INFO - Sync 1 DAGs
[2026-03-02T13:53:15.843+0000] {logging_mixin.py:188} INFO - [2026-03-02T13:53:15.834+0000] {dag.py:3954} INFO - Setting next_dagrun for tutorial to 2026-03-01 00:00:00+00:00, run_after=2026-03-02 00:00:00+00:00
[2026-03-02T13:53:15.937+0000] {processor.py:183} INFO - Processing /home/airflow/.local/lib/python3.12/site-packages/airflow/example_dags/tutorial.py took 0.568 seconds
[2026-03-02T13:53:47.904+0000] {processor.py:161} INFO - Started process (PID=2030) to work on /home/airflow/.local/lib/python3.12/site-packages/airflow/example_dags/tutorial.py
[2026-03-02T13:53:47.906+0000] {processor.py:830} INFO - Processing file /home/airflow/.local/lib/python3.12/site-packages/airflow/example_dags/tutorial.py for tasks to queue
[2026-03-02T13:53:47.908+0000] {logging_mixin.py:188} INFO - [2026-03-02T13:53:47.908+0000] {dagbag.py:540} INFO - Filling up the DagBag from /home/airflow/.local/lib/python3.12/site-packages/airflow/example_dags/tutorial.py
[2026-03-02T13:53:47.917+0000] {processor.py:840} INFO - DAG(s) 'tutorial' retrieved from /home/airflow/.local/lib/python3.12/site-packages/airflow/example_dags/tutorial.py
[2026-03-02T13:53:47.942+0000] {logging_mixin.py:188} INFO - [2026-03-02T13:53:47.941+0000] {dag.py:3096} INFO - Sync 1 DAGs
[2026-03-02T13:53:47.968+0000] {logging_mixin.py:188} INFO - [2026-03-02T13:53:47.968+0000] {dag.py:3954} INFO - Setting next_dagrun for tutorial to 2026-03-01 00:00:00+00:00, run_after=2026-03-02 00:00:00+00:00
[2026-03-02T13:53:47.981+0000] {processor.py:183} INFO - Processing /home/airflow/.local/lib/python3.12/site-packages/airflow/example_dags/tutorial.py took 0.082 seconds
[2026-03-02T13:54:18.285+0000] {processor.py:161} INFO - Started process (PID=2088) to work on /home/airflow/.local/lib/python3.12/site-packages/airflow/example_dags/tutorial.py
[2026-03-02T13:54:18.285+0000] {processor.py:830} INFO - Processing file /home/airflow/.local/lib/python3.12/site-packages/airflow/example_dags/tutorial.py for tasks to queue
[2026-03-02T13:54:18.286+0000] {logging_mixin.py:188} INFO - [2026-03-02T13:54:18.286+0000] {dagbag.py:540} INFO - Filling up the DagBag from /home/airflow/.local/lib/python3.12/site-packages/airflow/example_dags/tutorial.py
[2026-03-02T13:54:18.290+0000] {processor.py:840} INFO - DAG(s) 'tutorial' retrieved from /home/airflow/.local/lib/python3.12/site-packages/airflow/example_dags/tutorial.py
[2026-03-02T13:54:18.298+0000] {logging_mixin.py:188} INFO - [2026-03-02T13:54:18.298+0000] {dag.py:3096} INFO - Sync 1 DAGs
[2026-03-02T13:54:18.307+0000] {logging_mixin.py:188} INFO - [2026-03-02T13:54:18.307+0000] {dag.py:3954} INFO - Setting next_dagrun for tutorial to 2026-03-01 00:00:00+00:00, run_after=2026-03-02 00:00:00+00:00
[2026-03-02T13:54:18.314+0000] {processor.py:183} INFO - Processing /home/airflow/.local/lib/python3.12/site-packages/airflow/example_dags/tutorial.py took 0.032 seconds
[2026-03-02T13:54:49.025+0000] {processor.py:161} INFO - Started process (PID=2146) to work on /home/airflow/.local/lib/python3.12/site-packages/airflow/example_dags/tutorial.py
[2026-03-02T13:54:49.025+0000] {processor.py:830} INFO - Processing file /home/airflow/.local/lib/python3.12/site-packages/airflow/example_dags/tutorial.py for tasks to queue
[2026-03-02T13:54:49.028+0000] {logging_mixin.py:188} INFO - [2026-03-02T13:54:49.028+0000] {dagbag.py:540} INFO - Filling up the DagBag from /home/airflow/.local/lib/python3.12/site-packages/airflow/example_dags/tutorial.py
[2026-03-02T13:54:49.030+0000] {processor.py:840} INFO - DAG(s) 'tutorial' retrieved from /home/airflow/.local/lib/python3.12/site-packages/airflow/example_dags/tutorial.py
[2026-03-02T13:54:49.039+0000] {logging_mixin.py:188} INFO - [2026-03-02T13:54:49.039+0000] {dag.py:3096} INFO - Sync 1 DAGs
[2026-03-02T13:54:49.048+0000] {logging_mixin.py:188} INFO - [2026-03-02T13:54:49.048+0000] {dag.py:3954} INFO - Setting next_dagrun for tutorial to 2026-03-01 00:00:00+00:00, run_after=2026-03-02 00:00:00+00:00
[2026-03-02T13:54:49.058+0000] {processor.py:183} INFO - Processing /home/airflow/.local/lib/python3.12/site-packages/airflow/example_dags/tutorial.py took 0.035 seconds
[2026-03-02T13:55:24.079+0000] {processor.py:161} INFO - Started process (PID=2204) to work on /home/airflow/.local/lib/python3.12/site-packages/airflow/example_dags/tutorial.py
[2026-03-02T13:55:24.082+0000] {processor.py:830} INFO - Processing file /home/airflow/.local/lib/python3.12/site-packages/airflow/example_dags/tutorial.py for tasks to queue
[2026-03-02T13:55:24.086+0000] {logging_mixin.py:188} INFO - [2026-03-02T13:55:24.086+0000] {dagbag.py:540} INFO - Filling up the DagBag from /home/airflow/.local/lib/python3.12/site-packages/airflow/example_dags/tutorial.py
[2026-03-02T13:55:24.094+0000] {processor.py:840} INFO - DAG(s) 'tutorial' retrieved from /home/airflow/.local/lib/python3.12/site-packages/airflow/example_dags/tutorial.py
[2026-03-02T13:55:24.120+0000] {logging_mixin.py:188} INFO - [2026-03-02T13:55:24.120+0000] {dag.py:3096} INFO - Sync 1 DAGs
[2026-03-02T13:55:24.152+0000] {logging_mixin.py:188} INFO - [2026-03-02T13:55:24.152+0000] {dag.py:3954} INFO - Setting next_dagrun for tutorial to 2026-03-01 00:00:00+00:00, run_after=2026-03-02 00:00:00+00:00
[2026-03-02T13:55:24.234+0000] {processor.py:183} INFO - Processing /home/airflow/.local/lib/python3.12/site-packages/airflow/example_dags/tutorial.py took 0.161 seconds
[2026-03-02T13:55:54.524+0000] {processor.py:161} INFO - Started process (PID=2262) to work on /home/airflow/.local/lib/python3.12/site-packages/airflow/example_dags/tutorial.py
[2026-03-02T13:55:54.526+0000] {processor.py:830} INFO - Processing file /home/airflow/.local/lib/python3.12/site-packages/airflow/example_dags/tutorial.py for tasks to queue
[2026-03-02T13:55:54.527+0000] {logging_mixin.py:188} INFO - [2026-03-02T13:55:54.527+0000] {dagbag.py:540} INFO - Filling up the DagBag from /home/airflow/.local/lib/python3.12/site-packages/airflow/example_dags/tutorial.py
[2026-03-02T13:55:54.531+0000] {processor.py:840} INFO - DAG(s) 'tutorial' retrieved from /home/airflow/.local/lib/python3.12/site-packages/airflow/example_dags/tutorial.py
[2026-03-02T13:55:54.541+0000] {logging_mixin.py:188} INFO - [2026-03-02T13:55:54.541+0000] {dag.py:3096} INFO - Sync 1 DAGs
[2026-03-02T13:55:54.553+0000] {logging_mixin.py:188} INFO - [2026-03-02T13:55:54.553+0000] {dag.py:3954} INFO - Setting next_dagrun for tutorial to 2026-03-01 00:00:00+00:00, run_after=2026-03-02 00:00:00+00:00
[2026-03-02T13:55:54.562+0000] {processor.py:183} INFO - Processing /home/airflow/.local/lib/python3.12/site-packages/airflow/example_dags/tutorial.py took 0.041 seconds
