[2026-03-02T13:36:38.042+0000] {processor.py:161} INFO - Started process (PID=100) to work on /home/airflow/.local/lib/python3.12/site-packages/airflow/example_dags/tutorial_dag.py
[2026-03-02T13:36:38.044+0000] {processor.py:830} INFO - Processing file /home/airflow/.local/lib/python3.12/site-packages/airflow/example_dags/tutorial_dag.py for tasks to queue
[2026-03-02T13:36:38.048+0000] {logging_mixin.py:188} INFO - [2026-03-02T13:36:38.048+0000] {dagbag.py:540} INFO - Filling up the DagBag from /home/airflow/.local/lib/python3.12/site-packages/airflow/example_dags/tutorial_dag.py
[2026-03-02T13:36:38.053+0000] {processor.py:840} INFO - DAG(s) 'tutorial_dag' retrieved from /home/airflow/.local/lib/python3.12/site-packages/airflow/example_dags/tutorial_dag.py
[2026-03-02T13:36:38.154+0000] {logging_mixin.py:188} INFO - [2026-03-02T13:36:38.153+0000] {dag.py:3096} INFO - Sync 1 DAGs
[2026-03-02T13:36:38.162+0000] {logging_mixin.py:188} INFO - [2026-03-02T13:36:38.162+0000] {dag.py:3954} INFO - Setting next_dagrun for tutorial_dag to None, run_after=None
[2026-03-02T13:36:38.188+0000] {processor.py:183} INFO - Processing /home/airflow/.local/lib/python3.12/site-packages/airflow/example_dags/tutorial_dag.py took 0.150 seconds
[2026-03-02T13:37:08.294+0000] {processor.py:161} INFO - Started process (PID=158) to work on /home/airflow/.local/lib/python3.12/site-packages/airflow/example_dags/tutorial_dag.py
[2026-03-02T13:37:08.294+0000] {processor.py:830} INFO - Processing file /home/airflow/.local/lib/python3.12/site-packages/airflow/example_dags/tutorial_dag.py for tasks to queue
[2026-03-02T13:37:08.297+0000] {logging_mixin.py:188} INFO - [2026-03-02T13:37:08.297+0000] {dagbag.py:540} INFO - Filling up the DagBag from /home/airflow/.local/lib/python3.12/site-packages/airflow/example_dags/tutorial_dag.py
[2026-03-02T13:37:08.300+0000] {processor.py:840} INFO - DAG(s) 'tutorial_dag' retrieved from /home/airflow/.local/lib/python3.12/site-packages/airflow/example_dags/tutorial_dag.py
[2026-03-02T13:37:08.309+0000] {logging_mixin.py:188} INFO - [2026-03-02T13:37:08.309+0000] {dag.py:3096} INFO - Sync 1 DAGs
[2026-03-02T13:37:08.314+0000] {logging_mixin.py:188} INFO - [2026-03-02T13:37:08.314+0000] {dag.py:3954} INFO - Setting next_dagrun for tutorial_dag to None, run_after=None
[2026-03-02T13:37:08.321+0000] {processor.py:183} INFO - Processing /home/airflow/.local/lib/python3.12/site-packages/airflow/example_dags/tutorial_dag.py took 0.030 seconds
[2026-03-02T13:37:41.353+0000] {processor.py:161} INFO - Started process (PID=216) to work on /home/airflow/.local/lib/python3.12/site-packages/airflow/example_dags/tutorial_dag.py
[2026-03-02T13:37:41.353+0000] {processor.py:830} INFO - Processing file /home/airflow/.local/lib/python3.12/site-packages/airflow/example_dags/tutorial_dag.py for tasks to queue
[2026-03-02T13:37:41.355+0000] {logging_mixin.py:188} INFO - [2026-03-02T13:37:41.354+0000] {dagbag.py:540} INFO - Filling up the DagBag from /home/airflow/.local/lib/python3.12/site-packages/airflow/example_dags/tutorial_dag.py
[2026-03-02T13:37:41.360+0000] {processor.py:840} INFO - DAG(s) 'tutorial_dag' retrieved from /home/airflow/.local/lib/python3.12/site-packages/airflow/example_dags/tutorial_dag.py
[2026-03-02T13:37:41.375+0000] {logging_mixin.py:188} INFO - [2026-03-02T13:37:41.375+0000] {dag.py:3096} INFO - Sync 1 DAGs
[2026-03-02T13:37:41.383+0000] {logging_mixin.py:188} INFO - [2026-03-02T13:37:41.383+0000] {dag.py:3954} INFO - Setting next_dagrun for tutorial_dag to None, run_after=None
[2026-03-02T13:37:41.399+0000] {processor.py:183} INFO - Processing /home/airflow/.local/lib/python3.12/site-packages/airflow/example_dags/tutorial_dag.py took 0.050 seconds
[2026-03-02T13:38:11.458+0000] {processor.py:161} INFO - Started process (PID=274) to work on /home/airflow/.local/lib/python3.12/site-packages/airflow/example_dags/tutorial_dag.py
[2026-03-02T13:38:11.458+0000] {processor.py:830} INFO - Processing file /home/airflow/.local/lib/python3.12/site-packages/airflow/example_dags/tutorial_dag.py for tasks to queue
[2026-03-02T13:38:11.459+0000] {logging_mixin.py:188} INFO - [2026-03-02T13:38:11.459+0000] {dagbag.py:540} INFO - Filling up the DagBag from /home/airflow/.local/lib/python3.12/site-packages/airflow/example_dags/tutorial_dag.py
[2026-03-02T13:38:11.462+0000] {processor.py:840} INFO - DAG(s) 'tutorial_dag' retrieved from /home/airflow/.local/lib/python3.12/site-packages/airflow/example_dags/tutorial_dag.py
[2026-03-02T13:38:11.476+0000] {logging_mixin.py:188} INFO - [2026-03-02T13:38:11.476+0000] {dag.py:3096} INFO - Sync 1 DAGs
[2026-03-02T13:38:11.483+0000] {logging_mixin.py:188} INFO - [2026-03-02T13:38:11.483+0000] {dag.py:3954} INFO - Setting next_dagrun for tutorial_dag to None, run_after=None
[2026-03-02T13:38:11.491+0000] {processor.py:183} INFO - Processing /home/airflow/.local/lib/python3.12/site-packages/airflow/example_dags/tutorial_dag.py took 0.037 seconds
[2026-03-02T13:38:42.206+0000] {processor.py:161} INFO - Started process (PID=332) to work on /home/airflow/.local/lib/python3.12/site-packages/airflow/example_dags/tutorial_dag.py
[2026-03-02T13:38:42.207+0000] {processor.py:830} INFO - Processing file /home/airflow/.local/lib/python3.12/site-packages/airflow/example_dags/tutorial_dag.py for tasks to queue
[2026-03-02T13:38:42.207+0000] {logging_mixin.py:188} INFO - [2026-03-02T13:38:42.207+0000] {dagbag.py:540} INFO - Filling up the DagBag from /home/airflow/.local/lib/python3.12/site-packages/airflow/example_dags/tutorial_dag.py
[2026-03-02T13:38:42.209+0000] {processor.py:840} INFO - DAG(s) 'tutorial_dag' retrieved from /home/airflow/.local/lib/python3.12/site-packages/airflow/example_dags/tutorial_dag.py
[2026-03-02T13:38:42.217+0000] {logging_mixin.py:188} INFO - [2026-03-02T13:38:42.217+0000] {dag.py:3096} INFO - Sync 1 DAGs
[2026-03-02T13:38:42.222+0000] {logging_mixin.py:188} INFO - [2026-03-02T13:38:42.222+0000] {dag.py:3954} INFO - Setting next_dagrun for tutorial_dag to None, run_after=None
[2026-03-02T13:38:42.230+0000] {processor.py:183} INFO - Processing /home/airflow/.local/lib/python3.12/site-packages/airflow/example_dags/tutorial_dag.py took 0.026 seconds
[2026-03-02T13:39:12.654+0000] {processor.py:161} INFO - Started process (PID=390) to work on /home/airflow/.local/lib/python3.12/site-packages/airflow/example_dags/tutorial_dag.py
[2026-03-02T13:39:12.655+0000] {processor.py:830} INFO - Processing file /home/airflow/.local/lib/python3.12/site-packages/airflow/example_dags/tutorial_dag.py for tasks to queue
[2026-03-02T13:39:12.656+0000] {logging_mixin.py:188} INFO - [2026-03-02T13:39:12.655+0000] {dagbag.py:540} INFO - Filling up the DagBag from /home/airflow/.local/lib/python3.12/site-packages/airflow/example_dags/tutorial_dag.py
[2026-03-02T13:39:12.658+0000] {processor.py:840} INFO - DAG(s) 'tutorial_dag' retrieved from /home/airflow/.local/lib/python3.12/site-packages/airflow/example_dags/tutorial_dag.py
[2026-03-02T13:39:12.668+0000] {logging_mixin.py:188} INFO - [2026-03-02T13:39:12.668+0000] {dag.py:3096} INFO - Sync 1 DAGs
[2026-03-02T13:39:12.673+0000] {logging_mixin.py:188} INFO - [2026-03-02T13:39:12.673+0000] {dag.py:3954} INFO - Setting next_dagrun for tutorial_dag to None, run_after=None
[2026-03-02T13:39:12.681+0000] {processor.py:183} INFO - Processing /home/airflow/.local/lib/python3.12/site-packages/airflow/example_dags/tutorial_dag.py took 0.029 seconds
[2026-03-02T13:39:43.127+0000] {processor.py:161} INFO - Started process (PID=448) to work on /home/airflow/.local/lib/python3.12/site-packages/airflow/example_dags/tutorial_dag.py
[2026-03-02T13:39:43.127+0000] {processor.py:830} INFO - Processing file /home/airflow/.local/lib/python3.12/site-packages/airflow/example_dags/tutorial_dag.py for tasks to queue
[2026-03-02T13:39:43.131+0000] {logging_mixin.py:188} INFO - [2026-03-02T13:39:43.131+0000] {dagbag.py:540} INFO - Filling up the DagBag from /home/airflow/.local/lib/python3.12/site-packages/airflow/example_dags/tutorial_dag.py
[2026-03-02T13:39:43.134+0000] {processor.py:840} INFO - DAG(s) 'tutorial_dag' retrieved from /home/airflow/.local/lib/python3.12/site-packages/airflow/example_dags/tutorial_dag.py
[2026-03-02T13:39:43.144+0000] {logging_mixin.py:188} INFO - [2026-03-02T13:39:43.144+0000] {dag.py:3096} INFO - Sync 1 DAGs
[2026-03-02T13:39:43.151+0000] {logging_mixin.py:188} INFO - [2026-03-02T13:39:43.151+0000] {dag.py:3954} INFO - Setting next_dagrun for tutorial_dag to None, run_after=None
[2026-03-02T13:39:43.162+0000] {processor.py:183} INFO - Processing /home/airflow/.local/lib/python3.12/site-packages/airflow/example_dags/tutorial_dag.py took 0.038 seconds
[2026-03-02T13:40:13.445+0000] {processor.py:161} INFO - Started process (PID=506) to work on /home/airflow/.local/lib/python3.12/site-packages/airflow/example_dags/tutorial_dag.py
[2026-03-02T13:40:13.445+0000] {processor.py:830} INFO - Processing file /home/airflow/.local/lib/python3.12/site-packages/airflow/example_dags/tutorial_dag.py for tasks to queue
[2026-03-02T13:40:13.447+0000] {logging_mixin.py:188} INFO - [2026-03-02T13:40:13.447+0000] {dagbag.py:540} INFO - Filling up the DagBag from /home/airflow/.local/lib/python3.12/site-packages/airflow/example_dags/tutorial_dag.py
[2026-03-02T13:40:13.449+0000] {processor.py:840} INFO - DAG(s) 'tutorial_dag' retrieved from /home/airflow/.local/lib/python3.12/site-packages/airflow/example_dags/tutorial_dag.py
[2026-03-02T13:40:13.457+0000] {logging_mixin.py:188} INFO - [2026-03-02T13:40:13.457+0000] {dag.py:3096} INFO - Sync 1 DAGs
[2026-03-02T13:40:13.462+0000] {logging_mixin.py:188} INFO - [2026-03-02T13:40:13.461+0000] {dag.py:3954} INFO - Setting next_dagrun for tutorial_dag to None, run_after=None
[2026-03-02T13:40:13.471+0000] {processor.py:183} INFO - Processing /home/airflow/.local/lib/python3.12/site-packages/airflow/example_dags/tutorial_dag.py took 0.028 seconds
[2026-03-02T13:40:43.816+0000] {processor.py:161} INFO - Started process (PID=564) to work on /home/airflow/.local/lib/python3.12/site-packages/airflow/example_dags/tutorial_dag.py
[2026-03-02T13:40:43.816+0000] {processor.py:830} INFO - Processing file /home/airflow/.local/lib/python3.12/site-packages/airflow/example_dags/tutorial_dag.py for tasks to queue
[2026-03-02T13:40:43.819+0000] {logging_mixin.py:188} INFO - [2026-03-02T13:40:43.819+0000] {dagbag.py:540} INFO - Filling up the DagBag from /home/airflow/.local/lib/python3.12/site-packages/airflow/example_dags/tutorial_dag.py
[2026-03-02T13:40:43.821+0000] {processor.py:840} INFO - DAG(s) 'tutorial_dag' retrieved from /home/airflow/.local/lib/python3.12/site-packages/airflow/example_dags/tutorial_dag.py
[2026-03-02T13:40:43.829+0000] {logging_mixin.py:188} INFO - [2026-03-02T13:40:43.829+0000] {dag.py:3096} INFO - Sync 1 DAGs
[2026-03-02T13:40:43.833+0000] {logging_mixin.py:188} INFO - [2026-03-02T13:40:43.833+0000] {dag.py:3954} INFO - Setting next_dagrun for tutorial_dag to None, run_after=None
[2026-03-02T13:40:43.839+0000] {processor.py:183} INFO - Processing /home/airflow/.local/lib/python3.12/site-packages/airflow/example_dags/tutorial_dag.py took 0.026 seconds
[2026-03-02T13:41:14.312+0000] {processor.py:161} INFO - Started process (PID=622) to work on /home/airflow/.local/lib/python3.12/site-packages/airflow/example_dags/tutorial_dag.py
[2026-03-02T13:41:14.316+0000] {processor.py:830} INFO - Processing file /home/airflow/.local/lib/python3.12/site-packages/airflow/example_dags/tutorial_dag.py for tasks to queue
[2026-03-02T13:41:14.317+0000] {logging_mixin.py:188} INFO - [2026-03-02T13:41:14.316+0000] {dagbag.py:540} INFO - Filling up the DagBag from /home/airflow/.local/lib/python3.12/site-packages/airflow/example_dags/tutorial_dag.py
[2026-03-02T13:41:14.319+0000] {processor.py:840} INFO - DAG(s) 'tutorial_dag' retrieved from /home/airflow/.local/lib/python3.12/site-packages/airflow/example_dags/tutorial_dag.py
[2026-03-02T13:41:14.327+0000] {logging_mixin.py:188} INFO - [2026-03-02T13:41:14.327+0000] {dag.py:3096} INFO - Sync 1 DAGs
[2026-03-02T13:41:14.333+0000] {logging_mixin.py:188} INFO - [2026-03-02T13:41:14.333+0000] {dag.py:3954} INFO - Setting next_dagrun for tutorial_dag to None, run_after=None
[2026-03-02T13:41:14.340+0000] {processor.py:183} INFO - Processing /home/airflow/.local/lib/python3.12/site-packages/airflow/example_dags/tutorial_dag.py took 0.031 seconds
[2026-03-02T13:41:44.676+0000] {processor.py:161} INFO - Started process (PID=680) to work on /home/airflow/.local/lib/python3.12/site-packages/airflow/example_dags/tutorial_dag.py
[2026-03-02T13:41:44.676+0000] {processor.py:830} INFO - Processing file /home/airflow/.local/lib/python3.12/site-packages/airflow/example_dags/tutorial_dag.py for tasks to queue
[2026-03-02T13:41:44.677+0000] {logging_mixin.py:188} INFO - [2026-03-02T13:41:44.677+0000] {dagbag.py:540} INFO - Filling up the DagBag from /home/airflow/.local/lib/python3.12/site-packages/airflow/example_dags/tutorial_dag.py
[2026-03-02T13:41:44.680+0000] {processor.py:840} INFO - DAG(s) 'tutorial_dag' retrieved from /home/airflow/.local/lib/python3.12/site-packages/airflow/example_dags/tutorial_dag.py
[2026-03-02T13:41:44.690+0000] {logging_mixin.py:188} INFO - [2026-03-02T13:41:44.690+0000] {dag.py:3096} INFO - Sync 1 DAGs
[2026-03-02T13:41:44.695+0000] {logging_mixin.py:188} INFO - [2026-03-02T13:41:44.695+0000] {dag.py:3954} INFO - Setting next_dagrun for tutorial_dag to None, run_after=None
[2026-03-02T13:41:44.702+0000] {processor.py:183} INFO - Processing /home/airflow/.local/lib/python3.12/site-packages/airflow/example_dags/tutorial_dag.py took 0.029 seconds
[2026-03-02T13:42:15.045+0000] {processor.py:161} INFO - Started process (PID=738) to work on /home/airflow/.local/lib/python3.12/site-packages/airflow/example_dags/tutorial_dag.py
[2026-03-02T13:42:15.046+0000] {processor.py:830} INFO - Processing file /home/airflow/.local/lib/python3.12/site-packages/airflow/example_dags/tutorial_dag.py for tasks to queue
[2026-03-02T13:42:15.047+0000] {logging_mixin.py:188} INFO - [2026-03-02T13:42:15.047+0000] {dagbag.py:540} INFO - Filling up the DagBag from /home/airflow/.local/lib/python3.12/site-packages/airflow/example_dags/tutorial_dag.py
[2026-03-02T13:42:15.049+0000] {processor.py:840} INFO - DAG(s) 'tutorial_dag' retrieved from /home/airflow/.local/lib/python3.12/site-packages/airflow/example_dags/tutorial_dag.py
[2026-03-02T13:42:15.057+0000] {logging_mixin.py:188} INFO - [2026-03-02T13:42:15.057+0000] {dag.py:3096} INFO - Sync 1 DAGs
[2026-03-02T13:42:15.062+0000] {logging_mixin.py:188} INFO - [2026-03-02T13:42:15.062+0000] {dag.py:3954} INFO - Setting next_dagrun for tutorial_dag to None, run_after=None
[2026-03-02T13:42:15.072+0000] {processor.py:183} INFO - Processing /home/airflow/.local/lib/python3.12/site-packages/airflow/example_dags/tutorial_dag.py took 0.030 seconds
[2026-03-02T13:42:45.569+0000] {processor.py:161} INFO - Started process (PID=796) to work on /home/airflow/.local/lib/python3.12/site-packages/airflow/example_dags/tutorial_dag.py
[2026-03-02T13:42:45.570+0000] {processor.py:830} INFO - Processing file /home/airflow/.local/lib/python3.12/site-packages/airflow/example_dags/tutorial_dag.py for tasks to queue
[2026-03-02T13:42:45.570+0000] {logging_mixin.py:188} INFO - [2026-03-02T13:42:45.570+0000] {dagbag.py:540} INFO - Filling up the DagBag from /home/airflow/.local/lib/python3.12/site-packages/airflow/example_dags/tutorial_dag.py
[2026-03-02T13:42:45.572+0000] {processor.py:840} INFO - DAG(s) 'tutorial_dag' retrieved from /home/airflow/.local/lib/python3.12/site-packages/airflow/example_dags/tutorial_dag.py
[2026-03-02T13:42:45.581+0000] {logging_mixin.py:188} INFO - [2026-03-02T13:42:45.581+0000] {dag.py:3096} INFO - Sync 1 DAGs
[2026-03-02T13:42:45.586+0000] {logging_mixin.py:188} INFO - [2026-03-02T13:42:45.586+0000] {dag.py:3954} INFO - Setting next_dagrun for tutorial_dag to None, run_after=None
[2026-03-02T13:42:45.593+0000] {processor.py:183} INFO - Processing /home/airflow/.local/lib/python3.12/site-packages/airflow/example_dags/tutorial_dag.py took 0.027 seconds
[2026-03-02T13:43:16.402+0000] {processor.py:161} INFO - Started process (PID=854) to work on /home/airflow/.local/lib/python3.12/site-packages/airflow/example_dags/tutorial_dag.py
[2026-03-02T13:43:16.402+0000] {processor.py:830} INFO - Processing file /home/airflow/.local/lib/python3.12/site-packages/airflow/example_dags/tutorial_dag.py for tasks to queue
[2026-03-02T13:43:16.406+0000] {logging_mixin.py:188} INFO - [2026-03-02T13:43:16.406+0000] {dagbag.py:540} INFO - Filling up the DagBag from /home/airflow/.local/lib/python3.12/site-packages/airflow/example_dags/tutorial_dag.py
[2026-03-02T13:43:16.408+0000] {processor.py:840} INFO - DAG(s) 'tutorial_dag' retrieved from /home/airflow/.local/lib/python3.12/site-packages/airflow/example_dags/tutorial_dag.py
[2026-03-02T13:43:16.416+0000] {logging_mixin.py:188} INFO - [2026-03-02T13:43:16.416+0000] {dag.py:3096} INFO - Sync 1 DAGs
[2026-03-02T13:43:16.420+0000] {logging_mixin.py:188} INFO - [2026-03-02T13:43:16.420+0000] {dag.py:3954} INFO - Setting next_dagrun for tutorial_dag to None, run_after=None
[2026-03-02T13:43:16.429+0000] {processor.py:183} INFO - Processing /home/airflow/.local/lib/python3.12/site-packages/airflow/example_dags/tutorial_dag.py took 0.029 seconds
[2026-03-02T13:43:47.988+0000] {processor.py:161} INFO - Started process (PID=912) to work on /home/airflow/.local/lib/python3.12/site-packages/airflow/example_dags/tutorial_dag.py
[2026-03-02T13:43:47.989+0000] {processor.py:830} INFO - Processing file /home/airflow/.local/lib/python3.12/site-packages/airflow/example_dags/tutorial_dag.py for tasks to queue
[2026-03-02T13:43:47.990+0000] {logging_mixin.py:188} INFO - [2026-03-02T13:43:47.990+0000] {dagbag.py:540} INFO - Filling up the DagBag from /home/airflow/.local/lib/python3.12/site-packages/airflow/example_dags/tutorial_dag.py
[2026-03-02T13:43:47.996+0000] {processor.py:840} INFO - DAG(s) 'tutorial_dag' retrieved from /home/airflow/.local/lib/python3.12/site-packages/airflow/example_dags/tutorial_dag.py
[2026-03-02T13:43:48.018+0000] {logging_mixin.py:188} INFO - [2026-03-02T13:43:48.018+0000] {dag.py:3096} INFO - Sync 1 DAGs
[2026-03-02T13:43:48.031+0000] {logging_mixin.py:188} INFO - [2026-03-02T13:43:48.031+0000] {dag.py:3954} INFO - Setting next_dagrun for tutorial_dag to None, run_after=None
[2026-03-02T13:43:48.058+0000] {processor.py:183} INFO - Processing /home/airflow/.local/lib/python3.12/site-packages/airflow/example_dags/tutorial_dag.py took 0.073 seconds
[2026-03-02T13:44:18.755+0000] {processor.py:161} INFO - Started process (PID=970) to work on /home/airflow/.local/lib/python3.12/site-packages/airflow/example_dags/tutorial_dag.py
[2026-03-02T13:44:18.755+0000] {processor.py:830} INFO - Processing file /home/airflow/.local/lib/python3.12/site-packages/airflow/example_dags/tutorial_dag.py for tasks to queue
[2026-03-02T13:44:18.756+0000] {logging_mixin.py:188} INFO - [2026-03-02T13:44:18.756+0000] {dagbag.py:540} INFO - Filling up the DagBag from /home/airflow/.local/lib/python3.12/site-packages/airflow/example_dags/tutorial_dag.py
[2026-03-02T13:44:18.758+0000] {processor.py:840} INFO - DAG(s) 'tutorial_dag' retrieved from /home/airflow/.local/lib/python3.12/site-packages/airflow/example_dags/tutorial_dag.py
[2026-03-02T13:44:18.768+0000] {logging_mixin.py:188} INFO - [2026-03-02T13:44:18.768+0000] {dag.py:3096} INFO - Sync 1 DAGs
[2026-03-02T13:44:18.774+0000] {logging_mixin.py:188} INFO - [2026-03-02T13:44:18.774+0000] {dag.py:3954} INFO - Setting next_dagrun for tutorial_dag to None, run_after=None
[2026-03-02T13:44:18.781+0000] {processor.py:183} INFO - Processing /home/airflow/.local/lib/python3.12/site-packages/airflow/example_dags/tutorial_dag.py took 0.030 seconds
[2026-03-02T13:44:49.623+0000] {processor.py:161} INFO - Started process (PID=1027) to work on /home/airflow/.local/lib/python3.12/site-packages/airflow/example_dags/tutorial_dag.py
[2026-03-02T13:44:49.623+0000] {processor.py:830} INFO - Processing file /home/airflow/.local/lib/python3.12/site-packages/airflow/example_dags/tutorial_dag.py for tasks to queue
[2026-03-02T13:44:49.624+0000] {logging_mixin.py:188} INFO - [2026-03-02T13:44:49.624+0000] {dagbag.py:540} INFO - Filling up the DagBag from /home/airflow/.local/lib/python3.12/site-packages/airflow/example_dags/tutorial_dag.py
[2026-03-02T13:44:49.626+0000] {processor.py:840} INFO - DAG(s) 'tutorial_dag' retrieved from /home/airflow/.local/lib/python3.12/site-packages/airflow/example_dags/tutorial_dag.py
[2026-03-02T13:44:49.636+0000] {logging_mixin.py:188} INFO - [2026-03-02T13:44:49.636+0000] {dag.py:3096} INFO - Sync 1 DAGs
[2026-03-02T13:44:49.644+0000] {logging_mixin.py:188} INFO - [2026-03-02T13:44:49.644+0000] {dag.py:3954} INFO - Setting next_dagrun for tutorial_dag to None, run_after=None
[2026-03-02T13:44:49.735+0000] {processor.py:183} INFO - Processing /home/airflow/.local/lib/python3.12/site-packages/airflow/example_dags/tutorial_dag.py took 0.115 seconds
[2026-03-02T13:45:20.446+0000] {processor.py:161} INFO - Started process (PID=1085) to work on /home/airflow/.local/lib/python3.12/site-packages/airflow/example_dags/tutorial_dag.py
[2026-03-02T13:45:20.447+0000] {processor.py:830} INFO - Processing file /home/airflow/.local/lib/python3.12/site-packages/airflow/example_dags/tutorial_dag.py for tasks to queue
[2026-03-02T13:45:20.448+0000] {logging_mixin.py:188} INFO - [2026-03-02T13:45:20.447+0000] {dagbag.py:540} INFO - Filling up the DagBag from /home/airflow/.local/lib/python3.12/site-packages/airflow/example_dags/tutorial_dag.py
[2026-03-02T13:45:20.450+0000] {processor.py:840} INFO - DAG(s) 'tutorial_dag' retrieved from /home/airflow/.local/lib/python3.12/site-packages/airflow/example_dags/tutorial_dag.py
[2026-03-02T13:45:20.460+0000] {logging_mixin.py:188} INFO - [2026-03-02T13:45:20.459+0000] {dag.py:3096} INFO - Sync 1 DAGs
[2026-03-02T13:45:20.467+0000] {logging_mixin.py:188} INFO - [2026-03-02T13:45:20.467+0000] {dag.py:3954} INFO - Setting next_dagrun for tutorial_dag to None, run_after=None
[2026-03-02T13:45:20.475+0000] {processor.py:183} INFO - Processing /home/airflow/.local/lib/python3.12/site-packages/airflow/example_dags/tutorial_dag.py took 0.032 seconds
[2026-03-02T13:45:51.477+0000] {processor.py:161} INFO - Started process (PID=1143) to work on /home/airflow/.local/lib/python3.12/site-packages/airflow/example_dags/tutorial_dag.py
[2026-03-02T13:45:51.478+0000] {processor.py:830} INFO - Processing file /home/airflow/.local/lib/python3.12/site-packages/airflow/example_dags/tutorial_dag.py for tasks to queue
[2026-03-02T13:45:51.479+0000] {logging_mixin.py:188} INFO - [2026-03-02T13:45:51.479+0000] {dagbag.py:540} INFO - Filling up the DagBag from /home/airflow/.local/lib/python3.12/site-packages/airflow/example_dags/tutorial_dag.py
[2026-03-02T13:45:51.481+0000] {processor.py:840} INFO - DAG(s) 'tutorial_dag' retrieved from /home/airflow/.local/lib/python3.12/site-packages/airflow/example_dags/tutorial_dag.py
[2026-03-02T13:45:51.492+0000] {logging_mixin.py:188} INFO - [2026-03-02T13:45:51.492+0000] {dag.py:3096} INFO - Sync 1 DAGs
[2026-03-02T13:45:51.497+0000] {logging_mixin.py:188} INFO - [2026-03-02T13:45:51.496+0000] {dag.py:3954} INFO - Setting next_dagrun for tutorial_dag to None, run_after=None
[2026-03-02T13:45:51.503+0000] {processor.py:183} INFO - Processing /home/airflow/.local/lib/python3.12/site-packages/airflow/example_dags/tutorial_dag.py took 0.028 seconds
[2026-03-02T13:46:22.687+0000] {processor.py:161} INFO - Started process (PID=1201) to work on /home/airflow/.local/lib/python3.12/site-packages/airflow/example_dags/tutorial_dag.py
[2026-03-02T13:46:22.688+0000] {processor.py:830} INFO - Processing file /home/airflow/.local/lib/python3.12/site-packages/airflow/example_dags/tutorial_dag.py for tasks to queue
[2026-03-02T13:46:22.689+0000] {logging_mixin.py:188} INFO - [2026-03-02T13:46:22.689+0000] {dagbag.py:540} INFO - Filling up the DagBag from /home/airflow/.local/lib/python3.12/site-packages/airflow/example_dags/tutorial_dag.py
[2026-03-02T13:46:22.694+0000] {processor.py:840} INFO - DAG(s) 'tutorial_dag' retrieved from /home/airflow/.local/lib/python3.12/site-packages/airflow/example_dags/tutorial_dag.py
[2026-03-02T13:46:22.702+0000] {logging_mixin.py:188} INFO - [2026-03-02T13:46:22.701+0000] {dag.py:3096} INFO - Sync 1 DAGs
[2026-03-02T13:46:22.707+0000] {logging_mixin.py:188} INFO - [2026-03-02T13:46:22.707+0000] {dag.py:3954} INFO - Setting next_dagrun for tutorial_dag to None, run_after=None
[2026-03-02T13:46:22.716+0000] {processor.py:183} INFO - Processing /home/airflow/.local/lib/python3.12/site-packages/airflow/example_dags/tutorial_dag.py took 0.031 seconds
[2026-03-02T13:46:52.939+0000] {processor.py:161} INFO - Started process (PID=1259) to work on /home/airflow/.local/lib/python3.12/site-packages/airflow/example_dags/tutorial_dag.py
[2026-03-02T13:46:52.939+0000] {processor.py:830} INFO - Processing file /home/airflow/.local/lib/python3.12/site-packages/airflow/example_dags/tutorial_dag.py for tasks to queue
[2026-03-02T13:46:52.940+0000] {logging_mixin.py:188} INFO - [2026-03-02T13:46:52.940+0000] {dagbag.py:540} INFO - Filling up the DagBag from /home/airflow/.local/lib/python3.12/site-packages/airflow/example_dags/tutorial_dag.py
[2026-03-02T13:46:52.944+0000] {processor.py:840} INFO - DAG(s) 'tutorial_dag' retrieved from /home/airflow/.local/lib/python3.12/site-packages/airflow/example_dags/tutorial_dag.py
[2026-03-02T13:46:52.970+0000] {logging_mixin.py:188} INFO - [2026-03-02T13:46:52.969+0000] {dag.py:3096} INFO - Sync 1 DAGs
[2026-03-02T13:46:52.979+0000] {logging_mixin.py:188} INFO - [2026-03-02T13:46:52.979+0000] {dag.py:3954} INFO - Setting next_dagrun for tutorial_dag to None, run_after=None
[2026-03-02T13:46:52.993+0000] {processor.py:183} INFO - Processing /home/airflow/.local/lib/python3.12/site-packages/airflow/example_dags/tutorial_dag.py took 0.058 seconds
[2026-03-02T13:47:23.409+0000] {processor.py:161} INFO - Started process (PID=1317) to work on /home/airflow/.local/lib/python3.12/site-packages/airflow/example_dags/tutorial_dag.py
[2026-03-02T13:47:23.410+0000] {processor.py:830} INFO - Processing file /home/airflow/.local/lib/python3.12/site-packages/airflow/example_dags/tutorial_dag.py for tasks to queue
[2026-03-02T13:47:23.411+0000] {logging_mixin.py:188} INFO - [2026-03-02T13:47:23.411+0000] {dagbag.py:540} INFO - Filling up the DagBag from /home/airflow/.local/lib/python3.12/site-packages/airflow/example_dags/tutorial_dag.py
[2026-03-02T13:47:23.413+0000] {processor.py:840} INFO - DAG(s) 'tutorial_dag' retrieved from /home/airflow/.local/lib/python3.12/site-packages/airflow/example_dags/tutorial_dag.py
[2026-03-02T13:47:23.422+0000] {logging_mixin.py:188} INFO - [2026-03-02T13:47:23.422+0000] {dag.py:3096} INFO - Sync 1 DAGs
[2026-03-02T13:47:23.427+0000] {logging_mixin.py:188} INFO - [2026-03-02T13:47:23.427+0000] {dag.py:3954} INFO - Setting next_dagrun for tutorial_dag to None, run_after=None
[2026-03-02T13:47:23.435+0000] {processor.py:183} INFO - Processing /home/airflow/.local/lib/python3.12/site-packages/airflow/example_dags/tutorial_dag.py took 0.029 seconds
[2026-03-02T13:47:54.032+0000] {processor.py:161} INFO - Started process (PID=1375) to work on /home/airflow/.local/lib/python3.12/site-packages/airflow/example_dags/tutorial_dag.py
[2026-03-02T13:47:54.033+0000] {processor.py:830} INFO - Processing file /home/airflow/.local/lib/python3.12/site-packages/airflow/example_dags/tutorial_dag.py for tasks to queue
[2026-03-02T13:47:54.034+0000] {logging_mixin.py:188} INFO - [2026-03-02T13:47:54.034+0000] {dagbag.py:540} INFO - Filling up the DagBag from /home/airflow/.local/lib/python3.12/site-packages/airflow/example_dags/tutorial_dag.py
[2026-03-02T13:47:54.036+0000] {processor.py:840} INFO - DAG(s) 'tutorial_dag' retrieved from /home/airflow/.local/lib/python3.12/site-packages/airflow/example_dags/tutorial_dag.py
[2026-03-02T13:47:54.046+0000] {logging_mixin.py:188} INFO - [2026-03-02T13:47:54.046+0000] {dag.py:3096} INFO - Sync 1 DAGs
[2026-03-02T13:47:54.051+0000] {logging_mixin.py:188} INFO - [2026-03-02T13:47:54.051+0000] {dag.py:3954} INFO - Setting next_dagrun for tutorial_dag to None, run_after=None
[2026-03-02T13:47:54.062+0000] {processor.py:183} INFO - Processing /home/airflow/.local/lib/python3.12/site-packages/airflow/example_dags/tutorial_dag.py took 0.032 seconds
[2026-03-02T13:48:24.194+0000] {processor.py:161} INFO - Started process (PID=1433) to work on /home/airflow/.local/lib/python3.12/site-packages/airflow/example_dags/tutorial_dag.py
[2026-03-02T13:48:24.196+0000] {processor.py:830} INFO - Processing file /home/airflow/.local/lib/python3.12/site-packages/airflow/example_dags/tutorial_dag.py for tasks to queue
[2026-03-02T13:48:24.197+0000] {logging_mixin.py:188} INFO - [2026-03-02T13:48:24.197+0000] {dagbag.py:540} INFO - Filling up the DagBag from /home/airflow/.local/lib/python3.12/site-packages/airflow/example_dags/tutorial_dag.py
[2026-03-02T13:48:24.199+0000] {processor.py:840} INFO - DAG(s) 'tutorial_dag' retrieved from /home/airflow/.local/lib/python3.12/site-packages/airflow/example_dags/tutorial_dag.py
[2026-03-02T13:48:24.210+0000] {logging_mixin.py:188} INFO - [2026-03-02T13:48:24.210+0000] {dag.py:3096} INFO - Sync 1 DAGs
[2026-03-02T13:48:24.216+0000] {logging_mixin.py:188} INFO - [2026-03-02T13:48:24.216+0000] {dag.py:3954} INFO - Setting next_dagrun for tutorial_dag to None, run_after=None
[2026-03-02T13:48:24.235+0000] {processor.py:183} INFO - Processing /home/airflow/.local/lib/python3.12/site-packages/airflow/example_dags/tutorial_dag.py took 0.044 seconds
[2026-03-02T13:48:54.693+0000] {processor.py:161} INFO - Started process (PID=1491) to work on /home/airflow/.local/lib/python3.12/site-packages/airflow/example_dags/tutorial_dag.py
[2026-03-02T13:48:54.696+0000] {processor.py:830} INFO - Processing file /home/airflow/.local/lib/python3.12/site-packages/airflow/example_dags/tutorial_dag.py for tasks to queue
[2026-03-02T13:48:54.697+0000] {logging_mixin.py:188} INFO - [2026-03-02T13:48:54.697+0000] {dagbag.py:540} INFO - Filling up the DagBag from /home/airflow/.local/lib/python3.12/site-packages/airflow/example_dags/tutorial_dag.py
[2026-03-02T13:48:54.701+0000] {processor.py:840} INFO - DAG(s) 'tutorial_dag' retrieved from /home/airflow/.local/lib/python3.12/site-packages/airflow/example_dags/tutorial_dag.py
[2026-03-02T13:48:54.711+0000] {logging_mixin.py:188} INFO - [2026-03-02T13:48:54.711+0000] {dag.py:3096} INFO - Sync 1 DAGs
[2026-03-02T13:48:54.717+0000] {logging_mixin.py:188} INFO - [2026-03-02T13:48:54.717+0000] {dag.py:3954} INFO - Setting next_dagrun for tutorial_dag to None, run_after=None
[2026-03-02T13:48:54.728+0000] {processor.py:183} INFO - Processing /home/airflow/.local/lib/python3.12/site-packages/airflow/example_dags/tutorial_dag.py took 0.039 seconds
[2026-03-02T13:49:25.139+0000] {processor.py:161} INFO - Started process (PID=1549) to work on /home/airflow/.local/lib/python3.12/site-packages/airflow/example_dags/tutorial_dag.py
[2026-03-02T13:49:25.139+0000] {processor.py:830} INFO - Processing file /home/airflow/.local/lib/python3.12/site-packages/airflow/example_dags/tutorial_dag.py for tasks to queue
[2026-03-02T13:49:25.140+0000] {logging_mixin.py:188} INFO - [2026-03-02T13:49:25.139+0000] {dagbag.py:540} INFO - Filling up the DagBag from /home/airflow/.local/lib/python3.12/site-packages/airflow/example_dags/tutorial_dag.py
[2026-03-02T13:49:25.142+0000] {processor.py:840} INFO - DAG(s) 'tutorial_dag' retrieved from /home/airflow/.local/lib/python3.12/site-packages/airflow/example_dags/tutorial_dag.py
[2026-03-02T13:49:25.149+0000] {logging_mixin.py:188} INFO - [2026-03-02T13:49:25.149+0000] {dag.py:3096} INFO - Sync 1 DAGs
[2026-03-02T13:49:25.154+0000] {logging_mixin.py:188} INFO - [2026-03-02T13:49:25.154+0000] {dag.py:3954} INFO - Setting next_dagrun for tutorial_dag to None, run_after=None
[2026-03-02T13:49:25.160+0000] {processor.py:183} INFO - Processing /home/airflow/.local/lib/python3.12/site-packages/airflow/example_dags/tutorial_dag.py took 0.023 seconds
[2026-03-02T13:49:55.729+0000] {processor.py:161} INFO - Started process (PID=1607) to work on /home/airflow/.local/lib/python3.12/site-packages/airflow/example_dags/tutorial_dag.py
[2026-03-02T13:49:55.729+0000] {processor.py:830} INFO - Processing file /home/airflow/.local/lib/python3.12/site-packages/airflow/example_dags/tutorial_dag.py for tasks to queue
[2026-03-02T13:49:55.730+0000] {logging_mixin.py:188} INFO - [2026-03-02T13:49:55.730+0000] {dagbag.py:540} INFO - Filling up the DagBag from /home/airflow/.local/lib/python3.12/site-packages/airflow/example_dags/tutorial_dag.py
[2026-03-02T13:49:55.733+0000] {processor.py:840} INFO - DAG(s) 'tutorial_dag' retrieved from /home/airflow/.local/lib/python3.12/site-packages/airflow/example_dags/tutorial_dag.py
[2026-03-02T13:49:55.749+0000] {logging_mixin.py:188} INFO - [2026-03-02T13:49:55.749+0000] {dag.py:3096} INFO - Sync 1 DAGs
[2026-03-02T13:49:55.755+0000] {logging_mixin.py:188} INFO - [2026-03-02T13:49:55.755+0000] {dag.py:3954} INFO - Setting next_dagrun for tutorial_dag to None, run_after=None
[2026-03-02T13:49:55.771+0000] {processor.py:183} INFO - Processing /home/airflow/.local/lib/python3.12/site-packages/airflow/example_dags/tutorial_dag.py took 0.046 seconds
[2026-03-02T13:50:25.852+0000] {processor.py:161} INFO - Started process (PID=1665) to work on /home/airflow/.local/lib/python3.12/site-packages/airflow/example_dags/tutorial_dag.py
[2026-03-02T13:50:25.855+0000] {processor.py:830} INFO - Processing file /home/airflow/.local/lib/python3.12/site-packages/airflow/example_dags/tutorial_dag.py for tasks to queue
[2026-03-02T13:50:25.857+0000] {logging_mixin.py:188} INFO - [2026-03-02T13:50:25.856+0000] {dagbag.py:540} INFO - Filling up the DagBag from /home/airflow/.local/lib/python3.12/site-packages/airflow/example_dags/tutorial_dag.py
[2026-03-02T13:50:25.861+0000] {processor.py:840} INFO - DAG(s) 'tutorial_dag' retrieved from /home/airflow/.local/lib/python3.12/site-packages/airflow/example_dags/tutorial_dag.py
[2026-03-02T13:50:25.878+0000] {logging_mixin.py:188} INFO - [2026-03-02T13:50:25.878+0000] {dag.py:3096} INFO - Sync 1 DAGs
[2026-03-02T13:50:25.885+0000] {logging_mixin.py:188} INFO - [2026-03-02T13:50:25.885+0000] {dag.py:3954} INFO - Setting next_dagrun for tutorial_dag to None, run_after=None
[2026-03-02T13:50:25.900+0000] {processor.py:183} INFO - Processing /home/airflow/.local/lib/python3.12/site-packages/airflow/example_dags/tutorial_dag.py took 0.052 seconds
[2026-03-02T13:50:56.823+0000] {processor.py:161} INFO - Started process (PID=1723) to work on /home/airflow/.local/lib/python3.12/site-packages/airflow/example_dags/tutorial_dag.py
[2026-03-02T13:50:56.825+0000] {processor.py:830} INFO - Processing file /home/airflow/.local/lib/python3.12/site-packages/airflow/example_dags/tutorial_dag.py for tasks to queue
[2026-03-02T13:50:56.827+0000] {logging_mixin.py:188} INFO - [2026-03-02T13:50:56.827+0000] {dagbag.py:540} INFO - Filling up the DagBag from /home/airflow/.local/lib/python3.12/site-packages/airflow/example_dags/tutorial_dag.py
[2026-03-02T13:50:56.829+0000] {processor.py:840} INFO - DAG(s) 'tutorial_dag' retrieved from /home/airflow/.local/lib/python3.12/site-packages/airflow/example_dags/tutorial_dag.py
[2026-03-02T13:50:56.843+0000] {logging_mixin.py:188} INFO - [2026-03-02T13:50:56.843+0000] {dag.py:3096} INFO - Sync 1 DAGs
[2026-03-02T13:50:56.852+0000] {logging_mixin.py:188} INFO - [2026-03-02T13:50:56.852+0000] {dag.py:3954} INFO - Setting next_dagrun for tutorial_dag to None, run_after=None
[2026-03-02T13:50:56.859+0000] {processor.py:183} INFO - Processing /home/airflow/.local/lib/python3.12/site-packages/airflow/example_dags/tutorial_dag.py took 0.040 seconds
[2026-03-02T13:51:27.578+0000] {processor.py:161} INFO - Started process (PID=1781) to work on /home/airflow/.local/lib/python3.12/site-packages/airflow/example_dags/tutorial_dag.py
[2026-03-02T13:51:27.578+0000] {processor.py:830} INFO - Processing file /home/airflow/.local/lib/python3.12/site-packages/airflow/example_dags/tutorial_dag.py for tasks to queue
[2026-03-02T13:51:27.579+0000] {logging_mixin.py:188} INFO - [2026-03-02T13:51:27.579+0000] {dagbag.py:540} INFO - Filling up the DagBag from /home/airflow/.local/lib/python3.12/site-packages/airflow/example_dags/tutorial_dag.py
[2026-03-02T13:51:27.581+0000] {processor.py:840} INFO - DAG(s) 'tutorial_dag' retrieved from /home/airflow/.local/lib/python3.12/site-packages/airflow/example_dags/tutorial_dag.py
[2026-03-02T13:51:27.593+0000] {logging_mixin.py:188} INFO - [2026-03-02T13:51:27.593+0000] {dag.py:3096} INFO - Sync 1 DAGs
[2026-03-02T13:51:27.598+0000] {logging_mixin.py:188} INFO - [2026-03-02T13:51:27.598+0000] {dag.py:3954} INFO - Setting next_dagrun for tutorial_dag to None, run_after=None
[2026-03-02T13:51:27.609+0000] {processor.py:183} INFO - Processing /home/airflow/.local/lib/python3.12/site-packages/airflow/example_dags/tutorial_dag.py took 0.034 seconds
[2026-03-02T13:51:58.313+0000] {processor.py:161} INFO - Started process (PID=1839) to work on /home/airflow/.local/lib/python3.12/site-packages/airflow/example_dags/tutorial_dag.py
[2026-03-02T13:51:58.314+0000] {processor.py:830} INFO - Processing file /home/airflow/.local/lib/python3.12/site-packages/airflow/example_dags/tutorial_dag.py for tasks to queue
[2026-03-02T13:51:58.315+0000] {logging_mixin.py:188} INFO - [2026-03-02T13:51:58.314+0000] {dagbag.py:540} INFO - Filling up the DagBag from /home/airflow/.local/lib/python3.12/site-packages/airflow/example_dags/tutorial_dag.py
[2026-03-02T13:51:58.317+0000] {processor.py:840} INFO - DAG(s) 'tutorial_dag' retrieved from /home/airflow/.local/lib/python3.12/site-packages/airflow/example_dags/tutorial_dag.py
[2026-03-02T13:51:58.326+0000] {logging_mixin.py:188} INFO - [2026-03-02T13:51:58.326+0000] {dag.py:3096} INFO - Sync 1 DAGs
[2026-03-02T13:51:58.332+0000] {logging_mixin.py:188} INFO - [2026-03-02T13:51:58.331+0000] {dag.py:3954} INFO - Setting next_dagrun for tutorial_dag to None, run_after=None
[2026-03-02T13:51:58.339+0000] {processor.py:183} INFO - Processing /home/airflow/.local/lib/python3.12/site-packages/airflow/example_dags/tutorial_dag.py took 0.029 seconds
[2026-03-02T13:52:28.930+0000] {processor.py:161} INFO - Started process (PID=1897) to work on /home/airflow/.local/lib/python3.12/site-packages/airflow/example_dags/tutorial_dag.py
[2026-03-02T13:52:28.930+0000] {processor.py:830} INFO - Processing file /home/airflow/.local/lib/python3.12/site-packages/airflow/example_dags/tutorial_dag.py for tasks to queue
[2026-03-02T13:52:28.932+0000] {logging_mixin.py:188} INFO - [2026-03-02T13:52:28.932+0000] {dagbag.py:540} INFO - Filling up the DagBag from /home/airflow/.local/lib/python3.12/site-packages/airflow/example_dags/tutorial_dag.py
[2026-03-02T13:52:28.936+0000] {processor.py:840} INFO - DAG(s) 'tutorial_dag' retrieved from /home/airflow/.local/lib/python3.12/site-packages/airflow/example_dags/tutorial_dag.py
[2026-03-02T13:52:28.948+0000] {logging_mixin.py:188} INFO - [2026-03-02T13:52:28.948+0000] {dag.py:3096} INFO - Sync 1 DAGs
[2026-03-02T13:52:28.953+0000] {logging_mixin.py:188} INFO - [2026-03-02T13:52:28.953+0000] {dag.py:3954} INFO - Setting next_dagrun for tutorial_dag to None, run_after=None
[2026-03-02T13:52:28.963+0000] {processor.py:183} INFO - Processing /home/airflow/.local/lib/python3.12/site-packages/airflow/example_dags/tutorial_dag.py took 0.035 seconds
[2026-03-02T13:52:59.831+0000] {processor.py:161} INFO - Started process (PID=1955) to work on /home/airflow/.local/lib/python3.12/site-packages/airflow/example_dags/tutorial_dag.py
[2026-03-02T13:52:59.831+0000] {processor.py:830} INFO - Processing file /home/airflow/.local/lib/python3.12/site-packages/airflow/example_dags/tutorial_dag.py for tasks to queue
[2026-03-02T13:52:59.832+0000] {logging_mixin.py:188} INFO - [2026-03-02T13:52:59.832+0000] {dagbag.py:540} INFO - Filling up the DagBag from /home/airflow/.local/lib/python3.12/site-packages/airflow/example_dags/tutorial_dag.py
[2026-03-02T13:52:59.835+0000] {processor.py:840} INFO - DAG(s) 'tutorial_dag' retrieved from /home/airflow/.local/lib/python3.12/site-packages/airflow/example_dags/tutorial_dag.py
[2026-03-02T13:52:59.842+0000] {logging_mixin.py:188} INFO - [2026-03-02T13:52:59.842+0000] {dag.py:3096} INFO - Sync 1 DAGs
[2026-03-02T13:52:59.848+0000] {logging_mixin.py:188} INFO - [2026-03-02T13:52:59.847+0000] {dag.py:3954} INFO - Setting next_dagrun for tutorial_dag to None, run_after=None
[2026-03-02T13:52:59.854+0000] {processor.py:183} INFO - Processing /home/airflow/.local/lib/python3.12/site-packages/airflow/example_dags/tutorial_dag.py took 0.026 seconds
[2026-03-02T13:53:31.017+0000] {processor.py:161} INFO - Started process (PID=2013) to work on /home/airflow/.local/lib/python3.12/site-packages/airflow/example_dags/tutorial_dag.py
[2026-03-02T13:53:31.020+0000] {processor.py:830} INFO - Processing file /home/airflow/.local/lib/python3.12/site-packages/airflow/example_dags/tutorial_dag.py for tasks to queue
[2026-03-02T13:53:31.021+0000] {logging_mixin.py:188} INFO - [2026-03-02T13:53:31.021+0000] {dagbag.py:540} INFO - Filling up the DagBag from /home/airflow/.local/lib/python3.12/site-packages/airflow/example_dags/tutorial_dag.py
[2026-03-02T13:53:31.026+0000] {processor.py:840} INFO - DAG(s) 'tutorial_dag' retrieved from /home/airflow/.local/lib/python3.12/site-packages/airflow/example_dags/tutorial_dag.py
[2026-03-02T13:53:31.036+0000] {logging_mixin.py:188} INFO - [2026-03-02T13:53:31.036+0000] {dag.py:3096} INFO - Sync 1 DAGs
[2026-03-02T13:53:31.041+0000] {logging_mixin.py:188} INFO - [2026-03-02T13:53:31.041+0000] {dag.py:3954} INFO - Setting next_dagrun for tutorial_dag to None, run_after=None
[2026-03-02T13:53:31.047+0000] {processor.py:183} INFO - Processing /home/airflow/.local/lib/python3.12/site-packages/airflow/example_dags/tutorial_dag.py took 0.034 seconds
[2026-03-02T13:54:01.833+0000] {processor.py:161} INFO - Started process (PID=2071) to work on /home/airflow/.local/lib/python3.12/site-packages/airflow/example_dags/tutorial_dag.py
[2026-03-02T13:54:01.835+0000] {processor.py:830} INFO - Processing file /home/airflow/.local/lib/python3.12/site-packages/airflow/example_dags/tutorial_dag.py for tasks to queue
[2026-03-02T13:54:01.836+0000] {logging_mixin.py:188} INFO - [2026-03-02T13:54:01.836+0000] {dagbag.py:540} INFO - Filling up the DagBag from /home/airflow/.local/lib/python3.12/site-packages/airflow/example_dags/tutorial_dag.py
[2026-03-02T13:54:01.838+0000] {processor.py:840} INFO - DAG(s) 'tutorial_dag' retrieved from /home/airflow/.local/lib/python3.12/site-packages/airflow/example_dags/tutorial_dag.py
[2026-03-02T13:54:01.847+0000] {logging_mixin.py:188} INFO - [2026-03-02T13:54:01.847+0000] {dag.py:3096} INFO - Sync 1 DAGs
[2026-03-02T13:54:01.852+0000] {logging_mixin.py:188} INFO - [2026-03-02T13:54:01.852+0000] {dag.py:3954} INFO - Setting next_dagrun for tutorial_dag to None, run_after=None
[2026-03-02T13:54:01.859+0000] {processor.py:183} INFO - Processing /home/airflow/.local/lib/python3.12/site-packages/airflow/example_dags/tutorial_dag.py took 0.029 seconds
[2026-03-02T13:54:32.598+0000] {processor.py:161} INFO - Started process (PID=2129) to work on /home/airflow/.local/lib/python3.12/site-packages/airflow/example_dags/tutorial_dag.py
[2026-03-02T13:54:32.599+0000] {processor.py:830} INFO - Processing file /home/airflow/.local/lib/python3.12/site-packages/airflow/example_dags/tutorial_dag.py for tasks to queue
[2026-03-02T13:54:32.600+0000] {logging_mixin.py:188} INFO - [2026-03-02T13:54:32.600+0000] {dagbag.py:540} INFO - Filling up the DagBag from /home/airflow/.local/lib/python3.12/site-packages/airflow/example_dags/tutorial_dag.py
[2026-03-02T13:54:32.604+0000] {processor.py:840} INFO - DAG(s) 'tutorial_dag' retrieved from /home/airflow/.local/lib/python3.12/site-packages/airflow/example_dags/tutorial_dag.py
[2026-03-02T13:54:32.613+0000] {logging_mixin.py:188} INFO - [2026-03-02T13:54:32.613+0000] {dag.py:3096} INFO - Sync 1 DAGs
[2026-03-02T13:54:32.619+0000] {logging_mixin.py:188} INFO - [2026-03-02T13:54:32.619+0000] {dag.py:3954} INFO - Setting next_dagrun for tutorial_dag to None, run_after=None
[2026-03-02T13:54:32.626+0000] {processor.py:183} INFO - Processing /home/airflow/.local/lib/python3.12/site-packages/airflow/example_dags/tutorial_dag.py took 0.033 seconds
[2026-03-02T13:55:23.219+0000] {processor.py:161} INFO - Started process (PID=2193) to work on /home/airflow/.local/lib/python3.12/site-packages/airflow/example_dags/tutorial_dag.py
[2026-03-02T13:55:23.225+0000] {processor.py:830} INFO - Processing file /home/airflow/.local/lib/python3.12/site-packages/airflow/example_dags/tutorial_dag.py for tasks to queue
[2026-03-02T13:55:23.227+0000] {logging_mixin.py:188} INFO - [2026-03-02T13:55:23.227+0000] {dagbag.py:540} INFO - Filling up the DagBag from /home/airflow/.local/lib/python3.12/site-packages/airflow/example_dags/tutorial_dag.py
[2026-03-02T13:55:23.240+0000] {processor.py:840} INFO - DAG(s) 'tutorial_dag' retrieved from /home/airflow/.local/lib/python3.12/site-packages/airflow/example_dags/tutorial_dag.py
[2026-03-02T13:55:23.281+0000] {logging_mixin.py:188} INFO - [2026-03-02T13:55:23.280+0000] {dag.py:3096} INFO - Sync 1 DAGs
[2026-03-02T13:55:23.300+0000] {logging_mixin.py:188} INFO - [2026-03-02T13:55:23.300+0000] {dag.py:3954} INFO - Setting next_dagrun for tutorial_dag to None, run_after=None
[2026-03-02T13:55:23.335+0000] {processor.py:183} INFO - Processing /home/airflow/.local/lib/python3.12/site-packages/airflow/example_dags/tutorial_dag.py took 0.122 seconds
[2026-03-02T13:55:54.368+0000] {processor.py:161} INFO - Started process (PID=2255) to work on /home/airflow/.local/lib/python3.12/site-packages/airflow/example_dags/tutorial_dag.py
[2026-03-02T13:55:54.372+0000] {processor.py:830} INFO - Processing file /home/airflow/.local/lib/python3.12/site-packages/airflow/example_dags/tutorial_dag.py for tasks to queue
[2026-03-02T13:55:54.373+0000] {logging_mixin.py:188} INFO - [2026-03-02T13:55:54.373+0000] {dagbag.py:540} INFO - Filling up the DagBag from /home/airflow/.local/lib/python3.12/site-packages/airflow/example_dags/tutorial_dag.py
[2026-03-02T13:55:54.376+0000] {processor.py:840} INFO - DAG(s) 'tutorial_dag' retrieved from /home/airflow/.local/lib/python3.12/site-packages/airflow/example_dags/tutorial_dag.py
[2026-03-02T13:55:54.384+0000] {logging_mixin.py:188} INFO - [2026-03-02T13:55:54.384+0000] {dag.py:3096} INFO - Sync 1 DAGs
[2026-03-02T13:55:54.389+0000] {logging_mixin.py:188} INFO - [2026-03-02T13:55:54.389+0000] {dag.py:3954} INFO - Setting next_dagrun for tutorial_dag to None, run_after=None
[2026-03-02T13:55:54.398+0000] {processor.py:183} INFO - Processing /home/airflow/.local/lib/python3.12/site-packages/airflow/example_dags/tutorial_dag.py took 0.033 seconds
